
-------------------------------------------------------------------
GMS: address=vagrant-58618, cluster=AV, physical address=10.0.2.15:37463
-------------------------------------------------------------------
ERROR [main] portico.lrc: federation doesn't exist: AV
org.portico.lrc.compat.JFederationExecutionDoesNotExist: federation doesn't exist: AV
	at org.portico.bindings.jgroups.Federation.sendJoinFederation(Federation.java:259)
	at org.portico.bindings.jgroups.JGroupsConnection.joinFederation(JGroupsConnection.java:251)
	at org.portico.lrc.services.federation.handlers.outgoing.JoinFederationHandler.process(JoinFederationHandler.java:105)
	at org.portico.utils.messaging.MessageSink.process(MessageSink.java:187)
	at org.portico.impl.hla13.Impl13Helper.processMessage(Impl13Helper.java:123)
	at org.portico.impl.hla13.Rti13Ambassador.processMessage(Rti13Ambassador.java:5822)
	at org.portico.impl.hla13.Rti13Ambassador.joinFederationExecution(Rti13Ambassador.java:321)
	at org.portico.impl.hla13.Rti13Ambassador.joinFederationExecution(Rti13Ambassador.java:387)
	at org.cpswt.hla.SynchronizedFederate.joinFederation(SynchronizedFederate.java:246)
	at AV.ABSBase.<init>(ABSBase.java:27)
	at AV.ABS.<init>(ABS.java:26)
	at AV.ABS.main(ABS.java:245)
02:14:06.084 [main] WARN  org.cpswt.hla.SynchronizedFederate - Federation with the name AV doesn't exist (yet). Trying to wait and join...
ERROR [main] portico.lrc: federation doesn't exist: AV
org.portico.lrc.compat.JFederationExecutionDoesNotExist: federation doesn't exist: AV
	at org.portico.bindings.jgroups.Federation.sendJoinFederation(Federation.java:259)
	at org.portico.bindings.jgroups.JGroupsConnection.joinFederation(JGroupsConnection.java:251)
	at org.portico.lrc.services.federation.handlers.outgoing.JoinFederationHandler.process(JoinFederationHandler.java:105)
	at org.portico.utils.messaging.MessageSink.process(MessageSink.java:187)
	at org.portico.impl.hla13.Impl13Helper.processMessage(Impl13Helper.java:123)
	at org.portico.impl.hla13.Rti13Ambassador.processMessage(Rti13Ambassador.java:5822)
	at org.portico.impl.hla13.Rti13Ambassador.joinFederationExecution(Rti13Ambassador.java:321)
	at org.portico.impl.hla13.Rti13Ambassador.joinFederationExecution(Rti13Ambassador.java:387)
	at org.cpswt.hla.SynchronizedFederate.joinFederation(SynchronizedFederate.java:246)
	at AV.ABSBase.<init>(ABSBase.java:27)
	at AV.ABS.<init>(ABS.java:26)
	at AV.ABS.main(ABS.java:245)
02:14:06.590 [main] WARN  org.cpswt.hla.SynchronizedFederate - Federation with the name AV doesn't exist (yet). Trying to wait and join...
ERROR [main] portico.lrc: federation doesn't exist: AV
org.portico.lrc.compat.JFederationExecutionDoesNotExist: federation doesn't exist: AV
	at org.portico.bindings.jgroups.Federation.sendJoinFederation(Federation.java:259)
	at org.portico.bindings.jgroups.JGroupsConnection.joinFederation(JGroupsConnection.java:251)
	at org.portico.lrc.services.federation.handlers.outgoing.JoinFederationHandler.process(JoinFederationHandler.java:105)
	at org.portico.utils.messaging.MessageSink.process(MessageSink.java:187)
	at org.portico.impl.hla13.Impl13Helper.processMessage(Impl13Helper.java:123)
	at org.portico.impl.hla13.Rti13Ambassador.processMessage(Rti13Ambassador.java:5822)
	at org.portico.impl.hla13.Rti13Ambassador.joinFederationExecution(Rti13Ambassador.java:321)
	at org.portico.impl.hla13.Rti13Ambassador.joinFederationExecution(Rti13Ambassador.java:387)
	at org.cpswt.hla.SynchronizedFederate.joinFederation(SynchronizedFederate.java:246)
	at AV.ABSBase.<init>(ABSBase.java:27)
	at AV.ABS.<init>(ABS.java:26)
	at AV.ABS.main(ABS.java:245)
02:14:07.094 [main] WARN  org.cpswt.hla.SynchronizedFederate - Federation with the name AV doesn't exist (yet). Trying to wait and join...
ERROR [main] portico.lrc: federation doesn't exist: AV
org.portico.lrc.compat.JFederationExecutionDoesNotExist: federation doesn't exist: AV
	at org.portico.bindings.jgroups.Federation.sendJoinFederation(Federation.java:259)
	at org.portico.bindings.jgroups.JGroupsConnection.joinFederation(JGroupsConnection.java:251)
	at org.portico.lrc.services.federation.handlers.outgoing.JoinFederationHandler.process(JoinFederationHandler.java:105)
	at org.portico.utils.messaging.MessageSink.process(MessageSink.java:187)
	at org.portico.impl.hla13.Impl13Helper.processMessage(Impl13Helper.java:123)
	at org.portico.impl.hla13.Rti13Ambassador.processMessage(Rti13Ambassador.java:5822)
	at org.portico.impl.hla13.Rti13Ambassador.joinFederationExecution(Rti13Ambassador.java:321)
	at org.portico.impl.hla13.Rti13Ambassador.joinFederationExecution(Rti13Ambassador.java:387)
	at org.cpswt.hla.SynchronizedFederate.joinFederation(SynchronizedFederate.java:246)
	at AV.ABSBase.<init>(ABSBase.java:27)
	at AV.ABS.<init>(ABS.java:26)
	at AV.ABS.main(ABS.java:245)
02:14:07.596 [main] WARN  org.cpswt.hla.SynchronizedFederate - Federation with the name AV doesn't exist (yet). Trying to wait and join...
ERROR [main] portico.lrc: federation doesn't exist: AV
org.portico.lrc.compat.JFederationExecutionDoesNotExist: federation doesn't exist: AV
	at org.portico.bindings.jgroups.Federation.sendJoinFederation(Federation.java:259)
	at org.portico.bindings.jgroups.JGroupsConnection.joinFederation(JGroupsConnection.java:251)
	at org.portico.lrc.services.federation.handlers.outgoing.JoinFederationHandler.process(JoinFederationHandler.java:105)
	at org.portico.utils.messaging.MessageSink.process(MessageSink.java:187)
	at org.portico.impl.hla13.Impl13Helper.processMessage(Impl13Helper.java:123)
	at org.portico.impl.hla13.Rti13Ambassador.processMessage(Rti13Ambassador.java:5822)
	at org.portico.impl.hla13.Rti13Ambassador.joinFederationExecution(Rti13Ambassador.java:321)
	at org.portico.impl.hla13.Rti13Ambassador.joinFederationExecution(Rti13Ambassador.java:387)
	at org.cpswt.hla.SynchronizedFederate.joinFederation(SynchronizedFederate.java:246)
	at AV.ABSBase.<init>(ABSBase.java:27)
	at AV.ABS.<init>(ABS.java:26)
	at AV.ABS.main(ABS.java:245)
02:14:08.098 [main] WARN  org.cpswt.hla.SynchronizedFederate - Federation with the name AV doesn't exist (yet). Trying to wait and join...
ERROR [main] portico.lrc: federation doesn't exist: AV
org.portico.lrc.compat.JFederationExecutionDoesNotExist: federation doesn't exist: AV
	at org.portico.bindings.jgroups.Federation.sendJoinFederation(Federation.java:259)
	at org.portico.bindings.jgroups.JGroupsConnection.joinFederation(JGroupsConnection.java:251)
	at org.portico.lrc.services.federation.handlers.outgoing.JoinFederationHandler.process(JoinFederationHandler.java:105)
	at org.portico.utils.messaging.MessageSink.process(MessageSink.java:187)
	at org.portico.impl.hla13.Impl13Helper.processMessage(Impl13Helper.java:123)
	at org.portico.impl.hla13.Rti13Ambassador.processMessage(Rti13Ambassador.java:5822)
	at org.portico.impl.hla13.Rti13Ambassador.joinFederationExecution(Rti13Ambassador.java:321)
	at org.portico.impl.hla13.Rti13Ambassador.joinFederationExecution(Rti13Ambassador.java:387)
	at org.cpswt.hla.SynchronizedFederate.joinFederation(SynchronizedFederate.java:246)
	at AV.ABSBase.<init>(ABSBase.java:27)
	at AV.ABS.<init>(ABS.java:26)
	at AV.ABS.main(ABS.java:245)
02:14:08.600 [main] WARN  org.cpswt.hla.SynchronizedFederate - Federation with the name AV doesn't exist (yet). Trying to wait and join...
ERROR [main] portico.lrc: federation doesn't exist: AV
org.portico.lrc.compat.JFederationExecutionDoesNotExist: federation doesn't exist: AV
	at org.portico.bindings.jgroups.Federation.sendJoinFederation(Federation.java:259)
	at org.portico.bindings.jgroups.JGroupsConnection.joinFederation(JGroupsConnection.java:251)
	at org.portico.lrc.services.federation.handlers.outgoing.JoinFederationHandler.process(JoinFederationHandler.java:105)
	at org.portico.utils.messaging.MessageSink.process(MessageSink.java:187)
	at org.portico.impl.hla13.Impl13Helper.processMessage(Impl13Helper.java:123)
	at org.portico.impl.hla13.Rti13Ambassador.processMessage(Rti13Ambassador.java:5822)
	at org.portico.impl.hla13.Rti13Ambassador.joinFederationExecution(Rti13Ambassador.java:321)
	at org.portico.impl.hla13.Rti13Ambassador.joinFederationExecution(Rti13Ambassador.java:387)
	at org.cpswt.hla.SynchronizedFederate.joinFederation(SynchronizedFederate.java:246)
	at AV.ABSBase.<init>(ABSBase.java:27)
	at AV.ABS.<init>(ABS.java:26)
	at AV.ABS.main(ABS.java:245)
02:14:09.103 [main] WARN  org.cpswt.hla.SynchronizedFederate - Federation with the name AV doesn't exist (yet). Trying to wait and join...
ERROR [main] portico.lrc: federation doesn't exist: AV
org.portico.lrc.compat.JFederationExecutionDoesNotExist: federation doesn't exist: AV
	at org.portico.bindings.jgroups.Federation.sendJoinFederation(Federation.java:259)
	at org.portico.bindings.jgroups.JGroupsConnection.joinFederation(JGroupsConnection.java:251)
	at org.portico.lrc.services.federation.handlers.outgoing.JoinFederationHandler.process(JoinFederationHandler.java:105)
	at org.portico.utils.messaging.MessageSink.process(MessageSink.java:187)
	at org.portico.impl.hla13.Impl13Helper.processMessage(Impl13Helper.java:123)
	at org.portico.impl.hla13.Rti13Ambassador.processMessage(Rti13Ambassador.java:5822)
	at org.portico.impl.hla13.Rti13Ambassador.joinFederationExecution(Rti13Ambassador.java:321)
	at org.portico.impl.hla13.Rti13Ambassador.joinFederationExecution(Rti13Ambassador.java:387)
	at org.cpswt.hla.SynchronizedFederate.joinFederation(SynchronizedFederate.java:246)
	at AV.ABSBase.<init>(ABSBase.java:27)
	at AV.ABS.<init>(ABS.java:26)
	at AV.ABS.main(ABS.java:245)
02:14:09.605 [main] WARN  org.cpswt.hla.SynchronizedFederate - Federation with the name AV doesn't exist (yet). Trying to wait and join...
ERROR [main] portico.lrc: federation doesn't exist: AV
org.portico.lrc.compat.JFederationExecutionDoesNotExist: federation doesn't exist: AV
	at org.portico.bindings.jgroups.Federation.sendJoinFederation(Federation.java:259)
	at org.portico.bindings.jgroups.JGroupsConnection.joinFederation(JGroupsConnection.java:251)
	at org.portico.lrc.services.federation.handlers.outgoing.JoinFederationHandler.process(JoinFederationHandler.java:105)
	at org.portico.utils.messaging.MessageSink.process(MessageSink.java:187)
	at org.portico.impl.hla13.Impl13Helper.processMessage(Impl13Helper.java:123)
	at org.portico.impl.hla13.Rti13Ambassador.processMessage(Rti13Ambassador.java:5822)
	at org.portico.impl.hla13.Rti13Ambassador.joinFederationExecution(Rti13Ambassador.java:321)
	at org.portico.impl.hla13.Rti13Ambassador.joinFederationExecution(Rti13Ambassador.java:387)
	at org.cpswt.hla.SynchronizedFederate.joinFederation(SynchronizedFederate.java:246)
	at AV.ABSBase.<init>(ABSBase.java:27)
	at AV.ABS.<init>(ABS.java:26)
	at AV.ABS.main(ABS.java:245)
02:14:10.107 [main] WARN  org.cpswt.hla.SynchronizedFederate - Federation with the name AV doesn't exist (yet). Trying to wait and join...
ERROR [main] portico.lrc: federation doesn't exist: AV
org.portico.lrc.compat.JFederationExecutionDoesNotExist: federation doesn't exist: AV
	at org.portico.bindings.jgroups.Federation.sendJoinFederation(Federation.java:259)
	at org.portico.bindings.jgroups.JGroupsConnection.joinFederation(JGroupsConnection.java:251)
	at org.portico.lrc.services.federation.handlers.outgoing.JoinFederationHandler.process(JoinFederationHandler.java:105)
	at org.portico.utils.messaging.MessageSink.process(MessageSink.java:187)
	at org.portico.impl.hla13.Impl13Helper.processMessage(Impl13Helper.java:123)
	at org.portico.impl.hla13.Rti13Ambassador.processMessage(Rti13Ambassador.java:5822)
	at org.portico.impl.hla13.Rti13Ambassador.joinFederationExecution(Rti13Ambassador.java:321)
	at org.portico.impl.hla13.Rti13Ambassador.joinFederationExecution(Rti13Ambassador.java:387)
	at org.cpswt.hla.SynchronizedFederate.joinFederation(SynchronizedFederate.java:246)
	at AV.ABSBase.<init>(ABSBase.java:27)
	at AV.ABS.<init>(ABS.java:26)
	at AV.ABS.main(ABS.java:245)
02:14:10.609 [main] ERROR org.cpswt.hla.SynchronizedFederate - Federation was not found with the name {}. Quitting...
ERROR [main] portico.lrc: 
org.portico.lrc.compat.JFederateNotExecutionMember: 
	at org.portico.lrc.LRCState.checkJoined(LRCState.java:427)
	at org.portico.lrc.services.time.handlers.outgoing.EnableTimeConstrainedHandler.process(EnableTimeConstrainedHandler.java:55)
	at org.portico.utils.messaging.MessageSink.process(MessageSink.java:187)
	at org.portico.impl.hla13.Impl13Helper.processMessage(Impl13Helper.java:123)
	at org.portico.impl.hla13.Rti13Ambassador.processMessage(Rti13Ambassador.java:5822)
	at org.portico.impl.hla13.Rti13Ambassador.enableTimeConstrained(Rti13Ambassador.java:3362)
	at org.cpswt.hla.SynchronizedFederate.enableTimeConstrained(SynchronizedFederate.java:351)
	at AV.ABSBase.<init>(ABSBase.java:29)
	at AV.ABS.<init>(ABS.java:26)
	at AV.ABS.main(ABS.java:245)
02:14:10.613 [main] ERROR AV.ABS - hla.rti.FederateNotExecutionMember: org.portico.lrc.compat.JFederateNotExecutionMember:  serial:0
