
-------------------------------------------------------------------
GMS: address=vagrant-52965, cluster=AV, physical address=10.0.2.15:41484
-------------------------------------------------------------------
02:48:04.192 [main] INFO  AV.BMS - waiting on readyToPopulate...
02:48:31.865 [main] INFO  AV.BMS - ...synchronized on readyToPopulate
02:48:31.865 [main] INFO  AV.BMS - waiting on readyToRun...
02:48:32.119 [main] INFO  AV.BMS - ...synchronized on readyToRun
02:48:32.127 [main] INFO  AV.BMS - started logical time progression
inside
02:48:32.129 [main] INFO  AV.BMS - obstacle distance 1999 currenttime 0.0
02:48:32.130 [main] INFO  AV.BMS -  OSD 00 currentime 0.0
inside
02:48:34.438 [main] INFO  AV.BMS - obstacle distance 1998 currenttime 20.0
02:48:34.438 [main] INFO  AV.BMS -  OSD 00 currentime 20.0
inside
02:48:35.925 [main] INFO  AV.BMS - obstacle distance 1997 currenttime 40.0
02:48:35.926 [main] INFO  AV.BMS -  OSD 00 currentime 40.0
inside
02:48:37.105 [main] INFO  AV.BMS - obstacle distance 1996 currenttime 60.0
02:48:37.106 [main] INFO  AV.BMS -  OSD 00 currentime 60.0
inside
02:48:38.287 [main] INFO  AV.BMS - obstacle distance 1995 currenttime 80.0
02:48:38.288 [main] INFO  AV.BMS -  OSD 00 currentime 80.0
inside
02:48:39.670 [main] INFO  AV.BMS - obstacle distance 1994 currenttime 100.0
02:48:39.673 [main] INFO  AV.BMS -  OSD 00 currentime 100.0
inside
02:48:40.776 [main] INFO  AV.BMS - obstacle distance 1993 currenttime 120.0
02:48:40.777 [main] INFO  AV.BMS -  OSD 00 currentime 120.0
inside
02:48:41.912 [main] INFO  AV.BMS - obstacle distance 1992 currenttime 140.0
02:48:41.913 [main] INFO  AV.BMS -  OSD 00 currentime 140.0
inside
02:48:43.163 [main] INFO  AV.BMS - obstacle distance 1991 currenttime 160.0
02:48:43.163 [main] INFO  AV.BMS -  OSD 00 currentime 160.0
inside
02:48:44.302 [main] INFO  AV.BMS - obstacle distance 1990 currenttime 180.0
02:48:44.303 [main] INFO  AV.BMS -  OSD 00 currentime 180.0
inside
02:48:46.164 [main] INFO  AV.BMS - obstacle distance 1989 currenttime 200.0
02:48:46.169 [main] INFO  AV.BMS -  OSD 00 currentime 200.0
inside
02:48:47.171 [main] INFO  AV.BMS - obstacle distance 1988 currenttime 220.0
02:48:47.172 [main] INFO  AV.BMS -  OSD 00 currentime 220.0
inside
02:48:48.267 [main] INFO  AV.BMS - obstacle distance 1987 currenttime 240.0
02:48:48.269 [main] INFO  AV.BMS -  OSD 00 currentime 240.0
inside
02:48:49.313 [main] INFO  AV.BMS - obstacle distance 1986 currenttime 260.0
02:48:49.314 [main] INFO  AV.BMS -  OSD 00 currentime 260.0
inside
02:48:50.376 [main] INFO  AV.BMS - obstacle distance 1985 currenttime 280.0
02:48:50.377 [main] INFO  AV.BMS -  OSD 00 currentime 280.0
inside
02:48:51.461 [main] INFO  AV.BMS - obstacle distance 1984 currenttime 300.0
02:48:51.467 [main] INFO  AV.BMS -  OSD 00 currentime 300.0
inside
02:48:52.458 [main] INFO  AV.BMS - obstacle distance 1983 currenttime 320.0
02:48:52.459 [main] INFO  AV.BMS -  OSD 00 currentime 320.0
inside
02:48:53.504 [main] INFO  AV.BMS - obstacle distance 1982 currenttime 340.0
02:48:53.505 [main] INFO  AV.BMS -  OSD 00 currentime 340.0
inside
02:48:54.651 [main] INFO  AV.BMS - obstacle distance 1981 currenttime 360.0
02:48:54.652 [main] INFO  AV.BMS -  OSD 00 currentime 360.0
inside
02:48:55.713 [main] INFO  AV.BMS - obstacle distance 1980 currenttime 380.0
02:48:55.714 [main] INFO  AV.BMS -  OSD 00 currentime 380.0
