
-------------------------------------------------------------------
GMS: address=vagrant-9827, cluster=AV, physical address=10.0.2.15:46789
-------------------------------------------------------------------
14:24:02.630 [main] INFO  AV.BMS - waiting on readyToPopulate...
14:24:30.279 [main] INFO  AV.BMS - ...synchronized on readyToPopulate
14:24:30.279 [main] INFO  AV.BMS - waiting on readyToRun...
14:24:30.537 [main] INFO  AV.BMS - ...synchronized on readyToRun
14:24:30.540 [main] INFO  AV.BMS - started logical time progression
obstacle not detected currenttime 0.0
14:24:30.542 [main] INFO  AV.BMS -  OSD 00 currentime 0.0
obstacle not detected currenttime 20.0
14:24:32.550 [main] INFO  AV.BMS -  OSD 00 currentime 20.0
obstacle not detected currenttime 40.0
14:24:33.761 [main] INFO  AV.BMS -  OSD 00 currentime 40.0
obstacle not detected currenttime 60.0
14:24:34.919 [main] INFO  AV.BMS -  OSD 00 currentime 60.0
obstacle not detected currenttime 80.0
14:24:36.030 [main] INFO  AV.BMS -  OSD 00 currentime 80.0
obstacle not detected currenttime 100.0
14:24:37.450 [main] INFO  AV.BMS -  OSD 00 currentime 100.0
obstacle not detected currenttime 120.0
14:24:38.613 [main] INFO  AV.BMS -  OSD 00 currentime 120.0
obstacle not detected currenttime 140.0
14:24:39.796 [main] INFO  AV.BMS -  OSD 00 currentime 140.0
obstacle not detected currenttime 160.0
14:24:40.933 [main] INFO  AV.BMS -  OSD 00 currentime 160.0
obstacle not detected currenttime 180.0
14:24:42.032 [main] INFO  AV.BMS -  OSD 00 currentime 180.0
obstacle not detected currenttime 200.0
14:24:43.845 [main] INFO  AV.BMS -  OSD 00 currentime 200.0
obstacle not detected currenttime 220.0
14:24:44.927 [main] INFO  AV.BMS -  OSD 00 currentime 220.0
obstacle not detected currenttime 240.0
14:24:46.035 [main] INFO  AV.BMS -  OSD 00 currentime 240.0
obstacle not detected currenttime 260.0
14:24:47.144 [main] INFO  AV.BMS -  OSD 00 currentime 260.0
obstacle not detected currenttime 280.0
14:24:48.216 [main] INFO  AV.BMS -  OSD 00 currentime 280.0
obstacle not detected currenttime 300.0
14:24:49.416 [main] INFO  AV.BMS -  OSD 00 currentime 300.0
obstacle not detected currenttime 320.0
14:24:50.669 [main] INFO  AV.BMS -  OSD 00 currentime 320.0
obstacle not detected currenttime 340.0
14:24:51.804 [main] INFO  AV.BMS -  OSD 00 currentime 340.0
obstacle not detected currenttime 360.0
14:24:52.795 [main] INFO  AV.BMS -  OSD 00 currentime 360.0
obstacle not detected currenttime 380.0
14:24:53.861 [main] INFO  AV.BMS -  OSD 00 currentime 380.0
obstacle not detected currenttime 400.0
14:24:54.914 [main] INFO  AV.BMS -  OSD 00 currentime 400.0
obstacle not detected currenttime 420.0
14:24:56.027 [main] INFO  AV.BMS -  OSD 00 currentime 420.0
obstacle not detected currenttime 440.0
14:24:57.132 [main] INFO  AV.BMS -  OSD 00 currentime 440.0
obstacle not detected currenttime 460.0
14:24:58.130 [main] INFO  AV.BMS -  OSD 00 currentime 460.0
obstacle not detected currenttime 480.0
14:24:59.176 [main] INFO  AV.BMS -  OSD 00 currentime 480.0
obstacle not detected currenttime 500.0
14:25:00.183 [main] INFO  AV.BMS -  OSD 00 currentime 500.0
obstacle not detected currenttime 520.0
14:25:01.239 [main] INFO  AV.BMS -  OSD 00 currentime 520.0
obstacle not detected currenttime 540.0
14:25:02.273 [main] INFO  AV.BMS -  OSD 00 currentime 540.0
obstacle not detected currenttime 560.0
14:25:03.356 [main] INFO  AV.BMS -  OSD 00 currentime 560.0
obstacle not detected currenttime 580.0
14:25:04.409 [main] INFO  AV.BMS -  OSD 00 currentime 580.0
obstacle not detected currenttime 600.0
14:25:05.485 [main] INFO  AV.BMS -  OSD 00 currentime 600.0
obstacle not detected currenttime 620.0
14:25:06.507 [main] INFO  AV.BMS -  OSD 00 currentime 620.0
obstacle not detected currenttime 640.0
14:25:07.582 [main] INFO  AV.BMS -  OSD 00 currentime 640.0
obstacle not detected currenttime 660.0
14:25:08.610 [main] INFO  AV.BMS -  OSD 00 currentime 660.0
obstacle not detected currenttime 680.0
14:25:09.639 [main] INFO  AV.BMS -  OSD 00 currentime 680.0
obstacle not detected currenttime 700.0
14:25:10.684 [main] INFO  AV.BMS -  OSD 00 currentime 700.0
obstacle not detected currenttime 720.0
14:25:11.729 [main] INFO  AV.BMS -  OSD 00 currentime 720.0
obstacle not detected currenttime 740.0
14:25:12.758 [main] INFO  AV.BMS -  OSD 00 currentime 740.0
obstacle not detected currenttime 760.0
14:25:13.885 [main] INFO  AV.BMS -  OSD 00 currentime 760.0
obstacle not detected currenttime 780.0
14:25:14.907 [main] INFO  AV.BMS -  OSD 00 currentime 780.0
obstacle not detected currenttime 800.0
14:25:15.955 [main] INFO  AV.BMS -  OSD 00 currentime 800.0
obstacle not detected currenttime 820.0
14:25:16.984 [main] INFO  AV.BMS -  OSD 00 currentime 820.0
obstacle not detected currenttime 840.0
14:25:18.023 [main] INFO  AV.BMS -  OSD 00 currentime 840.0
obstacle not detected currenttime 860.0
14:25:19.070 [main] INFO  AV.BMS -  OSD 00 currentime 860.0
obstacle not detected currenttime 880.0
14:25:20.019 [main] INFO  AV.BMS -  OSD 00 currentime 880.0
obstacle not detected currenttime 900.0
14:25:21.060 [main] INFO  AV.BMS -  OSD 00 currentime 900.0
obstacle not detected currenttime 920.0
14:25:22.079 [main] INFO  AV.BMS -  OSD 00 currentime 920.0
obstacle not detected currenttime 940.0
14:25:23.173 [main] INFO  AV.BMS -  OSD 00 currentime 940.0
obstacle not detected currenttime 960.0
14:25:24.187 [main] INFO  AV.BMS -  OSD 00 currentime 960.0
obstacle not detected currenttime 980.0
14:25:25.251 [main] INFO  AV.BMS -  OSD 00 currentime 980.0
obstacle not detected currenttime 1000.0
14:25:26.270 [main] INFO  AV.BMS -  OSD 00 currentime 1000.0
obstacle not detected currenttime 1020.0
14:25:27.376 [main] INFO  AV.BMS -  OSD 00 currentime 1020.0
obstacle not detected currenttime 1040.0
14:25:28.319 [main] INFO  AV.BMS -  OSD 00 currentime 1040.0
obstacle not detected currenttime 1060.0
14:25:29.337 [main] INFO  AV.BMS -  OSD 00 currentime 1060.0
obstacle not detected currenttime 1080.0
14:25:30.355 [main] INFO  AV.BMS -  OSD 00 currentime 1080.0
obstacle not detected currenttime 1100.0
14:25:31.327 [main] INFO  AV.BMS -  OSD 00 currentime 1100.0
obstacle not detected currenttime 1120.0
14:25:32.346 [main] INFO  AV.BMS -  OSD 00 currentime 1120.0
obstacle not detected currenttime 1140.0
14:25:33.391 [main] INFO  AV.BMS -  OSD 00 currentime 1140.0
obstacle not detected currenttime 1160.0
14:25:34.390 [main] INFO  AV.BMS -  OSD 00 currentime 1160.0
obstacle not detected currenttime 1180.0
14:25:35.387 [main] INFO  AV.BMS -  OSD 00 currentime 1180.0
obstacle not detected currenttime 1200.0
14:25:36.427 [main] INFO  AV.BMS -  OSD 00 currentime 1200.0
obstacle not detected currenttime 1220.0
14:25:37.412 [main] INFO  AV.BMS -  OSD 00 currentime 1220.0
obstacle not detected currenttime 1240.0
14:25:38.463 [main] INFO  AV.BMS -  OSD 00 currentime 1240.0
obstacle not detected currenttime 1260.0
14:25:39.462 [main] INFO  AV.BMS -  OSD 00 currentime 1260.0
obstacle not detected currenttime 1280.0
14:25:40.481 [main] INFO  AV.BMS -  OSD 00 currentime 1280.0
obstacle not detected currenttime 1300.0
14:25:41.457 [main] INFO  AV.BMS -  OSD 00 currentime 1300.0
obstacle not detected currenttime 1320.0
14:25:42.502 [main] INFO  AV.BMS -  OSD 00 currentime 1320.0
obstacle not detected currenttime 1340.0
14:25:43.493 [main] INFO  AV.BMS -  OSD 00 currentime 1340.0
obstacle not detected currenttime 1360.0
14:25:44.510 [main] INFO  AV.BMS -  OSD 00 currentime 1360.0
obstacle not detected currenttime 1380.0
14:25:45.515 [main] INFO  AV.BMS -  OSD 00 currentime 1380.0
obstacle not detected currenttime 1400.0
14:25:46.567 [main] INFO  AV.BMS -  OSD 00 currentime 1400.0
obstacle not detected currenttime 1420.0
14:25:47.754 [main] INFO  AV.BMS -  OSD 00 currentime 1420.0
obstacle not detected currenttime 1440.0
14:25:48.622 [main] INFO  AV.BMS -  OSD 00 currentime 1440.0
obstacle not detected currenttime 1460.0
14:25:49.630 [main] INFO  AV.BMS -  OSD 00 currentime 1460.0
obstacle not detected currenttime 1480.0
14:25:50.666 [main] INFO  AV.BMS -  OSD 00 currentime 1480.0
obstacle not detected currenttime 1500.0
14:25:51.667 [main] INFO  AV.BMS -  OSD 00 currentime 1500.0
obstacle not detected currenttime 1520.0
14:25:52.657 [main] INFO  AV.BMS -  OSD 00 currentime 1520.0
obstacle not detected currenttime 1540.0
14:25:53.660 [main] INFO  AV.BMS -  OSD 00 currentime 1540.0
obstacle not detected currenttime 1560.0
14:25:54.659 [main] INFO  AV.BMS -  OSD 00 currentime 1560.0
obstacle not detected currenttime 1580.0
14:25:55.651 [main] INFO  AV.BMS -  OSD 00 currentime 1580.0
obstacle not detected currenttime 1600.0
14:25:56.701 [main] INFO  AV.BMS -  OSD 00 currentime 1600.0
obstacle not detected currenttime 1620.0
14:25:57.677 [main] INFO  AV.BMS -  OSD 00 currentime 1620.0
obstacle not detected currenttime 1640.0
14:25:58.682 [main] INFO  AV.BMS -  OSD 00 currentime 1640.0
obstacle not detected currenttime 1660.0
14:25:59.711 [main] INFO  AV.BMS -  OSD 00 currentime 1660.0
obstacle not detected currenttime 1680.0
14:26:00.860 [main] INFO  AV.BMS -  OSD 00 currentime 1680.0
obstacle not detected currenttime 1700.0
14:26:01.843 [main] INFO  AV.BMS -  OSD 00 currentime 1700.0
obstacle not detected currenttime 1720.0
14:26:02.861 [main] INFO  AV.BMS -  OSD 00 currentime 1720.0
obstacle not detected currenttime 1740.0
14:26:03.845 [main] INFO  AV.BMS -  OSD 00 currentime 1740.0
obstacle not detected currenttime 1760.0
14:26:04.827 [main] INFO  AV.BMS -  OSD 00 currentime 1760.0
obstacle not detected currenttime 1780.0
14:26:05.835 [main] INFO  AV.BMS -  OSD 00 currentime 1780.0
obstacle not detected currenttime 1800.0
14:26:06.843 [main] INFO  AV.BMS -  OSD 00 currentime 1800.0
obstacle not detected currenttime 1820.0
14:26:07.827 [main] INFO  AV.BMS -  OSD 00 currentime 1820.0
obstacle not detected currenttime 1840.0
14:26:08.831 [main] INFO  AV.BMS -  OSD 00 currentime 1840.0
obstacle not detected currenttime 1860.0
14:26:09.818 [main] INFO  AV.BMS -  OSD 00 currentime 1860.0
obstacle not detected currenttime 1880.0
14:26:10.819 [main] INFO  AV.BMS -  OSD 00 currentime 1880.0
obstacle not detected currenttime 1900.0
14:26:11.841 [main] INFO  AV.BMS -  OSD 00 currentime 1900.0
obstacle not detected currenttime 1920.0
14:26:12.864 [main] INFO  AV.BMS -  OSD 00 currentime 1920.0
obstacle not detected currenttime 1940.0
14:26:13.990 [main] INFO  AV.BMS -  OSD 00 currentime 1940.0
obstacle not detected currenttime 1960.0
14:26:15.007 [main] INFO  AV.BMS -  OSD 00 currentime 1960.0
obstacle not detected currenttime 1980.0
14:26:16.034 [main] INFO  AV.BMS -  OSD 00 currentime 1980.0
obstacle not detected currenttime 2000.0
14:26:17.070 [main] INFO  AV.BMS -  OSD 00 currentime 2000.0
obstacle detected
14:26:18.092 [main] INFO  AV.BMS - obstacle distance true currenttime 2020.0
14:26:18.092 [main] INFO  AV.BMS -  OSD 00 currentime 2020.0
obstacle detected
14:26:19.084 [main] INFO  AV.BMS - obstacle distance true currenttime 2040.0
14:26:19.085 [main] INFO  AV.BMS -  OSD 00 currentime 2040.0
obstacle detected
14:26:20.094 [main] INFO  AV.BMS - obstacle distance true currenttime 2060.0
14:26:20.094 [main] INFO  AV.BMS -  OSD 00 currentime 2060.0
obstacle detected
14:26:21.111 [main] INFO  AV.BMS - obstacle distance true currenttime 2080.0
14:26:21.113 [main] INFO  AV.BMS -  OSD 00 currentime 2080.0
obstacle detected
14:26:22.121 [main] INFO  AV.BMS - obstacle distance true currenttime 2100.0
14:26:22.122 [main] INFO  AV.BMS -  OSD 00 currentime 2100.0
obstacle detected
14:26:23.114 [main] INFO  AV.BMS - obstacle distance true currenttime 2120.0
14:26:23.115 [main] INFO  AV.BMS -  OSD 00 currentime 2120.0
obstacle detected
14:26:24.125 [main] INFO  AV.BMS - obstacle distance true currenttime 2140.0
14:26:24.125 [main] INFO  AV.BMS -  OSD 00 currentime 2140.0
obstacle detected
14:26:25.118 [main] INFO  AV.BMS - obstacle distance true currenttime 2160.0
14:26:25.119 [main] INFO  AV.BMS -  OSD 00 currentime 2160.0
obstacle detected
14:26:26.095 [main] INFO  AV.BMS - obstacle distance true currenttime 2180.0
14:26:26.096 [main] INFO  AV.BMS -  OSD 00 currentime 2180.0
obstacle detected
14:26:27.083 [main] INFO  AV.BMS - obstacle distance true currenttime 2200.0
14:26:27.084 [main] INFO  AV.BMS -  OSD 00 currentime 2200.0
obstacle detected
14:26:28.120 [main] INFO  AV.BMS - obstacle distance true currenttime 2220.0
14:26:28.121 [main] INFO  AV.BMS -  OSD 00 currentime 2220.0
obstacle detected
14:26:29.301 [main] INFO  AV.BMS - obstacle distance true currenttime 2240.0
14:26:29.302 [main] INFO  AV.BMS -  OSD 00 currentime 2240.0
obstacle detected
14:26:30.302 [main] INFO  AV.BMS - obstacle distance true currenttime 2260.0
14:26:30.304 [main] INFO  AV.BMS -  OSD 00 currentime 2260.0
obstacle detected
14:26:31.307 [main] INFO  AV.BMS - obstacle distance true currenttime 2280.0
14:26:31.308 [main] INFO  AV.BMS -  OSD 00 currentime 2280.0
obstacle detected
14:26:32.307 [main] INFO  AV.BMS - obstacle distance true currenttime 2300.0
14:26:32.307 [main] INFO  AV.BMS -  OSD 00 currentime 2300.0
obstacle detected
14:26:33.343 [main] INFO  AV.BMS - obstacle distance true currenttime 2320.0
14:26:33.348 [main] INFO  AV.BMS -  OSD 00 currentime 2320.0
obstacle detected
14:26:34.360 [main] INFO  AV.BMS - obstacle distance true currenttime 2340.0
14:26:34.361 [main] INFO  AV.BMS -  OSD 00 currentime 2340.0
obstacle detected
14:26:35.338 [main] INFO  AV.BMS - obstacle distance true currenttime 2360.0
14:26:35.339 [main] INFO  AV.BMS -  OSD 00 currentime 2360.0
obstacle detected
14:26:36.320 [main] INFO  AV.BMS - obstacle distance true currenttime 2380.0
14:26:36.320 [main] INFO  AV.BMS -  OSD 00 currentime 2380.0
obstacle detected
14:26:37.335 [main] INFO  AV.BMS - obstacle distance true currenttime 2400.0
14:26:37.336 [main] INFO  AV.BMS -  OSD 00 currentime 2400.0
obstacle detected
14:26:38.349 [main] INFO  AV.BMS - obstacle distance true currenttime 2420.0
14:26:38.350 [main] INFO  AV.BMS -  OSD 00 currentime 2420.0
obstacle detected
14:26:39.363 [main] INFO  AV.BMS - obstacle distance true currenttime 2440.0
14:26:39.364 [main] INFO  AV.BMS -  OSD 00 currentime 2440.0
obstacle detected
14:26:40.369 [main] INFO  AV.BMS - obstacle distance true currenttime 2460.0
14:26:40.370 [main] INFO  AV.BMS -  OSD 00 currentime 2460.0
obstacle detected
14:26:41.365 [main] INFO  AV.BMS - obstacle distance true currenttime 2480.0
14:26:41.366 [main] INFO  AV.BMS -  OSD 00 currentime 2480.0
obstacle detected
14:26:42.361 [main] INFO  AV.BMS - obstacle distance true currenttime 2500.0
14:26:42.362 [main] INFO  AV.BMS -  OSD 00 currentime 2500.0
obstacle detected
14:26:43.378 [main] INFO  AV.BMS - obstacle distance true currenttime 2520.0
14:26:43.379 [main] INFO  AV.BMS -  OSD 00 currentime 2520.0
obstacle detected
14:26:44.307 [main] INFO  AV.BMS - obstacle distance true currenttime 2540.0
14:26:44.308 [main] INFO  AV.BMS -  OSD 00 currentime 2540.0
obstacle detected
14:26:45.466 [main] INFO  AV.BMS - obstacle distance true currenttime 2560.0
14:26:45.466 [main] INFO  AV.BMS -  OSD 00 currentime 2560.0
obstacle detected
14:26:46.998 [main] INFO  AV.BMS - obstacle distance true currenttime 2580.0
14:26:46.998 [main] INFO  AV.BMS -  OSD 00 currentime 2580.0
obstacle detected
14:26:47.987 [main] INFO  AV.BMS - obstacle distance true currenttime 2600.0
14:26:47.988 [main] INFO  AV.BMS -  OSD 00 currentime 2600.0
obstacle detected
14:26:49.011 [main] INFO  AV.BMS - obstacle distance true currenttime 2620.0
14:26:49.011 [main] INFO  AV.BMS -  OSD 00 currentime 2620.0
obstacle detected
14:26:50.058 [main] INFO  AV.BMS - obstacle distance true currenttime 2640.0
14:26:50.059 [main] INFO  AV.BMS -  OSD 00 currentime 2640.0
obstacle detected
14:26:51.114 [main] INFO  AV.BMS - obstacle distance true currenttime 2660.0
14:26:51.116 [main] INFO  AV.BMS -  OSD 00 currentime 2660.0
obstacle detected
14:26:52.157 [main] INFO  AV.BMS - obstacle distance true currenttime 2680.0
14:26:52.158 [main] INFO  AV.BMS -  OSD 00 currentime 2680.0
obstacle detected
14:26:53.227 [main] INFO  AV.BMS - obstacle distance true currenttime 2700.0
14:26:53.228 [main] INFO  AV.BMS -  OSD 00 currentime 2700.0
obstacle detected
14:26:54.247 [main] INFO  AV.BMS - obstacle distance true currenttime 2720.0
14:26:54.248 [main] INFO  AV.BMS -  OSD 00 currentime 2720.0
obstacle detected
14:26:55.252 [main] INFO  AV.BMS - obstacle distance true currenttime 2740.0
14:26:55.252 [main] INFO  AV.BMS -  OSD 00 currentime 2740.0
obstacle detected
14:26:56.201 [main] INFO  AV.BMS - obstacle distance true currenttime 2760.0
14:26:56.202 [main] INFO  AV.BMS -  OSD 00 currentime 2760.0
obstacle detected
14:26:57.198 [main] INFO  AV.BMS - obstacle distance true currenttime 2780.0
14:26:57.199 [main] INFO  AV.BMS -  OSD 00 currentime 2780.0
obstacle detected
14:26:58.198 [main] INFO  AV.BMS - obstacle distance true currenttime 2800.0
14:26:58.199 [main] INFO  AV.BMS -  OSD 00 currentime 2800.0
obstacle detected
14:26:59.177 [main] INFO  AV.BMS - obstacle distance true currenttime 2820.0
14:26:59.177 [main] INFO  AV.BMS -  OSD 00 currentime 2820.0
obstacle detected
14:27:00.126 [main] INFO  AV.BMS - obstacle distance true currenttime 2840.0
14:27:00.127 [main] INFO  AV.BMS -  OSD 00 currentime 2840.0
obstacle detected
14:27:01.133 [main] INFO  AV.BMS - obstacle distance true currenttime 2860.0
14:27:01.134 [main] INFO  AV.BMS -  OSD 00 currentime 2860.0
obstacle detected
14:27:02.132 [main] INFO  AV.BMS - obstacle distance true currenttime 2880.0
14:27:02.133 [main] INFO  AV.BMS -  OSD 00 currentime 2880.0
obstacle detected
14:27:03.230 [main] INFO  AV.BMS - obstacle distance true currenttime 2900.0
14:27:03.232 [main] INFO  AV.BMS -  OSD 00 currentime 2900.0
obstacle detected
14:27:04.231 [main] INFO  AV.BMS - obstacle distance true currenttime 2920.0
14:27:04.232 [main] INFO  AV.BMS -  OSD 00 currentime 2920.0
obstacle detected
14:27:05.212 [main] INFO  AV.BMS - obstacle distance true currenttime 2940.0
14:27:05.213 [main] INFO  AV.BMS -  OSD 00 currentime 2940.0
obstacle detected
14:27:06.195 [main] INFO  AV.BMS - obstacle distance true currenttime 2960.0
14:27:06.195 [main] INFO  AV.BMS -  OSD 00 currentime 2960.0
obstacle detected
14:27:07.179 [main] INFO  AV.BMS - obstacle distance true currenttime 2980.0
14:27:07.180 [main] INFO  AV.BMS -  OSD 00 currentime 2980.0
obstacle detected
14:27:08.214 [main] INFO  AV.BMS - obstacle distance true currenttime 3000.0
14:27:08.215 [main] INFO  AV.BMS -  OSD 00 currentime 3000.0
obstacle detected
14:27:09.233 [main] INFO  AV.BMS - obstacle distance true currenttime 3020.0
14:27:09.233 [main] INFO  AV.BMS -  OSD 00 currentime 3020.0
obstacle detected
14:27:10.252 [main] INFO  AV.BMS - obstacle distance true currenttime 3040.0
14:27:10.253 [main] INFO  AV.BMS -  OSD 00 currentime 3040.0
obstacle detected
14:27:11.265 [main] INFO  AV.BMS - obstacle distance true currenttime 3060.0
14:27:11.266 [main] INFO  AV.BMS -  OSD 00 currentime 3060.0
obstacle detected
14:27:12.283 [main] INFO  AV.BMS - obstacle distance true currenttime 3080.0
14:27:12.284 [main] INFO  AV.BMS -  OSD 00 currentime 3080.0
obstacle detected
14:27:13.284 [main] INFO  AV.BMS - obstacle distance true currenttime 3100.0
14:27:13.285 [main] INFO  AV.BMS -  OSD 00 currentime 3100.0
obstacle detected
14:27:14.258 [main] INFO  AV.BMS - obstacle distance true currenttime 3120.0
14:27:14.259 [main] INFO  AV.BMS -  OSD 00 currentime 3120.0
obstacle detected
14:27:15.289 [main] INFO  AV.BMS - obstacle distance true currenttime 3140.0
14:27:15.292 [main] INFO  AV.BMS -  OSD 00 currentime 3140.0
obstacle detected
14:27:16.299 [main] INFO  AV.BMS - obstacle distance true currenttime 3160.0
14:27:16.300 [main] INFO  AV.BMS -  OSD 00 currentime 3160.0
obstacle detected
14:27:17.308 [main] INFO  AV.BMS - obstacle distance true currenttime 3180.0
14:27:17.309 [main] INFO  AV.BMS -  OSD 00 currentime 3180.0
obstacle detected
14:27:18.331 [main] INFO  AV.BMS - obstacle distance true currenttime 3200.0
14:27:18.332 [main] INFO  AV.BMS -  OSD 00 currentime 3200.0
obstacle detected
14:27:19.363 [main] INFO  AV.BMS - obstacle distance true currenttime 3220.0
14:27:19.368 [main] INFO  AV.BMS -  OSD 00 currentime 3220.0
obstacle detected
14:27:20.312 [main] INFO  AV.BMS - obstacle distance true currenttime 3240.0
14:27:20.313 [main] INFO  AV.BMS -  OSD 00 currentime 3240.0
obstacle detected
14:27:21.322 [main] INFO  AV.BMS - obstacle distance true currenttime 3260.0
14:27:21.323 [main] INFO  AV.BMS -  OSD 00 currentime 3260.0
obstacle detected
14:27:22.317 [main] INFO  AV.BMS - obstacle distance true currenttime 3280.0
14:27:22.317 [main] INFO  AV.BMS -  OSD 00 currentime 3280.0
obstacle detected
14:27:23.307 [main] INFO  AV.BMS - obstacle distance true currenttime 3300.0
14:27:23.308 [main] INFO  AV.BMS -  OSD 00 currentime 3300.0
obstacle detected
14:27:24.263 [main] INFO  AV.BMS - obstacle distance true currenttime 3320.0
14:27:24.266 [main] INFO  AV.BMS -  OSD 00 currentime 3320.0
obstacle detected
14:27:25.263 [main] INFO  AV.BMS - obstacle distance true currenttime 3340.0
14:27:25.264 [main] INFO  AV.BMS -  OSD 00 currentime 3340.0
obstacle detected
14:27:26.194 [main] INFO  AV.BMS - obstacle distance true currenttime 3360.0
14:27:26.195 [main] INFO  AV.BMS -  OSD 00 currentime 3360.0
obstacle detected
14:27:27.176 [main] INFO  AV.BMS - obstacle distance true currenttime 3380.0
14:27:27.177 [main] INFO  AV.BMS -  OSD 00 currentime 3380.0
obstacle detected
14:27:28.190 [main] INFO  AV.BMS - obstacle distance true currenttime 3400.0
14:27:28.192 [main] INFO  AV.BMS -  OSD 00 currentime 3400.0
obstacle detected
14:27:29.199 [main] INFO  AV.BMS - obstacle distance true currenttime 3420.0
14:27:29.200 [main] INFO  AV.BMS -  OSD 00 currentime 3420.0
obstacle detected
14:27:30.182 [main] INFO  AV.BMS - obstacle distance true currenttime 3440.0
14:27:30.183 [main] INFO  AV.BMS -  OSD 00 currentime 3440.0
obstacle detected
14:27:31.151 [main] INFO  AV.BMS - obstacle distance true currenttime 3460.0
14:27:31.151 [main] INFO  AV.BMS -  OSD 00 currentime 3460.0
obstacle detected
14:27:32.164 [main] INFO  AV.BMS - obstacle distance true currenttime 3480.0
14:27:32.165 [main] INFO  AV.BMS -  OSD 00 currentime 3480.0
obstacle detected
14:27:33.220 [main] INFO  AV.BMS - obstacle distance true currenttime 3500.0
14:27:33.221 [main] INFO  AV.BMS -  OSD 00 currentime 3500.0
obstacle detected
14:27:34.167 [main] INFO  AV.BMS - obstacle distance true currenttime 3520.0
14:27:34.168 [main] INFO  AV.BMS -  OSD 00 currentime 3520.0
obstacle detected
14:27:35.175 [main] INFO  AV.BMS - obstacle distance true currenttime 3540.0
14:27:35.176 [main] INFO  AV.BMS -  OSD 00 currentime 3540.0
obstacle detected
14:27:36.182 [main] INFO  AV.BMS - obstacle distance true currenttime 3560.0
14:27:36.185 [main] INFO  AV.BMS -  OSD 00 currentime 3560.0
obstacle detected
14:27:37.175 [main] INFO  AV.BMS - obstacle distance true currenttime 3580.0
14:27:37.178 [main] INFO  AV.BMS -  OSD 00 currentime 3580.0
obstacle detected
14:27:38.297 [main] INFO  AV.BMS - obstacle distance true currenttime 3600.0
14:27:38.297 [main] INFO  AV.BMS -  OSD 00 currentime 3600.0
obstacle detected
14:27:39.268 [main] INFO  AV.BMS - obstacle distance true currenttime 3620.0
14:27:39.268 [main] INFO  AV.BMS -  OSD 00 currentime 3620.0
obstacle detected
14:27:40.256 [main] INFO  AV.BMS - obstacle distance true currenttime 3640.0
14:27:40.257 [main] INFO  AV.BMS -  OSD 00 currentime 3640.0
obstacle detected
14:27:41.238 [main] INFO  AV.BMS - obstacle distance true currenttime 3660.0
14:27:41.239 [main] INFO  AV.BMS -  OSD 00 currentime 3660.0
obstacle detected
14:27:42.275 [main] INFO  AV.BMS - obstacle distance true currenttime 3680.0
14:27:42.275 [main] INFO  AV.BMS -  OSD 00 currentime 3680.0
obstacle detected
14:27:43.280 [main] INFO  AV.BMS - obstacle distance true currenttime 3700.0
14:27:43.280 [main] INFO  AV.BMS -  OSD 00 currentime 3700.0
obstacle detected
14:27:44.256 [main] INFO  AV.BMS - obstacle distance true currenttime 3720.0
14:27:44.257 [main] INFO  AV.BMS -  OSD 00 currentime 3720.0
obstacle detected
14:27:45.253 [main] INFO  AV.BMS - obstacle distance true currenttime 3740.0
14:27:45.253 [main] INFO  AV.BMS -  OSD 00 currentime 3740.0
obstacle detected
14:27:46.265 [main] INFO  AV.BMS - obstacle distance true currenttime 3760.0
14:27:46.270 [main] INFO  AV.BMS -  OSD 00 currentime 3760.0
obstacle detected
14:27:47.244 [main] INFO  AV.BMS - obstacle distance true currenttime 3780.0
14:27:47.244 [main] INFO  AV.BMS -  OSD 00 currentime 3780.0
obstacle detected
14:27:48.244 [main] INFO  AV.BMS - obstacle distance true currenttime 3800.0
14:27:48.245 [main] INFO  AV.BMS -  OSD 00 currentime 3800.0
obstacle detected
14:27:49.229 [main] INFO  AV.BMS - obstacle distance true currenttime 3820.0
14:27:49.232 [main] INFO  AV.BMS -  OSD 00 currentime 3820.0
obstacle detected
14:27:50.250 [main] INFO  AV.BMS - obstacle distance true currenttime 3840.0
14:27:50.250 [main] INFO  AV.BMS -  OSD 00 currentime 3840.0
obstacle detected
14:27:51.250 [main] INFO  AV.BMS - obstacle distance true currenttime 3860.0
14:27:51.250 [main] INFO  AV.BMS -  OSD 00 currentime 3860.0
obstacle detected
14:27:52.245 [main] INFO  AV.BMS - obstacle distance true currenttime 3880.0
14:27:52.252 [main] INFO  AV.BMS -  OSD 00 currentime 3880.0
obstacle detected
14:27:53.284 [main] INFO  AV.BMS - obstacle distance true currenttime 3900.0
14:27:53.284 [main] INFO  AV.BMS -  OSD 00 currentime 3900.0
obstacle detected
14:27:54.282 [main] INFO  AV.BMS - obstacle distance true currenttime 3920.0
14:27:54.283 [main] INFO  AV.BMS -  OSD 00 currentime 3920.0
obstacle detected
14:27:55.296 [main] INFO  AV.BMS - obstacle distance true currenttime 3940.0
14:27:55.298 [main] INFO  AV.BMS -  OSD 00 currentime 3940.0
obstacle detected
14:27:56.300 [main] INFO  AV.BMS - obstacle distance true currenttime 3960.0
14:27:56.301 [main] INFO  AV.BMS -  OSD 00 currentime 3960.0
obstacle detected
14:27:57.484 [main] INFO  AV.BMS - obstacle distance true currenttime 3980.0
14:27:57.485 [main] INFO  AV.BMS -  OSD 00 currentime 3980.0
obstacle detected
14:27:58.514 [main] INFO  AV.BMS - obstacle distance true currenttime 4000.0
14:27:58.515 [main] INFO  AV.BMS -  OSD 00 currentime 4000.0
obstacle detected
14:27:59.539 [main] INFO  AV.BMS - obstacle distance true currenttime 4020.0
14:27:59.539 [main] INFO  AV.BMS -  OSD 00 currentime 4020.0
obstacle detected
14:28:00.540 [main] INFO  AV.BMS - obstacle distance true currenttime 4040.0
14:28:00.541 [main] INFO  AV.BMS -  OSD 00 currentime 4040.0
obstacle detected
14:28:01.522 [main] INFO  AV.BMS - obstacle distance true currenttime 4060.0
14:28:01.525 [main] INFO  AV.BMS -  OSD 00 currentime 4060.0
obstacle detected
14:28:02.543 [main] INFO  AV.BMS - obstacle distance true currenttime 4080.0
14:28:02.544 [main] INFO  AV.BMS -  OSD 00 currentime 4080.0
obstacle detected
14:28:03.564 [main] INFO  AV.BMS - obstacle distance true currenttime 4100.0
14:28:03.564 [main] INFO  AV.BMS -  OSD 00 currentime 4100.0
obstacle detected
14:28:04.589 [main] INFO  AV.BMS - obstacle distance true currenttime 4120.0
14:28:04.589 [main] INFO  AV.BMS -  OSD 00 currentime 4120.0
obstacle detected
14:28:05.632 [main] INFO  AV.BMS - obstacle distance true currenttime 4140.0
14:28:05.633 [main] INFO  AV.BMS -  OSD 00 currentime 4140.0
obstacle detected
14:28:06.645 [main] INFO  AV.BMS - obstacle distance true currenttime 4160.0
14:28:06.646 [main] INFO  AV.BMS -  OSD 00 currentime 4160.0
obstacle detected
14:28:07.646 [main] INFO  AV.BMS - obstacle distance true currenttime 4180.0
14:28:07.647 [main] INFO  AV.BMS -  OSD 00 currentime 4180.0
obstacle detected
14:28:08.625 [main] INFO  AV.BMS - obstacle distance true currenttime 4200.0
14:28:08.625 [main] INFO  AV.BMS -  OSD 00 currentime 4200.0
obstacle detected
14:28:09.615 [main] INFO  AV.BMS - obstacle distance true currenttime 4220.0
14:28:09.616 [main] INFO  AV.BMS -  OSD 00 currentime 4220.0
obstacle detected
14:28:10.554 [main] INFO  AV.BMS - obstacle distance true currenttime 4240.0
14:28:10.555 [main] INFO  AV.BMS -  OSD 00 currentime 4240.0
obstacle detected
14:28:11.549 [main] INFO  AV.BMS - obstacle distance true currenttime 4260.0
14:28:11.550 [main] INFO  AV.BMS -  OSD 00 currentime 4260.0
obstacle detected
14:28:12.528 [main] INFO  AV.BMS - obstacle distance true currenttime 4280.0
14:28:12.531 [main] INFO  AV.BMS -  OSD 00 currentime 4280.0
obstacle detected
14:28:13.527 [main] INFO  AV.BMS - obstacle distance true currenttime 4300.0
14:28:13.528 [main] INFO  AV.BMS -  OSD 00 currentime 4300.0
obstacle detected
14:28:14.523 [main] INFO  AV.BMS - obstacle distance true currenttime 4320.0
14:28:14.524 [main] INFO  AV.BMS -  OSD 00 currentime 4320.0
obstacle detected
14:28:15.527 [main] INFO  AV.BMS - obstacle distance true currenttime 4340.0
14:28:15.528 [main] INFO  AV.BMS -  OSD 00 currentime 4340.0
obstacle detected
14:28:16.525 [main] INFO  AV.BMS - obstacle distance true currenttime 4360.0
14:28:16.525 [main] INFO  AV.BMS -  OSD 00 currentime 4360.0
obstacle detected
14:28:17.720 [main] INFO  AV.BMS - obstacle distance true currenttime 4380.0
14:28:17.722 [main] INFO  AV.BMS -  OSD 00 currentime 4380.0
obstacle detected
14:28:18.741 [main] INFO  AV.BMS - obstacle distance true currenttime 4400.0
14:28:18.741 [main] INFO  AV.BMS -  OSD 00 currentime 4400.0
obstacle detected
14:28:19.746 [main] INFO  AV.BMS - obstacle distance true currenttime 4420.0
14:28:19.747 [main] INFO  AV.BMS -  OSD 00 currentime 4420.0
obstacle detected
14:28:20.779 [main] INFO  AV.BMS - obstacle distance true currenttime 4440.0
14:28:20.780 [main] INFO  AV.BMS -  OSD 00 currentime 4440.0
obstacle detected
14:28:21.765 [main] INFO  AV.BMS - obstacle distance true currenttime 4460.0
14:28:21.766 [main] INFO  AV.BMS -  OSD 00 currentime 4460.0
obstacle detected
14:28:22.785 [main] INFO  AV.BMS - obstacle distance true currenttime 4480.0
14:28:22.786 [main] INFO  AV.BMS -  OSD 00 currentime 4480.0
obstacle detected
14:28:23.786 [main] INFO  AV.BMS - obstacle distance true currenttime 4500.0
14:28:23.786 [main] INFO  AV.BMS -  OSD 00 currentime 4500.0
obstacle detected
14:28:24.785 [main] INFO  AV.BMS - obstacle distance true currenttime 4520.0
14:28:24.785 [main] INFO  AV.BMS -  OSD 00 currentime 4520.0
obstacle detected
14:28:25.768 [main] INFO  AV.BMS - obstacle distance true currenttime 4540.0
14:28:25.774 [main] INFO  AV.BMS -  OSD 00 currentime 4540.0
obstacle detected
14:28:26.779 [main] INFO  AV.BMS - obstacle distance true currenttime 4560.0
14:28:26.779 [main] INFO  AV.BMS -  OSD 00 currentime 4560.0
obstacle detected
14:28:27.792 [main] INFO  AV.BMS - obstacle distance true currenttime 4580.0
14:28:27.793 [main] INFO  AV.BMS -  OSD 00 currentime 4580.0
obstacle detected
14:28:28.801 [main] INFO  AV.BMS - obstacle distance true currenttime 4600.0
14:28:28.802 [main] INFO  AV.BMS -  OSD 00 currentime 4600.0
obstacle detected
14:28:29.746 [main] INFO  AV.BMS - obstacle distance true currenttime 4620.0
14:28:29.746 [main] INFO  AV.BMS -  OSD 00 currentime 4620.0
obstacle detected
14:28:30.742 [main] INFO  AV.BMS - obstacle distance true currenttime 4640.0
14:28:30.743 [main] INFO  AV.BMS -  OSD 00 currentime 4640.0
obstacle detected
14:28:31.733 [main] INFO  AV.BMS - obstacle distance true currenttime 4660.0
14:28:31.733 [main] INFO  AV.BMS -  OSD 00 currentime 4660.0
obstacle detected
14:28:32.745 [main] INFO  AV.BMS - obstacle distance true currenttime 4680.0
14:28:32.745 [main] INFO  AV.BMS -  OSD 00 currentime 4680.0
obstacle detected
14:28:33.736 [main] INFO  AV.BMS - obstacle distance true currenttime 4700.0
14:28:33.738 [main] INFO  AV.BMS -  OSD 00 currentime 4700.0
obstacle detected
14:28:34.756 [main] INFO  AV.BMS - obstacle distance true currenttime 4720.0
14:28:34.757 [main] INFO  AV.BMS -  OSD 00 currentime 4720.0
obstacle detected
14:28:35.751 [main] INFO  AV.BMS - obstacle distance true currenttime 4740.0
14:28:35.752 [main] INFO  AV.BMS -  OSD 00 currentime 4740.0
obstacle detected
14:28:36.749 [main] INFO  AV.BMS - obstacle distance true currenttime 4760.0
14:28:36.749 [main] INFO  AV.BMS -  OSD 00 currentime 4760.0
obstacle detected
14:28:37.786 [main] INFO  AV.BMS - obstacle distance true currenttime 4780.0
14:28:37.786 [main] INFO  AV.BMS -  OSD 00 currentime 4780.0
obstacle detected
14:28:38.808 [main] INFO  AV.BMS - obstacle distance true currenttime 4800.0
14:28:38.809 [main] INFO  AV.BMS -  OSD 00 currentime 4800.0
obstacle detected
14:28:39.778 [main] INFO  AV.BMS - obstacle distance true currenttime 4820.0
14:28:39.779 [main] INFO  AV.BMS -  OSD 00 currentime 4820.0
obstacle detected
14:28:40.778 [main] INFO  AV.BMS - obstacle distance true currenttime 4840.0
14:28:40.778 [main] INFO  AV.BMS -  OSD 00 currentime 4840.0
obstacle detected
14:28:41.760 [main] INFO  AV.BMS - obstacle distance true currenttime 4860.0
14:28:41.760 [main] INFO  AV.BMS -  OSD 00 currentime 4860.0
obstacle detected
14:28:42.767 [main] INFO  AV.BMS - obstacle distance true currenttime 4880.0
14:28:42.769 [main] INFO  AV.BMS -  OSD 00 currentime 4880.0
obstacle detected
14:28:43.719 [main] INFO  AV.BMS - obstacle distance true currenttime 4900.0
14:28:43.720 [main] INFO  AV.BMS -  OSD 00 currentime 4900.0
obstacle detected
14:28:44.759 [main] INFO  AV.BMS - obstacle distance true currenttime 4920.0
14:28:44.759 [main] INFO  AV.BMS -  OSD 00 currentime 4920.0
obstacle detected
14:28:45.765 [main] INFO  AV.BMS - obstacle distance true currenttime 4940.0
14:28:45.765 [main] INFO  AV.BMS -  OSD 00 currentime 4940.0
obstacle detected
14:28:46.749 [main] INFO  AV.BMS - obstacle distance true currenttime 4960.0
14:28:46.749 [main] INFO  AV.BMS -  OSD 00 currentime 4960.0
obstacle detected
14:28:47.742 [main] INFO  AV.BMS - obstacle distance true currenttime 4980.0
14:28:47.742 [main] INFO  AV.BMS -  OSD 00 currentime 4980.0
obstacle detected
14:28:48.722 [main] INFO  AV.BMS - obstacle distance true currenttime 5000.0
14:28:48.725 [main] INFO  AV.BMS -  OSD 00 currentime 5000.0
obstacle detected
14:28:49.698 [main] INFO  AV.BMS - obstacle distance true currenttime 5020.0
14:28:49.698 [main] INFO  AV.BMS -  OSD 00 currentime 5020.0
obstacle detected
14:28:50.679 [main] INFO  AV.BMS - obstacle distance true currenttime 5040.0
14:28:50.680 [main] INFO  AV.BMS -  OSD 00 currentime 5040.0
obstacle detected
14:28:51.679 [main] INFO  AV.BMS - obstacle distance true currenttime 5060.0
14:28:51.679 [main] INFO  AV.BMS -  OSD 00 currentime 5060.0
obstacle detected
14:28:52.676 [main] INFO  AV.BMS - obstacle distance true currenttime 5080.0
14:28:52.679 [main] INFO  AV.BMS -  OSD 00 currentime 5080.0
obstacle detected
14:28:53.636 [main] INFO  AV.BMS - obstacle distance true currenttime 5100.0
14:28:53.636 [main] INFO  AV.BMS -  OSD 00 currentime 5100.0
obstacle detected
14:28:54.618 [main] INFO  AV.BMS - obstacle distance true currenttime 5120.0
14:28:54.625 [main] INFO  AV.BMS -  OSD 00 currentime 5120.0
obstacle detected
14:28:55.609 [main] INFO  AV.BMS - obstacle distance true currenttime 5140.0
14:28:55.609 [main] INFO  AV.BMS -  OSD 00 currentime 5140.0
obstacle detected
14:28:56.574 [main] INFO  AV.BMS - obstacle distance true currenttime 5160.0
14:28:56.574 [main] INFO  AV.BMS -  OSD 00 currentime 5160.0
obstacle detected
14:28:57.504 [main] INFO  AV.BMS - obstacle distance true currenttime 5180.0
14:28:57.505 [main] INFO  AV.BMS -  OSD 00 currentime 5180.0
obstacle detected
14:28:58.506 [main] INFO  AV.BMS - obstacle distance true currenttime 5200.0
14:28:58.506 [main] INFO  AV.BMS -  OSD 00 currentime 5200.0
obstacle detected
14:28:59.602 [main] INFO  AV.BMS - obstacle distance true currenttime 5220.0
14:28:59.603 [main] INFO  AV.BMS -  OSD 00 currentime 5220.0
obstacle detected
14:29:00.607 [main] INFO  AV.BMS - obstacle distance true currenttime 5240.0
14:29:00.608 [main] INFO  AV.BMS -  OSD 00 currentime 5240.0
obstacle detected
14:29:01.640 [main] INFO  AV.BMS - obstacle distance true currenttime 5260.0
14:29:01.642 [main] INFO  AV.BMS -  OSD 00 currentime 5260.0
obstacle detected
14:29:02.663 [main] INFO  AV.BMS - obstacle distance true currenttime 5280.0
14:29:02.663 [main] INFO  AV.BMS -  OSD 00 currentime 5280.0
obstacle detected
14:29:03.631 [main] INFO  AV.BMS - obstacle distance true currenttime 5300.0
14:29:03.632 [main] INFO  AV.BMS -  OSD 00 currentime 5300.0
obstacle detected
14:29:04.597 [main] INFO  AV.BMS - obstacle distance true currenttime 5320.0
14:29:04.598 [main] INFO  AV.BMS -  OSD 00 currentime 5320.0
obstacle detected
14:29:05.533 [main] INFO  AV.BMS - obstacle distance true currenttime 5340.0
14:29:05.534 [main] INFO  AV.BMS -  OSD 00 currentime 5340.0
obstacle detected
14:29:06.512 [main] INFO  AV.BMS - obstacle distance true currenttime 5360.0
14:29:06.512 [main] INFO  AV.BMS -  OSD 00 currentime 5360.0
obstacle detected
14:29:07.547 [main] INFO  AV.BMS - obstacle distance true currenttime 5380.0
14:29:07.548 [main] INFO  AV.BMS -  OSD 00 currentime 5380.0
obstacle detected
14:29:08.527 [main] INFO  AV.BMS - obstacle distance true currenttime 5400.0
14:29:08.527 [main] INFO  AV.BMS -  OSD 00 currentime 5400.0
obstacle detected
14:29:09.526 [main] INFO  AV.BMS - obstacle distance true currenttime 5420.0
14:29:09.527 [main] INFO  AV.BMS -  OSD 00 currentime 5420.0
obstacle detected
14:29:10.532 [main] INFO  AV.BMS - obstacle distance true currenttime 5440.0
14:29:10.532 [main] INFO  AV.BMS -  OSD 00 currentime 5440.0
obstacle detected
14:29:11.544 [main] INFO  AV.BMS - obstacle distance true currenttime 5460.0
14:29:11.544 [main] INFO  AV.BMS -  OSD 00 currentime 5460.0
obstacle detected
14:29:12.552 [main] INFO  AV.BMS - obstacle distance true currenttime 5480.0
14:29:12.553 [main] INFO  AV.BMS -  OSD 00 currentime 5480.0
obstacle detected
14:29:13.494 [main] INFO  AV.BMS - obstacle distance true currenttime 5500.0
14:29:13.494 [main] INFO  AV.BMS -  OSD 00 currentime 5500.0
obstacle detected
14:29:14.518 [main] INFO  AV.BMS - obstacle distance true currenttime 5520.0
14:29:14.520 [main] INFO  AV.BMS -  OSD 00 currentime 5520.0
obstacle detected
14:29:15.515 [main] INFO  AV.BMS - obstacle distance true currenttime 5540.0
14:29:15.515 [main] INFO  AV.BMS -  OSD 00 currentime 5540.0
obstacle detected
14:29:16.538 [main] INFO  AV.BMS - obstacle distance true currenttime 5560.0
14:29:16.539 [main] INFO  AV.BMS -  OSD 00 currentime 5560.0
obstacle detected
14:29:17.529 [main] INFO  AV.BMS - obstacle distance true currenttime 5580.0
14:29:17.529 [main] INFO  AV.BMS -  OSD 00 currentime 5580.0
obstacle detected
14:29:18.510 [main] INFO  AV.BMS - obstacle distance true currenttime 5600.0
14:29:18.511 [main] INFO  AV.BMS -  OSD 00 currentime 5600.0
obstacle detected
14:29:19.493 [main] INFO  AV.BMS - obstacle distance true currenttime 5620.0
14:29:19.494 [main] INFO  AV.BMS -  OSD 00 currentime 5620.0
obstacle detected
14:29:20.497 [main] INFO  AV.BMS - obstacle distance true currenttime 5640.0
14:29:20.497 [main] INFO  AV.BMS -  OSD 00 currentime 5640.0
obstacle detected
14:29:21.691 [main] INFO  AV.BMS - obstacle distance true currenttime 5660.0
14:29:21.692 [main] INFO  AV.BMS -  OSD 00 currentime 5660.0
obstacle detected
14:29:22.663 [main] INFO  AV.BMS - obstacle distance true currenttime 5680.0
14:29:22.664 [main] INFO  AV.BMS -  OSD 00 currentime 5680.0
obstacle detected
14:29:23.638 [main] INFO  AV.BMS - obstacle distance true currenttime 5700.0
14:29:23.639 [main] INFO  AV.BMS -  OSD 00 currentime 5700.0
obstacle detected
14:29:24.591 [main] INFO  AV.BMS - obstacle distance true currenttime 5720.0
14:29:24.591 [main] INFO  AV.BMS -  OSD 00 currentime 5720.0
obstacle detected
14:29:25.565 [main] INFO  AV.BMS - obstacle distance true currenttime 5740.0
14:29:25.566 [main] INFO  AV.BMS -  OSD 00 currentime 5740.0
obstacle detected
14:29:26.570 [main] INFO  AV.BMS - obstacle distance true currenttime 5760.0
14:29:26.570 [main] INFO  AV.BMS -  OSD 00 currentime 5760.0
obstacle detected
14:29:27.592 [main] INFO  AV.BMS - obstacle distance true currenttime 5780.0
14:29:27.593 [main] INFO  AV.BMS -  OSD 00 currentime 5780.0
obstacle detected
14:29:28.607 [main] INFO  AV.BMS - obstacle distance true currenttime 5800.0
14:29:28.607 [main] INFO  AV.BMS -  OSD 00 currentime 5800.0
obstacle detected
14:29:29.590 [main] INFO  AV.BMS - obstacle distance true currenttime 5820.0
14:29:29.591 [main] INFO  AV.BMS -  OSD 00 currentime 5820.0
obstacle detected
14:29:30.584 [main] INFO  AV.BMS - obstacle distance true currenttime 5840.0
14:29:30.585 [main] INFO  AV.BMS -  OSD 00 currentime 5840.0
obstacle detected
14:29:31.599 [main] INFO  AV.BMS - obstacle distance true currenttime 5860.0
14:29:31.600 [main] INFO  AV.BMS -  OSD 00 currentime 5860.0
obstacle detected
14:29:32.582 [main] INFO  AV.BMS - obstacle distance true currenttime 5880.0
14:29:32.582 [main] INFO  AV.BMS -  OSD 00 currentime 5880.0
obstacle detected
14:29:33.578 [main] INFO  AV.BMS - obstacle distance true currenttime 5900.0
14:29:33.579 [main] INFO  AV.BMS -  OSD 00 currentime 5900.0
obstacle detected
14:29:34.579 [main] INFO  AV.BMS - obstacle distance true currenttime 5920.0
14:29:34.580 [main] INFO  AV.BMS -  OSD 00 currentime 5920.0
obstacle detected
14:29:35.601 [main] INFO  AV.BMS - obstacle distance true currenttime 5940.0
14:29:35.602 [main] INFO  AV.BMS -  OSD 00 currentime 5940.0
obstacle detected
14:29:36.630 [main] INFO  AV.BMS - obstacle distance true currenttime 5960.0
14:29:36.631 [main] INFO  AV.BMS -  OSD 00 currentime 5960.0
obstacle detected
14:29:37.659 [main] INFO  AV.BMS - obstacle distance true currenttime 5980.0
14:29:37.660 [main] INFO  AV.BMS -  OSD 00 currentime 5980.0
obstacle not detected currenttime 6000.0
14:29:38.618 [main] INFO  AV.BMS -  OSD 00 currentime 6000.0
obstacle not detected currenttime 6020.0
14:29:39.471 [main] INFO  AV.BMS -  OSD 00 currentime 6020.0
obstacle not detected currenttime 6040.0
14:29:40.462 [main] INFO  AV.BMS -  OSD 00 currentime 6040.0
obstacle not detected currenttime 6060.0
14:29:41.494 [main] INFO  AV.BMS -  OSD 00 currentime 6060.0
obstacle not detected currenttime 6080.0
14:29:42.529 [main] INFO  AV.BMS -  OSD 00 currentime 6080.0
obstacle not detected currenttime 6100.0
14:29:43.509 [main] INFO  AV.BMS -  OSD 00 currentime 6100.0
obstacle not detected currenttime 6120.0
14:29:44.690 [main] INFO  AV.BMS -  OSD 00 currentime 6120.0
obstacle not detected currenttime 6140.0
14:29:45.637 [main] INFO  AV.BMS -  OSD 00 currentime 6140.0
obstacle not detected currenttime 6160.0
14:29:46.620 [main] INFO  AV.BMS -  OSD 00 currentime 6160.0
obstacle not detected currenttime 6180.0
14:29:47.591 [main] INFO  AV.BMS -  OSD 00 currentime 6180.0
obstacle not detected currenttime 6200.0
14:29:48.597 [main] INFO  AV.BMS -  OSD 00 currentime 6200.0
obstacle not detected currenttime 6220.0
14:29:49.573 [main] INFO  AV.BMS -  OSD 00 currentime 6220.0
obstacle not detected currenttime 6240.0
14:29:50.585 [main] INFO  AV.BMS -  OSD 00 currentime 6240.0
obstacle not detected currenttime 6260.0
14:29:51.594 [main] INFO  AV.BMS -  OSD 00 currentime 6260.0
obstacle not detected currenttime 6280.0
14:29:52.564 [main] INFO  AV.BMS -  OSD 00 currentime 6280.0
obstacle not detected currenttime 6300.0
14:29:53.547 [main] INFO  AV.BMS -  OSD 00 currentime 6300.0
obstacle not detected currenttime 6320.0
14:29:54.519 [main] INFO  AV.BMS -  OSD 00 currentime 6320.0
obstacle not detected currenttime 6340.0
14:29:55.539 [main] INFO  AV.BMS -  OSD 00 currentime 6340.0
obstacle not detected currenttime 6360.0
14:29:56.540 [main] INFO  AV.BMS -  OSD 00 currentime 6360.0
obstacle not detected currenttime 6380.0
14:29:57.578 [main] INFO  AV.BMS -  OSD 00 currentime 6380.0
obstacle not detected currenttime 6400.0
14:29:58.571 [main] INFO  AV.BMS -  OSD 00 currentime 6400.0
obstacle not detected currenttime 6420.0
14:29:59.604 [main] INFO  AV.BMS -  OSD 00 currentime 6420.0
obstacle not detected currenttime 6440.0
14:30:00.659 [main] INFO  AV.BMS -  OSD 00 currentime 6440.0
obstacle not detected currenttime 6460.0
14:30:01.619 [main] INFO  AV.BMS -  OSD 00 currentime 6460.0
obstacle not detected currenttime 6480.0
14:30:02.642 [main] INFO  AV.BMS -  OSD 00 currentime 6480.0
obstacle not detected currenttime 6500.0
14:30:03.627 [main] INFO  AV.BMS -  OSD 00 currentime 6500.0
obstacle not detected currenttime 6520.0
14:30:04.608 [main] INFO  AV.BMS -  OSD 00 currentime 6520.0
obstacle not detected currenttime 6540.0
14:30:05.611 [main] INFO  AV.BMS -  OSD 00 currentime 6540.0
obstacle not detected currenttime 6560.0
14:30:06.648 [main] INFO  AV.BMS -  OSD 00 currentime 6560.0
obstacle not detected currenttime 6580.0
14:30:07.650 [main] INFO  AV.BMS -  OSD 00 currentime 6580.0
obstacle not detected currenttime 6600.0
14:30:08.818 [main] INFO  AV.BMS -  OSD 00 currentime 6600.0
obstacle not detected currenttime 6620.0
14:30:09.882 [main] INFO  AV.BMS -  OSD 00 currentime 6620.0
obstacle not detected currenttime 6640.0
14:30:10.875 [main] INFO  AV.BMS -  OSD 00 currentime 6640.0
obstacle not detected currenttime 6660.0
14:30:11.789 [main] INFO  AV.BMS -  OSD 00 currentime 6660.0
obstacle not detected currenttime 6680.0
14:30:12.784 [main] INFO  AV.BMS -  OSD 00 currentime 6680.0
obstacle not detected currenttime 6700.0
14:30:13.743 [main] INFO  AV.BMS -  OSD 00 currentime 6700.0
obstacle not detected currenttime 6720.0
14:30:14.721 [main] INFO  AV.BMS -  OSD 00 currentime 6720.0
obstacle not detected currenttime 6740.0
14:30:15.676 [main] INFO  AV.BMS -  OSD 00 currentime 6740.0
obstacle not detected currenttime 6760.0
14:30:16.670 [main] INFO  AV.BMS -  OSD 00 currentime 6760.0
obstacle not detected currenttime 6780.0
14:30:17.626 [main] INFO  AV.BMS -  OSD 00 currentime 6780.0
obstacle not detected currenttime 6800.0
14:30:18.611 [main] INFO  AV.BMS -  OSD 00 currentime 6800.0
obstacle not detected currenttime 6820.0
14:30:19.608 [main] INFO  AV.BMS -  OSD 00 currentime 6820.0
obstacle not detected currenttime 6840.0
14:30:20.502 [main] INFO  AV.BMS -  OSD 00 currentime 6840.0
obstacle not detected currenttime 6860.0
14:30:21.502 [main] INFO  AV.BMS -  OSD 00 currentime 6860.0
obstacle not detected currenttime 6880.0
14:30:22.520 [main] INFO  AV.BMS -  OSD 00 currentime 6880.0
obstacle not detected currenttime 6900.0
14:30:23.505 [main] INFO  AV.BMS -  OSD 00 currentime 6900.0
obstacle not detected currenttime 6920.0
14:30:24.504 [main] INFO  AV.BMS -  OSD 00 currentime 6920.0
obstacle not detected currenttime 6940.0
14:30:25.483 [main] INFO  AV.BMS -  OSD 00 currentime 6940.0
