
-------------------------------------------------------------------
GMS: address=vagrant-47023, cluster=AV, physical address=10.0.2.15:53660
-------------------------------------------------------------------
18:16:57.579 [main] INFO  AV.BMS - waiting on readyToPopulate...
18:17:20.360 [main] INFO  AV.BMS - ...synchronized on readyToPopulate
18:17:20.360 [main] INFO  AV.BMS - waiting on readyToRun...
18:17:20.613 [main] INFO  AV.BMS - ...synchronized on readyToRun
18:17:20.618 [main] INFO  AV.BMS - started logical time progression
obstacle not detected currenttime 0.0
print string boolean false
18:17:20.624 [main] INFO  AV.BMS -  OSD 00 currentime 0.0
obstacle not detected currenttime 20.0
print string boolean false
18:17:24.186 [main] INFO  AV.BMS -  OSD 00 currentime 20.0
obstacle not detected currenttime 40.0
print string boolean false
18:17:25.744 [main] INFO  AV.BMS -  OSD 00 currentime 40.0
obstacle not detected currenttime 60.0
print string boolean false
18:17:27.301 [main] INFO  AV.BMS -  OSD 00 currentime 60.0
obstacle not detected currenttime 80.0
print string boolean false
18:17:28.719 [main] INFO  AV.BMS -  OSD 00 currentime 80.0
obstacle not detected currenttime 100.0
print string boolean false
18:17:30.174 [main] INFO  AV.BMS -  OSD 00 currentime 100.0
obstacle not detected currenttime 120.0
print string boolean false
18:17:31.451 [main] INFO  AV.BMS -  OSD 00 currentime 120.0
obstacle not detected currenttime 140.0
print string boolean false
18:17:32.717 [main] INFO  AV.BMS -  OSD 00 currentime 140.0
obstacle not detected currenttime 160.0
print string boolean false
18:17:33.933 [main] INFO  AV.BMS -  OSD 00 currentime 160.0
obstacle not detected currenttime 180.0
print string boolean false
18:17:35.169 [main] INFO  AV.BMS -  OSD 00 currentime 180.0
obstacle not detected currenttime 200.0
print string boolean false
18:17:37.011 [main] INFO  AV.BMS -  OSD 00 currentime 200.0
obstacle not detected currenttime 220.0
print string boolean false
18:17:38.201 [main] INFO  AV.BMS -  OSD 00 currentime 220.0
obstacle not detected currenttime 240.0
print string boolean false
18:17:39.339 [main] INFO  AV.BMS -  OSD 00 currentime 240.0
obstacle not detected currenttime 260.0
print string boolean false
18:17:40.619 [main] INFO  AV.BMS -  OSD 00 currentime 260.0
obstacle not detected currenttime 280.0
print string boolean false
18:17:41.817 [main] INFO  AV.BMS -  OSD 00 currentime 280.0
obstacle not detected currenttime 300.0
print string boolean false
18:17:42.984 [main] INFO  AV.BMS -  OSD 00 currentime 300.0
obstacle not detected currenttime 320.0
print string boolean false
18:17:44.252 [main] INFO  AV.BMS -  OSD 00 currentime 320.0
obstacle not detected currenttime 340.0
print string boolean false
18:17:45.403 [main] INFO  AV.BMS -  OSD 00 currentime 340.0
obstacle not detected currenttime 360.0
print string boolean false
18:17:46.629 [main] INFO  AV.BMS -  OSD 00 currentime 360.0
obstacle not detected currenttime 380.0
print string boolean false
18:17:47.889 [main] INFO  AV.BMS -  OSD 00 currentime 380.0
obstacle not detected currenttime 400.0
print string boolean false
18:17:49.085 [main] INFO  AV.BMS -  OSD 00 currentime 400.0
obstacle not detected currenttime 420.0
print string boolean false
18:17:50.188 [main] INFO  AV.BMS -  OSD 00 currentime 420.0
obstacle not detected currenttime 440.0
print string boolean false
18:17:51.256 [main] INFO  AV.BMS -  OSD 00 currentime 440.0
obstacle not detected currenttime 460.0
print string boolean false
18:17:52.506 [main] INFO  AV.BMS -  OSD 00 currentime 460.0
obstacle not detected currenttime 480.0
print string boolean false
18:17:53.659 [main] INFO  AV.BMS -  OSD 00 currentime 480.0
obstacle not detected currenttime 500.0
print string boolean false
18:17:54.705 [main] INFO  AV.BMS -  OSD 00 currentime 500.0
obstacle not detected currenttime 520.0
print string boolean false
18:17:55.794 [main] INFO  AV.BMS -  OSD 00 currentime 520.0
obstacle not detected currenttime 540.0
print string boolean false
18:17:56.968 [main] INFO  AV.BMS -  OSD 00 currentime 540.0
obstacle not detected currenttime 560.0
print string boolean false
18:17:58.066 [main] INFO  AV.BMS -  OSD 00 currentime 560.0
obstacle not detected currenttime 580.0
print string boolean false
18:17:59.106 [main] INFO  AV.BMS -  OSD 00 currentime 580.0
obstacle not detected currenttime 600.0
print string boolean false
18:18:00.141 [main] INFO  AV.BMS -  OSD 00 currentime 600.0
obstacle detected
18:18:01.360 [main] INFO  AV.BMS - obstacle distance true currenttime 620.0
print string boolean true
18:18:01.361 [main] INFO  AV.BMS -  OSD 00 currentime 620.0
obstacle detected
18:18:02.496 [main] INFO  AV.BMS - obstacle distance true currenttime 640.0
print string boolean true
18:18:02.499 [main] INFO  AV.BMS -  OSD 00 currentime 640.0
obstacle detected
18:18:03.569 [main] INFO  AV.BMS - obstacle distance true currenttime 660.0
print string boolean true
18:18:03.570 [main] INFO  AV.BMS -  OSD 00 currentime 660.0
obstacle detected
18:18:04.708 [main] INFO  AV.BMS - obstacle distance true currenttime 680.0
print string boolean true
18:18:04.709 [main] INFO  AV.BMS -  OSD 00 currentime 680.0
obstacle detected
18:18:05.734 [main] INFO  AV.BMS - obstacle distance true currenttime 700.0
print string boolean true
18:18:05.735 [main] INFO  AV.BMS -  OSD 00 currentime 700.0
obstacle detected
18:18:06.882 [main] INFO  AV.BMS - obstacle distance true currenttime 720.0
print string boolean true
18:18:06.882 [main] INFO  AV.BMS -  OSD 00 currentime 720.0
obstacle detected
18:18:07.978 [main] INFO  AV.BMS - obstacle distance true currenttime 740.0
print string boolean true
18:18:07.979 [main] INFO  AV.BMS -  OSD 00 currentime 740.0
obstacle detected
18:18:09.066 [main] INFO  AV.BMS - obstacle distance true currenttime 760.0
print string boolean true
18:18:09.067 [main] INFO  AV.BMS -  OSD 00 currentime 760.0
obstacle detected
18:18:10.184 [main] INFO  AV.BMS - obstacle distance true currenttime 780.0
print string boolean true
18:18:10.186 [main] INFO  AV.BMS -  OSD 00 currentime 780.0
obstacle not detected currenttime 800.0
print string boolean false
18:18:11.266 [main] INFO  AV.BMS -  OSD 00 currentime 800.0
obstacle not detected currenttime 820.0
print string boolean false
18:18:12.371 [main] INFO  AV.BMS -  OSD 00 currentime 820.0
obstacle not detected currenttime 840.0
print string boolean false
18:18:13.445 [main] INFO  AV.BMS -  OSD 00 currentime 840.0
obstacle not detected currenttime 860.0
print string boolean false
18:18:14.939 [main] INFO  AV.BMS -  OSD 00 currentime 860.0
obstacle not detected currenttime 880.0
print string boolean false
18:18:16.026 [main] INFO  AV.BMS -  OSD 00 currentime 880.0
obstacle not detected currenttime 900.0
print string boolean false
18:18:17.106 [main] INFO  AV.BMS -  OSD 00 currentime 900.0
obstacle not detected currenttime 920.0
print string boolean false
18:18:18.187 [main] INFO  AV.BMS -  OSD 00 currentime 920.0
obstacle not detected currenttime 940.0
print string boolean false
18:18:19.227 [main] INFO  AV.BMS -  OSD 00 currentime 940.0
obstacle not detected currenttime 960.0
print string boolean false
18:18:20.247 [main] INFO  AV.BMS -  OSD 00 currentime 960.0
obstacle not detected currenttime 980.0
print string boolean false
18:18:21.287 [main] INFO  AV.BMS -  OSD 00 currentime 980.0
obstacle not detected currenttime 1000.0
print string boolean false
18:18:22.323 [main] INFO  AV.BMS -  OSD 00 currentime 1000.0
obstacle not detected currenttime 1020.0
print string boolean false
18:18:23.385 [main] INFO  AV.BMS -  OSD 00 currentime 1020.0
obstacle not detected currenttime 1040.0
print string boolean false
18:18:24.457 [main] INFO  AV.BMS -  OSD 00 currentime 1040.0
obstacle not detected currenttime 1060.0
print string boolean false
18:18:25.494 [main] INFO  AV.BMS -  OSD 00 currentime 1060.0
obstacle not detected currenttime 1080.0
print string boolean false
18:18:26.556 [main] INFO  AV.BMS -  OSD 00 currentime 1080.0
obstacle not detected currenttime 1100.0
print string boolean false
18:18:27.622 [main] INFO  AV.BMS -  OSD 00 currentime 1100.0
obstacle not detected currenttime 1120.0
print string boolean false
18:18:28.694 [main] INFO  AV.BMS -  OSD 00 currentime 1120.0
obstacle not detected currenttime 1140.0
print string boolean false
18:18:29.739 [main] INFO  AV.BMS -  OSD 00 currentime 1140.0
obstacle not detected currenttime 1160.0
print string boolean false
18:18:30.787 [main] INFO  AV.BMS -  OSD 00 currentime 1160.0
obstacle not detected currenttime 1180.0
print string boolean false
18:18:32.270 [main] INFO  AV.BMS -  OSD 00 currentime 1180.0
^C^C^C