
-------------------------------------------------------------------
GMS: address=vagrant-13725, cluster=AV, physical address=10.0.2.15:54782
-------------------------------------------------------------------
02:09:47.156 [main] INFO  AV.BMS - waiting on readyToPopulate...
02:10:10.957 [main] INFO  AV.BMS - ...synchronized on readyToPopulate
02:10:10.957 [main] INFO  AV.BMS - waiting on readyToRun...
02:10:11.209 [main] INFO  AV.BMS - ...synchronized on readyToRun
02:10:11.213 [main] INFO  AV.BMS - started logical time progression
inside
02:10:11.215 [main] INFO  AV.BMS - obstacle distance 1999 currenttime 0.0
02:10:11.215 [main] INFO  AV.BMS -  OSD 00 currentime 0.0
inside
02:10:13.963 [main] INFO  AV.BMS - obstacle distance 1998 currenttime 20.0
02:10:13.963 [main] INFO  AV.BMS -  OSD 00 currentime 20.0
inside
02:10:15.209 [main] INFO  AV.BMS - obstacle distance 1997 currenttime 40.0
02:10:15.209 [main] INFO  AV.BMS -  OSD 00 currentime 40.0
inside
02:10:16.456 [main] INFO  AV.BMS - obstacle distance 1996 currenttime 60.0
02:10:16.456 [main] INFO  AV.BMS -  OSD 00 currentime 60.0
inside
02:10:17.645 [main] INFO  AV.BMS - obstacle distance 1995 currenttime 80.0
02:10:17.645 [main] INFO  AV.BMS -  OSD 00 currentime 80.0
inside
02:10:18.833 [main] INFO  AV.BMS - obstacle distance 1994 currenttime 100.0
02:10:18.834 [main] INFO  AV.BMS -  OSD 00 currentime 100.0
inside
02:10:19.926 [main] INFO  AV.BMS - obstacle distance 1993 currenttime 120.0
02:10:19.927 [main] INFO  AV.BMS -  OSD 00 currentime 120.0
inside
02:10:20.956 [main] INFO  AV.BMS - obstacle distance 1992 currenttime 140.0
02:10:20.956 [main] INFO  AV.BMS -  OSD 00 currentime 140.0
inside
02:10:22.124 [main] INFO  AV.BMS - obstacle distance 1991 currenttime 160.0
02:10:22.125 [main] INFO  AV.BMS -  OSD 00 currentime 160.0
inside
02:10:23.170 [main] INFO  AV.BMS - obstacle distance 1990 currenttime 180.0
02:10:23.170 [main] INFO  AV.BMS -  OSD 00 currentime 180.0
inside
02:10:24.957 [main] INFO  AV.BMS - obstacle distance 1989 currenttime 200.0
02:10:24.958 [main] INFO  AV.BMS -  OSD 00 currentime 200.0
inside
02:10:26.025 [main] INFO  AV.BMS - obstacle distance 1988 currenttime 220.0
02:10:26.025 [main] INFO  AV.BMS -  OSD 00 currentime 220.0
inside
02:10:27.092 [main] INFO  AV.BMS - obstacle distance 1987 currenttime 240.0
02:10:27.093 [main] INFO  AV.BMS -  OSD 00 currentime 240.0
inside
02:10:28.212 [main] INFO  AV.BMS - obstacle distance 1986 currenttime 260.0
02:10:28.213 [main] INFO  AV.BMS -  OSD 00 currentime 260.0
inside
02:10:29.278 [main] INFO  AV.BMS - obstacle distance 1985 currenttime 280.0
02:10:29.278 [main] INFO  AV.BMS -  OSD 00 currentime 280.0
inside
02:10:30.403 [main] INFO  AV.BMS - obstacle distance 1984 currenttime 300.0
02:10:30.403 [main] INFO  AV.BMS -  OSD 00 currentime 300.0
inside
02:10:31.474 [main] INFO  AV.BMS - obstacle distance 1983 currenttime 320.0
02:10:31.475 [main] INFO  AV.BMS -  OSD 00 currentime 320.0
inside
02:10:32.520 [main] INFO  AV.BMS - obstacle distance 1982 currenttime 340.0
02:10:32.520 [main] INFO  AV.BMS -  OSD 00 currentime 340.0
inside
02:10:33.602 [main] INFO  AV.BMS - obstacle distance 1981 currenttime 360.0
02:10:33.603 [main] INFO  AV.BMS -  OSD 00 currentime 360.0
inside
02:10:34.771 [main] INFO  AV.BMS - obstacle distance 1980 currenttime 380.0
02:10:34.772 [main] INFO  AV.BMS -  OSD 00 currentime 380.0
inside
02:10:35.804 [main] INFO  AV.BMS - obstacle distance 1979 currenttime 400.0
02:10:35.808 [main] INFO  AV.BMS -  OSD 00 currentime 400.0
inside
02:10:36.941 [main] INFO  AV.BMS - obstacle distance 1978 currenttime 420.0
02:10:36.941 [main] INFO  AV.BMS -  OSD 00 currentime 420.0
inside
02:10:38.009 [main] INFO  AV.BMS - obstacle distance 1977 currenttime 440.0
02:10:38.009 [main] INFO  AV.BMS -  OSD 00 currentime 440.0
inside
02:10:39.013 [main] INFO  AV.BMS - obstacle distance 1976 currenttime 460.0
02:10:39.014 [main] INFO  AV.BMS -  OSD 00 currentime 460.0
inside
02:10:40.004 [main] INFO  AV.BMS - obstacle distance 1975 currenttime 480.0
02:10:40.004 [main] INFO  AV.BMS -  OSD 00 currentime 480.0
inside
02:10:41.030 [main] INFO  AV.BMS - obstacle distance 1974 currenttime 500.0
02:10:41.031 [main] INFO  AV.BMS -  OSD 00 currentime 500.0
inside
02:10:42.088 [main] INFO  AV.BMS - obstacle distance 1973 currenttime 520.0
02:10:42.089 [main] INFO  AV.BMS -  OSD 00 currentime 520.0
inside
02:10:43.079 [main] INFO  AV.BMS - obstacle distance 1972 currenttime 540.0
02:10:43.079 [main] INFO  AV.BMS -  OSD 00 currentime 540.0
inside
02:10:44.216 [main] INFO  AV.BMS - obstacle distance 1971 currenttime 560.0
02:10:44.219 [main] INFO  AV.BMS -  OSD 00 currentime 560.0
inside
02:10:45.273 [main] INFO  AV.BMS - obstacle distance 1970 currenttime 580.0
02:10:45.281 [main] INFO  AV.BMS -  OSD 00 currentime 580.0
inside
02:10:46.353 [main] INFO  AV.BMS - obstacle distance 1969 currenttime 600.0
02:10:46.353 [main] INFO  AV.BMS -  OSD 00 currentime 600.0
inside
02:10:47.403 [main] INFO  AV.BMS - obstacle distance 1968 currenttime 620.0
02:10:47.404 [main] INFO  AV.BMS -  OSD 00 currentime 620.0
inside
02:10:48.482 [main] INFO  AV.BMS - obstacle distance 1967 currenttime 640.0
02:10:48.483 [main] INFO  AV.BMS -  OSD 00 currentime 640.0
inside
02:10:49.563 [main] INFO  AV.BMS - obstacle distance 1966 currenttime 660.0
02:10:49.564 [main] INFO  AV.BMS -  OSD 00 currentime 660.0
inside
02:10:50.544 [main] INFO  AV.BMS - obstacle distance 1965 currenttime 680.0
02:10:50.545 [main] INFO  AV.BMS -  OSD 00 currentime 680.0
inside
02:10:51.602 [main] INFO  AV.BMS - obstacle distance 1964 currenttime 700.0
02:10:51.603 [main] INFO  AV.BMS -  OSD 00 currentime 700.0
inside
02:10:52.640 [main] INFO  AV.BMS - obstacle distance 1963 currenttime 720.0
02:10:52.641 [main] INFO  AV.BMS -  OSD 00 currentime 720.0
inside
02:10:53.888 [main] INFO  AV.BMS - obstacle distance 1962 currenttime 740.0
02:10:53.888 [main] INFO  AV.BMS -  OSD 00 currentime 740.0
inside
02:10:54.913 [main] INFO  AV.BMS - obstacle distance 1961 currenttime 760.0
02:10:54.914 [main] INFO  AV.BMS -  OSD 00 currentime 760.0
inside
02:10:55.872 [main] INFO  AV.BMS - obstacle distance 1960 currenttime 780.0
02:10:55.872 [main] INFO  AV.BMS -  OSD 00 currentime 780.0
inside
02:10:56.869 [main] INFO  AV.BMS - obstacle distance 1959 currenttime 800.0
02:10:56.870 [main] INFO  AV.BMS -  OSD 00 currentime 800.0
inside
02:10:57.864 [main] INFO  AV.BMS - obstacle distance 1958 currenttime 820.0
02:10:57.865 [main] INFO  AV.BMS -  OSD 00 currentime 820.0
inside
02:10:58.843 [main] INFO  AV.BMS - obstacle distance 1957 currenttime 840.0
02:10:58.843 [main] INFO  AV.BMS -  OSD 00 currentime 840.0
inside
02:10:59.896 [main] INFO  AV.BMS - obstacle distance 1956 currenttime 860.0
02:10:59.897 [main] INFO  AV.BMS -  OSD 00 currentime 860.0
inside
02:11:00.883 [main] INFO  AV.BMS - obstacle distance 1955 currenttime 880.0
02:11:00.884 [main] INFO  AV.BMS -  OSD 00 currentime 880.0
inside
02:11:01.916 [main] INFO  AV.BMS - obstacle distance 1954 currenttime 900.0
02:11:01.917 [main] INFO  AV.BMS -  OSD 00 currentime 900.0
inside
02:11:02.885 [main] INFO  AV.BMS - obstacle distance 1953 currenttime 920.0
02:11:02.885 [main] INFO  AV.BMS -  OSD 00 currentime 920.0
inside
02:11:03.993 [main] INFO  AV.BMS - obstacle distance 1952 currenttime 940.0
02:11:03.993 [main] INFO  AV.BMS -  OSD 00 currentime 940.0
inside
02:11:04.984 [main] INFO  AV.BMS - obstacle distance 1951 currenttime 960.0
02:11:04.984 [main] INFO  AV.BMS -  OSD 00 currentime 960.0
inside
02:11:05.968 [main] INFO  AV.BMS - obstacle distance 1950 currenttime 980.0
02:11:05.968 [main] INFO  AV.BMS -  OSD 00 currentime 980.0
inside
02:11:07.013 [main] INFO  AV.BMS - obstacle distance 1949 currenttime 1000.0
02:11:07.013 [main] INFO  AV.BMS -  OSD 00 currentime 1000.0
inside
02:11:08.038 [main] INFO  AV.BMS - obstacle distance 1948 currenttime 1020.0
02:11:08.038 [main] INFO  AV.BMS -  OSD 00 currentime 1020.0
inside
02:11:09.070 [main] INFO  AV.BMS - obstacle distance 1947 currenttime 1040.0
02:11:09.070 [main] INFO  AV.BMS -  OSD 00 currentime 1040.0
inside
02:11:10.053 [main] INFO  AV.BMS - obstacle distance 1946 currenttime 1060.0
02:11:10.054 [main] INFO  AV.BMS -  OSD 00 currentime 1060.0
02:11:10.649 [main] INFO  org.cpswt.hla.SynchronizedFederate - BMS-c9f6a44a-e1e5-4daf-902a-52221f43493b: SimEnd interaction received, exiting...
02:11:10.650 [main] INFO  org.cpswt.hla.SynchronizedFederate - Exiting gracefully ....
02:11:15.696 [main] INFO  AV.BMS - Done.
