
-------------------------------------------------------------------
GMS: address=vagrant-59092, cluster=AV, physical address=10.0.2.15:55940
-------------------------------------------------------------------
16:00:49.032 [main] INFO  AV.BMS - waiting on readyToPopulate...
16:01:10.535 [main] INFO  AV.BMS - ...synchronized on readyToPopulate
16:01:10.536 [main] INFO  AV.BMS - waiting on readyToRun...
16:01:10.789 [main] INFO  AV.BMS - ...synchronized on readyToRun
16:01:10.792 [main] INFO  AV.BMS - started logical time progression
obstacle not detected currenttime 0.0
print string boolean false
16:01:10.795 [main] INFO  AV.BMS -  OSD 00 currentime 0.0
obstacle not detected currenttime 20.0
print string boolean false
16:01:12.959 [main] INFO  AV.BMS -  OSD 00 currentime 20.0
obstacle not detected currenttime 40.0
print string boolean false
16:01:14.336 [main] INFO  AV.BMS -  OSD 00 currentime 40.0
obstacle not detected currenttime 60.0
print string boolean false
16:01:15.573 [main] INFO  AV.BMS -  OSD 00 currentime 60.0
obstacle not detected currenttime 80.0
print string boolean false
16:01:16.761 [main] INFO  AV.BMS -  OSD 00 currentime 80.0
obstacle not detected currenttime 100.0
print string boolean false
16:01:17.786 [main] INFO  AV.BMS -  OSD 00 currentime 100.0
obstacle not detected currenttime 120.0
print string boolean false
16:01:18.860 [main] INFO  AV.BMS -  OSD 00 currentime 120.0
obstacle not detected currenttime 140.0
print string boolean false
16:01:19.919 [main] INFO  AV.BMS -  OSD 00 currentime 140.0
obstacle not detected currenttime 160.0
print string boolean false
16:01:21.000 [main] INFO  AV.BMS -  OSD 00 currentime 160.0
obstacle not detected currenttime 180.0
print string boolean false
16:01:22.091 [main] INFO  AV.BMS -  OSD 00 currentime 180.0
obstacle not detected currenttime 200.0
print string boolean false
16:01:23.762 [main] INFO  AV.BMS -  OSD 00 currentime 200.0
obstacle not detected currenttime 220.0
print string boolean false
16:01:24.795 [main] INFO  AV.BMS -  OSD 00 currentime 220.0
obstacle not detected currenttime 240.0
print string boolean false
16:01:25.833 [main] INFO  AV.BMS -  OSD 00 currentime 240.0
obstacle not detected currenttime 260.0
print string boolean false
16:01:26.836 [main] INFO  AV.BMS -  OSD 00 currentime 260.0
obstacle not detected currenttime 280.0
print string boolean false
16:01:27.850 [main] INFO  AV.BMS -  OSD 00 currentime 280.0
obstacle not detected currenttime 300.0
print string boolean false
16:01:28.892 [main] INFO  AV.BMS -  OSD 00 currentime 300.0
obstacle not detected currenttime 320.0
print string boolean false
16:01:29.913 [main] INFO  AV.BMS -  OSD 00 currentime 320.0
obstacle not detected currenttime 340.0
print string boolean false
16:01:30.931 [main] INFO  AV.BMS -  OSD 00 currentime 340.0
obstacle not detected currenttime 360.0
print string boolean false
16:01:31.954 [main] INFO  AV.BMS -  OSD 00 currentime 360.0
obstacle not detected currenttime 380.0
print string boolean false
16:01:32.956 [main] INFO  AV.BMS -  OSD 00 currentime 380.0
obstacle not detected currenttime 400.0
print string boolean false
16:01:33.977 [main] INFO  AV.BMS -  OSD 00 currentime 400.0
obstacle not detected currenttime 420.0
print string boolean false
16:01:34.973 [main] INFO  AV.BMS -  OSD 00 currentime 420.0
obstacle not detected currenttime 440.0
print string boolean false
16:01:35.933 [main] INFO  AV.BMS -  OSD 00 currentime 440.0
obstacle not detected currenttime 460.0
print string boolean false
16:01:36.939 [main] INFO  AV.BMS -  OSD 00 currentime 460.0
obstacle not detected currenttime 480.0
print string boolean false
16:01:37.930 [main] INFO  AV.BMS -  OSD 00 currentime 480.0
obstacle not detected currenttime 500.0
print string boolean false
16:01:38.922 [main] INFO  AV.BMS -  OSD 00 currentime 500.0
obstacle not detected currenttime 520.0
print string boolean false
16:01:39.876 [main] INFO  AV.BMS -  OSD 00 currentime 520.0
obstacle not detected currenttime 540.0
print string boolean false
16:01:40.899 [main] INFO  AV.BMS -  OSD 00 currentime 540.0
obstacle not detected currenttime 560.0
print string boolean false
16:01:41.891 [main] INFO  AV.BMS -  OSD 00 currentime 560.0
obstacle not detected currenttime 580.0
print string boolean false
16:01:42.961 [main] INFO  AV.BMS -  OSD 00 currentime 580.0
obstacle not detected currenttime 600.0
print string boolean false
16:01:43.957 [main] INFO  AV.BMS -  OSD 00 currentime 600.0
obstacle not detected currenttime 620.0
print string boolean false
16:01:44.983 [main] INFO  AV.BMS -  OSD 00 currentime 620.0
obstacle not detected currenttime 640.0
print string boolean false
16:01:45.968 [main] INFO  AV.BMS -  OSD 00 currentime 640.0
obstacle not detected currenttime 660.0
print string boolean false
16:01:47.002 [main] INFO  AV.BMS -  OSD 00 currentime 660.0
obstacle not detected currenttime 680.0
print string boolean false
16:01:48.017 [main] INFO  AV.BMS -  OSD 00 currentime 680.0
obstacle not detected currenttime 700.0
print string boolean false
16:01:48.998 [main] INFO  AV.BMS -  OSD 00 currentime 700.0
obstacle not detected currenttime 720.0
print string boolean false
16:01:50.003 [main] INFO  AV.BMS -  OSD 00 currentime 720.0
obstacle not detected currenttime 740.0
print string boolean false
16:01:51.032 [main] INFO  AV.BMS -  OSD 00 currentime 740.0
obstacle not detected currenttime 760.0
print string boolean false
16:01:52.196 [main] INFO  AV.BMS -  OSD 00 currentime 760.0
obstacle not detected currenttime 780.0
print string boolean false
16:01:53.177 [main] INFO  AV.BMS -  OSD 00 currentime 780.0
obstacle not detected currenttime 800.0
print string boolean false
16:01:54.180 [main] INFO  AV.BMS -  OSD 00 currentime 800.0
obstacle not detected currenttime 820.0
print string boolean false
16:01:55.136 [main] INFO  AV.BMS -  OSD 00 currentime 820.0
obstacle not detected currenttime 840.0
print string boolean false
16:01:56.149 [main] INFO  AV.BMS -  OSD 00 currentime 840.0
obstacle not detected currenttime 860.0
print string boolean false
16:01:57.130 [main] INFO  AV.BMS -  OSD 00 currentime 860.0
obstacle not detected currenttime 880.0
print string boolean false
16:01:58.114 [main] INFO  AV.BMS -  OSD 00 currentime 880.0
obstacle not detected currenttime 900.0
print string boolean false
16:01:59.110 [main] INFO  AV.BMS -  OSD 00 currentime 900.0
obstacle not detected currenttime 920.0
print string boolean false
16:02:00.080 [main] INFO  AV.BMS -  OSD 00 currentime 920.0
obstacle not detected currenttime 940.0
print string boolean false
16:02:01.075 [main] INFO  AV.BMS -  OSD 00 currentime 940.0
obstacle not detected currenttime 960.0
print string boolean false
16:02:02.039 [main] INFO  AV.BMS -  OSD 00 currentime 960.0
obstacle not detected currenttime 980.0
print string boolean false
16:02:02.973 [main] INFO  AV.BMS -  OSD 00 currentime 980.0
obstacle not detected currenttime 1000.0
print string boolean false
16:02:03.981 [main] INFO  AV.BMS -  OSD 00 currentime 1000.0
obstacle not detected currenttime 1020.0
print string boolean false
16:02:04.961 [main] INFO  AV.BMS -  OSD 00 currentime 1020.0
obstacle not detected currenttime 1040.0
print string boolean false
16:02:05.914 [main] INFO  AV.BMS -  OSD 00 currentime 1040.0
obstacle not detected currenttime 1060.0
print string boolean false
16:02:06.938 [main] INFO  AV.BMS -  OSD 00 currentime 1060.0
obstacle not detected currenttime 1080.0
print string boolean false
16:02:07.726 [main] INFO  AV.BMS -  OSD 00 currentime 1080.0
obstacle not detected currenttime 1100.0
print string boolean false
16:02:08.632 [main] INFO  AV.BMS -  OSD 00 currentime 1100.0
obstacle not detected currenttime 1120.0
print string boolean false
16:02:09.631 [main] INFO  AV.BMS -  OSD 00 currentime 1120.0
obstacle not detected currenttime 1140.0
print string boolean false
16:02:10.607 [main] INFO  AV.BMS -  OSD 00 currentime 1140.0
obstacle not detected currenttime 1160.0
print string boolean false
16:02:11.606 [main] INFO  AV.BMS -  OSD 00 currentime 1160.0
obstacle not detected currenttime 1180.0
print string boolean false
16:02:12.621 [main] INFO  AV.BMS -  OSD 00 currentime 1180.0
obstacle not detected currenttime 1200.0
print string boolean false
16:02:13.705 [main] INFO  AV.BMS -  OSD 00 currentime 1200.0
obstacle not detected currenttime 1220.0
print string boolean false
16:02:14.663 [main] INFO  AV.BMS -  OSD 00 currentime 1220.0
obstacle not detected currenttime 1240.0
print string boolean false
16:02:15.627 [main] INFO  AV.BMS -  OSD 00 currentime 1240.0
obstacle not detected currenttime 1260.0
print string boolean false
16:02:16.600 [main] INFO  AV.BMS -  OSD 00 currentime 1260.0
obstacle not detected currenttime 1280.0
print string boolean false
16:02:17.543 [main] INFO  AV.BMS -  OSD 00 currentime 1280.0
obstacle not detected currenttime 1300.0
print string boolean false
16:02:18.509 [main] INFO  AV.BMS -  OSD 00 currentime 1300.0
obstacle not detected currenttime 1320.0
print string boolean false
16:02:19.468 [main] INFO  AV.BMS -  OSD 00 currentime 1320.0
obstacle not detected currenttime 1340.0
print string boolean false
16:02:20.436 [main] INFO  AV.BMS -  OSD 00 currentime 1340.0
obstacle not detected currenttime 1360.0
print string boolean false
16:02:21.437 [main] INFO  AV.BMS -  OSD 00 currentime 1360.0
obstacle not detected currenttime 1380.0
print string boolean false
16:02:22.426 [main] INFO  AV.BMS -  OSD 00 currentime 1380.0
obstacle not detected currenttime 1400.0
print string boolean false
16:02:23.423 [main] INFO  AV.BMS -  OSD 00 currentime 1400.0
obstacle not detected currenttime 1420.0
print string boolean false
16:02:24.419 [main] INFO  AV.BMS -  OSD 00 currentime 1420.0
obstacle not detected currenttime 1440.0
print string boolean false
16:02:25.449 [main] INFO  AV.BMS -  OSD 00 currentime 1440.0
obstacle not detected currenttime 1460.0
print string boolean false
16:02:26.060 [main] INFO  AV.BMS -  OSD 00 currentime 1460.0
obstacle not detected currenttime 1480.0
print string boolean false
16:02:26.671 [main] INFO  AV.BMS -  OSD 00 currentime 1480.0
obstacle not detected currenttime 1500.0
print string boolean false
16:02:27.449 [main] INFO  AV.BMS -  OSD 00 currentime 1500.0
obstacle not detected currenttime 1520.0
print string boolean false
16:02:28.442 [main] INFO  AV.BMS -  OSD 00 currentime 1520.0
obstacle not detected currenttime 1540.0
print string boolean false
16:02:29.412 [main] INFO  AV.BMS -  OSD 00 currentime 1540.0
obstacle not detected currenttime 1560.0
print string boolean false
16:02:30.366 [main] INFO  AV.BMS -  OSD 00 currentime 1560.0
obstacle not detected currenttime 1580.0
print string boolean false
16:02:31.254 [main] INFO  AV.BMS -  OSD 00 currentime 1580.0
obstacle not detected currenttime 1600.0
print string boolean false
16:02:32.265 [main] INFO  AV.BMS -  OSD 00 currentime 1600.0
obstacle not detected currenttime 1620.0
print string boolean false
16:02:33.260 [main] INFO  AV.BMS -  OSD 00 currentime 1620.0
obstacle not detected currenttime 1640.0
print string boolean false
16:02:34.286 [main] INFO  AV.BMS -  OSD 00 currentime 1640.0
obstacle not detected currenttime 1660.0
print string boolean false
16:02:35.233 [main] INFO  AV.BMS -  OSD 00 currentime 1660.0
obstacle not detected currenttime 1680.0
print string boolean false
16:02:36.257 [main] INFO  AV.BMS -  OSD 00 currentime 1680.0
obstacle not detected currenttime 1700.0
print string boolean false
16:02:37.236 [main] INFO  AV.BMS -  OSD 00 currentime 1700.0
obstacle not detected currenttime 1720.0
print string boolean false
16:02:38.142 [main] INFO  AV.BMS -  OSD 00 currentime 1720.0
obstacle not detected currenttime 1740.0
print string boolean false
16:02:39.155 [main] INFO  AV.BMS -  OSD 00 currentime 1740.0
obstacle not detected currenttime 1760.0
print string boolean false
16:02:40.139 [main] INFO  AV.BMS -  OSD 00 currentime 1760.0
obstacle not detected currenttime 1780.0
print string boolean false
16:02:41.138 [main] INFO  AV.BMS -  OSD 00 currentime 1780.0
obstacle not detected currenttime 1800.0
print string boolean false
16:02:42.073 [main] INFO  AV.BMS -  OSD 00 currentime 1800.0
obstacle not detected currenttime 1820.0
print string boolean false
16:02:43.053 [main] INFO  AV.BMS -  OSD 00 currentime 1820.0
obstacle not detected currenttime 1840.0
print string boolean false
16:02:44.065 [main] INFO  AV.BMS -  OSD 00 currentime 1840.0
obstacle not detected currenttime 1860.0
print string boolean false
16:02:44.966 [main] INFO  AV.BMS -  OSD 00 currentime 1860.0
obstacle not detected currenttime 1880.0
print string boolean false
16:02:45.969 [main] INFO  AV.BMS -  OSD 00 currentime 1880.0
obstacle not detected currenttime 1900.0
print string boolean false
16:02:46.911 [main] INFO  AV.BMS -  OSD 00 currentime 1900.0
obstacle not detected currenttime 1920.0
print string boolean false
16:02:47.915 [main] INFO  AV.BMS -  OSD 00 currentime 1920.0
obstacle not detected currenttime 1940.0
print string boolean false
16:02:48.892 [main] INFO  AV.BMS -  OSD 00 currentime 1940.0
obstacle not detected currenttime 1960.0
print string boolean false
16:02:49.887 [main] INFO  AV.BMS -  OSD 00 currentime 1960.0
obstacle not detected currenttime 1980.0
print string boolean false
16:02:50.660 [main] INFO  AV.BMS -  OSD 00 currentime 1980.0
obstacle not detected currenttime 2000.0
print string boolean false
16:02:51.440 [main] INFO  AV.BMS -  OSD 00 currentime 2000.0
obstacle detected
16:02:52.443 [main] INFO  AV.BMS - obstacle distance true currenttime 2020.0
print string boolean true
16:02:52.443 [main] INFO  AV.BMS -  OSD 00 currentime 2020.0
obstacle detected
16:02:53.422 [main] INFO  AV.BMS - obstacle distance true currenttime 2040.0
print string boolean true
16:02:53.422 [main] INFO  AV.BMS -  OSD 00 currentime 2040.0
obstacle detected
16:02:54.393 [main] INFO  AV.BMS - obstacle distance true currenttime 2060.0
print string boolean true
16:02:54.394 [main] INFO  AV.BMS -  OSD 00 currentime 2060.0
obstacle detected
16:02:55.344 [main] INFO  AV.BMS - obstacle distance true currenttime 2080.0
print string boolean true
16:02:55.344 [main] INFO  AV.BMS -  OSD 00 currentime 2080.0
obstacle detected
16:02:56.314 [main] INFO  AV.BMS - obstacle distance true currenttime 2100.0
print string boolean true
16:02:56.315 [main] INFO  AV.BMS -  OSD 00 currentime 2100.0
obstacle detected
16:02:57.312 [main] INFO  AV.BMS - obstacle distance true currenttime 2120.0
print string boolean true
16:02:57.312 [main] INFO  AV.BMS -  OSD 00 currentime 2120.0
obstacle detected
16:02:58.302 [main] INFO  AV.BMS - obstacle distance true currenttime 2140.0
print string boolean true
16:02:58.303 [main] INFO  AV.BMS -  OSD 00 currentime 2140.0
obstacle detected
16:02:59.234 [main] INFO  AV.BMS - obstacle distance true currenttime 2160.0
print string boolean true
16:02:59.236 [main] INFO  AV.BMS -  OSD 00 currentime 2160.0
obstacle detected
16:03:00.213 [main] INFO  AV.BMS - obstacle distance true currenttime 2180.0
print string boolean true
16:03:00.213 [main] INFO  AV.BMS -  OSD 00 currentime 2180.0
obstacle detected
16:03:01.147 [main] INFO  AV.BMS - obstacle distance true currenttime 2200.0
print string boolean true
16:03:01.148 [main] INFO  AV.BMS -  OSD 00 currentime 2200.0
obstacle detected
16:03:02.094 [main] INFO  AV.BMS - obstacle distance true currenttime 2220.0
print string boolean true
16:03:02.096 [main] INFO  AV.BMS -  OSD 00 currentime 2220.0
obstacle detected
16:03:02.877 [main] INFO  AV.BMS - obstacle distance true currenttime 2240.0
print string boolean true
16:03:02.878 [main] INFO  AV.BMS -  OSD 00 currentime 2240.0
obstacle detected
16:03:03.891 [main] INFO  AV.BMS - obstacle distance true currenttime 2260.0
print string boolean true
16:03:03.893 [main] INFO  AV.BMS -  OSD 00 currentime 2260.0
obstacle detected
16:03:04.989 [main] INFO  AV.BMS - obstacle distance true currenttime 2280.0
print string boolean true
16:03:04.990 [main] INFO  AV.BMS -  OSD 00 currentime 2280.0
obstacle detected
16:03:05.933 [main] INFO  AV.BMS - obstacle distance true currenttime 2300.0
print string boolean true
16:03:05.934 [main] INFO  AV.BMS -  OSD 00 currentime 2300.0
obstacle detected
16:03:06.864 [main] INFO  AV.BMS - obstacle distance true currenttime 2320.0
print string boolean true
16:03:06.864 [main] INFO  AV.BMS -  OSD 00 currentime 2320.0
obstacle detected
16:03:07.910 [main] INFO  AV.BMS - obstacle distance true currenttime 2340.0
print string boolean true
16:03:07.911 [main] INFO  AV.BMS -  OSD 00 currentime 2340.0
obstacle detected
16:03:08.784 [main] INFO  AV.BMS - obstacle distance true currenttime 2360.0
print string boolean true
16:03:08.785 [main] INFO  AV.BMS -  OSD 00 currentime 2360.0
obstacle detected
16:03:09.674 [main] INFO  AV.BMS - obstacle distance true currenttime 2380.0
print string boolean true
16:03:09.674 [main] INFO  AV.BMS -  OSD 00 currentime 2380.0
obstacle detected
16:03:10.650 [main] INFO  AV.BMS - obstacle distance true currenttime 2400.0
print string boolean true
16:03:10.651 [main] INFO  AV.BMS -  OSD 00 currentime 2400.0
obstacle detected
16:03:11.654 [main] INFO  AV.BMS - obstacle distance true currenttime 2420.0
print string boolean true
16:03:11.654 [main] INFO  AV.BMS -  OSD 00 currentime 2420.0
obstacle detected
16:03:12.676 [main] INFO  AV.BMS - obstacle distance true currenttime 2440.0
print string boolean true
16:03:12.676 [main] INFO  AV.BMS -  OSD 00 currentime 2440.0
obstacle detected
16:03:13.651 [main] INFO  AV.BMS - obstacle distance true currenttime 2460.0
print string boolean true
16:03:13.652 [main] INFO  AV.BMS -  OSD 00 currentime 2460.0
obstacle detected
16:03:14.639 [main] INFO  AV.BMS - obstacle distance true currenttime 2480.0
print string boolean true
16:03:14.640 [main] INFO  AV.BMS -  OSD 00 currentime 2480.0
obstacle detected
16:03:15.614 [main] INFO  AV.BMS - obstacle distance true currenttime 2500.0
print string boolean true
16:03:15.615 [main] INFO  AV.BMS -  OSD 00 currentime 2500.0
obstacle detected
16:03:16.606 [main] INFO  AV.BMS - obstacle distance true currenttime 2520.0
print string boolean true
16:03:16.607 [main] INFO  AV.BMS -  OSD 00 currentime 2520.0
obstacle detected
16:03:17.594 [main] INFO  AV.BMS - obstacle distance true currenttime 2540.0
print string boolean true
16:03:17.600 [main] INFO  AV.BMS -  OSD 00 currentime 2540.0
obstacle detected
16:03:18.616 [main] INFO  AV.BMS - obstacle distance true currenttime 2560.0
print string boolean true
16:03:18.617 [main] INFO  AV.BMS -  OSD 00 currentime 2560.0
obstacle detected
16:03:19.595 [main] INFO  AV.BMS - obstacle distance true currenttime 2580.0
print string boolean true
16:03:19.596 [main] INFO  AV.BMS -  OSD 00 currentime 2580.0
obstacle detected
16:03:20.786 [main] INFO  AV.BMS - obstacle distance true currenttime 2600.0
print string boolean true
16:03:20.787 [main] INFO  AV.BMS -  OSD 00 currentime 2600.0
obstacle detected
16:03:21.823 [main] INFO  AV.BMS - obstacle distance true currenttime 2620.0
print string boolean true
16:03:21.824 [main] INFO  AV.BMS -  OSD 00 currentime 2620.0
obstacle detected
16:03:22.825 [main] INFO  AV.BMS - obstacle distance true currenttime 2640.0
print string boolean true
16:03:22.829 [main] INFO  AV.BMS -  OSD 00 currentime 2640.0
obstacle detected
16:03:23.804 [main] INFO  AV.BMS - obstacle distance true currenttime 2660.0
print string boolean true
16:03:23.804 [main] INFO  AV.BMS -  OSD 00 currentime 2660.0
obstacle detected
16:03:24.786 [main] INFO  AV.BMS - obstacle distance true currenttime 2680.0
print string boolean true
16:03:24.786 [main] INFO  AV.BMS -  OSD 00 currentime 2680.0
obstacle detected
16:03:25.765 [main] INFO  AV.BMS - obstacle distance true currenttime 2700.0
print string boolean true
16:03:25.766 [main] INFO  AV.BMS -  OSD 00 currentime 2700.0
obstacle detected
16:03:26.748 [main] INFO  AV.BMS - obstacle distance true currenttime 2720.0
print string boolean true
16:03:26.749 [main] INFO  AV.BMS -  OSD 00 currentime 2720.0
obstacle detected
16:03:27.763 [main] INFO  AV.BMS - obstacle distance true currenttime 2740.0
print string boolean true
16:03:27.763 [main] INFO  AV.BMS -  OSD 00 currentime 2740.0
obstacle detected
16:03:28.728 [main] INFO  AV.BMS - obstacle distance true currenttime 2760.0
print string boolean true
16:03:28.728 [main] INFO  AV.BMS -  OSD 00 currentime 2760.0
obstacle detected
16:03:29.702 [main] INFO  AV.BMS - obstacle distance true currenttime 2780.0
print string boolean true
16:03:29.702 [main] INFO  AV.BMS -  OSD 00 currentime 2780.0
obstacle detected
16:03:30.718 [main] INFO  AV.BMS - obstacle distance true currenttime 2800.0
print string boolean true
16:03:30.719 [main] INFO  AV.BMS -  OSD 00 currentime 2800.0
obstacle detected
16:03:31.736 [main] INFO  AV.BMS - obstacle distance true currenttime 2820.0
print string boolean true
16:03:31.736 [main] INFO  AV.BMS -  OSD 00 currentime 2820.0
obstacle detected
16:03:32.725 [main] INFO  AV.BMS - obstacle distance true currenttime 2840.0
print string boolean true
16:03:32.725 [main] INFO  AV.BMS -  OSD 00 currentime 2840.0
obstacle detected
16:03:33.758 [main] INFO  AV.BMS - obstacle distance true currenttime 2860.0
print string boolean true
16:03:33.758 [main] INFO  AV.BMS -  OSD 00 currentime 2860.0
obstacle detected
16:03:34.724 [main] INFO  AV.BMS - obstacle distance true currenttime 2880.0
print string boolean true
16:03:34.725 [main] INFO  AV.BMS -  OSD 00 currentime 2880.0
obstacle detected
16:03:35.698 [main] INFO  AV.BMS - obstacle distance true currenttime 2900.0
print string boolean true
16:03:35.698 [main] INFO  AV.BMS -  OSD 00 currentime 2900.0
obstacle detected
16:03:36.655 [main] INFO  AV.BMS - obstacle distance true currenttime 2920.0
print string boolean true
16:03:36.656 [main] INFO  AV.BMS -  OSD 00 currentime 2920.0
obstacle detected
16:03:37.511 [main] INFO  AV.BMS - obstacle distance true currenttime 2940.0
print string boolean true
16:03:37.512 [main] INFO  AV.BMS -  OSD 00 currentime 2940.0
obstacle detected
16:03:38.458 [main] INFO  AV.BMS - obstacle distance true currenttime 2960.0
print string boolean true
16:03:38.459 [main] INFO  AV.BMS -  OSD 00 currentime 2960.0
obstacle detected
16:03:39.438 [main] INFO  AV.BMS - obstacle distance true currenttime 2980.0
print string boolean true
16:03:39.443 [main] INFO  AV.BMS -  OSD 00 currentime 2980.0
obstacle detected
16:03:40.428 [main] INFO  AV.BMS - obstacle distance true currenttime 3000.0
print string boolean true
16:03:40.432 [main] INFO  AV.BMS -  OSD 00 currentime 3000.0
obstacle detected
16:03:41.463 [main] INFO  AV.BMS - obstacle distance true currenttime 3020.0
print string boolean true
16:03:41.464 [main] INFO  AV.BMS -  OSD 00 currentime 3020.0
obstacle detected
16:03:42.465 [main] INFO  AV.BMS - obstacle distance true currenttime 3040.0
print string boolean true
16:03:42.466 [main] INFO  AV.BMS -  OSD 00 currentime 3040.0
obstacle detected
16:03:43.412 [main] INFO  AV.BMS - obstacle distance true currenttime 3060.0
print string boolean true
16:03:43.413 [main] INFO  AV.BMS -  OSD 00 currentime 3060.0
obstacle detected
16:03:44.383 [main] INFO  AV.BMS - obstacle distance true currenttime 3080.0
print string boolean true
16:03:44.384 [main] INFO  AV.BMS -  OSD 00 currentime 3080.0
obstacle detected
16:03:45.268 [main] INFO  AV.BMS - obstacle distance true currenttime 3100.0
print string boolean true
16:03:45.268 [main] INFO  AV.BMS -  OSD 00 currentime 3100.0
obstacle detected
16:03:46.149 [main] INFO  AV.BMS - obstacle distance true currenttime 3120.0
print string boolean true
16:03:46.150 [main] INFO  AV.BMS -  OSD 00 currentime 3120.0
obstacle detected
16:03:47.106 [main] INFO  AV.BMS - obstacle distance true currenttime 3140.0
print string boolean true
16:03:47.107 [main] INFO  AV.BMS -  OSD 00 currentime 3140.0
obstacle detected
16:03:48.072 [main] INFO  AV.BMS - obstacle distance true currenttime 3160.0
print string boolean true
16:03:48.072 [main] INFO  AV.BMS -  OSD 00 currentime 3160.0
obstacle detected
16:03:49.049 [main] INFO  AV.BMS - obstacle distance true currenttime 3180.0
print string boolean true
16:03:49.049 [main] INFO  AV.BMS -  OSD 00 currentime 3180.0
obstacle detected
16:03:50.022 [main] INFO  AV.BMS - obstacle distance true currenttime 3200.0
print string boolean true
16:03:50.023 [main] INFO  AV.BMS -  OSD 00 currentime 3200.0
obstacle detected
16:03:50.924 [main] INFO  AV.BMS - obstacle distance true currenttime 3220.0
print string boolean true
16:03:50.924 [main] INFO  AV.BMS -  OSD 00 currentime 3220.0
obstacle detected
16:03:51.865 [main] INFO  AV.BMS - obstacle distance true currenttime 3240.0
print string boolean true
16:03:51.866 [main] INFO  AV.BMS -  OSD 00 currentime 3240.0
obstacle detected
16:03:52.867 [main] INFO  AV.BMS - obstacle distance true currenttime 3260.0
print string boolean true
16:03:52.867 [main] INFO  AV.BMS -  OSD 00 currentime 3260.0
obstacle detected
16:03:53.870 [main] INFO  AV.BMS - obstacle distance true currenttime 3280.0
print string boolean true
16:03:53.870 [main] INFO  AV.BMS -  OSD 00 currentime 3280.0
obstacle detected
16:03:55.014 [main] INFO  AV.BMS - obstacle distance true currenttime 3300.0
print string boolean true
16:03:55.014 [main] INFO  AV.BMS -  OSD 00 currentime 3300.0
obstacle detected
16:03:55.988 [main] INFO  AV.BMS - obstacle distance true currenttime 3320.0
print string boolean true
16:03:55.989 [main] INFO  AV.BMS -  OSD 00 currentime 3320.0
obstacle detected
16:03:57.008 [main] INFO  AV.BMS - obstacle distance true currenttime 3340.0
print string boolean true
16:03:57.009 [main] INFO  AV.BMS -  OSD 00 currentime 3340.0
obstacle detected
16:03:57.954 [main] INFO  AV.BMS - obstacle distance true currenttime 3360.0
print string boolean true
16:03:57.956 [main] INFO  AV.BMS -  OSD 00 currentime 3360.0
obstacle detected
16:03:58.953 [main] INFO  AV.BMS - obstacle distance true currenttime 3380.0
print string boolean true
16:03:58.953 [main] INFO  AV.BMS -  OSD 00 currentime 3380.0
obstacle detected
16:04:00.028 [main] INFO  AV.BMS - obstacle distance true currenttime 3400.0
print string boolean true
16:04:00.028 [main] INFO  AV.BMS -  OSD 00 currentime 3400.0
obstacle detected
16:04:00.971 [main] INFO  AV.BMS - obstacle distance true currenttime 3420.0
print string boolean true
16:04:00.972 [main] INFO  AV.BMS -  OSD 00 currentime 3420.0
obstacle detected
16:04:01.948 [main] INFO  AV.BMS - obstacle distance true currenttime 3440.0
print string boolean true
16:04:01.948 [main] INFO  AV.BMS -  OSD 00 currentime 3440.0
obstacle detected
16:04:02.894 [main] INFO  AV.BMS - obstacle distance true currenttime 3460.0
print string boolean true
16:04:02.894 [main] INFO  AV.BMS -  OSD 00 currentime 3460.0
obstacle detected
16:04:04.378 [main] INFO  AV.BMS - obstacle distance true currenttime 3480.0
print string boolean true
16:04:04.380 [main] INFO  AV.BMS -  OSD 00 currentime 3480.0
obstacle detected
16:04:05.316 [main] INFO  AV.BMS - obstacle distance true currenttime 3500.0
print string boolean true
16:04:05.316 [main] INFO  AV.BMS -  OSD 00 currentime 3500.0
obstacle detected
16:04:06.300 [main] INFO  AV.BMS - obstacle distance true currenttime 3520.0
print string boolean true
16:04:06.300 [main] INFO  AV.BMS -  OSD 00 currentime 3520.0
obstacle detected
16:04:07.304 [main] INFO  AV.BMS - obstacle distance true currenttime 3540.0
print string boolean true
16:04:07.304 [main] INFO  AV.BMS -  OSD 00 currentime 3540.0
obstacle detected
16:04:08.255 [main] INFO  AV.BMS - obstacle distance true currenttime 3560.0
print string boolean true
16:04:08.255 [main] INFO  AV.BMS -  OSD 00 currentime 3560.0
obstacle detected
16:04:09.241 [main] INFO  AV.BMS - obstacle distance true currenttime 3580.0
print string boolean true
16:04:09.241 [main] INFO  AV.BMS -  OSD 00 currentime 3580.0
obstacle detected
16:04:10.104 [main] INFO  AV.BMS - obstacle distance true currenttime 3600.0
print string boolean true
16:04:10.104 [main] INFO  AV.BMS -  OSD 00 currentime 3600.0
obstacle detected
16:04:11.069 [main] INFO  AV.BMS - obstacle distance true currenttime 3620.0
print string boolean true
16:04:11.070 [main] INFO  AV.BMS -  OSD 00 currentime 3620.0
obstacle detected
16:04:12.061 [main] INFO  AV.BMS - obstacle distance true currenttime 3640.0
print string boolean true
16:04:12.061 [main] INFO  AV.BMS -  OSD 00 currentime 3640.0
obstacle detected
16:04:13.097 [main] INFO  AV.BMS - obstacle distance true currenttime 3660.0
print string boolean true
16:04:13.097 [main] INFO  AV.BMS -  OSD 00 currentime 3660.0
obstacle detected
16:04:14.077 [main] INFO  AV.BMS - obstacle distance true currenttime 3680.0
print string boolean true
16:04:14.077 [main] INFO  AV.BMS -  OSD 00 currentime 3680.0
obstacle detected
16:04:15.079 [main] INFO  AV.BMS - obstacle distance true currenttime 3700.0
print string boolean true
16:04:15.080 [main] INFO  AV.BMS -  OSD 00 currentime 3700.0
obstacle detected
16:04:16.043 [main] INFO  AV.BMS - obstacle distance true currenttime 3720.0
print string boolean true
16:04:16.043 [main] INFO  AV.BMS -  OSD 00 currentime 3720.0
obstacle detected
16:04:17.001 [main] INFO  AV.BMS - obstacle distance true currenttime 3740.0
print string boolean true
16:04:17.001 [main] INFO  AV.BMS -  OSD 00 currentime 3740.0
obstacle detected
16:04:17.982 [main] INFO  AV.BMS - obstacle distance true currenttime 3760.0
print string boolean true
16:04:17.983 [main] INFO  AV.BMS -  OSD 00 currentime 3760.0
obstacle detected
16:04:18.965 [main] INFO  AV.BMS - obstacle distance true currenttime 3780.0
print string boolean true
16:04:18.966 [main] INFO  AV.BMS -  OSD 00 currentime 3780.0
obstacle detected
16:04:19.933 [main] INFO  AV.BMS - obstacle distance true currenttime 3800.0
print string boolean true
16:04:19.933 [main] INFO  AV.BMS -  OSD 00 currentime 3800.0
obstacle detected
16:04:20.934 [main] INFO  AV.BMS - obstacle distance true currenttime 3820.0
print string boolean true
16:04:20.934 [main] INFO  AV.BMS -  OSD 00 currentime 3820.0
obstacle detected
16:04:21.893 [main] INFO  AV.BMS - obstacle distance true currenttime 3840.0
print string boolean true
16:04:21.894 [main] INFO  AV.BMS -  OSD 00 currentime 3840.0
obstacle detected
16:04:22.911 [main] INFO  AV.BMS - obstacle distance true currenttime 3860.0
print string boolean true
16:04:22.911 [main] INFO  AV.BMS -  OSD 00 currentime 3860.0
obstacle detected
16:04:23.879 [main] INFO  AV.BMS - obstacle distance true currenttime 3880.0
print string boolean true
16:04:23.879 [main] INFO  AV.BMS -  OSD 00 currentime 3880.0
obstacle detected
16:04:24.858 [main] INFO  AV.BMS - obstacle distance true currenttime 3900.0
print string boolean true
16:04:24.859 [main] INFO  AV.BMS -  OSD 00 currentime 3900.0
obstacle detected
16:04:25.677 [main] INFO  AV.BMS - obstacle distance true currenttime 3920.0
print string boolean true
16:04:25.677 [main] INFO  AV.BMS -  OSD 00 currentime 3920.0
obstacle detected
16:04:26.670 [main] INFO  AV.BMS - obstacle distance true currenttime 3940.0
print string boolean true
16:04:26.671 [main] INFO  AV.BMS -  OSD 00 currentime 3940.0
obstacle detected
16:04:27.674 [main] INFO  AV.BMS - obstacle distance true currenttime 3960.0
print string boolean true
16:04:27.674 [main] INFO  AV.BMS -  OSD 00 currentime 3960.0
obstacle detected
16:04:28.679 [main] INFO  AV.BMS - obstacle distance true currenttime 3980.0
print string boolean true
16:04:28.680 [main] INFO  AV.BMS -  OSD 00 currentime 3980.0
obstacle not detected currenttime 4000.0
print string boolean false
16:04:29.689 [main] INFO  AV.BMS -  OSD 00 currentime 4000.0
obstacle not detected currenttime 4020.0
print string boolean false
16:04:30.792 [main] INFO  AV.BMS -  OSD 00 currentime 4020.0
obstacle not detected currenttime 4040.0
print string boolean false
16:04:31.403 [main] INFO  AV.BMS -  OSD 00 currentime 4040.0
obstacle not detected currenttime 4060.0
print string boolean false
16:04:32.212 [main] INFO  AV.BMS -  OSD 00 currentime 4060.0
obstacle not detected currenttime 4080.0
print string boolean false
16:04:33.184 [main] INFO  AV.BMS -  OSD 00 currentime 4080.0
obstacle not detected currenttime 4100.0
print string boolean false
16:04:34.157 [main] INFO  AV.BMS -  OSD 00 currentime 4100.0
obstacle not detected currenttime 4120.0
print string boolean false
16:04:35.158 [main] INFO  AV.BMS -  OSD 00 currentime 4120.0
obstacle not detected currenttime 4140.0
print string boolean false
16:04:36.121 [main] INFO  AV.BMS -  OSD 00 currentime 4140.0
obstacle not detected currenttime 4160.0
print string boolean false
16:04:37.117 [main] INFO  AV.BMS -  OSD 00 currentime 4160.0
obstacle not detected currenttime 4180.0
print string boolean false
16:04:38.071 [main] INFO  AV.BMS -  OSD 00 currentime 4180.0
obstacle not detected currenttime 4200.0
print string boolean false
16:04:39.069 [main] INFO  AV.BMS -  OSD 00 currentime 4200.0
obstacle not detected currenttime 4220.0
print string boolean false
16:04:40.000 [main] INFO  AV.BMS -  OSD 00 currentime 4220.0
obstacle not detected currenttime 4240.0
print string boolean false
16:04:40.959 [main] INFO  AV.BMS -  OSD 00 currentime 4240.0
obstacle not detected currenttime 4260.0
print string boolean false
16:04:42.009 [main] INFO  AV.BMS -  OSD 00 currentime 4260.0
obstacle not detected currenttime 4280.0
print string boolean false
16:04:43.051 [main] INFO  AV.BMS -  OSD 00 currentime 4280.0
obstacle not detected currenttime 4300.0
print string boolean false
16:04:43.994 [main] INFO  AV.BMS -  OSD 00 currentime 4300.0
obstacle not detected currenttime 4320.0
print string boolean false
16:04:44.989 [main] INFO  AV.BMS -  OSD 00 currentime 4320.0
obstacle not detected currenttime 4340.0
print string boolean false
16:04:45.981 [main] INFO  AV.BMS -  OSD 00 currentime 4340.0
obstacle not detected currenttime 4360.0
print string boolean false
16:04:46.967 [main] INFO  AV.BMS -  OSD 00 currentime 4360.0
obstacle not detected currenttime 4380.0
print string boolean false
16:04:47.941 [main] INFO  AV.BMS -  OSD 00 currentime 4380.0
obstacle not detected currenttime 4400.0
print string boolean false
16:04:48.942 [main] INFO  AV.BMS -  OSD 00 currentime 4400.0
obstacle not detected currenttime 4420.0
print string boolean false
16:04:49.920 [main] INFO  AV.BMS -  OSD 00 currentime 4420.0
obstacle not detected currenttime 4440.0
print string boolean false
16:04:51.046 [main] INFO  AV.BMS -  OSD 00 currentime 4440.0
obstacle not detected currenttime 4460.0
print string boolean false
16:04:51.990 [main] INFO  AV.BMS -  OSD 00 currentime 4460.0
obstacle not detected currenttime 4480.0
print string boolean false
16:04:53.003 [main] INFO  AV.BMS -  OSD 00 currentime 4480.0
obstacle not detected currenttime 4500.0
print string boolean false
16:04:53.994 [main] INFO  AV.BMS -  OSD 00 currentime 4500.0
obstacle not detected currenttime 4520.0
print string boolean false
16:04:54.933 [main] INFO  AV.BMS -  OSD 00 currentime 4520.0
obstacle not detected currenttime 4540.0
print string boolean false
16:04:55.863 [main] INFO  AV.BMS -  OSD 00 currentime 4540.0
obstacle not detected currenttime 4560.0
print string boolean false
16:04:56.871 [main] INFO  AV.BMS -  OSD 00 currentime 4560.0
obstacle not detected currenttime 4580.0
print string boolean false
16:04:57.737 [main] INFO  AV.BMS -  OSD 00 currentime 4580.0
obstacle not detected currenttime 4600.0
print string boolean false
16:04:58.744 [main] INFO  AV.BMS -  OSD 00 currentime 4600.0
obstacle not detected currenttime 4620.0
print string boolean false
16:04:59.661 [main] INFO  AV.BMS -  OSD 00 currentime 4620.0
obstacle not detected currenttime 4640.0
print string boolean false
16:05:00.606 [main] INFO  AV.BMS -  OSD 00 currentime 4640.0
obstacle not detected currenttime 4660.0
print string boolean false
16:05:01.565 [main] INFO  AV.BMS -  OSD 00 currentime 4660.0
obstacle not detected currenttime 4680.0
print string boolean false
16:05:02.550 [main] INFO  AV.BMS -  OSD 00 currentime 4680.0
obstacle not detected currenttime 4700.0
print string boolean false
16:05:03.564 [main] INFO  AV.BMS -  OSD 00 currentime 4700.0
obstacle not detected currenttime 4720.0
print string boolean false
16:05:04.559 [main] INFO  AV.BMS -  OSD 00 currentime 4720.0
obstacle not detected currenttime 4740.0
print string boolean false
16:05:05.554 [main] INFO  AV.BMS -  OSD 00 currentime 4740.0
obstacle not detected currenttime 4760.0
print string boolean false
16:05:06.542 [main] INFO  AV.BMS -  OSD 00 currentime 4760.0
obstacle not detected currenttime 4780.0
print string boolean false
16:05:07.548 [main] INFO  AV.BMS -  OSD 00 currentime 4780.0
obstacle not detected currenttime 4800.0
print string boolean false
16:05:08.515 [main] INFO  AV.BMS -  OSD 00 currentime 4800.0
obstacle not detected currenttime 4820.0
print string boolean false
16:05:09.503 [main] INFO  AV.BMS -  OSD 00 currentime 4820.0
obstacle not detected currenttime 4840.0
print string boolean false
16:05:10.672 [main] INFO  AV.BMS -  OSD 00 currentime 4840.0
obstacle not detected currenttime 4860.0
print string boolean false
16:05:11.610 [main] INFO  AV.BMS -  OSD 00 currentime 4860.0
obstacle not detected currenttime 4880.0
print string boolean false
16:05:12.636 [main] INFO  AV.BMS -  OSD 00 currentime 4880.0
obstacle not detected currenttime 4900.0
print string boolean false
16:05:13.645 [main] INFO  AV.BMS -  OSD 00 currentime 4900.0
obstacle not detected currenttime 4920.0
print string boolean false
16:05:14.626 [main] INFO  AV.BMS -  OSD 00 currentime 4920.0
obstacle not detected currenttime 4940.0
print string boolean false
16:05:15.598 [main] INFO  AV.BMS -  OSD 00 currentime 4940.0
obstacle not detected currenttime 4960.0
print string boolean false
16:05:16.527 [main] INFO  AV.BMS -  OSD 00 currentime 4960.0
obstacle not detected currenttime 4980.0
print string boolean false
16:05:17.518 [main] INFO  AV.BMS -  OSD 00 currentime 4980.0
obstacle not detected currenttime 5000.0
print string boolean false
16:05:18.535 [main] INFO  AV.BMS -  OSD 00 currentime 5000.0
obstacle not detected currenttime 5020.0
print string boolean false
16:05:19.511 [main] INFO  AV.BMS -  OSD 00 currentime 5020.0
obstacle not detected currenttime 5040.0
print string boolean false
16:05:20.484 [main] INFO  AV.BMS -  OSD 00 currentime 5040.0
obstacle not detected currenttime 5060.0
print string boolean false
16:05:21.459 [main] INFO  AV.BMS -  OSD 00 currentime 5060.0
obstacle not detected currenttime 5080.0
print string boolean false
16:05:22.440 [main] INFO  AV.BMS -  OSD 00 currentime 5080.0
obstacle not detected currenttime 5100.0
print string boolean false
16:05:23.432 [main] INFO  AV.BMS -  OSD 00 currentime 5100.0
obstacle not detected currenttime 5120.0
print string boolean false
16:05:24.426 [main] INFO  AV.BMS -  OSD 00 currentime 5120.0
obstacle not detected currenttime 5140.0
print string boolean false
16:05:25.328 [main] INFO  AV.BMS -  OSD 00 currentime 5140.0
obstacle not detected currenttime 5160.0
print string boolean false
16:05:26.282 [main] INFO  AV.BMS -  OSD 00 currentime 5160.0
obstacle not detected currenttime 5180.0
print string boolean false
16:05:27.211 [main] INFO  AV.BMS -  OSD 00 currentime 5180.0
obstacle not detected currenttime 5200.0
print string boolean false
16:05:28.172 [main] INFO  AV.BMS -  OSD 00 currentime 5200.0
obstacle not detected currenttime 5220.0
print string boolean false
16:05:29.160 [main] INFO  AV.BMS -  OSD 00 currentime 5220.0
obstacle not detected currenttime 5240.0
print string boolean false
16:05:30.140 [main] INFO  AV.BMS -  OSD 00 currentime 5240.0
obstacle not detected currenttime 5260.0
print string boolean false
16:05:31.096 [main] INFO  AV.BMS -  OSD 00 currentime 5260.0
obstacle not detected currenttime 5280.0
print string boolean false
16:05:32.263 [main] INFO  AV.BMS -  OSD 00 currentime 5280.0
obstacle not detected currenttime 5300.0
print string boolean false
16:05:33.207 [main] INFO  AV.BMS -  OSD 00 currentime 5300.0
obstacle not detected currenttime 5320.0
print string boolean false
16:05:34.187 [main] INFO  AV.BMS -  OSD 00 currentime 5320.0
obstacle not detected currenttime 5340.0
print string boolean false
16:05:35.165 [main] INFO  AV.BMS -  OSD 00 currentime 5340.0
obstacle not detected currenttime 5360.0
print string boolean false
16:05:36.135 [main] INFO  AV.BMS -  OSD 00 currentime 5360.0
obstacle not detected currenttime 5380.0
print string boolean false
16:05:37.118 [main] INFO  AV.BMS -  OSD 00 currentime 5380.0
obstacle not detected currenttime 5400.0
print string boolean false
16:05:38.101 [main] INFO  AV.BMS -  OSD 00 currentime 5400.0
obstacle not detected currenttime 5420.0
print string boolean false
16:05:39.038 [main] INFO  AV.BMS -  OSD 00 currentime 5420.0
obstacle not detected currenttime 5440.0
print string boolean false
16:05:40.003 [main] INFO  AV.BMS -  OSD 00 currentime 5440.0
obstacle not detected currenttime 5460.0
print string boolean false
16:05:41.013 [main] INFO  AV.BMS -  OSD 00 currentime 5460.0
obstacle not detected currenttime 5480.0
print string boolean false
16:05:42.007 [main] INFO  AV.BMS -  OSD 00 currentime 5480.0
obstacle not detected currenttime 5500.0
print string boolean false
16:05:43.015 [main] INFO  AV.BMS -  OSD 00 currentime 5500.0
obstacle not detected currenttime 5520.0
print string boolean false
16:05:44.004 [main] INFO  AV.BMS -  OSD 00 currentime 5520.0
obstacle not detected currenttime 5540.0
print string boolean false
16:05:44.984 [main] INFO  AV.BMS -  OSD 00 currentime 5540.0
obstacle not detected currenttime 5560.0
print string boolean false
16:05:45.982 [main] INFO  AV.BMS -  OSD 00 currentime 5560.0
obstacle not detected currenttime 5580.0
print string boolean false
16:05:46.986 [main] INFO  AV.BMS -  OSD 00 currentime 5580.0
obstacle not detected currenttime 5600.0
print string boolean false
16:05:47.957 [main] INFO  AV.BMS -  OSD 00 currentime 5600.0
obstacle not detected currenttime 5620.0
print string boolean false
16:05:48.925 [main] INFO  AV.BMS -  OSD 00 currentime 5620.0
obstacle not detected currenttime 5640.0
print string boolean false
16:05:49.909 [main] INFO  AV.BMS -  OSD 00 currentime 5640.0
obstacle not detected currenttime 5660.0
print string boolean false
16:05:50.860 [main] INFO  AV.BMS -  OSD 00 currentime 5660.0
obstacle not detected currenttime 5680.0
print string boolean false
16:05:51.827 [main] INFO  AV.BMS -  OSD 00 currentime 5680.0
obstacle not detected currenttime 5700.0
print string boolean false
16:05:52.799 [main] INFO  AV.BMS -  OSD 00 currentime 5700.0
obstacle not detected currenttime 5720.0
print string boolean false
16:05:53.601 [main] INFO  AV.BMS -  OSD 00 currentime 5720.0
obstacle not detected currenttime 5740.0
print string boolean false
16:05:54.576 [main] INFO  AV.BMS -  OSD 00 currentime 5740.0
obstacle not detected currenttime 5760.0
print string boolean false
16:05:55.557 [main] INFO  AV.BMS -  OSD 00 currentime 5760.0
obstacle not detected currenttime 5780.0
print string boolean false
16:05:56.475 [main] INFO  AV.BMS -  OSD 00 currentime 5780.0
obstacle not detected currenttime 5800.0
print string boolean false
16:05:57.464 [main] INFO  AV.BMS -  OSD 00 currentime 5800.0
obstacle not detected currenttime 5820.0
print string boolean false
16:05:58.451 [main] INFO  AV.BMS -  OSD 00 currentime 5820.0
obstacle not detected currenttime 5840.0
print string boolean false
16:05:59.452 [main] INFO  AV.BMS -  OSD 00 currentime 5840.0
obstacle not detected currenttime 5860.0
print string boolean false
16:06:00.416 [main] INFO  AV.BMS -  OSD 00 currentime 5860.0
obstacle not detected currenttime 5880.0
print string boolean false
16:06:01.369 [main] INFO  AV.BMS -  OSD 00 currentime 5880.0
obstacle not detected currenttime 5900.0
print string boolean false
16:06:02.335 [main] INFO  AV.BMS -  OSD 00 currentime 5900.0
obstacle not detected currenttime 5920.0
print string boolean false
16:06:03.282 [main] INFO  AV.BMS -  OSD 00 currentime 5920.0
obstacle not detected currenttime 5940.0
print string boolean false
16:06:04.255 [main] INFO  AV.BMS -  OSD 00 currentime 5940.0
obstacle not detected currenttime 5960.0
print string boolean false
16:06:05.223 [main] INFO  AV.BMS -  OSD 00 currentime 5960.0
obstacle not detected currenttime 5980.0
print string boolean false
16:06:06.211 [main] INFO  AV.BMS -  OSD 00 currentime 5980.0
obstacle not detected currenttime 6000.0
print string boolean false
16:06:07.223 [main] INFO  AV.BMS -  OSD 00 currentime 6000.0
obstacle not detected currenttime 6020.0
print string boolean false
16:06:08.220 [main] INFO  AV.BMS -  OSD 00 currentime 6020.0
obstacle not detected currenttime 6040.0
print string boolean false
16:06:09.200 [main] INFO  AV.BMS -  OSD 00 currentime 6040.0
obstacle not detected currenttime 6060.0
print string boolean false
16:06:10.197 [main] INFO  AV.BMS -  OSD 00 currentime 6060.0
obstacle not detected currenttime 6080.0
print string boolean false
16:06:11.142 [main] INFO  AV.BMS -  OSD 00 currentime 6080.0
obstacle not detected currenttime 6100.0
print string boolean false
16:06:12.140 [main] INFO  AV.BMS -  OSD 00 currentime 6100.0
