
-------------------------------------------------------------------
GMS: address=vagrant-11721, cluster=AV, physical address=10.0.2.15:50394
-------------------------------------------------------------------
19:05:39.969 [main] INFO  AV.BMS - waiting on readyToPopulate...
19:06:06.598 [main] INFO  AV.BMS - ...synchronized on readyToPopulate
19:06:06.598 [main] INFO  AV.BMS - waiting on readyToRun...
19:06:06.855 [main] INFO  AV.BMS - ...synchronized on readyToRun
19:06:06.858 [main] INFO  AV.BMS - started logical time progression
inside
19:06:06.859 [main] INFO  AV.BMS - obstacle distance 19 currenttime 0.0
19:06:06.860 [main] INFO  AV.BMS - 19
inside
19:06:06.861 [main] INFO  AV.BMS - obstacle distance 18 currenttime 0.0
19:06:06.861 [main] INFO  AV.BMS - 18
inside
19:06:06.861 [main] INFO  AV.BMS - obstacle distance 17 currenttime 0.0
19:06:06.861 [main] INFO  AV.BMS - 17
inside
19:06:06.862 [main] INFO  AV.BMS - obstacle distance 16 currenttime 0.0
19:06:06.862 [main] INFO  AV.BMS - 16
inside
19:06:06.862 [main] INFO  AV.BMS - obstacle distance 15 currenttime 0.0
19:06:06.863 [main] INFO  AV.BMS - 15
inside
19:06:06.863 [main] INFO  AV.BMS - obstacle distance 14 currenttime 0.0
19:06:06.863 [main] INFO  AV.BMS - 14
inside
19:06:06.864 [main] INFO  AV.BMS - obstacle distance 13 currenttime 0.0
19:06:06.864 [main] INFO  AV.BMS - 13
inside
19:06:06.864 [main] INFO  AV.BMS - obstacle distance 12 currenttime 0.0
19:06:06.864 [main] INFO  AV.BMS - 12
inside
19:06:06.864 [main] INFO  AV.BMS - obstacle distance 11 currenttime 0.0
19:06:06.865 [main] INFO  AV.BMS - 11
inside
19:06:06.865 [main] INFO  AV.BMS - obstacle distance 10 currenttime 0.0
19:06:06.865 [main] INFO  AV.BMS - 10
inside
19:06:06.865 [main] INFO  AV.BMS - obstacle distance 9 currenttime 0.0
19:06:06.866 [main] INFO  AV.BMS - 9
inside
19:06:06.866 [main] INFO  AV.BMS - obstacle distance 8 currenttime 0.0
19:06:06.866 [main] INFO  AV.BMS - 8
inside
19:06:06.866 [main] INFO  AV.BMS - obstacle distance 7 currenttime 0.0
19:06:06.867 [main] INFO  AV.BMS - 7
inside
19:06:06.867 [main] INFO  AV.BMS - obstacle distance 6 currenttime 0.0
19:06:06.867 [main] INFO  AV.BMS - 6
inside
19:06:06.868 [main] INFO  AV.BMS - obstacle distance 5 currenttime 0.0
19:06:06.868 [main] INFO  AV.BMS - 5
inside
19:06:06.869 [main] INFO  AV.BMS - obstacle distance 4 currenttime 0.0
19:06:06.869 [main] INFO  AV.BMS - 4
inside
19:06:06.869 [main] INFO  AV.BMS - obstacle distance 3 currenttime 0.0
19:06:06.869 [main] INFO  AV.BMS - 3
inside
19:06:06.869 [main] INFO  AV.BMS - obstacle distance 2 currenttime 0.0
19:06:06.870 [main] INFO  AV.BMS - 2
inside
19:06:06.870 [main] INFO  AV.BMS - obstacle distance 1 currenttime 0.0
19:06:06.870 [main] INFO  AV.BMS - 1
inside
19:06:06.870 [main] INFO  AV.BMS - obstacle distance 0 currenttime 0.0
19:06:06.871 [main] INFO  AV.BMS - 0
19:06:06.871 [main] INFO  AV.BMS - 0
