
-------------------------------------------------------------------
GMS: address=vagrant-18537, cluster=AV, physical address=10.0.2.15:33569
-------------------------------------------------------------------
22:55:13.063 [main] INFO  AV.BMS - waiting on readyToPopulate...
22:55:36.619 [main] INFO  AV.BMS - ...synchronized on readyToPopulate
22:55:36.620 [main] INFO  AV.BMS - waiting on readyToRun...
22:55:36.872 [main] INFO  AV.BMS - ...synchronized on readyToRun
22:55:36.881 [main] INFO  AV.BMS - started logical time progression
inside
22:55:38.545 [main] INFO  AV.BMS - obstacle distance 99 currenttime 4.0
inside
22:55:38.606 [main] INFO  AV.BMS - obstacle distance 98 currenttime 5.0
inside
22:55:40.010 [main] INFO  AV.BMS - obstacle distance 97 currenttime 24.0
inside
22:55:40.061 [main] INFO  AV.BMS - obstacle distance 96 currenttime 25.0
inside
22:55:41.289 [main] INFO  AV.BMS - obstacle distance 95 currenttime 44.0
inside
22:55:41.345 [main] INFO  AV.BMS - obstacle distance 94 currenttime 45.0
inside
22:55:42.516 [main] INFO  AV.BMS - obstacle distance 93 currenttime 64.0
inside
22:55:42.633 [main] INFO  AV.BMS - obstacle distance 92 currenttime 65.0
inside
22:55:43.811 [main] INFO  AV.BMS - obstacle distance 91 currenttime 84.0
inside
22:55:43.871 [main] INFO  AV.BMS - obstacle distance 90 currenttime 85.0
inside
22:55:44.980 [main] INFO  AV.BMS - obstacle distance 89 currenttime 104.0
inside
22:55:45.022 [main] INFO  AV.BMS - obstacle distance 88 currenttime 105.0
inside
22:55:46.092 [main] INFO  AV.BMS - obstacle distance 87 currenttime 124.0
inside
22:55:46.149 [main] INFO  AV.BMS - obstacle distance 86 currenttime 125.0
inside
22:55:47.268 [main] INFO  AV.BMS - obstacle distance 85 currenttime 144.0
inside
22:55:47.317 [main] INFO  AV.BMS - obstacle distance 84 currenttime 145.0
inside
22:55:48.579 [main] INFO  AV.BMS - obstacle distance 83 currenttime 164.0
inside
22:55:48.635 [main] INFO  AV.BMS - obstacle distance 82 currenttime 165.0
inside
22:55:50.123 [main] INFO  AV.BMS - obstacle distance 81 currenttime 184.0
inside
22:55:50.165 [main] INFO  AV.BMS - obstacle distance 80 currenttime 185.0
inside
22:55:51.193 [main] INFO  AV.BMS - obstacle distance 79 currenttime 204.0
inside
22:55:51.247 [main] INFO  AV.BMS - obstacle distance 78 currenttime 205.0
inside
22:55:52.328 [main] INFO  AV.BMS - obstacle distance 77 currenttime 224.0
inside
22:55:52.387 [main] INFO  AV.BMS - obstacle distance 76 currenttime 225.0
inside
22:55:53.617 [main] INFO  AV.BMS - obstacle distance 75 currenttime 244.0
inside
22:55:53.671 [main] INFO  AV.BMS - obstacle distance 74 currenttime 245.0
inside
22:55:54.680 [main] INFO  AV.BMS - obstacle distance 73 currenttime 264.0
inside
22:55:54.736 [main] INFO  AV.BMS - obstacle distance 72 currenttime 265.0
inside
22:55:55.741 [main] INFO  AV.BMS - obstacle distance 71 currenttime 284.0
inside
22:55:55.798 [main] INFO  AV.BMS - obstacle distance 70 currenttime 285.0
inside
22:55:56.800 [main] INFO  AV.BMS - obstacle distance 69 currenttime 304.0
inside
22:55:56.878 [main] INFO  AV.BMS - obstacle distance 68 currenttime 305.0
inside
22:55:57.882 [main] INFO  AV.BMS - obstacle distance 67 currenttime 324.0
inside
22:55:57.944 [main] INFO  AV.BMS - obstacle distance 66 currenttime 325.0
inside
22:55:58.994 [main] INFO  AV.BMS - obstacle distance 65 currenttime 344.0
inside
22:55:59.047 [main] INFO  AV.BMS - obstacle distance 64 currenttime 345.0
inside
22:56:00.069 [main] INFO  AV.BMS - obstacle distance 63 currenttime 364.0
inside
22:56:00.117 [main] INFO  AV.BMS - obstacle distance 62 currenttime 365.0
inside
22:56:01.126 [main] INFO  AV.BMS - obstacle distance 61 currenttime 384.0
inside
22:56:01.165 [main] INFO  AV.BMS - obstacle distance 60 currenttime 385.0
inside
22:56:02.216 [main] INFO  AV.BMS - obstacle distance 59 currenttime 404.0
inside
22:56:02.263 [main] INFO  AV.BMS - obstacle distance 58 currenttime 405.0
inside
22:56:03.301 [main] INFO  AV.BMS - obstacle distance 57 currenttime 424.0
inside
22:56:03.349 [main] INFO  AV.BMS - obstacle distance 56 currenttime 425.0
inside
22:56:04.971 [main] INFO  AV.BMS - obstacle distance 55 currenttime 444.0
inside
22:56:05.027 [main] INFO  AV.BMS - obstacle distance 54 currenttime 445.0
inside
22:56:05.999 [main] INFO  AV.BMS - obstacle distance 53 currenttime 464.0
inside
22:56:06.060 [main] INFO  AV.BMS - obstacle distance 52 currenttime 465.0
inside
22:56:06.974 [main] INFO  AV.BMS - obstacle distance 51 currenttime 484.0
inside
22:56:07.036 [main] INFO  AV.BMS - obstacle distance 50 currenttime 485.0
inside
22:56:07.960 [main] INFO  AV.BMS - obstacle distance 49 currenttime 504.0
inside
22:56:08.014 [main] INFO  AV.BMS - obstacle distance 48 currenttime 505.0
inside
22:56:08.979 [main] INFO  AV.BMS - obstacle distance 47 currenttime 524.0
inside
22:56:09.023 [main] INFO  AV.BMS - obstacle distance 46 currenttime 525.0
inside
22:56:10.036 [main] INFO  AV.BMS - obstacle distance 45 currenttime 544.0
inside
22:56:10.079 [main] INFO  AV.BMS - obstacle distance 44 currenttime 545.0
inside
22:56:11.045 [main] INFO  AV.BMS - obstacle distance 43 currenttime 564.0
inside
22:56:11.099 [main] INFO  AV.BMS - obstacle distance 42 currenttime 565.0
inside
22:56:12.081 [main] INFO  AV.BMS - obstacle distance 41 currenttime 584.0
inside
22:56:12.132 [main] INFO  AV.BMS - obstacle distance 40 currenttime 585.0
inside
22:56:13.144 [main] INFO  AV.BMS - obstacle distance 39 currenttime 604.0
inside
22:56:13.193 [main] INFO  AV.BMS - obstacle distance 38 currenttime 605.0
inside
22:56:14.148 [main] INFO  AV.BMS - obstacle distance 37 currenttime 624.0
inside
22:56:14.202 [main] INFO  AV.BMS - obstacle distance 36 currenttime 625.0
inside
22:56:15.124 [main] INFO  AV.BMS - obstacle distance 35 currenttime 644.0
inside
22:56:15.174 [main] INFO  AV.BMS - obstacle distance 34 currenttime 645.0
inside
22:56:16.214 [main] INFO  AV.BMS - obstacle distance 33 currenttime 664.0
inside
22:56:16.271 [main] INFO  AV.BMS - obstacle distance 32 currenttime 665.0
inside
22:56:17.238 [main] INFO  AV.BMS - obstacle distance 31 currenttime 684.0
inside
22:56:17.278 [main] INFO  AV.BMS - obstacle distance 30 currenttime 685.0
inside
22:56:18.265 [main] INFO  AV.BMS - obstacle distance 29 currenttime 704.0
inside
22:56:18.319 [main] INFO  AV.BMS - obstacle distance 28 currenttime 705.0
inside
22:56:19.286 [main] INFO  AV.BMS - obstacle distance 27 currenttime 724.0
inside
22:56:19.341 [main] INFO  AV.BMS - obstacle distance 26 currenttime 725.0
inside
22:56:20.279 [main] INFO  AV.BMS - obstacle distance 25 currenttime 744.0
inside
22:56:20.340 [main] INFO  AV.BMS - obstacle distance 24 currenttime 745.0
inside
22:56:21.300 [main] INFO  AV.BMS - obstacle distance 23 currenttime 764.0
inside
22:56:21.345 [main] INFO  AV.BMS - obstacle distance 22 currenttime 765.0
inside
22:56:22.323 [main] INFO  AV.BMS - obstacle distance 21 currenttime 784.0
inside
22:56:22.367 [main] INFO  AV.BMS - obstacle distance 20 currenttime 785.0
inside
22:56:23.319 [main] INFO  AV.BMS - obstacle distance 19 currenttime 804.0
inside
22:56:23.368 [main] INFO  AV.BMS - obstacle distance 18 currenttime 805.0
inside
22:56:24.336 [main] INFO  AV.BMS - obstacle distance 17 currenttime 824.0
inside
22:56:24.384 [main] INFO  AV.BMS - obstacle distance 16 currenttime 825.0
inside
22:56:25.370 [main] INFO  AV.BMS - obstacle distance 15 currenttime 844.0
inside
22:56:25.425 [main] INFO  AV.BMS - obstacle distance 14 currenttime 845.0
inside
22:56:26.383 [main] INFO  AV.BMS - obstacle distance 13 currenttime 864.0
inside
22:56:26.441 [main] INFO  AV.BMS - obstacle distance 12 currenttime 865.0
inside
22:56:27.380 [main] INFO  AV.BMS - obstacle distance 11 currenttime 884.0
inside
22:56:27.426 [main] INFO  AV.BMS - obstacle distance 10 currenttime 885.0
22:56:28.300 [main] INFO  org.cpswt.hla.SynchronizedFederate - BMS-d67e1f6a-792b-4082-976a-c2a0478a6c45: SimEnd interaction received, exiting...
22:56:28.307 [main] INFO  org.cpswt.hla.SynchronizedFederate - Exiting gracefully ....
22:56:33.424 [main] INFO  AV.BMS - Done.
