
-------------------------------------------------------------------
GMS: address=vagrant-15056, cluster=AV, physical address=10.0.2.15:38836
-------------------------------------------------------------------
00:30:03.483 [main] INFO  AV.BMS - waiting on readyToPopulate...
00:30:26.020 [main] INFO  AV.BMS - ...synchronized on readyToPopulate
00:30:26.020 [main] INFO  AV.BMS - waiting on readyToRun...
00:30:26.273 [main] INFO  AV.BMS - ...synchronized on readyToRun
00:30:26.276 [main] INFO  AV.BMS - started logical time progression
inside
00:30:27.395 [main] INFO  AV.BMS - obstacle distance 1999 currenttime 4.0
inside
00:30:27.447 [main] INFO  AV.BMS - obstacle distance 1998 currenttime 5.0
inside
00:30:28.925 [main] INFO  AV.BMS - obstacle distance 1997 currenttime 24.0
inside
00:30:28.981 [main] INFO  AV.BMS - obstacle distance 1996 currenttime 25.0
inside
00:30:30.190 [main] INFO  AV.BMS - obstacle distance 1995 currenttime 44.0
inside
00:30:30.262 [main] INFO  AV.BMS - obstacle distance 1994 currenttime 45.0
inside
00:30:31.321 [main] INFO  AV.BMS - obstacle distance 1993 currenttime 64.0
inside
00:30:31.381 [main] INFO  AV.BMS - obstacle distance 1992 currenttime 65.0
inside
00:30:32.624 [main] INFO  AV.BMS - obstacle distance 1991 currenttime 84.0
inside
00:30:32.674 [main] INFO  AV.BMS - obstacle distance 1990 currenttime 85.0
inside
00:30:33.794 [main] INFO  AV.BMS - obstacle distance 1989 currenttime 104.0
inside
00:30:33.856 [main] INFO  AV.BMS - obstacle distance 1988 currenttime 105.0
inside
00:30:34.899 [main] INFO  AV.BMS - obstacle distance 1987 currenttime 124.0
inside
00:30:34.937 [main] INFO  AV.BMS - obstacle distance 1986 currenttime 125.0
inside
00:30:35.994 [main] INFO  AV.BMS - obstacle distance 1985 currenttime 144.0
inside
00:30:36.038 [main] INFO  AV.BMS - obstacle distance 1984 currenttime 145.0
inside
00:30:37.248 [main] INFO  AV.BMS - obstacle distance 1983 currenttime 164.0
inside
00:30:37.287 [main] INFO  AV.BMS - obstacle distance 1982 currenttime 165.0
inside
00:30:38.825 [main] INFO  AV.BMS - obstacle distance 1981 currenttime 184.0
inside
00:30:38.864 [main] INFO  AV.BMS - obstacle distance 1980 currenttime 185.0
inside
00:30:39.877 [main] INFO  AV.BMS - obstacle distance 1979 currenttime 204.0
inside
00:30:39.935 [main] INFO  AV.BMS - obstacle distance 1978 currenttime 205.0
inside
00:30:40.904 [main] INFO  AV.BMS - obstacle distance 1977 currenttime 224.0
inside
00:30:40.961 [main] INFO  AV.BMS - obstacle distance 1976 currenttime 225.0
inside
00:30:41.988 [main] INFO  AV.BMS - obstacle distance 1975 currenttime 244.0
inside
00:30:42.042 [main] INFO  AV.BMS - obstacle distance 1974 currenttime 245.0
inside
00:30:43.143 [main] INFO  AV.BMS - obstacle distance 1973 currenttime 264.0
inside
00:30:43.193 [main] INFO  AV.BMS - obstacle distance 1972 currenttime 265.0
inside
00:30:44.324 [main] INFO  AV.BMS - obstacle distance 1971 currenttime 284.0
inside
00:30:44.399 [main] INFO  AV.BMS - obstacle distance 1970 currenttime 285.0
inside
00:30:45.369 [main] INFO  AV.BMS - obstacle distance 1969 currenttime 304.0
inside
00:30:45.421 [main] INFO  AV.BMS - obstacle distance 1968 currenttime 305.0
inside
00:30:46.394 [main] INFO  AV.BMS - obstacle distance 1967 currenttime 324.0
inside
00:30:46.445 [main] INFO  AV.BMS - obstacle distance 1966 currenttime 325.0
inside
00:30:47.465 [main] INFO  AV.BMS - obstacle distance 1965 currenttime 344.0
inside
00:30:47.517 [main] INFO  AV.BMS - obstacle distance 1964 currenttime 345.0
inside
00:30:48.508 [main] INFO  AV.BMS - obstacle distance 1963 currenttime 364.0
inside
00:30:48.576 [main] INFO  AV.BMS - obstacle distance 1962 currenttime 365.0
inside
00:30:49.597 [main] INFO  AV.BMS - obstacle distance 1961 currenttime 384.0
inside
00:30:49.635 [main] INFO  AV.BMS - obstacle distance 1960 currenttime 385.0
inside
00:30:50.702 [main] INFO  AV.BMS - obstacle distance 1959 currenttime 404.0
inside
00:30:50.750 [main] INFO  AV.BMS - obstacle distance 1958 currenttime 405.0
inside
00:30:51.749 [main] INFO  AV.BMS - obstacle distance 1957 currenttime 424.0
inside
00:30:51.799 [main] INFO  AV.BMS - obstacle distance 1956 currenttime 425.0
inside
00:30:52.784 [main] INFO  AV.BMS - obstacle distance 1955 currenttime 444.0
inside
00:30:52.826 [main] INFO  AV.BMS - obstacle distance 1954 currenttime 445.0
inside
00:30:53.783 [main] INFO  AV.BMS - obstacle distance 1953 currenttime 464.0
inside
00:30:53.839 [main] INFO  AV.BMS - obstacle distance 1952 currenttime 465.0
inside
00:30:54.784 [main] INFO  AV.BMS - obstacle distance 1951 currenttime 484.0
inside
00:30:54.811 [main] INFO  AV.BMS - obstacle distance 1950 currenttime 485.0
inside
00:30:55.847 [main] INFO  AV.BMS - obstacle distance 1949 currenttime 504.0
inside
00:30:55.895 [main] INFO  AV.BMS - obstacle distance 1948 currenttime 505.0
inside
00:30:56.802 [main] INFO  AV.BMS - obstacle distance 1947 currenttime 524.0
inside
00:30:56.853 [main] INFO  AV.BMS - obstacle distance 1946 currenttime 525.0
inside
00:30:57.801 [main] INFO  AV.BMS - obstacle distance 1945 currenttime 544.0
inside
00:30:57.844 [main] INFO  AV.BMS - obstacle distance 1944 currenttime 545.0
inside
00:30:58.792 [main] INFO  AV.BMS - obstacle distance 1943 currenttime 564.0
inside
00:30:58.836 [main] INFO  AV.BMS - obstacle distance 1942 currenttime 565.0
inside
00:30:59.741 [main] INFO  AV.BMS - obstacle distance 1941 currenttime 584.0
inside
00:30:59.780 [main] INFO  AV.BMS - obstacle distance 1940 currenttime 585.0
inside
00:31:00.771 [main] INFO  AV.BMS - obstacle distance 1939 currenttime 604.0
inside
00:31:00.816 [main] INFO  AV.BMS - obstacle distance 1938 currenttime 605.0
inside
00:31:01.760 [main] INFO  AV.BMS - obstacle distance 1937 currenttime 624.0
inside
00:31:01.799 [main] INFO  AV.BMS - obstacle distance 1936 currenttime 625.0
inside
00:31:02.807 [main] INFO  AV.BMS - obstacle distance 1935 currenttime 644.0
inside
00:31:02.842 [main] INFO  AV.BMS - obstacle distance 1934 currenttime 645.0
inside
00:31:03.805 [main] INFO  AV.BMS - obstacle distance 1933 currenttime 664.0
inside
00:31:03.864 [main] INFO  AV.BMS - obstacle distance 1932 currenttime 665.0
inside
00:31:04.789 [main] INFO  AV.BMS - obstacle distance 1931 currenttime 684.0
inside
00:31:04.849 [main] INFO  AV.BMS - obstacle distance 1930 currenttime 685.0
inside
00:31:05.836 [main] INFO  AV.BMS - obstacle distance 1929 currenttime 704.0
inside
00:31:05.880 [main] INFO  AV.BMS - obstacle distance 1928 currenttime 705.0
inside
00:31:07.055 [main] INFO  AV.BMS - obstacle distance 1927 currenttime 724.0
inside
00:31:07.117 [main] INFO  AV.BMS - obstacle distance 1926 currenttime 725.0
inside
00:31:08.073 [main] INFO  AV.BMS - obstacle distance 1925 currenttime 744.0
inside
00:31:08.122 [main] INFO  AV.BMS - obstacle distance 1924 currenttime 745.0
inside
00:31:09.094 [main] INFO  AV.BMS - obstacle distance 1923 currenttime 764.0
inside
00:31:09.149 [main] INFO  AV.BMS - obstacle distance 1922 currenttime 765.0
inside
00:31:10.071 [main] INFO  AV.BMS - obstacle distance 1921 currenttime 784.0
inside
00:31:10.128 [main] INFO  AV.BMS - obstacle distance 1920 currenttime 785.0
inside
00:31:11.065 [main] INFO  AV.BMS - obstacle distance 1919 currenttime 804.0
inside
00:31:11.114 [main] INFO  AV.BMS - obstacle distance 1918 currenttime 805.0
inside
00:31:12.075 [main] INFO  AV.BMS - obstacle distance 1917 currenttime 824.0
inside
00:31:12.120 [main] INFO  AV.BMS - obstacle distance 1916 currenttime 825.0
inside
00:31:13.036 [main] INFO  AV.BMS - obstacle distance 1915 currenttime 844.0
inside
00:31:13.106 [main] INFO  AV.BMS - obstacle distance 1914 currenttime 845.0
inside
00:31:14.040 [main] INFO  AV.BMS - obstacle distance 1913 currenttime 864.0
inside
00:31:14.102 [main] INFO  AV.BMS - obstacle distance 1912 currenttime 865.0
inside
00:31:15.095 [main] INFO  AV.BMS - obstacle distance 1911 currenttime 884.0
inside
00:31:15.132 [main] INFO  AV.BMS - obstacle distance 1910 currenttime 885.0
inside
00:31:16.172 [main] INFO  AV.BMS - obstacle distance 1909 currenttime 904.0
inside
00:31:16.226 [main] INFO  AV.BMS - obstacle distance 1908 currenttime 905.0
inside
00:31:17.175 [main] INFO  AV.BMS - obstacle distance 1907 currenttime 924.0
inside
00:31:17.231 [main] INFO  AV.BMS - obstacle distance 1906 currenttime 925.0
inside
00:31:18.174 [main] INFO  AV.BMS - obstacle distance 1905 currenttime 944.0
inside
00:31:18.224 [main] INFO  AV.BMS - obstacle distance 1904 currenttime 945.0
inside
00:31:19.249 [main] INFO  AV.BMS - obstacle distance 1903 currenttime 964.0
inside
00:31:19.270 [main] INFO  AV.BMS - obstacle distance 1902 currenttime 965.0
inside
00:31:20.315 [main] INFO  AV.BMS - obstacle distance 1901 currenttime 984.0
inside
00:31:20.357 [main] INFO  AV.BMS - obstacle distance 1900 currenttime 985.0
inside
00:31:21.290 [main] INFO  AV.BMS - obstacle distance 1899 currenttime 1004.0
inside
00:31:21.344 [main] INFO  AV.BMS - obstacle distance 1898 currenttime 1005.0
inside
00:31:22.298 [main] INFO  AV.BMS - obstacle distance 1897 currenttime 1024.0
inside
00:31:22.353 [main] INFO  AV.BMS - obstacle distance 1896 currenttime 1025.0
inside
00:31:23.363 [main] INFO  AV.BMS - obstacle distance 1895 currenttime 1044.0
inside
00:31:23.412 [main] INFO  AV.BMS - obstacle distance 1894 currenttime 1045.0
inside
00:31:24.277 [main] INFO  AV.BMS - obstacle distance 1893 currenttime 1064.0
inside
00:31:24.356 [main] INFO  AV.BMS - obstacle distance 1892 currenttime 1065.0
inside
00:31:25.353 [main] INFO  AV.BMS - obstacle distance 1891 currenttime 1084.0
inside
00:31:25.415 [main] INFO  AV.BMS - obstacle distance 1890 currenttime 1085.0
inside
00:31:26.362 [main] INFO  AV.BMS - obstacle distance 1889 currenttime 1104.0
inside
00:31:26.413 [main] INFO  AV.BMS - obstacle distance 1888 currenttime 1105.0
inside
00:31:27.370 [main] INFO  AV.BMS - obstacle distance 1887 currenttime 1124.0
inside
00:31:27.414 [main] INFO  AV.BMS - obstacle distance 1886 currenttime 1125.0
inside
00:31:28.587 [main] INFO  AV.BMS - obstacle distance 1885 currenttime 1144.0
inside
00:31:28.645 [main] INFO  AV.BMS - obstacle distance 1884 currenttime 1145.0
inside
00:31:29.474 [main] INFO  AV.BMS - obstacle distance 1883 currenttime 1164.0
inside
00:31:29.526 [main] INFO  AV.BMS - obstacle distance 1882 currenttime 1165.0
inside
00:31:30.507 [main] INFO  AV.BMS - obstacle distance 1881 currenttime 1184.0
inside
00:31:30.551 [main] INFO  AV.BMS - obstacle distance 1880 currenttime 1185.0
inside
00:31:31.503 [main] INFO  AV.BMS - obstacle distance 1879 currenttime 1204.0
inside
00:31:31.551 [main] INFO  AV.BMS - obstacle distance 1878 currenttime 1205.0
inside
00:31:32.564 [main] INFO  AV.BMS - obstacle distance 1877 currenttime 1224.0
inside
00:31:32.618 [main] INFO  AV.BMS - obstacle distance 1876 currenttime 1225.0
inside
00:31:33.527 [main] INFO  AV.BMS - obstacle distance 1875 currenttime 1244.0
inside
00:31:33.584 [main] INFO  AV.BMS - obstacle distance 1874 currenttime 1245.0
inside
00:31:34.555 [main] INFO  AV.BMS - obstacle distance 1873 currenttime 1264.0
inside
00:31:34.613 [main] INFO  AV.BMS - obstacle distance 1872 currenttime 1265.0
inside
00:31:35.572 [main] INFO  AV.BMS - obstacle distance 1871 currenttime 1284.0
inside
00:31:35.621 [main] INFO  AV.BMS - obstacle distance 1870 currenttime 1285.0
inside
00:31:36.592 [main] INFO  AV.BMS - obstacle distance 1869 currenttime 1304.0
inside
00:31:36.636 [main] INFO  AV.BMS - obstacle distance 1868 currenttime 1305.0
inside
00:31:37.651 [main] INFO  AV.BMS - obstacle distance 1867 currenttime 1324.0
inside
00:31:37.705 [main] INFO  AV.BMS - obstacle distance 1866 currenttime 1325.0
inside
00:31:38.644 [main] INFO  AV.BMS - obstacle distance 1865 currenttime 1344.0
inside
00:31:38.680 [main] INFO  AV.BMS - obstacle distance 1864 currenttime 1345.0
inside
00:31:39.704 [main] INFO  AV.BMS - obstacle distance 1863 currenttime 1364.0
inside
00:31:39.781 [main] INFO  AV.BMS - obstacle distance 1862 currenttime 1365.0
inside
00:31:40.748 [main] INFO  AV.BMS - obstacle distance 1861 currenttime 1384.0
inside
00:31:40.815 [main] INFO  AV.BMS - obstacle distance 1860 currenttime 1385.0
inside
00:31:41.792 [main] INFO  AV.BMS - obstacle distance 1859 currenttime 1404.0
inside
00:31:41.841 [main] INFO  AV.BMS - obstacle distance 1858 currenttime 1405.0
inside
00:31:42.806 [main] INFO  AV.BMS - obstacle distance 1857 currenttime 1424.0
inside
00:31:42.847 [main] INFO  AV.BMS - obstacle distance 1856 currenttime 1425.0
inside
00:31:43.789 [main] INFO  AV.BMS - obstacle distance 1855 currenttime 1444.0
inside
00:31:43.833 [main] INFO  AV.BMS - obstacle distance 1854 currenttime 1445.0
inside
00:31:44.812 [main] INFO  AV.BMS - obstacle distance 1853 currenttime 1464.0
inside
00:31:44.862 [main] INFO  AV.BMS - obstacle distance 1852 currenttime 1465.0
inside
00:31:45.843 [main] INFO  AV.BMS - obstacle distance 1851 currenttime 1484.0
inside
00:31:45.927 [main] INFO  AV.BMS - obstacle distance 1850 currenttime 1485.0
inside
00:31:46.891 [main] INFO  AV.BMS - obstacle distance 1849 currenttime 1504.0
inside
00:31:46.931 [main] INFO  AV.BMS - obstacle distance 1848 currenttime 1505.0
inside
00:31:47.813 [main] INFO  AV.BMS - obstacle distance 1847 currenttime 1524.0
inside
00:31:47.840 [main] INFO  AV.BMS - obstacle distance 1846 currenttime 1525.0
inside
00:31:48.853 [main] INFO  AV.BMS - obstacle distance 1845 currenttime 1544.0
inside
00:31:48.897 [main] INFO  AV.BMS - obstacle distance 1844 currenttime 1545.0
inside
00:31:49.888 [main] INFO  AV.BMS - obstacle distance 1843 currenttime 1564.0
inside
00:31:49.943 [main] INFO  AV.BMS - obstacle distance 1842 currenttime 1565.0
inside
00:31:50.850 [main] INFO  AV.BMS - obstacle distance 1841 currenttime 1584.0
inside
00:31:50.907 [main] INFO  AV.BMS - obstacle distance 1840 currenttime 1585.0
inside
00:31:51.860 [main] INFO  AV.BMS - obstacle distance 1839 currenttime 1604.0
inside
00:31:51.913 [main] INFO  AV.BMS - obstacle distance 1838 currenttime 1605.0
inside
00:31:52.970 [main] INFO  AV.BMS - obstacle distance 1837 currenttime 1624.0
inside
00:31:52.981 [main] INFO  AV.BMS - obstacle distance 1836 currenttime 1625.0
inside
00:31:53.927 [main] INFO  AV.BMS - obstacle distance 1835 currenttime 1644.0
inside
00:31:53.984 [main] INFO  AV.BMS - obstacle distance 1834 currenttime 1645.0
inside
00:31:54.999 [main] INFO  AV.BMS - obstacle distance 1833 currenttime 1664.0
inside
00:31:55.066 [main] INFO  AV.BMS - obstacle distance 1832 currenttime 1665.0
inside
00:31:56.083 [main] INFO  AV.BMS - obstacle distance 1831 currenttime 1684.0
inside
00:31:56.136 [main] INFO  AV.BMS - obstacle distance 1830 currenttime 1685.0
inside
00:31:57.148 [main] INFO  AV.BMS - obstacle distance 1829 currenttime 1704.0
inside
00:31:57.207 [main] INFO  AV.BMS - obstacle distance 1828 currenttime 1705.0
inside
00:31:58.222 [main] INFO  AV.BMS - obstacle distance 1827 currenttime 1724.0
inside
00:31:58.289 [main] INFO  AV.BMS - obstacle distance 1826 currenttime 1725.0
inside
00:31:59.385 [main] INFO  AV.BMS - obstacle distance 1825 currenttime 1744.0
inside
00:31:59.438 [main] INFO  AV.BMS - obstacle distance 1824 currenttime 1745.0
inside
00:32:00.384 [main] INFO  AV.BMS - obstacle distance 1823 currenttime 1764.0
inside
00:32:00.421 [main] INFO  AV.BMS - obstacle distance 1822 currenttime 1765.0
inside
00:32:01.401 [main] INFO  AV.BMS - obstacle distance 1821 currenttime 1784.0
inside
00:32:01.444 [main] INFO  AV.BMS - obstacle distance 1820 currenttime 1785.0
inside
00:32:02.344 [main] INFO  AV.BMS - obstacle distance 1819 currenttime 1804.0
inside
00:32:02.404 [main] INFO  AV.BMS - obstacle distance 1818 currenttime 1805.0
inside
00:32:03.389 [main] INFO  AV.BMS - obstacle distance 1817 currenttime 1824.0
inside
00:32:03.428 [main] INFO  AV.BMS - obstacle distance 1816 currenttime 1825.0
inside
00:32:04.271 [main] INFO  AV.BMS - obstacle distance 1815 currenttime 1844.0
inside
00:32:04.319 [main] INFO  AV.BMS - obstacle distance 1814 currenttime 1845.0
inside
00:32:05.305 [main] INFO  AV.BMS - obstacle distance 1813 currenttime 1864.0
inside
00:32:05.360 [main] INFO  AV.BMS - obstacle distance 1812 currenttime 1865.0
inside
00:32:06.299 [main] INFO  AV.BMS - obstacle distance 1811 currenttime 1884.0
inside
00:32:06.354 [main] INFO  AV.BMS - obstacle distance 1810 currenttime 1885.0
inside
00:32:07.387 [main] INFO  AV.BMS - obstacle distance 1809 currenttime 1904.0
inside
00:32:07.444 [main] INFO  AV.BMS - obstacle distance 1808 currenttime 1905.0
inside
00:32:08.453 [main] INFO  AV.BMS - obstacle distance 1807 currenttime 1924.0
inside
00:32:08.511 [main] INFO  AV.BMS - obstacle distance 1806 currenttime 1925.0
inside
00:32:09.515 [main] INFO  AV.BMS - obstacle distance 1805 currenttime 1944.0
inside
00:32:09.591 [main] INFO  AV.BMS - obstacle distance 1804 currenttime 1945.0
inside
00:32:10.536 [main] INFO  AV.BMS - obstacle distance 1803 currenttime 1964.0
inside
00:32:10.587 [main] INFO  AV.BMS - obstacle distance 1802 currenttime 1965.0
inside
00:32:11.546 [main] INFO  AV.BMS - obstacle distance 1801 currenttime 1984.0
inside
00:32:11.597 [main] INFO  AV.BMS - obstacle distance 1800 currenttime 1985.0
inside
00:32:12.558 [main] INFO  AV.BMS - obstacle distance 1799 currenttime 2004.0
inside
00:32:12.602 [main] INFO  AV.BMS - obstacle distance 1798 currenttime 2005.0
inside
00:32:13.577 [main] INFO  AV.BMS - obstacle distance 1797 currenttime 2024.0
inside
00:32:13.633 [main] INFO  AV.BMS - obstacle distance 1796 currenttime 2025.0
inside
00:32:14.599 [main] INFO  AV.BMS - obstacle distance 1795 currenttime 2044.0
inside
00:32:14.644 [main] INFO  AV.BMS - obstacle distance 1794 currenttime 2045.0
inside
00:32:15.639 [main] INFO  AV.BMS - obstacle distance 1793 currenttime 2064.0
inside
00:32:15.696 [main] INFO  AV.BMS - obstacle distance 1792 currenttime 2065.0
inside
00:32:16.683 [main] INFO  AV.BMS - obstacle distance 1791 currenttime 2084.0
inside
00:32:16.740 [main] INFO  AV.BMS - obstacle distance 1790 currenttime 2085.0
inside
00:32:17.701 [main] INFO  AV.BMS - obstacle distance 1789 currenttime 2104.0
inside
00:32:17.749 [main] INFO  AV.BMS - obstacle distance 1788 currenttime 2105.0
inside
00:32:18.707 [main] INFO  AV.BMS - obstacle distance 1787 currenttime 2124.0
inside
00:32:18.765 [main] INFO  AV.BMS - obstacle distance 1786 currenttime 2125.0
inside
00:32:19.710 [main] INFO  AV.BMS - obstacle distance 1785 currenttime 2144.0
inside
00:32:19.752 [main] INFO  AV.BMS - obstacle distance 1784 currenttime 2145.0
inside
00:32:20.783 [main] INFO  AV.BMS - obstacle distance 1783 currenttime 2164.0
inside
00:32:20.827 [main] INFO  AV.BMS - obstacle distance 1782 currenttime 2165.0
inside
00:32:21.772 [main] INFO  AV.BMS - obstacle distance 1781 currenttime 2184.0
inside
00:32:21.826 [main] INFO  AV.BMS - obstacle distance 1780 currenttime 2185.0
inside
00:32:22.931 [main] INFO  AV.BMS - obstacle distance 1779 currenttime 2204.0
inside
00:32:22.976 [main] INFO  AV.BMS - obstacle distance 1778 currenttime 2205.0
inside
00:32:23.926 [main] INFO  AV.BMS - obstacle distance 1777 currenttime 2224.0
inside
00:32:23.960 [main] INFO  AV.BMS - obstacle distance 1776 currenttime 2225.0
inside
00:32:24.943 [main] INFO  AV.BMS - obstacle distance 1775 currenttime 2244.0
inside
00:32:24.994 [main] INFO  AV.BMS - obstacle distance 1774 currenttime 2245.0
inside
00:32:25.947 [main] INFO  AV.BMS - obstacle distance 1773 currenttime 2264.0
inside
00:32:25.999 [main] INFO  AV.BMS - obstacle distance 1772 currenttime 2265.0
inside
00:32:26.929 [main] INFO  AV.BMS - obstacle distance 1771 currenttime 2284.0
inside
00:32:26.995 [main] INFO  AV.BMS - obstacle distance 1770 currenttime 2285.0
inside
00:32:27.954 [main] INFO  AV.BMS - obstacle distance 1769 currenttime 2304.0
inside
00:32:28.008 [main] INFO  AV.BMS - obstacle distance 1768 currenttime 2305.0
inside
00:32:28.962 [main] INFO  AV.BMS - obstacle distance 1767 currenttime 2324.0
inside
00:32:29.019 [main] INFO  AV.BMS - obstacle distance 1766 currenttime 2325.0
inside
00:32:29.966 [main] INFO  AV.BMS - obstacle distance 1765 currenttime 2344.0
inside
00:32:30.010 [main] INFO  AV.BMS - obstacle distance 1764 currenttime 2345.0
inside
00:32:30.960 [main] INFO  AV.BMS - obstacle distance 1763 currenttime 2364.0
inside
00:32:31.023 [main] INFO  AV.BMS - obstacle distance 1762 currenttime 2365.0
inside
00:32:31.958 [main] INFO  AV.BMS - obstacle distance 1761 currenttime 2384.0
inside
00:32:32.000 [main] INFO  AV.BMS - obstacle distance 1760 currenttime 2385.0
inside
00:32:33.029 [main] INFO  AV.BMS - obstacle distance 1759 currenttime 2404.0
inside
00:32:33.094 [main] INFO  AV.BMS - obstacle distance 1758 currenttime 2405.0
inside
00:32:34.023 [main] INFO  AV.BMS - obstacle distance 1757 currenttime 2424.0
inside
00:32:34.046 [main] INFO  AV.BMS - obstacle distance 1756 currenttime 2425.0
inside
00:32:35.034 [main] INFO  AV.BMS - obstacle distance 1755 currenttime 2444.0
inside
00:32:35.076 [main] INFO  AV.BMS - obstacle distance 1754 currenttime 2445.0
inside
00:32:36.026 [main] INFO  AV.BMS - obstacle distance 1753 currenttime 2464.0
inside
00:32:36.078 [main] INFO  AV.BMS - obstacle distance 1752 currenttime 2465.0
inside
00:32:37.011 [main] INFO  AV.BMS - obstacle distance 1751 currenttime 2484.0
inside
00:32:37.070 [main] INFO  AV.BMS - obstacle distance 1750 currenttime 2485.0
inside
00:32:38.103 [main] INFO  AV.BMS - obstacle distance 1749 currenttime 2504.0
inside
00:32:38.117 [main] INFO  AV.BMS - obstacle distance 1748 currenttime 2505.0
inside
00:32:39.062 [main] INFO  AV.BMS - obstacle distance 1747 currenttime 2524.0
inside
00:32:39.112 [main] INFO  AV.BMS - obstacle distance 1746 currenttime 2525.0
inside
00:32:40.096 [main] INFO  AV.BMS - obstacle distance 1745 currenttime 2544.0
inside
00:32:40.151 [main] INFO  AV.BMS - obstacle distance 1744 currenttime 2545.0
inside
00:32:41.096 [main] INFO  AV.BMS - obstacle distance 1743 currenttime 2564.0
inside
00:32:41.156 [main] INFO  AV.BMS - obstacle distance 1742 currenttime 2565.0
inside
00:32:42.127 [main] INFO  AV.BMS - obstacle distance 1741 currenttime 2584.0
inside
00:32:42.181 [main] INFO  AV.BMS - obstacle distance 1740 currenttime 2585.0
inside
00:32:43.136 [main] INFO  AV.BMS - obstacle distance 1739 currenttime 2604.0
inside
00:32:43.190 [main] INFO  AV.BMS - obstacle distance 1738 currenttime 2605.0
inside
00:32:44.179 [main] INFO  AV.BMS - obstacle distance 1737 currenttime 2624.0
inside
00:32:44.235 [main] INFO  AV.BMS - obstacle distance 1736 currenttime 2625.0
inside
00:32:45.218 [main] INFO  AV.BMS - obstacle distance 1735 currenttime 2644.0
inside
00:32:45.274 [main] INFO  AV.BMS - obstacle distance 1734 currenttime 2645.0
inside
00:32:46.211 [main] INFO  AV.BMS - obstacle distance 1733 currenttime 2664.0
inside
00:32:46.270 [main] INFO  AV.BMS - obstacle distance 1732 currenttime 2665.0
inside
00:32:47.266 [main] INFO  AV.BMS - obstacle distance 1731 currenttime 2684.0
inside
00:32:47.311 [main] INFO  AV.BMS - obstacle distance 1730 currenttime 2685.0
inside
00:32:48.285 [main] INFO  AV.BMS - obstacle distance 1729 currenttime 2704.0
inside
00:32:48.332 [main] INFO  AV.BMS - obstacle distance 1728 currenttime 2705.0
inside
00:32:49.282 [main] INFO  AV.BMS - obstacle distance 1727 currenttime 2724.0
inside
00:32:49.339 [main] INFO  AV.BMS - obstacle distance 1726 currenttime 2725.0
inside
00:32:50.320 [main] INFO  AV.BMS - obstacle distance 1725 currenttime 2744.0
inside
00:32:50.377 [main] INFO  AV.BMS - obstacle distance 1724 currenttime 2745.0
inside
00:32:51.334 [main] INFO  AV.BMS - obstacle distance 1723 currenttime 2764.0
inside
00:32:51.391 [main] INFO  AV.BMS - obstacle distance 1722 currenttime 2765.0
inside
00:32:52.349 [main] INFO  AV.BMS - obstacle distance 1721 currenttime 2784.0
inside
00:32:52.407 [main] INFO  AV.BMS - obstacle distance 1720 currenttime 2785.0
inside
00:32:53.363 [main] INFO  AV.BMS - obstacle distance 1719 currenttime 2804.0
inside
00:32:53.397 [main] INFO  AV.BMS - obstacle distance 1718 currenttime 2805.0
inside
00:32:54.404 [main] INFO  AV.BMS - obstacle distance 1717 currenttime 2824.0
inside
00:32:54.449 [main] INFO  AV.BMS - obstacle distance 1716 currenttime 2825.0
inside
00:32:55.411 [main] INFO  AV.BMS - obstacle distance 1715 currenttime 2844.0
inside
00:32:55.477 [main] INFO  AV.BMS - obstacle distance 1714 currenttime 2845.0
inside
00:32:56.573 [main] INFO  AV.BMS - obstacle distance 1713 currenttime 2864.0
inside
00:32:56.623 [main] INFO  AV.BMS - obstacle distance 1712 currenttime 2865.0
inside
00:32:57.546 [main] INFO  AV.BMS - obstacle distance 1711 currenttime 2884.0
inside
00:32:57.606 [main] INFO  AV.BMS - obstacle distance 1710 currenttime 2885.0
inside
00:32:58.547 [main] INFO  AV.BMS - obstacle distance 1709 currenttime 2904.0
inside
00:32:58.596 [main] INFO  AV.BMS - obstacle distance 1708 currenttime 2905.0
inside
00:32:59.523 [main] INFO  AV.BMS - obstacle distance 1707 currenttime 2924.0
inside
00:32:59.570 [main] INFO  AV.BMS - obstacle distance 1706 currenttime 2925.0
inside
00:33:00.537 [main] INFO  AV.BMS - obstacle distance 1705 currenttime 2944.0
inside
00:33:00.574 [main] INFO  AV.BMS - obstacle distance 1704 currenttime 2945.0
inside
00:33:01.537 [main] INFO  AV.BMS - obstacle distance 1703 currenttime 2964.0
inside
00:33:01.591 [main] INFO  AV.BMS - obstacle distance 1702 currenttime 2965.0
inside
00:33:02.540 [main] INFO  AV.BMS - obstacle distance 1701 currenttime 2984.0
inside
00:33:02.595 [main] INFO  AV.BMS - obstacle distance 1700 currenttime 2985.0
inside
00:33:03.548 [main] INFO  AV.BMS - obstacle distance 1699 currenttime 3004.0
inside
00:33:03.600 [main] INFO  AV.BMS - obstacle distance 1698 currenttime 3005.0
inside
00:33:04.578 [main] INFO  AV.BMS - obstacle distance 1697 currenttime 3024.0
inside
00:33:04.619 [main] INFO  AV.BMS - obstacle distance 1696 currenttime 3025.0
inside
00:33:05.524 [main] INFO  AV.BMS - obstacle distance 1695 currenttime 3044.0
inside
00:33:05.590 [main] INFO  AV.BMS - obstacle distance 1694 currenttime 3045.0
inside
00:33:06.522 [main] INFO  AV.BMS - obstacle distance 1693 currenttime 3064.0
inside
00:33:06.578 [main] INFO  AV.BMS - obstacle distance 1692 currenttime 3065.0
inside
00:33:07.515 [main] INFO  AV.BMS - obstacle distance 1691 currenttime 3084.0
inside
00:33:07.570 [main] INFO  AV.BMS - obstacle distance 1690 currenttime 3085.0
inside
00:33:08.566 [main] INFO  AV.BMS - obstacle distance 1689 currenttime 3104.0
inside
00:33:08.606 [main] INFO  AV.BMS - obstacle distance 1688 currenttime 3105.0
inside
00:33:09.523 [main] INFO  AV.BMS - obstacle distance 1687 currenttime 3124.0
inside
00:33:09.574 [main] INFO  AV.BMS - obstacle distance 1686 currenttime 3125.0
inside
00:33:10.530 [main] INFO  AV.BMS - obstacle distance 1685 currenttime 3144.0
inside
00:33:10.568 [main] INFO  AV.BMS - obstacle distance 1684 currenttime 3145.0
inside
00:33:11.542 [main] INFO  AV.BMS - obstacle distance 1683 currenttime 3164.0
inside
00:33:11.577 [main] INFO  AV.BMS - obstacle distance 1682 currenttime 3165.0
inside
00:33:12.533 [main] INFO  AV.BMS - obstacle distance 1681 currenttime 3184.0
inside
00:33:12.575 [main] INFO  AV.BMS - obstacle distance 1680 currenttime 3185.0
inside
00:33:13.706 [main] INFO  AV.BMS - obstacle distance 1679 currenttime 3204.0
inside
00:33:13.740 [main] INFO  AV.BMS - obstacle distance 1678 currenttime 3205.0
inside
00:33:14.719 [main] INFO  AV.BMS - obstacle distance 1677 currenttime 3224.0
inside
00:33:14.766 [main] INFO  AV.BMS - obstacle distance 1676 currenttime 3225.0
inside
00:33:15.700 [main] INFO  AV.BMS - obstacle distance 1675 currenttime 3244.0
inside
00:33:15.762 [main] INFO  AV.BMS - obstacle distance 1674 currenttime 3245.0
inside
00:33:16.702 [main] INFO  AV.BMS - obstacle distance 1673 currenttime 3264.0
inside
00:33:16.761 [main] INFO  AV.BMS - obstacle distance 1672 currenttime 3265.0
inside
00:33:17.714 [main] INFO  AV.BMS - obstacle distance 1671 currenttime 3284.0
inside
00:33:17.760 [main] INFO  AV.BMS - obstacle distance 1670 currenttime 3285.0
inside
00:33:18.711 [main] INFO  AV.BMS - obstacle distance 1669 currenttime 3304.0
inside
00:33:18.755 [main] INFO  AV.BMS - obstacle distance 1668 currenttime 3305.0
inside
00:33:19.691 [main] INFO  AV.BMS - obstacle distance 1667 currenttime 3324.0
inside
00:33:19.743 [main] INFO  AV.BMS - obstacle distance 1666 currenttime 3325.0
inside
00:33:20.679 [main] INFO  AV.BMS - obstacle distance 1665 currenttime 3344.0
inside
00:33:20.734 [main] INFO  AV.BMS - obstacle distance 1664 currenttime 3345.0
inside
00:33:21.704 [main] INFO  AV.BMS - obstacle distance 1663 currenttime 3364.0
inside
00:33:21.756 [main] INFO  AV.BMS - obstacle distance 1662 currenttime 3365.0
