
-------------------------------------------------------------------
GMS: address=vagrant-29860, cluster=AV, physical address=10.0.2.15:36481
-------------------------------------------------------------------
15:57:21.334 [main] INFO  AV.BMS - waiting on readyToPopulate...
15:57:43.379 [main] INFO  AV.BMS - ...synchronized on readyToPopulate
15:57:43.379 [main] INFO  AV.BMS - waiting on readyToRun...
15:57:43.630 [main] INFO  AV.BMS - ...synchronized on readyToRun
15:57:43.632 [main] INFO  AV.BMS - started logical time progression
obstacle not detected currenttime 0.0
print string boolean false
15:57:43.635 [main] INFO  AV.BMS -  OSD 00 currentime 0.0
obstacle not detected currenttime 20.0
print string boolean false
15:57:45.688 [main] INFO  AV.BMS -  OSD 00 currentime 20.0
obstacle not detected currenttime 40.0
print string boolean false
15:57:47.052 [main] INFO  AV.BMS -  OSD 00 currentime 40.0
obstacle not detected currenttime 60.0
print string boolean false
15:57:48.256 [main] INFO  AV.BMS -  OSD 00 currentime 60.0
obstacle not detected currenttime 80.0
print string boolean false
15:57:49.381 [main] INFO  AV.BMS -  OSD 00 currentime 80.0
obstacle not detected currenttime 100.0
print string boolean false
15:57:50.584 [main] INFO  AV.BMS -  OSD 00 currentime 100.0
obstacle not detected currenttime 120.0
print string boolean false
15:57:51.634 [main] INFO  AV.BMS -  OSD 00 currentime 120.0
obstacle not detected currenttime 140.0
print string boolean false
15:57:52.628 [main] INFO  AV.BMS -  OSD 00 currentime 140.0
obstacle not detected currenttime 160.0
print string boolean false
15:57:53.747 [main] INFO  AV.BMS -  OSD 00 currentime 160.0
obstacle not detected currenttime 180.0
print string boolean false
15:57:54.849 [main] INFO  AV.BMS -  OSD 00 currentime 180.0
obstacle not detected currenttime 200.0
print string boolean false
15:57:56.320 [main] INFO  AV.BMS -  OSD 00 currentime 200.0
obstacle not detected currenttime 220.0
print string boolean false
15:57:57.354 [main] INFO  AV.BMS -  OSD 00 currentime 220.0
obstacle not detected currenttime 240.0
print string boolean false
15:57:58.412 [main] INFO  AV.BMS -  OSD 00 currentime 240.0
obstacle not detected currenttime 260.0
print string boolean false
15:57:59.507 [main] INFO  AV.BMS -  OSD 00 currentime 260.0
obstacle not detected currenttime 280.0
print string boolean false
15:58:00.559 [main] INFO  AV.BMS -  OSD 00 currentime 280.0
obstacle not detected currenttime 300.0
print string boolean false
15:58:01.674 [main] INFO  AV.BMS -  OSD 00 currentime 300.0
obstacle not detected currenttime 320.0
print string boolean false
15:58:02.682 [main] INFO  AV.BMS -  OSD 00 currentime 320.0
obstacle not detected currenttime 340.0
print string boolean false
15:58:03.688 [main] INFO  AV.BMS -  OSD 00 currentime 340.0
obstacle not detected currenttime 360.0
print string boolean false
15:58:04.669 [main] INFO  AV.BMS -  OSD 00 currentime 360.0
obstacle not detected currenttime 380.0
print string boolean false
15:58:05.696 [main] INFO  AV.BMS -  OSD 00 currentime 380.0
obstacle not detected currenttime 400.0
print string boolean false
15:58:06.684 [main] INFO  AV.BMS -  OSD 00 currentime 400.0
obstacle not detected currenttime 420.0
print string boolean false
15:58:07.690 [main] INFO  AV.BMS -  OSD 00 currentime 420.0
obstacle not detected currenttime 440.0
print string boolean false
15:58:08.714 [main] INFO  AV.BMS -  OSD 00 currentime 440.0
obstacle not detected currenttime 460.0
print string boolean false
15:58:09.701 [main] INFO  AV.BMS -  OSD 00 currentime 460.0
obstacle not detected currenttime 480.0
print string boolean false
15:58:10.660 [main] INFO  AV.BMS -  OSD 00 currentime 480.0
obstacle not detected currenttime 500.0
print string boolean false
15:58:11.616 [main] INFO  AV.BMS -  OSD 00 currentime 500.0
obstacle not detected currenttime 520.0
print string boolean false
15:58:12.577 [main] INFO  AV.BMS -  OSD 00 currentime 520.0
obstacle not detected currenttime 540.0
print string boolean false
15:58:13.547 [main] INFO  AV.BMS -  OSD 00 currentime 540.0
obstacle not detected currenttime 560.0
print string boolean false
15:58:14.564 [main] INFO  AV.BMS -  OSD 00 currentime 560.0
obstacle not detected currenttime 580.0
print string boolean false
15:58:15.564 [main] INFO  AV.BMS -  OSD 00 currentime 580.0
obstacle not detected currenttime 600.0
print string boolean false
15:58:16.560 [main] INFO  AV.BMS -  OSD 00 currentime 600.0
obstacle not detected currenttime 620.0
print string boolean false
15:58:17.483 [main] INFO  AV.BMS -  OSD 00 currentime 620.0
obstacle not detected currenttime 640.0
print string boolean false
15:58:18.469 [main] INFO  AV.BMS -  OSD 00 currentime 640.0
obstacle not detected currenttime 660.0
print string boolean false
15:58:19.438 [main] INFO  AV.BMS -  OSD 00 currentime 660.0
obstacle not detected currenttime 680.0
print string boolean false
15:58:20.426 [main] INFO  AV.BMS -  OSD 00 currentime 680.0
obstacle not detected currenttime 700.0
print string boolean false
15:58:21.446 [main] INFO  AV.BMS -  OSD 00 currentime 700.0
obstacle not detected currenttime 720.0
print string boolean false
15:58:22.477 [main] INFO  AV.BMS -  OSD 00 currentime 720.0
obstacle not detected currenttime 740.0
print string boolean false
15:58:23.471 [main] INFO  AV.BMS -  OSD 00 currentime 740.0
obstacle not detected currenttime 760.0
print string boolean false
15:58:24.582 [main] INFO  AV.BMS -  OSD 00 currentime 760.0
obstacle not detected currenttime 780.0
print string boolean false
15:58:25.564 [main] INFO  AV.BMS -  OSD 00 currentime 780.0
obstacle not detected currenttime 800.0
print string boolean false
15:58:26.540 [main] INFO  AV.BMS -  OSD 00 currentime 800.0
obstacle detected
15:58:27.505 [main] INFO  AV.BMS - obstacle distance true currenttime 820.0
print string boolean true
15:58:27.507 [main] INFO  AV.BMS -  OSD 00 currentime 820.0
obstacle detected
15:58:28.473 [main] INFO  AV.BMS - obstacle distance true currenttime 840.0
print string boolean true
15:58:28.473 [main] INFO  AV.BMS -  OSD 00 currentime 840.0
obstacle detected
15:58:29.464 [main] INFO  AV.BMS - obstacle distance true currenttime 860.0
print string boolean true
15:58:29.465 [main] INFO  AV.BMS -  OSD 00 currentime 860.0
obstacle detected
15:58:30.421 [main] INFO  AV.BMS - obstacle distance true currenttime 880.0
print string boolean true
15:58:30.422 [main] INFO  AV.BMS -  OSD 00 currentime 880.0
obstacle detected
15:58:31.443 [main] INFO  AV.BMS - obstacle distance true currenttime 900.0
print string boolean true
15:58:31.443 [main] INFO  AV.BMS -  OSD 00 currentime 900.0
obstacle detected
15:58:32.387 [main] INFO  AV.BMS - obstacle distance true currenttime 920.0
print string boolean true
15:58:32.387 [main] INFO  AV.BMS -  OSD 00 currentime 920.0
obstacle detected
15:58:33.390 [main] INFO  AV.BMS - obstacle distance true currenttime 940.0
print string boolean true
15:58:33.391 [main] INFO  AV.BMS -  OSD 00 currentime 940.0
obstacle detected
15:58:34.329 [main] INFO  AV.BMS - obstacle distance true currenttime 960.0
print string boolean true
15:58:34.330 [main] INFO  AV.BMS -  OSD 00 currentime 960.0
obstacle detected
15:58:35.335 [main] INFO  AV.BMS - obstacle distance true currenttime 980.0
print string boolean true
15:58:35.336 [main] INFO  AV.BMS -  OSD 00 currentime 980.0
obstacle detected
15:58:36.304 [main] INFO  AV.BMS - obstacle distance true currenttime 1000.0
print string boolean true
15:58:36.305 [main] INFO  AV.BMS -  OSD 00 currentime 1000.0
obstacle detected
15:58:37.241 [main] INFO  AV.BMS - obstacle distance true currenttime 1020.0
print string boolean true
15:58:37.242 [main] INFO  AV.BMS -  OSD 00 currentime 1020.0
obstacle detected
15:58:38.188 [main] INFO  AV.BMS - obstacle distance true currenttime 1040.0
print string boolean true
15:58:38.188 [main] INFO  AV.BMS -  OSD 00 currentime 1040.0
obstacle detected
15:58:39.158 [main] INFO  AV.BMS - obstacle distance true currenttime 1060.0
print string boolean true
15:58:39.158 [main] INFO  AV.BMS -  OSD 00 currentime 1060.0
obstacle detected
15:58:40.163 [main] INFO  AV.BMS - obstacle distance true currenttime 1080.0
print string boolean true
15:58:40.167 [main] INFO  AV.BMS -  OSD 00 currentime 1080.0
obstacle detected
15:58:41.143 [main] INFO  AV.BMS - obstacle distance true currenttime 1100.0
print string boolean true
15:58:41.144 [main] INFO  AV.BMS -  OSD 00 currentime 1100.0
obstacle detected
15:58:42.069 [main] INFO  AV.BMS - obstacle distance true currenttime 1120.0
print string boolean true
15:58:42.070 [main] INFO  AV.BMS -  OSD 00 currentime 1120.0
obstacle detected
15:58:43.062 [main] INFO  AV.BMS - obstacle distance true currenttime 1140.0
print string boolean true
15:58:43.062 [main] INFO  AV.BMS -  OSD 00 currentime 1140.0
obstacle detected
15:58:44.025 [main] INFO  AV.BMS - obstacle distance true currenttime 1160.0
print string boolean true
15:58:44.025 [main] INFO  AV.BMS -  OSD 00 currentime 1160.0
obstacle detected
15:58:45.111 [main] INFO  AV.BMS - obstacle distance true currenttime 1180.0
print string boolean true
15:58:45.112 [main] INFO  AV.BMS -  OSD 00 currentime 1180.0
obstacle not detected currenttime 1200.0
print string boolean false
15:58:46.076 [main] INFO  AV.BMS -  OSD 00 currentime 1200.0
obstacle not detected currenttime 1220.0
print string boolean false
15:58:47.075 [main] INFO  AV.BMS -  OSD 00 currentime 1220.0
obstacle not detected currenttime 1240.0
print string boolean false
15:58:48.110 [main] INFO  AV.BMS -  OSD 00 currentime 1240.0
obstacle not detected currenttime 1260.0
print string boolean false
15:58:49.100 [main] INFO  AV.BMS -  OSD 00 currentime 1260.0
obstacle not detected currenttime 1280.0
print string boolean false
15:58:50.112 [main] INFO  AV.BMS -  OSD 00 currentime 1280.0
obstacle not detected currenttime 1300.0
print string boolean false
15:58:51.019 [main] INFO  AV.BMS -  OSD 00 currentime 1300.0
obstacle not detected currenttime 1320.0
print string boolean false
15:58:52.038 [main] INFO  AV.BMS -  OSD 00 currentime 1320.0
obstacle not detected currenttime 1340.0
print string boolean false
15:58:53.057 [main] INFO  AV.BMS -  OSD 00 currentime 1340.0
obstacle not detected currenttime 1360.0
print string boolean false
15:58:54.116 [main] INFO  AV.BMS -  OSD 00 currentime 1360.0
obstacle not detected currenttime 1380.0
print string boolean false
15:58:55.114 [main] INFO  AV.BMS -  OSD 00 currentime 1380.0
obstacle not detected currenttime 1400.0
print string boolean false
15:58:56.173 [main] INFO  AV.BMS -  OSD 00 currentime 1400.0
obstacle not detected currenttime 1420.0
print string boolean false
15:58:57.186 [main] INFO  AV.BMS -  OSD 00 currentime 1420.0
obstacle not detected currenttime 1440.0
print string boolean false
15:58:58.227 [main] INFO  AV.BMS -  OSD 00 currentime 1440.0
obstacle not detected currenttime 1460.0
print string boolean false
15:58:59.222 [main] INFO  AV.BMS -  OSD 00 currentime 1460.0
obstacle not detected currenttime 1480.0
print string boolean false
15:59:00.254 [main] INFO  AV.BMS -  OSD 00 currentime 1480.0
obstacle not detected currenttime 1500.0
print string boolean false
15:59:01.293 [main] INFO  AV.BMS -  OSD 00 currentime 1500.0
obstacle not detected currenttime 1520.0
print string boolean false
15:59:02.284 [main] INFO  AV.BMS -  OSD 00 currentime 1520.0
obstacle not detected currenttime 1540.0
print string boolean false
15:59:03.100 [main] INFO  AV.BMS -  OSD 00 currentime 1540.0
obstacle not detected currenttime 1560.0
print string boolean false
15:59:04.070 [main] INFO  AV.BMS -  OSD 00 currentime 1560.0
obstacle not detected currenttime 1580.0
print string boolean false
15:59:05.094 [main] INFO  AV.BMS -  OSD 00 currentime 1580.0
obstacle not detected currenttime 1600.0
print string boolean false
15:59:06.098 [main] INFO  AV.BMS -  OSD 00 currentime 1600.0
obstacle not detected currenttime 1620.0
print string boolean false
15:59:07.133 [main] INFO  AV.BMS -  OSD 00 currentime 1620.0
obstacle not detected currenttime 1640.0
print string boolean false
15:59:08.172 [main] INFO  AV.BMS -  OSD 00 currentime 1640.0
obstacle not detected currenttime 1660.0
print string boolean false
15:59:09.189 [main] INFO  AV.BMS -  OSD 00 currentime 1660.0
obstacle not detected currenttime 1680.0
print string boolean false
15:59:10.189 [main] INFO  AV.BMS -  OSD 00 currentime 1680.0
obstacle not detected currenttime 1700.0
print string boolean false
15:59:11.213 [main] INFO  AV.BMS -  OSD 00 currentime 1700.0
obstacle not detected currenttime 1720.0
print string boolean false
15:59:12.194 [main] INFO  AV.BMS -  OSD 00 currentime 1720.0
obstacle not detected currenttime 1740.0
print string boolean false
15:59:13.195 [main] INFO  AV.BMS -  OSD 00 currentime 1740.0
obstacle not detected currenttime 1760.0
print string boolean false
15:59:14.199 [main] INFO  AV.BMS -  OSD 00 currentime 1760.0
obstacle not detected currenttime 1780.0
print string boolean false
15:59:15.254 [main] INFO  AV.BMS -  OSD 00 currentime 1780.0
obstacle not detected currenttime 1800.0
print string boolean false
15:59:16.253 [main] INFO  AV.BMS -  OSD 00 currentime 1800.0
obstacle not detected currenttime 1820.0
print string boolean false
15:59:17.255 [main] INFO  AV.BMS -  OSD 00 currentime 1820.0
obstacle not detected currenttime 1840.0
print string boolean false
15:59:18.223 [main] INFO  AV.BMS -  OSD 00 currentime 1840.0
obstacle not detected currenttime 1860.0
print string boolean false
15:59:19.237 [main] INFO  AV.BMS -  OSD 00 currentime 1860.0
obstacle not detected currenttime 1880.0
print string boolean false
15:59:20.236 [main] INFO  AV.BMS -  OSD 00 currentime 1880.0
obstacle not detected currenttime 1900.0
print string boolean false
15:59:21.325 [main] INFO  AV.BMS -  OSD 00 currentime 1900.0
obstacle not detected currenttime 1920.0
print string boolean false
15:59:22.363 [main] INFO  AV.BMS -  OSD 00 currentime 1920.0
obstacle not detected currenttime 1940.0
print string boolean false
15:59:23.376 [main] INFO  AV.BMS -  OSD 00 currentime 1940.0
obstacle not detected currenttime 1960.0
print string boolean false
15:59:24.391 [main] INFO  AV.BMS -  OSD 00 currentime 1960.0
obstacle not detected currenttime 1980.0
print string boolean false
15:59:25.421 [main] INFO  AV.BMS -  OSD 00 currentime 1980.0
obstacle not detected currenttime 2000.0
print string boolean false
15:59:26.437 [main] INFO  AV.BMS -  OSD 00 currentime 2000.0
obstacle not detected currenttime 2020.0
print string boolean false
15:59:27.459 [main] INFO  AV.BMS -  OSD 00 currentime 2020.0
obstacle not detected currenttime 2040.0
print string boolean false
15:59:28.464 [main] INFO  AV.BMS -  OSD 00 currentime 2040.0
obstacle not detected currenttime 2060.0
print string boolean false
15:59:29.458 [main] INFO  AV.BMS -  OSD 00 currentime 2060.0
obstacle not detected currenttime 2080.0
print string boolean false
15:59:30.871 [main] INFO  AV.BMS -  OSD 00 currentime 2080.0
obstacle not detected currenttime 2100.0
print string boolean false
15:59:31.881 [main] INFO  AV.BMS -  OSD 00 currentime 2100.0
obstacle not detected currenttime 2120.0
print string boolean false
15:59:32.868 [main] INFO  AV.BMS -  OSD 00 currentime 2120.0
obstacle not detected currenttime 2140.0
print string boolean false
15:59:33.860 [main] INFO  AV.BMS -  OSD 00 currentime 2140.0
obstacle not detected currenttime 2160.0
print string boolean false
15:59:34.876 [main] INFO  AV.BMS -  OSD 00 currentime 2160.0
obstacle not detected currenttime 2180.0
print string boolean false
15:59:35.931 [main] INFO  AV.BMS -  OSD 00 currentime 2180.0
obstacle not detected currenttime 2200.0
print string boolean false
15:59:36.880 [main] INFO  AV.BMS -  OSD 00 currentime 2200.0
obstacle not detected currenttime 2220.0
print string boolean false
15:59:37.883 [main] INFO  AV.BMS -  OSD 00 currentime 2220.0
obstacle not detected currenttime 2240.0
print string boolean false
15:59:38.880 [main] INFO  AV.BMS -  OSD 00 currentime 2240.0
obstacle not detected currenttime 2260.0
print string boolean false
15:59:39.909 [main] INFO  AV.BMS -  OSD 00 currentime 2260.0
obstacle not detected currenttime 2280.0
print string boolean false
15:59:40.927 [main] INFO  AV.BMS -  OSD 00 currentime 2280.0
obstacle not detected currenttime 2300.0
print string boolean false
15:59:41.916 [main] INFO  AV.BMS -  OSD 00 currentime 2300.0
obstacle not detected currenttime 2320.0
print string boolean false
15:59:42.913 [main] INFO  AV.BMS -  OSD 00 currentime 2320.0
obstacle not detected currenttime 2340.0
print string boolean false
15:59:43.944 [main] INFO  AV.BMS -  OSD 00 currentime 2340.0
