
-------------------------------------------------------------------
GMS: address=vagrant-38158, cluster=AV, physical address=10.0.2.15:60710
-------------------------------------------------------------------
00:55:17.866 [main] INFO  AV.BMS - waiting on readyToPopulate...
00:55:53.761 [main] INFO  AV.BMS - ...synchronized on readyToPopulate
00:55:53.761 [main] INFO  AV.BMS - waiting on readyToRun...
00:55:54.012 [main] INFO  AV.BMS - ...synchronized on readyToRun
00:55:54.015 [main] INFO  AV.BMS - started logical time progression
inside
00:55:55.285 [main] INFO  AV.BMS - obstacle distance 1999 currenttime 4.0
inside
00:55:55.337 [main] INFO  AV.BMS - obstacle distance 1998 currenttime 5.0
inside
00:55:56.586 [main] INFO  AV.BMS - obstacle distance 1997 currenttime 24.0
inside
00:55:56.643 [main] INFO  AV.BMS - obstacle distance 1996 currenttime 25.0
inside
00:55:57.862 [main] INFO  AV.BMS - obstacle distance 1995 currenttime 44.0
inside
00:55:57.913 [main] INFO  AV.BMS - obstacle distance 1994 currenttime 45.0
inside
00:55:59.328 [main] INFO  AV.BMS - obstacle distance 1993 currenttime 64.0
inside
00:55:59.414 [main] INFO  AV.BMS - obstacle distance 1992 currenttime 65.0
inside
00:56:00.561 [main] INFO  AV.BMS - obstacle distance 1991 currenttime 84.0
inside
00:56:00.600 [main] INFO  AV.BMS - obstacle distance 1990 currenttime 85.0
inside
00:56:01.831 [main] INFO  AV.BMS - obstacle distance 1989 currenttime 104.0
inside
00:56:01.883 [main] INFO  AV.BMS - obstacle distance 1988 currenttime 105.0
inside
00:56:02.915 [main] INFO  AV.BMS - obstacle distance 1987 currenttime 124.0
inside
00:56:02.969 [main] INFO  AV.BMS - obstacle distance 1986 currenttime 125.0
inside
00:56:04.155 [main] INFO  AV.BMS - obstacle distance 1985 currenttime 144.0
inside
00:56:04.211 [main] INFO  AV.BMS - obstacle distance 1984 currenttime 145.0
inside
00:56:05.171 [main] INFO  AV.BMS - obstacle distance 1983 currenttime 164.0
inside
00:56:05.246 [main] INFO  AV.BMS - obstacle distance 1982 currenttime 165.0
inside
00:56:06.848 [main] INFO  AV.BMS - obstacle distance 1981 currenttime 184.0
inside
00:56:06.898 [main] INFO  AV.BMS - obstacle distance 1980 currenttime 185.0
inside
00:56:07.935 [main] INFO  AV.BMS - obstacle distance 1979 currenttime 204.0
inside
00:56:07.991 [main] INFO  AV.BMS - obstacle distance 1978 currenttime 205.0
inside
00:56:09.006 [main] INFO  AV.BMS - obstacle distance 1977 currenttime 224.0
inside
00:56:09.053 [main] INFO  AV.BMS - obstacle distance 1976 currenttime 225.0
inside
00:56:10.070 [main] INFO  AV.BMS - obstacle distance 1975 currenttime 244.0
inside
00:56:10.112 [main] INFO  AV.BMS - obstacle distance 1974 currenttime 245.0
inside
00:56:11.224 [main] INFO  AV.BMS - obstacle distance 1973 currenttime 264.0
inside
00:56:11.273 [main] INFO  AV.BMS - obstacle distance 1972 currenttime 265.0
inside
00:56:12.345 [main] INFO  AV.BMS - obstacle distance 1971 currenttime 284.0
inside
00:56:12.384 [main] INFO  AV.BMS - obstacle distance 1970 currenttime 285.0
inside
00:56:13.399 [main] INFO  AV.BMS - obstacle distance 1969 currenttime 304.0
inside
00:56:13.442 [main] INFO  AV.BMS - obstacle distance 1968 currenttime 305.0
inside
00:56:14.449 [main] INFO  AV.BMS - obstacle distance 1967 currenttime 324.0
inside
00:56:14.498 [main] INFO  AV.BMS - obstacle distance 1966 currenttime 325.0
inside
00:56:15.497 [main] INFO  AV.BMS - obstacle distance 1965 currenttime 344.0
inside
00:56:15.524 [main] INFO  AV.BMS - obstacle distance 1964 currenttime 345.0
inside
00:56:16.537 [main] INFO  AV.BMS - obstacle distance 1963 currenttime 364.0
inside
00:56:16.585 [main] INFO  AV.BMS - obstacle distance 1962 currenttime 365.0
inside
00:56:17.609 [main] INFO  AV.BMS - obstacle distance 1961 currenttime 384.0
inside
00:56:17.656 [main] INFO  AV.BMS - obstacle distance 1960 currenttime 385.0
inside
00:56:18.574 [main] INFO  AV.BMS - obstacle distance 1959 currenttime 404.0
inside
00:56:18.634 [main] INFO  AV.BMS - obstacle distance 1958 currenttime 405.0
inside
00:56:19.762 [main] INFO  AV.BMS - obstacle distance 1957 currenttime 424.0
inside
00:56:19.810 [main] INFO  AV.BMS - obstacle distance 1956 currenttime 425.0
inside
00:56:20.769 [main] INFO  AV.BMS - obstacle distance 1955 currenttime 444.0
inside
00:56:20.812 [main] INFO  AV.BMS - obstacle distance 1954 currenttime 445.0
inside
00:56:21.822 [main] INFO  AV.BMS - obstacle distance 1953 currenttime 464.0
inside
00:56:21.888 [main] INFO  AV.BMS - obstacle distance 1952 currenttime 465.0
inside
00:56:22.849 [main] INFO  AV.BMS - obstacle distance 1951 currenttime 484.0
inside
00:56:22.898 [main] INFO  AV.BMS - obstacle distance 1950 currenttime 485.0
inside
00:56:23.881 [main] INFO  AV.BMS - obstacle distance 1949 currenttime 504.0
inside
00:56:23.908 [main] INFO  AV.BMS - obstacle distance 1948 currenttime 505.0
inside
00:56:24.906 [main] INFO  AV.BMS - obstacle distance 1947 currenttime 524.0
inside
00:56:24.950 [main] INFO  AV.BMS - obstacle distance 1946 currenttime 525.0
inside
00:56:25.910 [main] INFO  AV.BMS - obstacle distance 1945 currenttime 544.0
inside
00:56:25.964 [main] INFO  AV.BMS - obstacle distance 1944 currenttime 545.0
inside
00:56:27.014 [main] INFO  AV.BMS - obstacle distance 1943 currenttime 564.0
inside
00:56:27.067 [main] INFO  AV.BMS - obstacle distance 1942 currenttime 565.0
inside
00:56:28.049 [main] INFO  AV.BMS - obstacle distance 1941 currenttime 584.0
inside
00:56:28.093 [main] INFO  AV.BMS - obstacle distance 1940 currenttime 585.0
inside
00:56:29.109 [main] INFO  AV.BMS - obstacle distance 1939 currenttime 604.0
inside
00:56:29.153 [main] INFO  AV.BMS - obstacle distance 1938 currenttime 605.0
inside
00:56:30.133 [main] INFO  AV.BMS - obstacle distance 1937 currenttime 624.0
inside
00:56:30.186 [main] INFO  AV.BMS - obstacle distance 1936 currenttime 625.0
inside
00:56:31.118 [main] INFO  AV.BMS - obstacle distance 1935 currenttime 644.0
inside
00:56:31.163 [main] INFO  AV.BMS - obstacle distance 1934 currenttime 645.0
inside
00:56:32.125 [main] INFO  AV.BMS - obstacle distance 1933 currenttime 664.0
inside
00:56:32.176 [main] INFO  AV.BMS - obstacle distance 1932 currenttime 665.0
inside
00:56:33.204 [main] INFO  AV.BMS - obstacle distance 1931 currenttime 684.0
inside
00:56:33.269 [main] INFO  AV.BMS - obstacle distance 1930 currenttime 685.0
inside
00:56:34.363 [main] INFO  AV.BMS - obstacle distance 1929 currenttime 704.0
inside
00:56:34.409 [main] INFO  AV.BMS - obstacle distance 1928 currenttime 705.0
inside
00:56:35.393 [main] INFO  AV.BMS - obstacle distance 1927 currenttime 724.0
inside
00:56:35.440 [main] INFO  AV.BMS - obstacle distance 1926 currenttime 725.0
inside
00:56:36.453 [main] INFO  AV.BMS - obstacle distance 1925 currenttime 744.0
inside
00:56:36.509 [main] INFO  AV.BMS - obstacle distance 1924 currenttime 745.0
inside
00:56:37.512 [main] INFO  AV.BMS - obstacle distance 1923 currenttime 764.0
inside
00:56:37.565 [main] INFO  AV.BMS - obstacle distance 1922 currenttime 765.0
inside
00:56:38.585 [main] INFO  AV.BMS - obstacle distance 1921 currenttime 784.0
inside
00:56:38.650 [main] INFO  AV.BMS - obstacle distance 1920 currenttime 785.0
inside
00:56:39.600 [main] INFO  AV.BMS - obstacle distance 1919 currenttime 804.0
inside
00:56:39.653 [main] INFO  AV.BMS - obstacle distance 1918 currenttime 805.0
inside
00:56:40.618 [main] INFO  AV.BMS - obstacle distance 1917 currenttime 824.0
inside
00:56:40.680 [main] INFO  AV.BMS - obstacle distance 1916 currenttime 825.0
inside
00:56:41.637 [main] INFO  AV.BMS - obstacle distance 1915 currenttime 844.0
inside
00:56:41.685 [main] INFO  AV.BMS - obstacle distance 1914 currenttime 845.0
inside
00:56:42.642 [main] INFO  AV.BMS - obstacle distance 1913 currenttime 864.0
inside
00:56:42.688 [main] INFO  AV.BMS - obstacle distance 1912 currenttime 865.0
inside
00:56:43.709 [main] INFO  AV.BMS - obstacle distance 1911 currenttime 884.0
inside
00:56:43.755 [main] INFO  AV.BMS - obstacle distance 1910 currenttime 885.0
inside
00:56:44.740 [main] INFO  AV.BMS - obstacle distance 1909 currenttime 904.0
inside
00:56:44.801 [main] INFO  AV.BMS - obstacle distance 1908 currenttime 905.0
inside
00:56:45.779 [main] INFO  AV.BMS - obstacle distance 1907 currenttime 924.0
inside
00:56:45.814 [main] INFO  AV.BMS - obstacle distance 1906 currenttime 925.0
inside
00:56:46.788 [main] INFO  AV.BMS - obstacle distance 1905 currenttime 944.0
inside
00:56:46.845 [main] INFO  AV.BMS - obstacle distance 1904 currenttime 945.0
inside
00:56:47.775 [main] INFO  AV.BMS - obstacle distance 1903 currenttime 964.0
inside
00:56:47.829 [main] INFO  AV.BMS - obstacle distance 1902 currenttime 965.0
inside
00:56:48.797 [main] INFO  AV.BMS - obstacle distance 1901 currenttime 984.0
inside
00:56:48.851 [main] INFO  AV.BMS - obstacle distance 1900 currenttime 985.0
inside
00:56:49.819 [main] INFO  AV.BMS - obstacle distance 1899 currenttime 1004.0
inside
00:56:49.875 [main] INFO  AV.BMS - obstacle distance 1898 currenttime 1005.0
inside
00:56:50.948 [main] INFO  AV.BMS - obstacle distance 1897 currenttime 1024.0
inside
00:56:50.984 [main] INFO  AV.BMS - obstacle distance 1896 currenttime 1025.0
inside
00:56:51.895 [main] INFO  AV.BMS - obstacle distance 1895 currenttime 1044.0
inside
00:56:51.946 [main] INFO  AV.BMS - obstacle distance 1894 currenttime 1045.0
inside
00:56:52.874 [main] INFO  AV.BMS - obstacle distance 1893 currenttime 1064.0
inside
00:56:52.943 [main] INFO  AV.BMS - obstacle distance 1892 currenttime 1065.0
inside
00:56:53.892 [main] INFO  AV.BMS - obstacle distance 1891 currenttime 1084.0
inside
00:56:53.954 [main] INFO  AV.BMS - obstacle distance 1890 currenttime 1085.0
inside
00:56:54.919 [main] INFO  AV.BMS - obstacle distance 1889 currenttime 1104.0
inside
00:56:54.959 [main] INFO  AV.BMS - obstacle distance 1888 currenttime 1105.0
inside
00:56:55.900 [main] INFO  AV.BMS - obstacle distance 1887 currenttime 1124.0
inside
00:56:55.943 [main] INFO  AV.BMS - obstacle distance 1886 currenttime 1125.0
inside
00:56:56.884 [main] INFO  AV.BMS - obstacle distance 1885 currenttime 1144.0
inside
00:56:56.928 [main] INFO  AV.BMS - obstacle distance 1884 currenttime 1145.0
inside
00:56:57.916 [main] INFO  AV.BMS - obstacle distance 1883 currenttime 1164.0
inside
00:56:57.955 [main] INFO  AV.BMS - obstacle distance 1882 currenttime 1165.0
inside
00:56:58.887 [main] INFO  AV.BMS - obstacle distance 1881 currenttime 1184.0
inside
00:56:58.935 [main] INFO  AV.BMS - obstacle distance 1880 currenttime 1185.0
inside
00:56:59.935 [main] INFO  AV.BMS - obstacle distance 1879 currenttime 1204.0
inside
00:56:59.978 [main] INFO  AV.BMS - obstacle distance 1878 currenttime 1205.0
inside
00:57:00.962 [main] INFO  AV.BMS - obstacle distance 1877 currenttime 1224.0
inside
00:57:01.029 [main] INFO  AV.BMS - obstacle distance 1876 currenttime 1225.0
inside
00:57:02.014 [main] INFO  AV.BMS - obstacle distance 1875 currenttime 1244.0
inside
00:57:02.068 [main] INFO  AV.BMS - obstacle distance 1874 currenttime 1245.0
inside
00:57:03.036 [main] INFO  AV.BMS - obstacle distance 1873 currenttime 1264.0
inside
00:57:03.087 [main] INFO  AV.BMS - obstacle distance 1872 currenttime 1265.0
