
-------------------------------------------------------------------
GMS: address=vagrant-39619, cluster=AV, physical address=10.0.2.15:43994
-------------------------------------------------------------------
02:54:32.958 [main] INFO  AV.BMS - waiting on readyToPopulate...
02:54:55.488 [main] INFO  AV.BMS - ...synchronized on readyToPopulate
02:54:55.489 [main] INFO  AV.BMS - waiting on readyToRun...
02:54:55.741 [main] INFO  AV.BMS - ...synchronized on readyToRun
02:54:55.744 [main] INFO  AV.BMS - started logical time progression
inside
02:54:55.745 [main] INFO  AV.BMS - obstacle distance 1999 currenttime 0.0
02:54:55.746 [main] INFO  AV.BMS -  OSD 00 currentime 0.0
inside
02:54:58.288 [main] INFO  AV.BMS - obstacle distance 1998 currenttime 20.0
02:54:58.289 [main] INFO  AV.BMS -  OSD 00 currentime 20.0
inside
02:54:59.638 [main] INFO  AV.BMS - obstacle distance 1997 currenttime 40.0
02:54:59.639 [main] INFO  AV.BMS -  OSD 00 currentime 40.0
inside
02:55:00.810 [main] INFO  AV.BMS - obstacle distance 1996 currenttime 60.0
02:55:00.811 [main] INFO  AV.BMS -  OSD 00 currentime 60.0
inside
02:55:02.105 [main] INFO  AV.BMS - obstacle distance 1995 currenttime 80.0
02:55:02.106 [main] INFO  AV.BMS -  OSD 00 currentime 80.0
inside
02:55:03.326 [main] INFO  AV.BMS - obstacle distance 1994 currenttime 100.0
02:55:03.328 [main] INFO  AV.BMS -  OSD 00 currentime 100.0
inside
02:55:04.567 [main] INFO  AV.BMS - obstacle distance 1993 currenttime 120.0
02:55:04.567 [main] INFO  AV.BMS -  OSD 00 currentime 120.0
inside
02:55:05.700 [main] INFO  AV.BMS - obstacle distance 1992 currenttime 140.0
02:55:05.701 [main] INFO  AV.BMS -  OSD 00 currentime 140.0
inside
02:55:06.894 [main] INFO  AV.BMS - obstacle distance 1991 currenttime 160.0
02:55:06.895 [main] INFO  AV.BMS -  OSD 00 currentime 160.0
inside
02:55:08.035 [main] INFO  AV.BMS - obstacle distance 1990 currenttime 180.0
02:55:08.043 [main] INFO  AV.BMS -  OSD 00 currentime 180.0
inside
02:55:09.522 [main] INFO  AV.BMS - obstacle distance 1989 currenttime 200.0
02:55:09.538 [main] INFO  AV.BMS -  OSD 00 currentime 200.0
inside
02:55:10.606 [main] INFO  AV.BMS - obstacle distance 1988 currenttime 220.0
02:55:10.607 [main] INFO  AV.BMS -  OSD 00 currentime 220.0
inside
02:55:11.662 [main] INFO  AV.BMS - obstacle distance 1987 currenttime 240.0
02:55:11.663 [main] INFO  AV.BMS -  OSD 00 currentime 240.0
inside
02:55:12.910 [main] INFO  AV.BMS - obstacle distance 1986 currenttime 260.0
02:55:12.910 [main] INFO  AV.BMS -  OSD 00 currentime 260.0
inside
02:55:13.969 [main] INFO  AV.BMS - obstacle distance 1985 currenttime 280.0
02:55:13.970 [main] INFO  AV.BMS -  OSD 00 currentime 280.0
inside
02:55:14.987 [main] INFO  AV.BMS - obstacle distance 1984 currenttime 300.0
02:55:14.988 [main] INFO  AV.BMS -  OSD 00 currentime 300.0
inside
02:55:16.015 [main] INFO  AV.BMS - obstacle distance 1983 currenttime 320.0
02:55:16.016 [main] INFO  AV.BMS -  OSD 00 currentime 320.0
inside
02:55:17.061 [main] INFO  AV.BMS - obstacle distance 1982 currenttime 340.0
02:55:17.061 [main] INFO  AV.BMS -  OSD 00 currentime 340.0
inside
02:55:18.109 [main] INFO  AV.BMS - obstacle distance 1981 currenttime 360.0
02:55:18.110 [main] INFO  AV.BMS -  OSD 00 currentime 360.0
inside
02:55:19.093 [main] INFO  AV.BMS - obstacle distance 1980 currenttime 380.0
02:55:19.094 [main] INFO  AV.BMS -  OSD 00 currentime 380.0
inside
02:55:20.110 [main] INFO  AV.BMS - obstacle distance 1979 currenttime 400.0
02:55:20.121 [main] INFO  AV.BMS -  OSD 00 currentime 400.0
inside
02:55:21.111 [main] INFO  AV.BMS - obstacle distance 1978 currenttime 420.0
02:55:21.111 [main] INFO  AV.BMS -  OSD 00 currentime 420.0
inside
02:55:22.150 [main] INFO  AV.BMS - obstacle distance 1977 currenttime 440.0
02:55:22.151 [main] INFO  AV.BMS -  OSD 00 currentime 440.0
inside
02:55:23.141 [main] INFO  AV.BMS - obstacle distance 1976 currenttime 460.0
02:55:23.142 [main] INFO  AV.BMS -  OSD 00 currentime 460.0
inside
02:55:24.119 [main] INFO  AV.BMS - obstacle distance 1975 currenttime 480.0
02:55:24.122 [main] INFO  AV.BMS -  OSD 00 currentime 480.0
inside
02:55:25.132 [main] INFO  AV.BMS - obstacle distance 1974 currenttime 500.0
02:55:25.133 [main] INFO  AV.BMS -  OSD 00 currentime 500.0
inside
02:55:26.135 [main] INFO  AV.BMS - obstacle distance 1973 currenttime 520.0
02:55:26.136 [main] INFO  AV.BMS -  OSD 00 currentime 520.0
inside
02:55:27.076 [main] INFO  AV.BMS - obstacle distance 1972 currenttime 540.0
02:55:27.077 [main] INFO  AV.BMS -  OSD 00 currentime 540.0
inside
02:55:28.086 [main] INFO  AV.BMS - obstacle distance 1971 currenttime 560.0
02:55:28.086 [main] INFO  AV.BMS -  OSD 00 currentime 560.0
inside
02:55:29.059 [main] INFO  AV.BMS - obstacle distance 1970 currenttime 580.0
02:55:29.060 [main] INFO  AV.BMS -  OSD 00 currentime 580.0
inside
02:55:29.999 [main] INFO  AV.BMS - obstacle distance 1969 currenttime 600.0
02:55:30.000 [main] INFO  AV.BMS -  OSD 00 currentime 600.0
inside
02:55:31.042 [main] INFO  AV.BMS - obstacle distance 1968 currenttime 620.0
02:55:31.042 [main] INFO  AV.BMS -  OSD 00 currentime 620.0
inside
02:55:32.018 [main] INFO  AV.BMS - obstacle distance 1967 currenttime 640.0
02:55:32.019 [main] INFO  AV.BMS -  OSD 00 currentime 640.0
inside
02:55:33.009 [main] INFO  AV.BMS - obstacle distance 1966 currenttime 660.0
02:55:33.009 [main] INFO  AV.BMS -  OSD 00 currentime 660.0
inside
02:55:34.017 [main] INFO  AV.BMS - obstacle distance 1965 currenttime 680.0
02:55:34.018 [main] INFO  AV.BMS -  OSD 00 currentime 680.0
inside
02:55:35.036 [main] INFO  AV.BMS - obstacle distance 1964 currenttime 700.0
02:55:35.036 [main] INFO  AV.BMS -  OSD 00 currentime 700.0
inside
02:55:36.186 [main] INFO  AV.BMS - obstacle distance 1963 currenttime 720.0
02:55:36.189 [main] INFO  AV.BMS -  OSD 00 currentime 720.0
inside
02:55:37.209 [main] INFO  AV.BMS - obstacle distance 1962 currenttime 740.0
02:55:37.210 [main] INFO  AV.BMS -  OSD 00 currentime 740.0
inside
02:55:38.202 [main] INFO  AV.BMS - obstacle distance 1961 currenttime 760.0
02:55:38.202 [main] INFO  AV.BMS -  OSD 00 currentime 760.0
inside
02:55:39.168 [main] INFO  AV.BMS - obstacle distance 1960 currenttime 780.0
02:55:39.169 [main] INFO  AV.BMS -  OSD 00 currentime 780.0
inside
02:55:40.210 [main] INFO  AV.BMS - obstacle distance 1959 currenttime 800.0
02:55:40.213 [main] INFO  AV.BMS -  OSD 00 currentime 800.0
inside
02:55:41.174 [main] INFO  AV.BMS - obstacle distance 1958 currenttime 820.0
02:55:41.177 [main] INFO  AV.BMS -  OSD 00 currentime 820.0
inside
02:55:42.183 [main] INFO  AV.BMS - obstacle distance 1957 currenttime 840.0
02:55:42.189 [main] INFO  AV.BMS -  OSD 00 currentime 840.0
inside
02:55:43.223 [main] INFO  AV.BMS - obstacle distance 1956 currenttime 860.0
02:55:43.225 [main] INFO  AV.BMS -  OSD 00 currentime 860.0
inside
02:55:44.210 [main] INFO  AV.BMS - obstacle distance 1955 currenttime 880.0
02:55:44.214 [main] INFO  AV.BMS -  OSD 00 currentime 880.0
inside
02:55:45.213 [main] INFO  AV.BMS - obstacle distance 1954 currenttime 900.0
02:55:45.214 [main] INFO  AV.BMS -  OSD 00 currentime 900.0
inside
02:55:46.223 [main] INFO  AV.BMS - obstacle distance 1953 currenttime 920.0
02:55:46.223 [main] INFO  AV.BMS -  OSD 00 currentime 920.0
inside
02:55:47.210 [main] INFO  AV.BMS - obstacle distance 1952 currenttime 940.0
02:55:47.211 [main] INFO  AV.BMS -  OSD 00 currentime 940.0
inside
02:55:48.193 [main] INFO  AV.BMS - obstacle distance 1951 currenttime 960.0
02:55:48.196 [main] INFO  AV.BMS -  OSD 00 currentime 960.0
inside
02:55:49.213 [main] INFO  AV.BMS - obstacle distance 1950 currenttime 980.0
02:55:49.214 [main] INFO  AV.BMS -  OSD 00 currentime 980.0
inside
02:55:50.222 [main] INFO  AV.BMS - obstacle distance 1949 currenttime 1000.0
02:55:50.224 [main] INFO  AV.BMS -  OSD 00 currentime 1000.0
inside
02:55:51.400 [main] INFO  AV.BMS - obstacle distance 1948 currenttime 1020.0
02:55:51.401 [main] INFO  AV.BMS -  OSD 00 currentime 1020.0
inside
02:55:52.383 [main] INFO  AV.BMS - obstacle distance 1947 currenttime 1040.0
02:55:52.384 [main] INFO  AV.BMS -  OSD 00 currentime 1040.0
inside
02:55:53.357 [main] INFO  AV.BMS - obstacle distance 1946 currenttime 1060.0
02:55:53.357 [main] INFO  AV.BMS -  OSD 00 currentime 1060.0
inside
02:55:54.344 [main] INFO  AV.BMS - obstacle distance 1945 currenttime 1080.0
02:55:54.347 [main] INFO  AV.BMS -  OSD 00 currentime 1080.0
inside
02:55:55.354 [main] INFO  AV.BMS - obstacle distance 1944 currenttime 1100.0
02:55:55.355 [main] INFO  AV.BMS -  OSD 00 currentime 1100.0
inside
02:55:56.288 [main] INFO  AV.BMS - obstacle distance 1943 currenttime 1120.0
02:55:56.289 [main] INFO  AV.BMS -  OSD 00 currentime 1120.0
inside
02:55:57.306 [main] INFO  AV.BMS - obstacle distance 1942 currenttime 1140.0
02:55:57.307 [main] INFO  AV.BMS -  OSD 00 currentime 1140.0
inside
02:55:58.292 [main] INFO  AV.BMS - obstacle distance 1941 currenttime 1160.0
02:55:58.293 [main] INFO  AV.BMS -  OSD 00 currentime 1160.0
inside
02:55:59.300 [main] INFO  AV.BMS - obstacle distance 1940 currenttime 1180.0
02:55:59.300 [main] INFO  AV.BMS -  OSD 00 currentime 1180.0
inside
02:56:00.272 [main] INFO  AV.BMS - obstacle distance 1939 currenttime 1200.0
02:56:00.273 [main] INFO  AV.BMS -  OSD 00 currentime 1200.0
inside
02:56:01.234 [main] INFO  AV.BMS - obstacle distance 1938 currenttime 1220.0
02:56:01.234 [main] INFO  AV.BMS -  OSD 00 currentime 1220.0
inside
02:56:02.254 [main] INFO  AV.BMS - obstacle distance 1937 currenttime 1240.0
02:56:02.254 [main] INFO  AV.BMS -  OSD 00 currentime 1240.0
inside
02:56:03.198 [main] INFO  AV.BMS - obstacle distance 1936 currenttime 1260.0
02:56:03.198 [main] INFO  AV.BMS -  OSD 00 currentime 1260.0
inside
02:56:04.144 [main] INFO  AV.BMS - obstacle distance 1935 currenttime 1280.0
02:56:04.144 [main] INFO  AV.BMS -  OSD 00 currentime 1280.0
inside
02:56:05.156 [main] INFO  AV.BMS - obstacle distance 1934 currenttime 1300.0
02:56:05.158 [main] INFO  AV.BMS -  OSD 00 currentime 1300.0
inside
02:56:06.120 [main] INFO  AV.BMS - obstacle distance 1933 currenttime 1320.0
02:56:06.121 [main] INFO  AV.BMS -  OSD 00 currentime 1320.0
inside
02:56:07.246 [main] INFO  AV.BMS - obstacle distance 1932 currenttime 1340.0
02:56:07.247 [main] INFO  AV.BMS -  OSD 00 currentime 1340.0
inside
02:56:08.259 [main] INFO  AV.BMS - obstacle distance 1931 currenttime 1360.0
02:56:08.260 [main] INFO  AV.BMS -  OSD 00 currentime 1360.0
inside
02:56:09.253 [main] INFO  AV.BMS - obstacle distance 1930 currenttime 1380.0
02:56:09.253 [main] INFO  AV.BMS -  OSD 00 currentime 1380.0
inside
02:56:10.228 [main] INFO  AV.BMS - obstacle distance 1929 currenttime 1400.0
02:56:10.229 [main] INFO  AV.BMS -  OSD 00 currentime 1400.0
inside
02:56:11.260 [main] INFO  AV.BMS - obstacle distance 1928 currenttime 1420.0
02:56:11.261 [main] INFO  AV.BMS -  OSD 00 currentime 1420.0
inside
02:56:12.266 [main] INFO  AV.BMS - obstacle distance 1927 currenttime 1440.0
02:56:12.274 [main] INFO  AV.BMS -  OSD 00 currentime 1440.0
inside
02:56:13.329 [main] INFO  AV.BMS - obstacle distance 1926 currenttime 1460.0
02:56:13.329 [main] INFO  AV.BMS -  OSD 00 currentime 1460.0
inside
02:56:14.846 [main] INFO  AV.BMS - obstacle distance 1925 currenttime 1480.0
02:56:14.848 [main] INFO  AV.BMS -  OSD 00 currentime 1480.0
inside
02:56:15.946 [main] INFO  AV.BMS - obstacle distance 1924 currenttime 1500.0
02:56:15.947 [main] INFO  AV.BMS -  OSD 00 currentime 1500.0
inside
02:56:16.957 [main] INFO  AV.BMS - obstacle distance 1923 currenttime 1520.0
02:56:16.957 [main] INFO  AV.BMS -  OSD 00 currentime 1520.0
inside
02:56:17.883 [main] INFO  AV.BMS - obstacle distance 1922 currenttime 1540.0
02:56:17.883 [main] INFO  AV.BMS -  OSD 00 currentime 1540.0
inside
02:56:18.840 [main] INFO  AV.BMS - obstacle distance 1921 currenttime 1560.0
02:56:18.841 [main] INFO  AV.BMS -  OSD 00 currentime 1560.0
inside
02:56:19.801 [main] INFO  AV.BMS - obstacle distance 1920 currenttime 1580.0
02:56:19.801 [main] INFO  AV.BMS -  OSD 00 currentime 1580.0
inside
02:56:20.792 [main] INFO  AV.BMS - obstacle distance 1919 currenttime 1600.0
02:56:20.794 [main] INFO  AV.BMS -  OSD 00 currentime 1600.0
inside
02:56:21.806 [main] INFO  AV.BMS - obstacle distance 1918 currenttime 1620.0
02:56:21.806 [main] INFO  AV.BMS -  OSD 00 currentime 1620.0
inside
02:56:22.845 [main] INFO  AV.BMS - obstacle distance 1917 currenttime 1640.0
02:56:22.846 [main] INFO  AV.BMS -  OSD 00 currentime 1640.0
inside
02:56:23.830 [main] INFO  AV.BMS - obstacle distance 1916 currenttime 1660.0
02:56:23.830 [main] INFO  AV.BMS -  OSD 00 currentime 1660.0
inside
02:56:24.998 [main] INFO  AV.BMS - obstacle distance 1915 currenttime 1680.0
02:56:25.001 [main] INFO  AV.BMS -  OSD 00 currentime 1680.0
inside
02:56:25.860 [main] INFO  AV.BMS - obstacle distance 1914 currenttime 1700.0
02:56:25.861 [main] INFO  AV.BMS -  OSD 00 currentime 1700.0
inside
02:56:26.817 [main] INFO  AV.BMS - obstacle distance 1913 currenttime 1720.0
02:56:26.819 [main] INFO  AV.BMS -  OSD 00 currentime 1720.0
inside
02:56:27.817 [main] INFO  AV.BMS - obstacle distance 1912 currenttime 1740.0
02:56:27.818 [main] INFO  AV.BMS -  OSD 00 currentime 1740.0
inside
02:56:28.838 [main] INFO  AV.BMS - obstacle distance 1911 currenttime 1760.0
02:56:28.841 [main] INFO  AV.BMS -  OSD 00 currentime 1760.0
inside
02:56:29.760 [main] INFO  AV.BMS - obstacle distance 1910 currenttime 1780.0
02:56:29.762 [main] INFO  AV.BMS -  OSD 00 currentime 1780.0
inside
02:56:30.764 [main] INFO  AV.BMS - obstacle distance 1909 currenttime 1800.0
02:56:30.765 [main] INFO  AV.BMS -  OSD 00 currentime 1800.0
inside
02:56:31.755 [main] INFO  AV.BMS - obstacle distance 1908 currenttime 1820.0
02:56:31.756 [main] INFO  AV.BMS -  OSD 00 currentime 1820.0
inside
02:56:32.720 [main] INFO  AV.BMS - obstacle distance 1907 currenttime 1840.0
02:56:32.721 [main] INFO  AV.BMS -  OSD 00 currentime 1840.0
inside
02:56:33.727 [main] INFO  AV.BMS - obstacle distance 1906 currenttime 1860.0
02:56:33.728 [main] INFO  AV.BMS -  OSD 00 currentime 1860.0
inside
02:56:34.745 [main] INFO  AV.BMS - obstacle distance 1905 currenttime 1880.0
02:56:34.745 [main] INFO  AV.BMS -  OSD 00 currentime 1880.0
inside
02:56:35.755 [main] INFO  AV.BMS - obstacle distance 1904 currenttime 1900.0
02:56:35.756 [main] INFO  AV.BMS -  OSD 00 currentime 1900.0
inside
02:56:36.739 [main] INFO  AV.BMS - obstacle distance 1903 currenttime 1920.0
02:56:36.749 [main] INFO  AV.BMS -  OSD 00 currentime 1920.0
inside
02:56:37.716 [main] INFO  AV.BMS - obstacle distance 1902 currenttime 1940.0
02:56:37.717 [main] INFO  AV.BMS -  OSD 00 currentime 1940.0
inside
02:56:38.717 [main] INFO  AV.BMS - obstacle distance 1901 currenttime 1960.0
02:56:38.718 [main] INFO  AV.BMS -  OSD 00 currentime 1960.0
inside
02:56:39.703 [main] INFO  AV.BMS - obstacle distance 1900 currenttime 1980.0
02:56:39.704 [main] INFO  AV.BMS -  OSD 00 currentime 1980.0
inside
02:56:40.729 [main] INFO  AV.BMS - obstacle distance 1899 currenttime 2000.0
02:56:40.729 [main] INFO  AV.BMS -  OSD 00 currentime 2000.0
inside
02:56:41.736 [main] INFO  AV.BMS - obstacle distance 1898 currenttime 2020.0
02:56:41.739 [main] INFO  AV.BMS -  OSD 00 currentime 2020.0
inside
02:56:42.732 [main] INFO  AV.BMS - obstacle distance 1897 currenttime 2040.0
02:56:42.735 [main] INFO  AV.BMS -  OSD 00 currentime 2040.0
inside
02:56:43.772 [main] INFO  AV.BMS - obstacle distance 1896 currenttime 2060.0
02:56:43.772 [main] INFO  AV.BMS -  OSD 00 currentime 2060.0
inside
02:56:44.788 [main] INFO  AV.BMS - obstacle distance 1895 currenttime 2080.0
02:56:44.789 [main] INFO  AV.BMS -  OSD 00 currentime 2080.0
inside
02:56:45.708 [main] INFO  AV.BMS - obstacle distance 1894 currenttime 2100.0
02:56:45.709 [main] INFO  AV.BMS -  OSD 00 currentime 2100.0
inside
02:56:46.721 [main] INFO  AV.BMS - obstacle distance 1893 currenttime 2120.0
02:56:46.721 [main] INFO  AV.BMS -  OSD 00 currentime 2120.0
inside
02:56:47.658 [main] INFO  AV.BMS - obstacle distance 1892 currenttime 2140.0
02:56:47.662 [main] INFO  AV.BMS -  OSD 00 currentime 2140.0
inside
02:56:48.707 [main] INFO  AV.BMS - obstacle distance 1891 currenttime 2160.0
02:56:48.710 [main] INFO  AV.BMS -  OSD 00 currentime 2160.0
inside
02:56:49.699 [main] INFO  AV.BMS - obstacle distance 1890 currenttime 2180.0
02:56:49.700 [main] INFO  AV.BMS -  OSD 00 currentime 2180.0
inside
02:56:50.698 [main] INFO  AV.BMS - obstacle distance 1889 currenttime 2200.0
02:56:50.699 [main] INFO  AV.BMS -  OSD 00 currentime 2200.0
inside
02:56:51.692 [main] INFO  AV.BMS - obstacle distance 1888 currenttime 2220.0
02:56:51.693 [main] INFO  AV.BMS -  OSD 00 currentime 2220.0
inside
02:56:52.708 [main] INFO  AV.BMS - obstacle distance 1887 currenttime 2240.0
02:56:52.709 [main] INFO  AV.BMS -  OSD 00 currentime 2240.0
inside
02:56:53.657 [main] INFO  AV.BMS - obstacle distance 1886 currenttime 2260.0
02:56:53.658 [main] INFO  AV.BMS -  OSD 00 currentime 2260.0
inside
02:56:54.687 [main] INFO  AV.BMS - obstacle distance 1885 currenttime 2280.0
02:56:54.688 [main] INFO  AV.BMS -  OSD 00 currentime 2280.0
inside
02:56:55.718 [main] INFO  AV.BMS - obstacle distance 1884 currenttime 2300.0
02:56:55.718 [main] INFO  AV.BMS -  OSD 00 currentime 2300.0
inside
02:56:56.705 [main] INFO  AV.BMS - obstacle distance 1883 currenttime 2320.0
02:56:56.706 [main] INFO  AV.BMS -  OSD 00 currentime 2320.0
inside
02:56:57.683 [main] INFO  AV.BMS - obstacle distance 1882 currenttime 2340.0
02:56:57.683 [main] INFO  AV.BMS -  OSD 00 currentime 2340.0
inside
02:56:58.695 [main] INFO  AV.BMS - obstacle distance 1881 currenttime 2360.0
02:56:58.696 [main] INFO  AV.BMS -  OSD 00 currentime 2360.0
inside
02:56:59.676 [main] INFO  AV.BMS - obstacle distance 1880 currenttime 2380.0
02:56:59.676 [main] INFO  AV.BMS -  OSD 00 currentime 2380.0
inside
02:57:00.681 [main] INFO  AV.BMS - obstacle distance 1879 currenttime 2400.0
02:57:00.681 [main] INFO  AV.BMS -  OSD 00 currentime 2400.0
inside
02:57:01.659 [main] INFO  AV.BMS - obstacle distance 1878 currenttime 2420.0
02:57:01.664 [main] INFO  AV.BMS -  OSD 00 currentime 2420.0
inside
02:57:02.814 [main] INFO  AV.BMS - obstacle distance 1877 currenttime 2440.0
02:57:02.815 [main] INFO  AV.BMS -  OSD 00 currentime 2440.0
inside
02:57:03.814 [main] INFO  AV.BMS - obstacle distance 1876 currenttime 2460.0
02:57:03.815 [main] INFO  AV.BMS -  OSD 00 currentime 2460.0
inside
02:57:04.778 [main] INFO  AV.BMS - obstacle distance 1875 currenttime 2480.0
02:57:04.779 [main] INFO  AV.BMS -  OSD 00 currentime 2480.0
inside
02:57:05.772 [main] INFO  AV.BMS - obstacle distance 1874 currenttime 2500.0
02:57:05.773 [main] INFO  AV.BMS -  OSD 00 currentime 2500.0
inside
02:57:06.759 [main] INFO  AV.BMS - obstacle distance 1873 currenttime 2520.0
02:57:06.760 [main] INFO  AV.BMS -  OSD 00 currentime 2520.0
inside
02:57:07.764 [main] INFO  AV.BMS - obstacle distance 1872 currenttime 2540.0
02:57:07.764 [main] INFO  AV.BMS -  OSD 00 currentime 2540.0
inside
02:57:08.739 [main] INFO  AV.BMS - obstacle distance 1871 currenttime 2560.0
02:57:08.742 [main] INFO  AV.BMS -  OSD 00 currentime 2560.0
inside
02:57:09.659 [main] INFO  AV.BMS - obstacle distance 1870 currenttime 2580.0
02:57:09.659 [main] INFO  AV.BMS -  OSD 00 currentime 2580.0
inside
02:57:10.655 [main] INFO  AV.BMS - obstacle distance 1869 currenttime 2600.0
02:57:10.656 [main] INFO  AV.BMS -  OSD 00 currentime 2600.0
inside
02:57:11.641 [main] INFO  AV.BMS - obstacle distance 1868 currenttime 2620.0
02:57:11.642 [main] INFO  AV.BMS -  OSD 00 currentime 2620.0
inside
02:57:12.672 [main] INFO  AV.BMS - obstacle distance 1867 currenttime 2640.0
02:57:12.673 [main] INFO  AV.BMS -  OSD 00 currentime 2640.0
inside
02:57:13.662 [main] INFO  AV.BMS - obstacle distance 1866 currenttime 2660.0
02:57:13.663 [main] INFO  AV.BMS -  OSD 00 currentime 2660.0
inside
02:57:14.648 [main] INFO  AV.BMS - obstacle distance 1865 currenttime 2680.0
02:57:14.650 [main] INFO  AV.BMS -  OSD 00 currentime 2680.0
inside
02:57:15.613 [main] INFO  AV.BMS - obstacle distance 1864 currenttime 2700.0
02:57:15.614 [main] INFO  AV.BMS -  OSD 00 currentime 2700.0
inside
02:57:16.629 [main] INFO  AV.BMS - obstacle distance 1863 currenttime 2720.0
02:57:16.629 [main] INFO  AV.BMS -  OSD 00 currentime 2720.0
inside
02:57:17.611 [main] INFO  AV.BMS - obstacle distance 1862 currenttime 2740.0
02:57:17.612 [main] INFO  AV.BMS -  OSD 00 currentime 2740.0
inside
02:57:18.589 [main] INFO  AV.BMS - obstacle distance 1861 currenttime 2760.0
02:57:18.590 [main] INFO  AV.BMS -  OSD 00 currentime 2760.0
inside
02:57:19.588 [main] INFO  AV.BMS - obstacle distance 1860 currenttime 2780.0
02:57:19.588 [main] INFO  AV.BMS -  OSD 00 currentime 2780.0
inside
02:57:20.584 [main] INFO  AV.BMS - obstacle distance 1859 currenttime 2800.0
02:57:20.585 [main] INFO  AV.BMS -  OSD 00 currentime 2800.0
inside
02:57:21.625 [main] INFO  AV.BMS - obstacle distance 1858 currenttime 2820.0
02:57:21.626 [main] INFO  AV.BMS -  OSD 00 currentime 2820.0
inside
02:57:22.717 [main] INFO  AV.BMS - obstacle distance 1857 currenttime 2840.0
02:57:22.717 [main] INFO  AV.BMS -  OSD 00 currentime 2840.0
inside
02:57:23.646 [main] INFO  AV.BMS - obstacle distance 1856 currenttime 2860.0
02:57:23.648 [main] INFO  AV.BMS -  OSD 00 currentime 2860.0
inside
02:57:24.611 [main] INFO  AV.BMS - obstacle distance 1855 currenttime 2880.0
02:57:24.612 [main] INFO  AV.BMS -  OSD 00 currentime 2880.0
inside
02:57:25.629 [main] INFO  AV.BMS - obstacle distance 1854 currenttime 2900.0
02:57:25.630 [main] INFO  AV.BMS -  OSD 00 currentime 2900.0
inside
02:57:26.611 [main] INFO  AV.BMS - obstacle distance 1853 currenttime 2920.0
02:57:26.612 [main] INFO  AV.BMS -  OSD 00 currentime 2920.0
inside
02:57:27.635 [main] INFO  AV.BMS - obstacle distance 1852 currenttime 2940.0
02:57:27.635 [main] INFO  AV.BMS -  OSD 00 currentime 2940.0
inside
02:57:28.605 [main] INFO  AV.BMS - obstacle distance 1851 currenttime 2960.0
02:57:28.605 [main] INFO  AV.BMS -  OSD 00 currentime 2960.0
inside
02:57:29.610 [main] INFO  AV.BMS - obstacle distance 1850 currenttime 2980.0
02:57:29.611 [main] INFO  AV.BMS -  OSD 00 currentime 2980.0
inside
02:57:30.608 [main] INFO  AV.BMS - obstacle distance 1849 currenttime 3000.0
02:57:30.609 [main] INFO  AV.BMS -  OSD 00 currentime 3000.0
inside
02:57:31.607 [main] INFO  AV.BMS - obstacle distance 1848 currenttime 3020.0
02:57:31.607 [main] INFO  AV.BMS -  OSD 00 currentime 3020.0
inside
02:57:32.575 [main] INFO  AV.BMS - obstacle distance 1847 currenttime 3040.0
02:57:32.575 [main] INFO  AV.BMS -  OSD 00 currentime 3040.0
inside
02:57:33.578 [main] INFO  AV.BMS - obstacle distance 1846 currenttime 3060.0
02:57:33.579 [main] INFO  AV.BMS -  OSD 00 currentime 3060.0
inside
02:57:34.563 [main] INFO  AV.BMS - obstacle distance 1845 currenttime 3080.0
02:57:34.566 [main] INFO  AV.BMS -  OSD 00 currentime 3080.0
inside
02:57:35.537 [main] INFO  AV.BMS - obstacle distance 1844 currenttime 3100.0
02:57:35.537 [main] INFO  AV.BMS -  OSD 00 currentime 3100.0
inside
02:57:36.516 [main] INFO  AV.BMS - obstacle distance 1843 currenttime 3120.0
02:57:36.517 [main] INFO  AV.BMS -  OSD 00 currentime 3120.0
inside
02:57:37.322 [main] INFO  AV.BMS - obstacle distance 1842 currenttime 3140.0
02:57:37.322 [main] INFO  AV.BMS -  OSD 00 currentime 3140.0
inside
02:57:38.320 [main] INFO  AV.BMS - obstacle distance 1841 currenttime 3160.0
02:57:38.323 [main] INFO  AV.BMS -  OSD 00 currentime 3160.0
inside
02:57:39.319 [main] INFO  AV.BMS - obstacle distance 1840 currenttime 3180.0
02:57:39.320 [main] INFO  AV.BMS -  OSD 00 currentime 3180.0
inside
02:57:40.320 [main] INFO  AV.BMS - obstacle distance 1839 currenttime 3200.0
02:57:40.324 [main] INFO  AV.BMS -  OSD 00 currentime 3200.0
inside
02:57:41.352 [main] INFO  AV.BMS - obstacle distance 1838 currenttime 3220.0
02:57:41.359 [main] INFO  AV.BMS -  OSD 00 currentime 3220.0
inside
02:57:42.281 [main] INFO  AV.BMS - obstacle distance 1837 currenttime 3240.0
02:57:42.281 [main] INFO  AV.BMS -  OSD 00 currentime 3240.0
inside
02:57:43.362 [main] INFO  AV.BMS - obstacle distance 1836 currenttime 3260.0
02:57:43.363 [main] INFO  AV.BMS -  OSD 00 currentime 3260.0
inside
02:57:44.323 [main] INFO  AV.BMS - obstacle distance 1835 currenttime 3280.0
02:57:44.323 [main] INFO  AV.BMS -  OSD 00 currentime 3280.0
inside
02:57:45.321 [main] INFO  AV.BMS - obstacle distance 1834 currenttime 3300.0
02:57:45.321 [main] INFO  AV.BMS -  OSD 00 currentime 3300.0
inside
02:57:46.331 [main] INFO  AV.BMS - obstacle distance 1833 currenttime 3320.0
02:57:46.331 [main] INFO  AV.BMS -  OSD 00 currentime 3320.0
inside
02:57:47.345 [main] INFO  AV.BMS - obstacle distance 1832 currenttime 3340.0
02:57:47.346 [main] INFO  AV.BMS -  OSD 00 currentime 3340.0
inside
02:57:48.357 [main] INFO  AV.BMS - obstacle distance 1831 currenttime 3360.0
02:57:48.357 [main] INFO  AV.BMS -  OSD 00 currentime 3360.0
inside
02:57:49.358 [main] INFO  AV.BMS - obstacle distance 1830 currenttime 3380.0
02:57:49.358 [main] INFO  AV.BMS -  OSD 00 currentime 3380.0
inside
02:57:50.398 [main] INFO  AV.BMS - obstacle distance 1829 currenttime 3400.0
02:57:50.399 [main] INFO  AV.BMS -  OSD 00 currentime 3400.0
inside
02:57:51.343 [main] INFO  AV.BMS - obstacle distance 1828 currenttime 3420.0
02:57:51.345 [main] INFO  AV.BMS -  OSD 00 currentime 3420.0
inside
02:57:52.281 [main] INFO  AV.BMS - obstacle distance 1827 currenttime 3440.0
02:57:52.284 [main] INFO  AV.BMS -  OSD 00 currentime 3440.0
inside
02:57:53.284 [main] INFO  AV.BMS - obstacle distance 1826 currenttime 3460.0
02:57:53.286 [main] INFO  AV.BMS -  OSD 00 currentime 3460.0
inside
02:57:54.264 [main] INFO  AV.BMS - obstacle distance 1825 currenttime 3480.0
02:57:54.265 [main] INFO  AV.BMS -  OSD 00 currentime 3480.0
inside
02:57:55.241 [main] INFO  AV.BMS - obstacle distance 1824 currenttime 3500.0
02:57:55.242 [main] INFO  AV.BMS -  OSD 00 currentime 3500.0
inside
02:57:56.292 [main] INFO  AV.BMS - obstacle distance 1823 currenttime 3520.0
02:57:56.292 [main] INFO  AV.BMS -  OSD 00 currentime 3520.0
inside
02:57:57.246 [main] INFO  AV.BMS - obstacle distance 1822 currenttime 3540.0
02:57:57.246 [main] INFO  AV.BMS -  OSD 00 currentime 3540.0
inside
02:57:58.185 [main] INFO  AV.BMS - obstacle distance 1821 currenttime 3560.0
02:57:58.185 [main] INFO  AV.BMS -  OSD 00 currentime 3560.0
inside
02:57:59.197 [main] INFO  AV.BMS - obstacle distance 1820 currenttime 3580.0
02:57:59.198 [main] INFO  AV.BMS -  OSD 00 currentime 3580.0
inside
02:58:00.184 [main] INFO  AV.BMS - obstacle distance 1819 currenttime 3600.0
02:58:00.185 [main] INFO  AV.BMS -  OSD 00 currentime 3600.0
inside
02:58:01.179 [main] INFO  AV.BMS - obstacle distance 1818 currenttime 3620.0
02:58:01.179 [main] INFO  AV.BMS -  OSD 00 currentime 3620.0
inside
02:58:02.056 [main] INFO  AV.BMS - obstacle distance 1817 currenttime 3640.0
02:58:02.056 [main] INFO  AV.BMS -  OSD 00 currentime 3640.0
inside
02:58:03.053 [main] INFO  AV.BMS - obstacle distance 1816 currenttime 3660.0
02:58:03.053 [main] INFO  AV.BMS -  OSD 00 currentime 3660.0
inside
02:58:04.056 [main] INFO  AV.BMS - obstacle distance 1815 currenttime 3680.0
02:58:04.057 [main] INFO  AV.BMS -  OSD 00 currentime 3680.0
inside
02:58:05.287 [main] INFO  AV.BMS - obstacle distance 1814 currenttime 3700.0
02:58:05.288 [main] INFO  AV.BMS -  OSD 00 currentime 3700.0
inside
02:58:06.319 [main] INFO  AV.BMS - obstacle distance 1813 currenttime 3720.0
02:58:06.321 [main] INFO  AV.BMS -  OSD 00 currentime 3720.0
inside
02:58:07.298 [main] INFO  AV.BMS - obstacle distance 1812 currenttime 3740.0
02:58:07.298 [main] INFO  AV.BMS -  OSD 00 currentime 3740.0
inside
02:58:08.281 [main] INFO  AV.BMS - obstacle distance 1811 currenttime 3760.0
02:58:08.282 [main] INFO  AV.BMS -  OSD 00 currentime 3760.0
inside
02:58:09.266 [main] INFO  AV.BMS - obstacle distance 1810 currenttime 3780.0
02:58:09.269 [main] INFO  AV.BMS -  OSD 00 currentime 3780.0
inside
02:58:10.259 [main] INFO  AV.BMS - obstacle distance 1809 currenttime 3800.0
02:58:10.265 [main] INFO  AV.BMS -  OSD 00 currentime 3800.0
inside
02:58:11.267 [main] INFO  AV.BMS - obstacle distance 1808 currenttime 3820.0
02:58:11.267 [main] INFO  AV.BMS -  OSD 00 currentime 3820.0
inside
02:58:12.167 [main] INFO  AV.BMS - obstacle distance 1807 currenttime 3840.0
02:58:12.168 [main] INFO  AV.BMS -  OSD 00 currentime 3840.0
inside
02:58:13.155 [main] INFO  AV.BMS - obstacle distance 1806 currenttime 3860.0
02:58:13.155 [main] INFO  AV.BMS -  OSD 00 currentime 3860.0
inside
02:58:14.086 [main] INFO  AV.BMS - obstacle distance 1805 currenttime 3880.0
02:58:14.087 [main] INFO  AV.BMS -  OSD 00 currentime 3880.0
inside
02:58:15.082 [main] INFO  AV.BMS - obstacle distance 1804 currenttime 3900.0
02:58:15.083 [main] INFO  AV.BMS -  OSD 00 currentime 3900.0
inside
02:58:15.884 [main] INFO  AV.BMS - obstacle distance 1803 currenttime 3920.0
02:58:15.884 [main] INFO  AV.BMS -  OSD 00 currentime 3920.0
inside
02:58:16.861 [main] INFO  AV.BMS - obstacle distance 1802 currenttime 3940.0
02:58:16.862 [main] INFO  AV.BMS -  OSD 00 currentime 3940.0
inside
02:58:17.841 [main] INFO  AV.BMS - obstacle distance 1801 currenttime 3960.0
02:58:17.842 [main] INFO  AV.BMS -  OSD 00 currentime 3960.0
inside
02:58:18.842 [main] INFO  AV.BMS - obstacle distance 1800 currenttime 3980.0
02:58:18.844 [main] INFO  AV.BMS -  OSD 00 currentime 3980.0
inside
02:58:19.880 [main] INFO  AV.BMS - obstacle distance 1799 currenttime 4000.0
02:58:19.881 [main] INFO  AV.BMS -  OSD 00 currentime 4000.0
inside
02:58:20.828 [main] INFO  AV.BMS - obstacle distance 1798 currenttime 4020.0
02:58:20.829 [main] INFO  AV.BMS -  OSD 00 currentime 4020.0
inside
02:58:21.827 [main] INFO  AV.BMS - obstacle distance 1797 currenttime 4040.0
02:58:21.829 [main] INFO  AV.BMS -  OSD 00 currentime 4040.0
inside
02:58:22.830 [main] INFO  AV.BMS - obstacle distance 1796 currenttime 4060.0
02:58:22.830 [main] INFO  AV.BMS -  OSD 00 currentime 4060.0
inside
02:58:23.788 [main] INFO  AV.BMS - obstacle distance 1795 currenttime 4080.0
02:58:23.788 [main] INFO  AV.BMS -  OSD 00 currentime 4080.0
inside
02:58:24.754 [main] INFO  AV.BMS - obstacle distance 1794 currenttime 4100.0
02:58:24.754 [main] INFO  AV.BMS -  OSD 00 currentime 4100.0
inside
02:58:25.736 [main] INFO  AV.BMS - obstacle distance 1793 currenttime 4120.0
02:58:25.737 [main] INFO  AV.BMS -  OSD 00 currentime 4120.0
inside
02:58:26.981 [main] INFO  AV.BMS - obstacle distance 1792 currenttime 4140.0
02:58:26.981 [main] INFO  AV.BMS -  OSD 00 currentime 4140.0
inside
02:58:27.921 [main] INFO  AV.BMS - obstacle distance 1791 currenttime 4160.0
02:58:27.922 [main] INFO  AV.BMS -  OSD 00 currentime 4160.0
inside
02:58:28.927 [main] INFO  AV.BMS - obstacle distance 1790 currenttime 4180.0
02:58:28.929 [main] INFO  AV.BMS -  OSD 00 currentime 4180.0
inside
02:58:29.907 [main] INFO  AV.BMS - obstacle distance 1789 currenttime 4200.0
02:58:29.908 [main] INFO  AV.BMS -  OSD 00 currentime 4200.0
inside
02:58:30.907 [main] INFO  AV.BMS - obstacle distance 1788 currenttime 4220.0
02:58:30.907 [main] INFO  AV.BMS -  OSD 00 currentime 4220.0
inside
02:58:31.857 [main] INFO  AV.BMS - obstacle distance 1787 currenttime 4240.0
02:58:31.857 [main] INFO  AV.BMS -  OSD 00 currentime 4240.0
inside
02:58:32.816 [main] INFO  AV.BMS - obstacle distance 1786 currenttime 4260.0
02:58:32.816 [main] INFO  AV.BMS -  OSD 00 currentime 4260.0
inside
02:58:33.800 [main] INFO  AV.BMS - obstacle distance 1785 currenttime 4280.0
02:58:33.801 [main] INFO  AV.BMS -  OSD 00 currentime 4280.0
inside
02:58:34.811 [main] INFO  AV.BMS - obstacle distance 1784 currenttime 4300.0
02:58:34.811 [main] INFO  AV.BMS -  OSD 00 currentime 4300.0
inside
02:58:35.805 [main] INFO  AV.BMS - obstacle distance 1783 currenttime 4320.0
02:58:35.805 [main] INFO  AV.BMS -  OSD 00 currentime 4320.0
inside
02:58:36.808 [main] INFO  AV.BMS - obstacle distance 1782 currenttime 4340.0
02:58:36.809 [main] INFO  AV.BMS -  OSD 00 currentime 4340.0
inside
02:58:37.781 [main] INFO  AV.BMS - obstacle distance 1781 currenttime 4360.0
02:58:37.782 [main] INFO  AV.BMS -  OSD 00 currentime 4360.0
inside
02:58:38.801 [main] INFO  AV.BMS - obstacle distance 1780 currenttime 4380.0
02:58:38.802 [main] INFO  AV.BMS -  OSD 00 currentime 4380.0
inside
02:58:39.758 [main] INFO  AV.BMS - obstacle distance 1779 currenttime 4400.0
02:58:39.759 [main] INFO  AV.BMS -  OSD 00 currentime 4400.0
inside
02:58:40.763 [main] INFO  AV.BMS - obstacle distance 1778 currenttime 4420.0
02:58:40.763 [main] INFO  AV.BMS -  OSD 00 currentime 4420.0
inside
02:58:41.736 [main] INFO  AV.BMS - obstacle distance 1777 currenttime 4440.0
02:58:41.737 [main] INFO  AV.BMS -  OSD 00 currentime 4440.0
inside
02:58:42.739 [main] INFO  AV.BMS - obstacle distance 1776 currenttime 4460.0
02:58:42.740 [main] INFO  AV.BMS -  OSD 00 currentime 4460.0
inside
02:58:43.705 [main] INFO  AV.BMS - obstacle distance 1775 currenttime 4480.0
02:58:43.706 [main] INFO  AV.BMS -  OSD 00 currentime 4480.0
inside
02:58:44.717 [main] INFO  AV.BMS - obstacle distance 1774 currenttime 4500.0
02:58:44.717 [main] INFO  AV.BMS -  OSD 00 currentime 4500.0
inside
02:58:45.691 [main] INFO  AV.BMS - obstacle distance 1773 currenttime 4520.0
02:58:45.692 [main] INFO  AV.BMS -  OSD 00 currentime 4520.0
inside
02:58:46.503 [main] INFO  AV.BMS - obstacle distance 1772 currenttime 4540.0
02:58:46.504 [main] INFO  AV.BMS -  OSD 00 currentime 4540.0
inside
02:58:47.464 [main] INFO  AV.BMS - obstacle distance 1771 currenttime 4560.0
02:58:47.465 [main] INFO  AV.BMS -  OSD 00 currentime 4560.0
inside
02:58:48.461 [main] INFO  AV.BMS - obstacle distance 1770 currenttime 4580.0
02:58:48.461 [main] INFO  AV.BMS -  OSD 00 currentime 4580.0
inside
02:58:49.465 [main] INFO  AV.BMS - obstacle distance 1769 currenttime 4600.0
02:58:49.466 [main] INFO  AV.BMS -  OSD 00 currentime 4600.0
inside
02:58:50.651 [main] INFO  AV.BMS - obstacle distance 1768 currenttime 4620.0
02:58:50.651 [main] INFO  AV.BMS -  OSD 00 currentime 4620.0
inside
02:58:51.677 [main] INFO  AV.BMS - obstacle distance 1767 currenttime 4640.0
02:58:51.677 [main] INFO  AV.BMS -  OSD 00 currentime 4640.0
inside
02:58:52.670 [main] INFO  AV.BMS - obstacle distance 1766 currenttime 4660.0
02:58:52.670 [main] INFO  AV.BMS -  OSD 00 currentime 4660.0
inside
02:58:53.570 [main] INFO  AV.BMS - obstacle distance 1765 currenttime 4680.0
02:58:53.572 [main] INFO  AV.BMS -  OSD 00 currentime 4680.0
inside
02:58:54.418 [main] INFO  AV.BMS - obstacle distance 1764 currenttime 4700.0
02:58:54.418 [main] INFO  AV.BMS -  OSD 00 currentime 4700.0
inside
02:58:55.361 [main] INFO  AV.BMS - obstacle distance 1763 currenttime 4720.0
02:58:55.361 [main] INFO  AV.BMS -  OSD 00 currentime 4720.0
inside
02:58:56.340 [main] INFO  AV.BMS - obstacle distance 1762 currenttime 4740.0
02:58:56.341 [main] INFO  AV.BMS -  OSD 00 currentime 4740.0
inside
02:58:57.260 [main] INFO  AV.BMS - obstacle distance 1761 currenttime 4760.0
02:58:57.261 [main] INFO  AV.BMS -  OSD 00 currentime 4760.0
inside
02:58:58.239 [main] INFO  AV.BMS - obstacle distance 1760 currenttime 4780.0
02:58:58.240 [main] INFO  AV.BMS -  OSD 00 currentime 4780.0
inside
02:58:59.190 [main] INFO  AV.BMS - obstacle distance 1759 currenttime 4800.0
02:58:59.190 [main] INFO  AV.BMS -  OSD 00 currentime 4800.0
inside
02:59:00.175 [main] INFO  AV.BMS - obstacle distance 1758 currenttime 4820.0
02:59:00.175 [main] INFO  AV.BMS -  OSD 00 currentime 4820.0
inside
02:59:01.159 [main] INFO  AV.BMS - obstacle distance 1757 currenttime 4840.0
02:59:01.159 [main] INFO  AV.BMS -  OSD 00 currentime 4840.0
inside
02:59:02.139 [main] INFO  AV.BMS - obstacle distance 1756 currenttime 4860.0
02:59:02.140 [main] INFO  AV.BMS -  OSD 00 currentime 4860.0
inside
02:59:03.074 [main] INFO  AV.BMS - obstacle distance 1755 currenttime 4880.0
02:59:03.075 [main] INFO  AV.BMS -  OSD 00 currentime 4880.0
inside
02:59:04.037 [main] INFO  AV.BMS - obstacle distance 1754 currenttime 4900.0
02:59:04.038 [main] INFO  AV.BMS -  OSD 00 currentime 4900.0
inside
02:59:05.003 [main] INFO  AV.BMS - obstacle distance 1753 currenttime 4920.0
02:59:05.003 [main] INFO  AV.BMS -  OSD 00 currentime 4920.0
inside
02:59:06.031 [main] INFO  AV.BMS - obstacle distance 1752 currenttime 4940.0
02:59:06.031 [main] INFO  AV.BMS -  OSD 00 currentime 4940.0
inside
02:59:06.970 [main] INFO  AV.BMS - obstacle distance 1751 currenttime 4960.0
02:59:06.970 [main] INFO  AV.BMS -  OSD 00 currentime 4960.0
inside
02:59:07.978 [main] INFO  AV.BMS - obstacle distance 1750 currenttime 4980.0
02:59:07.978 [main] INFO  AV.BMS -  OSD 00 currentime 4980.0
inside
02:59:08.981 [main] INFO  AV.BMS - obstacle distance 1749 currenttime 5000.0
02:59:08.982 [main] INFO  AV.BMS -  OSD 00 currentime 5000.0
inside
02:59:09.940 [main] INFO  AV.BMS - obstacle distance 1748 currenttime 5020.0
02:59:09.940 [main] INFO  AV.BMS -  OSD 00 currentime 5020.0
inside
02:59:10.941 [main] INFO  AV.BMS - obstacle distance 1747 currenttime 5040.0
02:59:10.941 [main] INFO  AV.BMS -  OSD 00 currentime 5040.0
inside
02:59:11.879 [main] INFO  AV.BMS - obstacle distance 1746 currenttime 5060.0
02:59:11.880 [main] INFO  AV.BMS -  OSD 00 currentime 5060.0
inside
02:59:12.858 [main] INFO  AV.BMS - obstacle distance 1745 currenttime 5080.0
02:59:12.859 [main] INFO  AV.BMS -  OSD 00 currentime 5080.0
inside
02:59:13.869 [main] INFO  AV.BMS - obstacle distance 1744 currenttime 5100.0
02:59:13.869 [main] INFO  AV.BMS -  OSD 00 currentime 5100.0
inside
02:59:15.106 [main] INFO  AV.BMS - obstacle distance 1743 currenttime 5120.0
02:59:15.106 [main] INFO  AV.BMS -  OSD 00 currentime 5120.0
inside
02:59:16.092 [main] INFO  AV.BMS - obstacle distance 1742 currenttime 5140.0
02:59:16.093 [main] INFO  AV.BMS -  OSD 00 currentime 5140.0
inside
02:59:17.052 [main] INFO  AV.BMS - obstacle distance 1741 currenttime 5160.0
02:59:17.053 [main] INFO  AV.BMS -  OSD 00 currentime 5160.0
inside
02:59:18.031 [main] INFO  AV.BMS - obstacle distance 1740 currenttime 5180.0
02:59:18.031 [main] INFO  AV.BMS -  OSD 00 currentime 5180.0
inside
02:59:18.975 [main] INFO  AV.BMS - obstacle distance 1739 currenttime 5200.0
02:59:18.977 [main] INFO  AV.BMS -  OSD 00 currentime 5200.0
inside
02:59:19.941 [main] INFO  AV.BMS - obstacle distance 1738 currenttime 5220.0
02:59:19.941 [main] INFO  AV.BMS -  OSD 00 currentime 5220.0
inside
02:59:20.845 [main] INFO  AV.BMS - obstacle distance 1737 currenttime 5240.0
02:59:20.846 [main] INFO  AV.BMS -  OSD 00 currentime 5240.0
inside
02:59:21.871 [main] INFO  AV.BMS - obstacle distance 1736 currenttime 5260.0
02:59:21.871 [main] INFO  AV.BMS -  OSD 00 currentime 5260.0
inside
02:59:22.770 [main] INFO  AV.BMS - obstacle distance 1735 currenttime 5280.0
02:59:22.770 [main] INFO  AV.BMS -  OSD 00 currentime 5280.0
inside
02:59:23.743 [main] INFO  AV.BMS - obstacle distance 1734 currenttime 5300.0
02:59:23.744 [main] INFO  AV.BMS -  OSD 00 currentime 5300.0
inside
02:59:24.731 [main] INFO  AV.BMS - obstacle distance 1733 currenttime 5320.0
02:59:24.731 [main] INFO  AV.BMS -  OSD 00 currentime 5320.0
inside
02:59:25.746 [main] INFO  AV.BMS - obstacle distance 1732 currenttime 5340.0
02:59:25.747 [main] INFO  AV.BMS -  OSD 00 currentime 5340.0
inside
02:59:26.745 [main] INFO  AV.BMS - obstacle distance 1731 currenttime 5360.0
02:59:26.745 [main] INFO  AV.BMS -  OSD 00 currentime 5360.0
inside
02:59:27.716 [main] INFO  AV.BMS - obstacle distance 1730 currenttime 5380.0
02:59:27.717 [main] INFO  AV.BMS -  OSD 00 currentime 5380.0
inside
02:59:28.637 [main] INFO  AV.BMS - obstacle distance 1729 currenttime 5400.0
02:59:28.638 [main] INFO  AV.BMS -  OSD 00 currentime 5400.0
inside
02:59:29.609 [main] INFO  AV.BMS - obstacle distance 1728 currenttime 5420.0
02:59:29.609 [main] INFO  AV.BMS -  OSD 00 currentime 5420.0
inside
02:59:30.577 [main] INFO  AV.BMS - obstacle distance 1727 currenttime 5440.0
02:59:30.577 [main] INFO  AV.BMS -  OSD 00 currentime 5440.0
inside
02:59:31.568 [main] INFO  AV.BMS - obstacle distance 1726 currenttime 5460.0
02:59:31.568 [main] INFO  AV.BMS -  OSD 00 currentime 5460.0
inside
02:59:32.554 [main] INFO  AV.BMS - obstacle distance 1725 currenttime 5480.0
02:59:32.555 [main] INFO  AV.BMS -  OSD 00 currentime 5480.0
inside
02:59:33.538 [main] INFO  AV.BMS - obstacle distance 1724 currenttime 5500.0
02:59:33.538 [main] INFO  AV.BMS -  OSD 00 currentime 5500.0
inside
02:59:34.508 [main] INFO  AV.BMS - obstacle distance 1723 currenttime 5520.0
02:59:34.509 [main] INFO  AV.BMS -  OSD 00 currentime 5520.0
inside
02:59:35.470 [main] INFO  AV.BMS - obstacle distance 1722 currenttime 5540.0
02:59:35.471 [main] INFO  AV.BMS -  OSD 00 currentime 5540.0
inside
02:59:36.415 [main] INFO  AV.BMS - obstacle distance 1721 currenttime 5560.0
02:59:36.415 [main] INFO  AV.BMS -  OSD 00 currentime 5560.0
inside
02:59:37.414 [main] INFO  AV.BMS - obstacle distance 1720 currenttime 5580.0
02:59:37.415 [main] INFO  AV.BMS -  OSD 00 currentime 5580.0
inside
02:59:38.373 [main] INFO  AV.BMS - obstacle distance 1719 currenttime 5600.0
02:59:38.374 [main] INFO  AV.BMS -  OSD 00 currentime 5600.0
inside
02:59:39.417 [main] INFO  AV.BMS - obstacle distance 1718 currenttime 5620.0
02:59:39.417 [main] INFO  AV.BMS -  OSD 00 currentime 5620.0
inside
02:59:40.659 [main] INFO  AV.BMS - obstacle distance 1717 currenttime 5640.0
02:59:40.659 [main] INFO  AV.BMS -  OSD 00 currentime 5640.0
inside
02:59:41.617 [main] INFO  AV.BMS - obstacle distance 1716 currenttime 5660.0
02:59:41.618 [main] INFO  AV.BMS -  OSD 00 currentime 5660.0
inside
02:59:42.611 [main] INFO  AV.BMS - obstacle distance 1715 currenttime 5680.0
02:59:42.614 [main] INFO  AV.BMS -  OSD 00 currentime 5680.0
inside
02:59:43.585 [main] INFO  AV.BMS - obstacle distance 1714 currenttime 5700.0
02:59:43.586 [main] INFO  AV.BMS -  OSD 00 currentime 5700.0
inside
02:59:44.537 [main] INFO  AV.BMS - obstacle distance 1713 currenttime 5720.0
02:59:44.538 [main] INFO  AV.BMS -  OSD 00 currentime 5720.0
inside
02:59:45.520 [main] INFO  AV.BMS - obstacle distance 1712 currenttime 5740.0
02:59:45.520 [main] INFO  AV.BMS -  OSD 00 currentime 5740.0
inside
02:59:46.493 [main] INFO  AV.BMS - obstacle distance 1711 currenttime 5760.0
02:59:46.494 [main] INFO  AV.BMS -  OSD 00 currentime 5760.0
inside
02:59:47.487 [main] INFO  AV.BMS - obstacle distance 1710 currenttime 5780.0
02:59:47.487 [main] INFO  AV.BMS -  OSD 00 currentime 5780.0
inside
02:59:48.493 [main] INFO  AV.BMS - obstacle distance 1709 currenttime 5800.0
02:59:48.494 [main] INFO  AV.BMS -  OSD 00 currentime 5800.0
inside
02:59:49.485 [main] INFO  AV.BMS - obstacle distance 1708 currenttime 5820.0
02:59:49.486 [main] INFO  AV.BMS -  OSD 00 currentime 5820.0
inside
02:59:50.465 [main] INFO  AV.BMS - obstacle distance 1707 currenttime 5840.0
02:59:50.466 [main] INFO  AV.BMS -  OSD 00 currentime 5840.0
inside
02:59:51.477 [main] INFO  AV.BMS - obstacle distance 1706 currenttime 5860.0
02:59:51.478 [main] INFO  AV.BMS -  OSD 00 currentime 5860.0
inside
02:59:52.477 [main] INFO  AV.BMS - obstacle distance 1705 currenttime 5880.0
02:59:52.477 [main] INFO  AV.BMS -  OSD 00 currentime 5880.0
inside
02:59:53.387 [main] INFO  AV.BMS - obstacle distance 1704 currenttime 5900.0
02:59:53.388 [main] INFO  AV.BMS -  OSD 00 currentime 5900.0
inside
02:59:54.362 [main] INFO  AV.BMS - obstacle distance 1703 currenttime 5920.0
02:59:54.363 [main] INFO  AV.BMS -  OSD 00 currentime 5920.0
inside
02:59:55.369 [main] INFO  AV.BMS - obstacle distance 1702 currenttime 5940.0
02:59:55.369 [main] INFO  AV.BMS -  OSD 00 currentime 5940.0
inside
02:59:56.347 [main] INFO  AV.BMS - obstacle distance 1701 currenttime 5960.0
02:59:56.347 [main] INFO  AV.BMS -  OSD 00 currentime 5960.0
inside
02:59:57.323 [main] INFO  AV.BMS - obstacle distance 1700 currenttime 5980.0
02:59:57.324 [main] INFO  AV.BMS -  OSD 00 currentime 5980.0
inside
02:59:58.323 [main] INFO  AV.BMS - obstacle distance 1699 currenttime 6000.0
02:59:58.324 [main] INFO  AV.BMS -  OSD 00 currentime 6000.0
inside
02:59:59.302 [main] INFO  AV.BMS - obstacle distance 1698 currenttime 6020.0
02:59:59.302 [main] INFO  AV.BMS -  OSD 00 currentime 6020.0
inside
03:00:00.285 [main] INFO  AV.BMS - obstacle distance 1697 currenttime 6040.0
03:00:00.285 [main] INFO  AV.BMS -  OSD 00 currentime 6040.0
inside
03:00:01.317 [main] INFO  AV.BMS - obstacle distance 1696 currenttime 6060.0
03:00:01.318 [main] INFO  AV.BMS -  OSD 00 currentime 6060.0
inside
03:00:02.321 [main] INFO  AV.BMS - obstacle distance 1695 currenttime 6080.0
03:00:02.321 [main] INFO  AV.BMS -  OSD 00 currentime 6080.0
inside
03:00:03.341 [main] INFO  AV.BMS - obstacle distance 1694 currenttime 6100.0
03:00:03.342 [main] INFO  AV.BMS -  OSD 00 currentime 6100.0
inside
03:00:04.347 [main] INFO  AV.BMS - obstacle distance 1693 currenttime 6120.0
03:00:04.353 [main] INFO  AV.BMS -  OSD 00 currentime 6120.0
inside
03:00:05.311 [main] INFO  AV.BMS - obstacle distance 1692 currenttime 6140.0
03:00:05.312 [main] INFO  AV.BMS -  OSD 00 currentime 6140.0
inside
03:00:06.295 [main] INFO  AV.BMS - obstacle distance 1691 currenttime 6160.0
03:00:06.295 [main] INFO  AV.BMS -  OSD 00 currentime 6160.0
inside
03:00:07.435 [main] INFO  AV.BMS - obstacle distance 1690 currenttime 6180.0
03:00:07.435 [main] INFO  AV.BMS -  OSD 00 currentime 6180.0
inside
03:00:08.436 [main] INFO  AV.BMS - obstacle distance 1689 currenttime 6200.0
03:00:08.438 [main] INFO  AV.BMS -  OSD 00 currentime 6200.0
inside
03:00:09.437 [main] INFO  AV.BMS - obstacle distance 1688 currenttime 6220.0
03:00:09.438 [main] INFO  AV.BMS -  OSD 00 currentime 6220.0
inside
03:00:10.429 [main] INFO  AV.BMS - obstacle distance 1687 currenttime 6240.0
03:00:10.430 [main] INFO  AV.BMS -  OSD 00 currentime 6240.0
inside
03:00:11.411 [main] INFO  AV.BMS - obstacle distance 1686 currenttime 6260.0
03:00:11.411 [main] INFO  AV.BMS -  OSD 00 currentime 6260.0
inside
03:00:12.329 [main] INFO  AV.BMS - obstacle distance 1685 currenttime 6280.0
03:00:12.329 [main] INFO  AV.BMS -  OSD 00 currentime 6280.0
inside
03:00:13.270 [main] INFO  AV.BMS - obstacle distance 1684 currenttime 6300.0
03:00:13.271 [main] INFO  AV.BMS -  OSD 00 currentime 6300.0
inside
03:00:14.303 [main] INFO  AV.BMS - obstacle distance 1683 currenttime 6320.0
03:00:14.304 [main] INFO  AV.BMS -  OSD 00 currentime 6320.0
inside
03:00:15.290 [main] INFO  AV.BMS - obstacle distance 1682 currenttime 6340.0
03:00:15.291 [main] INFO  AV.BMS -  OSD 00 currentime 6340.0
inside
03:00:16.315 [main] INFO  AV.BMS - obstacle distance 1681 currenttime 6360.0
03:00:16.316 [main] INFO  AV.BMS -  OSD 00 currentime 6360.0
inside
03:00:17.318 [main] INFO  AV.BMS - obstacle distance 1680 currenttime 6380.0
03:00:17.319 [main] INFO  AV.BMS -  OSD 00 currentime 6380.0
inside
03:00:18.077 [main] INFO  AV.BMS - obstacle distance 1679 currenttime 6400.0
03:00:18.077 [main] INFO  AV.BMS -  OSD 00 currentime 6400.0
inside
03:00:19.072 [main] INFO  AV.BMS - obstacle distance 1678 currenttime 6420.0
03:00:19.073 [main] INFO  AV.BMS -  OSD 00 currentime 6420.0
inside
03:00:20.087 [main] INFO  AV.BMS - obstacle distance 1677 currenttime 6440.0
03:00:20.087 [main] INFO  AV.BMS -  OSD 00 currentime 6440.0
inside
03:00:21.071 [main] INFO  AV.BMS - obstacle distance 1676 currenttime 6460.0
03:00:21.075 [main] INFO  AV.BMS -  OSD 00 currentime 6460.0
inside
03:00:21.955 [main] INFO  AV.BMS - obstacle distance 1675 currenttime 6480.0
03:00:21.956 [main] INFO  AV.BMS -  OSD 00 currentime 6480.0
inside
03:00:22.953 [main] INFO  AV.BMS - obstacle distance 1674 currenttime 6500.0
03:00:22.955 [main] INFO  AV.BMS -  OSD 00 currentime 6500.0
inside
03:00:24.000 [main] INFO  AV.BMS - obstacle distance 1673 currenttime 6520.0
03:00:24.000 [main] INFO  AV.BMS -  OSD 00 currentime 6520.0
inside
03:00:24.815 [main] INFO  AV.BMS - obstacle distance 1672 currenttime 6540.0
03:00:24.815 [main] INFO  AV.BMS -  OSD 00 currentime 6540.0
inside
03:00:25.802 [main] INFO  AV.BMS - obstacle distance 1671 currenttime 6560.0
03:00:25.802 [main] INFO  AV.BMS -  OSD 00 currentime 6560.0
inside
03:00:26.753 [main] INFO  AV.BMS - obstacle distance 1670 currenttime 6580.0
03:00:26.754 [main] INFO  AV.BMS -  OSD 00 currentime 6580.0
inside
03:00:27.806 [main] INFO  AV.BMS - obstacle distance 1669 currenttime 6600.0
03:00:27.806 [main] INFO  AV.BMS -  OSD 00 currentime 6600.0
inside
03:00:28.836 [main] INFO  AV.BMS - obstacle distance 1668 currenttime 6620.0
03:00:28.837 [main] INFO  AV.BMS -  OSD 00 currentime 6620.0
inside
03:00:29.892 [main] INFO  AV.BMS - obstacle distance 1667 currenttime 6640.0
03:00:29.892 [main] INFO  AV.BMS -  OSD 00 currentime 6640.0
inside
03:00:30.850 [main] INFO  AV.BMS - obstacle distance 1666 currenttime 6660.0
03:00:30.851 [main] INFO  AV.BMS -  OSD 00 currentime 6660.0
inside
03:00:31.872 [main] INFO  AV.BMS - obstacle distance 1665 currenttime 6680.0
03:00:31.872 [main] INFO  AV.BMS -  OSD 00 currentime 6680.0
inside
03:00:32.828 [main] INFO  AV.BMS - obstacle distance 1664 currenttime 6700.0
03:00:32.830 [main] INFO  AV.BMS -  OSD 00 currentime 6700.0
inside
03:00:34.059 [main] INFO  AV.BMS - obstacle distance 1663 currenttime 6720.0
03:00:34.065 [main] INFO  AV.BMS -  OSD 00 currentime 6720.0
inside
03:00:35.092 [main] INFO  AV.BMS - obstacle distance 1662 currenttime 6740.0
03:00:35.093 [main] INFO  AV.BMS -  OSD 00 currentime 6740.0
inside
03:00:36.086 [main] INFO  AV.BMS - obstacle distance 1661 currenttime 6760.0
03:00:36.087 [main] INFO  AV.BMS -  OSD 00 currentime 6760.0
inside
03:00:37.033 [main] INFO  AV.BMS - obstacle distance 1660 currenttime 6780.0
03:00:37.034 [main] INFO  AV.BMS -  OSD 00 currentime 6780.0
inside
03:00:37.685 [main] INFO  AV.BMS - obstacle distance 1659 currenttime 6800.0
03:00:37.686 [main] INFO  AV.BMS -  OSD 00 currentime 6800.0
inside
03:00:38.440 [main] INFO  AV.BMS - obstacle distance 1658 currenttime 6820.0
03:00:38.441 [main] INFO  AV.BMS -  OSD 00 currentime 6820.0
inside
03:00:39.436 [main] INFO  AV.BMS - obstacle distance 1657 currenttime 6840.0
03:00:39.437 [main] INFO  AV.BMS -  OSD 00 currentime 6840.0
inside
03:00:40.408 [main] INFO  AV.BMS - obstacle distance 1656 currenttime 6860.0
03:00:40.410 [main] INFO  AV.BMS -  OSD 00 currentime 6860.0
inside
03:00:41.360 [main] INFO  AV.BMS - obstacle distance 1655 currenttime 6880.0
03:00:41.360 [main] INFO  AV.BMS -  OSD 00 currentime 6880.0
inside
03:00:42.144 [main] INFO  AV.BMS - obstacle distance 1654 currenttime 6900.0
03:00:42.145 [main] INFO  AV.BMS -  OSD 00 currentime 6900.0
inside
03:00:43.061 [main] INFO  AV.BMS - obstacle distance 1653 currenttime 6920.0
03:00:43.061 [main] INFO  AV.BMS -  OSD 00 currentime 6920.0
inside
03:00:44.002 [main] INFO  AV.BMS - obstacle distance 1652 currenttime 6940.0
03:00:44.002 [main] INFO  AV.BMS -  OSD 00 currentime 6940.0
inside
03:00:45.030 [main] INFO  AV.BMS - obstacle distance 1651 currenttime 6960.0
03:00:45.031 [main] INFO  AV.BMS -  OSD 00 currentime 6960.0
inside
03:00:45.993 [main] INFO  AV.BMS - obstacle distance 1650 currenttime 6980.0
03:00:45.993 [main] INFO  AV.BMS -  OSD 00 currentime 6980.0
inside
03:00:46.901 [main] INFO  AV.BMS - obstacle distance 1649 currenttime 7000.0
03:00:46.901 [main] INFO  AV.BMS -  OSD 00 currentime 7000.0
inside
03:00:47.925 [main] INFO  AV.BMS - obstacle distance 1648 currenttime 7020.0
03:00:47.925 [main] INFO  AV.BMS -  OSD 00 currentime 7020.0
inside
03:00:48.947 [main] INFO  AV.BMS - obstacle distance 1647 currenttime 7040.0
03:00:48.947 [main] INFO  AV.BMS -  OSD 00 currentime 7040.0
inside
03:00:49.989 [main] INFO  AV.BMS - obstacle distance 1646 currenttime 7060.0
03:00:49.990 [main] INFO  AV.BMS -  OSD 00 currentime 7060.0
inside
03:00:50.949 [main] INFO  AV.BMS - obstacle distance 1645 currenttime 7080.0
03:00:50.949 [main] INFO  AV.BMS -  OSD 00 currentime 7080.0
inside
03:00:51.924 [main] INFO  AV.BMS - obstacle distance 1644 currenttime 7100.0
03:00:51.924 [main] INFO  AV.BMS -  OSD 00 currentime 7100.0
inside
03:00:52.916 [main] INFO  AV.BMS - obstacle distance 1643 currenttime 7120.0
03:00:52.916 [main] INFO  AV.BMS -  OSD 00 currentime 7120.0
inside
03:00:53.950 [main] INFO  AV.BMS - obstacle distance 1642 currenttime 7140.0
03:00:53.950 [main] INFO  AV.BMS -  OSD 00 currentime 7140.0
inside
03:00:54.933 [main] INFO  AV.BMS - obstacle distance 1641 currenttime 7160.0
03:00:54.933 [main] INFO  AV.BMS -  OSD 00 currentime 7160.0
inside
03:00:55.964 [main] INFO  AV.BMS - obstacle distance 1640 currenttime 7180.0
03:00:55.964 [main] INFO  AV.BMS -  OSD 00 currentime 7180.0
inside
03:00:56.997 [main] INFO  AV.BMS - obstacle distance 1639 currenttime 7200.0
03:00:56.998 [main] INFO  AV.BMS -  OSD 00 currentime 7200.0
inside
03:00:57.953 [main] INFO  AV.BMS - obstacle distance 1638 currenttime 7220.0
03:00:57.954 [main] INFO  AV.BMS -  OSD 00 currentime 7220.0
inside
03:00:58.940 [main] INFO  AV.BMS - obstacle distance 1637 currenttime 7240.0
03:00:58.940 [main] INFO  AV.BMS -  OSD 00 currentime 7240.0
inside
03:00:59.941 [main] INFO  AV.BMS - obstacle distance 1636 currenttime 7260.0
03:00:59.941 [main] INFO  AV.BMS -  OSD 00 currentime 7260.0
inside
03:01:00.874 [main] INFO  AV.BMS - obstacle distance 1635 currenttime 7280.0
03:01:00.875 [main] INFO  AV.BMS -  OSD 00 currentime 7280.0
inside
03:01:02.114 [main] INFO  AV.BMS - obstacle distance 1634 currenttime 7300.0
03:01:02.114 [main] INFO  AV.BMS -  OSD 00 currentime 7300.0
inside
03:01:03.070 [main] INFO  AV.BMS - obstacle distance 1633 currenttime 7320.0
03:01:03.071 [main] INFO  AV.BMS -  OSD 00 currentime 7320.0
inside
03:01:04.067 [main] INFO  AV.BMS - obstacle distance 1632 currenttime 7340.0
03:01:04.067 [main] INFO  AV.BMS -  OSD 00 currentime 7340.0
inside
03:01:05.007 [main] INFO  AV.BMS - obstacle distance 1631 currenttime 7360.0
03:01:05.007 [main] INFO  AV.BMS -  OSD 00 currentime 7360.0
inside
03:01:06.008 [main] INFO  AV.BMS - obstacle distance 1630 currenttime 7380.0
03:01:06.008 [main] INFO  AV.BMS -  OSD 00 currentime 7380.0
inside
03:01:06.792 [main] INFO  AV.BMS - obstacle distance 1629 currenttime 7400.0
03:01:06.792 [main] INFO  AV.BMS -  OSD 00 currentime 7400.0
inside
03:01:07.791 [main] INFO  AV.BMS - obstacle distance 1628 currenttime 7420.0
03:01:07.791 [main] INFO  AV.BMS -  OSD 00 currentime 7420.0
inside
03:01:08.796 [main] INFO  AV.BMS - obstacle distance 1627 currenttime 7440.0
03:01:08.796 [main] INFO  AV.BMS -  OSD 00 currentime 7440.0
inside
03:01:09.817 [main] INFO  AV.BMS - obstacle distance 1626 currenttime 7460.0
03:01:09.818 [main] INFO  AV.BMS -  OSD 00 currentime 7460.0
inside
03:01:10.819 [main] INFO  AV.BMS - obstacle distance 1625 currenttime 7480.0
03:01:10.820 [main] INFO  AV.BMS -  OSD 00 currentime 7480.0
inside
03:01:11.791 [main] INFO  AV.BMS - obstacle distance 1624 currenttime 7500.0
03:01:11.792 [main] INFO  AV.BMS -  OSD 00 currentime 7500.0
inside
03:01:12.658 [main] INFO  AV.BMS - obstacle distance 1623 currenttime 7520.0
03:01:12.658 [main] INFO  AV.BMS -  OSD 00 currentime 7520.0
inside
03:01:13.607 [main] INFO  AV.BMS - obstacle distance 1622 currenttime 7540.0
03:01:13.607 [main] INFO  AV.BMS -  OSD 00 currentime 7540.0
inside
03:01:14.608 [main] INFO  AV.BMS - obstacle distance 1621 currenttime 7560.0
03:01:14.608 [main] INFO  AV.BMS -  OSD 00 currentime 7560.0
inside
03:01:15.629 [main] INFO  AV.BMS - obstacle distance 1620 currenttime 7580.0
03:01:15.630 [main] INFO  AV.BMS -  OSD 00 currentime 7580.0
inside
03:01:16.597 [main] INFO  AV.BMS - obstacle distance 1619 currenttime 7600.0
03:01:16.597 [main] INFO  AV.BMS -  OSD 00 currentime 7600.0
inside
03:01:17.575 [main] INFO  AV.BMS - obstacle distance 1618 currenttime 7620.0
03:01:17.576 [main] INFO  AV.BMS -  OSD 00 currentime 7620.0
inside
03:01:18.662 [main] INFO  AV.BMS - obstacle distance 1617 currenttime 7640.0
03:01:18.663 [main] INFO  AV.BMS -  OSD 00 currentime 7640.0
inside
03:01:19.693 [main] INFO  AV.BMS - obstacle distance 1616 currenttime 7660.0
03:01:19.694 [main] INFO  AV.BMS -  OSD 00 currentime 7660.0
inside
03:01:20.679 [main] INFO  AV.BMS - obstacle distance 1615 currenttime 7680.0
03:01:20.681 [main] INFO  AV.BMS -  OSD 00 currentime 7680.0
inside
03:01:21.660 [main] INFO  AV.BMS - obstacle distance 1614 currenttime 7700.0
03:01:21.660 [main] INFO  AV.BMS -  OSD 00 currentime 7700.0
inside
03:01:22.636 [main] INFO  AV.BMS - obstacle distance 1613 currenttime 7720.0
03:01:22.637 [main] INFO  AV.BMS -  OSD 00 currentime 7720.0
inside
03:01:23.656 [main] INFO  AV.BMS - obstacle distance 1612 currenttime 7740.0
03:01:23.656 [main] INFO  AV.BMS -  OSD 00 currentime 7740.0
inside
03:01:24.652 [main] INFO  AV.BMS - obstacle distance 1611 currenttime 7760.0
03:01:24.652 [main] INFO  AV.BMS -  OSD 00 currentime 7760.0
inside
03:01:25.695 [main] INFO  AV.BMS - obstacle distance 1610 currenttime 7780.0
03:01:25.696 [main] INFO  AV.BMS -  OSD 00 currentime 7780.0
inside
03:01:26.685 [main] INFO  AV.BMS - obstacle distance 1609 currenttime 7800.0
03:01:26.685 [main] INFO  AV.BMS -  OSD 00 currentime 7800.0
inside
03:01:27.723 [main] INFO  AV.BMS - obstacle distance 1608 currenttime 7820.0
03:01:27.723 [main] INFO  AV.BMS -  OSD 00 currentime 7820.0
inside
03:01:28.728 [main] INFO  AV.BMS - obstacle distance 1607 currenttime 7840.0
03:01:28.729 [main] INFO  AV.BMS -  OSD 00 currentime 7840.0
inside
03:01:29.772 [main] INFO  AV.BMS - obstacle distance 1606 currenttime 7860.0
03:01:29.772 [main] INFO  AV.BMS -  OSD 00 currentime 7860.0
inside
03:01:31.061 [main] INFO  AV.BMS - obstacle distance 1605 currenttime 7880.0
03:01:31.061 [main] INFO  AV.BMS -  OSD 00 currentime 7880.0
inside
03:01:32.080 [main] INFO  AV.BMS - obstacle distance 1604 currenttime 7900.0
03:01:32.080 [main] INFO  AV.BMS -  OSD 00 currentime 7900.0
inside
03:01:33.034 [main] INFO  AV.BMS - obstacle distance 1603 currenttime 7920.0
03:01:33.034 [main] INFO  AV.BMS -  OSD 00 currentime 7920.0
inside
03:01:34.016 [main] INFO  AV.BMS - obstacle distance 1602 currenttime 7940.0
03:01:34.016 [main] INFO  AV.BMS -  OSD 00 currentime 7940.0
inside
03:01:34.997 [main] INFO  AV.BMS - obstacle distance 1601 currenttime 7960.0
03:01:34.997 [main] INFO  AV.BMS -  OSD 00 currentime 7960.0
inside
03:01:35.982 [main] INFO  AV.BMS - obstacle distance 1600 currenttime 7980.0
03:01:35.982 [main] INFO  AV.BMS -  OSD 00 currentime 7980.0
inside
03:01:36.996 [main] INFO  AV.BMS - obstacle distance 1599 currenttime 8000.0
03:01:36.997 [main] INFO  AV.BMS -  OSD 00 currentime 8000.0
inside
03:01:38.013 [main] INFO  AV.BMS - obstacle distance 1598 currenttime 8020.0
03:01:38.013 [main] INFO  AV.BMS -  OSD 00 currentime 8020.0
inside
03:01:39.022 [main] INFO  AV.BMS - obstacle distance 1597 currenttime 8040.0
03:01:39.022 [main] INFO  AV.BMS -  OSD 00 currentime 8040.0
inside
03:01:40.030 [main] INFO  AV.BMS - obstacle distance 1596 currenttime 8060.0
03:01:40.030 [main] INFO  AV.BMS -  OSD 00 currentime 8060.0
inside
03:01:40.967 [main] INFO  AV.BMS - obstacle distance 1595 currenttime 8080.0
03:01:40.968 [main] INFO  AV.BMS -  OSD 00 currentime 8080.0
inside
03:01:41.975 [main] INFO  AV.BMS - obstacle distance 1594 currenttime 8100.0
03:01:41.975 [main] INFO  AV.BMS -  OSD 00 currentime 8100.0
inside
03:01:43.011 [main] INFO  AV.BMS - obstacle distance 1593 currenttime 8120.0
03:01:43.012 [main] INFO  AV.BMS -  OSD 00 currentime 8120.0
inside
03:01:44.019 [main] INFO  AV.BMS - obstacle distance 1592 currenttime 8140.0
03:01:44.019 [main] INFO  AV.BMS -  OSD 00 currentime 8140.0
inside
03:01:45.025 [main] INFO  AV.BMS - obstacle distance 1591 currenttime 8160.0
03:01:45.025 [main] INFO  AV.BMS -  OSD 00 currentime 8160.0
inside
03:01:46.006 [main] INFO  AV.BMS - obstacle distance 1590 currenttime 8180.0
03:01:46.006 [main] INFO  AV.BMS -  OSD 00 currentime 8180.0
inside
03:01:46.957 [main] INFO  AV.BMS - obstacle distance 1589 currenttime 8200.0
03:01:46.958 [main] INFO  AV.BMS -  OSD 00 currentime 8200.0
inside
03:01:48.023 [main] INFO  AV.BMS - obstacle distance 1588 currenttime 8220.0
03:01:48.024 [main] INFO  AV.BMS -  OSD 00 currentime 8220.0
inside
03:01:49.024 [main] INFO  AV.BMS - obstacle distance 1587 currenttime 8240.0
03:01:49.025 [main] INFO  AV.BMS -  OSD 00 currentime 8240.0
inside
03:01:50.023 [main] INFO  AV.BMS - obstacle distance 1586 currenttime 8260.0
03:01:50.024 [main] INFO  AV.BMS -  OSD 00 currentime 8260.0
inside
03:01:51.018 [main] INFO  AV.BMS - obstacle distance 1585 currenttime 8280.0
03:01:51.018 [main] INFO  AV.BMS -  OSD 00 currentime 8280.0
inside
03:01:51.989 [main] INFO  AV.BMS - obstacle distance 1584 currenttime 8300.0
03:01:51.993 [main] INFO  AV.BMS -  OSD 00 currentime 8300.0
inside
03:01:52.995 [main] INFO  AV.BMS - obstacle distance 1583 currenttime 8320.0
03:01:52.995 [main] INFO  AV.BMS -  OSD 00 currentime 8320.0
inside
03:01:53.984 [main] INFO  AV.BMS - obstacle distance 1582 currenttime 8340.0
03:01:53.985 [main] INFO  AV.BMS -  OSD 00 currentime 8340.0
inside
03:01:54.973 [main] INFO  AV.BMS - obstacle distance 1581 currenttime 8360.0
03:01:54.973 [main] INFO  AV.BMS -  OSD 00 currentime 8360.0
inside
03:01:55.995 [main] INFO  AV.BMS - obstacle distance 1580 currenttime 8380.0
03:01:55.995 [main] INFO  AV.BMS -  OSD 00 currentime 8380.0
inside
03:01:56.937 [main] INFO  AV.BMS - obstacle distance 1579 currenttime 8400.0
03:01:56.937 [main] INFO  AV.BMS -  OSD 00 currentime 8400.0
inside
03:01:57.949 [main] INFO  AV.BMS - obstacle distance 1578 currenttime 8420.0
03:01:57.950 [main] INFO  AV.BMS -  OSD 00 currentime 8420.0
inside
03:01:58.964 [main] INFO  AV.BMS - obstacle distance 1577 currenttime 8440.0
03:01:58.964 [main] INFO  AV.BMS -  OSD 00 currentime 8440.0
inside
03:01:59.934 [main] INFO  AV.BMS - obstacle distance 1576 currenttime 8460.0
03:01:59.934 [main] INFO  AV.BMS -  OSD 00 currentime 8460.0
inside
03:02:00.931 [main] INFO  AV.BMS - obstacle distance 1575 currenttime 8480.0
03:02:00.932 [main] INFO  AV.BMS -  OSD 00 currentime 8480.0
inside
03:02:01.838 [main] INFO  AV.BMS - obstacle distance 1574 currenttime 8500.0
03:02:01.838 [main] INFO  AV.BMS -  OSD 00 currentime 8500.0
inside
03:02:02.779 [main] INFO  AV.BMS - obstacle distance 1573 currenttime 8520.0
03:02:02.780 [main] INFO  AV.BMS -  OSD 00 currentime 8520.0
inside
03:02:03.735 [main] INFO  AV.BMS - obstacle distance 1572 currenttime 8540.0
03:02:03.736 [main] INFO  AV.BMS -  OSD 00 currentime 8540.0
inside
03:02:04.701 [main] INFO  AV.BMS - obstacle distance 1571 currenttime 8560.0
03:02:04.701 [main] INFO  AV.BMS -  OSD 00 currentime 8560.0
inside
03:02:05.697 [main] INFO  AV.BMS - obstacle distance 1570 currenttime 8580.0
03:02:05.698 [main] INFO  AV.BMS -  OSD 00 currentime 8580.0
inside
03:02:06.704 [main] INFO  AV.BMS - obstacle distance 1569 currenttime 8600.0
03:02:06.705 [main] INFO  AV.BMS -  OSD 00 currentime 8600.0
inside
03:02:07.679 [main] INFO  AV.BMS - obstacle distance 1568 currenttime 8620.0
03:02:07.680 [main] INFO  AV.BMS -  OSD 00 currentime 8620.0
inside
03:02:08.699 [main] INFO  AV.BMS - obstacle distance 1567 currenttime 8640.0
03:02:08.699 [main] INFO  AV.BMS -  OSD 00 currentime 8640.0
inside
03:02:09.675 [main] INFO  AV.BMS - obstacle distance 1566 currenttime 8660.0
03:02:09.675 [main] INFO  AV.BMS -  OSD 00 currentime 8660.0
inside
03:02:10.670 [main] INFO  AV.BMS - obstacle distance 1565 currenttime 8680.0
03:02:10.670 [main] INFO  AV.BMS -  OSD 00 currentime 8680.0
inside
03:02:11.633 [main] INFO  AV.BMS - obstacle distance 1564 currenttime 8700.0
03:02:11.633 [main] INFO  AV.BMS -  OSD 00 currentime 8700.0
inside
03:02:12.622 [main] INFO  AV.BMS - obstacle distance 1563 currenttime 8720.0
03:02:12.622 [main] INFO  AV.BMS -  OSD 00 currentime 8720.0
inside
03:02:13.575 [main] INFO  AV.BMS - obstacle distance 1562 currenttime 8740.0
03:02:13.576 [main] INFO  AV.BMS -  OSD 00 currentime 8740.0
inside
03:02:14.558 [main] INFO  AV.BMS - obstacle distance 1561 currenttime 8760.0
03:02:14.558 [main] INFO  AV.BMS -  OSD 00 currentime 8760.0
inside
03:02:15.523 [main] INFO  AV.BMS - obstacle distance 1560 currenttime 8780.0
03:02:15.523 [main] INFO  AV.BMS -  OSD 00 currentime 8780.0
inside
03:02:16.522 [main] INFO  AV.BMS - obstacle distance 1559 currenttime 8800.0
03:02:16.523 [main] INFO  AV.BMS -  OSD 00 currentime 8800.0
inside
03:02:17.468 [main] INFO  AV.BMS - obstacle distance 1558 currenttime 8820.0
03:02:17.468 [main] INFO  AV.BMS -  OSD 00 currentime 8820.0
inside
03:02:18.086 [main] INFO  AV.BMS - obstacle distance 1557 currenttime 8840.0
03:02:18.087 [main] INFO  AV.BMS -  OSD 00 currentime 8840.0
inside
03:02:19.073 [main] INFO  AV.BMS - obstacle distance 1556 currenttime 8860.0
03:02:19.073 [main] INFO  AV.BMS -  OSD 00 currentime 8860.0
inside
03:02:20.044 [main] INFO  AV.BMS - obstacle distance 1555 currenttime 8880.0
03:02:20.044 [main] INFO  AV.BMS -  OSD 00 currentime 8880.0
inside
03:02:21.135 [main] INFO  AV.BMS - obstacle distance 1554 currenttime 8900.0
03:02:21.135 [main] INFO  AV.BMS -  OSD 00 currentime 8900.0
inside
03:02:22.139 [main] INFO  AV.BMS - obstacle distance 1553 currenttime 8920.0
03:02:22.140 [main] INFO  AV.BMS -  OSD 00 currentime 8920.0
inside
03:02:23.169 [main] INFO  AV.BMS - obstacle distance 1552 currenttime 8940.0
03:02:23.169 [main] INFO  AV.BMS -  OSD 00 currentime 8940.0
inside
03:02:24.131 [main] INFO  AV.BMS - obstacle distance 1551 currenttime 8960.0
03:02:24.131 [main] INFO  AV.BMS -  OSD 00 currentime 8960.0
inside
03:02:25.108 [main] INFO  AV.BMS - obstacle distance 1550 currenttime 8980.0
03:02:25.108 [main] INFO  AV.BMS -  OSD 00 currentime 8980.0
inside
03:02:26.126 [main] INFO  AV.BMS - obstacle distance 1549 currenttime 9000.0
03:02:26.127 [main] INFO  AV.BMS -  OSD 00 currentime 9000.0
inside
03:02:27.070 [main] INFO  AV.BMS - obstacle distance 1548 currenttime 9020.0
03:02:27.070 [main] INFO  AV.BMS -  OSD 00 currentime 9020.0
inside
03:02:27.944 [main] INFO  AV.BMS - obstacle distance 1547 currenttime 9040.0
03:02:27.945 [main] INFO  AV.BMS -  OSD 00 currentime 9040.0
inside
03:02:28.930 [main] INFO  AV.BMS - obstacle distance 1546 currenttime 9060.0
03:02:28.930 [main] INFO  AV.BMS -  OSD 00 currentime 9060.0
inside
03:02:29.934 [main] INFO  AV.BMS - obstacle distance 1545 currenttime 9080.0
03:02:29.935 [main] INFO  AV.BMS -  OSD 00 currentime 9080.0
inside
03:02:31.155 [main] INFO  AV.BMS - obstacle distance 1544 currenttime 9100.0
03:02:31.155 [main] INFO  AV.BMS -  OSD 00 currentime 9100.0
inside
03:02:32.147 [main] INFO  AV.BMS - obstacle distance 1543 currenttime 9120.0
03:02:32.147 [main] INFO  AV.BMS -  OSD 00 currentime 9120.0
inside
03:02:33.132 [main] INFO  AV.BMS - obstacle distance 1542 currenttime 9140.0
03:02:33.132 [main] INFO  AV.BMS -  OSD 00 currentime 9140.0
inside
03:02:34.084 [main] INFO  AV.BMS - obstacle distance 1541 currenttime 9160.0
03:02:34.084 [main] INFO  AV.BMS -  OSD 00 currentime 9160.0
inside
03:02:35.035 [main] INFO  AV.BMS - obstacle distance 1540 currenttime 9180.0
03:02:35.036 [main] INFO  AV.BMS -  OSD 00 currentime 9180.0
inside
03:02:36.037 [main] INFO  AV.BMS - obstacle distance 1539 currenttime 9200.0
03:02:36.038 [main] INFO  AV.BMS -  OSD 00 currentime 9200.0
inside
03:02:37.045 [main] INFO  AV.BMS - obstacle distance 1538 currenttime 9220.0
03:02:37.045 [main] INFO  AV.BMS -  OSD 00 currentime 9220.0
inside
03:02:38.023 [main] INFO  AV.BMS - obstacle distance 1537 currenttime 9240.0
03:02:38.023 [main] INFO  AV.BMS -  OSD 00 currentime 9240.0
inside
03:02:38.978 [main] INFO  AV.BMS - obstacle distance 1536 currenttime 9260.0
03:02:38.978 [main] INFO  AV.BMS -  OSD 00 currentime 9260.0
inside
03:02:39.975 [main] INFO  AV.BMS - obstacle distance 1535 currenttime 9280.0
03:02:39.975 [main] INFO  AV.BMS -  OSD 00 currentime 9280.0
inside
03:02:40.957 [main] INFO  AV.BMS - obstacle distance 1534 currenttime 9300.0
03:02:40.958 [main] INFO  AV.BMS -  OSD 00 currentime 9300.0
inside
03:02:41.938 [main] INFO  AV.BMS - obstacle distance 1533 currenttime 9320.0
03:02:41.939 [main] INFO  AV.BMS -  OSD 00 currentime 9320.0
inside
03:02:42.866 [main] INFO  AV.BMS - obstacle distance 1532 currenttime 9340.0
03:02:42.866 [main] INFO  AV.BMS -  OSD 00 currentime 9340.0
inside
03:02:43.874 [main] INFO  AV.BMS - obstacle distance 1531 currenttime 9360.0
03:02:43.874 [main] INFO  AV.BMS -  OSD 00 currentime 9360.0
inside
03:02:44.871 [main] INFO  AV.BMS - obstacle distance 1530 currenttime 9380.0
03:02:44.871 [main] INFO  AV.BMS -  OSD 00 currentime 9380.0
inside
03:02:45.750 [main] INFO  AV.BMS - obstacle distance 1529 currenttime 9400.0
03:02:45.751 [main] INFO  AV.BMS -  OSD 00 currentime 9400.0
inside
03:02:46.697 [main] INFO  AV.BMS - obstacle distance 1528 currenttime 9420.0
03:02:46.698 [main] INFO  AV.BMS -  OSD 00 currentime 9420.0
inside
03:02:47.712 [main] INFO  AV.BMS - obstacle distance 1527 currenttime 9440.0
03:02:47.712 [main] INFO  AV.BMS -  OSD 00 currentime 9440.0
inside
03:02:48.674 [main] INFO  AV.BMS - obstacle distance 1526 currenttime 9460.0
03:02:48.674 [main] INFO  AV.BMS -  OSD 00 currentime 9460.0
inside
03:02:49.647 [main] INFO  AV.BMS - obstacle distance 1525 currenttime 9480.0
03:02:49.648 [main] INFO  AV.BMS -  OSD 00 currentime 9480.0
inside
03:02:50.636 [main] INFO  AV.BMS - obstacle distance 1524 currenttime 9500.0
03:02:50.636 [main] INFO  AV.BMS -  OSD 00 currentime 9500.0
inside
03:02:51.635 [main] INFO  AV.BMS - obstacle distance 1523 currenttime 9520.0
03:02:51.635 [main] INFO  AV.BMS -  OSD 00 currentime 9520.0
inside
03:02:52.618 [main] INFO  AV.BMS - obstacle distance 1522 currenttime 9540.0
03:02:52.618 [main] INFO  AV.BMS -  OSD 00 currentime 9540.0
inside
03:02:53.575 [main] INFO  AV.BMS - obstacle distance 1521 currenttime 9560.0
03:02:53.575 [main] INFO  AV.BMS -  OSD 00 currentime 9560.0
inside
03:02:54.546 [main] INFO  AV.BMS - obstacle distance 1520 currenttime 9580.0
03:02:54.546 [main] INFO  AV.BMS -  OSD 00 currentime 9580.0
inside
03:02:55.492 [main] INFO  AV.BMS - obstacle distance 1519 currenttime 9600.0
03:02:55.492 [main] INFO  AV.BMS -  OSD 00 currentime 9600.0
inside
03:02:56.431 [main] INFO  AV.BMS - obstacle distance 1518 currenttime 9620.0
03:02:56.431 [main] INFO  AV.BMS -  OSD 00 currentime 9620.0
inside
03:02:57.345 [main] INFO  AV.BMS - obstacle distance 1517 currenttime 9640.0
03:02:57.345 [main] INFO  AV.BMS -  OSD 00 currentime 9640.0
inside
03:02:58.276 [main] INFO  AV.BMS - obstacle distance 1516 currenttime 9660.0
03:02:58.277 [main] INFO  AV.BMS -  OSD 00 currentime 9660.0
inside
03:02:59.215 [main] INFO  AV.BMS - obstacle distance 1515 currenttime 9680.0
03:02:59.215 [main] INFO  AV.BMS -  OSD 00 currentime 9680.0
inside
03:03:00.209 [main] INFO  AV.BMS - obstacle distance 1514 currenttime 9700.0
03:03:00.210 [main] INFO  AV.BMS -  OSD 00 currentime 9700.0
inside
03:03:01.207 [main] INFO  AV.BMS - obstacle distance 1513 currenttime 9720.0
03:03:01.209 [main] INFO  AV.BMS -  OSD 00 currentime 9720.0
inside
03:03:02.461 [main] INFO  AV.BMS - obstacle distance 1512 currenttime 9740.0
03:03:02.461 [main] INFO  AV.BMS -  OSD 00 currentime 9740.0
inside
03:03:03.453 [main] INFO  AV.BMS - obstacle distance 1511 currenttime 9760.0
03:03:03.453 [main] INFO  AV.BMS -  OSD 00 currentime 9760.0
inside
03:03:04.437 [main] INFO  AV.BMS - obstacle distance 1510 currenttime 9780.0
03:03:04.437 [main] INFO  AV.BMS -  OSD 00 currentime 9780.0
inside
03:03:05.394 [main] INFO  AV.BMS - obstacle distance 1509 currenttime 9800.0
03:03:05.394 [main] INFO  AV.BMS -  OSD 00 currentime 9800.0
inside
03:03:06.393 [main] INFO  AV.BMS - obstacle distance 1508 currenttime 9820.0
03:03:06.393 [main] INFO  AV.BMS -  OSD 00 currentime 9820.0
inside
03:03:07.379 [main] INFO  AV.BMS - obstacle distance 1507 currenttime 9840.0
03:03:07.379 [main] INFO  AV.BMS -  OSD 00 currentime 9840.0
inside
03:03:08.365 [main] INFO  AV.BMS - obstacle distance 1506 currenttime 9860.0
03:03:08.365 [main] INFO  AV.BMS -  OSD 00 currentime 9860.0
inside
03:03:09.368 [main] INFO  AV.BMS - obstacle distance 1505 currenttime 9880.0
03:03:09.368 [main] INFO  AV.BMS -  OSD 00 currentime 9880.0
inside
03:03:10.313 [main] INFO  AV.BMS - obstacle distance 1504 currenttime 9900.0
03:03:10.313 [main] INFO  AV.BMS -  OSD 00 currentime 9900.0
inside
03:03:11.317 [main] INFO  AV.BMS - obstacle distance 1503 currenttime 9920.0
03:03:11.317 [main] INFO  AV.BMS -  OSD 00 currentime 9920.0
inside
03:03:12.328 [main] INFO  AV.BMS - obstacle distance 1502 currenttime 9940.0
03:03:12.328 [main] INFO  AV.BMS -  OSD 00 currentime 9940.0
inside
03:03:13.277 [main] INFO  AV.BMS - obstacle distance 1501 currenttime 9960.0
03:03:13.278 [main] INFO  AV.BMS -  OSD 00 currentime 9960.0
inside
03:03:14.176 [main] INFO  AV.BMS - obstacle distance 1500 currenttime 9980.0
03:03:14.176 [main] INFO  AV.BMS -  OSD 00 currentime 9980.0
inside
03:03:15.187 [main] INFO  AV.BMS - obstacle distance 1499 currenttime 10000.0
03:03:15.187 [main] INFO  AV.BMS -  OSD 00 currentime 10000.0
inside
03:03:16.162 [main] INFO  AV.BMS - obstacle distance 1498 currenttime 10020.0
03:03:16.162 [main] INFO  AV.BMS -  OSD 00 currentime 10020.0
inside
03:03:17.069 [main] INFO  AV.BMS - obstacle distance 1497 currenttime 10040.0
03:03:17.069 [main] INFO  AV.BMS -  OSD 00 currentime 10040.0
inside
03:03:18.069 [main] INFO  AV.BMS - obstacle distance 1496 currenttime 10060.0
03:03:18.070 [main] INFO  AV.BMS -  OSD 00 currentime 10060.0
inside
03:03:19.061 [main] INFO  AV.BMS - obstacle distance 1495 currenttime 10080.0
03:03:19.061 [main] INFO  AV.BMS -  OSD 00 currentime 10080.0
inside
03:03:20.034 [main] INFO  AV.BMS - obstacle distance 1494 currenttime 10100.0
03:03:20.034 [main] INFO  AV.BMS -  OSD 00 currentime 10100.0
inside
03:03:21.038 [main] INFO  AV.BMS - obstacle distance 1493 currenttime 10120.0
03:03:21.038 [main] INFO  AV.BMS -  OSD 00 currentime 10120.0
inside
03:03:22.014 [main] INFO  AV.BMS - obstacle distance 1492 currenttime 10140.0
03:03:22.015 [main] INFO  AV.BMS -  OSD 00 currentime 10140.0
inside
03:03:22.941 [main] INFO  AV.BMS - obstacle distance 1491 currenttime 10160.0
03:03:22.941 [main] INFO  AV.BMS -  OSD 00 currentime 10160.0
inside
03:03:23.879 [main] INFO  AV.BMS - obstacle distance 1490 currenttime 10180.0
03:03:23.881 [main] INFO  AV.BMS -  OSD 00 currentime 10180.0
inside
03:03:24.854 [main] INFO  AV.BMS - obstacle distance 1489 currenttime 10200.0
03:03:24.855 [main] INFO  AV.BMS -  OSD 00 currentime 10200.0
inside
03:03:25.821 [main] INFO  AV.BMS - obstacle distance 1488 currenttime 10220.0
03:03:25.821 [main] INFO  AV.BMS -  OSD 00 currentime 10220.0
inside
03:03:26.808 [main] INFO  AV.BMS - obstacle distance 1487 currenttime 10240.0
03:03:26.809 [main] INFO  AV.BMS -  OSD 00 currentime 10240.0
inside
03:03:27.796 [main] INFO  AV.BMS - obstacle distance 1486 currenttime 10260.0
03:03:27.796 [main] INFO  AV.BMS -  OSD 00 currentime 10260.0
inside
03:03:28.818 [main] INFO  AV.BMS - obstacle distance 1485 currenttime 10280.0
03:03:28.818 [main] INFO  AV.BMS -  OSD 00 currentime 10280.0
inside
03:03:29.843 [main] INFO  AV.BMS - obstacle distance 1484 currenttime 10300.0
03:03:29.843 [main] INFO  AV.BMS -  OSD 00 currentime 10300.0
inside
03:03:30.844 [main] INFO  AV.BMS - obstacle distance 1483 currenttime 10320.0
03:03:30.844 [main] INFO  AV.BMS -  OSD 00 currentime 10320.0
inside
03:03:31.786 [main] INFO  AV.BMS - obstacle distance 1482 currenttime 10340.0
03:03:31.787 [main] INFO  AV.BMS -  OSD 00 currentime 10340.0
inside
03:03:32.395 [main] INFO  AV.BMS - obstacle distance 1481 currenttime 10360.0
03:03:32.395 [main] INFO  AV.BMS -  OSD 00 currentime 10360.0
inside
03:03:33.026 [main] INFO  AV.BMS - obstacle distance 1480 currenttime 10380.0
03:03:33.026 [main] INFO  AV.BMS -  OSD 00 currentime 10380.0
inside
03:03:34.210 [main] INFO  AV.BMS - obstacle distance 1479 currenttime 10400.0
03:03:34.210 [main] INFO  AV.BMS -  OSD 00 currentime 10400.0
inside
03:03:35.198 [main] INFO  AV.BMS - obstacle distance 1478 currenttime 10420.0
03:03:35.198 [main] INFO  AV.BMS -  OSD 00 currentime 10420.0
inside
03:03:36.188 [main] INFO  AV.BMS - obstacle distance 1477 currenttime 10440.0
03:03:36.188 [main] INFO  AV.BMS -  OSD 00 currentime 10440.0
inside
03:03:37.154 [main] INFO  AV.BMS - obstacle distance 1476 currenttime 10460.0
03:03:37.154 [main] INFO  AV.BMS -  OSD 00 currentime 10460.0
inside
03:03:38.188 [main] INFO  AV.BMS - obstacle distance 1475 currenttime 10480.0
03:03:38.189 [main] INFO  AV.BMS -  OSD 00 currentime 10480.0
inside
03:03:39.168 [main] INFO  AV.BMS - obstacle distance 1474 currenttime 10500.0
03:03:39.168 [main] INFO  AV.BMS -  OSD 00 currentime 10500.0
inside
03:03:40.110 [main] INFO  AV.BMS - obstacle distance 1473 currenttime 10520.0
03:03:40.110 [main] INFO  AV.BMS -  OSD 00 currentime 10520.0
inside
03:03:41.110 [main] INFO  AV.BMS - obstacle distance 1472 currenttime 10540.0
03:03:41.110 [main] INFO  AV.BMS -  OSD 00 currentime 10540.0
inside
03:03:42.108 [main] INFO  AV.BMS - obstacle distance 1471 currenttime 10560.0
03:03:42.109 [main] INFO  AV.BMS -  OSD 00 currentime 10560.0
inside
03:03:43.083 [main] INFO  AV.BMS - obstacle distance 1470 currenttime 10580.0
03:03:43.083 [main] INFO  AV.BMS -  OSD 00 currentime 10580.0
inside
03:03:44.080 [main] INFO  AV.BMS - obstacle distance 1469 currenttime 10600.0
03:03:44.080 [main] INFO  AV.BMS -  OSD 00 currentime 10600.0
inside
03:03:45.084 [main] INFO  AV.BMS - obstacle distance 1468 currenttime 10620.0
03:03:45.085 [main] INFO  AV.BMS -  OSD 00 currentime 10620.0
inside
03:03:46.041 [main] INFO  AV.BMS - obstacle distance 1467 currenttime 10640.0
03:03:46.042 [main] INFO  AV.BMS -  OSD 00 currentime 10640.0
inside
03:03:47.015 [main] INFO  AV.BMS - obstacle distance 1466 currenttime 10660.0
03:03:47.015 [main] INFO  AV.BMS -  OSD 00 currentime 10660.0
inside
03:03:47.948 [main] INFO  AV.BMS - obstacle distance 1465 currenttime 10680.0
03:03:47.949 [main] INFO  AV.BMS -  OSD 00 currentime 10680.0
inside
03:03:48.936 [main] INFO  AV.BMS - obstacle distance 1464 currenttime 10700.0
03:03:48.937 [main] INFO  AV.BMS -  OSD 00 currentime 10700.0
inside
03:03:49.859 [main] INFO  AV.BMS - obstacle distance 1463 currenttime 10720.0
03:03:49.859 [main] INFO  AV.BMS -  OSD 00 currentime 10720.0
inside
03:03:50.888 [main] INFO  AV.BMS - obstacle distance 1462 currenttime 10740.0
03:03:50.888 [main] INFO  AV.BMS -  OSD 00 currentime 10740.0
inside
03:03:51.876 [main] INFO  AV.BMS - obstacle distance 1461 currenttime 10760.0
03:03:51.876 [main] INFO  AV.BMS -  OSD 00 currentime 10760.0
inside
03:03:52.861 [main] INFO  AV.BMS - obstacle distance 1460 currenttime 10780.0
03:03:52.862 [main] INFO  AV.BMS -  OSD 00 currentime 10780.0
inside
03:03:53.852 [main] INFO  AV.BMS - obstacle distance 1459 currenttime 10800.0
03:03:53.852 [main] INFO  AV.BMS -  OSD 00 currentime 10800.0
inside
03:03:54.852 [main] INFO  AV.BMS - obstacle distance 1458 currenttime 10820.0
03:03:54.853 [main] INFO  AV.BMS -  OSD 00 currentime 10820.0
inside
03:03:55.831 [main] INFO  AV.BMS - obstacle distance 1457 currenttime 10840.0
03:03:55.832 [main] INFO  AV.BMS -  OSD 00 currentime 10840.0
inside
03:03:56.844 [main] INFO  AV.BMS - obstacle distance 1456 currenttime 10860.0
03:03:56.845 [main] INFO  AV.BMS -  OSD 00 currentime 10860.0
03:03:56.909 [main] INFO  org.cpswt.hla.SynchronizedFederate - BMS-0e898a9a-58f0-4c71-9409-135b9a585ce5: SimEnd interaction received, exiting...
03:03:56.909 [main] INFO  org.cpswt.hla.SynchronizedFederate - Exiting gracefully ....
03:04:01.983 [main] INFO  AV.BMS - Done.
