
-------------------------------------------------------------------
GMS: address=vagrant-11252, cluster=AV, physical address=10.0.2.15:49663
-------------------------------------------------------------------
01:16:14.061 [main] INFO  AV.BMS - waiting on readyToPopulate...
01:16:41.972 [main] INFO  AV.BMS - ...synchronized on readyToPopulate
01:16:41.972 [main] INFO  AV.BMS - waiting on readyToRun...
01:16:42.230 [main] INFO  AV.BMS - ...synchronized on readyToRun
01:16:42.233 [main] INFO  AV.BMS - started logical time progression
inside
01:16:43.131 [main] INFO  AV.BMS - obstacle distance 1999 currenttime 2.0
inside
01:16:44.091 [main] INFO  AV.BMS - obstacle distance 1998 currenttime 12.0
inside
01:16:44.801 [main] INFO  AV.BMS - obstacle distance 1997 currenttime 22.0
inside
01:16:45.385 [main] INFO  AV.BMS - obstacle distance 1996 currenttime 32.0
inside
01:16:46.014 [main] INFO  AV.BMS - obstacle distance 1995 currenttime 42.0
inside
01:16:46.560 [main] INFO  AV.BMS - obstacle distance 1994 currenttime 52.0
inside
01:16:47.195 [main] INFO  AV.BMS - obstacle distance 1993 currenttime 62.0
inside
01:16:47.967 [main] INFO  AV.BMS - obstacle distance 1992 currenttime 72.0
inside
01:16:48.527 [main] INFO  AV.BMS - obstacle distance 1991 currenttime 82.0
inside
01:16:49.137 [main] INFO  AV.BMS - obstacle distance 1990 currenttime 92.0
inside
01:16:49.706 [main] INFO  AV.BMS - obstacle distance 1989 currenttime 102.0
inside
01:16:50.367 [main] INFO  AV.BMS - obstacle distance 1988 currenttime 112.0
inside
01:16:50.910 [main] INFO  AV.BMS - obstacle distance 1987 currenttime 122.0
inside
01:16:51.409 [main] INFO  AV.BMS - obstacle distance 1986 currenttime 132.0
inside
01:16:52.002 [main] INFO  AV.BMS - obstacle distance 1985 currenttime 142.0
inside
01:16:52.544 [main] INFO  AV.BMS - obstacle distance 1984 currenttime 152.0
inside
01:16:53.171 [main] INFO  AV.BMS - obstacle distance 1983 currenttime 162.0
inside
01:16:54.252 [main] INFO  AV.BMS - obstacle distance 1982 currenttime 172.0
inside
01:16:54.794 [main] INFO  AV.BMS - obstacle distance 1981 currenttime 182.0
inside
01:16:55.345 [main] INFO  AV.BMS - obstacle distance 1980 currenttime 192.0
inside
01:16:55.927 [main] INFO  AV.BMS - obstacle distance 1979 currenttime 202.0
inside
01:16:56.456 [main] INFO  AV.BMS - obstacle distance 1978 currenttime 212.0
inside
01:16:57.025 [main] INFO  AV.BMS - obstacle distance 1977 currenttime 222.0
inside
01:16:57.608 [main] INFO  AV.BMS - obstacle distance 1976 currenttime 232.0
inside
01:16:58.249 [main] INFO  AV.BMS - obstacle distance 1975 currenttime 242.0
inside
01:16:58.791 [main] INFO  AV.BMS - obstacle distance 1974 currenttime 252.0
inside
01:16:59.328 [main] INFO  AV.BMS - obstacle distance 1973 currenttime 262.0
inside
01:16:59.866 [main] INFO  AV.BMS - obstacle distance 1972 currenttime 272.0
inside
01:17:00.364 [main] INFO  AV.BMS - obstacle distance 1971 currenttime 282.0
inside
01:17:00.871 [main] INFO  AV.BMS - obstacle distance 1970 currenttime 292.0
inside
01:17:01.421 [main] INFO  AV.BMS - obstacle distance 1969 currenttime 302.0
inside
01:17:01.951 [main] INFO  AV.BMS - obstacle distance 1968 currenttime 312.0
inside
01:17:02.486 [main] INFO  AV.BMS - obstacle distance 1967 currenttime 322.0
inside
01:17:02.980 [main] INFO  AV.BMS - obstacle distance 1966 currenttime 332.0
inside
01:17:03.491 [main] INFO  AV.BMS - obstacle distance 1965 currenttime 342.0
inside
01:17:04.033 [main] INFO  AV.BMS - obstacle distance 1964 currenttime 352.0
inside
01:17:04.536 [main] INFO  AV.BMS - obstacle distance 1963 currenttime 362.0
inside
01:17:05.088 [main] INFO  AV.BMS - obstacle distance 1962 currenttime 372.0
inside
01:17:05.599 [main] INFO  AV.BMS - obstacle distance 1961 currenttime 382.0
inside
01:17:06.102 [main] INFO  AV.BMS - obstacle distance 1960 currenttime 392.0
inside
01:17:06.616 [main] INFO  AV.BMS - obstacle distance 1959 currenttime 402.0
inside
01:17:07.134 [main] INFO  AV.BMS - obstacle distance 1958 currenttime 412.0
inside
01:17:07.670 [main] INFO  AV.BMS - obstacle distance 1957 currenttime 422.0
inside
01:17:08.306 [main] INFO  AV.BMS - obstacle distance 1956 currenttime 432.0
inside
01:17:08.821 [main] INFO  AV.BMS - obstacle distance 1955 currenttime 442.0
inside
01:17:09.359 [main] INFO  AV.BMS - obstacle distance 1954 currenttime 452.0
inside
01:17:09.885 [main] INFO  AV.BMS - obstacle distance 1953 currenttime 462.0
inside
01:17:10.396 [main] INFO  AV.BMS - obstacle distance 1952 currenttime 472.0
inside
01:17:10.908 [main] INFO  AV.BMS - obstacle distance 1951 currenttime 482.0
inside
01:17:11.427 [main] INFO  AV.BMS - obstacle distance 1950 currenttime 492.0
inside
01:17:11.985 [main] INFO  AV.BMS - obstacle distance 1949 currenttime 502.0
inside
01:17:12.531 [main] INFO  AV.BMS - obstacle distance 1948 currenttime 512.0
inside
01:17:13.022 [main] INFO  AV.BMS - obstacle distance 1947 currenttime 522.0
inside
01:17:13.548 [main] INFO  AV.BMS - obstacle distance 1946 currenttime 532.0
inside
01:17:14.081 [main] INFO  AV.BMS - obstacle distance 1945 currenttime 542.0
inside
01:17:14.640 [main] INFO  AV.BMS - obstacle distance 1944 currenttime 552.0
inside
01:17:15.173 [main] INFO  AV.BMS - obstacle distance 1943 currenttime 562.0
inside
01:17:15.709 [main] INFO  AV.BMS - obstacle distance 1942 currenttime 572.0
inside
01:17:16.208 [main] INFO  AV.BMS - obstacle distance 1941 currenttime 582.0
inside
01:17:16.708 [main] INFO  AV.BMS - obstacle distance 1940 currenttime 592.0
inside
01:17:17.249 [main] INFO  AV.BMS - obstacle distance 1939 currenttime 602.0
inside
01:17:17.722 [main] INFO  AV.BMS - obstacle distance 1938 currenttime 612.0
inside
01:17:18.241 [main] INFO  AV.BMS - obstacle distance 1937 currenttime 622.0
inside
01:17:18.763 [main] INFO  AV.BMS - obstacle distance 1936 currenttime 632.0
inside
01:17:19.291 [main] INFO  AV.BMS - obstacle distance 1935 currenttime 642.0
inside
01:17:19.822 [main] INFO  AV.BMS - obstacle distance 1934 currenttime 652.0
inside
01:17:20.509 [main] INFO  AV.BMS - obstacle distance 1933 currenttime 662.0
inside
01:17:21.064 [main] INFO  AV.BMS - obstacle distance 1932 currenttime 672.0
inside
01:17:21.540 [main] INFO  AV.BMS - obstacle distance 1931 currenttime 682.0
inside
01:17:22.099 [main] INFO  AV.BMS - obstacle distance 1930 currenttime 692.0
inside
01:17:22.622 [main] INFO  AV.BMS - obstacle distance 1929 currenttime 702.0
inside
01:17:23.165 [main] INFO  AV.BMS - obstacle distance 1928 currenttime 712.0
inside
01:17:23.711 [main] INFO  AV.BMS - obstacle distance 1927 currenttime 722.0
inside
01:17:24.207 [main] INFO  AV.BMS - obstacle distance 1926 currenttime 732.0
inside
01:17:24.650 [main] INFO  AV.BMS - obstacle distance 1925 currenttime 742.0
inside
01:17:25.164 [main] INFO  AV.BMS - obstacle distance 1924 currenttime 752.0
inside
01:17:25.672 [main] INFO  AV.BMS - obstacle distance 1923 currenttime 762.0
inside
01:17:26.178 [main] INFO  AV.BMS - obstacle distance 1922 currenttime 772.0
inside
01:17:26.663 [main] INFO  AV.BMS - obstacle distance 1921 currenttime 782.0
inside
01:17:27.166 [main] INFO  AV.BMS - obstacle distance 1920 currenttime 792.0
inside
01:17:27.575 [main] INFO  AV.BMS - obstacle distance 1919 currenttime 802.0
inside
01:17:28.093 [main] INFO  AV.BMS - obstacle distance 1918 currenttime 812.0
inside
01:17:28.591 [main] INFO  AV.BMS - obstacle distance 1917 currenttime 822.0
inside
01:17:29.066 [main] INFO  AV.BMS - obstacle distance 1916 currenttime 832.0
inside
01:17:29.566 [main] INFO  AV.BMS - obstacle distance 1915 currenttime 842.0
inside
01:17:30.076 [main] INFO  AV.BMS - obstacle distance 1914 currenttime 852.0
inside
01:17:30.576 [main] INFO  AV.BMS - obstacle distance 1913 currenttime 862.0
inside
01:17:31.080 [main] INFO  AV.BMS - obstacle distance 1912 currenttime 872.0
inside
01:17:31.619 [main] INFO  AV.BMS - obstacle distance 1911 currenttime 882.0
inside
01:17:32.154 [main] INFO  AV.BMS - obstacle distance 1910 currenttime 892.0
inside
01:17:32.690 [main] INFO  AV.BMS - obstacle distance 1909 currenttime 902.0
inside
01:17:33.195 [main] INFO  AV.BMS - obstacle distance 1908 currenttime 912.0
inside
01:17:33.713 [main] INFO  AV.BMS - obstacle distance 1907 currenttime 922.0
inside
01:17:34.217 [main] INFO  AV.BMS - obstacle distance 1906 currenttime 932.0
inside
01:17:35.600 [main] INFO  AV.BMS - obstacle distance 1905 currenttime 942.0
inside
01:17:36.060 [main] INFO  AV.BMS - obstacle distance 1904 currenttime 952.0
inside
01:17:36.544 [main] INFO  AV.BMS - obstacle distance 1903 currenttime 962.0
inside
01:17:37.077 [main] INFO  AV.BMS - obstacle distance 1902 currenttime 972.0
inside
01:17:37.607 [main] INFO  AV.BMS - obstacle distance 1901 currenttime 982.0
inside
01:17:38.121 [main] INFO  AV.BMS - obstacle distance 1900 currenttime 992.0
inside
01:17:38.642 [main] INFO  AV.BMS - obstacle distance 1899 currenttime 1002.0
inside
01:17:39.147 [main] INFO  AV.BMS - obstacle distance 1898 currenttime 1012.0
inside
01:17:39.652 [main] INFO  AV.BMS - obstacle distance 1897 currenttime 1022.0
inside
01:17:40.153 [main] INFO  AV.BMS - obstacle distance 1896 currenttime 1032.0
inside
01:17:41.127 [main] INFO  AV.BMS - obstacle distance 1895 currenttime 1042.0
inside
01:17:41.630 [main] INFO  AV.BMS - obstacle distance 1894 currenttime 1052.0
inside
01:17:42.153 [main] INFO  AV.BMS - obstacle distance 1893 currenttime 1062.0
inside
01:17:42.642 [main] INFO  AV.BMS - obstacle distance 1892 currenttime 1072.0
inside
01:17:43.126 [main] INFO  AV.BMS - obstacle distance 1891 currenttime 1082.0
inside
01:17:43.635 [main] INFO  AV.BMS - obstacle distance 1890 currenttime 1092.0
inside
01:17:44.134 [main] INFO  AV.BMS - obstacle distance 1889 currenttime 1102.0
inside
01:17:44.651 [main] INFO  AV.BMS - obstacle distance 1888 currenttime 1112.0
inside
01:17:45.176 [main] INFO  AV.BMS - obstacle distance 1887 currenttime 1122.0
inside
01:17:45.685 [main] INFO  AV.BMS - obstacle distance 1886 currenttime 1132.0
inside
01:17:46.184 [main] INFO  AV.BMS - obstacle distance 1885 currenttime 1142.0
inside
01:17:46.673 [main] INFO  AV.BMS - obstacle distance 1884 currenttime 1152.0
inside
01:17:47.166 [main] INFO  AV.BMS - obstacle distance 1883 currenttime 1162.0
inside
01:17:47.678 [main] INFO  AV.BMS - obstacle distance 1882 currenttime 1172.0
inside
01:17:48.173 [main] INFO  AV.BMS - obstacle distance 1881 currenttime 1182.0
inside
01:17:48.661 [main] INFO  AV.BMS - obstacle distance 1880 currenttime 1192.0
inside
01:17:49.146 [main] INFO  AV.BMS - obstacle distance 1879 currenttime 1202.0
inside
01:17:49.664 [main] INFO  AV.BMS - obstacle distance 1878 currenttime 1212.0
inside
01:17:50.166 [main] INFO  AV.BMS - obstacle distance 1877 currenttime 1222.0
inside
01:17:50.704 [main] INFO  AV.BMS - obstacle distance 1876 currenttime 1232.0
inside
01:17:51.343 [main] INFO  AV.BMS - obstacle distance 1875 currenttime 1242.0
inside
01:17:51.888 [main] INFO  AV.BMS - obstacle distance 1874 currenttime 1252.0
inside
01:17:52.303 [main] INFO  AV.BMS - obstacle distance 1873 currenttime 1262.0
inside
01:17:52.834 [main] INFO  AV.BMS - obstacle distance 1872 currenttime 1272.0
inside
01:17:53.355 [main] INFO  AV.BMS - obstacle distance 1871 currenttime 1282.0
inside
01:17:53.873 [main] INFO  AV.BMS - obstacle distance 1870 currenttime 1292.0
inside
01:17:54.364 [main] INFO  AV.BMS - obstacle distance 1869 currenttime 1302.0
inside
01:17:54.844 [main] INFO  AV.BMS - obstacle distance 1868 currenttime 1312.0
inside
01:17:55.331 [main] INFO  AV.BMS - obstacle distance 1867 currenttime 1322.0
inside
01:17:55.786 [main] INFO  AV.BMS - obstacle distance 1866 currenttime 1332.0
inside
01:17:56.216 [main] INFO  AV.BMS - obstacle distance 1865 currenttime 1342.0
inside
01:17:56.639 [main] INFO  AV.BMS - obstacle distance 1864 currenttime 1352.0
inside
01:17:57.132 [main] INFO  AV.BMS - obstacle distance 1863 currenttime 1362.0
inside
01:17:57.615 [main] INFO  AV.BMS - obstacle distance 1862 currenttime 1372.0
inside
01:17:58.101 [main] INFO  AV.BMS - obstacle distance 1861 currenttime 1382.0
inside
01:17:58.613 [main] INFO  AV.BMS - obstacle distance 1860 currenttime 1392.0
inside
01:17:59.165 [main] INFO  AV.BMS - obstacle distance 1859 currenttime 1402.0
inside
01:17:59.664 [main] INFO  AV.BMS - obstacle distance 1858 currenttime 1412.0
inside
01:18:00.198 [main] INFO  AV.BMS - obstacle distance 1857 currenttime 1422.0
inside
01:18:00.699 [main] INFO  AV.BMS - obstacle distance 1856 currenttime 1432.0
inside
01:18:01.193 [main] INFO  AV.BMS - obstacle distance 1855 currenttime 1442.0
inside
01:18:01.701 [main] INFO  AV.BMS - obstacle distance 1854 currenttime 1452.0
inside
01:18:02.217 [main] INFO  AV.BMS - obstacle distance 1853 currenttime 1462.0
inside
01:18:02.710 [main] INFO  AV.BMS - obstacle distance 1852 currenttime 1472.0
inside
01:18:03.240 [main] INFO  AV.BMS - obstacle distance 1851 currenttime 1482.0
inside
01:18:03.745 [main] INFO  AV.BMS - obstacle distance 1850 currenttime 1492.0
inside
01:18:04.233 [main] INFO  AV.BMS - obstacle distance 1849 currenttime 1502.0
inside
01:18:04.764 [main] INFO  AV.BMS - obstacle distance 1848 currenttime 1512.0
inside
01:18:05.249 [main] INFO  AV.BMS - obstacle distance 1847 currenttime 1522.0
inside
01:18:05.745 [main] INFO  AV.BMS - obstacle distance 1846 currenttime 1532.0
inside
01:18:06.269 [main] INFO  AV.BMS - obstacle distance 1845 currenttime 1542.0
inside
01:18:06.777 [main] INFO  AV.BMS - obstacle distance 1844 currenttime 1552.0
inside
01:18:07.292 [main] INFO  AV.BMS - obstacle distance 1843 currenttime 1562.0
inside
01:18:07.801 [main] INFO  AV.BMS - obstacle distance 1842 currenttime 1572.0
inside
01:18:08.290 [main] INFO  AV.BMS - obstacle distance 1841 currenttime 1582.0
inside
01:18:08.793 [main] INFO  AV.BMS - obstacle distance 1840 currenttime 1592.0
inside
01:18:09.303 [main] INFO  AV.BMS - obstacle distance 1839 currenttime 1602.0
inside
01:18:09.926 [main] INFO  AV.BMS - obstacle distance 1838 currenttime 1612.0
inside
01:18:10.407 [main] INFO  AV.BMS - obstacle distance 1837 currenttime 1622.0
inside
01:18:10.925 [main] INFO  AV.BMS - obstacle distance 1836 currenttime 1632.0
inside
01:18:11.433 [main] INFO  AV.BMS - obstacle distance 1835 currenttime 1642.0
inside
01:18:11.955 [main] INFO  AV.BMS - obstacle distance 1834 currenttime 1652.0
inside
01:18:12.459 [main] INFO  AV.BMS - obstacle distance 1833 currenttime 1662.0
inside
01:18:12.984 [main] INFO  AV.BMS - obstacle distance 1832 currenttime 1672.0
inside
01:18:13.490 [main] INFO  AV.BMS - obstacle distance 1831 currenttime 1682.0
inside
01:18:13.964 [main] INFO  AV.BMS - obstacle distance 1830 currenttime 1692.0
inside
01:18:14.476 [main] INFO  AV.BMS - obstacle distance 1829 currenttime 1702.0
inside
01:18:14.989 [main] INFO  AV.BMS - obstacle distance 1828 currenttime 1712.0
inside
01:18:15.552 [main] INFO  AV.BMS - obstacle distance 1827 currenttime 1722.0
inside
01:18:16.049 [main] INFO  AV.BMS - obstacle distance 1826 currenttime 1732.0
inside
01:18:16.534 [main] INFO  AV.BMS - obstacle distance 1825 currenttime 1742.0
inside
01:18:17.031 [main] INFO  AV.BMS - obstacle distance 1824 currenttime 1752.0
inside
01:18:17.559 [main] INFO  AV.BMS - obstacle distance 1823 currenttime 1762.0
inside
01:18:18.080 [main] INFO  AV.BMS - obstacle distance 1822 currenttime 1772.0
inside
01:18:18.580 [main] INFO  AV.BMS - obstacle distance 1821 currenttime 1782.0
inside
01:18:19.116 [main] INFO  AV.BMS - obstacle distance 1820 currenttime 1792.0
inside
01:18:19.616 [main] INFO  AV.BMS - obstacle distance 1819 currenttime 1802.0
inside
01:18:20.113 [main] INFO  AV.BMS - obstacle distance 1818 currenttime 1812.0
inside
01:18:20.628 [main] INFO  AV.BMS - obstacle distance 1817 currenttime 1822.0
inside
01:18:21.138 [main] INFO  AV.BMS - obstacle distance 1816 currenttime 1832.0
inside
01:18:21.640 [main] INFO  AV.BMS - obstacle distance 1815 currenttime 1842.0
inside
01:18:22.177 [main] INFO  AV.BMS - obstacle distance 1814 currenttime 1852.0
inside
01:18:22.647 [main] INFO  AV.BMS - obstacle distance 1813 currenttime 1862.0
inside
01:18:23.182 [main] INFO  AV.BMS - obstacle distance 1812 currenttime 1872.0
inside
01:18:23.680 [main] INFO  AV.BMS - obstacle distance 1811 currenttime 1882.0
inside
01:18:24.181 [main] INFO  AV.BMS - obstacle distance 1810 currenttime 1892.0
inside
01:18:24.695 [main] INFO  AV.BMS - obstacle distance 1809 currenttime 1902.0
inside
01:18:25.165 [main] INFO  AV.BMS - obstacle distance 1808 currenttime 1912.0
inside
01:18:25.682 [main] INFO  AV.BMS - obstacle distance 1807 currenttime 1922.0
inside
01:18:26.169 [main] INFO  AV.BMS - obstacle distance 1806 currenttime 1932.0
inside
01:18:26.702 [main] INFO  AV.BMS - obstacle distance 1805 currenttime 1942.0
inside
01:18:27.194 [main] INFO  AV.BMS - obstacle distance 1804 currenttime 1952.0
inside
01:18:27.665 [main] INFO  AV.BMS - obstacle distance 1803 currenttime 1962.0
inside
01:18:28.366 [main] INFO  AV.BMS - obstacle distance 1802 currenttime 1972.0
inside
01:18:28.861 [main] INFO  AV.BMS - obstacle distance 1801 currenttime 1982.0
inside
01:18:29.364 [main] INFO  AV.BMS - obstacle distance 1800 currenttime 1992.0
inside
01:18:29.869 [main] INFO  AV.BMS - obstacle distance 1799 currenttime 2002.0
inside
01:18:30.376 [main] INFO  AV.BMS - obstacle distance 1798 currenttime 2012.0
inside
01:18:30.848 [main] INFO  AV.BMS - obstacle distance 1797 currenttime 2022.0
inside
01:18:31.350 [main] INFO  AV.BMS - obstacle distance 1796 currenttime 2032.0
inside
01:18:31.837 [main] INFO  AV.BMS - obstacle distance 1795 currenttime 2042.0
inside
01:18:32.314 [main] INFO  AV.BMS - obstacle distance 1794 currenttime 2052.0
inside
01:18:32.823 [main] INFO  AV.BMS - obstacle distance 1793 currenttime 2062.0
inside
01:18:33.308 [main] INFO  AV.BMS - obstacle distance 1792 currenttime 2072.0
inside
01:18:33.799 [main] INFO  AV.BMS - obstacle distance 1791 currenttime 2082.0
inside
01:18:34.296 [main] INFO  AV.BMS - obstacle distance 1790 currenttime 2092.0
inside
01:18:34.787 [main] INFO  AV.BMS - obstacle distance 1789 currenttime 2102.0
inside
01:18:35.255 [main] INFO  AV.BMS - obstacle distance 1788 currenttime 2112.0
inside
01:18:35.739 [main] INFO  AV.BMS - obstacle distance 1787 currenttime 2122.0
inside
01:18:36.203 [main] INFO  AV.BMS - obstacle distance 1786 currenttime 2132.0
inside
01:18:36.691 [main] INFO  AV.BMS - obstacle distance 1785 currenttime 2142.0
inside
01:18:37.215 [main] INFO  AV.BMS - obstacle distance 1784 currenttime 2152.0
inside
01:18:37.784 [main] INFO  AV.BMS - obstacle distance 1783 currenttime 2162.0
inside
01:18:38.250 [main] INFO  AV.BMS - obstacle distance 1782 currenttime 2172.0
inside
01:18:38.740 [main] INFO  AV.BMS - obstacle distance 1781 currenttime 2182.0
inside
01:18:39.284 [main] INFO  AV.BMS - obstacle distance 1780 currenttime 2192.0
inside
01:18:39.762 [main] INFO  AV.BMS - obstacle distance 1779 currenttime 2202.0
inside
01:18:40.271 [main] INFO  AV.BMS - obstacle distance 1778 currenttime 2212.0
inside
01:18:40.778 [main] INFO  AV.BMS - obstacle distance 1777 currenttime 2222.0
inside
01:18:41.284 [main] INFO  AV.BMS - obstacle distance 1776 currenttime 2232.0
inside
01:18:41.782 [main] INFO  AV.BMS - obstacle distance 1775 currenttime 2242.0
inside
01:18:42.272 [main] INFO  AV.BMS - obstacle distance 1774 currenttime 2252.0
inside
01:18:42.797 [main] INFO  AV.BMS - obstacle distance 1773 currenttime 2262.0
inside
01:18:43.303 [main] INFO  AV.BMS - obstacle distance 1772 currenttime 2272.0
inside
01:18:43.799 [main] INFO  AV.BMS - obstacle distance 1771 currenttime 2282.0
inside
01:18:44.336 [main] INFO  AV.BMS - obstacle distance 1770 currenttime 2292.0
inside
01:18:44.818 [main] INFO  AV.BMS - obstacle distance 1769 currenttime 2302.0
inside
01:18:45.293 [main] INFO  AV.BMS - obstacle distance 1768 currenttime 2312.0
inside
01:18:45.801 [main] INFO  AV.BMS - obstacle distance 1767 currenttime 2322.0
inside
01:18:46.317 [main] INFO  AV.BMS - obstacle distance 1766 currenttime 2332.0
inside
01:18:46.801 [main] INFO  AV.BMS - obstacle distance 1765 currenttime 2342.0
inside
01:18:47.331 [main] INFO  AV.BMS - obstacle distance 1764 currenttime 2352.0
inside
01:18:47.814 [main] INFO  AV.BMS - obstacle distance 1763 currenttime 2362.0
inside
01:18:48.334 [main] INFO  AV.BMS - obstacle distance 1762 currenttime 2372.0
inside
01:18:48.835 [main] INFO  AV.BMS - obstacle distance 1761 currenttime 2382.0
inside
01:18:49.358 [main] INFO  AV.BMS - obstacle distance 1760 currenttime 2392.0
inside
01:18:49.994 [main] INFO  AV.BMS - obstacle distance 1759 currenttime 2402.0
inside
01:18:50.501 [main] INFO  AV.BMS - obstacle distance 1758 currenttime 2412.0
inside
01:18:51.008 [main] INFO  AV.BMS - obstacle distance 1757 currenttime 2422.0
inside
01:18:51.545 [main] INFO  AV.BMS - obstacle distance 1756 currenttime 2432.0
inside
01:18:52.051 [main] INFO  AV.BMS - obstacle distance 1755 currenttime 2442.0
inside
01:18:52.543 [main] INFO  AV.BMS - obstacle distance 1754 currenttime 2452.0
inside
01:18:53.047 [main] INFO  AV.BMS - obstacle distance 1753 currenttime 2462.0
inside
01:18:53.523 [main] INFO  AV.BMS - obstacle distance 1752 currenttime 2472.0
inside
01:18:54.022 [main] INFO  AV.BMS - obstacle distance 1751 currenttime 2482.0
inside
01:18:54.524 [main] INFO  AV.BMS - obstacle distance 1750 currenttime 2492.0
inside
01:18:55.039 [main] INFO  AV.BMS - obstacle distance 1749 currenttime 2502.0
inside
01:18:55.551 [main] INFO  AV.BMS - obstacle distance 1748 currenttime 2512.0
inside
01:18:56.019 [main] INFO  AV.BMS - obstacle distance 1747 currenttime 2522.0
inside
01:18:56.519 [main] INFO  AV.BMS - obstacle distance 1746 currenttime 2532.0
inside
01:18:57.033 [main] INFO  AV.BMS - obstacle distance 1745 currenttime 2542.0
inside
01:18:57.521 [main] INFO  AV.BMS - obstacle distance 1744 currenttime 2552.0
inside
01:18:58.061 [main] INFO  AV.BMS - obstacle distance 1743 currenttime 2562.0
inside
01:18:58.571 [main] INFO  AV.BMS - obstacle distance 1742 currenttime 2572.0
inside
01:18:59.087 [main] INFO  AV.BMS - obstacle distance 1741 currenttime 2582.0
inside
01:18:59.600 [main] INFO  AV.BMS - obstacle distance 1740 currenttime 2592.0
inside
01:19:00.095 [main] INFO  AV.BMS - obstacle distance 1739 currenttime 2602.0
inside
01:19:00.620 [main] INFO  AV.BMS - obstacle distance 1738 currenttime 2612.0
inside
01:19:01.102 [main] INFO  AV.BMS - obstacle distance 1737 currenttime 2622.0
inside
01:19:01.605 [main] INFO  AV.BMS - obstacle distance 1736 currenttime 2632.0
inside
01:19:02.119 [main] INFO  AV.BMS - obstacle distance 1735 currenttime 2642.0
inside
01:19:02.633 [main] INFO  AV.BMS - obstacle distance 1734 currenttime 2652.0
inside
01:19:03.132 [main] INFO  AV.BMS - obstacle distance 1733 currenttime 2662.0
inside
01:19:03.644 [main] INFO  AV.BMS - obstacle distance 1732 currenttime 2672.0
inside
01:19:04.156 [main] INFO  AV.BMS - obstacle distance 1731 currenttime 2682.0
inside
01:19:04.655 [main] INFO  AV.BMS - obstacle distance 1730 currenttime 2692.0
inside
01:19:05.140 [main] INFO  AV.BMS - obstacle distance 1729 currenttime 2702.0
inside
01:19:05.636 [main] INFO  AV.BMS - obstacle distance 1728 currenttime 2712.0
inside
01:19:06.136 [main] INFO  AV.BMS - obstacle distance 1727 currenttime 2722.0
inside
01:19:06.644 [main] INFO  AV.BMS - obstacle distance 1726 currenttime 2732.0
inside
01:19:07.157 [main] INFO  AV.BMS - obstacle distance 1725 currenttime 2742.0
inside
01:19:07.648 [main] INFO  AV.BMS - obstacle distance 1724 currenttime 2752.0
inside
01:19:08.140 [main] INFO  AV.BMS - obstacle distance 1723 currenttime 2762.0
inside
01:19:08.644 [main] INFO  AV.BMS - obstacle distance 1722 currenttime 2772.0
inside
01:19:09.153 [main] INFO  AV.BMS - obstacle distance 1721 currenttime 2782.0
inside
01:19:09.636 [main] INFO  AV.BMS - obstacle distance 1720 currenttime 2792.0
inside
01:19:10.111 [main] INFO  AV.BMS - obstacle distance 1719 currenttime 2802.0
inside
01:19:10.602 [main] INFO  AV.BMS - obstacle distance 1718 currenttime 2812.0
inside
01:19:11.083 [main] INFO  AV.BMS - obstacle distance 1717 currenttime 2822.0
inside
01:19:11.587 [main] INFO  AV.BMS - obstacle distance 1716 currenttime 2832.0
inside
01:19:12.277 [main] INFO  AV.BMS - obstacle distance 1715 currenttime 2842.0
inside
01:19:12.724 [main] INFO  AV.BMS - obstacle distance 1714 currenttime 2852.0
inside
01:19:13.227 [main] INFO  AV.BMS - obstacle distance 1713 currenttime 2862.0
inside
01:19:13.704 [main] INFO  AV.BMS - obstacle distance 1712 currenttime 2872.0
inside
01:19:14.207 [main] INFO  AV.BMS - obstacle distance 1711 currenttime 2882.0
inside
01:19:14.705 [main] INFO  AV.BMS - obstacle distance 1710 currenttime 2892.0
inside
01:19:15.208 [main] INFO  AV.BMS - obstacle distance 1709 currenttime 2902.0
inside
01:19:15.708 [main] INFO  AV.BMS - obstacle distance 1708 currenttime 2912.0
inside
01:19:16.214 [main] INFO  AV.BMS - obstacle distance 1707 currenttime 2922.0
inside
01:19:16.710 [main] INFO  AV.BMS - obstacle distance 1706 currenttime 2932.0
inside
01:19:17.234 [main] INFO  AV.BMS - obstacle distance 1705 currenttime 2942.0
inside
01:19:17.721 [main] INFO  AV.BMS - obstacle distance 1704 currenttime 2952.0
inside
01:19:18.192 [main] INFO  AV.BMS - obstacle distance 1703 currenttime 2962.0
inside
01:19:18.709 [main] INFO  AV.BMS - obstacle distance 1702 currenttime 2972.0
inside
01:19:19.193 [main] INFO  AV.BMS - obstacle distance 1701 currenttime 2982.0
inside
01:19:19.719 [main] INFO  AV.BMS - obstacle distance 1700 currenttime 2992.0
inside
01:19:20.220 [main] INFO  AV.BMS - obstacle distance 1699 currenttime 3002.0
inside
01:19:20.724 [main] INFO  AV.BMS - obstacle distance 1698 currenttime 3012.0
inside
01:19:21.194 [main] INFO  AV.BMS - obstacle distance 1697 currenttime 3022.0
inside
01:19:21.705 [main] INFO  AV.BMS - obstacle distance 1696 currenttime 3032.0
inside
01:19:22.202 [main] INFO  AV.BMS - obstacle distance 1695 currenttime 3042.0
inside
01:19:22.691 [main] INFO  AV.BMS - obstacle distance 1694 currenttime 3052.0
inside
01:19:23.212 [main] INFO  AV.BMS - obstacle distance 1693 currenttime 3062.0
inside
01:19:23.719 [main] INFO  AV.BMS - obstacle distance 1692 currenttime 3072.0
inside
01:19:24.213 [main] INFO  AV.BMS - obstacle distance 1691 currenttime 3082.0
inside
01:19:24.706 [main] INFO  AV.BMS - obstacle distance 1690 currenttime 3092.0
inside
01:19:25.163 [main] INFO  AV.BMS - obstacle distance 1689 currenttime 3102.0
inside
01:19:25.643 [main] INFO  AV.BMS - obstacle distance 1688 currenttime 3112.0
inside
01:19:26.176 [main] INFO  AV.BMS - obstacle distance 1687 currenttime 3122.0
inside
01:19:26.663 [main] INFO  AV.BMS - obstacle distance 1686 currenttime 3132.0
inside
01:19:27.182 [main] INFO  AV.BMS - obstacle distance 1685 currenttime 3142.0
inside
01:19:27.697 [main] INFO  AV.BMS - obstacle distance 1684 currenttime 3152.0
inside
01:19:28.203 [main] INFO  AV.BMS - obstacle distance 1683 currenttime 3162.0
inside
01:19:28.715 [main] INFO  AV.BMS - obstacle distance 1682 currenttime 3172.0
inside
01:19:29.221 [main] INFO  AV.BMS - obstacle distance 1681 currenttime 3182.0
inside
01:19:29.737 [main] INFO  AV.BMS - obstacle distance 1680 currenttime 3192.0
inside
01:19:30.232 [main] INFO  AV.BMS - obstacle distance 1679 currenttime 3202.0
inside
01:19:30.763 [main] INFO  AV.BMS - obstacle distance 1678 currenttime 3212.0
inside
01:19:31.246 [main] INFO  AV.BMS - obstacle distance 1677 currenttime 3222.0
inside
01:19:31.753 [main] INFO  AV.BMS - obstacle distance 1676 currenttime 3232.0
inside
01:19:32.257 [main] INFO  AV.BMS - obstacle distance 1675 currenttime 3242.0
inside
01:19:32.761 [main] INFO  AV.BMS - obstacle distance 1674 currenttime 3252.0
inside
01:19:33.261 [main] INFO  AV.BMS - obstacle distance 1673 currenttime 3262.0
inside
01:19:33.769 [main] INFO  AV.BMS - obstacle distance 1672 currenttime 3272.0
inside
01:19:34.291 [main] INFO  AV.BMS - obstacle distance 1671 currenttime 3282.0
inside
01:19:34.806 [main] INFO  AV.BMS - obstacle distance 1670 currenttime 3292.0
inside
01:19:35.288 [main] INFO  AV.BMS - obstacle distance 1669 currenttime 3302.0
inside
01:19:35.794 [main] INFO  AV.BMS - obstacle distance 1668 currenttime 3312.0
inside
01:19:36.315 [main] INFO  AV.BMS - obstacle distance 1667 currenttime 3322.0
inside
01:19:37.063 [main] INFO  AV.BMS - obstacle distance 1666 currenttime 3332.0
inside
01:19:37.531 [main] INFO  AV.BMS - obstacle distance 1665 currenttime 3342.0
inside
01:19:37.996 [main] INFO  AV.BMS - obstacle distance 1664 currenttime 3352.0
inside
01:19:38.475 [main] INFO  AV.BMS - obstacle distance 1663 currenttime 3362.0
inside
01:19:38.974 [main] INFO  AV.BMS - obstacle distance 1662 currenttime 3372.0
inside
01:19:39.453 [main] INFO  AV.BMS - obstacle distance 1661 currenttime 3382.0
inside
01:19:39.923 [main] INFO  AV.BMS - obstacle distance 1660 currenttime 3392.0
inside
01:19:40.411 [main] INFO  AV.BMS - obstacle distance 1659 currenttime 3402.0
inside
01:19:40.923 [main] INFO  AV.BMS - obstacle distance 1658 currenttime 3412.0
inside
01:19:41.400 [main] INFO  AV.BMS - obstacle distance 1657 currenttime 3422.0
inside
01:19:41.907 [main] INFO  AV.BMS - obstacle distance 1656 currenttime 3432.0
inside
01:19:42.400 [main] INFO  AV.BMS - obstacle distance 1655 currenttime 3442.0
inside
01:19:42.895 [main] INFO  AV.BMS - obstacle distance 1654 currenttime 3452.0
inside
01:19:43.386 [main] INFO  AV.BMS - obstacle distance 1653 currenttime 3462.0
inside
01:19:43.931 [main] INFO  AV.BMS - obstacle distance 1652 currenttime 3472.0
inside
01:19:44.436 [main] INFO  AV.BMS - obstacle distance 1651 currenttime 3482.0
inside
01:19:44.951 [main] INFO  AV.BMS - obstacle distance 1650 currenttime 3492.0
inside
01:19:45.460 [main] INFO  AV.BMS - obstacle distance 1649 currenttime 3502.0
inside
01:19:45.959 [main] INFO  AV.BMS - obstacle distance 1648 currenttime 3512.0
inside
01:19:46.457 [main] INFO  AV.BMS - obstacle distance 1647 currenttime 3522.0
inside
01:19:46.953 [main] INFO  AV.BMS - obstacle distance 1646 currenttime 3532.0
inside
01:19:47.472 [main] INFO  AV.BMS - obstacle distance 1645 currenttime 3542.0
inside
01:19:47.993 [main] INFO  AV.BMS - obstacle distance 1644 currenttime 3552.0
inside
01:19:48.456 [main] INFO  AV.BMS - obstacle distance 1643 currenttime 3562.0
inside
01:19:48.959 [main] INFO  AV.BMS - obstacle distance 1642 currenttime 3572.0
inside
01:19:49.483 [main] INFO  AV.BMS - obstacle distance 1641 currenttime 3582.0
inside
01:19:49.942 [main] INFO  AV.BMS - obstacle distance 1640 currenttime 3592.0
inside
01:19:50.402 [main] INFO  AV.BMS - obstacle distance 1639 currenttime 3602.0
inside
01:19:50.885 [main] INFO  AV.BMS - obstacle distance 1638 currenttime 3612.0
inside
01:19:51.398 [main] INFO  AV.BMS - obstacle distance 1637 currenttime 3622.0
inside
01:19:51.909 [main] INFO  AV.BMS - obstacle distance 1636 currenttime 3632.0
inside
01:19:52.422 [main] INFO  AV.BMS - obstacle distance 1635 currenttime 3642.0
inside
01:19:52.929 [main] INFO  AV.BMS - obstacle distance 1634 currenttime 3652.0
inside
01:19:53.444 [main] INFO  AV.BMS - obstacle distance 1633 currenttime 3662.0
inside
01:19:53.963 [main] INFO  AV.BMS - obstacle distance 1632 currenttime 3672.0
inside
01:19:54.517 [main] INFO  AV.BMS - obstacle distance 1631 currenttime 3682.0
inside
01:19:55.016 [main] INFO  AV.BMS - obstacle distance 1630 currenttime 3692.0
inside
01:19:55.523 [main] INFO  AV.BMS - obstacle distance 1629 currenttime 3702.0
inside
01:19:56.003 [main] INFO  AV.BMS - obstacle distance 1628 currenttime 3712.0
inside
01:19:56.557 [main] INFO  AV.BMS - obstacle distance 1627 currenttime 3722.0
inside
01:19:57.089 [main] INFO  AV.BMS - obstacle distance 1626 currenttime 3732.0
inside
01:19:57.601 [main] INFO  AV.BMS - obstacle distance 1625 currenttime 3742.0
inside
01:19:58.109 [main] INFO  AV.BMS - obstacle distance 1624 currenttime 3752.0
inside
01:19:58.598 [main] INFO  AV.BMS - obstacle distance 1623 currenttime 3762.0
inside
01:19:59.112 [main] INFO  AV.BMS - obstacle distance 1622 currenttime 3772.0
inside
01:19:59.604 [main] INFO  AV.BMS - obstacle distance 1621 currenttime 3782.0
inside
01:20:00.093 [main] INFO  AV.BMS - obstacle distance 1620 currenttime 3792.0
inside
01:20:00.596 [main] INFO  AV.BMS - obstacle distance 1619 currenttime 3802.0
inside
01:20:01.132 [main] INFO  AV.BMS - obstacle distance 1618 currenttime 3812.0
inside
01:20:01.610 [main] INFO  AV.BMS - obstacle distance 1617 currenttime 3822.0
inside
01:20:02.355 [main] INFO  AV.BMS - obstacle distance 1616 currenttime 3832.0
inside
01:20:02.857 [main] INFO  AV.BMS - obstacle distance 1615 currenttime 3842.0
inside
01:20:03.358 [main] INFO  AV.BMS - obstacle distance 1614 currenttime 3852.0
inside
01:20:03.859 [main] INFO  AV.BMS - obstacle distance 1613 currenttime 3862.0
inside
01:20:04.358 [main] INFO  AV.BMS - obstacle distance 1612 currenttime 3872.0
inside
01:20:04.817 [main] INFO  AV.BMS - obstacle distance 1611 currenttime 3882.0
inside
01:20:05.334 [main] INFO  AV.BMS - obstacle distance 1610 currenttime 3892.0
inside
01:20:05.837 [main] INFO  AV.BMS - obstacle distance 1609 currenttime 3902.0
inside
01:20:06.327 [main] INFO  AV.BMS - obstacle distance 1608 currenttime 3912.0
inside
01:20:06.843 [main] INFO  AV.BMS - obstacle distance 1607 currenttime 3922.0
inside
01:20:07.344 [main] INFO  AV.BMS - obstacle distance 1606 currenttime 3932.0
inside
01:20:07.854 [main] INFO  AV.BMS - obstacle distance 1605 currenttime 3942.0
inside
01:20:08.347 [main] INFO  AV.BMS - obstacle distance 1604 currenttime 3952.0
inside
01:20:08.866 [main] INFO  AV.BMS - obstacle distance 1603 currenttime 3962.0
inside
01:20:09.396 [main] INFO  AV.BMS - obstacle distance 1602 currenttime 3972.0
inside
01:20:09.884 [main] INFO  AV.BMS - obstacle distance 1601 currenttime 3982.0
inside
01:20:10.352 [main] INFO  AV.BMS - obstacle distance 1600 currenttime 3992.0
inside
01:20:10.862 [main] INFO  AV.BMS - obstacle distance 1599 currenttime 4002.0
inside
01:20:11.365 [main] INFO  AV.BMS - obstacle distance 1598 currenttime 4012.0
inside
01:20:11.870 [main] INFO  AV.BMS - obstacle distance 1597 currenttime 4022.0
inside
01:20:12.275 [main] INFO  AV.BMS - obstacle distance 1596 currenttime 4032.0
inside
01:20:12.728 [main] INFO  AV.BMS - obstacle distance 1595 currenttime 4042.0
inside
01:20:13.250 [main] INFO  AV.BMS - obstacle distance 1594 currenttime 4052.0
inside
01:20:13.770 [main] INFO  AV.BMS - obstacle distance 1593 currenttime 4062.0
inside
01:20:14.283 [main] INFO  AV.BMS - obstacle distance 1592 currenttime 4072.0
inside
01:20:14.778 [main] INFO  AV.BMS - obstacle distance 1591 currenttime 4082.0
inside
01:20:15.288 [main] INFO  AV.BMS - obstacle distance 1590 currenttime 4092.0
inside
01:20:15.788 [main] INFO  AV.BMS - obstacle distance 1589 currenttime 4102.0
inside
01:20:16.270 [main] INFO  AV.BMS - obstacle distance 1588 currenttime 4112.0
inside
01:20:16.673 [main] INFO  AV.BMS - obstacle distance 1587 currenttime 4122.0
inside
01:20:17.189 [main] INFO  AV.BMS - obstacle distance 1586 currenttime 4132.0
inside
01:20:17.688 [main] INFO  AV.BMS - obstacle distance 1585 currenttime 4142.0
inside
01:20:18.216 [main] INFO  AV.BMS - obstacle distance 1584 currenttime 4152.0
inside
01:20:18.727 [main] INFO  AV.BMS - obstacle distance 1583 currenttime 4162.0
inside
01:20:19.218 [main] INFO  AV.BMS - obstacle distance 1582 currenttime 4172.0
inside
01:20:19.731 [main] INFO  AV.BMS - obstacle distance 1581 currenttime 4182.0
inside
01:20:20.222 [main] INFO  AV.BMS - obstacle distance 1580 currenttime 4192.0
inside
01:20:20.719 [main] INFO  AV.BMS - obstacle distance 1579 currenttime 4202.0
inside
01:20:21.197 [main] INFO  AV.BMS - obstacle distance 1578 currenttime 4212.0
inside
01:20:21.712 [main] INFO  AV.BMS - obstacle distance 1577 currenttime 4222.0
inside
01:20:22.226 [main] INFO  AV.BMS - obstacle distance 1576 currenttime 4232.0
inside
01:20:22.703 [main] INFO  AV.BMS - obstacle distance 1575 currenttime 4242.0
inside
01:20:23.220 [main] INFO  AV.BMS - obstacle distance 1574 currenttime 4252.0
inside
01:20:23.720 [main] INFO  AV.BMS - obstacle distance 1573 currenttime 4262.0
inside
01:20:24.195 [main] INFO  AV.BMS - obstacle distance 1572 currenttime 4272.0
inside
01:20:24.700 [main] INFO  AV.BMS - obstacle distance 1571 currenttime 4282.0
inside
01:20:25.257 [main] INFO  AV.BMS - obstacle distance 1570 currenttime 4292.0
inside
01:20:25.734 [main] INFO  AV.BMS - obstacle distance 1569 currenttime 4302.0
inside
01:20:26.165 [main] INFO  AV.BMS - obstacle distance 1568 currenttime 4312.0
inside
01:20:26.645 [main] INFO  AV.BMS - obstacle distance 1567 currenttime 4322.0
inside
01:20:27.189 [main] INFO  AV.BMS - obstacle distance 1566 currenttime 4332.0
inside
01:20:27.733 [main] INFO  AV.BMS - obstacle distance 1565 currenttime 4342.0
inside
01:20:28.222 [main] INFO  AV.BMS - obstacle distance 1564 currenttime 4352.0
inside
01:20:28.733 [main] INFO  AV.BMS - obstacle distance 1563 currenttime 4362.0
inside
01:20:29.217 [main] INFO  AV.BMS - obstacle distance 1562 currenttime 4372.0
inside
01:20:29.768 [main] INFO  AV.BMS - obstacle distance 1561 currenttime 4382.0
inside
01:20:30.256 [main] INFO  AV.BMS - obstacle distance 1560 currenttime 4392.0
inside
01:20:30.765 [main] INFO  AV.BMS - obstacle distance 1559 currenttime 4402.0
inside
01:20:31.573 [main] INFO  AV.BMS - obstacle distance 1558 currenttime 4412.0
inside
01:20:32.123 [main] INFO  AV.BMS - obstacle distance 1557 currenttime 4422.0
inside
01:20:32.614 [main] INFO  AV.BMS - obstacle distance 1556 currenttime 4432.0
inside
01:20:33.113 [main] INFO  AV.BMS - obstacle distance 1555 currenttime 4442.0
inside
01:20:33.600 [main] INFO  AV.BMS - obstacle distance 1554 currenttime 4452.0
inside
01:20:34.117 [main] INFO  AV.BMS - obstacle distance 1553 currenttime 4462.0
inside
01:20:34.630 [main] INFO  AV.BMS - obstacle distance 1552 currenttime 4472.0
inside
01:20:35.181 [main] INFO  AV.BMS - obstacle distance 1551 currenttime 4482.0
inside
01:20:35.656 [main] INFO  AV.BMS - obstacle distance 1550 currenttime 4492.0
inside
01:20:36.172 [main] INFO  AV.BMS - obstacle distance 1549 currenttime 4502.0
inside
01:20:36.678 [main] INFO  AV.BMS - obstacle distance 1548 currenttime 4512.0
inside
01:20:37.194 [main] INFO  AV.BMS - obstacle distance 1547 currenttime 4522.0
inside
01:20:37.696 [main] INFO  AV.BMS - obstacle distance 1546 currenttime 4532.0
inside
01:20:38.226 [main] INFO  AV.BMS - obstacle distance 1545 currenttime 4542.0
inside
01:20:38.733 [main] INFO  AV.BMS - obstacle distance 1544 currenttime 4552.0
inside
01:20:39.252 [main] INFO  AV.BMS - obstacle distance 1543 currenttime 4562.0
inside
01:20:39.794 [main] INFO  AV.BMS - obstacle distance 1542 currenttime 4572.0
inside
01:20:40.297 [main] INFO  AV.BMS - obstacle distance 1541 currenttime 4582.0
inside
01:20:40.825 [main] INFO  AV.BMS - obstacle distance 1540 currenttime 4592.0
inside
01:20:41.352 [main] INFO  AV.BMS - obstacle distance 1539 currenttime 4602.0
inside
01:20:41.872 [main] INFO  AV.BMS - obstacle distance 1538 currenttime 4612.0
inside
01:20:42.370 [main] INFO  AV.BMS - obstacle distance 1537 currenttime 4622.0
inside
01:20:42.874 [main] INFO  AV.BMS - obstacle distance 1536 currenttime 4632.0
inside
01:20:43.427 [main] INFO  AV.BMS - obstacle distance 1535 currenttime 4642.0
inside
01:20:43.930 [main] INFO  AV.BMS - obstacle distance 1534 currenttime 4652.0
inside
01:20:44.442 [main] INFO  AV.BMS - obstacle distance 1533 currenttime 4662.0
inside
01:20:44.940 [main] INFO  AV.BMS - obstacle distance 1532 currenttime 4672.0
inside
01:20:45.464 [main] INFO  AV.BMS - obstacle distance 1531 currenttime 4682.0
inside
01:20:45.970 [main] INFO  AV.BMS - obstacle distance 1530 currenttime 4692.0
inside
01:20:46.430 [main] INFO  AV.BMS - obstacle distance 1529 currenttime 4702.0
inside
01:20:46.932 [main] INFO  AV.BMS - obstacle distance 1528 currenttime 4712.0
inside
01:20:47.464 [main] INFO  AV.BMS - obstacle distance 1527 currenttime 4722.0
inside
01:20:47.966 [main] INFO  AV.BMS - obstacle distance 1526 currenttime 4732.0
inside
01:20:48.484 [main] INFO  AV.BMS - obstacle distance 1525 currenttime 4742.0
inside
01:20:48.965 [main] INFO  AV.BMS - obstacle distance 1524 currenttime 4752.0
inside
01:20:49.461 [main] INFO  AV.BMS - obstacle distance 1523 currenttime 4762.0
inside
01:20:49.965 [main] INFO  AV.BMS - obstacle distance 1522 currenttime 4772.0
inside
01:20:50.479 [main] INFO  AV.BMS - obstacle distance 1521 currenttime 4782.0
inside
01:20:50.968 [main] INFO  AV.BMS - obstacle distance 1520 currenttime 4792.0
inside
01:20:51.473 [main] INFO  AV.BMS - obstacle distance 1519 currenttime 4802.0
inside
01:20:51.983 [main] INFO  AV.BMS - obstacle distance 1518 currenttime 4812.0
inside
01:20:52.482 [main] INFO  AV.BMS - obstacle distance 1517 currenttime 4822.0
inside
01:20:52.992 [main] INFO  AV.BMS - obstacle distance 1516 currenttime 4832.0
inside
01:20:53.477 [main] INFO  AV.BMS - obstacle distance 1515 currenttime 4842.0
inside
01:20:53.928 [main] INFO  AV.BMS - obstacle distance 1514 currenttime 4852.0
inside
01:20:54.440 [main] INFO  AV.BMS - obstacle distance 1513 currenttime 4862.0
inside
01:20:54.921 [main] INFO  AV.BMS - obstacle distance 1512 currenttime 4872.0
inside
01:20:55.430 [main] INFO  AV.BMS - obstacle distance 1511 currenttime 4882.0
inside
01:20:55.948 [main] INFO  AV.BMS - obstacle distance 1510 currenttime 4892.0
inside
01:20:56.425 [main] INFO  AV.BMS - obstacle distance 1509 currenttime 4902.0
inside
01:20:56.918 [main] INFO  AV.BMS - obstacle distance 1508 currenttime 4912.0
inside
01:20:57.417 [main] INFO  AV.BMS - obstacle distance 1507 currenttime 4922.0
inside
01:20:57.964 [main] INFO  AV.BMS - obstacle distance 1506 currenttime 4932.0
inside
01:20:58.483 [main] INFO  AV.BMS - obstacle distance 1505 currenttime 4942.0
inside
01:20:58.981 [main] INFO  AV.BMS - obstacle distance 1504 currenttime 4952.0
inside
01:20:59.505 [main] INFO  AV.BMS - obstacle distance 1503 currenttime 4962.0
inside
01:21:00.202 [main] INFO  AV.BMS - obstacle distance 1502 currenttime 4972.0
inside
01:21:00.725 [main] INFO  AV.BMS - obstacle distance 1501 currenttime 4982.0
inside
01:21:01.225 [main] INFO  AV.BMS - obstacle distance 1500 currenttime 4992.0
inside
01:21:01.745 [main] INFO  AV.BMS - obstacle distance 1499 currenttime 5002.0
inside
01:21:02.257 [main] INFO  AV.BMS - obstacle distance 1498 currenttime 5012.0
inside
01:21:02.735 [main] INFO  AV.BMS - obstacle distance 1497 currenttime 5022.0
inside
01:21:03.243 [main] INFO  AV.BMS - obstacle distance 1496 currenttime 5032.0
inside
01:21:03.735 [main] INFO  AV.BMS - obstacle distance 1495 currenttime 5042.0
inside
01:21:04.227 [main] INFO  AV.BMS - obstacle distance 1494 currenttime 5052.0
inside
01:21:04.758 [main] INFO  AV.BMS - obstacle distance 1493 currenttime 5062.0
inside
01:21:05.284 [main] INFO  AV.BMS - obstacle distance 1492 currenttime 5072.0
inside
01:21:05.811 [main] INFO  AV.BMS - obstacle distance 1491 currenttime 5082.0
inside
01:21:06.292 [main] INFO  AV.BMS - obstacle distance 1490 currenttime 5092.0
inside
01:21:06.792 [main] INFO  AV.BMS - obstacle distance 1489 currenttime 5102.0
inside
01:21:07.285 [main] INFO  AV.BMS - obstacle distance 1488 currenttime 5112.0
inside
01:21:07.774 [main] INFO  AV.BMS - obstacle distance 1487 currenttime 5122.0
inside
01:21:08.292 [main] INFO  AV.BMS - obstacle distance 1486 currenttime 5132.0
inside
01:21:08.788 [main] INFO  AV.BMS - obstacle distance 1485 currenttime 5142.0
inside
01:21:09.292 [main] INFO  AV.BMS - obstacle distance 1484 currenttime 5152.0
inside
01:21:09.857 [main] INFO  AV.BMS - obstacle distance 1483 currenttime 5162.0
inside
01:21:10.345 [main] INFO  AV.BMS - obstacle distance 1482 currenttime 5172.0
inside
01:21:10.854 [main] INFO  AV.BMS - obstacle distance 1481 currenttime 5182.0
inside
01:21:11.370 [main] INFO  AV.BMS - obstacle distance 1480 currenttime 5192.0
inside
01:21:11.862 [main] INFO  AV.BMS - obstacle distance 1479 currenttime 5202.0
inside
01:21:12.345 [main] INFO  AV.BMS - obstacle distance 1478 currenttime 5212.0
inside
01:21:12.881 [main] INFO  AV.BMS - obstacle distance 1477 currenttime 5222.0
inside
01:21:13.406 [main] INFO  AV.BMS - obstacle distance 1476 currenttime 5232.0
inside
01:21:13.921 [main] INFO  AV.BMS - obstacle distance 1475 currenttime 5242.0
inside
01:21:14.403 [main] INFO  AV.BMS - obstacle distance 1474 currenttime 5252.0
inside
01:21:14.928 [main] INFO  AV.BMS - obstacle distance 1473 currenttime 5262.0
inside
01:21:15.416 [main] INFO  AV.BMS - obstacle distance 1472 currenttime 5272.0
inside
01:21:15.917 [main] INFO  AV.BMS - obstacle distance 1471 currenttime 5282.0
inside
01:21:16.415 [main] INFO  AV.BMS - obstacle distance 1470 currenttime 5292.0
inside
01:21:16.933 [main] INFO  AV.BMS - obstacle distance 1469 currenttime 5302.0
inside
01:21:17.411 [main] INFO  AV.BMS - obstacle distance 1468 currenttime 5312.0
inside
01:21:17.913 [main] INFO  AV.BMS - obstacle distance 1467 currenttime 5322.0
inside
01:21:18.433 [main] INFO  AV.BMS - obstacle distance 1466 currenttime 5332.0
inside
01:21:18.929 [main] INFO  AV.BMS - obstacle distance 1465 currenttime 5342.0
inside
01:21:19.418 [main] INFO  AV.BMS - obstacle distance 1464 currenttime 5352.0
inside
01:21:19.912 [main] INFO  AV.BMS - obstacle distance 1463 currenttime 5362.0
inside
01:21:20.421 [main] INFO  AV.BMS - obstacle distance 1462 currenttime 5372.0
inside
01:21:20.926 [main] INFO  AV.BMS - obstacle distance 1461 currenttime 5382.0
inside
01:21:21.421 [main] INFO  AV.BMS - obstacle distance 1460 currenttime 5392.0
inside
01:21:21.941 [main] INFO  AV.BMS - obstacle distance 1459 currenttime 5402.0
inside
01:21:22.425 [main] INFO  AV.BMS - obstacle distance 1458 currenttime 5412.0
inside
01:21:22.898 [main] INFO  AV.BMS - obstacle distance 1457 currenttime 5422.0
inside
01:21:23.397 [main] INFO  AV.BMS - obstacle distance 1456 currenttime 5432.0
inside
01:21:23.902 [main] INFO  AV.BMS - obstacle distance 1455 currenttime 5442.0
inside
01:21:24.418 [main] INFO  AV.BMS - obstacle distance 1454 currenttime 5452.0
inside
01:21:24.904 [main] INFO  AV.BMS - obstacle distance 1453 currenttime 5462.0
inside
01:21:25.397 [main] INFO  AV.BMS - obstacle distance 1452 currenttime 5472.0
inside
01:21:25.927 [main] INFO  AV.BMS - obstacle distance 1451 currenttime 5482.0
inside
01:21:26.408 [main] INFO  AV.BMS - obstacle distance 1450 currenttime 5492.0
inside
01:21:26.937 [main] INFO  AV.BMS - obstacle distance 1449 currenttime 5502.0
inside
01:21:27.430 [main] INFO  AV.BMS - obstacle distance 1448 currenttime 5512.0
inside
01:21:27.907 [main] INFO  AV.BMS - obstacle distance 1447 currenttime 5522.0
inside
01:21:28.395 [main] INFO  AV.BMS - obstacle distance 1446 currenttime 5532.0
inside
01:21:28.928 [main] INFO  AV.BMS - obstacle distance 1445 currenttime 5542.0
inside
01:21:29.430 [main] INFO  AV.BMS - obstacle distance 1444 currenttime 5552.0
inside
01:21:29.936 [main] INFO  AV.BMS - obstacle distance 1443 currenttime 5562.0
inside
01:21:30.429 [main] INFO  AV.BMS - obstacle distance 1442 currenttime 5572.0
inside
01:21:30.933 [main] INFO  AV.BMS - obstacle distance 1441 currenttime 5582.0
inside
01:21:31.444 [main] INFO  AV.BMS - obstacle distance 1440 currenttime 5592.0
inside
01:21:31.948 [main] INFO  AV.BMS - obstacle distance 1439 currenttime 5602.0
inside
01:21:32.467 [main] INFO  AV.BMS - obstacle distance 1438 currenttime 5612.0
inside
01:21:32.979 [main] INFO  AV.BMS - obstacle distance 1437 currenttime 5622.0
inside
01:21:33.761 [main] INFO  AV.BMS - obstacle distance 1436 currenttime 5632.0
inside
01:21:34.259 [main] INFO  AV.BMS - obstacle distance 1435 currenttime 5642.0
inside
01:21:34.733 [main] INFO  AV.BMS - obstacle distance 1434 currenttime 5652.0
inside
01:21:35.247 [main] INFO  AV.BMS - obstacle distance 1433 currenttime 5662.0
inside
01:21:35.762 [main] INFO  AV.BMS - obstacle distance 1432 currenttime 5672.0
inside
01:21:36.262 [main] INFO  AV.BMS - obstacle distance 1431 currenttime 5682.0
inside
01:21:36.753 [main] INFO  AV.BMS - obstacle distance 1430 currenttime 5692.0
inside
01:21:37.265 [main] INFO  AV.BMS - obstacle distance 1429 currenttime 5702.0
inside
01:21:37.775 [main] INFO  AV.BMS - obstacle distance 1428 currenttime 5712.0
inside
01:21:38.277 [main] INFO  AV.BMS - obstacle distance 1427 currenttime 5722.0
inside
01:21:38.773 [main] INFO  AV.BMS - obstacle distance 1426 currenttime 5732.0
inside
01:21:39.277 [main] INFO  AV.BMS - obstacle distance 1425 currenttime 5742.0
inside
01:21:39.769 [main] INFO  AV.BMS - obstacle distance 1424 currenttime 5752.0
inside
01:21:40.259 [main] INFO  AV.BMS - obstacle distance 1423 currenttime 5762.0
inside
01:21:40.760 [main] INFO  AV.BMS - obstacle distance 1422 currenttime 5772.0
inside
01:21:41.248 [main] INFO  AV.BMS - obstacle distance 1421 currenttime 5782.0
inside
01:21:41.751 [main] INFO  AV.BMS - obstacle distance 1420 currenttime 5792.0
inside
01:21:42.248 [main] INFO  AV.BMS - obstacle distance 1419 currenttime 5802.0
inside
01:21:42.755 [main] INFO  AV.BMS - obstacle distance 1418 currenttime 5812.0
inside
01:21:43.224 [main] INFO  AV.BMS - obstacle distance 1417 currenttime 5822.0
inside
01:21:43.681 [main] INFO  AV.BMS - obstacle distance 1416 currenttime 5832.0
inside
01:21:44.204 [main] INFO  AV.BMS - obstacle distance 1415 currenttime 5842.0
inside
01:21:44.701 [main] INFO  AV.BMS - obstacle distance 1414 currenttime 5852.0
inside
01:21:45.198 [main] INFO  AV.BMS - obstacle distance 1413 currenttime 5862.0
inside
01:21:45.740 [main] INFO  AV.BMS - obstacle distance 1412 currenttime 5872.0
inside
01:21:46.249 [main] INFO  AV.BMS - obstacle distance 1411 currenttime 5882.0
inside
01:21:46.745 [main] INFO  AV.BMS - obstacle distance 1410 currenttime 5892.0
inside
01:21:47.227 [main] INFO  AV.BMS - obstacle distance 1409 currenttime 5902.0
inside
01:21:47.530 [main] INFO  AV.BMS - obstacle distance 1408 currenttime 5912.0
inside
01:21:47.962 [main] INFO  AV.BMS - obstacle distance 1407 currenttime 5922.0
inside
01:21:48.436 [main] INFO  AV.BMS - obstacle distance 1406 currenttime 5932.0
inside
01:21:48.947 [main] INFO  AV.BMS - obstacle distance 1405 currenttime 5942.0
inside
01:21:49.439 [main] INFO  AV.BMS - obstacle distance 1404 currenttime 5952.0
inside
01:21:49.945 [main] INFO  AV.BMS - obstacle distance 1403 currenttime 5962.0
inside
01:21:50.448 [main] INFO  AV.BMS - obstacle distance 1402 currenttime 5972.0
inside
01:21:50.975 [main] INFO  AV.BMS - obstacle distance 1401 currenttime 5982.0
inside
01:21:51.458 [main] INFO  AV.BMS - obstacle distance 1400 currenttime 5992.0
inside
01:21:51.984 [main] INFO  AV.BMS - obstacle distance 1399 currenttime 6002.0
inside
01:21:52.488 [main] INFO  AV.BMS - obstacle distance 1398 currenttime 6012.0
inside
01:21:53.002 [main] INFO  AV.BMS - obstacle distance 1397 currenttime 6022.0
inside
01:21:53.520 [main] INFO  AV.BMS - obstacle distance 1396 currenttime 6032.0
inside
01:21:54.040 [main] INFO  AV.BMS - obstacle distance 1395 currenttime 6042.0
inside
01:21:54.572 [main] INFO  AV.BMS - obstacle distance 1394 currenttime 6052.0
inside
01:21:55.076 [main] INFO  AV.BMS - obstacle distance 1393 currenttime 6062.0
inside
01:21:55.537 [main] INFO  AV.BMS - obstacle distance 1392 currenttime 6072.0
inside
01:21:56.027 [main] INFO  AV.BMS - obstacle distance 1391 currenttime 6082.0
inside
01:21:56.498 [main] INFO  AV.BMS - obstacle distance 1390 currenttime 6092.0
inside
01:21:56.991 [main] INFO  AV.BMS - obstacle distance 1389 currenttime 6102.0
inside
01:21:57.488 [main] INFO  AV.BMS - obstacle distance 1388 currenttime 6112.0
inside
01:21:58.033 [main] INFO  AV.BMS - obstacle distance 1387 currenttime 6122.0
inside
01:21:58.503 [main] INFO  AV.BMS - obstacle distance 1386 currenttime 6132.0
inside
01:21:58.989 [main] INFO  AV.BMS - obstacle distance 1385 currenttime 6142.0
inside
01:21:59.512 [main] INFO  AV.BMS - obstacle distance 1384 currenttime 6152.0
inside
01:22:00.026 [main] INFO  AV.BMS - obstacle distance 1383 currenttime 6162.0
inside
01:22:00.537 [main] INFO  AV.BMS - obstacle distance 1382 currenttime 6172.0
inside
01:22:01.021 [main] INFO  AV.BMS - obstacle distance 1381 currenttime 6182.0
inside
01:22:01.505 [main] INFO  AV.BMS - obstacle distance 1380 currenttime 6192.0
inside
01:22:02.019 [main] INFO  AV.BMS - obstacle distance 1379 currenttime 6202.0
inside
01:22:02.503 [main] INFO  AV.BMS - obstacle distance 1378 currenttime 6212.0
inside
01:22:02.994 [main] INFO  AV.BMS - obstacle distance 1377 currenttime 6222.0
inside
01:22:03.503 [main] INFO  AV.BMS - obstacle distance 1376 currenttime 6232.0
inside
01:22:04.005 [main] INFO  AV.BMS - obstacle distance 1375 currenttime 6242.0
inside
01:22:04.507 [main] INFO  AV.BMS - obstacle distance 1374 currenttime 6252.0
inside
01:22:04.970 [main] INFO  AV.BMS - obstacle distance 1373 currenttime 6262.0
inside
01:22:05.455 [main] INFO  AV.BMS - obstacle distance 1372 currenttime 6272.0
inside
01:22:05.943 [main] INFO  AV.BMS - obstacle distance 1371 currenttime 6282.0
inside
01:22:06.626 [main] INFO  AV.BMS - obstacle distance 1370 currenttime 6292.0
inside
01:22:07.135 [main] INFO  AV.BMS - obstacle distance 1369 currenttime 6302.0
inside
01:22:07.623 [main] INFO  AV.BMS - obstacle distance 1368 currenttime 6312.0
inside
01:22:08.112 [main] INFO  AV.BMS - obstacle distance 1367 currenttime 6322.0
inside
01:22:08.652 [main] INFO  AV.BMS - obstacle distance 1366 currenttime 6332.0
inside
01:22:09.141 [main] INFO  AV.BMS - obstacle distance 1365 currenttime 6342.0
inside
01:22:09.647 [main] INFO  AV.BMS - obstacle distance 1364 currenttime 6352.0
inside
01:22:10.163 [main] INFO  AV.BMS - obstacle distance 1363 currenttime 6362.0
inside
01:22:10.674 [main] INFO  AV.BMS - obstacle distance 1362 currenttime 6372.0
inside
01:22:11.185 [main] INFO  AV.BMS - obstacle distance 1361 currenttime 6382.0
inside
01:22:11.687 [main] INFO  AV.BMS - obstacle distance 1360 currenttime 6392.0
01:22:12.149 [main] INFO  org.cpswt.hla.SynchronizedFederate - BMS-b5964f89-cfd4-4e9f-b240-255c1b46b817: SimEnd interaction received, exiting...
01:22:12.150 [main] INFO  org.cpswt.hla.SynchronizedFederate - Exiting gracefully ....
