
-------------------------------------------------------------------
GMS: address=vagrant-43192, cluster=AV, physical address=10.0.2.15:44324
-------------------------------------------------------------------
02:51:25.127 [main] INFO  AV.BMS - waiting on readyToPopulate...
02:51:56.441 [main] INFO  AV.BMS - ...synchronized on readyToPopulate
02:51:56.441 [main] INFO  AV.BMS - waiting on readyToRun...
02:51:56.699 [main] INFO  AV.BMS - ...synchronized on readyToRun
02:51:56.702 [main] INFO  AV.BMS - started logical time progression
inside
02:51:56.705 [main] INFO  AV.BMS - obstacle distance 1999 currenttime 0.0
02:51:56.707 [main] INFO  AV.BMS -  OSD 00 currentime 0.0
inside
02:51:58.749 [main] INFO  AV.BMS - obstacle distance 1998 currenttime 20.0
02:51:58.750 [main] INFO  AV.BMS -  OSD 00 currentime 20.0
inside
02:52:00.082 [main] INFO  AV.BMS - obstacle distance 1997 currenttime 40.0
02:52:00.083 [main] INFO  AV.BMS -  OSD 00 currentime 40.0
inside
02:52:01.211 [main] INFO  AV.BMS - obstacle distance 1996 currenttime 60.0
02:52:01.213 [main] INFO  AV.BMS -  OSD 00 currentime 60.0
inside
02:52:02.414 [main] INFO  AV.BMS - obstacle distance 1995 currenttime 80.0
02:52:02.417 [main] INFO  AV.BMS -  OSD 00 currentime 80.0
inside
02:52:03.793 [main] INFO  AV.BMS - obstacle distance 1994 currenttime 100.0
02:52:03.795 [main] INFO  AV.BMS -  OSD 00 currentime 100.0
inside
02:52:04.989 [main] INFO  AV.BMS - obstacle distance 1993 currenttime 120.0
02:52:04.989 [main] INFO  AV.BMS -  OSD 00 currentime 120.0
inside
02:52:06.145 [main] INFO  AV.BMS - obstacle distance 1992 currenttime 140.0
02:52:06.146 [main] INFO  AV.BMS -  OSD 00 currentime 140.0
inside
02:52:07.315 [main] INFO  AV.BMS - obstacle distance 1991 currenttime 160.0
02:52:07.317 [main] INFO  AV.BMS -  OSD 00 currentime 160.0
inside
02:52:08.366 [main] INFO  AV.BMS - obstacle distance 1990 currenttime 180.0
02:52:08.374 [main] INFO  AV.BMS -  OSD 00 currentime 180.0
inside
02:52:10.102 [main] INFO  AV.BMS - obstacle distance 1989 currenttime 200.0
02:52:10.103 [main] INFO  AV.BMS -  OSD 00 currentime 200.0
inside
02:52:11.184 [main] INFO  AV.BMS - obstacle distance 1988 currenttime 220.0
02:52:11.185 [main] INFO  AV.BMS -  OSD 00 currentime 220.0
inside
02:52:12.257 [main] INFO  AV.BMS - obstacle distance 1987 currenttime 240.0
02:52:12.258 [main] INFO  AV.BMS -  OSD 00 currentime 240.0
inside
02:52:13.313 [main] INFO  AV.BMS - obstacle distance 1986 currenttime 260.0
02:52:13.314 [main] INFO  AV.BMS -  OSD 00 currentime 260.0
inside
02:52:14.346 [main] INFO  AV.BMS - obstacle distance 1985 currenttime 280.0
02:52:14.347 [main] INFO  AV.BMS -  OSD 00 currentime 280.0
inside
02:52:15.539 [main] INFO  AV.BMS - obstacle distance 1984 currenttime 300.0
02:52:15.540 [main] INFO  AV.BMS -  OSD 00 currentime 300.0
inside
02:52:16.516 [main] INFO  AV.BMS - obstacle distance 1983 currenttime 320.0
02:52:16.517 [main] INFO  AV.BMS -  OSD 00 currentime 320.0
inside
02:52:17.561 [main] INFO  AV.BMS - obstacle distance 1982 currenttime 340.0
02:52:17.562 [main] INFO  AV.BMS -  OSD 00 currentime 340.0
inside
02:52:18.657 [main] INFO  AV.BMS - obstacle distance 1981 currenttime 360.0
02:52:18.662 [main] INFO  AV.BMS -  OSD 00 currentime 360.0
inside
02:52:19.729 [main] INFO  AV.BMS - obstacle distance 1980 currenttime 380.0
02:52:19.730 [main] INFO  AV.BMS -  OSD 00 currentime 380.0
inside
02:52:20.739 [main] INFO  AV.BMS - obstacle distance 1979 currenttime 400.0
02:52:20.741 [main] INFO  AV.BMS -  OSD 00 currentime 400.0
inside
02:52:21.732 [main] INFO  AV.BMS - obstacle distance 1978 currenttime 420.0
02:52:21.733 [main] INFO  AV.BMS -  OSD 00 currentime 420.0
inside
02:52:22.724 [main] INFO  AV.BMS - obstacle distance 1977 currenttime 440.0
02:52:22.725 [main] INFO  AV.BMS -  OSD 00 currentime 440.0
inside
02:52:23.770 [main] INFO  AV.BMS - obstacle distance 1976 currenttime 460.0
02:52:23.773 [main] INFO  AV.BMS -  OSD 00 currentime 460.0
inside
02:52:24.777 [main] INFO  AV.BMS - obstacle distance 1975 currenttime 480.0
02:52:24.778 [main] INFO  AV.BMS -  OSD 00 currentime 480.0
inside
02:52:25.791 [main] INFO  AV.BMS - obstacle distance 1974 currenttime 500.0
02:52:25.796 [main] INFO  AV.BMS -  OSD 00 currentime 500.0
inside
02:52:26.767 [main] INFO  AV.BMS - obstacle distance 1973 currenttime 520.0
02:52:26.777 [main] INFO  AV.BMS -  OSD 00 currentime 520.0
inside
02:52:27.768 [main] INFO  AV.BMS - obstacle distance 1972 currenttime 540.0
02:52:27.769 [main] INFO  AV.BMS -  OSD 00 currentime 540.0
inside
02:52:28.739 [main] INFO  AV.BMS - obstacle distance 1971 currenttime 560.0
02:52:28.740 [main] INFO  AV.BMS -  OSD 00 currentime 560.0
inside
02:52:29.721 [main] INFO  AV.BMS - obstacle distance 1970 currenttime 580.0
02:52:29.722 [main] INFO  AV.BMS -  OSD 00 currentime 580.0
inside
02:52:30.867 [main] INFO  AV.BMS - obstacle distance 1969 currenttime 600.0
02:52:30.868 [main] INFO  AV.BMS -  OSD 00 currentime 600.0
inside
02:52:31.873 [main] INFO  AV.BMS - obstacle distance 1968 currenttime 620.0
02:52:31.878 [main] INFO  AV.BMS -  OSD 00 currentime 620.0
inside
02:52:32.861 [main] INFO  AV.BMS - obstacle distance 1967 currenttime 640.0
02:52:32.862 [main] INFO  AV.BMS -  OSD 00 currentime 640.0
inside
02:52:33.853 [main] INFO  AV.BMS - obstacle distance 1966 currenttime 660.0
02:52:33.854 [main] INFO  AV.BMS -  OSD 00 currentime 660.0
inside
02:52:34.849 [main] INFO  AV.BMS - obstacle distance 1965 currenttime 680.0
02:52:34.850 [main] INFO  AV.BMS -  OSD 00 currentime 680.0
inside
02:52:35.852 [main] INFO  AV.BMS - obstacle distance 1964 currenttime 700.0
02:52:35.853 [main] INFO  AV.BMS -  OSD 00 currentime 700.0
inside
02:52:36.839 [main] INFO  AV.BMS - obstacle distance 1963 currenttime 720.0
02:52:36.840 [main] INFO  AV.BMS -  OSD 00 currentime 720.0
inside
02:52:37.902 [main] INFO  AV.BMS - obstacle distance 1962 currenttime 740.0
02:52:37.903 [main] INFO  AV.BMS -  OSD 00 currentime 740.0
inside
02:52:38.910 [main] INFO  AV.BMS - obstacle distance 1961 currenttime 760.0
02:52:38.911 [main] INFO  AV.BMS -  OSD 00 currentime 760.0
inside
02:52:39.945 [main] INFO  AV.BMS - obstacle distance 1960 currenttime 780.0
02:52:39.946 [main] INFO  AV.BMS -  OSD 00 currentime 780.0
inside
02:52:40.951 [main] INFO  AV.BMS - obstacle distance 1959 currenttime 800.0
02:52:40.951 [main] INFO  AV.BMS -  OSD 00 currentime 800.0
inside
02:52:41.935 [main] INFO  AV.BMS - obstacle distance 1958 currenttime 820.0
02:52:41.935 [main] INFO  AV.BMS -  OSD 00 currentime 820.0
inside
02:52:42.977 [main] INFO  AV.BMS - obstacle distance 1957 currenttime 840.0
02:52:42.978 [main] INFO  AV.BMS -  OSD 00 currentime 840.0
inside
02:52:44.176 [main] INFO  AV.BMS - obstacle distance 1956 currenttime 860.0
02:52:44.177 [main] INFO  AV.BMS -  OSD 00 currentime 860.0
inside
02:52:45.207 [main] INFO  AV.BMS - obstacle distance 1955 currenttime 880.0
02:52:45.208 [main] INFO  AV.BMS -  OSD 00 currentime 880.0
inside
02:52:46.221 [main] INFO  AV.BMS - obstacle distance 1954 currenttime 900.0
02:52:46.225 [main] INFO  AV.BMS -  OSD 00 currentime 900.0
inside
02:52:47.227 [main] INFO  AV.BMS - obstacle distance 1953 currenttime 920.0
02:52:47.228 [main] INFO  AV.BMS -  OSD 00 currentime 920.0
inside
02:52:48.227 [main] INFO  AV.BMS - obstacle distance 1952 currenttime 940.0
02:52:48.230 [main] INFO  AV.BMS -  OSD 00 currentime 940.0
inside
02:52:49.202 [main] INFO  AV.BMS - obstacle distance 1951 currenttime 960.0
02:52:49.203 [main] INFO  AV.BMS -  OSD 00 currentime 960.0
inside
02:52:50.204 [main] INFO  AV.BMS - obstacle distance 1950 currenttime 980.0
02:52:50.206 [main] INFO  AV.BMS -  OSD 00 currentime 980.0
inside
02:52:51.191 [main] INFO  AV.BMS - obstacle distance 1949 currenttime 1000.0
02:52:51.192 [main] INFO  AV.BMS -  OSD 00 currentime 1000.0
inside
02:52:52.221 [main] INFO  AV.BMS - obstacle distance 1948 currenttime 1020.0
02:52:52.221 [main] INFO  AV.BMS -  OSD 00 currentime 1020.0
inside
02:52:53.204 [main] INFO  AV.BMS - obstacle distance 1947 currenttime 1040.0
02:52:53.205 [main] INFO  AV.BMS -  OSD 00 currentime 1040.0
inside
02:52:54.247 [main] INFO  AV.BMS - obstacle distance 1946 currenttime 1060.0
02:52:54.247 [main] INFO  AV.BMS -  OSD 00 currentime 1060.0
inside
02:52:55.252 [main] INFO  AV.BMS - obstacle distance 1945 currenttime 1080.0
02:52:55.253 [main] INFO  AV.BMS -  OSD 00 currentime 1080.0
inside
02:52:56.241 [main] INFO  AV.BMS - obstacle distance 1944 currenttime 1100.0
02:52:56.243 [main] INFO  AV.BMS -  OSD 00 currentime 1100.0
inside
02:52:57.269 [main] INFO  AV.BMS - obstacle distance 1943 currenttime 1120.0
02:52:57.270 [main] INFO  AV.BMS -  OSD 00 currentime 1120.0
inside
02:52:58.226 [main] INFO  AV.BMS - obstacle distance 1942 currenttime 1140.0
02:52:58.228 [main] INFO  AV.BMS -  OSD 00 currentime 1140.0
inside
02:52:59.184 [main] INFO  AV.BMS - obstacle distance 1941 currenttime 1160.0
02:52:59.185 [main] INFO  AV.BMS -  OSD 00 currentime 1160.0
inside
02:53:00.201 [main] INFO  AV.BMS - obstacle distance 1940 currenttime 1180.0
02:53:00.202 [main] INFO  AV.BMS -  OSD 00 currentime 1180.0
inside
02:53:01.200 [main] INFO  AV.BMS - obstacle distance 1939 currenttime 1200.0
02:53:01.201 [main] INFO  AV.BMS -  OSD 00 currentime 1200.0
inside
02:53:02.168 [main] INFO  AV.BMS - obstacle distance 1938 currenttime 1220.0
02:53:02.169 [main] INFO  AV.BMS -  OSD 00 currentime 1220.0
inside
02:53:03.143 [main] INFO  AV.BMS - obstacle distance 1937 currenttime 1240.0
02:53:03.144 [main] INFO  AV.BMS -  OSD 00 currentime 1240.0
inside
02:53:04.103 [main] INFO  AV.BMS - obstacle distance 1936 currenttime 1260.0
02:53:04.104 [main] INFO  AV.BMS -  OSD 00 currentime 1260.0
inside
02:53:05.081 [main] INFO  AV.BMS - obstacle distance 1935 currenttime 1280.0
02:53:05.082 [main] INFO  AV.BMS -  OSD 00 currentime 1280.0
inside
02:53:06.093 [main] INFO  AV.BMS - obstacle distance 1934 currenttime 1300.0
02:53:06.095 [main] INFO  AV.BMS -  OSD 00 currentime 1300.0
inside
02:53:07.027 [main] INFO  AV.BMS - obstacle distance 1933 currenttime 1320.0
02:53:07.028 [main] INFO  AV.BMS -  OSD 00 currentime 1320.0
inside
02:53:08.025 [main] INFO  AV.BMS - obstacle distance 1932 currenttime 1340.0
02:53:08.026 [main] INFO  AV.BMS -  OSD 00 currentime 1340.0
inside
02:53:09.032 [main] INFO  AV.BMS - obstacle distance 1931 currenttime 1360.0
02:53:09.033 [main] INFO  AV.BMS -  OSD 00 currentime 1360.0
inside
02:53:10.008 [main] INFO  AV.BMS - obstacle distance 1930 currenttime 1380.0
02:53:10.009 [main] INFO  AV.BMS -  OSD 00 currentime 1380.0
inside
02:53:10.974 [main] INFO  AV.BMS - obstacle distance 1929 currenttime 1400.0
02:53:10.975 [main] INFO  AV.BMS -  OSD 00 currentime 1400.0
inside
02:53:11.997 [main] INFO  AV.BMS - obstacle distance 1928 currenttime 1420.0
02:53:11.998 [main] INFO  AV.BMS -  OSD 00 currentime 1420.0
inside
02:53:12.941 [main] INFO  AV.BMS - obstacle distance 1927 currenttime 1440.0
02:53:12.942 [main] INFO  AV.BMS -  OSD 00 currentime 1440.0
inside
02:53:13.931 [main] INFO  AV.BMS - obstacle distance 1926 currenttime 1460.0
02:53:13.933 [main] INFO  AV.BMS -  OSD 00 currentime 1460.0
inside
02:53:14.925 [main] INFO  AV.BMS - obstacle distance 1925 currenttime 1480.0
02:53:14.925 [main] INFO  AV.BMS -  OSD 00 currentime 1480.0
inside
02:53:15.906 [main] INFO  AV.BMS - obstacle distance 1924 currenttime 1500.0
02:53:15.906 [main] INFO  AV.BMS -  OSD 00 currentime 1500.0
inside
02:53:16.886 [main] INFO  AV.BMS - obstacle distance 1923 currenttime 1520.0
02:53:16.887 [main] INFO  AV.BMS -  OSD 00 currentime 1520.0
inside
02:53:17.892 [main] INFO  AV.BMS - obstacle distance 1922 currenttime 1540.0
02:53:17.894 [main] INFO  AV.BMS -  OSD 00 currentime 1540.0
inside
02:53:18.935 [main] INFO  AV.BMS - obstacle distance 1921 currenttime 1560.0
02:53:18.949 [main] INFO  AV.BMS -  OSD 00 currentime 1560.0
inside
02:53:19.986 [main] INFO  AV.BMS - obstacle distance 1920 currenttime 1580.0
02:53:19.990 [main] INFO  AV.BMS -  OSD 00 currentime 1580.0
inside
02:53:20.955 [main] INFO  AV.BMS - obstacle distance 1919 currenttime 1600.0
02:53:20.956 [main] INFO  AV.BMS -  OSD 00 currentime 1600.0
