
-------------------------------------------------------------------
GMS: address=vagrant-56682, cluster=AV, physical address=10.0.2.15:55319
-------------------------------------------------------------------
16:58:34.252 [main] INFO  AV.BMS - waiting on readyToPopulate...
16:58:56.804 [main] INFO  AV.BMS - ...synchronized on readyToPopulate
16:58:56.804 [main] INFO  AV.BMS - waiting on readyToRun...
16:58:57.062 [main] INFO  AV.BMS - ...synchronized on readyToRun
16:58:57.064 [main] INFO  AV.BMS - started logical time progression
obstacle not detected currenttime 0.0
print string boolean false
16:58:57.066 [main] INFO  AV.BMS -  OSD 00 currentime 0.0
obstacle not detected currenttime 20.0
print string boolean false
16:59:00.263 [main] INFO  AV.BMS -  OSD 00 currentime 20.0
obstacle not detected currenttime 40.0
print string boolean false
16:59:01.794 [main] INFO  AV.BMS -  OSD 00 currentime 40.0
obstacle not detected currenttime 60.0
print string boolean false
16:59:03.047 [main] INFO  AV.BMS -  OSD 00 currentime 60.0
obstacle not detected currenttime 80.0
print string boolean false
16:59:04.379 [main] INFO  AV.BMS -  OSD 00 currentime 80.0
obstacle not detected currenttime 100.0
print string boolean false
16:59:05.682 [main] INFO  AV.BMS -  OSD 00 currentime 100.0
obstacle not detected currenttime 120.0
print string boolean false
16:59:06.939 [main] INFO  AV.BMS -  OSD 00 currentime 120.0
obstacle not detected currenttime 140.0
print string boolean false
16:59:08.055 [main] INFO  AV.BMS -  OSD 00 currentime 140.0
obstacle not detected currenttime 160.0
print string boolean false
16:59:09.160 [main] INFO  AV.BMS -  OSD 00 currentime 160.0
obstacle not detected currenttime 180.0
print string boolean false
16:59:10.302 [main] INFO  AV.BMS -  OSD 00 currentime 180.0
obstacle not detected currenttime 200.0
print string boolean false
16:59:12.248 [main] INFO  AV.BMS -  OSD 00 currentime 200.0
obstacle not detected currenttime 220.0
print string boolean false
16:59:13.284 [main] INFO  AV.BMS -  OSD 00 currentime 220.0
obstacle not detected currenttime 240.0
print string boolean false
16:59:14.347 [main] INFO  AV.BMS -  OSD 00 currentime 240.0
obstacle not detected currenttime 260.0
print string boolean false
16:59:15.401 [main] INFO  AV.BMS -  OSD 00 currentime 260.0
obstacle not detected currenttime 280.0
print string boolean false
16:59:16.471 [main] INFO  AV.BMS -  OSD 00 currentime 280.0
obstacle not detected currenttime 300.0
print string boolean false
16:59:17.620 [main] INFO  AV.BMS -  OSD 00 currentime 300.0
obstacle not detected currenttime 320.0
print string boolean false
16:59:18.625 [main] INFO  AV.BMS -  OSD 00 currentime 320.0
obstacle not detected currenttime 340.0
print string boolean false
16:59:19.746 [main] INFO  AV.BMS -  OSD 00 currentime 340.0
obstacle not detected currenttime 360.0
print string boolean false
16:59:20.793 [main] INFO  AV.BMS -  OSD 00 currentime 360.0
obstacle not detected currenttime 380.0
print string boolean false
16:59:21.821 [main] INFO  AV.BMS -  OSD 00 currentime 380.0
obstacle not detected currenttime 400.0
print string boolean false
16:59:22.850 [main] INFO  AV.BMS -  OSD 00 currentime 400.0
obstacle not detected currenttime 420.0
print string boolean false
16:59:23.879 [main] INFO  AV.BMS -  OSD 00 currentime 420.0
obstacle not detected currenttime 440.0
print string boolean false
16:59:24.978 [main] INFO  AV.BMS -  OSD 00 currentime 440.0
obstacle not detected currenttime 460.0
print string boolean false
16:59:26.063 [main] INFO  AV.BMS -  OSD 00 currentime 460.0
obstacle not detected currenttime 480.0
print string boolean false
16:59:27.112 [main] INFO  AV.BMS -  OSD 00 currentime 480.0
obstacle not detected currenttime 500.0
print string boolean false
16:59:28.119 [main] INFO  AV.BMS -  OSD 00 currentime 500.0
obstacle not detected currenttime 520.0
print string boolean false
16:59:29.157 [main] INFO  AV.BMS -  OSD 00 currentime 520.0
obstacle not detected currenttime 540.0
print string boolean false
16:59:30.151 [main] INFO  AV.BMS -  OSD 00 currentime 540.0
obstacle not detected currenttime 560.0
print string boolean false
16:59:31.132 [main] INFO  AV.BMS -  OSD 00 currentime 560.0
obstacle not detected currenttime 580.0
print string boolean false
16:59:32.063 [main] INFO  AV.BMS -  OSD 00 currentime 580.0
obstacle not detected currenttime 600.0
print string boolean false
16:59:33.096 [main] INFO  AV.BMS -  OSD 00 currentime 600.0
obstacle not detected currenttime 620.0
print string boolean false
16:59:34.133 [main] INFO  AV.BMS -  OSD 00 currentime 620.0
obstacle not detected currenttime 640.0
print string boolean false
16:59:35.104 [main] INFO  AV.BMS -  OSD 00 currentime 640.0
obstacle not detected currenttime 660.0
print string boolean false
16:59:36.116 [main] INFO  AV.BMS -  OSD 00 currentime 660.0
obstacle not detected currenttime 680.0
print string boolean false
16:59:37.095 [main] INFO  AV.BMS -  OSD 00 currentime 680.0
obstacle not detected currenttime 700.0
print string boolean false
16:59:38.122 [main] INFO  AV.BMS -  OSD 00 currentime 700.0
obstacle not detected currenttime 720.0
print string boolean false
16:59:39.224 [main] INFO  AV.BMS -  OSD 00 currentime 720.0
obstacle not detected currenttime 740.0
print string boolean false
16:59:40.230 [main] INFO  AV.BMS -  OSD 00 currentime 740.0
obstacle not detected currenttime 760.0
print string boolean false
16:59:41.303 [main] INFO  AV.BMS -  OSD 00 currentime 760.0
obstacle not detected currenttime 780.0
print string boolean false
16:59:42.346 [main] INFO  AV.BMS -  OSD 00 currentime 780.0
obstacle not detected currenttime 800.0
print string boolean false
16:59:43.327 [main] INFO  AV.BMS -  OSD 00 currentime 800.0
obstacle not detected currenttime 820.0
print string boolean false
16:59:44.451 [main] INFO  AV.BMS -  OSD 00 currentime 820.0
obstacle not detected currenttime 840.0
print string boolean false
16:59:45.460 [main] INFO  AV.BMS -  OSD 00 currentime 840.0
obstacle not detected currenttime 860.0
print string boolean false
16:59:46.522 [main] INFO  AV.BMS -  OSD 00 currentime 860.0
obstacle not detected currenttime 880.0
print string boolean false
16:59:47.569 [main] INFO  AV.BMS -  OSD 00 currentime 880.0
obstacle not detected currenttime 900.0
print string boolean false
16:59:48.601 [main] INFO  AV.BMS -  OSD 00 currentime 900.0
obstacle not detected currenttime 920.0
print string boolean false
16:59:49.698 [main] INFO  AV.BMS -  OSD 00 currentime 920.0
obstacle not detected currenttime 940.0
print string boolean false
16:59:50.695 [main] INFO  AV.BMS -  OSD 00 currentime 940.0
obstacle not detected currenttime 960.0
print string boolean false
16:59:51.659 [main] INFO  AV.BMS -  OSD 00 currentime 960.0
obstacle not detected currenttime 980.0
print string boolean false
16:59:52.702 [main] INFO  AV.BMS -  OSD 00 currentime 980.0
obstacle not detected currenttime 1000.0
print string boolean false
16:59:53.699 [main] INFO  AV.BMS -  OSD 00 currentime 1000.0
obstacle not detected currenttime 1020.0
print string boolean false
16:59:54.714 [main] INFO  AV.BMS -  OSD 00 currentime 1020.0
obstacle not detected currenttime 1040.0
print string boolean false
16:59:55.847 [main] INFO  AV.BMS -  OSD 00 currentime 1040.0
obstacle not detected currenttime 1060.0
print string boolean false
16:59:56.778 [main] INFO  AV.BMS -  OSD 00 currentime 1060.0
obstacle not detected currenttime 1080.0
print string boolean false
16:59:57.799 [main] INFO  AV.BMS -  OSD 00 currentime 1080.0
obstacle not detected currenttime 1100.0
print string boolean false
16:59:58.833 [main] INFO  AV.BMS -  OSD 00 currentime 1100.0
obstacle not detected currenttime 1120.0
print string boolean false
16:59:59.844 [main] INFO  AV.BMS -  OSD 00 currentime 1120.0
obstacle not detected currenttime 1140.0
print string boolean false
17:00:00.879 [main] INFO  AV.BMS -  OSD 00 currentime 1140.0
obstacle not detected currenttime 1160.0
print string boolean false
17:00:01.937 [main] INFO  AV.BMS -  OSD 00 currentime 1160.0
obstacle not detected currenttime 1180.0
print string boolean false
17:00:02.925 [main] INFO  AV.BMS -  OSD 00 currentime 1180.0
obstacle not detected currenttime 1200.0
print string boolean false
17:00:03.909 [main] INFO  AV.BMS -  OSD 00 currentime 1200.0
obstacle not detected currenttime 1220.0
print string boolean false
17:00:04.936 [main] INFO  AV.BMS -  OSD 00 currentime 1220.0
obstacle not detected currenttime 1240.0
print string boolean false
17:00:05.963 [main] INFO  AV.BMS -  OSD 00 currentime 1240.0
obstacle not detected currenttime 1260.0
print string boolean false
17:00:07.009 [main] INFO  AV.BMS -  OSD 00 currentime 1260.0
obstacle not detected currenttime 1280.0
print string boolean false
17:00:07.986 [main] INFO  AV.BMS -  OSD 00 currentime 1280.0
obstacle not detected currenttime 1300.0
print string boolean false
17:00:09.111 [main] INFO  AV.BMS -  OSD 00 currentime 1300.0
obstacle not detected currenttime 1320.0
print string boolean false
17:00:10.099 [main] INFO  AV.BMS -  OSD 00 currentime 1320.0
obstacle not detected currenttime 1340.0
print string boolean false
17:00:11.066 [main] INFO  AV.BMS -  OSD 00 currentime 1340.0
obstacle not detected currenttime 1360.0
print string boolean false
17:00:12.069 [main] INFO  AV.BMS -  OSD 00 currentime 1360.0
obstacle not detected currenttime 1380.0
print string boolean false
17:00:13.050 [main] INFO  AV.BMS -  OSD 00 currentime 1380.0
obstacle not detected currenttime 1400.0
print string boolean false
17:00:14.011 [main] INFO  AV.BMS -  OSD 00 currentime 1400.0
obstacle not detected currenttime 1420.0
print string boolean false
17:00:15.005 [main] INFO  AV.BMS -  OSD 00 currentime 1420.0
obstacle not detected currenttime 1440.0
print string boolean false
17:00:15.986 [main] INFO  AV.BMS -  OSD 00 currentime 1440.0
obstacle not detected currenttime 1460.0
print string boolean false
17:00:16.967 [main] INFO  AV.BMS -  OSD 00 currentime 1460.0
obstacle not detected currenttime 1480.0
print string boolean false
17:00:17.957 [main] INFO  AV.BMS -  OSD 00 currentime 1480.0
obstacle not detected currenttime 1500.0
print string boolean false
17:00:18.992 [main] INFO  AV.BMS -  OSD 00 currentime 1500.0
obstacle not detected currenttime 1520.0
print string boolean false
17:00:19.997 [main] INFO  AV.BMS -  OSD 00 currentime 1520.0
obstacle not detected currenttime 1540.0
print string boolean false
17:00:21.025 [main] INFO  AV.BMS -  OSD 00 currentime 1540.0
obstacle not detected currenttime 1560.0
print string boolean false
17:00:22.079 [main] INFO  AV.BMS -  OSD 00 currentime 1560.0
obstacle not detected currenttime 1580.0
print string boolean false
17:00:22.985 [main] INFO  AV.BMS -  OSD 00 currentime 1580.0
obstacle not detected currenttime 1600.0
print string boolean false
17:00:23.958 [main] INFO  AV.BMS -  OSD 00 currentime 1600.0
obstacle not detected currenttime 1620.0
print string boolean false
17:00:25.031 [main] INFO  AV.BMS -  OSD 00 currentime 1620.0
obstacle not detected currenttime 1640.0
print string boolean false
17:00:26.033 [main] INFO  AV.BMS -  OSD 00 currentime 1640.0
obstacle not detected currenttime 1660.0
print string boolean false
17:00:27.047 [main] INFO  AV.BMS -  OSD 00 currentime 1660.0
obstacle not detected currenttime 1680.0
print string boolean false
17:00:28.034 [main] INFO  AV.BMS -  OSD 00 currentime 1680.0
obstacle not detected currenttime 1700.0
print string boolean false
17:00:29.043 [main] INFO  AV.BMS -  OSD 00 currentime 1700.0
obstacle not detected currenttime 1720.0
print string boolean false
17:00:30.069 [main] INFO  AV.BMS -  OSD 00 currentime 1720.0
obstacle not detected currenttime 1740.0
print string boolean false
17:00:31.073 [main] INFO  AV.BMS -  OSD 00 currentime 1740.0
obstacle not detected currenttime 1760.0
print string boolean false
17:00:32.060 [main] INFO  AV.BMS -  OSD 00 currentime 1760.0
obstacle not detected currenttime 1780.0
print string boolean false
17:00:33.009 [main] INFO  AV.BMS -  OSD 00 currentime 1780.0
obstacle not detected currenttime 1800.0
print string boolean false
17:00:34.037 [main] INFO  AV.BMS -  OSD 00 currentime 1800.0
obstacle not detected currenttime 1820.0
print string boolean false
17:00:34.999 [main] INFO  AV.BMS -  OSD 00 currentime 1820.0
obstacle not detected currenttime 1840.0
print string boolean false
17:00:35.976 [main] INFO  AV.BMS -  OSD 00 currentime 1840.0
obstacle not detected currenttime 1860.0
print string boolean false
17:00:36.998 [main] INFO  AV.BMS -  OSD 00 currentime 1860.0
obstacle not detected currenttime 1880.0
print string boolean false
17:00:38.013 [main] INFO  AV.BMS -  OSD 00 currentime 1880.0
obstacle not detected currenttime 1900.0
print string boolean false
17:00:38.951 [main] INFO  AV.BMS -  OSD 00 currentime 1900.0
obstacle not detected currenttime 1920.0
print string boolean false
17:00:39.957 [main] INFO  AV.BMS -  OSD 00 currentime 1920.0
obstacle not detected currenttime 1940.0
print string boolean false
17:00:40.981 [main] INFO  AV.BMS -  OSD 00 currentime 1940.0
obstacle not detected currenttime 1960.0
print string boolean false
17:00:42.027 [main] INFO  AV.BMS -  OSD 00 currentime 1960.0
obstacle not detected currenttime 1980.0
print string boolean false
17:00:43.007 [main] INFO  AV.BMS -  OSD 00 currentime 1980.0
obstacle not detected currenttime 2000.0
print string boolean false
17:00:43.974 [main] INFO  AV.BMS -  OSD 00 currentime 2000.0
obstacle not detected currenttime 2020.0
print string boolean false
17:00:44.968 [main] INFO  AV.BMS -  OSD 00 currentime 2020.0
obstacle not detected currenttime 2040.0
print string boolean false
17:00:45.958 [main] INFO  AV.BMS -  OSD 00 currentime 2040.0
obstacle not detected currenttime 2060.0
print string boolean false
17:00:46.934 [main] INFO  AV.BMS -  OSD 00 currentime 2060.0
obstacle not detected currenttime 2080.0
print string boolean false
17:00:47.929 [main] INFO  AV.BMS -  OSD 00 currentime 2080.0
obstacle not detected currenttime 2100.0
print string boolean false
17:00:48.926 [main] INFO  AV.BMS -  OSD 00 currentime 2100.0
obstacle not detected currenttime 2120.0
print string boolean false
17:00:49.926 [main] INFO  AV.BMS -  OSD 00 currentime 2120.0
obstacle not detected currenttime 2140.0
print string boolean false
17:00:50.899 [main] INFO  AV.BMS -  OSD 00 currentime 2140.0
obstacle not detected currenttime 2160.0
print string boolean false
17:00:51.927 [main] INFO  AV.BMS -  OSD 00 currentime 2160.0
obstacle not detected currenttime 2180.0
print string boolean false
17:00:52.996 [main] INFO  AV.BMS -  OSD 00 currentime 2180.0
obstacle not detected currenttime 2200.0
print string boolean false
17:00:53.990 [main] INFO  AV.BMS -  OSD 00 currentime 2200.0
obstacle detected
17:00:55.042 [main] INFO  AV.BMS - obstacle distance true currenttime 2220.0
print string boolean true
17:00:55.049 [main] INFO  AV.BMS -  OSD 00 currentime 2220.0
obstacle detected
17:00:56.051 [main] INFO  AV.BMS - obstacle distance true currenttime 2240.0
print string boolean true
17:00:56.051 [main] INFO  AV.BMS -  OSD 00 currentime 2240.0
obstacle detected
17:00:57.015 [main] INFO  AV.BMS - obstacle distance true currenttime 2260.0
print string boolean true
17:00:57.016 [main] INFO  AV.BMS -  OSD 00 currentime 2260.0
obstacle detected
17:00:57.995 [main] INFO  AV.BMS - obstacle distance true currenttime 2280.0
print string boolean true
17:00:57.999 [main] INFO  AV.BMS -  OSD 00 currentime 2280.0
obstacle detected
17:00:59.011 [main] INFO  AV.BMS - obstacle distance true currenttime 2300.0
print string boolean true
17:00:59.011 [main] INFO  AV.BMS -  OSD 00 currentime 2300.0
obstacle detected
17:00:59.998 [main] INFO  AV.BMS - obstacle distance true currenttime 2320.0
print string boolean true
17:00:59.999 [main] INFO  AV.BMS -  OSD 00 currentime 2320.0
obstacle detected
17:01:01.028 [main] INFO  AV.BMS - obstacle distance true currenttime 2340.0
print string boolean true
17:01:01.029 [main] INFO  AV.BMS -  OSD 00 currentime 2340.0
obstacle detected
17:01:02.010 [main] INFO  AV.BMS - obstacle distance true currenttime 2360.0
print string boolean true
17:01:02.011 [main] INFO  AV.BMS -  OSD 00 currentime 2360.0
obstacle detected
17:01:03.022 [main] INFO  AV.BMS - obstacle distance true currenttime 2380.0
print string boolean true
17:01:03.023 [main] INFO  AV.BMS -  OSD 00 currentime 2380.0
obstacle detected
17:01:04.047 [main] INFO  AV.BMS - obstacle distance true currenttime 2400.0
print string boolean true
17:01:04.048 [main] INFO  AV.BMS -  OSD 00 currentime 2400.0
obstacle detected
17:01:05.067 [main] INFO  AV.BMS - obstacle distance true currenttime 2420.0
print string boolean true
17:01:05.067 [main] INFO  AV.BMS -  OSD 00 currentime 2420.0
obstacle detected
17:01:06.045 [main] INFO  AV.BMS - obstacle distance true currenttime 2440.0
print string boolean true
17:01:06.046 [main] INFO  AV.BMS -  OSD 00 currentime 2440.0
obstacle detected
17:01:07.030 [main] INFO  AV.BMS - obstacle distance true currenttime 2460.0
print string boolean true
17:01:07.030 [main] INFO  AV.BMS -  OSD 00 currentime 2460.0
obstacle detected
17:01:08.033 [main] INFO  AV.BMS - obstacle distance true currenttime 2480.0
print string boolean true
17:01:08.033 [main] INFO  AV.BMS -  OSD 00 currentime 2480.0
obstacle detected
17:01:09.033 [main] INFO  AV.BMS - obstacle distance true currenttime 2500.0
print string boolean true
17:01:09.034 [main] INFO  AV.BMS -  OSD 00 currentime 2500.0
obstacle detected
17:01:10.139 [main] INFO  AV.BMS - obstacle distance true currenttime 2520.0
print string boolean true
17:01:10.140 [main] INFO  AV.BMS -  OSD 00 currentime 2520.0
obstacle detected
17:01:11.148 [main] INFO  AV.BMS - obstacle distance true currenttime 2540.0
print string boolean true
17:01:11.154 [main] INFO  AV.BMS -  OSD 00 currentime 2540.0
obstacle detected
17:01:12.167 [main] INFO  AV.BMS - obstacle distance true currenttime 2560.0
print string boolean true
17:01:12.167 [main] INFO  AV.BMS -  OSD 00 currentime 2560.0
obstacle detected
17:01:13.104 [main] INFO  AV.BMS - obstacle distance true currenttime 2580.0
print string boolean true
17:01:13.105 [main] INFO  AV.BMS -  OSD 00 currentime 2580.0
obstacle detected
17:01:14.094 [main] INFO  AV.BMS - obstacle distance true currenttime 2600.0
print string boolean true
17:01:14.095 [main] INFO  AV.BMS -  OSD 00 currentime 2600.0
obstacle detected
17:01:15.097 [main] INFO  AV.BMS - obstacle distance true currenttime 2620.0
print string boolean true
17:01:15.097 [main] INFO  AV.BMS -  OSD 00 currentime 2620.0
obstacle detected
17:01:16.105 [main] INFO  AV.BMS - obstacle distance true currenttime 2640.0
print string boolean true
17:01:16.105 [main] INFO  AV.BMS -  OSD 00 currentime 2640.0
obstacle detected
17:01:17.566 [main] INFO  AV.BMS - obstacle distance true currenttime 2660.0
print string boolean true
17:01:17.566 [main] INFO  AV.BMS -  OSD 00 currentime 2660.0
obstacle detected
17:01:18.542 [main] INFO  AV.BMS - obstacle distance true currenttime 2680.0
print string boolean true
17:01:18.542 [main] INFO  AV.BMS -  OSD 00 currentime 2680.0
obstacle detected
17:01:19.483 [main] INFO  AV.BMS - obstacle distance true currenttime 2700.0
print string boolean true
17:01:19.484 [main] INFO  AV.BMS -  OSD 00 currentime 2700.0
obstacle detected
17:01:20.466 [main] INFO  AV.BMS - obstacle distance true currenttime 2720.0
print string boolean true
17:01:20.467 [main] INFO  AV.BMS -  OSD 00 currentime 2720.0
obstacle detected
17:01:21.461 [main] INFO  AV.BMS - obstacle distance true currenttime 2740.0
print string boolean true
17:01:21.462 [main] INFO  AV.BMS -  OSD 00 currentime 2740.0
obstacle detected
17:01:22.444 [main] INFO  AV.BMS - obstacle distance true currenttime 2760.0
print string boolean true
17:01:22.444 [main] INFO  AV.BMS -  OSD 00 currentime 2760.0
obstacle detected
17:01:23.428 [main] INFO  AV.BMS - obstacle distance true currenttime 2780.0
print string boolean true
17:01:23.429 [main] INFO  AV.BMS -  OSD 00 currentime 2780.0
obstacle detected
17:01:24.381 [main] INFO  AV.BMS - obstacle distance true currenttime 2800.0
print string boolean true
17:01:24.382 [main] INFO  AV.BMS -  OSD 00 currentime 2800.0
obstacle detected
17:01:25.380 [main] INFO  AV.BMS - obstacle distance true currenttime 2820.0
print string boolean true
17:01:25.381 [main] INFO  AV.BMS -  OSD 00 currentime 2820.0
obstacle detected
17:01:26.392 [main] INFO  AV.BMS - obstacle distance true currenttime 2840.0
print string boolean true
17:01:26.393 [main] INFO  AV.BMS -  OSD 00 currentime 2840.0
obstacle detected
17:01:27.460 [main] INFO  AV.BMS - obstacle distance true currenttime 2860.0
print string boolean true
17:01:27.461 [main] INFO  AV.BMS -  OSD 00 currentime 2860.0
obstacle detected
17:01:28.337 [main] INFO  AV.BMS - obstacle distance true currenttime 2880.0
print string boolean true
17:01:28.338 [main] INFO  AV.BMS -  OSD 00 currentime 2880.0
obstacle detected
17:01:29.359 [main] INFO  AV.BMS - obstacle distance true currenttime 2900.0
print string boolean true
17:01:29.360 [main] INFO  AV.BMS -  OSD 00 currentime 2900.0
obstacle detected
17:01:30.319 [main] INFO  AV.BMS - obstacle distance true currenttime 2920.0
print string boolean true
17:01:30.320 [main] INFO  AV.BMS -  OSD 00 currentime 2920.0
obstacle detected
17:01:31.302 [main] INFO  AV.BMS - obstacle distance true currenttime 2940.0
print string boolean true
17:01:31.303 [main] INFO  AV.BMS -  OSD 00 currentime 2940.0
obstacle detected
17:01:32.281 [main] INFO  AV.BMS - obstacle distance true currenttime 2960.0
print string boolean true
17:01:32.281 [main] INFO  AV.BMS -  OSD 00 currentime 2960.0
obstacle detected
17:01:33.253 [main] INFO  AV.BMS - obstacle distance true currenttime 2980.0
print string boolean true
17:01:33.255 [main] INFO  AV.BMS -  OSD 00 currentime 2980.0
obstacle not detected currenttime 3000.0
print string boolean false
17:01:34.242 [main] INFO  AV.BMS -  OSD 00 currentime 3000.0
obstacle not detected currenttime 3020.0
print string boolean false
17:01:35.219 [main] INFO  AV.BMS -  OSD 00 currentime 3020.0
obstacle not detected currenttime 3040.0
print string boolean false
17:01:36.222 [main] INFO  AV.BMS -  OSD 00 currentime 3040.0
obstacle not detected currenttime 3060.0
print string boolean false
17:01:37.175 [main] INFO  AV.BMS -  OSD 00 currentime 3060.0
obstacle not detected currenttime 3080.0
print string boolean false
17:01:38.158 [main] INFO  AV.BMS -  OSD 00 currentime 3080.0
obstacle not detected currenttime 3100.0
print string boolean false
17:01:39.096 [main] INFO  AV.BMS -  OSD 00 currentime 3100.0
obstacle not detected currenttime 3120.0
print string boolean false
17:01:40.059 [main] INFO  AV.BMS -  OSD 00 currentime 3120.0
obstacle not detected currenttime 3140.0
print string boolean false
17:01:41.096 [main] INFO  AV.BMS -  OSD 00 currentime 3140.0
obstacle not detected currenttime 3160.0
print string boolean false
17:01:42.110 [main] INFO  AV.BMS -  OSD 00 currentime 3160.0
obstacle not detected currenttime 3180.0
print string boolean false
17:01:43.039 [main] INFO  AV.BMS -  OSD 00 currentime 3180.0
obstacle not detected currenttime 3200.0
print string boolean false
17:01:44.054 [main] INFO  AV.BMS -  OSD 00 currentime 3200.0
obstacle not detected currenttime 3220.0
print string boolean false
17:01:44.994 [main] INFO  AV.BMS -  OSD 00 currentime 3220.0
obstacle not detected currenttime 3240.0
print string boolean false
17:01:45.977 [main] INFO  AV.BMS -  OSD 00 currentime 3240.0
obstacle not detected currenttime 3260.0
print string boolean false
17:01:47.138 [main] INFO  AV.BMS -  OSD 00 currentime 3260.0
obstacle not detected currenttime 3280.0
print string boolean false
17:01:48.126 [main] INFO  AV.BMS -  OSD 00 currentime 3280.0
obstacle not detected currenttime 3300.0
print string boolean false
17:01:49.554 [main] INFO  AV.BMS -  OSD 00 currentime 3300.0
obstacle not detected currenttime 3320.0
print string boolean false
17:01:50.570 [main] INFO  AV.BMS -  OSD 00 currentime 3320.0
obstacle not detected currenttime 3340.0
print string boolean false
17:01:51.463 [main] INFO  AV.BMS -  OSD 00 currentime 3340.0
obstacle not detected currenttime 3360.0
print string boolean false
17:01:52.344 [main] INFO  AV.BMS -  OSD 00 currentime 3360.0
obstacle not detected currenttime 3380.0
print string boolean false
17:01:53.331 [main] INFO  AV.BMS -  OSD 00 currentime 3380.0
obstacle not detected currenttime 3400.0
print string boolean false
17:01:54.328 [main] INFO  AV.BMS -  OSD 00 currentime 3400.0
obstacle not detected currenttime 3420.0
print string boolean false
17:01:55.296 [main] INFO  AV.BMS -  OSD 00 currentime 3420.0
obstacle not detected currenttime 3440.0
print string boolean false
17:01:56.311 [main] INFO  AV.BMS -  OSD 00 currentime 3440.0
obstacle not detected currenttime 3460.0
print string boolean false
17:01:57.306 [main] INFO  AV.BMS -  OSD 00 currentime 3460.0
obstacle not detected currenttime 3480.0
print string boolean false
17:01:58.530 [main] INFO  AV.BMS -  OSD 00 currentime 3480.0
obstacle not detected currenttime 3500.0
print string boolean false
17:01:59.530 [main] INFO  AV.BMS -  OSD 00 currentime 3500.0
obstacle not detected currenttime 3520.0
print string boolean false
17:02:00.477 [main] INFO  AV.BMS -  OSD 00 currentime 3520.0
obstacle not detected currenttime 3540.0
print string boolean false
17:02:01.525 [main] INFO  AV.BMS -  OSD 00 currentime 3540.0
