
-------------------------------------------------------------------
GMS: address=vagrant-29679, cluster=AV, physical address=10.0.2.15:41336
-------------------------------------------------------------------
16:44:24.578 [main] INFO  AV.BMS - waiting on readyToPopulate...
16:44:52.244 [main] INFO  AV.BMS - ...synchronized on readyToPopulate
16:44:52.245 [main] INFO  AV.BMS - waiting on readyToRun...
16:44:52.497 [main] INFO  AV.BMS - ...synchronized on readyToRun
16:44:52.500 [main] INFO  AV.BMS - started logical time progression
obstacle not detected currenttime 0.0
print string boolean false
16:44:52.510 [main] INFO  AV.BMS -  OSD 00 currentime 0.0
obstacle not detected currenttime 20.0
print string boolean false
16:44:55.245 [main] INFO  AV.BMS -  OSD 00 currentime 20.0
obstacle not detected currenttime 40.0
print string boolean false
16:44:56.544 [main] INFO  AV.BMS -  OSD 00 currentime 40.0
obstacle not detected currenttime 60.0
print string boolean false
16:44:57.754 [main] INFO  AV.BMS -  OSD 00 currentime 60.0
obstacle not detected currenttime 80.0
print string boolean false
16:44:58.951 [main] INFO  AV.BMS -  OSD 00 currentime 80.0
obstacle not detected currenttime 100.0
print string boolean false
16:45:00.221 [main] INFO  AV.BMS -  OSD 00 currentime 100.0
obstacle not detected currenttime 120.0
print string boolean false
16:45:01.323 [main] INFO  AV.BMS -  OSD 00 currentime 120.0
obstacle not detected currenttime 140.0
print string boolean false
16:45:02.483 [main] INFO  AV.BMS -  OSD 00 currentime 140.0
obstacle not detected currenttime 160.0
print string boolean false
16:45:03.751 [main] INFO  AV.BMS -  OSD 00 currentime 160.0
obstacle not detected currenttime 180.0
print string boolean false
16:45:04.871 [main] INFO  AV.BMS -  OSD 00 currentime 180.0
obstacle not detected currenttime 200.0
print string boolean false
16:45:06.543 [main] INFO  AV.BMS -  OSD 00 currentime 200.0
obstacle not detected currenttime 220.0
print string boolean false
16:45:07.668 [main] INFO  AV.BMS -  OSD 00 currentime 220.0
obstacle not detected currenttime 240.0
print string boolean false
16:45:08.731 [main] INFO  AV.BMS -  OSD 00 currentime 240.0
obstacle not detected currenttime 260.0
print string boolean false
16:45:09.795 [main] INFO  AV.BMS -  OSD 00 currentime 260.0
obstacle not detected currenttime 280.0
print string boolean false
16:45:10.840 [main] INFO  AV.BMS -  OSD 00 currentime 280.0
obstacle not detected currenttime 300.0
print string boolean false
16:45:11.989 [main] INFO  AV.BMS -  OSD 00 currentime 300.0
obstacle not detected currenttime 320.0
print string boolean false
16:45:13.009 [main] INFO  AV.BMS -  OSD 00 currentime 320.0
obstacle not detected currenttime 340.0
print string boolean false
16:45:14.059 [main] INFO  AV.BMS -  OSD 00 currentime 340.0
obstacle not detected currenttime 360.0
print string boolean false
16:45:15.113 [main] INFO  AV.BMS -  OSD 00 currentime 360.0
obstacle not detected currenttime 380.0
print string boolean false
16:45:16.176 [main] INFO  AV.BMS -  OSD 00 currentime 380.0
obstacle not detected currenttime 400.0
print string boolean false
16:45:17.228 [main] INFO  AV.BMS -  OSD 00 currentime 400.0
obstacle not detected currenttime 420.0
print string boolean false
16:45:18.250 [main] INFO  AV.BMS -  OSD 00 currentime 420.0
obstacle not detected currenttime 440.0
print string boolean false
16:45:19.365 [main] INFO  AV.BMS -  OSD 00 currentime 440.0
obstacle not detected currenttime 460.0
print string boolean false
16:45:20.328 [main] INFO  AV.BMS -  OSD 00 currentime 460.0
obstacle not detected currenttime 480.0
print string boolean false
16:45:21.279 [main] INFO  AV.BMS -  OSD 00 currentime 480.0
obstacle not detected currenttime 500.0
print string boolean false
16:45:22.317 [main] INFO  AV.BMS -  OSD 00 currentime 500.0
obstacle not detected currenttime 520.0
print string boolean false
16:45:23.303 [main] INFO  AV.BMS -  OSD 00 currentime 520.0
obstacle not detected currenttime 540.0
print string boolean false
16:45:24.301 [main] INFO  AV.BMS -  OSD 00 currentime 540.0
obstacle not detected currenttime 560.0
print string boolean false
16:45:25.358 [main] INFO  AV.BMS -  OSD 00 currentime 560.0
obstacle not detected currenttime 580.0
print string boolean false
16:45:26.283 [main] INFO  AV.BMS -  OSD 00 currentime 580.0
obstacle not detected currenttime 600.0
print string boolean false
16:45:27.236 [main] INFO  AV.BMS -  OSD 00 currentime 600.0
obstacle not detected currenttime 620.0
print string boolean false
16:45:28.232 [main] INFO  AV.BMS -  OSD 00 currentime 620.0
obstacle not detected currenttime 640.0
print string boolean false
16:45:29.233 [main] INFO  AV.BMS -  OSD 00 currentime 640.0
obstacle not detected currenttime 660.0
print string boolean false
16:45:30.269 [main] INFO  AV.BMS -  OSD 00 currentime 660.0
obstacle not detected currenttime 680.0
print string boolean false
16:45:31.255 [main] INFO  AV.BMS -  OSD 00 currentime 680.0
obstacle not detected currenttime 700.0
print string boolean false
16:45:32.274 [main] INFO  AV.BMS -  OSD 00 currentime 700.0
obstacle not detected currenttime 720.0
print string boolean false
16:45:33.301 [main] INFO  AV.BMS -  OSD 00 currentime 720.0
obstacle not detected currenttime 740.0
print string boolean false
16:45:34.318 [main] INFO  AV.BMS -  OSD 00 currentime 740.0
obstacle not detected currenttime 760.0
print string boolean false
16:45:35.462 [main] INFO  AV.BMS -  OSD 00 currentime 760.0
obstacle not detected currenttime 780.0
print string boolean false
16:45:36.458 [main] INFO  AV.BMS -  OSD 00 currentime 780.0
obstacle not detected currenttime 800.0
print string boolean false
16:45:37.478 [main] INFO  AV.BMS -  OSD 00 currentime 800.0
obstacle not detected currenttime 820.0
print string boolean false
16:45:38.481 [main] INFO  AV.BMS -  OSD 00 currentime 820.0
obstacle not detected currenttime 840.0
print string boolean false
16:45:39.495 [main] INFO  AV.BMS -  OSD 00 currentime 840.0
obstacle not detected currenttime 860.0
print string boolean false
16:45:40.530 [main] INFO  AV.BMS -  OSD 00 currentime 860.0
obstacle not detected currenttime 880.0
print string boolean false
16:45:41.549 [main] INFO  AV.BMS -  OSD 00 currentime 880.0
obstacle not detected currenttime 900.0
print string boolean false
16:45:42.547 [main] INFO  AV.BMS -  OSD 00 currentime 900.0
obstacle not detected currenttime 920.0
print string boolean false
16:45:43.589 [main] INFO  AV.BMS -  OSD 00 currentime 920.0
obstacle not detected currenttime 940.0
print string boolean false
16:45:44.562 [main] INFO  AV.BMS -  OSD 00 currentime 940.0
obstacle not detected currenttime 960.0
print string boolean false
16:45:45.602 [main] INFO  AV.BMS -  OSD 00 currentime 960.0
obstacle not detected currenttime 980.0
print string boolean false
16:45:46.721 [main] INFO  AV.BMS -  OSD 00 currentime 980.0
obstacle not detected currenttime 1000.0
print string boolean false
16:45:47.728 [main] INFO  AV.BMS -  OSD 00 currentime 1000.0
obstacle not detected currenttime 1020.0
print string boolean false
16:45:48.697 [main] INFO  AV.BMS -  OSD 00 currentime 1020.0
obstacle not detected currenttime 1040.0
print string boolean false
16:45:49.708 [main] INFO  AV.BMS -  OSD 00 currentime 1040.0
obstacle not detected currenttime 1060.0
print string boolean false
16:45:50.689 [main] INFO  AV.BMS -  OSD 00 currentime 1060.0
obstacle not detected currenttime 1080.0
print string boolean false
16:45:51.675 [main] INFO  AV.BMS -  OSD 00 currentime 1080.0
obstacle not detected currenttime 1100.0
print string boolean false
16:45:52.661 [main] INFO  AV.BMS -  OSD 00 currentime 1100.0
obstacle not detected currenttime 1120.0
print string boolean false
16:45:53.619 [main] INFO  AV.BMS -  OSD 00 currentime 1120.0
obstacle not detected currenttime 1140.0
print string boolean false
16:45:54.605 [main] INFO  AV.BMS -  OSD 00 currentime 1140.0
obstacle not detected currenttime 1160.0
print string boolean false
16:45:55.599 [main] INFO  AV.BMS -  OSD 00 currentime 1160.0
obstacle not detected currenttime 1180.0
print string boolean false
16:45:56.592 [main] INFO  AV.BMS -  OSD 00 currentime 1180.0
obstacle not detected currenttime 1200.0
print string boolean false
16:45:57.590 [main] INFO  AV.BMS -  OSD 00 currentime 1200.0
obstacle not detected currenttime 1220.0
print string boolean false
16:45:58.701 [main] INFO  AV.BMS -  OSD 00 currentime 1220.0
obstacle not detected currenttime 1240.0
print string boolean false
16:45:59.632 [main] INFO  AV.BMS -  OSD 00 currentime 1240.0
obstacle not detected currenttime 1260.0
print string boolean false
16:46:00.612 [main] INFO  AV.BMS -  OSD 00 currentime 1260.0
obstacle not detected currenttime 1280.0
print string boolean false
16:46:01.598 [main] INFO  AV.BMS -  OSD 00 currentime 1280.0
obstacle not detected currenttime 1300.0
print string boolean false
16:46:02.597 [main] INFO  AV.BMS -  OSD 00 currentime 1300.0
obstacle not detected currenttime 1320.0
print string boolean false
16:46:03.591 [main] INFO  AV.BMS -  OSD 00 currentime 1320.0
obstacle not detected currenttime 1340.0
print string boolean false
16:46:04.580 [main] INFO  AV.BMS -  OSD 00 currentime 1340.0
obstacle not detected currenttime 1360.0
print string boolean false
16:46:05.553 [main] INFO  AV.BMS -  OSD 00 currentime 1360.0
obstacle not detected currenttime 1380.0
print string boolean false
16:46:06.500 [main] INFO  AV.BMS -  OSD 00 currentime 1380.0
obstacle not detected currenttime 1400.0
print string boolean false
16:46:07.494 [main] INFO  AV.BMS -  OSD 00 currentime 1400.0
obstacle not detected currenttime 1420.0
print string boolean false
16:46:08.499 [main] INFO  AV.BMS -  OSD 00 currentime 1420.0
obstacle not detected currenttime 1440.0
print string boolean false
16:46:09.487 [main] INFO  AV.BMS -  OSD 00 currentime 1440.0
obstacle not detected currenttime 1460.0
print string boolean false
16:46:10.614 [main] INFO  AV.BMS -  OSD 00 currentime 1460.0
obstacle not detected currenttime 1480.0
print string boolean false
16:46:11.614 [main] INFO  AV.BMS -  OSD 00 currentime 1480.0
obstacle not detected currenttime 1500.0
print string boolean false
16:46:12.643 [main] INFO  AV.BMS -  OSD 00 currentime 1500.0
obstacle not detected currenttime 1520.0
print string boolean false
16:46:13.621 [main] INFO  AV.BMS -  OSD 00 currentime 1520.0
obstacle not detected currenttime 1540.0
print string boolean false
16:46:14.587 [main] INFO  AV.BMS -  OSD 00 currentime 1540.0
obstacle not detected currenttime 1560.0
print string boolean false
16:46:15.581 [main] INFO  AV.BMS -  OSD 00 currentime 1560.0
obstacle not detected currenttime 1580.0
print string boolean false
16:46:16.562 [main] INFO  AV.BMS -  OSD 00 currentime 1580.0
obstacle not detected currenttime 1600.0
print string boolean false
16:46:17.558 [main] INFO  AV.BMS -  OSD 00 currentime 1600.0
obstacle not detected currenttime 1620.0
print string boolean false
16:46:18.521 [main] INFO  AV.BMS -  OSD 00 currentime 1620.0
obstacle not detected currenttime 1640.0
print string boolean false
16:46:19.547 [main] INFO  AV.BMS -  OSD 00 currentime 1640.0
obstacle not detected currenttime 1660.0
print string boolean false
16:46:20.519 [main] INFO  AV.BMS -  OSD 00 currentime 1660.0
obstacle not detected currenttime 1680.0
print string boolean false
16:46:21.524 [main] INFO  AV.BMS -  OSD 00 currentime 1680.0
obstacle not detected currenttime 1700.0
print string boolean false
16:46:22.565 [main] INFO  AV.BMS -  OSD 00 currentime 1700.0
obstacle not detected currenttime 1720.0
print string boolean false
16:46:23.573 [main] INFO  AV.BMS -  OSD 00 currentime 1720.0
obstacle not detected currenttime 1740.0
print string boolean false
16:46:24.625 [main] INFO  AV.BMS -  OSD 00 currentime 1740.0
obstacle not detected currenttime 1760.0
print string boolean false
16:46:25.599 [main] INFO  AV.BMS -  OSD 00 currentime 1760.0
obstacle not detected currenttime 1780.0
print string boolean false
16:46:26.601 [main] INFO  AV.BMS -  OSD 00 currentime 1780.0
obstacle not detected currenttime 1800.0
print string boolean false
16:46:27.612 [main] INFO  AV.BMS -  OSD 00 currentime 1800.0
obstacle not detected currenttime 1820.0
print string boolean false
16:46:28.593 [main] INFO  AV.BMS -  OSD 00 currentime 1820.0
obstacle not detected currenttime 1840.0
print string boolean false
16:46:29.608 [main] INFO  AV.BMS -  OSD 00 currentime 1840.0
obstacle not detected currenttime 1860.0
print string boolean false
16:46:30.611 [main] INFO  AV.BMS -  OSD 00 currentime 1860.0
obstacle not detected currenttime 1880.0
print string boolean false
16:46:31.563 [main] INFO  AV.BMS -  OSD 00 currentime 1880.0
obstacle not detected currenttime 1900.0
print string boolean false
16:46:32.542 [main] INFO  AV.BMS -  OSD 00 currentime 1900.0
obstacle not detected currenttime 1920.0
print string boolean false
16:46:33.503 [main] INFO  AV.BMS -  OSD 00 currentime 1920.0
obstacle not detected currenttime 1940.0
print string boolean false
16:46:34.479 [main] INFO  AV.BMS -  OSD 00 currentime 1940.0
obstacle not detected currenttime 1960.0
print string boolean false
16:46:35.440 [main] INFO  AV.BMS -  OSD 00 currentime 1960.0
obstacle not detected currenttime 1980.0
print string boolean false
16:46:36.465 [main] INFO  AV.BMS -  OSD 00 currentime 1980.0
obstacle not detected currenttime 2000.0
print string boolean false
16:46:37.484 [main] INFO  AV.BMS -  OSD 00 currentime 2000.0
obstacle detected
16:46:38.577 [main] INFO  AV.BMS - obstacle distance true currenttime 2020.0
print string boolean true
16:46:38.578 [main] INFO  AV.BMS -  OSD 00 currentime 2020.0
obstacle detected
16:46:39.271 [main] INFO  AV.BMS - obstacle distance true currenttime 2040.0
print string boolean true
16:46:39.271 [main] INFO  AV.BMS -  OSD 00 currentime 2040.0
obstacle detected
16:46:40.242 [main] INFO  AV.BMS - obstacle distance true currenttime 2060.0
print string boolean true
16:46:40.243 [main] INFO  AV.BMS -  OSD 00 currentime 2060.0
obstacle detected
16:46:41.263 [main] INFO  AV.BMS - obstacle distance true currenttime 2080.0
print string boolean true
16:46:41.263 [main] INFO  AV.BMS -  OSD 00 currentime 2080.0
obstacle detected
16:46:42.275 [main] INFO  AV.BMS - obstacle distance true currenttime 2100.0
print string boolean true
16:46:42.276 [main] INFO  AV.BMS -  OSD 00 currentime 2100.0
obstacle detected
16:46:43.254 [main] INFO  AV.BMS - obstacle distance true currenttime 2120.0
print string boolean true
16:46:43.255 [main] INFO  AV.BMS -  OSD 00 currentime 2120.0
obstacle detected
16:46:44.212 [main] INFO  AV.BMS - obstacle distance true currenttime 2140.0
print string boolean true
16:46:44.213 [main] INFO  AV.BMS -  OSD 00 currentime 2140.0
obstacle detected
16:46:45.176 [main] INFO  AV.BMS - obstacle distance true currenttime 2160.0
print string boolean true
16:46:45.177 [main] INFO  AV.BMS -  OSD 00 currentime 2160.0
obstacle detected
16:46:46.141 [main] INFO  AV.BMS - obstacle distance true currenttime 2180.0
print string boolean true
16:46:46.142 [main] INFO  AV.BMS -  OSD 00 currentime 2180.0
obstacle detected
16:46:47.158 [main] INFO  AV.BMS - obstacle distance true currenttime 2200.0
print string boolean true
16:46:47.158 [main] INFO  AV.BMS -  OSD 00 currentime 2200.0
obstacle detected
16:46:48.164 [main] INFO  AV.BMS - obstacle distance true currenttime 2220.0
print string boolean true
16:46:48.165 [main] INFO  AV.BMS -  OSD 00 currentime 2220.0
obstacle detected
16:46:49.177 [main] INFO  AV.BMS - obstacle distance true currenttime 2240.0
print string boolean true
16:46:49.178 [main] INFO  AV.BMS -  OSD 00 currentime 2240.0
obstacle detected
16:46:50.187 [main] INFO  AV.BMS - obstacle distance true currenttime 2260.0
print string boolean true
16:46:50.188 [main] INFO  AV.BMS -  OSD 00 currentime 2260.0
obstacle detected
16:46:51.200 [main] INFO  AV.BMS - obstacle distance true currenttime 2280.0
print string boolean true
16:46:51.201 [main] INFO  AV.BMS -  OSD 00 currentime 2280.0
obstacle detected
16:46:52.213 [main] INFO  AV.BMS - obstacle distance true currenttime 2300.0
print string boolean true
16:46:52.214 [main] INFO  AV.BMS -  OSD 00 currentime 2300.0
obstacle detected
16:46:53.235 [main] INFO  AV.BMS - obstacle distance true currenttime 2320.0
print string boolean true
16:46:53.235 [main] INFO  AV.BMS -  OSD 00 currentime 2320.0
obstacle detected
16:46:54.229 [main] INFO  AV.BMS - obstacle distance true currenttime 2340.0
print string boolean true
16:46:54.230 [main] INFO  AV.BMS -  OSD 00 currentime 2340.0
obstacle detected
16:46:55.400 [main] INFO  AV.BMS - obstacle distance true currenttime 2360.0
print string boolean true
16:46:55.401 [main] INFO  AV.BMS -  OSD 00 currentime 2360.0
obstacle detected
16:46:56.423 [main] INFO  AV.BMS - obstacle distance true currenttime 2380.0
print string boolean true
16:46:56.424 [main] INFO  AV.BMS -  OSD 00 currentime 2380.0
obstacle detected
16:46:57.374 [main] INFO  AV.BMS - obstacle distance true currenttime 2400.0
print string boolean true
16:46:57.374 [main] INFO  AV.BMS -  OSD 00 currentime 2400.0
obstacle detected
16:46:58.380 [main] INFO  AV.BMS - obstacle distance true currenttime 2420.0
print string boolean true
16:46:58.380 [main] INFO  AV.BMS -  OSD 00 currentime 2420.0
obstacle detected
16:46:59.331 [main] INFO  AV.BMS - obstacle distance true currenttime 2440.0
print string boolean true
16:46:59.331 [main] INFO  AV.BMS -  OSD 00 currentime 2440.0
obstacle detected
16:47:00.373 [main] INFO  AV.BMS - obstacle distance true currenttime 2460.0
print string boolean true
16:47:00.373 [main] INFO  AV.BMS -  OSD 00 currentime 2460.0
obstacle detected
16:47:01.408 [main] INFO  AV.BMS - obstacle distance true currenttime 2480.0
print string boolean true
16:47:01.408 [main] INFO  AV.BMS -  OSD 00 currentime 2480.0
obstacle detected
16:47:02.401 [main] INFO  AV.BMS - obstacle distance true currenttime 2500.0
print string boolean true
16:47:02.401 [main] INFO  AV.BMS -  OSD 00 currentime 2500.0
obstacle detected
16:47:03.374 [main] INFO  AV.BMS - obstacle distance true currenttime 2520.0
print string boolean true
16:47:03.375 [main] INFO  AV.BMS -  OSD 00 currentime 2520.0
obstacle detected
16:47:04.326 [main] INFO  AV.BMS - obstacle distance true currenttime 2540.0
print string boolean true
16:47:04.327 [main] INFO  AV.BMS -  OSD 00 currentime 2540.0
obstacle detected
16:47:05.354 [main] INFO  AV.BMS - obstacle distance true currenttime 2560.0
print string boolean true
16:47:05.355 [main] INFO  AV.BMS -  OSD 00 currentime 2560.0
obstacle detected
16:47:06.383 [main] INFO  AV.BMS - obstacle distance true currenttime 2580.0
print string boolean true
16:47:06.383 [main] INFO  AV.BMS -  OSD 00 currentime 2580.0
obstacle detected
16:47:07.433 [main] INFO  AV.BMS - obstacle distance true currenttime 2600.0
print string boolean true
16:47:07.434 [main] INFO  AV.BMS -  OSD 00 currentime 2600.0
obstacle detected
16:47:08.392 [main] INFO  AV.BMS - obstacle distance true currenttime 2620.0
print string boolean true
16:47:08.393 [main] INFO  AV.BMS -  OSD 00 currentime 2620.0
obstacle detected
16:47:09.362 [main] INFO  AV.BMS - obstacle distance true currenttime 2640.0
print string boolean true
16:47:09.362 [main] INFO  AV.BMS -  OSD 00 currentime 2640.0
obstacle detected
16:47:10.326 [main] INFO  AV.BMS - obstacle distance true currenttime 2660.0
print string boolean true
16:47:10.327 [main] INFO  AV.BMS -  OSD 00 currentime 2660.0
obstacle detected
16:47:11.370 [main] INFO  AV.BMS - obstacle distance true currenttime 2680.0
print string boolean true
16:47:11.370 [main] INFO  AV.BMS -  OSD 00 currentime 2680.0
obstacle detected
16:47:12.403 [main] INFO  AV.BMS - obstacle distance true currenttime 2700.0
print string boolean true
16:47:12.404 [main] INFO  AV.BMS -  OSD 00 currentime 2700.0
obstacle detected
16:47:13.458 [main] INFO  AV.BMS - obstacle distance true currenttime 2720.0
print string boolean true
16:47:13.458 [main] INFO  AV.BMS -  OSD 00 currentime 2720.0
obstacle detected
16:47:14.473 [main] INFO  AV.BMS - obstacle distance true currenttime 2740.0
print string boolean true
16:47:14.474 [main] INFO  AV.BMS -  OSD 00 currentime 2740.0
obstacle detected
16:47:15.474 [main] INFO  AV.BMS - obstacle distance true currenttime 2760.0
print string boolean true
16:47:15.475 [main] INFO  AV.BMS -  OSD 00 currentime 2760.0
obstacle detected
16:47:16.480 [main] INFO  AV.BMS - obstacle distance true currenttime 2780.0
print string boolean true
16:47:16.480 [main] INFO  AV.BMS -  OSD 00 currentime 2780.0
obstacle detected
16:47:17.474 [main] INFO  AV.BMS - obstacle distance true currenttime 2800.0
print string boolean true
16:47:17.475 [main] INFO  AV.BMS -  OSD 00 currentime 2800.0
obstacle detected
16:47:18.514 [main] INFO  AV.BMS - obstacle distance true currenttime 2820.0
print string boolean true
16:47:18.515 [main] INFO  AV.BMS -  OSD 00 currentime 2820.0
obstacle detected
16:47:19.508 [main] INFO  AV.BMS - obstacle distance true currenttime 2840.0
print string boolean true
16:47:19.508 [main] INFO  AV.BMS -  OSD 00 currentime 2840.0
obstacle detected
16:47:20.544 [main] INFO  AV.BMS - obstacle distance true currenttime 2860.0
print string boolean true
16:47:20.545 [main] INFO  AV.BMS -  OSD 00 currentime 2860.0
obstacle detected
16:47:21.549 [main] INFO  AV.BMS - obstacle distance true currenttime 2880.0
print string boolean true
16:47:21.550 [main] INFO  AV.BMS -  OSD 00 currentime 2880.0
obstacle detected
16:47:22.598 [main] INFO  AV.BMS - obstacle distance true currenttime 2900.0
print string boolean true
16:47:22.598 [main] INFO  AV.BMS -  OSD 00 currentime 2900.0
obstacle detected
16:47:23.606 [main] INFO  AV.BMS - obstacle distance true currenttime 2920.0
print string boolean true
16:47:23.607 [main] INFO  AV.BMS -  OSD 00 currentime 2920.0
obstacle detected
16:47:24.623 [main] INFO  AV.BMS - obstacle distance true currenttime 2940.0
print string boolean true
16:47:24.623 [main] INFO  AV.BMS -  OSD 00 currentime 2940.0
obstacle detected
16:47:25.720 [main] INFO  AV.BMS - obstacle distance true currenttime 2960.0
print string boolean true
16:47:25.721 [main] INFO  AV.BMS -  OSD 00 currentime 2960.0
obstacle detected
16:47:26.808 [main] INFO  AV.BMS - obstacle distance true currenttime 2980.0
print string boolean true
16:47:26.809 [main] INFO  AV.BMS -  OSD 00 currentime 2980.0
obstacle detected
16:47:27.847 [main] INFO  AV.BMS - obstacle distance true currenttime 3000.0
print string boolean true
16:47:27.848 [main] INFO  AV.BMS -  OSD 00 currentime 3000.0
obstacle detected
16:47:29.018 [main] INFO  AV.BMS - obstacle distance true currenttime 3020.0
print string boolean true
16:47:29.018 [main] INFO  AV.BMS -  OSD 00 currentime 3020.0
obstacle detected
16:47:30.024 [main] INFO  AV.BMS - obstacle distance true currenttime 3040.0
print string boolean true
16:47:30.025 [main] INFO  AV.BMS -  OSD 00 currentime 3040.0
obstacle detected
16:47:31.029 [main] INFO  AV.BMS - obstacle distance true currenttime 3060.0
print string boolean true
16:47:31.030 [main] INFO  AV.BMS -  OSD 00 currentime 3060.0
obstacle detected
16:47:32.088 [main] INFO  AV.BMS - obstacle distance true currenttime 3080.0
print string boolean true
16:47:32.089 [main] INFO  AV.BMS -  OSD 00 currentime 3080.0
obstacle detected
16:47:33.159 [main] INFO  AV.BMS - obstacle distance true currenttime 3100.0
print string boolean true
16:47:33.159 [main] INFO  AV.BMS -  OSD 00 currentime 3100.0
obstacle detected
16:47:34.135 [main] INFO  AV.BMS - obstacle distance true currenttime 3120.0
print string boolean true
16:47:34.135 [main] INFO  AV.BMS -  OSD 00 currentime 3120.0
obstacle detected
16:47:35.225 [main] INFO  AV.BMS - obstacle distance true currenttime 3140.0
print string boolean true
16:47:35.226 [main] INFO  AV.BMS -  OSD 00 currentime 3140.0
obstacle detected
16:47:36.333 [main] INFO  AV.BMS - obstacle distance true currenttime 3160.0
print string boolean true
16:47:36.334 [main] INFO  AV.BMS -  OSD 00 currentime 3160.0
obstacle detected
16:47:37.415 [main] INFO  AV.BMS - obstacle distance true currenttime 3180.0
print string boolean true
16:47:37.416 [main] INFO  AV.BMS -  OSD 00 currentime 3180.0
obstacle detected
16:47:38.447 [main] INFO  AV.BMS - obstacle distance true currenttime 3200.0
print string boolean true
16:47:38.448 [main] INFO  AV.BMS -  OSD 00 currentime 3200.0
obstacle detected
16:47:39.494 [main] INFO  AV.BMS - obstacle distance true currenttime 3220.0
print string boolean true
16:47:39.495 [main] INFO  AV.BMS -  OSD 00 currentime 3220.0
obstacle detected
16:47:40.532 [main] INFO  AV.BMS - obstacle distance true currenttime 3240.0
print string boolean true
16:47:40.532 [main] INFO  AV.BMS -  OSD 00 currentime 3240.0
obstacle detected
16:47:41.530 [main] INFO  AV.BMS - obstacle distance true currenttime 3260.0
print string boolean true
16:47:41.531 [main] INFO  AV.BMS -  OSD 00 currentime 3260.0
obstacle detected
16:47:42.545 [main] INFO  AV.BMS - obstacle distance true currenttime 3280.0
print string boolean true
16:47:42.546 [main] INFO  AV.BMS -  OSD 00 currentime 3280.0
obstacle detected
16:47:43.509 [main] INFO  AV.BMS - obstacle distance true currenttime 3300.0
print string boolean true
16:47:43.512 [main] INFO  AV.BMS -  OSD 00 currentime 3300.0
obstacle detected
16:47:44.517 [main] INFO  AV.BMS - obstacle distance true currenttime 3320.0
print string boolean true
16:47:44.518 [main] INFO  AV.BMS -  OSD 00 currentime 3320.0
obstacle detected
16:47:45.511 [main] INFO  AV.BMS - obstacle distance true currenttime 3340.0
print string boolean true
16:47:45.511 [main] INFO  AV.BMS -  OSD 00 currentime 3340.0
obstacle detected
16:47:46.556 [main] INFO  AV.BMS - obstacle distance true currenttime 3360.0
print string boolean true
16:47:46.556 [main] INFO  AV.BMS -  OSD 00 currentime 3360.0
obstacle detected
16:47:47.729 [main] INFO  AV.BMS - obstacle distance true currenttime 3380.0
print string boolean true
16:47:47.730 [main] INFO  AV.BMS -  OSD 00 currentime 3380.0
obstacle detected
16:47:48.753 [main] INFO  AV.BMS - obstacle distance true currenttime 3400.0
print string boolean true
16:47:48.754 [main] INFO  AV.BMS -  OSD 00 currentime 3400.0
obstacle detected
16:47:49.733 [main] INFO  AV.BMS - obstacle distance true currenttime 3420.0
print string boolean true
16:47:49.735 [main] INFO  AV.BMS -  OSD 00 currentime 3420.0
obstacle detected
16:47:51.287 [main] INFO  AV.BMS - obstacle distance true currenttime 3440.0
print string boolean true
16:47:51.295 [main] INFO  AV.BMS -  OSD 00 currentime 3440.0
obstacle detected
16:47:52.298 [main] INFO  AV.BMS - obstacle distance true currenttime 3460.0
print string boolean true
16:47:52.299 [main] INFO  AV.BMS -  OSD 00 currentime 3460.0
obstacle detected
16:47:53.330 [main] INFO  AV.BMS - obstacle distance true currenttime 3480.0
print string boolean true
16:47:53.330 [main] INFO  AV.BMS -  OSD 00 currentime 3480.0
obstacle detected
16:47:54.346 [main] INFO  AV.BMS - obstacle distance true currenttime 3500.0
print string boolean true
16:47:54.346 [main] INFO  AV.BMS -  OSD 00 currentime 3500.0
obstacle detected
16:47:55.332 [main] INFO  AV.BMS - obstacle distance true currenttime 3520.0
print string boolean true
16:47:55.333 [main] INFO  AV.BMS -  OSD 00 currentime 3520.0
obstacle detected
16:47:56.346 [main] INFO  AV.BMS - obstacle distance true currenttime 3540.0
print string boolean true
16:47:56.347 [main] INFO  AV.BMS -  OSD 00 currentime 3540.0
obstacle detected
16:47:57.395 [main] INFO  AV.BMS - obstacle distance true currenttime 3560.0
print string boolean true
16:47:57.396 [main] INFO  AV.BMS -  OSD 00 currentime 3560.0
obstacle detected
16:47:58.234 [main] INFO  AV.BMS - obstacle distance true currenttime 3580.0
print string boolean true
16:47:58.234 [main] INFO  AV.BMS -  OSD 00 currentime 3580.0
obstacle detected
16:47:59.239 [main] INFO  AV.BMS - obstacle distance true currenttime 3600.0
print string boolean true
16:47:59.240 [main] INFO  AV.BMS -  OSD 00 currentime 3600.0
obstacle detected
16:48:00.263 [main] INFO  AV.BMS - obstacle distance true currenttime 3620.0
print string boolean true
16:48:00.264 [main] INFO  AV.BMS -  OSD 00 currentime 3620.0
obstacle detected
16:48:01.287 [main] INFO  AV.BMS - obstacle distance true currenttime 3640.0
print string boolean true
16:48:01.287 [main] INFO  AV.BMS -  OSD 00 currentime 3640.0
obstacle detected
16:48:02.299 [main] INFO  AV.BMS - obstacle distance true currenttime 3660.0
print string boolean true
16:48:02.303 [main] INFO  AV.BMS -  OSD 00 currentime 3660.0
obstacle detected
16:48:03.294 [main] INFO  AV.BMS - obstacle distance true currenttime 3680.0
print string boolean true
16:48:03.294 [main] INFO  AV.BMS -  OSD 00 currentime 3680.0
obstacle detected
16:48:04.289 [main] INFO  AV.BMS - obstacle distance true currenttime 3700.0
print string boolean true
16:48:04.290 [main] INFO  AV.BMS -  OSD 00 currentime 3700.0
obstacle detected
16:48:05.319 [main] INFO  AV.BMS - obstacle distance true currenttime 3720.0
print string boolean true
16:48:05.319 [main] INFO  AV.BMS -  OSD 00 currentime 3720.0
obstacle detected
16:48:06.341 [main] INFO  AV.BMS - obstacle distance true currenttime 3740.0
print string boolean true
16:48:06.342 [main] INFO  AV.BMS -  OSD 00 currentime 3740.0
obstacle detected
16:48:07.526 [main] INFO  AV.BMS - obstacle distance true currenttime 3760.0
print string boolean true
16:48:07.526 [main] INFO  AV.BMS -  OSD 00 currentime 3760.0
obstacle detected
16:48:08.543 [main] INFO  AV.BMS - obstacle distance true currenttime 3780.0
print string boolean true
16:48:08.543 [main] INFO  AV.BMS -  OSD 00 currentime 3780.0
obstacle detected
16:48:09.498 [main] INFO  AV.BMS - obstacle distance true currenttime 3800.0
print string boolean true
16:48:09.499 [main] INFO  AV.BMS -  OSD 00 currentime 3800.0
obstacle detected
16:48:10.503 [main] INFO  AV.BMS - obstacle distance true currenttime 3820.0
print string boolean true
16:48:10.503 [main] INFO  AV.BMS -  OSD 00 currentime 3820.0
obstacle detected
16:48:11.506 [main] INFO  AV.BMS - obstacle distance true currenttime 3840.0
print string boolean true
16:48:11.507 [main] INFO  AV.BMS -  OSD 00 currentime 3840.0
obstacle detected
16:48:12.472 [main] INFO  AV.BMS - obstacle distance true currenttime 3860.0
print string boolean true
16:48:12.473 [main] INFO  AV.BMS -  OSD 00 currentime 3860.0
obstacle detected
16:48:13.485 [main] INFO  AV.BMS - obstacle distance true currenttime 3880.0
print string boolean true
16:48:13.486 [main] INFO  AV.BMS -  OSD 00 currentime 3880.0
obstacle detected
16:48:14.513 [main] INFO  AV.BMS - obstacle distance true currenttime 3900.0
print string boolean true
16:48:14.520 [main] INFO  AV.BMS -  OSD 00 currentime 3900.0
obstacle detected
16:48:15.553 [main] INFO  AV.BMS - obstacle distance true currenttime 3920.0
print string boolean true
16:48:15.554 [main] INFO  AV.BMS -  OSD 00 currentime 3920.0
obstacle detected
16:48:16.588 [main] INFO  AV.BMS - obstacle distance true currenttime 3940.0
print string boolean true
16:48:16.588 [main] INFO  AV.BMS -  OSD 00 currentime 3940.0
obstacle detected
16:48:17.591 [main] INFO  AV.BMS - obstacle distance true currenttime 3960.0
print string boolean true
16:48:17.592 [main] INFO  AV.BMS -  OSD 00 currentime 3960.0
obstacle detected
16:48:18.653 [main] INFO  AV.BMS - obstacle distance true currenttime 3980.0
print string boolean true
16:48:18.654 [main] INFO  AV.BMS -  OSD 00 currentime 3980.0
obstacle not detected currenttime 4000.0
print string boolean false
16:48:19.671 [main] INFO  AV.BMS -  OSD 00 currentime 4000.0
obstacle not detected currenttime 4020.0
print string boolean false
16:48:20.717 [main] INFO  AV.BMS -  OSD 00 currentime 4020.0
obstacle not detected currenttime 4040.0
print string boolean false
16:48:21.751 [main] INFO  AV.BMS -  OSD 00 currentime 4040.0
