
-------------------------------------------------------------------
GMS: address=vagrant-35403, cluster=AV, physical address=10.0.2.15:57786
-------------------------------------------------------------------
02:01:11.120 [main] INFO  AV.BMS - waiting on readyToPopulate...
02:01:35.183 [main] INFO  AV.BMS - ...synchronized on readyToPopulate
02:01:35.183 [main] INFO  AV.BMS - waiting on readyToRun...
02:01:35.441 [main] INFO  AV.BMS - ...synchronized on readyToRun
02:01:35.447 [main] INFO  AV.BMS - started logical time progression
inside
02:01:35.450 [main] INFO  AV.BMS - obstacle distance 1999 currenttime 0.0
02:01:35.453 [main] INFO  AV.BMS -  OSD 00 currentime 0.0
inside
02:01:37.568 [main] INFO  AV.BMS - obstacle distance 1998 currenttime 20.0
02:01:37.569 [main] INFO  AV.BMS -  OSD 00 currentime 20.0
inside
02:01:38.969 [main] INFO  AV.BMS - obstacle distance 1997 currenttime 40.0
02:01:38.970 [main] INFO  AV.BMS -  OSD 00 currentime 40.0
inside
02:01:40.160 [main] INFO  AV.BMS - obstacle distance 1996 currenttime 60.0
02:01:40.160 [main] INFO  AV.BMS -  OSD 00 currentime 60.0
inside
02:01:41.382 [main] INFO  AV.BMS - obstacle distance 1995 currenttime 80.0
02:01:41.383 [main] INFO  AV.BMS -  OSD 00 currentime 80.0
inside
02:01:42.572 [main] INFO  AV.BMS - obstacle distance 1994 currenttime 100.0
02:01:42.572 [main] INFO  AV.BMS -  OSD 00 currentime 100.0
inside
02:01:43.661 [main] INFO  AV.BMS - obstacle distance 1993 currenttime 120.0
02:01:43.661 [main] INFO  AV.BMS -  OSD 00 currentime 120.0
inside
02:01:44.693 [main] INFO  AV.BMS - obstacle distance 1992 currenttime 140.0
02:01:44.694 [main] INFO  AV.BMS -  OSD 00 currentime 140.0
inside
02:01:45.866 [main] INFO  AV.BMS - obstacle distance 1991 currenttime 160.0
02:01:45.866 [main] INFO  AV.BMS -  OSD 00 currentime 160.0
inside
02:01:46.913 [main] INFO  AV.BMS - obstacle distance 1990 currenttime 180.0
02:01:46.914 [main] INFO  AV.BMS -  OSD 00 currentime 180.0
inside
02:01:48.784 [main] INFO  AV.BMS - obstacle distance 1989 currenttime 200.0
02:01:48.786 [main] INFO  AV.BMS -  OSD 00 currentime 200.0
inside
02:01:49.803 [main] INFO  AV.BMS - obstacle distance 1988 currenttime 220.0
02:01:49.804 [main] INFO  AV.BMS -  OSD 00 currentime 220.0
inside
02:01:50.880 [main] INFO  AV.BMS - obstacle distance 1987 currenttime 240.0
02:01:50.880 [main] INFO  AV.BMS -  OSD 00 currentime 240.0
inside
02:01:51.987 [main] INFO  AV.BMS - obstacle distance 1986 currenttime 260.0
02:01:51.987 [main] INFO  AV.BMS -  OSD 00 currentime 260.0
inside
02:01:53.011 [main] INFO  AV.BMS - obstacle distance 1985 currenttime 280.0
02:01:53.011 [main] INFO  AV.BMS -  OSD 00 currentime 280.0
inside
02:01:54.085 [main] INFO  AV.BMS - obstacle distance 1984 currenttime 300.0
02:01:54.093 [main] INFO  AV.BMS -  OSD 00 currentime 300.0
inside
02:01:55.241 [main] INFO  AV.BMS - obstacle distance 1983 currenttime 320.0
02:01:55.241 [main] INFO  AV.BMS -  OSD 00 currentime 320.0
inside
02:01:56.249 [main] INFO  AV.BMS - obstacle distance 1982 currenttime 340.0
02:01:56.251 [main] INFO  AV.BMS -  OSD 00 currentime 340.0
inside
02:01:57.251 [main] INFO  AV.BMS - obstacle distance 1981 currenttime 360.0
02:01:57.252 [main] INFO  AV.BMS -  OSD 00 currentime 360.0
inside
02:01:58.291 [main] INFO  AV.BMS - obstacle distance 1980 currenttime 380.0
02:01:58.293 [main] INFO  AV.BMS -  OSD 00 currentime 380.0
inside
02:01:59.356 [main] INFO  AV.BMS - obstacle distance 1979 currenttime 400.0
02:01:59.357 [main] INFO  AV.BMS -  OSD 00 currentime 400.0
inside
02:02:00.361 [main] INFO  AV.BMS - obstacle distance 1978 currenttime 420.0
02:02:00.361 [main] INFO  AV.BMS -  OSD 00 currentime 420.0
inside
02:02:01.347 [main] INFO  AV.BMS - obstacle distance 1977 currenttime 440.0
02:02:01.347 [main] INFO  AV.BMS -  OSD 00 currentime 440.0
inside
02:02:02.509 [main] INFO  AV.BMS - obstacle distance 1976 currenttime 460.0
02:02:02.511 [main] INFO  AV.BMS -  OSD 00 currentime 460.0
inside
02:02:03.474 [main] INFO  AV.BMS - obstacle distance 1975 currenttime 480.0
02:02:03.474 [main] INFO  AV.BMS -  OSD 00 currentime 480.0
inside
02:02:05.003 [main] INFO  AV.BMS - obstacle distance 1974 currenttime 500.0
02:02:05.003 [main] INFO  AV.BMS -  OSD 00 currentime 500.0
inside
02:02:06.033 [main] INFO  AV.BMS - obstacle distance 1973 currenttime 520.0
02:02:06.039 [main] INFO  AV.BMS -  OSD 00 currentime 520.0
inside
02:02:07.072 [main] INFO  AV.BMS - obstacle distance 1972 currenttime 540.0
02:02:07.073 [main] INFO  AV.BMS -  OSD 00 currentime 540.0
inside
02:02:08.061 [main] INFO  AV.BMS - obstacle distance 1971 currenttime 560.0
02:02:08.062 [main] INFO  AV.BMS -  OSD 00 currentime 560.0
inside
02:02:09.097 [main] INFO  AV.BMS - obstacle distance 1970 currenttime 580.0
02:02:09.098 [main] INFO  AV.BMS -  OSD 00 currentime 580.0
inside
02:02:10.088 [main] INFO  AV.BMS - obstacle distance 1969 currenttime 600.0
02:02:10.089 [main] INFO  AV.BMS -  OSD 00 currentime 600.0
inside
02:02:11.162 [main] INFO  AV.BMS - obstacle distance 1968 currenttime 620.0
02:02:11.162 [main] INFO  AV.BMS -  OSD 00 currentime 620.0
inside
02:02:12.217 [main] INFO  AV.BMS - obstacle distance 1967 currenttime 640.0
02:02:12.217 [main] INFO  AV.BMS -  OSD 00 currentime 640.0
inside
02:02:13.235 [main] INFO  AV.BMS - obstacle distance 1966 currenttime 660.0
02:02:13.236 [main] INFO  AV.BMS -  OSD 00 currentime 660.0
inside
02:02:14.235 [main] INFO  AV.BMS - obstacle distance 1965 currenttime 680.0
02:02:14.235 [main] INFO  AV.BMS -  OSD 00 currentime 680.0
inside
02:02:15.251 [main] INFO  AV.BMS - obstacle distance 1964 currenttime 700.0
02:02:15.252 [main] INFO  AV.BMS -  OSD 00 currentime 700.0
inside
02:02:16.256 [main] INFO  AV.BMS - obstacle distance 1963 currenttime 720.0
02:02:16.257 [main] INFO  AV.BMS -  OSD 00 currentime 720.0
inside
02:02:17.289 [main] INFO  AV.BMS - obstacle distance 1962 currenttime 740.0
02:02:17.292 [main] INFO  AV.BMS -  OSD 00 currentime 740.0
inside
02:02:18.302 [main] INFO  AV.BMS - obstacle distance 1961 currenttime 760.0
02:02:18.302 [main] INFO  AV.BMS -  OSD 00 currentime 760.0
inside
02:02:19.366 [main] INFO  AV.BMS - obstacle distance 1960 currenttime 780.0
02:02:19.366 [main] INFO  AV.BMS -  OSD 00 currentime 780.0
inside
02:02:20.381 [main] INFO  AV.BMS - obstacle distance 1959 currenttime 800.0
02:02:20.381 [main] INFO  AV.BMS -  OSD 00 currentime 800.0
inside
02:02:21.369 [main] INFO  AV.BMS - obstacle distance 1958 currenttime 820.0
02:02:21.369 [main] INFO  AV.BMS -  OSD 00 currentime 820.0
inside
02:02:22.523 [main] INFO  AV.BMS - obstacle distance 1957 currenttime 840.0
02:02:22.523 [main] INFO  AV.BMS -  OSD 00 currentime 840.0
inside
02:02:23.527 [main] INFO  AV.BMS - obstacle distance 1956 currenttime 860.0
02:02:23.527 [main] INFO  AV.BMS -  OSD 00 currentime 860.0
inside
02:02:24.504 [main] INFO  AV.BMS - obstacle distance 1955 currenttime 880.0
02:02:24.505 [main] INFO  AV.BMS -  OSD 00 currentime 880.0
inside
02:02:25.540 [main] INFO  AV.BMS - obstacle distance 1954 currenttime 900.0
02:02:25.541 [main] INFO  AV.BMS -  OSD 00 currentime 900.0
inside
02:02:26.561 [main] INFO  AV.BMS - obstacle distance 1953 currenttime 920.0
02:02:26.562 [main] INFO  AV.BMS -  OSD 00 currentime 920.0
inside
02:02:27.606 [main] INFO  AV.BMS - obstacle distance 1952 currenttime 940.0
02:02:27.606 [main] INFO  AV.BMS -  OSD 00 currentime 940.0
inside
02:02:28.642 [main] INFO  AV.BMS - obstacle distance 1951 currenttime 960.0
02:02:28.643 [main] INFO  AV.BMS -  OSD 00 currentime 960.0
inside
02:02:29.640 [main] INFO  AV.BMS - obstacle distance 1950 currenttime 980.0
02:02:29.640 [main] INFO  AV.BMS -  OSD 00 currentime 980.0
inside
02:02:30.659 [main] INFO  AV.BMS - obstacle distance 1949 currenttime 1000.0
02:02:30.660 [main] INFO  AV.BMS -  OSD 00 currentime 1000.0
inside
02:02:31.682 [main] INFO  AV.BMS - obstacle distance 1948 currenttime 1020.0
02:02:31.683 [main] INFO  AV.BMS -  OSD 00 currentime 1020.0
inside
02:02:32.720 [main] INFO  AV.BMS - obstacle distance 1947 currenttime 1040.0
02:02:32.721 [main] INFO  AV.BMS -  OSD 00 currentime 1040.0
inside
02:02:33.732 [main] INFO  AV.BMS - obstacle distance 1946 currenttime 1060.0
02:02:33.732 [main] INFO  AV.BMS -  OSD 00 currentime 1060.0
inside
02:02:34.887 [main] INFO  AV.BMS - obstacle distance 1945 currenttime 1080.0
02:02:34.887 [main] INFO  AV.BMS -  OSD 00 currentime 1080.0
inside
02:02:35.893 [main] INFO  AV.BMS - obstacle distance 1944 currenttime 1100.0
02:02:35.893 [main] INFO  AV.BMS -  OSD 00 currentime 1100.0
inside
02:02:36.943 [main] INFO  AV.BMS - obstacle distance 1943 currenttime 1120.0
02:02:36.944 [main] INFO  AV.BMS -  OSD 00 currentime 1120.0
inside
02:02:37.968 [main] INFO  AV.BMS - obstacle distance 1942 currenttime 1140.0
02:02:37.968 [main] INFO  AV.BMS -  OSD 00 currentime 1140.0
inside
02:02:38.987 [main] INFO  AV.BMS - obstacle distance 1941 currenttime 1160.0
02:02:38.987 [main] INFO  AV.BMS -  OSD 00 currentime 1160.0
inside
02:02:39.971 [main] INFO  AV.BMS - obstacle distance 1940 currenttime 1180.0
02:02:39.971 [main] INFO  AV.BMS -  OSD 00 currentime 1180.0
inside
02:02:40.955 [main] INFO  AV.BMS - obstacle distance 1939 currenttime 1200.0
02:02:40.955 [main] INFO  AV.BMS -  OSD 00 currentime 1200.0
inside
02:02:41.938 [main] INFO  AV.BMS - obstacle distance 1938 currenttime 1220.0
02:02:41.938 [main] INFO  AV.BMS -  OSD 00 currentime 1220.0
inside
02:02:42.983 [main] INFO  AV.BMS - obstacle distance 1937 currenttime 1240.0
02:02:42.983 [main] INFO  AV.BMS -  OSD 00 currentime 1240.0
inside
02:02:43.907 [main] INFO  AV.BMS - obstacle distance 1936 currenttime 1260.0
02:02:43.914 [main] INFO  AV.BMS -  OSD 00 currentime 1260.0
inside
02:02:44.958 [main] INFO  AV.BMS - obstacle distance 1935 currenttime 1280.0
02:02:44.958 [main] INFO  AV.BMS -  OSD 00 currentime 1280.0
inside
02:02:45.987 [main] INFO  AV.BMS - obstacle distance 1934 currenttime 1300.0
02:02:45.987 [main] INFO  AV.BMS -  OSD 00 currentime 1300.0
inside
02:02:47.020 [main] INFO  AV.BMS - obstacle distance 1933 currenttime 1320.0
02:02:47.021 [main] INFO  AV.BMS -  OSD 00 currentime 1320.0
inside
02:02:47.915 [main] INFO  AV.BMS - obstacle distance 1932 currenttime 1340.0
02:02:47.915 [main] INFO  AV.BMS -  OSD 00 currentime 1340.0
inside
02:02:49.056 [main] INFO  AV.BMS - obstacle distance 1931 currenttime 1360.0
02:02:49.056 [main] INFO  AV.BMS -  OSD 00 currentime 1360.0
inside
02:02:50.069 [main] INFO  AV.BMS - obstacle distance 1930 currenttime 1380.0
02:02:50.069 [main] INFO  AV.BMS -  OSD 00 currentime 1380.0
inside
02:02:51.119 [main] INFO  AV.BMS - obstacle distance 1929 currenttime 1400.0
02:02:51.119 [main] INFO  AV.BMS -  OSD 00 currentime 1400.0
inside
02:02:52.093 [main] INFO  AV.BMS - obstacle distance 1928 currenttime 1420.0
02:02:52.093 [main] INFO  AV.BMS -  OSD 00 currentime 1420.0
inside
02:02:53.155 [main] INFO  AV.BMS - obstacle distance 1927 currenttime 1440.0
02:02:53.155 [main] INFO  AV.BMS -  OSD 00 currentime 1440.0
inside
02:02:54.223 [main] INFO  AV.BMS - obstacle distance 1926 currenttime 1460.0
02:02:54.223 [main] INFO  AV.BMS -  OSD 00 currentime 1460.0
inside
02:02:55.239 [main] INFO  AV.BMS - obstacle distance 1925 currenttime 1480.0
02:02:55.240 [main] INFO  AV.BMS -  OSD 00 currentime 1480.0
inside
02:02:56.262 [main] INFO  AV.BMS - obstacle distance 1924 currenttime 1500.0
02:02:56.263 [main] INFO  AV.BMS -  OSD 00 currentime 1500.0
inside
02:02:57.377 [main] INFO  AV.BMS - obstacle distance 1923 currenttime 1520.0
02:02:57.377 [main] INFO  AV.BMS -  OSD 00 currentime 1520.0
inside
02:02:58.428 [main] INFO  AV.BMS - obstacle distance 1922 currenttime 1540.0
02:02:58.429 [main] INFO  AV.BMS -  OSD 00 currentime 1540.0
inside
02:02:59.432 [main] INFO  AV.BMS - obstacle distance 1921 currenttime 1560.0
02:02:59.432 [main] INFO  AV.BMS -  OSD 00 currentime 1560.0
inside
02:03:00.437 [main] INFO  AV.BMS - obstacle distance 1920 currenttime 1580.0
02:03:00.437 [main] INFO  AV.BMS -  OSD 00 currentime 1580.0
inside
02:03:01.423 [main] INFO  AV.BMS - obstacle distance 1919 currenttime 1600.0
02:03:01.423 [main] INFO  AV.BMS -  OSD 00 currentime 1600.0
inside
02:03:02.429 [main] INFO  AV.BMS - obstacle distance 1918 currenttime 1620.0
02:03:02.429 [main] INFO  AV.BMS -  OSD 00 currentime 1620.0
inside
02:03:03.571 [main] INFO  AV.BMS - obstacle distance 1917 currenttime 1640.0
02:03:03.571 [main] INFO  AV.BMS -  OSD 00 currentime 1640.0
inside
02:03:04.617 [main] INFO  AV.BMS - obstacle distance 1916 currenttime 1660.0
02:03:04.617 [main] INFO  AV.BMS -  OSD 00 currentime 1660.0
inside
02:03:05.661 [main] INFO  AV.BMS - obstacle distance 1915 currenttime 1680.0
02:03:05.666 [main] INFO  AV.BMS -  OSD 00 currentime 1680.0
inside
02:03:06.669 [main] INFO  AV.BMS - obstacle distance 1914 currenttime 1700.0
02:03:06.669 [main] INFO  AV.BMS -  OSD 00 currentime 1700.0
inside
02:03:07.700 [main] INFO  AV.BMS - obstacle distance 1913 currenttime 1720.0
02:03:07.700 [main] INFO  AV.BMS -  OSD 00 currentime 1720.0
inside
02:03:08.744 [main] INFO  AV.BMS - obstacle distance 1912 currenttime 1740.0
02:03:08.745 [main] INFO  AV.BMS -  OSD 00 currentime 1740.0
inside
02:03:09.757 [main] INFO  AV.BMS - obstacle distance 1911 currenttime 1760.0
02:03:09.758 [main] INFO  AV.BMS -  OSD 00 currentime 1760.0
inside
02:03:10.771 [main] INFO  AV.BMS - obstacle distance 1910 currenttime 1780.0
02:03:10.771 [main] INFO  AV.BMS -  OSD 00 currentime 1780.0
inside
02:03:11.776 [main] INFO  AV.BMS - obstacle distance 1909 currenttime 1800.0
02:03:11.776 [main] INFO  AV.BMS -  OSD 00 currentime 1800.0
inside
02:03:12.765 [main] INFO  AV.BMS - obstacle distance 1908 currenttime 1820.0
02:03:12.766 [main] INFO  AV.BMS -  OSD 00 currentime 1820.0
inside
02:03:13.754 [main] INFO  AV.BMS - obstacle distance 1907 currenttime 1840.0
02:03:13.754 [main] INFO  AV.BMS -  OSD 00 currentime 1840.0
inside
02:03:14.748 [main] INFO  AV.BMS - obstacle distance 1906 currenttime 1860.0
02:03:14.749 [main] INFO  AV.BMS -  OSD 00 currentime 1860.0
inside
02:03:15.732 [main] INFO  AV.BMS - obstacle distance 1905 currenttime 1880.0
02:03:15.734 [main] INFO  AV.BMS -  OSD 00 currentime 1880.0
inside
02:03:16.772 [main] INFO  AV.BMS - obstacle distance 1904 currenttime 1900.0
02:03:16.773 [main] INFO  AV.BMS -  OSD 00 currentime 1900.0
inside
02:03:17.764 [main] INFO  AV.BMS - obstacle distance 1903 currenttime 1920.0
02:03:17.766 [main] INFO  AV.BMS -  OSD 00 currentime 1920.0
inside
02:03:18.891 [main] INFO  AV.BMS - obstacle distance 1902 currenttime 1940.0
02:03:18.892 [main] INFO  AV.BMS -  OSD 00 currentime 1940.0
inside
02:03:19.897 [main] INFO  AV.BMS - obstacle distance 1901 currenttime 1960.0
02:03:19.897 [main] INFO  AV.BMS -  OSD 00 currentime 1960.0
inside
02:03:20.888 [main] INFO  AV.BMS - obstacle distance 1900 currenttime 1980.0
02:03:20.892 [main] INFO  AV.BMS -  OSD 00 currentime 1980.0
inside
02:03:21.912 [main] INFO  AV.BMS - obstacle distance 1899 currenttime 2000.0
02:03:21.912 [main] INFO  AV.BMS -  OSD 00 currentime 2000.0
inside
02:03:22.938 [main] INFO  AV.BMS - obstacle distance 1898 currenttime 2020.0
02:03:22.938 [main] INFO  AV.BMS -  OSD 00 currentime 2020.0
inside
02:03:23.942 [main] INFO  AV.BMS - obstacle distance 1897 currenttime 2040.0
02:03:23.942 [main] INFO  AV.BMS -  OSD 00 currentime 2040.0
inside
02:03:24.930 [main] INFO  AV.BMS - obstacle distance 1896 currenttime 2060.0
02:03:24.930 [main] INFO  AV.BMS -  OSD 00 currentime 2060.0
inside
02:03:25.912 [main] INFO  AV.BMS - obstacle distance 1895 currenttime 2080.0
02:03:25.912 [main] INFO  AV.BMS -  OSD 00 currentime 2080.0
inside
02:03:26.912 [main] INFO  AV.BMS - obstacle distance 1894 currenttime 2100.0
02:03:26.913 [main] INFO  AV.BMS -  OSD 00 currentime 2100.0
inside
02:03:27.884 [main] INFO  AV.BMS - obstacle distance 1893 currenttime 2120.0
02:03:27.885 [main] INFO  AV.BMS -  OSD 00 currentime 2120.0
inside
02:03:28.892 [main] INFO  AV.BMS - obstacle distance 1892 currenttime 2140.0
02:03:28.893 [main] INFO  AV.BMS -  OSD 00 currentime 2140.0
inside
02:03:29.874 [main] INFO  AV.BMS - obstacle distance 1891 currenttime 2160.0
02:03:29.875 [main] INFO  AV.BMS -  OSD 00 currentime 2160.0
inside
02:03:30.843 [main] INFO  AV.BMS - obstacle distance 1890 currenttime 2180.0
02:03:30.843 [main] INFO  AV.BMS -  OSD 00 currentime 2180.0
inside
02:03:31.809 [main] INFO  AV.BMS - obstacle distance 1889 currenttime 2200.0
02:03:31.810 [main] INFO  AV.BMS -  OSD 00 currentime 2200.0
inside
02:03:32.804 [main] INFO  AV.BMS - obstacle distance 1888 currenttime 2220.0
02:03:32.805 [main] INFO  AV.BMS -  OSD 00 currentime 2220.0
inside
02:03:33.794 [main] INFO  AV.BMS - obstacle distance 1887 currenttime 2240.0
02:03:33.794 [main] INFO  AV.BMS -  OSD 00 currentime 2240.0
inside
02:03:34.804 [main] INFO  AV.BMS - obstacle distance 1886 currenttime 2260.0
02:03:34.805 [main] INFO  AV.BMS -  OSD 00 currentime 2260.0
inside
02:03:35.787 [main] INFO  AV.BMS - obstacle distance 1885 currenttime 2280.0
02:03:35.789 [main] INFO  AV.BMS -  OSD 00 currentime 2280.0
inside
02:03:36.786 [main] INFO  AV.BMS - obstacle distance 1884 currenttime 2300.0
02:03:36.786 [main] INFO  AV.BMS -  OSD 00 currentime 2300.0
inside
02:03:37.789 [main] INFO  AV.BMS - obstacle distance 1883 currenttime 2320.0
02:03:37.789 [main] INFO  AV.BMS -  OSD 00 currentime 2320.0
inside
02:03:38.806 [main] INFO  AV.BMS - obstacle distance 1882 currenttime 2340.0
02:03:38.806 [main] INFO  AV.BMS -  OSD 00 currentime 2340.0
inside
02:03:39.775 [main] INFO  AV.BMS - obstacle distance 1881 currenttime 2360.0
02:03:39.775 [main] INFO  AV.BMS -  OSD 00 currentime 2360.0
inside
02:03:40.819 [main] INFO  AV.BMS - obstacle distance 1880 currenttime 2380.0
02:03:40.819 [main] INFO  AV.BMS -  OSD 00 currentime 2380.0
inside
02:03:41.822 [main] INFO  AV.BMS - obstacle distance 1879 currenttime 2400.0
02:03:41.823 [main] INFO  AV.BMS -  OSD 00 currentime 2400.0
inside
02:03:42.823 [main] INFO  AV.BMS - obstacle distance 1878 currenttime 2420.0
02:03:42.823 [main] INFO  AV.BMS -  OSD 00 currentime 2420.0
inside
02:03:43.890 [main] INFO  AV.BMS - obstacle distance 1877 currenttime 2440.0
02:03:43.891 [main] INFO  AV.BMS -  OSD 00 currentime 2440.0
inside
02:03:44.881 [main] INFO  AV.BMS - obstacle distance 1876 currenttime 2460.0
02:03:44.882 [main] INFO  AV.BMS -  OSD 00 currentime 2460.0
inside
02:03:45.924 [main] INFO  AV.BMS - obstacle distance 1875 currenttime 2480.0
02:03:45.924 [main] INFO  AV.BMS -  OSD 00 currentime 2480.0
inside
02:03:46.896 [main] INFO  AV.BMS - obstacle distance 1874 currenttime 2500.0
02:03:46.897 [main] INFO  AV.BMS -  OSD 00 currentime 2500.0
inside
02:03:47.922 [main] INFO  AV.BMS - obstacle distance 1873 currenttime 2520.0
02:03:47.922 [main] INFO  AV.BMS -  OSD 00 currentime 2520.0
inside
02:03:48.901 [main] INFO  AV.BMS - obstacle distance 1872 currenttime 2540.0
02:03:48.902 [main] INFO  AV.BMS -  OSD 00 currentime 2540.0
inside
02:03:49.907 [main] INFO  AV.BMS - obstacle distance 1871 currenttime 2560.0
02:03:49.907 [main] INFO  AV.BMS -  OSD 00 currentime 2560.0
inside
02:03:50.919 [main] INFO  AV.BMS - obstacle distance 1870 currenttime 2580.0
02:03:50.919 [main] INFO  AV.BMS -  OSD 00 currentime 2580.0
inside
02:03:51.903 [main] INFO  AV.BMS - obstacle distance 1869 currenttime 2600.0
02:03:51.903 [main] INFO  AV.BMS -  OSD 00 currentime 2600.0
inside
02:03:52.948 [main] INFO  AV.BMS - obstacle distance 1868 currenttime 2620.0
02:03:52.949 [main] INFO  AV.BMS -  OSD 00 currentime 2620.0
inside
02:03:53.996 [main] INFO  AV.BMS - obstacle distance 1867 currenttime 2640.0
02:03:53.997 [main] INFO  AV.BMS -  OSD 00 currentime 2640.0
inside
02:03:54.967 [main] INFO  AV.BMS - obstacle distance 1866 currenttime 2660.0
02:03:54.969 [main] INFO  AV.BMS -  OSD 00 currentime 2660.0
inside
02:03:56.012 [main] INFO  AV.BMS - obstacle distance 1865 currenttime 2680.0
02:03:56.012 [main] INFO  AV.BMS -  OSD 00 currentime 2680.0
inside
02:03:56.984 [main] INFO  AV.BMS - obstacle distance 1864 currenttime 2700.0
02:03:56.984 [main] INFO  AV.BMS -  OSD 00 currentime 2700.0
inside
02:03:57.982 [main] INFO  AV.BMS - obstacle distance 1863 currenttime 2720.0
02:03:57.983 [main] INFO  AV.BMS -  OSD 00 currentime 2720.0
inside
02:03:58.971 [main] INFO  AV.BMS - obstacle distance 1862 currenttime 2740.0
02:03:58.971 [main] INFO  AV.BMS -  OSD 00 currentime 2740.0
inside
02:03:59.926 [main] INFO  AV.BMS - obstacle distance 1861 currenttime 2760.0
02:03:59.926 [main] INFO  AV.BMS -  OSD 00 currentime 2760.0
inside
02:04:00.942 [main] INFO  AV.BMS - obstacle distance 1860 currenttime 2780.0
02:04:00.942 [main] INFO  AV.BMS -  OSD 00 currentime 2780.0
inside
02:04:01.936 [main] INFO  AV.BMS - obstacle distance 1859 currenttime 2800.0
02:04:01.936 [main] INFO  AV.BMS -  OSD 00 currentime 2800.0
inside
02:04:02.927 [main] INFO  AV.BMS - obstacle distance 1858 currenttime 2820.0
02:04:02.929 [main] INFO  AV.BMS -  OSD 00 currentime 2820.0
inside
02:04:03.930 [main] INFO  AV.BMS - obstacle distance 1857 currenttime 2840.0
02:04:03.931 [main] INFO  AV.BMS -  OSD 00 currentime 2840.0
inside
02:04:04.908 [main] INFO  AV.BMS - obstacle distance 1856 currenttime 2860.0
02:04:04.909 [main] INFO  AV.BMS -  OSD 00 currentime 2860.0
inside
02:04:05.926 [main] INFO  AV.BMS - obstacle distance 1855 currenttime 2880.0
02:04:05.926 [main] INFO  AV.BMS -  OSD 00 currentime 2880.0
inside
02:04:06.968 [main] INFO  AV.BMS - obstacle distance 1854 currenttime 2900.0
02:04:06.969 [main] INFO  AV.BMS -  OSD 00 currentime 2900.0
inside
02:04:07.938 [main] INFO  AV.BMS - obstacle distance 1853 currenttime 2920.0
02:04:07.938 [main] INFO  AV.BMS -  OSD 00 currentime 2920.0
inside
02:04:08.877 [main] INFO  AV.BMS - obstacle distance 1852 currenttime 2940.0
02:04:08.878 [main] INFO  AV.BMS -  OSD 00 currentime 2940.0
inside
02:04:09.848 [main] INFO  AV.BMS - obstacle distance 1851 currenttime 2960.0
02:04:09.848 [main] INFO  AV.BMS -  OSD 00 currentime 2960.0
inside
02:04:10.957 [main] INFO  AV.BMS - obstacle distance 1850 currenttime 2980.0
02:04:10.957 [main] INFO  AV.BMS -  OSD 00 currentime 2980.0
inside
02:04:11.928 [main] INFO  AV.BMS - obstacle distance 1849 currenttime 3000.0
02:04:11.928 [main] INFO  AV.BMS -  OSD 00 currentime 3000.0
inside
02:04:12.926 [main] INFO  AV.BMS - obstacle distance 1848 currenttime 3020.0
02:04:12.926 [main] INFO  AV.BMS -  OSD 00 currentime 3020.0
inside
02:04:13.909 [main] INFO  AV.BMS - obstacle distance 1847 currenttime 3040.0
02:04:13.909 [main] INFO  AV.BMS -  OSD 00 currentime 3040.0
inside
02:04:14.922 [main] INFO  AV.BMS - obstacle distance 1846 currenttime 3060.0
02:04:14.922 [main] INFO  AV.BMS -  OSD 00 currentime 3060.0
inside
02:04:15.920 [main] INFO  AV.BMS - obstacle distance 1845 currenttime 3080.0
02:04:15.920 [main] INFO  AV.BMS -  OSD 00 currentime 3080.0
inside
02:04:16.880 [main] INFO  AV.BMS - obstacle distance 1844 currenttime 3100.0
02:04:16.881 [main] INFO  AV.BMS -  OSD 00 currentime 3100.0
inside
02:04:17.894 [main] INFO  AV.BMS - obstacle distance 1843 currenttime 3120.0
02:04:17.895 [main] INFO  AV.BMS -  OSD 00 currentime 3120.0
inside
02:04:18.874 [main] INFO  AV.BMS - obstacle distance 1842 currenttime 3140.0
02:04:18.874 [main] INFO  AV.BMS -  OSD 00 currentime 3140.0
inside
02:04:19.925 [main] INFO  AV.BMS - obstacle distance 1841 currenttime 3160.0
02:04:19.925 [main] INFO  AV.BMS -  OSD 00 currentime 3160.0
inside
02:04:20.603 [main] INFO  AV.BMS - obstacle distance 1840 currenttime 3180.0
02:04:20.603 [main] INFO  AV.BMS -  OSD 00 currentime 3180.0
inside
02:04:21.554 [main] INFO  AV.BMS - obstacle distance 1839 currenttime 3200.0
02:04:21.555 [main] INFO  AV.BMS -  OSD 00 currentime 3200.0
inside
02:04:22.530 [main] INFO  AV.BMS - obstacle distance 1838 currenttime 3220.0
02:04:22.530 [main] INFO  AV.BMS -  OSD 00 currentime 3220.0
inside
02:04:23.486 [main] INFO  AV.BMS - obstacle distance 1837 currenttime 3240.0
02:04:23.486 [main] INFO  AV.BMS -  OSD 00 currentime 3240.0
inside
02:04:24.477 [main] INFO  AV.BMS - obstacle distance 1836 currenttime 3260.0
02:04:24.477 [main] INFO  AV.BMS -  OSD 00 currentime 3260.0
inside
02:04:25.477 [main] INFO  AV.BMS - obstacle distance 1835 currenttime 3280.0
02:04:25.478 [main] INFO  AV.BMS -  OSD 00 currentime 3280.0
inside
02:04:26.380 [main] INFO  AV.BMS - obstacle distance 1834 currenttime 3300.0
02:04:26.380 [main] INFO  AV.BMS -  OSD 00 currentime 3300.0
inside
02:04:27.369 [main] INFO  AV.BMS - obstacle distance 1833 currenttime 3320.0
02:04:27.369 [main] INFO  AV.BMS -  OSD 00 currentime 3320.0
inside
02:04:28.376 [main] INFO  AV.BMS - obstacle distance 1832 currenttime 3340.0
02:04:28.377 [main] INFO  AV.BMS -  OSD 00 currentime 3340.0
inside
02:04:29.414 [main] INFO  AV.BMS - obstacle distance 1831 currenttime 3360.0
02:04:29.414 [main] INFO  AV.BMS -  OSD 00 currentime 3360.0
inside
02:04:30.619 [main] INFO  AV.BMS - obstacle distance 1830 currenttime 3380.0
02:04:30.619 [main] INFO  AV.BMS -  OSD 00 currentime 3380.0
inside
02:04:31.633 [main] INFO  AV.BMS - obstacle distance 1829 currenttime 3400.0
02:04:31.634 [main] INFO  AV.BMS -  OSD 00 currentime 3400.0
inside
02:04:32.659 [main] INFO  AV.BMS - obstacle distance 1828 currenttime 3420.0
02:04:32.659 [main] INFO  AV.BMS -  OSD 00 currentime 3420.0
inside
02:04:33.662 [main] INFO  AV.BMS - obstacle distance 1827 currenttime 3440.0
02:04:33.662 [main] INFO  AV.BMS -  OSD 00 currentime 3440.0
inside
02:04:34.682 [main] INFO  AV.BMS - obstacle distance 1826 currenttime 3460.0
02:04:34.683 [main] INFO  AV.BMS -  OSD 00 currentime 3460.0
inside
02:04:35.686 [main] INFO  AV.BMS - obstacle distance 1825 currenttime 3480.0
02:04:35.687 [main] INFO  AV.BMS -  OSD 00 currentime 3480.0
inside
02:04:36.681 [main] INFO  AV.BMS - obstacle distance 1824 currenttime 3500.0
02:04:36.681 [main] INFO  AV.BMS -  OSD 00 currentime 3500.0
inside
02:04:37.684 [main] INFO  AV.BMS - obstacle distance 1823 currenttime 3520.0
02:04:37.684 [main] INFO  AV.BMS -  OSD 00 currentime 3520.0
inside
02:04:38.716 [main] INFO  AV.BMS - obstacle distance 1822 currenttime 3540.0
02:04:38.716 [main] INFO  AV.BMS -  OSD 00 currentime 3540.0
inside
02:04:39.651 [main] INFO  AV.BMS - obstacle distance 1821 currenttime 3560.0
02:04:39.651 [main] INFO  AV.BMS -  OSD 00 currentime 3560.0
inside
02:04:40.640 [main] INFO  AV.BMS - obstacle distance 1820 currenttime 3580.0
02:04:40.640 [main] INFO  AV.BMS -  OSD 00 currentime 3580.0
inside
02:04:41.636 [main] INFO  AV.BMS - obstacle distance 1819 currenttime 3600.0
02:04:41.637 [main] INFO  AV.BMS -  OSD 00 currentime 3600.0
inside
02:04:42.644 [main] INFO  AV.BMS - obstacle distance 1818 currenttime 3620.0
02:04:42.644 [main] INFO  AV.BMS -  OSD 00 currentime 3620.0
inside
02:04:43.588 [main] INFO  AV.BMS - obstacle distance 1817 currenttime 3640.0
02:04:43.588 [main] INFO  AV.BMS -  OSD 00 currentime 3640.0
inside
02:04:44.562 [main] INFO  AV.BMS - obstacle distance 1816 currenttime 3660.0
02:04:44.562 [main] INFO  AV.BMS -  OSD 00 currentime 3660.0
inside
02:04:45.511 [main] INFO  AV.BMS - obstacle distance 1815 currenttime 3680.0
02:04:45.511 [main] INFO  AV.BMS -  OSD 00 currentime 3680.0
inside
02:04:46.501 [main] INFO  AV.BMS - obstacle distance 1814 currenttime 3700.0
02:04:46.501 [main] INFO  AV.BMS -  OSD 00 currentime 3700.0
inside
02:04:47.506 [main] INFO  AV.BMS - obstacle distance 1813 currenttime 3720.0
02:04:47.507 [main] INFO  AV.BMS -  OSD 00 currentime 3720.0
inside
02:04:48.512 [main] INFO  AV.BMS - obstacle distance 1812 currenttime 3740.0
02:04:48.512 [main] INFO  AV.BMS -  OSD 00 currentime 3740.0
inside
02:04:49.479 [main] INFO  AV.BMS - obstacle distance 1811 currenttime 3760.0
02:04:49.479 [main] INFO  AV.BMS -  OSD 00 currentime 3760.0
inside
02:04:50.594 [main] INFO  AV.BMS - obstacle distance 1810 currenttime 3780.0
02:04:50.595 [main] INFO  AV.BMS -  OSD 00 currentime 3780.0
inside
02:04:51.621 [main] INFO  AV.BMS - obstacle distance 1809 currenttime 3800.0
02:04:51.622 [main] INFO  AV.BMS -  OSD 00 currentime 3800.0
inside
02:04:52.599 [main] INFO  AV.BMS - obstacle distance 1808 currenttime 3820.0
02:04:52.600 [main] INFO  AV.BMS -  OSD 00 currentime 3820.0
inside
02:04:53.587 [main] INFO  AV.BMS - obstacle distance 1807 currenttime 3840.0
02:04:53.588 [main] INFO  AV.BMS -  OSD 00 currentime 3840.0
inside
02:04:54.595 [main] INFO  AV.BMS - obstacle distance 1806 currenttime 3860.0
02:04:54.595 [main] INFO  AV.BMS -  OSD 00 currentime 3860.0
inside
02:04:55.590 [main] INFO  AV.BMS - obstacle distance 1805 currenttime 3880.0
02:04:55.591 [main] INFO  AV.BMS -  OSD 00 currentime 3880.0
inside
02:04:56.577 [main] INFO  AV.BMS - obstacle distance 1804 currenttime 3900.0
02:04:56.577 [main] INFO  AV.BMS -  OSD 00 currentime 3900.0
inside
02:04:57.565 [main] INFO  AV.BMS - obstacle distance 1803 currenttime 3920.0
02:04:57.565 [main] INFO  AV.BMS -  OSD 00 currentime 3920.0
inside
02:04:58.555 [main] INFO  AV.BMS - obstacle distance 1802 currenttime 3940.0
02:04:58.555 [main] INFO  AV.BMS -  OSD 00 currentime 3940.0
inside
02:04:59.564 [main] INFO  AV.BMS - obstacle distance 1801 currenttime 3960.0
02:04:59.565 [main] INFO  AV.BMS -  OSD 00 currentime 3960.0
inside
02:05:00.553 [main] INFO  AV.BMS - obstacle distance 1800 currenttime 3980.0
02:05:00.553 [main] INFO  AV.BMS -  OSD 00 currentime 3980.0
inside
02:05:01.517 [main] INFO  AV.BMS - obstacle distance 1799 currenttime 4000.0
02:05:01.517 [main] INFO  AV.BMS -  OSD 00 currentime 4000.0
inside
02:05:02.521 [main] INFO  AV.BMS - obstacle distance 1798 currenttime 4020.0
02:05:02.522 [main] INFO  AV.BMS -  OSD 00 currentime 4020.0
inside
02:05:03.497 [main] INFO  AV.BMS - obstacle distance 1797 currenttime 4040.0
02:05:03.497 [main] INFO  AV.BMS -  OSD 00 currentime 4040.0
inside
02:05:04.481 [main] INFO  AV.BMS - obstacle distance 1796 currenttime 4060.0
02:05:04.481 [main] INFO  AV.BMS -  OSD 00 currentime 4060.0
inside
02:05:05.391 [main] INFO  AV.BMS - obstacle distance 1795 currenttime 4080.0
02:05:05.392 [main] INFO  AV.BMS -  OSD 00 currentime 4080.0
inside
02:05:06.403 [main] INFO  AV.BMS - obstacle distance 1794 currenttime 4100.0
02:05:06.403 [main] INFO  AV.BMS -  OSD 00 currentime 4100.0
inside
02:05:07.409 [main] INFO  AV.BMS - obstacle distance 1793 currenttime 4120.0
02:05:07.409 [main] INFO  AV.BMS -  OSD 00 currentime 4120.0
inside
02:05:08.384 [main] INFO  AV.BMS - obstacle distance 1792 currenttime 4140.0
02:05:08.385 [main] INFO  AV.BMS -  OSD 00 currentime 4140.0
inside
02:05:09.426 [main] INFO  AV.BMS - obstacle distance 1791 currenttime 4160.0
02:05:09.426 [main] INFO  AV.BMS -  OSD 00 currentime 4160.0
inside
02:05:10.443 [main] INFO  AV.BMS - obstacle distance 1790 currenttime 4180.0
02:05:10.444 [main] INFO  AV.BMS -  OSD 00 currentime 4180.0
inside
02:05:11.527 [main] INFO  AV.BMS - obstacle distance 1789 currenttime 4200.0
02:05:11.527 [main] INFO  AV.BMS -  OSD 00 currentime 4200.0
inside
02:05:12.517 [main] INFO  AV.BMS - obstacle distance 1788 currenttime 4220.0
02:05:12.518 [main] INFO  AV.BMS -  OSD 00 currentime 4220.0
inside
02:05:13.489 [main] INFO  AV.BMS - obstacle distance 1787 currenttime 4240.0
02:05:13.489 [main] INFO  AV.BMS -  OSD 00 currentime 4240.0
inside
02:05:14.480 [main] INFO  AV.BMS - obstacle distance 1786 currenttime 4260.0
02:05:14.481 [main] INFO  AV.BMS -  OSD 00 currentime 4260.0
inside
02:05:15.498 [main] INFO  AV.BMS - obstacle distance 1785 currenttime 4280.0
02:05:15.498 [main] INFO  AV.BMS -  OSD 00 currentime 4280.0
inside
02:05:16.503 [main] INFO  AV.BMS - obstacle distance 1784 currenttime 4300.0
02:05:16.503 [main] INFO  AV.BMS -  OSD 00 currentime 4300.0
inside
02:05:17.491 [main] INFO  AV.BMS - obstacle distance 1783 currenttime 4320.0
02:05:17.491 [main] INFO  AV.BMS -  OSD 00 currentime 4320.0
inside
02:05:18.456 [main] INFO  AV.BMS - obstacle distance 1782 currenttime 4340.0
02:05:18.457 [main] INFO  AV.BMS -  OSD 00 currentime 4340.0
inside
02:05:19.483 [main] INFO  AV.BMS - obstacle distance 1781 currenttime 4360.0
02:05:19.483 [main] INFO  AV.BMS -  OSD 00 currentime 4360.0
inside
02:05:20.494 [main] INFO  AV.BMS - obstacle distance 1780 currenttime 4380.0
02:05:20.494 [main] INFO  AV.BMS -  OSD 00 currentime 4380.0
inside
02:05:21.438 [main] INFO  AV.BMS - obstacle distance 1779 currenttime 4400.0
02:05:21.438 [main] INFO  AV.BMS -  OSD 00 currentime 4400.0
inside
02:05:22.390 [main] INFO  AV.BMS - obstacle distance 1778 currenttime 4420.0
02:05:22.393 [main] INFO  AV.BMS -  OSD 00 currentime 4420.0
inside
02:05:23.431 [main] INFO  AV.BMS - obstacle distance 1777 currenttime 4440.0
02:05:23.432 [main] INFO  AV.BMS -  OSD 00 currentime 4440.0
inside
02:05:24.459 [main] INFO  AV.BMS - obstacle distance 1776 currenttime 4460.0
02:05:24.459 [main] INFO  AV.BMS -  OSD 00 currentime 4460.0
inside
02:05:25.497 [main] INFO  AV.BMS - obstacle distance 1775 currenttime 4480.0
02:05:25.497 [main] INFO  AV.BMS -  OSD 00 currentime 4480.0
inside
02:05:26.539 [main] INFO  AV.BMS - obstacle distance 1774 currenttime 4500.0
02:05:26.539 [main] INFO  AV.BMS -  OSD 00 currentime 4500.0
inside
02:05:27.559 [main] INFO  AV.BMS - obstacle distance 1773 currenttime 4520.0
02:05:27.560 [main] INFO  AV.BMS -  OSD 00 currentime 4520.0
inside
02:05:28.540 [main] INFO  AV.BMS - obstacle distance 1772 currenttime 4540.0
02:05:28.540 [main] INFO  AV.BMS -  OSD 00 currentime 4540.0
inside
02:05:29.463 [main] INFO  AV.BMS - obstacle distance 1771 currenttime 4560.0
02:05:29.463 [main] INFO  AV.BMS -  OSD 00 currentime 4560.0
inside
02:05:30.427 [main] INFO  AV.BMS - obstacle distance 1770 currenttime 4580.0
02:05:30.427 [main] INFO  AV.BMS -  OSD 00 currentime 4580.0
inside
02:05:31.876 [main] INFO  AV.BMS - obstacle distance 1769 currenttime 4600.0
02:05:31.877 [main] INFO  AV.BMS -  OSD 00 currentime 4600.0
inside
02:05:32.864 [main] INFO  AV.BMS - obstacle distance 1768 currenttime 4620.0
02:05:32.864 [main] INFO  AV.BMS -  OSD 00 currentime 4620.0
inside
02:05:34.044 [main] INFO  AV.BMS - obstacle distance 1767 currenttime 4640.0
02:05:34.044 [main] INFO  AV.BMS -  OSD 00 currentime 4640.0
inside
02:05:35.066 [main] INFO  AV.BMS - obstacle distance 1766 currenttime 4660.0
02:05:35.066 [main] INFO  AV.BMS -  OSD 00 currentime 4660.0
inside
02:05:36.461 [main] INFO  AV.BMS - obstacle distance 1765 currenttime 4680.0
02:05:36.461 [main] INFO  AV.BMS -  OSD 00 currentime 4680.0
inside
02:05:37.439 [main] INFO  AV.BMS - obstacle distance 1764 currenttime 4700.0
02:05:37.439 [main] INFO  AV.BMS -  OSD 00 currentime 4700.0
inside
02:05:38.393 [main] INFO  AV.BMS - obstacle distance 1763 currenttime 4720.0
02:05:38.393 [main] INFO  AV.BMS -  OSD 00 currentime 4720.0
inside
02:05:39.321 [main] INFO  AV.BMS - obstacle distance 1762 currenttime 4740.0
02:05:39.321 [main] INFO  AV.BMS -  OSD 00 currentime 4740.0
inside
02:05:40.292 [main] INFO  AV.BMS - obstacle distance 1761 currenttime 4760.0
02:05:40.293 [main] INFO  AV.BMS -  OSD 00 currentime 4760.0
inside
02:05:41.293 [main] INFO  AV.BMS - obstacle distance 1760 currenttime 4780.0
02:05:41.293 [main] INFO  AV.BMS -  OSD 00 currentime 4780.0
inside
02:05:42.300 [main] INFO  AV.BMS - obstacle distance 1759 currenttime 4800.0
02:05:42.301 [main] INFO  AV.BMS -  OSD 00 currentime 4800.0
inside
02:05:43.312 [main] INFO  AV.BMS - obstacle distance 1758 currenttime 4820.0
02:05:43.313 [main] INFO  AV.BMS -  OSD 00 currentime 4820.0
inside
02:05:44.265 [main] INFO  AV.BMS - obstacle distance 1757 currenttime 4840.0
02:05:44.266 [main] INFO  AV.BMS -  OSD 00 currentime 4840.0
inside
02:05:45.225 [main] INFO  AV.BMS - obstacle distance 1756 currenttime 4860.0
02:05:45.225 [main] INFO  AV.BMS -  OSD 00 currentime 4860.0
inside
02:05:46.193 [main] INFO  AV.BMS - obstacle distance 1755 currenttime 4880.0
02:05:46.193 [main] INFO  AV.BMS -  OSD 00 currentime 4880.0
inside
02:05:47.186 [main] INFO  AV.BMS - obstacle distance 1754 currenttime 4900.0
02:05:47.187 [main] INFO  AV.BMS -  OSD 00 currentime 4900.0
inside
02:05:48.171 [main] INFO  AV.BMS - obstacle distance 1753 currenttime 4920.0
02:05:48.171 [main] INFO  AV.BMS -  OSD 00 currentime 4920.0
inside
02:05:49.176 [main] INFO  AV.BMS - obstacle distance 1752 currenttime 4940.0
02:05:49.176 [main] INFO  AV.BMS -  OSD 00 currentime 4940.0
inside
02:05:50.137 [main] INFO  AV.BMS - obstacle distance 1751 currenttime 4960.0
02:05:50.138 [main] INFO  AV.BMS -  OSD 00 currentime 4960.0
inside
02:05:51.139 [main] INFO  AV.BMS - obstacle distance 1750 currenttime 4980.0
02:05:51.139 [main] INFO  AV.BMS -  OSD 00 currentime 4980.0
inside
02:05:52.199 [main] INFO  AV.BMS - obstacle distance 1749 currenttime 5000.0
02:05:52.200 [main] INFO  AV.BMS -  OSD 00 currentime 5000.0
inside
02:05:53.193 [main] INFO  AV.BMS - obstacle distance 1748 currenttime 5020.0
02:05:53.193 [main] INFO  AV.BMS -  OSD 00 currentime 5020.0
inside
02:05:54.260 [main] INFO  AV.BMS - obstacle distance 1747 currenttime 5040.0
02:05:54.260 [main] INFO  AV.BMS -  OSD 00 currentime 5040.0
inside
02:05:55.050 [main] INFO  AV.BMS - obstacle distance 1746 currenttime 5060.0
02:05:55.057 [main] INFO  AV.BMS -  OSD 00 currentime 5060.0
inside
02:05:56.519 [main] INFO  AV.BMS - obstacle distance 1745 currenttime 5080.0
02:05:56.519 [main] INFO  AV.BMS -  OSD 00 currentime 5080.0
inside
02:05:57.696 [main] INFO  AV.BMS - obstacle distance 1744 currenttime 5100.0
02:05:57.696 [main] INFO  AV.BMS -  OSD 00 currentime 5100.0
inside
02:05:58.672 [main] INFO  AV.BMS - obstacle distance 1743 currenttime 5120.0
02:05:58.673 [main] INFO  AV.BMS -  OSD 00 currentime 5120.0
inside
02:05:59.683 [main] INFO  AV.BMS - obstacle distance 1742 currenttime 5140.0
02:05:59.683 [main] INFO  AV.BMS -  OSD 00 currentime 5140.0
inside
02:06:00.655 [main] INFO  AV.BMS - obstacle distance 1741 currenttime 5160.0
02:06:00.656 [main] INFO  AV.BMS -  OSD 00 currentime 5160.0
inside
02:06:01.616 [main] INFO  AV.BMS - obstacle distance 1740 currenttime 5180.0
02:06:01.616 [main] INFO  AV.BMS -  OSD 00 currentime 5180.0
inside
02:06:02.637 [main] INFO  AV.BMS - obstacle distance 1739 currenttime 5200.0
02:06:02.637 [main] INFO  AV.BMS -  OSD 00 currentime 5200.0
inside
02:06:03.632 [main] INFO  AV.BMS - obstacle distance 1738 currenttime 5220.0
02:06:03.632 [main] INFO  AV.BMS -  OSD 00 currentime 5220.0
inside
02:06:04.660 [main] INFO  AV.BMS - obstacle distance 1737 currenttime 5240.0
02:06:04.661 [main] INFO  AV.BMS -  OSD 00 currentime 5240.0
inside
02:06:05.636 [main] INFO  AV.BMS - obstacle distance 1736 currenttime 5260.0
02:06:05.636 [main] INFO  AV.BMS -  OSD 00 currentime 5260.0
inside
02:06:06.608 [main] INFO  AV.BMS - obstacle distance 1735 currenttime 5280.0
02:06:06.608 [main] INFO  AV.BMS -  OSD 00 currentime 5280.0
inside
02:06:07.559 [main] INFO  AV.BMS - obstacle distance 1734 currenttime 5300.0
02:06:07.560 [main] INFO  AV.BMS -  OSD 00 currentime 5300.0
inside
02:06:08.599 [main] INFO  AV.BMS - obstacle distance 1733 currenttime 5320.0
02:06:08.599 [main] INFO  AV.BMS -  OSD 00 currentime 5320.0
inside
02:06:09.536 [main] INFO  AV.BMS - obstacle distance 1732 currenttime 5340.0
02:06:09.536 [main] INFO  AV.BMS -  OSD 00 currentime 5340.0
inside
02:06:10.529 [main] INFO  AV.BMS - obstacle distance 1731 currenttime 5360.0
02:06:10.529 [main] INFO  AV.BMS -  OSD 00 currentime 5360.0
inside
02:06:11.515 [main] INFO  AV.BMS - obstacle distance 1730 currenttime 5380.0
02:06:11.515 [main] INFO  AV.BMS -  OSD 00 currentime 5380.0
inside
02:06:12.531 [main] INFO  AV.BMS - obstacle distance 1729 currenttime 5400.0
02:06:12.531 [main] INFO  AV.BMS -  OSD 00 currentime 5400.0
inside
02:06:13.547 [main] INFO  AV.BMS - obstacle distance 1728 currenttime 5420.0
02:06:13.547 [main] INFO  AV.BMS -  OSD 00 currentime 5420.0
inside
02:06:14.537 [main] INFO  AV.BMS - obstacle distance 1727 currenttime 5440.0
02:06:14.538 [main] INFO  AV.BMS -  OSD 00 currentime 5440.0
inside
02:06:15.539 [main] INFO  AV.BMS - obstacle distance 1726 currenttime 5460.0
02:06:15.541 [main] INFO  AV.BMS -  OSD 00 currentime 5460.0
inside
02:06:16.539 [main] INFO  AV.BMS - obstacle distance 1725 currenttime 5480.0
02:06:16.539 [main] INFO  AV.BMS -  OSD 00 currentime 5480.0
inside
02:06:17.512 [main] INFO  AV.BMS - obstacle distance 1724 currenttime 5500.0
02:06:17.513 [main] INFO  AV.BMS -  OSD 00 currentime 5500.0
inside
02:06:18.507 [main] INFO  AV.BMS - obstacle distance 1723 currenttime 5520.0
02:06:18.507 [main] INFO  AV.BMS -  OSD 00 currentime 5520.0
inside
02:06:19.494 [main] INFO  AV.BMS - obstacle distance 1722 currenttime 5540.0
02:06:19.494 [main] INFO  AV.BMS -  OSD 00 currentime 5540.0
inside
02:06:20.490 [main] INFO  AV.BMS - obstacle distance 1721 currenttime 5560.0
02:06:20.491 [main] INFO  AV.BMS -  OSD 00 currentime 5560.0
inside
02:06:21.318 [main] INFO  AV.BMS - obstacle distance 1720 currenttime 5580.0
02:06:21.318 [main] INFO  AV.BMS -  OSD 00 currentime 5580.0
inside
02:06:22.244 [main] INFO  AV.BMS - obstacle distance 1719 currenttime 5600.0
02:06:22.244 [main] INFO  AV.BMS -  OSD 00 currentime 5600.0
inside
02:06:23.230 [main] INFO  AV.BMS - obstacle distance 1718 currenttime 5620.0
02:06:23.231 [main] INFO  AV.BMS -  OSD 00 currentime 5620.0
inside
02:06:24.231 [main] INFO  AV.BMS - obstacle distance 1717 currenttime 5640.0
02:06:24.231 [main] INFO  AV.BMS -  OSD 00 currentime 5640.0
inside
02:06:25.190 [main] INFO  AV.BMS - obstacle distance 1716 currenttime 5660.0
02:06:25.190 [main] INFO  AV.BMS -  OSD 00 currentime 5660.0
inside
02:06:26.188 [main] INFO  AV.BMS - obstacle distance 1715 currenttime 5680.0
02:06:26.188 [main] INFO  AV.BMS -  OSD 00 currentime 5680.0
inside
02:06:27.132 [main] INFO  AV.BMS - obstacle distance 1714 currenttime 5700.0
02:06:27.132 [main] INFO  AV.BMS -  OSD 00 currentime 5700.0
inside
02:06:28.135 [main] INFO  AV.BMS - obstacle distance 1713 currenttime 5720.0
02:06:28.136 [main] INFO  AV.BMS -  OSD 00 currentime 5720.0
inside
02:06:29.102 [main] INFO  AV.BMS - obstacle distance 1712 currenttime 5740.0
02:06:29.103 [main] INFO  AV.BMS -  OSD 00 currentime 5740.0
inside
02:06:30.081 [main] INFO  AV.BMS - obstacle distance 1711 currenttime 5760.0
02:06:30.081 [main] INFO  AV.BMS -  OSD 00 currentime 5760.0
inside
02:06:31.061 [main] INFO  AV.BMS - obstacle distance 1710 currenttime 5780.0
02:06:31.061 [main] INFO  AV.BMS -  OSD 00 currentime 5780.0
inside
02:06:32.072 [main] INFO  AV.BMS - obstacle distance 1709 currenttime 5800.0
02:06:32.072 [main] INFO  AV.BMS -  OSD 00 currentime 5800.0
inside
02:06:33.059 [main] INFO  AV.BMS - obstacle distance 1708 currenttime 5820.0
02:06:33.059 [main] INFO  AV.BMS -  OSD 00 currentime 5820.0
inside
02:06:34.061 [main] INFO  AV.BMS - obstacle distance 1707 currenttime 5840.0
02:06:34.062 [main] INFO  AV.BMS -  OSD 00 currentime 5840.0
inside
02:06:35.051 [main] INFO  AV.BMS - obstacle distance 1706 currenttime 5860.0
02:06:35.051 [main] INFO  AV.BMS -  OSD 00 currentime 5860.0
inside
02:06:36.022 [main] INFO  AV.BMS - obstacle distance 1705 currenttime 5880.0
02:06:36.026 [main] INFO  AV.BMS -  OSD 00 currentime 5880.0
inside
02:06:36.976 [main] INFO  AV.BMS - obstacle distance 1704 currenttime 5900.0
02:06:36.977 [main] INFO  AV.BMS -  OSD 00 currentime 5900.0
inside
02:06:37.959 [main] INFO  AV.BMS - obstacle distance 1703 currenttime 5920.0
02:06:37.959 [main] INFO  AV.BMS -  OSD 00 currentime 5920.0
inside
02:06:38.930 [main] INFO  AV.BMS - obstacle distance 1702 currenttime 5940.0
02:06:38.930 [main] INFO  AV.BMS -  OSD 00 currentime 5940.0
inside
02:06:39.902 [main] INFO  AV.BMS - obstacle distance 1701 currenttime 5960.0
02:06:39.902 [main] INFO  AV.BMS -  OSD 00 currentime 5960.0
inside
02:06:40.911 [main] INFO  AV.BMS - obstacle distance 1700 currenttime 5980.0
02:06:40.912 [main] INFO  AV.BMS -  OSD 00 currentime 5980.0
inside
02:06:41.925 [main] INFO  AV.BMS - obstacle distance 1699 currenttime 6000.0
02:06:41.925 [main] INFO  AV.BMS -  OSD 00 currentime 6000.0
inside
02:06:42.860 [main] INFO  AV.BMS - obstacle distance 1698 currenttime 6020.0
02:06:42.860 [main] INFO  AV.BMS -  OSD 00 currentime 6020.0
inside
02:06:43.801 [main] INFO  AV.BMS - obstacle distance 1697 currenttime 6040.0
02:06:43.801 [main] INFO  AV.BMS -  OSD 00 currentime 6040.0
inside
02:06:44.770 [main] INFO  AV.BMS - obstacle distance 1696 currenttime 6060.0
02:06:44.770 [main] INFO  AV.BMS -  OSD 00 currentime 6060.0
inside
02:06:45.772 [main] INFO  AV.BMS - obstacle distance 1695 currenttime 6080.0
02:06:45.772 [main] INFO  AV.BMS -  OSD 00 currentime 6080.0
inside
02:06:46.813 [main] INFO  AV.BMS - obstacle distance 1694 currenttime 6100.0
02:06:46.813 [main] INFO  AV.BMS -  OSD 00 currentime 6100.0
inside
02:06:47.790 [main] INFO  AV.BMS - obstacle distance 1693 currenttime 6120.0
02:06:47.790 [main] INFO  AV.BMS -  OSD 00 currentime 6120.0
inside
02:06:48.771 [main] INFO  AV.BMS - obstacle distance 1692 currenttime 6140.0
02:06:48.771 [main] INFO  AV.BMS -  OSD 00 currentime 6140.0
inside
02:06:49.813 [main] INFO  AV.BMS - obstacle distance 1691 currenttime 6160.0
02:06:49.813 [main] INFO  AV.BMS -  OSD 00 currentime 6160.0
inside
02:06:50.746 [main] INFO  AV.BMS - obstacle distance 1690 currenttime 6180.0
02:06:50.746 [main] INFO  AV.BMS -  OSD 00 currentime 6180.0
inside
02:06:51.741 [main] INFO  AV.BMS - obstacle distance 1689 currenttime 6200.0
02:06:51.742 [main] INFO  AV.BMS -  OSD 00 currentime 6200.0
inside
02:06:52.700 [main] INFO  AV.BMS - obstacle distance 1688 currenttime 6220.0
02:06:52.701 [main] INFO  AV.BMS -  OSD 00 currentime 6220.0
inside
02:06:53.666 [main] INFO  AV.BMS - obstacle distance 1687 currenttime 6240.0
02:06:53.666 [main] INFO  AV.BMS -  OSD 00 currentime 6240.0
inside
02:06:54.681 [main] INFO  AV.BMS - obstacle distance 1686 currenttime 6260.0
02:06:54.681 [main] INFO  AV.BMS -  OSD 00 currentime 6260.0
inside
02:06:55.727 [main] INFO  AV.BMS - obstacle distance 1685 currenttime 6280.0
02:06:55.727 [main] INFO  AV.BMS -  OSD 00 currentime 6280.0
inside
02:06:56.704 [main] INFO  AV.BMS - obstacle distance 1684 currenttime 6300.0
02:06:56.704 [main] INFO  AV.BMS -  OSD 00 currentime 6300.0
inside
02:06:57.716 [main] INFO  AV.BMS - obstacle distance 1683 currenttime 6320.0
02:06:57.716 [main] INFO  AV.BMS -  OSD 00 currentime 6320.0
inside
02:06:58.694 [main] INFO  AV.BMS - obstacle distance 1682 currenttime 6340.0
02:06:58.700 [main] INFO  AV.BMS -  OSD 00 currentime 6340.0
inside
02:06:59.689 [main] INFO  AV.BMS - obstacle distance 1681 currenttime 6360.0
02:06:59.690 [main] INFO  AV.BMS -  OSD 00 currentime 6360.0
inside
02:07:00.739 [main] INFO  AV.BMS - obstacle distance 1680 currenttime 6380.0
02:07:00.739 [main] INFO  AV.BMS -  OSD 00 currentime 6380.0
inside
02:07:01.724 [main] INFO  AV.BMS - obstacle distance 1679 currenttime 6400.0
02:07:01.724 [main] INFO  AV.BMS -  OSD 00 currentime 6400.0
inside
02:07:02.736 [main] INFO  AV.BMS - obstacle distance 1678 currenttime 6420.0
02:07:02.736 [main] INFO  AV.BMS -  OSD 00 currentime 6420.0
inside
02:07:03.760 [main] INFO  AV.BMS - obstacle distance 1677 currenttime 6440.0
02:07:03.760 [main] INFO  AV.BMS -  OSD 00 currentime 6440.0
inside
02:07:04.742 [main] INFO  AV.BMS - obstacle distance 1676 currenttime 6460.0
02:07:04.743 [main] INFO  AV.BMS -  OSD 00 currentime 6460.0
inside
02:07:05.723 [main] INFO  AV.BMS - obstacle distance 1675 currenttime 6480.0
02:07:05.723 [main] INFO  AV.BMS -  OSD 00 currentime 6480.0
inside
02:07:06.666 [main] INFO  AV.BMS - obstacle distance 1674 currenttime 6500.0
02:07:06.666 [main] INFO  AV.BMS -  OSD 00 currentime 6500.0
inside
02:07:07.585 [main] INFO  AV.BMS - obstacle distance 1673 currenttime 6520.0
02:07:07.586 [main] INFO  AV.BMS -  OSD 00 currentime 6520.0
inside
02:07:08.595 [main] INFO  AV.BMS - obstacle distance 1672 currenttime 6540.0
02:07:08.595 [main] INFO  AV.BMS -  OSD 00 currentime 6540.0
inside
02:07:09.598 [main] INFO  AV.BMS - obstacle distance 1671 currenttime 6560.0
02:07:09.598 [main] INFO  AV.BMS -  OSD 00 currentime 6560.0
inside
02:07:10.822 [main] INFO  AV.BMS - obstacle distance 1670 currenttime 6580.0
02:07:10.823 [main] INFO  AV.BMS -  OSD 00 currentime 6580.0
inside
02:07:11.789 [main] INFO  AV.BMS - obstacle distance 1669 currenttime 6600.0
02:07:11.789 [main] INFO  AV.BMS -  OSD 00 currentime 6600.0
inside
02:07:12.792 [main] INFO  AV.BMS - obstacle distance 1668 currenttime 6620.0
02:07:12.792 [main] INFO  AV.BMS -  OSD 00 currentime 6620.0
inside
02:07:13.788 [main] INFO  AV.BMS - obstacle distance 1667 currenttime 6640.0
02:07:13.788 [main] INFO  AV.BMS -  OSD 00 currentime 6640.0
inside
02:07:14.775 [main] INFO  AV.BMS - obstacle distance 1666 currenttime 6660.0
02:07:14.775 [main] INFO  AV.BMS -  OSD 00 currentime 6660.0
inside
02:07:15.653 [main] INFO  AV.BMS - obstacle distance 1665 currenttime 6680.0
02:07:15.654 [main] INFO  AV.BMS -  OSD 00 currentime 6680.0
inside
02:07:16.628 [main] INFO  AV.BMS - obstacle distance 1664 currenttime 6700.0
02:07:16.629 [main] INFO  AV.BMS -  OSD 00 currentime 6700.0
inside
02:07:17.471 [main] INFO  AV.BMS - obstacle distance 1663 currenttime 6720.0
02:07:17.472 [main] INFO  AV.BMS -  OSD 00 currentime 6720.0
inside
02:07:18.350 [main] INFO  AV.BMS - obstacle distance 1662 currenttime 6740.0
02:07:18.350 [main] INFO  AV.BMS -  OSD 00 currentime 6740.0
inside
02:07:19.369 [main] INFO  AV.BMS - obstacle distance 1661 currenttime 6760.0
02:07:19.369 [main] INFO  AV.BMS -  OSD 00 currentime 6760.0
inside
02:07:20.373 [main] INFO  AV.BMS - obstacle distance 1660 currenttime 6780.0
02:07:20.373 [main] INFO  AV.BMS -  OSD 00 currentime 6780.0
inside
02:07:21.400 [main] INFO  AV.BMS - obstacle distance 1659 currenttime 6800.0
02:07:21.400 [main] INFO  AV.BMS -  OSD 00 currentime 6800.0
inside
02:07:22.392 [main] INFO  AV.BMS - obstacle distance 1658 currenttime 6820.0
02:07:22.392 [main] INFO  AV.BMS -  OSD 00 currentime 6820.0
inside
02:07:23.243 [main] INFO  AV.BMS - obstacle distance 1657 currenttime 6840.0
02:07:23.243 [main] INFO  AV.BMS -  OSD 00 currentime 6840.0
inside
02:07:24.236 [main] INFO  AV.BMS - obstacle distance 1656 currenttime 6860.0
02:07:24.237 [main] INFO  AV.BMS -  OSD 00 currentime 6860.0
inside
02:07:25.258 [main] INFO  AV.BMS - obstacle distance 1655 currenttime 6880.0
02:07:25.259 [main] INFO  AV.BMS -  OSD 00 currentime 6880.0
inside
02:07:26.269 [main] INFO  AV.BMS - obstacle distance 1654 currenttime 6900.0
02:07:26.269 [main] INFO  AV.BMS -  OSD 00 currentime 6900.0
inside
02:07:27.264 [main] INFO  AV.BMS - obstacle distance 1653 currenttime 6920.0
02:07:27.265 [main] INFO  AV.BMS -  OSD 00 currentime 6920.0
inside
02:07:28.168 [main] INFO  AV.BMS - obstacle distance 1652 currenttime 6940.0
02:07:28.168 [main] INFO  AV.BMS -  OSD 00 currentime 6940.0
inside
02:07:29.093 [main] INFO  AV.BMS - obstacle distance 1651 currenttime 6960.0
02:07:29.093 [main] INFO  AV.BMS -  OSD 00 currentime 6960.0
inside
02:07:30.106 [main] INFO  AV.BMS - obstacle distance 1650 currenttime 6980.0
02:07:30.107 [main] INFO  AV.BMS -  OSD 00 currentime 6980.0
inside
02:07:31.124 [main] INFO  AV.BMS - obstacle distance 1649 currenttime 7000.0
02:07:31.124 [main] INFO  AV.BMS -  OSD 00 currentime 7000.0
inside
02:07:32.119 [main] INFO  AV.BMS - obstacle distance 1648 currenttime 7020.0
02:07:32.119 [main] INFO  AV.BMS -  OSD 00 currentime 7020.0
inside
02:07:33.108 [main] INFO  AV.BMS - obstacle distance 1647 currenttime 7040.0
02:07:33.109 [main] INFO  AV.BMS -  OSD 00 currentime 7040.0
inside
02:07:34.120 [main] INFO  AV.BMS - obstacle distance 1646 currenttime 7060.0
02:07:34.120 [main] INFO  AV.BMS -  OSD 00 currentime 7060.0
inside
02:07:35.152 [main] INFO  AV.BMS - obstacle distance 1645 currenttime 7080.0
02:07:35.153 [main] INFO  AV.BMS -  OSD 00 currentime 7080.0
inside
02:07:36.227 [main] INFO  AV.BMS - obstacle distance 1644 currenttime 7100.0
02:07:36.227 [main] INFO  AV.BMS -  OSD 00 currentime 7100.0
inside
02:07:37.416 [main] INFO  AV.BMS - obstacle distance 1643 currenttime 7120.0
02:07:37.416 [main] INFO  AV.BMS -  OSD 00 currentime 7120.0
inside
02:07:38.406 [main] INFO  AV.BMS - obstacle distance 1642 currenttime 7140.0
02:07:38.407 [main] INFO  AV.BMS -  OSD 00 currentime 7140.0
inside
02:07:39.425 [main] INFO  AV.BMS - obstacle distance 1641 currenttime 7160.0
02:07:39.426 [main] INFO  AV.BMS -  OSD 00 currentime 7160.0
inside
02:07:40.407 [main] INFO  AV.BMS - obstacle distance 1640 currenttime 7180.0
02:07:40.407 [main] INFO  AV.BMS -  OSD 00 currentime 7180.0
inside
02:07:41.377 [main] INFO  AV.BMS - obstacle distance 1639 currenttime 7200.0
02:07:41.378 [main] INFO  AV.BMS -  OSD 00 currentime 7200.0
inside
02:07:42.357 [main] INFO  AV.BMS - obstacle distance 1638 currenttime 7220.0
02:07:42.357 [main] INFO  AV.BMS -  OSD 00 currentime 7220.0
inside
02:07:43.382 [main] INFO  AV.BMS - obstacle distance 1637 currenttime 7240.0
02:07:43.382 [main] INFO  AV.BMS -  OSD 00 currentime 7240.0
inside
02:07:44.395 [main] INFO  AV.BMS - obstacle distance 1636 currenttime 7260.0
02:07:44.395 [main] INFO  AV.BMS -  OSD 00 currentime 7260.0
inside
02:07:45.401 [main] INFO  AV.BMS - obstacle distance 1635 currenttime 7280.0
02:07:45.401 [main] INFO  AV.BMS -  OSD 00 currentime 7280.0
inside
02:07:46.386 [main] INFO  AV.BMS - obstacle distance 1634 currenttime 7300.0
02:07:46.387 [main] INFO  AV.BMS -  OSD 00 currentime 7300.0
inside
02:07:47.388 [main] INFO  AV.BMS - obstacle distance 1633 currenttime 7320.0
02:07:47.388 [main] INFO  AV.BMS -  OSD 00 currentime 7320.0
inside
02:07:48.351 [main] INFO  AV.BMS - obstacle distance 1632 currenttime 7340.0
02:07:48.351 [main] INFO  AV.BMS -  OSD 00 currentime 7340.0
inside
02:07:49.327 [main] INFO  AV.BMS - obstacle distance 1631 currenttime 7360.0
02:07:49.327 [main] INFO  AV.BMS -  OSD 00 currentime 7360.0
inside
02:07:50.306 [main] INFO  AV.BMS - obstacle distance 1630 currenttime 7380.0
02:07:50.306 [main] INFO  AV.BMS -  OSD 00 currentime 7380.0
inside
02:07:51.341 [main] INFO  AV.BMS - obstacle distance 1629 currenttime 7400.0
02:07:51.341 [main] INFO  AV.BMS -  OSD 00 currentime 7400.0
inside
02:07:52.303 [main] INFO  AV.BMS - obstacle distance 1628 currenttime 7420.0
02:07:52.303 [main] INFO  AV.BMS -  OSD 00 currentime 7420.0
inside
02:07:53.312 [main] INFO  AV.BMS - obstacle distance 1627 currenttime 7440.0
02:07:53.312 [main] INFO  AV.BMS -  OSD 00 currentime 7440.0
inside
02:07:54.305 [main] INFO  AV.BMS - obstacle distance 1626 currenttime 7460.0
02:07:54.305 [main] INFO  AV.BMS -  OSD 00 currentime 7460.0
inside
02:07:55.306 [main] INFO  AV.BMS - obstacle distance 1625 currenttime 7480.0
02:07:55.306 [main] INFO  AV.BMS -  OSD 00 currentime 7480.0
inside
02:07:56.287 [main] INFO  AV.BMS - obstacle distance 1624 currenttime 7500.0
02:07:56.287 [main] INFO  AV.BMS -  OSD 00 currentime 7500.0
inside
02:07:57.305 [main] INFO  AV.BMS - obstacle distance 1623 currenttime 7520.0
02:07:57.305 [main] INFO  AV.BMS -  OSD 00 currentime 7520.0
inside
02:07:58.344 [main] INFO  AV.BMS - obstacle distance 1622 currenttime 7540.0
02:07:58.344 [main] INFO  AV.BMS -  OSD 00 currentime 7540.0
inside
02:07:59.341 [main] INFO  AV.BMS - obstacle distance 1621 currenttime 7560.0
02:07:59.341 [main] INFO  AV.BMS -  OSD 00 currentime 7560.0
inside
02:08:00.383 [main] INFO  AV.BMS - obstacle distance 1620 currenttime 7580.0
02:08:00.383 [main] INFO  AV.BMS -  OSD 00 currentime 7580.0
inside
02:08:01.398 [main] INFO  AV.BMS - obstacle distance 1619 currenttime 7600.0
02:08:01.398 [main] INFO  AV.BMS -  OSD 00 currentime 7600.0
inside
02:08:02.417 [main] INFO  AV.BMS - obstacle distance 1618 currenttime 7620.0
02:08:02.417 [main] INFO  AV.BMS -  OSD 00 currentime 7620.0
inside
02:08:03.423 [main] INFO  AV.BMS - obstacle distance 1617 currenttime 7640.0
02:08:03.425 [main] INFO  AV.BMS -  OSD 00 currentime 7640.0
inside
02:08:04.631 [main] INFO  AV.BMS - obstacle distance 1616 currenttime 7660.0
02:08:04.631 [main] INFO  AV.BMS -  OSD 00 currentime 7660.0
inside
02:08:05.681 [main] INFO  AV.BMS - obstacle distance 1615 currenttime 7680.0
02:08:05.681 [main] INFO  AV.BMS -  OSD 00 currentime 7680.0
inside
02:08:06.647 [main] INFO  AV.BMS - obstacle distance 1614 currenttime 7700.0
02:08:06.647 [main] INFO  AV.BMS -  OSD 00 currentime 7700.0
inside
02:08:07.661 [main] INFO  AV.BMS - obstacle distance 1613 currenttime 7720.0
02:08:07.661 [main] INFO  AV.BMS -  OSD 00 currentime 7720.0
inside
02:08:08.690 [main] INFO  AV.BMS - obstacle distance 1612 currenttime 7740.0
02:08:08.691 [main] INFO  AV.BMS -  OSD 00 currentime 7740.0
inside
02:08:09.672 [main] INFO  AV.BMS - obstacle distance 1611 currenttime 7760.0
02:08:09.672 [main] INFO  AV.BMS -  OSD 00 currentime 7760.0
inside
02:08:10.692 [main] INFO  AV.BMS - obstacle distance 1610 currenttime 7780.0
02:08:10.692 [main] INFO  AV.BMS -  OSD 00 currentime 7780.0
inside
02:08:11.695 [main] INFO  AV.BMS - obstacle distance 1609 currenttime 7800.0
02:08:11.695 [main] INFO  AV.BMS -  OSD 00 currentime 7800.0
inside
02:08:12.664 [main] INFO  AV.BMS - obstacle distance 1608 currenttime 7820.0
02:08:12.664 [main] INFO  AV.BMS -  OSD 00 currentime 7820.0
inside
02:08:13.673 [main] INFO  AV.BMS - obstacle distance 1607 currenttime 7840.0
02:08:13.673 [main] INFO  AV.BMS -  OSD 00 currentime 7840.0
inside
02:08:14.678 [main] INFO  AV.BMS - obstacle distance 1606 currenttime 7860.0
02:08:14.678 [main] INFO  AV.BMS -  OSD 00 currentime 7860.0
inside
02:08:15.682 [main] INFO  AV.BMS - obstacle distance 1605 currenttime 7880.0
02:08:15.683 [main] INFO  AV.BMS -  OSD 00 currentime 7880.0
inside
02:08:16.662 [main] INFO  AV.BMS - obstacle distance 1604 currenttime 7900.0
02:08:16.663 [main] INFO  AV.BMS -  OSD 00 currentime 7900.0
inside
02:08:17.691 [main] INFO  AV.BMS - obstacle distance 1603 currenttime 7920.0
02:08:17.691 [main] INFO  AV.BMS -  OSD 00 currentime 7920.0
inside
02:08:18.675 [main] INFO  AV.BMS - obstacle distance 1602 currenttime 7940.0
02:08:18.675 [main] INFO  AV.BMS -  OSD 00 currentime 7940.0
inside
02:08:19.663 [main] INFO  AV.BMS - obstacle distance 1601 currenttime 7960.0
02:08:19.663 [main] INFO  AV.BMS -  OSD 00 currentime 7960.0
inside
02:08:20.675 [main] INFO  AV.BMS - obstacle distance 1600 currenttime 7980.0
02:08:20.676 [main] INFO  AV.BMS -  OSD 00 currentime 7980.0
inside
02:08:21.712 [main] INFO  AV.BMS - obstacle distance 1599 currenttime 8000.0
02:08:21.716 [main] INFO  AV.BMS -  OSD 00 currentime 8000.0
inside
02:08:22.747 [main] INFO  AV.BMS - obstacle distance 1598 currenttime 8020.0
02:08:22.747 [main] INFO  AV.BMS -  OSD 00 currentime 8020.0
inside
02:08:23.761 [main] INFO  AV.BMS - obstacle distance 1597 currenttime 8040.0
02:08:23.761 [main] INFO  AV.BMS -  OSD 00 currentime 8040.0
inside
02:08:24.798 [main] INFO  AV.BMS - obstacle distance 1596 currenttime 8060.0
02:08:24.798 [main] INFO  AV.BMS -  OSD 00 currentime 8060.0
inside
02:08:25.772 [main] INFO  AV.BMS - obstacle distance 1595 currenttime 8080.0
02:08:25.772 [main] INFO  AV.BMS -  OSD 00 currentime 8080.0
inside
02:08:26.715 [main] INFO  AV.BMS - obstacle distance 1594 currenttime 8100.0
02:08:26.716 [main] INFO  AV.BMS -  OSD 00 currentime 8100.0
inside
02:08:27.732 [main] INFO  AV.BMS - obstacle distance 1593 currenttime 8120.0
02:08:27.733 [main] INFO  AV.BMS -  OSD 00 currentime 8120.0
inside
02:08:28.712 [main] INFO  AV.BMS - obstacle distance 1592 currenttime 8140.0
02:08:28.713 [main] INFO  AV.BMS -  OSD 00 currentime 8140.0
inside
02:08:29.732 [main] INFO  AV.BMS - obstacle distance 1591 currenttime 8160.0
02:08:29.732 [main] INFO  AV.BMS -  OSD 00 currentime 8160.0
inside
02:08:30.688 [main] INFO  AV.BMS - obstacle distance 1590 currenttime 8180.0
02:08:30.688 [main] INFO  AV.BMS -  OSD 00 currentime 8180.0
inside
02:08:31.660 [main] INFO  AV.BMS - obstacle distance 1589 currenttime 8200.0
02:08:31.661 [main] INFO  AV.BMS -  OSD 00 currentime 8200.0
inside
02:08:32.643 [main] INFO  AV.BMS - obstacle distance 1588 currenttime 8220.0
02:08:32.643 [main] INFO  AV.BMS -  OSD 00 currentime 8220.0
inside
02:08:33.918 [main] INFO  AV.BMS - obstacle distance 1587 currenttime 8240.0
02:08:33.919 [main] INFO  AV.BMS -  OSD 00 currentime 8240.0
inside
02:08:34.910 [main] INFO  AV.BMS - obstacle distance 1586 currenttime 8260.0
02:08:34.910 [main] INFO  AV.BMS -  OSD 00 currentime 8260.0
inside
02:08:35.892 [main] INFO  AV.BMS - obstacle distance 1585 currenttime 8280.0
02:08:35.893 [main] INFO  AV.BMS -  OSD 00 currentime 8280.0
inside
02:08:36.876 [main] INFO  AV.BMS - obstacle distance 1584 currenttime 8300.0
02:08:36.876 [main] INFO  AV.BMS -  OSD 00 currentime 8300.0
inside
02:08:37.906 [main] INFO  AV.BMS - obstacle distance 1583 currenttime 8320.0
02:08:37.906 [main] INFO  AV.BMS -  OSD 00 currentime 8320.0
inside
02:08:38.957 [main] INFO  AV.BMS - obstacle distance 1582 currenttime 8340.0
02:08:38.957 [main] INFO  AV.BMS -  OSD 00 currentime 8340.0
inside
02:08:39.944 [main] INFO  AV.BMS - obstacle distance 1581 currenttime 8360.0
02:08:39.945 [main] INFO  AV.BMS -  OSD 00 currentime 8360.0
inside
02:08:40.946 [main] INFO  AV.BMS - obstacle distance 1580 currenttime 8380.0
02:08:40.946 [main] INFO  AV.BMS -  OSD 00 currentime 8380.0
inside
02:08:41.920 [main] INFO  AV.BMS - obstacle distance 1579 currenttime 8400.0
02:08:41.921 [main] INFO  AV.BMS -  OSD 00 currentime 8400.0
inside
02:08:42.907 [main] INFO  AV.BMS - obstacle distance 1578 currenttime 8420.0
02:08:42.907 [main] INFO  AV.BMS -  OSD 00 currentime 8420.0
inside
02:08:43.909 [main] INFO  AV.BMS - obstacle distance 1577 currenttime 8440.0
02:08:43.909 [main] INFO  AV.BMS -  OSD 00 currentime 8440.0
inside
02:08:44.934 [main] INFO  AV.BMS - obstacle distance 1576 currenttime 8460.0
02:08:44.934 [main] INFO  AV.BMS -  OSD 00 currentime 8460.0
inside
02:08:45.893 [main] INFO  AV.BMS - obstacle distance 1575 currenttime 8480.0
02:08:45.893 [main] INFO  AV.BMS -  OSD 00 currentime 8480.0
inside
02:08:46.889 [main] INFO  AV.BMS - obstacle distance 1574 currenttime 8500.0
02:08:46.889 [main] INFO  AV.BMS -  OSD 00 currentime 8500.0
inside
02:08:47.898 [main] INFO  AV.BMS - obstacle distance 1573 currenttime 8520.0
02:08:47.898 [main] INFO  AV.BMS -  OSD 00 currentime 8520.0
inside
02:08:48.906 [main] INFO  AV.BMS - obstacle distance 1572 currenttime 8540.0
02:08:48.906 [main] INFO  AV.BMS -  OSD 00 currentime 8540.0
inside
02:08:49.908 [main] INFO  AV.BMS - obstacle distance 1571 currenttime 8560.0
02:08:49.908 [main] INFO  AV.BMS -  OSD 00 currentime 8560.0
inside
02:08:50.887 [main] INFO  AV.BMS - obstacle distance 1570 currenttime 8580.0
02:08:50.887 [main] INFO  AV.BMS -  OSD 00 currentime 8580.0
inside
02:08:51.888 [main] INFO  AV.BMS - obstacle distance 1569 currenttime 8600.0
02:08:51.888 [main] INFO  AV.BMS -  OSD 00 currentime 8600.0
inside
02:08:52.899 [main] INFO  AV.BMS - obstacle distance 1568 currenttime 8620.0
02:08:52.899 [main] INFO  AV.BMS -  OSD 00 currentime 8620.0
inside
02:08:53.893 [main] INFO  AV.BMS - obstacle distance 1567 currenttime 8640.0
02:08:53.893 [main] INFO  AV.BMS -  OSD 00 currentime 8640.0
inside
02:08:54.913 [main] INFO  AV.BMS - obstacle distance 1566 currenttime 8660.0
02:08:54.913 [main] INFO  AV.BMS -  OSD 00 currentime 8660.0
inside
02:08:55.906 [main] INFO  AV.BMS - obstacle distance 1565 currenttime 8680.0
02:08:55.906 [main] INFO  AV.BMS -  OSD 00 currentime 8680.0
inside
02:08:56.905 [main] INFO  AV.BMS - obstacle distance 1564 currenttime 8700.0
02:08:56.905 [main] INFO  AV.BMS -  OSD 00 currentime 8700.0
inside
02:08:57.901 [main] INFO  AV.BMS - obstacle distance 1563 currenttime 8720.0
02:08:57.901 [main] INFO  AV.BMS -  OSD 00 currentime 8720.0
inside
02:08:58.874 [main] INFO  AV.BMS - obstacle distance 1562 currenttime 8740.0
02:08:58.874 [main] INFO  AV.BMS -  OSD 00 currentime 8740.0
