
-------------------------------------------------------------------
GMS: address=vagrant-22501, cluster=AV, physical address=10.0.2.15:52399
-------------------------------------------------------------------
16:28:39.513 [main] INFO  AV.BMS - waiting on readyToPopulate...
16:31:53.982 [main] INFO  AV.BMS - ...synchronized on readyToPopulate
16:31:53.983 [main] INFO  AV.BMS - waiting on readyToRun...
16:31:54.240 [main] INFO  AV.BMS - ...synchronized on readyToRun
16:31:54.244 [main] INFO  AV.BMS - started logical time progression
obstacle not detected currenttime 0.0
print string boolean false
16:31:54.249 [main] INFO  AV.BMS -  OSD 00 currentime 0.0
obstacle not detected currenttime 20.0
print string boolean false
16:31:56.898 [main] INFO  AV.BMS -  OSD 00 currentime 20.0
obstacle not detected currenttime 40.0
print string boolean false
16:31:58.122 [main] INFO  AV.BMS -  OSD 00 currentime 40.0
obstacle not detected currenttime 60.0
print string boolean false
16:31:59.359 [main] INFO  AV.BMS -  OSD 00 currentime 60.0
obstacle not detected currenttime 80.0
print string boolean false
16:32:00.619 [main] INFO  AV.BMS -  OSD 00 currentime 80.0
obstacle not detected currenttime 100.0
print string boolean false
16:32:01.902 [main] INFO  AV.BMS -  OSD 00 currentime 100.0
obstacle not detected currenttime 120.0
print string boolean false
16:32:03.045 [main] INFO  AV.BMS -  OSD 00 currentime 120.0
obstacle not detected currenttime 140.0
print string boolean false
16:32:04.172 [main] INFO  AV.BMS -  OSD 00 currentime 140.0
obstacle not detected currenttime 160.0
print string boolean false
16:32:05.358 [main] INFO  AV.BMS -  OSD 00 currentime 160.0
obstacle not detected currenttime 180.0
print string boolean false
16:32:06.587 [main] INFO  AV.BMS -  OSD 00 currentime 180.0
obstacle not detected currenttime 200.0
print string boolean false
16:32:07.963 [main] INFO  AV.BMS -  OSD 00 currentime 200.0
obstacle not detected currenttime 220.0
print string boolean false
16:32:09.223 [main] INFO  AV.BMS -  OSD 00 currentime 220.0
obstacle not detected currenttime 240.0
print string boolean false
16:32:10.384 [main] INFO  AV.BMS -  OSD 00 currentime 240.0
obstacle not detected currenttime 260.0
print string boolean false
16:32:11.466 [main] INFO  AV.BMS -  OSD 00 currentime 260.0
obstacle not detected currenttime 280.0
print string boolean false
16:32:12.600 [main] INFO  AV.BMS -  OSD 00 currentime 280.0
obstacle not detected currenttime 300.0
print string boolean false
16:32:13.671 [main] INFO  AV.BMS -  OSD 00 currentime 300.0
obstacle not detected currenttime 320.0
print string boolean false
16:32:14.689 [main] INFO  AV.BMS -  OSD 00 currentime 320.0
obstacle not detected currenttime 340.0
print string boolean false
16:32:15.710 [main] INFO  AV.BMS -  OSD 00 currentime 340.0
obstacle not detected currenttime 360.0
print string boolean false
16:32:16.730 [main] INFO  AV.BMS -  OSD 00 currentime 360.0
obstacle not detected currenttime 380.0
print string boolean false
16:32:17.750 [main] INFO  AV.BMS -  OSD 00 currentime 380.0
obstacle not detected currenttime 400.0
print string boolean false
16:32:18.831 [main] INFO  AV.BMS -  OSD 00 currentime 400.0
obstacle not detected currenttime 420.0
print string boolean false
16:32:19.851 [main] INFO  AV.BMS -  OSD 00 currentime 420.0
obstacle not detected currenttime 440.0
print string boolean false
16:32:20.886 [main] INFO  AV.BMS -  OSD 00 currentime 440.0
obstacle not detected currenttime 460.0
print string boolean false
16:32:21.927 [main] INFO  AV.BMS -  OSD 00 currentime 460.0
obstacle not detected currenttime 480.0
print string boolean false
16:32:23.013 [main] INFO  AV.BMS -  OSD 00 currentime 480.0
obstacle not detected currenttime 500.0
print string boolean false
16:32:24.012 [main] INFO  AV.BMS -  OSD 00 currentime 500.0
obstacle not detected currenttime 520.0
print string boolean false
16:32:25.049 [main] INFO  AV.BMS -  OSD 00 currentime 520.0
obstacle not detected currenttime 540.0
print string boolean false
16:32:26.114 [main] INFO  AV.BMS -  OSD 00 currentime 540.0
obstacle not detected currenttime 560.0
print string boolean false
16:32:27.188 [main] INFO  AV.BMS -  OSD 00 currentime 560.0
obstacle not detected currenttime 580.0
print string boolean false
16:32:28.188 [main] INFO  AV.BMS -  OSD 00 currentime 580.0
obstacle not detected currenttime 600.0
print string boolean false
16:32:29.201 [main] INFO  AV.BMS -  OSD 00 currentime 600.0
obstacle not detected currenttime 620.0
print string boolean false
16:32:30.228 [main] INFO  AV.BMS -  OSD 00 currentime 620.0
obstacle not detected currenttime 640.0
print string boolean false
16:32:31.108 [main] INFO  AV.BMS -  OSD 00 currentime 640.0
obstacle not detected currenttime 660.0
print string boolean false
16:32:32.142 [main] INFO  AV.BMS -  OSD 00 currentime 660.0
obstacle not detected currenttime 680.0
print string boolean false
16:32:33.198 [main] INFO  AV.BMS -  OSD 00 currentime 680.0
obstacle not detected currenttime 700.0
print string boolean false
16:32:34.297 [main] INFO  AV.BMS -  OSD 00 currentime 700.0
obstacle not detected currenttime 720.0
print string boolean false
16:32:35.355 [main] INFO  AV.BMS -  OSD 00 currentime 720.0
obstacle not detected currenttime 740.0
print string boolean false
16:32:36.403 [main] INFO  AV.BMS -  OSD 00 currentime 740.0
obstacle not detected currenttime 760.0
print string boolean false
16:32:37.417 [main] INFO  AV.BMS -  OSD 00 currentime 760.0
obstacle not detected currenttime 780.0
print string boolean false
16:32:38.418 [main] INFO  AV.BMS -  OSD 00 currentime 780.0
obstacle not detected currenttime 800.0
print string boolean false
16:32:39.480 [main] INFO  AV.BMS -  OSD 00 currentime 800.0
obstacle not detected currenttime 820.0
print string boolean false
16:32:40.523 [main] INFO  AV.BMS -  OSD 00 currentime 820.0
obstacle not detected currenttime 840.0
print string boolean false
16:32:41.587 [main] INFO  AV.BMS -  OSD 00 currentime 840.0
obstacle not detected currenttime 860.0
print string boolean false
16:32:42.608 [main] INFO  AV.BMS -  OSD 00 currentime 860.0
obstacle not detected currenttime 880.0
print string boolean false
16:32:43.810 [main] INFO  AV.BMS -  OSD 00 currentime 880.0
obstacle not detected currenttime 900.0
print string boolean false
16:32:44.853 [main] INFO  AV.BMS -  OSD 00 currentime 900.0
obstacle not detected currenttime 920.0
print string boolean false
16:32:45.847 [main] INFO  AV.BMS -  OSD 00 currentime 920.0
obstacle not detected currenttime 940.0
print string boolean false
16:32:46.875 [main] INFO  AV.BMS -  OSD 00 currentime 940.0
obstacle not detected currenttime 960.0
print string boolean false
16:32:47.863 [main] INFO  AV.BMS -  OSD 00 currentime 960.0
obstacle not detected currenttime 980.0
print string boolean false
16:32:48.888 [main] INFO  AV.BMS -  OSD 00 currentime 980.0
obstacle not detected currenttime 1000.0
print string boolean false
16:32:49.918 [main] INFO  AV.BMS -  OSD 00 currentime 1000.0
obstacle not detected currenttime 1020.0
print string boolean false
16:32:50.976 [main] INFO  AV.BMS -  OSD 00 currentime 1020.0
obstacle not detected currenttime 1040.0
print string boolean false
16:32:52.024 [main] INFO  AV.BMS -  OSD 00 currentime 1040.0
obstacle not detected currenttime 1060.0
print string boolean false
16:32:53.064 [main] INFO  AV.BMS -  OSD 00 currentime 1060.0
obstacle not detected currenttime 1080.0
print string boolean false
16:32:54.132 [main] INFO  AV.BMS -  OSD 00 currentime 1080.0
obstacle not detected currenttime 1100.0
print string boolean false
16:32:55.175 [main] INFO  AV.BMS -  OSD 00 currentime 1100.0
obstacle not detected currenttime 1120.0
print string boolean false
16:32:56.242 [main] INFO  AV.BMS -  OSD 00 currentime 1120.0
obstacle not detected currenttime 1140.0
print string boolean false
16:32:57.266 [main] INFO  AV.BMS -  OSD 00 currentime 1140.0
obstacle not detected currenttime 1160.0
print string boolean false
16:32:58.258 [main] INFO  AV.BMS -  OSD 00 currentime 1160.0
obstacle not detected currenttime 1180.0
print string boolean false
16:32:59.266 [main] INFO  AV.BMS -  OSD 00 currentime 1180.0
obstacle not detected currenttime 1200.0
print string boolean false
16:33:00.286 [main] INFO  AV.BMS -  OSD 00 currentime 1200.0
obstacle not detected currenttime 1220.0
print string boolean false
16:33:01.319 [main] INFO  AV.BMS -  OSD 00 currentime 1220.0
obstacle not detected currenttime 1240.0
print string boolean false
16:33:02.305 [main] INFO  AV.BMS -  OSD 00 currentime 1240.0
obstacle not detected currenttime 1260.0
print string boolean false
16:33:03.351 [main] INFO  AV.BMS -  OSD 00 currentime 1260.0
obstacle not detected currenttime 1280.0
print string boolean false
16:33:04.289 [main] INFO  AV.BMS -  OSD 00 currentime 1280.0
obstacle not detected currenttime 1300.0
print string boolean false
16:33:05.331 [main] INFO  AV.BMS -  OSD 00 currentime 1300.0
obstacle not detected currenttime 1320.0
print string boolean false
16:33:06.357 [main] INFO  AV.BMS -  OSD 00 currentime 1320.0
obstacle not detected currenttime 1340.0
print string boolean false
16:33:07.354 [main] INFO  AV.BMS -  OSD 00 currentime 1340.0
obstacle not detected currenttime 1360.0
print string boolean false
16:33:08.351 [main] INFO  AV.BMS -  OSD 00 currentime 1360.0
obstacle not detected currenttime 1380.0
print string boolean false
16:33:09.310 [main] INFO  AV.BMS -  OSD 00 currentime 1380.0
obstacle not detected currenttime 1400.0
print string boolean false
16:33:10.310 [main] INFO  AV.BMS -  OSD 00 currentime 1400.0
obstacle not detected currenttime 1420.0
print string boolean false
16:33:11.273 [main] INFO  AV.BMS -  OSD 00 currentime 1420.0
obstacle not detected currenttime 1440.0
print string boolean false
16:33:12.285 [main] INFO  AV.BMS -  OSD 00 currentime 1440.0
obstacle not detected currenttime 1460.0
print string boolean false
16:33:13.246 [main] INFO  AV.BMS -  OSD 00 currentime 1460.0
obstacle not detected currenttime 1480.0
print string boolean false
16:33:14.233 [main] INFO  AV.BMS -  OSD 00 currentime 1480.0
obstacle not detected currenttime 1500.0
print string boolean false
16:33:15.276 [main] INFO  AV.BMS -  OSD 00 currentime 1500.0
obstacle not detected currenttime 1520.0
print string boolean false
16:33:16.285 [main] INFO  AV.BMS -  OSD 00 currentime 1520.0
obstacle not detected currenttime 1540.0
print string boolean false
16:33:17.313 [main] INFO  AV.BMS -  OSD 00 currentime 1540.0
obstacle not detected currenttime 1560.0
print string boolean false
16:33:18.223 [main] INFO  AV.BMS -  OSD 00 currentime 1560.0
obstacle not detected currenttime 1580.0
print string boolean false
16:33:19.200 [main] INFO  AV.BMS -  OSD 00 currentime 1580.0
obstacle not detected currenttime 1600.0
print string boolean false
16:33:20.196 [main] INFO  AV.BMS -  OSD 00 currentime 1600.0
obstacle not detected currenttime 1620.0
print string boolean false
16:33:21.222 [main] INFO  AV.BMS -  OSD 00 currentime 1620.0
obstacle not detected currenttime 1640.0
print string boolean false
16:33:22.272 [main] INFO  AV.BMS -  OSD 00 currentime 1640.0
obstacle not detected currenttime 1660.0
print string boolean false
16:33:23.291 [main] INFO  AV.BMS -  OSD 00 currentime 1660.0
obstacle not detected currenttime 1680.0
print string boolean false
16:33:24.298 [main] INFO  AV.BMS -  OSD 00 currentime 1680.0
obstacle not detected currenttime 1700.0
print string boolean false
16:33:25.361 [main] INFO  AV.BMS -  OSD 00 currentime 1700.0
obstacle not detected currenttime 1720.0
print string boolean false
16:33:26.326 [main] INFO  AV.BMS -  OSD 00 currentime 1720.0
obstacle not detected currenttime 1740.0
print string boolean false
16:33:27.316 [main] INFO  AV.BMS -  OSD 00 currentime 1740.0
obstacle not detected currenttime 1760.0
print string boolean false
16:33:28.368 [main] INFO  AV.BMS -  OSD 00 currentime 1760.0
obstacle not detected currenttime 1780.0
print string boolean false
16:33:29.166 [main] INFO  AV.BMS -  OSD 00 currentime 1780.0
obstacle not detected currenttime 1800.0
print string boolean false
16:33:30.132 [main] INFO  AV.BMS -  OSD 00 currentime 1800.0
obstacle not detected currenttime 1820.0
print string boolean false
16:33:31.155 [main] INFO  AV.BMS -  OSD 00 currentime 1820.0
obstacle not detected currenttime 1840.0
print string boolean false
16:33:32.152 [main] INFO  AV.BMS -  OSD 00 currentime 1840.0
obstacle not detected currenttime 1860.0
print string boolean false
16:33:33.072 [main] INFO  AV.BMS -  OSD 00 currentime 1860.0
obstacle not detected currenttime 1880.0
print string boolean false
16:33:34.088 [main] INFO  AV.BMS -  OSD 00 currentime 1880.0
obstacle not detected currenttime 1900.0
print string boolean false
16:33:35.074 [main] INFO  AV.BMS -  OSD 00 currentime 1900.0
obstacle not detected currenttime 1920.0
print string boolean false
16:33:36.061 [main] INFO  AV.BMS -  OSD 00 currentime 1920.0
obstacle not detected currenttime 1940.0
print string boolean false
16:33:37.159 [main] INFO  AV.BMS -  OSD 00 currentime 1940.0
obstacle not detected currenttime 1960.0
print string boolean false
16:33:38.159 [main] INFO  AV.BMS -  OSD 00 currentime 1960.0
obstacle not detected currenttime 1980.0
print string boolean false
16:33:39.205 [main] INFO  AV.BMS -  OSD 00 currentime 1980.0
obstacle not detected currenttime 2000.0
print string boolean false
16:33:40.244 [main] INFO  AV.BMS -  OSD 00 currentime 2000.0
obstacle detected
16:33:41.268 [main] INFO  AV.BMS - obstacle distance true currenttime 2020.0
print string boolean true
16:33:41.269 [main] INFO  AV.BMS -  OSD 00 currentime 2020.0
obstacle detected
16:33:42.422 [main] INFO  AV.BMS - obstacle distance true currenttime 2040.0
print string boolean true
16:33:42.422 [main] INFO  AV.BMS -  OSD 00 currentime 2040.0
obstacle detected
16:33:43.457 [main] INFO  AV.BMS - obstacle distance true currenttime 2060.0
print string boolean true
16:33:43.459 [main] INFO  AV.BMS -  OSD 00 currentime 2060.0
obstacle detected
16:33:44.461 [main] INFO  AV.BMS - obstacle distance true currenttime 2080.0
print string boolean true
16:33:44.462 [main] INFO  AV.BMS -  OSD 00 currentime 2080.0
obstacle detected
16:33:45.423 [main] INFO  AV.BMS - obstacle distance true currenttime 2100.0
print string boolean true
16:33:45.424 [main] INFO  AV.BMS -  OSD 00 currentime 2100.0
obstacle detected
16:33:46.422 [main] INFO  AV.BMS - obstacle distance true currenttime 2120.0
print string boolean true
16:33:46.424 [main] INFO  AV.BMS -  OSD 00 currentime 2120.0
obstacle detected
16:33:47.451 [main] INFO  AV.BMS - obstacle distance true currenttime 2140.0
print string boolean true
16:33:47.452 [main] INFO  AV.BMS -  OSD 00 currentime 2140.0
obstacle detected
16:33:48.457 [main] INFO  AV.BMS - obstacle distance true currenttime 2160.0
print string boolean true
16:33:48.458 [main] INFO  AV.BMS -  OSD 00 currentime 2160.0
obstacle detected
16:33:49.457 [main] INFO  AV.BMS - obstacle distance true currenttime 2180.0
print string boolean true
16:33:49.458 [main] INFO  AV.BMS -  OSD 00 currentime 2180.0
obstacle detected
16:33:50.479 [main] INFO  AV.BMS - obstacle distance true currenttime 2200.0
print string boolean true
16:33:50.481 [main] INFO  AV.BMS -  OSD 00 currentime 2200.0
obstacle detected
16:33:51.578 [main] INFO  AV.BMS - obstacle distance true currenttime 2220.0
print string boolean true
16:33:51.579 [main] INFO  AV.BMS -  OSD 00 currentime 2220.0
obstacle detected
16:33:52.608 [main] INFO  AV.BMS - obstacle distance true currenttime 2240.0
print string boolean true
16:33:52.609 [main] INFO  AV.BMS -  OSD 00 currentime 2240.0
obstacle detected
16:33:53.628 [main] INFO  AV.BMS - obstacle distance true currenttime 2260.0
print string boolean true
16:33:53.628 [main] INFO  AV.BMS -  OSD 00 currentime 2260.0
obstacle detected
16:33:54.631 [main] INFO  AV.BMS - obstacle distance true currenttime 2280.0
print string boolean true
16:33:54.632 [main] INFO  AV.BMS -  OSD 00 currentime 2280.0
obstacle detected
16:33:55.771 [main] INFO  AV.BMS - obstacle distance true currenttime 2300.0
print string boolean true
16:33:55.771 [main] INFO  AV.BMS -  OSD 00 currentime 2300.0
obstacle detected
16:33:56.743 [main] INFO  AV.BMS - obstacle distance true currenttime 2320.0
print string boolean true
16:33:56.743 [main] INFO  AV.BMS -  OSD 00 currentime 2320.0
obstacle detected
16:33:57.702 [main] INFO  AV.BMS - obstacle distance true currenttime 2340.0
print string boolean true
16:33:57.703 [main] INFO  AV.BMS -  OSD 00 currentime 2340.0
obstacle detected
16:33:58.721 [main] INFO  AV.BMS - obstacle distance true currenttime 2360.0
print string boolean true
16:33:58.722 [main] INFO  AV.BMS -  OSD 00 currentime 2360.0
obstacle detected
16:33:59.766 [main] INFO  AV.BMS - obstacle distance true currenttime 2380.0
print string boolean true
16:33:59.767 [main] INFO  AV.BMS -  OSD 00 currentime 2380.0
obstacle detected
16:34:00.847 [main] INFO  AV.BMS - obstacle distance true currenttime 2400.0
print string boolean true
16:34:00.847 [main] INFO  AV.BMS -  OSD 00 currentime 2400.0
obstacle detected
16:34:01.845 [main] INFO  AV.BMS - obstacle distance true currenttime 2420.0
print string boolean true
16:34:01.845 [main] INFO  AV.BMS -  OSD 00 currentime 2420.0
obstacle detected
16:34:02.803 [main] INFO  AV.BMS - obstacle distance true currenttime 2440.0
print string boolean true
16:34:02.803 [main] INFO  AV.BMS -  OSD 00 currentime 2440.0
obstacle detected
16:34:03.818 [main] INFO  AV.BMS - obstacle distance true currenttime 2460.0
print string boolean true
16:34:03.819 [main] INFO  AV.BMS -  OSD 00 currentime 2460.0
obstacle detected
16:34:04.839 [main] INFO  AV.BMS - obstacle distance true currenttime 2480.0
print string boolean true
16:34:04.839 [main] INFO  AV.BMS -  OSD 00 currentime 2480.0
obstacle detected
16:34:05.816 [main] INFO  AV.BMS - obstacle distance true currenttime 2500.0
print string boolean true
16:34:05.817 [main] INFO  AV.BMS -  OSD 00 currentime 2500.0
obstacle detected
16:34:06.858 [main] INFO  AV.BMS - obstacle distance true currenttime 2520.0
print string boolean true
16:34:06.859 [main] INFO  AV.BMS -  OSD 00 currentime 2520.0
obstacle detected
16:34:07.843 [main] INFO  AV.BMS - obstacle distance true currenttime 2540.0
print string boolean true
16:34:07.844 [main] INFO  AV.BMS -  OSD 00 currentime 2540.0
obstacle detected
16:34:08.866 [main] INFO  AV.BMS - obstacle distance true currenttime 2560.0
print string boolean true
16:34:08.867 [main] INFO  AV.BMS -  OSD 00 currentime 2560.0
obstacle detected
16:34:10.004 [main] INFO  AV.BMS - obstacle distance true currenttime 2580.0
print string boolean true
16:34:10.005 [main] INFO  AV.BMS -  OSD 00 currentime 2580.0
obstacle detected
16:34:11.007 [main] INFO  AV.BMS - obstacle distance true currenttime 2600.0
print string boolean true
16:34:11.008 [main] INFO  AV.BMS -  OSD 00 currentime 2600.0
obstacle detected
16:34:12.008 [main] INFO  AV.BMS - obstacle distance true currenttime 2620.0
print string boolean true
16:34:12.008 [main] INFO  AV.BMS -  OSD 00 currentime 2620.0
obstacle detected
16:34:13.019 [main] INFO  AV.BMS - obstacle distance true currenttime 2640.0
print string boolean true
16:34:13.020 [main] INFO  AV.BMS -  OSD 00 currentime 2640.0
obstacle detected
16:34:14.032 [main] INFO  AV.BMS - obstacle distance true currenttime 2660.0
print string boolean true
16:34:14.033 [main] INFO  AV.BMS -  OSD 00 currentime 2660.0
obstacle detected
16:34:15.077 [main] INFO  AV.BMS - obstacle distance true currenttime 2680.0
print string boolean true
16:34:15.078 [main] INFO  AV.BMS -  OSD 00 currentime 2680.0
obstacle detected
16:34:16.089 [main] INFO  AV.BMS - obstacle distance true currenttime 2700.0
print string boolean true
16:34:16.090 [main] INFO  AV.BMS -  OSD 00 currentime 2700.0
obstacle detected
16:34:17.091 [main] INFO  AV.BMS - obstacle distance true currenttime 2720.0
print string boolean true
16:34:17.092 [main] INFO  AV.BMS -  OSD 00 currentime 2720.0
obstacle detected
16:34:18.036 [main] INFO  AV.BMS - obstacle distance true currenttime 2740.0
print string boolean true
16:34:18.040 [main] INFO  AV.BMS -  OSD 00 currentime 2740.0
obstacle detected
16:34:19.053 [main] INFO  AV.BMS - obstacle distance true currenttime 2760.0
print string boolean true
16:34:19.054 [main] INFO  AV.BMS -  OSD 00 currentime 2760.0
obstacle detected
16:34:20.074 [main] INFO  AV.BMS - obstacle distance true currenttime 2780.0
print string boolean true
16:34:20.075 [main] INFO  AV.BMS -  OSD 00 currentime 2780.0
obstacle detected
16:34:21.071 [main] INFO  AV.BMS - obstacle distance true currenttime 2800.0
print string boolean true
16:34:21.074 [main] INFO  AV.BMS -  OSD 00 currentime 2800.0
obstacle detected
16:34:22.068 [main] INFO  AV.BMS - obstacle distance true currenttime 2820.0
print string boolean true
16:34:22.069 [main] INFO  AV.BMS -  OSD 00 currentime 2820.0
obstacle detected
16:34:23.060 [main] INFO  AV.BMS - obstacle distance true currenttime 2840.0
print string boolean true
16:34:23.061 [main] INFO  AV.BMS -  OSD 00 currentime 2840.0
obstacle detected
16:34:24.099 [main] INFO  AV.BMS - obstacle distance true currenttime 2860.0
print string boolean true
16:34:24.099 [main] INFO  AV.BMS -  OSD 00 currentime 2860.0
obstacle detected
16:34:25.081 [main] INFO  AV.BMS - obstacle distance true currenttime 2880.0
print string boolean true
16:34:25.081 [main] INFO  AV.BMS -  OSD 00 currentime 2880.0
obstacle detected
16:34:26.123 [main] INFO  AV.BMS - obstacle distance true currenttime 2900.0
print string boolean true
16:34:26.124 [main] INFO  AV.BMS -  OSD 00 currentime 2900.0
obstacle detected
16:34:27.093 [main] INFO  AV.BMS - obstacle distance true currenttime 2920.0
print string boolean true
16:34:27.094 [main] INFO  AV.BMS -  OSD 00 currentime 2920.0
obstacle detected
16:34:28.138 [main] INFO  AV.BMS - obstacle distance true currenttime 2940.0
print string boolean true
16:34:28.138 [main] INFO  AV.BMS -  OSD 00 currentime 2940.0
obstacle detected
16:34:29.143 [main] INFO  AV.BMS - obstacle distance true currenttime 2960.0
print string boolean true
16:34:29.144 [main] INFO  AV.BMS -  OSD 00 currentime 2960.0
obstacle detected
16:34:30.103 [main] INFO  AV.BMS - obstacle distance true currenttime 2980.0
print string boolean true
16:34:30.104 [main] INFO  AV.BMS -  OSD 00 currentime 2980.0
obstacle detected
16:34:31.108 [main] INFO  AV.BMS - obstacle distance true currenttime 3000.0
print string boolean true
16:34:31.111 [main] INFO  AV.BMS -  OSD 00 currentime 3000.0
obstacle detected
16:34:32.070 [main] INFO  AV.BMS - obstacle distance true currenttime 3020.0
print string boolean true
16:34:32.071 [main] INFO  AV.BMS -  OSD 00 currentime 3020.0
obstacle detected
16:34:33.068 [main] INFO  AV.BMS - obstacle distance true currenttime 3040.0
print string boolean true
16:34:33.069 [main] INFO  AV.BMS -  OSD 00 currentime 3040.0
obstacle detected
16:34:34.125 [main] INFO  AV.BMS - obstacle distance true currenttime 3060.0
print string boolean true
16:34:34.127 [main] INFO  AV.BMS -  OSD 00 currentime 3060.0
obstacle detected
16:34:35.134 [main] INFO  AV.BMS - obstacle distance true currenttime 3080.0
print string boolean true
16:34:35.135 [main] INFO  AV.BMS -  OSD 00 currentime 3080.0
obstacle detected
16:34:36.132 [main] INFO  AV.BMS - obstacle distance true currenttime 3100.0
print string boolean true
16:34:36.132 [main] INFO  AV.BMS -  OSD 00 currentime 3100.0
obstacle detected
16:34:37.107 [main] INFO  AV.BMS - obstacle distance true currenttime 3120.0
print string boolean true
16:34:37.109 [main] INFO  AV.BMS -  OSD 00 currentime 3120.0
obstacle detected
16:34:38.112 [main] INFO  AV.BMS - obstacle distance true currenttime 3140.0
print string boolean true
16:34:38.113 [main] INFO  AV.BMS -  OSD 00 currentime 3140.0
obstacle detected
16:34:39.079 [main] INFO  AV.BMS - obstacle distance true currenttime 3160.0
print string boolean true
16:34:39.081 [main] INFO  AV.BMS -  OSD 00 currentime 3160.0
obstacle detected
16:34:40.194 [main] INFO  AV.BMS - obstacle distance true currenttime 3180.0
print string boolean true
16:34:40.196 [main] INFO  AV.BMS -  OSD 00 currentime 3180.0
obstacle detected
16:34:41.190 [main] INFO  AV.BMS - obstacle distance true currenttime 3200.0
print string boolean true
16:34:41.191 [main] INFO  AV.BMS -  OSD 00 currentime 3200.0
obstacle detected
16:34:42.228 [main] INFO  AV.BMS - obstacle distance true currenttime 3220.0
print string boolean true
16:34:42.230 [main] INFO  AV.BMS -  OSD 00 currentime 3220.0
obstacle detected
16:34:43.225 [main] INFO  AV.BMS - obstacle distance true currenttime 3240.0
print string boolean true
16:34:43.227 [main] INFO  AV.BMS -  OSD 00 currentime 3240.0
obstacle detected
16:34:44.233 [main] INFO  AV.BMS - obstacle distance true currenttime 3260.0
print string boolean true
16:34:44.234 [main] INFO  AV.BMS -  OSD 00 currentime 3260.0
obstacle detected
16:34:45.211 [main] INFO  AV.BMS - obstacle distance true currenttime 3280.0
print string boolean true
16:34:45.212 [main] INFO  AV.BMS -  OSD 00 currentime 3280.0
obstacle detected
16:34:46.215 [main] INFO  AV.BMS - obstacle distance true currenttime 3300.0
print string boolean true
16:34:46.216 [main] INFO  AV.BMS -  OSD 00 currentime 3300.0
obstacle detected
16:34:47.215 [main] INFO  AV.BMS - obstacle distance true currenttime 3320.0
print string boolean true
16:34:47.215 [main] INFO  AV.BMS -  OSD 00 currentime 3320.0
obstacle detected
16:34:48.195 [main] INFO  AV.BMS - obstacle distance true currenttime 3340.0
print string boolean true
16:34:48.196 [main] INFO  AV.BMS -  OSD 00 currentime 3340.0
obstacle detected
16:34:49.211 [main] INFO  AV.BMS - obstacle distance true currenttime 3360.0
print string boolean true
16:34:49.211 [main] INFO  AV.BMS -  OSD 00 currentime 3360.0
obstacle detected
16:34:50.214 [main] INFO  AV.BMS - obstacle distance true currenttime 3380.0
print string boolean true
16:34:50.214 [main] INFO  AV.BMS -  OSD 00 currentime 3380.0
obstacle detected
16:34:51.230 [main] INFO  AV.BMS - obstacle distance true currenttime 3400.0
print string boolean true
16:34:51.230 [main] INFO  AV.BMS -  OSD 00 currentime 3400.0
obstacle detected
16:34:52.204 [main] INFO  AV.BMS - obstacle distance true currenttime 3420.0
print string boolean true
16:34:52.205 [main] INFO  AV.BMS -  OSD 00 currentime 3420.0
obstacle detected
16:34:53.221 [main] INFO  AV.BMS - obstacle distance true currenttime 3440.0
print string boolean true
16:34:53.221 [main] INFO  AV.BMS -  OSD 00 currentime 3440.0
obstacle detected
16:34:54.240 [main] INFO  AV.BMS - obstacle distance true currenttime 3460.0
print string boolean true
16:34:54.241 [main] INFO  AV.BMS -  OSD 00 currentime 3460.0
obstacle detected
16:34:55.360 [main] INFO  AV.BMS - obstacle distance true currenttime 3480.0
print string boolean true
16:34:55.360 [main] INFO  AV.BMS -  OSD 00 currentime 3480.0
obstacle detected
16:34:56.390 [main] INFO  AV.BMS - obstacle distance true currenttime 3500.0
print string boolean true
16:34:56.391 [main] INFO  AV.BMS -  OSD 00 currentime 3500.0
obstacle detected
16:34:57.283 [main] INFO  AV.BMS - obstacle distance true currenttime 3520.0
print string boolean true
16:34:57.283 [main] INFO  AV.BMS -  OSD 00 currentime 3520.0
obstacle detected
16:34:58.330 [main] INFO  AV.BMS - obstacle distance true currenttime 3540.0
print string boolean true
16:34:58.331 [main] INFO  AV.BMS -  OSD 00 currentime 3540.0
obstacle detected
16:34:59.303 [main] INFO  AV.BMS - obstacle distance true currenttime 3560.0
print string boolean true
16:34:59.305 [main] INFO  AV.BMS -  OSD 00 currentime 3560.0
obstacle detected
16:35:00.240 [main] INFO  AV.BMS - obstacle distance true currenttime 3580.0
print string boolean true
16:35:00.243 [main] INFO  AV.BMS -  OSD 00 currentime 3580.0
obstacle detected
16:35:01.251 [main] INFO  AV.BMS - obstacle distance true currenttime 3600.0
print string boolean true
16:35:01.252 [main] INFO  AV.BMS -  OSD 00 currentime 3600.0
obstacle detected
16:35:02.210 [main] INFO  AV.BMS - obstacle distance true currenttime 3620.0
print string boolean true
16:35:02.210 [main] INFO  AV.BMS -  OSD 00 currentime 3620.0
obstacle detected
16:35:03.217 [main] INFO  AV.BMS - obstacle distance true currenttime 3640.0
print string boolean true
16:35:03.218 [main] INFO  AV.BMS -  OSD 00 currentime 3640.0
obstacle detected
16:35:04.180 [main] INFO  AV.BMS - obstacle distance true currenttime 3660.0
print string boolean true
16:35:04.181 [main] INFO  AV.BMS -  OSD 00 currentime 3660.0
obstacle detected
16:35:05.167 [main] INFO  AV.BMS - obstacle distance true currenttime 3680.0
print string boolean true
16:35:05.168 [main] INFO  AV.BMS -  OSD 00 currentime 3680.0
obstacle detected
16:35:06.180 [main] INFO  AV.BMS - obstacle distance true currenttime 3700.0
print string boolean true
16:35:06.181 [main] INFO  AV.BMS -  OSD 00 currentime 3700.0
obstacle detected
16:35:07.168 [main] INFO  AV.BMS - obstacle distance true currenttime 3720.0
print string boolean true
16:35:07.169 [main] INFO  AV.BMS -  OSD 00 currentime 3720.0
obstacle detected
16:35:08.173 [main] INFO  AV.BMS - obstacle distance true currenttime 3740.0
print string boolean true
16:35:08.175 [main] INFO  AV.BMS -  OSD 00 currentime 3740.0
obstacle detected
16:35:09.165 [main] INFO  AV.BMS - obstacle distance true currenttime 3760.0
print string boolean true
16:35:09.166 [main] INFO  AV.BMS -  OSD 00 currentime 3760.0
obstacle detected
16:35:10.276 [main] INFO  AV.BMS - obstacle distance true currenttime 3780.0
print string boolean true
16:35:10.280 [main] INFO  AV.BMS -  OSD 00 currentime 3780.0
obstacle detected
16:35:11.258 [main] INFO  AV.BMS - obstacle distance true currenttime 3800.0
print string boolean true
16:35:11.259 [main] INFO  AV.BMS -  OSD 00 currentime 3800.0
obstacle detected
16:35:12.228 [main] INFO  AV.BMS - obstacle distance true currenttime 3820.0
print string boolean true
16:35:12.228 [main] INFO  AV.BMS -  OSD 00 currentime 3820.0
obstacle detected
16:35:13.230 [main] INFO  AV.BMS - obstacle distance true currenttime 3840.0
print string boolean true
16:35:13.231 [main] INFO  AV.BMS -  OSD 00 currentime 3840.0
obstacle detected
16:35:14.192 [main] INFO  AV.BMS - obstacle distance true currenttime 3860.0
print string boolean true
16:35:14.192 [main] INFO  AV.BMS -  OSD 00 currentime 3860.0
obstacle detected
16:35:15.177 [main] INFO  AV.BMS - obstacle distance true currenttime 3880.0
print string boolean true
16:35:15.178 [main] INFO  AV.BMS -  OSD 00 currentime 3880.0
obstacle detected
16:35:16.209 [main] INFO  AV.BMS - obstacle distance true currenttime 3900.0
print string boolean true
16:35:16.211 [main] INFO  AV.BMS -  OSD 00 currentime 3900.0
obstacle detected
16:35:16.958 [main] INFO  AV.BMS - obstacle distance true currenttime 3920.0
print string boolean true
16:35:16.958 [main] INFO  AV.BMS -  OSD 00 currentime 3920.0
obstacle detected
16:35:17.962 [main] INFO  AV.BMS - obstacle distance true currenttime 3940.0
print string boolean true
16:35:17.963 [main] INFO  AV.BMS -  OSD 00 currentime 3940.0
obstacle detected
16:35:18.945 [main] INFO  AV.BMS - obstacle distance true currenttime 3960.0
print string boolean true
16:35:18.946 [main] INFO  AV.BMS -  OSD 00 currentime 3960.0
obstacle detected
16:35:19.913 [main] INFO  AV.BMS - obstacle distance true currenttime 3980.0
print string boolean true
16:35:19.913 [main] INFO  AV.BMS -  OSD 00 currentime 3980.0
obstacle not detected currenttime 4000.0
print string boolean false
16:35:20.916 [main] INFO  AV.BMS -  OSD 00 currentime 4000.0
obstacle not detected currenttime 4020.0
print string boolean false
16:35:21.925 [main] INFO  AV.BMS -  OSD 00 currentime 4020.0
obstacle not detected currenttime 4040.0
print string boolean false
16:35:22.928 [main] INFO  AV.BMS -  OSD 00 currentime 4040.0
obstacle not detected currenttime 4060.0
print string boolean false
16:35:23.947 [main] INFO  AV.BMS -  OSD 00 currentime 4060.0
obstacle not detected currenttime 4080.0
print string boolean false
16:35:24.935 [main] INFO  AV.BMS -  OSD 00 currentime 4080.0
obstacle not detected currenttime 4100.0
print string boolean false
16:35:25.906 [main] INFO  AV.BMS -  OSD 00 currentime 4100.0
obstacle not detected currenttime 4120.0
print string boolean false
16:35:27.037 [main] INFO  AV.BMS -  OSD 00 currentime 4120.0
obstacle not detected currenttime 4140.0
print string boolean false
16:35:28.060 [main] INFO  AV.BMS -  OSD 00 currentime 4140.0
obstacle not detected currenttime 4160.0
print string boolean false
16:35:29.019 [main] INFO  AV.BMS -  OSD 00 currentime 4160.0
obstacle not detected currenttime 4180.0
print string boolean false
16:35:29.970 [main] INFO  AV.BMS -  OSD 00 currentime 4180.0
obstacle not detected currenttime 4200.0
print string boolean false
16:35:30.967 [main] INFO  AV.BMS -  OSD 00 currentime 4200.0
obstacle not detected currenttime 4220.0
print string boolean false
16:35:31.988 [main] INFO  AV.BMS -  OSD 00 currentime 4220.0
obstacle not detected currenttime 4240.0
print string boolean false
16:35:32.993 [main] INFO  AV.BMS -  OSD 00 currentime 4240.0
obstacle not detected currenttime 4260.0
print string boolean false
16:35:34.024 [main] INFO  AV.BMS -  OSD 00 currentime 4260.0
obstacle not detected currenttime 4280.0
print string boolean false
16:35:35.033 [main] INFO  AV.BMS -  OSD 00 currentime 4280.0
obstacle not detected currenttime 4300.0
print string boolean false
16:35:36.029 [main] INFO  AV.BMS -  OSD 00 currentime 4300.0
obstacle not detected currenttime 4320.0
print string boolean false
16:35:37.018 [main] INFO  AV.BMS -  OSD 00 currentime 4320.0
obstacle not detected currenttime 4340.0
print string boolean false
16:35:38.014 [main] INFO  AV.BMS -  OSD 00 currentime 4340.0
obstacle not detected currenttime 4360.0
print string boolean false
16:35:38.998 [main] INFO  AV.BMS -  OSD 00 currentime 4360.0
obstacle not detected currenttime 4380.0
print string boolean false
16:35:39.963 [main] INFO  AV.BMS -  OSD 00 currentime 4380.0
obstacle not detected currenttime 4400.0
print string boolean false
16:35:40.957 [main] INFO  AV.BMS -  OSD 00 currentime 4400.0
obstacle not detected currenttime 4420.0
print string boolean false
16:35:41.929 [main] INFO  AV.BMS -  OSD 00 currentime 4420.0
obstacle not detected currenttime 4440.0
print string boolean false
16:35:42.930 [main] INFO  AV.BMS -  OSD 00 currentime 4440.0
obstacle not detected currenttime 4460.0
print string boolean false
16:35:43.959 [main] INFO  AV.BMS -  OSD 00 currentime 4460.0
obstacle not detected currenttime 4480.0
print string boolean false
16:35:44.996 [main] INFO  AV.BMS -  OSD 00 currentime 4480.0
obstacle not detected currenttime 4500.0
print string boolean false
16:35:46.061 [main] INFO  AV.BMS -  OSD 00 currentime 4500.0
obstacle not detected currenttime 4520.0
print string boolean false
16:35:47.010 [main] INFO  AV.BMS -  OSD 00 currentime 4520.0
obstacle not detected currenttime 4540.0
print string boolean false
16:35:48.000 [main] INFO  AV.BMS -  OSD 00 currentime 4540.0
obstacle not detected currenttime 4560.0
print string boolean false
16:35:48.965 [main] INFO  AV.BMS -  OSD 00 currentime 4560.0
obstacle not detected currenttime 4580.0
print string boolean false
16:35:49.983 [main] INFO  AV.BMS -  OSD 00 currentime 4580.0
obstacle not detected currenttime 4600.0
print string boolean false
16:35:51.014 [main] INFO  AV.BMS -  OSD 00 currentime 4600.0
obstacle not detected currenttime 4620.0
print string boolean false
16:35:52.004 [main] INFO  AV.BMS -  OSD 00 currentime 4620.0
obstacle not detected currenttime 4640.0
print string boolean false
16:35:53.058 [main] INFO  AV.BMS -  OSD 00 currentime 4640.0
obstacle not detected currenttime 4660.0
print string boolean false
16:35:53.865 [main] INFO  AV.BMS -  OSD 00 currentime 4660.0
obstacle not detected currenttime 4680.0
print string boolean false
16:35:54.483 [main] INFO  AV.BMS -  OSD 00 currentime 4680.0
obstacle not detected currenttime 4700.0
print string boolean false
16:35:55.147 [main] INFO  AV.BMS -  OSD 00 currentime 4700.0
obstacle not detected currenttime 4720.0
print string boolean false
16:35:56.156 [main] INFO  AV.BMS -  OSD 00 currentime 4720.0
obstacle not detected currenttime 4740.0
print string boolean false
16:35:57.090 [main] INFO  AV.BMS -  OSD 00 currentime 4740.0
obstacle not detected currenttime 4760.0
print string boolean false
16:35:58.118 [main] INFO  AV.BMS -  OSD 00 currentime 4760.0
obstacle not detected currenttime 4780.0
print string boolean false
16:35:59.106 [main] INFO  AV.BMS -  OSD 00 currentime 4780.0
obstacle not detected currenttime 4800.0
print string boolean false
16:36:00.243 [main] INFO  AV.BMS -  OSD 00 currentime 4800.0
obstacle not detected currenttime 4820.0
print string boolean false
16:36:01.265 [main] INFO  AV.BMS -  OSD 00 currentime 4820.0
obstacle not detected currenttime 4840.0
print string boolean false
16:36:02.270 [main] INFO  AV.BMS -  OSD 00 currentime 4840.0
obstacle not detected currenttime 4860.0
print string boolean false
16:36:03.245 [main] INFO  AV.BMS -  OSD 00 currentime 4860.0
obstacle not detected currenttime 4880.0
print string boolean false
16:36:04.237 [main] INFO  AV.BMS -  OSD 00 currentime 4880.0
obstacle not detected currenttime 4900.0
print string boolean false
16:36:05.250 [main] INFO  AV.BMS -  OSD 00 currentime 4900.0
obstacle not detected currenttime 4920.0
print string boolean false
16:36:06.256 [main] INFO  AV.BMS -  OSD 00 currentime 4920.0
obstacle not detected currenttime 4940.0
print string boolean false
16:36:07.263 [main] INFO  AV.BMS -  OSD 00 currentime 4940.0
obstacle not detected currenttime 4960.0
print string boolean false
16:36:08.299 [main] INFO  AV.BMS -  OSD 00 currentime 4960.0
obstacle not detected currenttime 4980.0
print string boolean false
16:36:09.314 [main] INFO  AV.BMS -  OSD 00 currentime 4980.0
obstacle not detected currenttime 5000.0
print string boolean false
16:36:10.250 [main] INFO  AV.BMS -  OSD 00 currentime 5000.0
obstacle not detected currenttime 5020.0
print string boolean false
16:36:11.279 [main] INFO  AV.BMS -  OSD 00 currentime 5020.0
obstacle not detected currenttime 5040.0
print string boolean false
16:36:12.281 [main] INFO  AV.BMS -  OSD 00 currentime 5040.0
obstacle not detected currenttime 5060.0
print string boolean false
16:36:13.284 [main] INFO  AV.BMS -  OSD 00 currentime 5060.0
obstacle not detected currenttime 5080.0
print string boolean false
16:36:14.320 [main] INFO  AV.BMS -  OSD 00 currentime 5080.0
obstacle not detected currenttime 5100.0
print string boolean false
16:36:15.336 [main] INFO  AV.BMS -  OSD 00 currentime 5100.0
obstacle not detected currenttime 5120.0
print string boolean false
16:36:16.328 [main] INFO  AV.BMS -  OSD 00 currentime 5120.0
obstacle not detected currenttime 5140.0
print string boolean false
16:36:17.359 [main] INFO  AV.BMS -  OSD 00 currentime 5140.0
obstacle not detected currenttime 5160.0
print string boolean false
16:36:18.445 [main] INFO  AV.BMS -  OSD 00 currentime 5160.0
obstacle not detected currenttime 5180.0
print string boolean false
16:36:19.388 [main] INFO  AV.BMS -  OSD 00 currentime 5180.0
obstacle not detected currenttime 5200.0
print string boolean false
16:36:20.389 [main] INFO  AV.BMS -  OSD 00 currentime 5200.0
obstacle not detected currenttime 5220.0
print string boolean false
16:36:21.366 [main] INFO  AV.BMS -  OSD 00 currentime 5220.0
obstacle not detected currenttime 5240.0
print string boolean false
16:36:22.362 [main] INFO  AV.BMS -  OSD 00 currentime 5240.0
obstacle not detected currenttime 5260.0
print string boolean false
16:36:23.334 [main] INFO  AV.BMS -  OSD 00 currentime 5260.0
obstacle not detected currenttime 5280.0
print string boolean false
16:36:24.208 [main] INFO  AV.BMS -  OSD 00 currentime 5280.0
obstacle not detected currenttime 5300.0
print string boolean false
16:36:25.170 [main] INFO  AV.BMS -  OSD 00 currentime 5300.0
obstacle not detected currenttime 5320.0
print string boolean false
16:36:26.136 [main] INFO  AV.BMS -  OSD 00 currentime 5320.0
obstacle not detected currenttime 5340.0
print string boolean false
16:36:27.140 [main] INFO  AV.BMS -  OSD 00 currentime 5340.0
obstacle not detected currenttime 5360.0
print string boolean false
16:36:28.148 [main] INFO  AV.BMS -  OSD 00 currentime 5360.0
obstacle not detected currenttime 5380.0
print string boolean false
16:36:29.164 [main] INFO  AV.BMS -  OSD 00 currentime 5380.0
obstacle not detected currenttime 5400.0
print string boolean false
16:36:30.150 [main] INFO  AV.BMS -  OSD 00 currentime 5400.0
obstacle not detected currenttime 5420.0
print string boolean false
16:36:31.177 [main] INFO  AV.BMS -  OSD 00 currentime 5420.0
obstacle not detected currenttime 5440.0
print string boolean false
16:36:32.161 [main] INFO  AV.BMS -  OSD 00 currentime 5440.0
obstacle not detected currenttime 5460.0
print string boolean false
16:36:33.180 [main] INFO  AV.BMS -  OSD 00 currentime 5460.0
obstacle not detected currenttime 5480.0
print string boolean false
16:36:34.182 [main] INFO  AV.BMS -  OSD 00 currentime 5480.0
obstacle not detected currenttime 5500.0
print string boolean false
16:36:35.151 [main] INFO  AV.BMS -  OSD 00 currentime 5500.0
obstacle not detected currenttime 5520.0
print string boolean false
16:36:36.225 [main] INFO  AV.BMS -  OSD 00 currentime 5520.0
obstacle not detected currenttime 5540.0
print string boolean false
16:36:37.257 [main] INFO  AV.BMS -  OSD 00 currentime 5540.0
obstacle not detected currenttime 5560.0
print string boolean false
16:36:38.275 [main] INFO  AV.BMS -  OSD 00 currentime 5560.0
obstacle not detected currenttime 5580.0
print string boolean false
16:36:39.264 [main] INFO  AV.BMS -  OSD 00 currentime 5580.0
obstacle not detected currenttime 5600.0
print string boolean false
16:36:40.253 [main] INFO  AV.BMS -  OSD 00 currentime 5600.0
obstacle not detected currenttime 5620.0
print string boolean false
16:36:41.239 [main] INFO  AV.BMS -  OSD 00 currentime 5620.0
obstacle not detected currenttime 5640.0
print string boolean false
16:36:42.239 [main] INFO  AV.BMS -  OSD 00 currentime 5640.0
obstacle not detected currenttime 5660.0
print string boolean false
16:36:43.245 [main] INFO  AV.BMS -  OSD 00 currentime 5660.0
obstacle not detected currenttime 5680.0
print string boolean false
16:36:44.264 [main] INFO  AV.BMS -  OSD 00 currentime 5680.0
obstacle not detected currenttime 5700.0
print string boolean false
16:36:45.257 [main] INFO  AV.BMS -  OSD 00 currentime 5700.0
obstacle not detected currenttime 5720.0
print string boolean false
16:36:46.231 [main] INFO  AV.BMS -  OSD 00 currentime 5720.0
obstacle not detected currenttime 5740.0
print string boolean false
16:36:47.234 [main] INFO  AV.BMS -  OSD 00 currentime 5740.0
obstacle not detected currenttime 5760.0
print string boolean false
16:36:48.215 [main] INFO  AV.BMS -  OSD 00 currentime 5760.0
obstacle not detected currenttime 5780.0
print string boolean false
16:36:49.204 [main] INFO  AV.BMS -  OSD 00 currentime 5780.0
obstacle not detected currenttime 5800.0
print string boolean false
16:36:50.155 [main] INFO  AV.BMS -  OSD 00 currentime 5800.0
obstacle not detected currenttime 5820.0
print string boolean false
16:36:51.131 [main] INFO  AV.BMS -  OSD 00 currentime 5820.0
obstacle not detected currenttime 5840.0
print string boolean false
16:36:52.109 [main] INFO  AV.BMS -  OSD 00 currentime 5840.0
obstacle not detected currenttime 5860.0
print string boolean false
16:36:53.009 [main] INFO  AV.BMS -  OSD 00 currentime 5860.0
obstacle not detected currenttime 5880.0
print string boolean false
16:36:54.024 [main] INFO  AV.BMS -  OSD 00 currentime 5880.0
obstacle not detected currenttime 5900.0
print string boolean false
16:36:54.896 [main] INFO  AV.BMS -  OSD 00 currentime 5900.0
obstacle not detected currenttime 5920.0
print string boolean false
16:36:55.515 [main] INFO  AV.BMS -  OSD 00 currentime 5920.0
obstacle not detected currenttime 5940.0
print string boolean false
16:36:56.498 [main] INFO  AV.BMS -  OSD 00 currentime 5940.0
obstacle not detected currenttime 5960.0
print string boolean false
16:36:57.477 [main] INFO  AV.BMS -  OSD 00 currentime 5960.0
obstacle not detected currenttime 5980.0
print string boolean false
16:36:58.463 [main] INFO  AV.BMS -  OSD 00 currentime 5980.0
obstacle not detected currenttime 6000.0
print string boolean false
16:36:59.434 [main] INFO  AV.BMS -  OSD 00 currentime 6000.0
obstacle not detected currenttime 6020.0
print string boolean false
16:37:00.439 [main] INFO  AV.BMS -  OSD 00 currentime 6020.0
obstacle not detected currenttime 6040.0
print string boolean false
16:37:01.431 [main] INFO  AV.BMS -  OSD 00 currentime 6040.0
obstacle not detected currenttime 6060.0
print string boolean false
16:37:02.413 [main] INFO  AV.BMS -  OSD 00 currentime 6060.0
obstacle not detected currenttime 6080.0
print string boolean false
16:37:03.387 [main] INFO  AV.BMS -  OSD 00 currentime 6080.0
obstacle not detected currenttime 6100.0
print string boolean false
16:37:04.384 [main] INFO  AV.BMS -  OSD 00 currentime 6100.0
obstacle not detected currenttime 6120.0
print string boolean false
16:37:05.373 [main] INFO  AV.BMS -  OSD 00 currentime 6120.0
obstacle not detected currenttime 6140.0
print string boolean false
16:37:06.408 [main] INFO  AV.BMS -  OSD 00 currentime 6140.0
obstacle not detected currenttime 6160.0
print string boolean false
16:37:07.425 [main] INFO  AV.BMS -  OSD 00 currentime 6160.0
obstacle not detected currenttime 6180.0
print string boolean false
16:37:08.432 [main] INFO  AV.BMS -  OSD 00 currentime 6180.0
obstacle not detected currenttime 6200.0
print string boolean false
16:37:09.441 [main] INFO  AV.BMS -  OSD 00 currentime 6200.0
obstacle not detected currenttime 6220.0
print string boolean false
16:37:10.505 [main] INFO  AV.BMS -  OSD 00 currentime 6220.0
obstacle not detected currenttime 6240.0
print string boolean false
16:37:11.504 [main] INFO  AV.BMS -  OSD 00 currentime 6240.0
obstacle not detected currenttime 6260.0
print string boolean false
16:37:12.439 [main] INFO  AV.BMS -  OSD 00 currentime 6260.0
obstacle not detected currenttime 6280.0
print string boolean false
16:37:13.485 [main] INFO  AV.BMS -  OSD 00 currentime 6280.0
obstacle not detected currenttime 6300.0
print string boolean false
16:37:14.416 [main] INFO  AV.BMS -  OSD 00 currentime 6300.0
obstacle not detected currenttime 6320.0
print string boolean false
16:37:15.418 [main] INFO  AV.BMS -  OSD 00 currentime 6320.0
obstacle not detected currenttime 6340.0
print string boolean false
16:37:16.457 [main] INFO  AV.BMS -  OSD 00 currentime 6340.0
obstacle not detected currenttime 6360.0
print string boolean false
16:37:17.449 [main] INFO  AV.BMS -  OSD 00 currentime 6360.0
obstacle not detected currenttime 6380.0
print string boolean false
16:37:18.476 [main] INFO  AV.BMS -  OSD 00 currentime 6380.0
obstacle not detected currenttime 6400.0
print string boolean false
16:37:19.460 [main] INFO  AV.BMS -  OSD 00 currentime 6400.0
obstacle not detected currenttime 6420.0
print string boolean false
16:37:20.460 [main] INFO  AV.BMS -  OSD 00 currentime 6420.0
obstacle not detected currenttime 6440.0
print string boolean false
16:37:21.442 [main] INFO  AV.BMS -  OSD 00 currentime 6440.0
obstacle not detected currenttime 6460.0
print string boolean false
16:37:22.398 [main] INFO  AV.BMS -  OSD 00 currentime 6460.0
obstacle not detected currenttime 6480.0
print string boolean false
16:37:23.384 [main] INFO  AV.BMS -  OSD 00 currentime 6480.0
obstacle not detected currenttime 6500.0
print string boolean false
16:37:24.371 [main] INFO  AV.BMS -  OSD 00 currentime 6500.0
obstacle not detected currenttime 6520.0
print string boolean false
16:37:25.360 [main] INFO  AV.BMS -  OSD 00 currentime 6520.0
obstacle not detected currenttime 6540.0
print string boolean false
16:37:26.379 [main] INFO  AV.BMS -  OSD 00 currentime 6540.0
obstacle not detected currenttime 6560.0
print string boolean false
16:37:27.386 [main] INFO  AV.BMS -  OSD 00 currentime 6560.0
obstacle not detected currenttime 6580.0
print string boolean false
16:37:28.379 [main] INFO  AV.BMS -  OSD 00 currentime 6580.0
obstacle not detected currenttime 6600.0
print string boolean false
16:37:29.316 [main] INFO  AV.BMS -  OSD 00 currentime 6600.0
obstacle not detected currenttime 6620.0
print string boolean false
16:37:30.288 [main] INFO  AV.BMS -  OSD 00 currentime 6620.0
obstacle not detected currenttime 6640.0
print string boolean false
16:37:31.275 [main] INFO  AV.BMS -  OSD 00 currentime 6640.0
obstacle not detected currenttime 6660.0
print string boolean false
16:37:32.243 [main] INFO  AV.BMS -  OSD 00 currentime 6660.0
obstacle not detected currenttime 6680.0
print string boolean false
16:37:33.335 [main] INFO  AV.BMS -  OSD 00 currentime 6680.0
obstacle not detected currenttime 6700.0
print string boolean false
16:37:34.356 [main] INFO  AV.BMS -  OSD 00 currentime 6700.0
obstacle not detected currenttime 6720.0
print string boolean false
16:37:35.370 [main] INFO  AV.BMS -  OSD 00 currentime 6720.0
obstacle not detected currenttime 6740.0
print string boolean false
16:37:36.391 [main] INFO  AV.BMS -  OSD 00 currentime 6740.0
obstacle not detected currenttime 6760.0
print string boolean false
16:37:37.850 [main] INFO  AV.BMS -  OSD 00 currentime 6760.0
obstacle not detected currenttime 6780.0
print string boolean false
16:37:38.878 [main] INFO  AV.BMS -  OSD 00 currentime 6780.0
obstacle not detected currenttime 6800.0
print string boolean false
16:37:39.907 [main] INFO  AV.BMS -  OSD 00 currentime 6800.0
obstacle not detected currenttime 6820.0
print string boolean false
16:37:40.894 [main] INFO  AV.BMS -  OSD 00 currentime 6820.0
obstacle not detected currenttime 6840.0
print string boolean false
16:37:41.913 [main] INFO  AV.BMS -  OSD 00 currentime 6840.0
obstacle not detected currenttime 6860.0
print string boolean false
16:37:42.903 [main] INFO  AV.BMS -  OSD 00 currentime 6860.0
obstacle not detected currenttime 6880.0
print string boolean false
16:37:43.931 [main] INFO  AV.BMS -  OSD 00 currentime 6880.0
obstacle not detected currenttime 6900.0
print string boolean false
16:37:44.942 [main] INFO  AV.BMS -  OSD 00 currentime 6900.0
obstacle not detected currenttime 6920.0
print string boolean false
16:37:45.960 [main] INFO  AV.BMS -  OSD 00 currentime 6920.0
obstacle not detected currenttime 6940.0
print string boolean false
16:37:46.969 [main] INFO  AV.BMS -  OSD 00 currentime 6940.0
obstacle not detected currenttime 6960.0
print string boolean false
16:37:48.026 [main] INFO  AV.BMS -  OSD 00 currentime 6960.0
obstacle not detected currenttime 6980.0
print string boolean false
16:37:49.014 [main] INFO  AV.BMS -  OSD 00 currentime 6980.0
obstacle not detected currenttime 7000.0
print string boolean false
16:37:50.005 [main] INFO  AV.BMS -  OSD 00 currentime 7000.0
obstacle not detected currenttime 7020.0
print string boolean false
16:37:51.018 [main] INFO  AV.BMS -  OSD 00 currentime 7020.0
obstacle not detected currenttime 7040.0
print string boolean false
16:37:51.816 [main] INFO  AV.BMS -  OSD 00 currentime 7040.0
obstacle not detected currenttime 7060.0
print string boolean false
16:37:52.833 [main] INFO  AV.BMS -  OSD 00 currentime 7060.0
obstacle not detected currenttime 7080.0
print string boolean false
16:37:53.774 [main] INFO  AV.BMS -  OSD 00 currentime 7080.0
obstacle not detected currenttime 7100.0
print string boolean false
16:37:54.395 [main] INFO  AV.BMS -  OSD 00 currentime 7100.0
obstacle not detected currenttime 7120.0
print string boolean false
16:37:55.000 [main] INFO  AV.BMS -  OSD 00 currentime 7120.0
obstacle not detected currenttime 7140.0
print string boolean false
16:37:55.674 [main] INFO  AV.BMS -  OSD 00 currentime 7140.0
obstacle not detected currenttime 7160.0
print string boolean false
16:37:56.677 [main] INFO  AV.BMS -  OSD 00 currentime 7160.0
obstacle not detected currenttime 7180.0
print string boolean false
16:37:57.653 [main] INFO  AV.BMS -  OSD 00 currentime 7180.0
obstacle not detected currenttime 7200.0
print string boolean false
16:37:58.594 [main] INFO  AV.BMS -  OSD 00 currentime 7200.0
obstacle not detected currenttime 7220.0
print string boolean false
16:37:59.552 [main] INFO  AV.BMS -  OSD 00 currentime 7220.0
obstacle not detected currenttime 7240.0
print string boolean false
16:38:00.556 [main] INFO  AV.BMS -  OSD 00 currentime 7240.0
obstacle not detected currenttime 7260.0
print string boolean false
16:38:01.553 [main] INFO  AV.BMS -  OSD 00 currentime 7260.0
obstacle not detected currenttime 7280.0
print string boolean false
16:38:02.477 [main] INFO  AV.BMS -  OSD 00 currentime 7280.0
obstacle not detected currenttime 7300.0
print string boolean false
16:38:03.463 [main] INFO  AV.BMS -  OSD 00 currentime 7300.0
obstacle not detected currenttime 7320.0
print string boolean false
16:38:04.416 [main] INFO  AV.BMS -  OSD 00 currentime 7320.0
obstacle not detected currenttime 7340.0
print string boolean false
16:38:05.374 [main] INFO  AV.BMS -  OSD 00 currentime 7340.0
obstacle not detected currenttime 7360.0
print string boolean false
16:38:06.350 [main] INFO  AV.BMS -  OSD 00 currentime 7360.0
obstacle not detected currenttime 7380.0
print string boolean false
16:38:07.354 [main] INFO  AV.BMS -  OSD 00 currentime 7380.0
obstacle not detected currenttime 7400.0
print string boolean false
16:38:08.352 [main] INFO  AV.BMS -  OSD 00 currentime 7400.0
obstacle not detected currenttime 7420.0
print string boolean false
16:38:09.358 [main] INFO  AV.BMS -  OSD 00 currentime 7420.0
obstacle not detected currenttime 7440.0
print string boolean false
16:38:10.331 [main] INFO  AV.BMS -  OSD 00 currentime 7440.0
obstacle not detected currenttime 7460.0
print string boolean false
16:38:11.349 [main] INFO  AV.BMS -  OSD 00 currentime 7460.0
obstacle not detected currenttime 7480.0
print string boolean false
16:38:12.395 [main] INFO  AV.BMS -  OSD 00 currentime 7480.0
obstacle not detected currenttime 7500.0
print string boolean false
16:38:13.501 [main] INFO  AV.BMS -  OSD 00 currentime 7500.0
obstacle not detected currenttime 7520.0
print string boolean false
16:38:14.417 [main] INFO  AV.BMS -  OSD 00 currentime 7520.0
obstacle not detected currenttime 7540.0
print string boolean false
16:38:15.343 [main] INFO  AV.BMS -  OSD 00 currentime 7540.0
obstacle not detected currenttime 7560.0
print string boolean false
16:38:16.363 [main] INFO  AV.BMS -  OSD 00 currentime 7560.0
obstacle not detected currenttime 7580.0
print string boolean false
16:38:17.346 [main] INFO  AV.BMS -  OSD 00 currentime 7580.0
obstacle not detected currenttime 7600.0
print string boolean false
16:38:18.355 [main] INFO  AV.BMS -  OSD 00 currentime 7600.0
obstacle not detected currenttime 7620.0
print string boolean false
16:38:19.341 [main] INFO  AV.BMS -  OSD 00 currentime 7620.0
obstacle not detected currenttime 7640.0
print string boolean false
16:38:20.305 [main] INFO  AV.BMS -  OSD 00 currentime 7640.0
obstacle not detected currenttime 7660.0
print string boolean false
16:38:21.341 [main] INFO  AV.BMS -  OSD 00 currentime 7660.0
obstacle not detected currenttime 7680.0
print string boolean false
16:38:22.321 [main] INFO  AV.BMS -  OSD 00 currentime 7680.0
obstacle not detected currenttime 7700.0
print string boolean false
16:38:23.304 [main] INFO  AV.BMS -  OSD 00 currentime 7700.0
obstacle not detected currenttime 7720.0
print string boolean false
16:38:24.292 [main] INFO  AV.BMS -  OSD 00 currentime 7720.0
obstacle not detected currenttime 7740.0
print string boolean false
16:38:25.308 [main] INFO  AV.BMS -  OSD 00 currentime 7740.0
obstacle not detected currenttime 7760.0
print string boolean false
16:38:26.285 [main] INFO  AV.BMS -  OSD 00 currentime 7760.0
obstacle not detected currenttime 7780.0
print string boolean false
16:38:27.309 [main] INFO  AV.BMS -  OSD 00 currentime 7780.0
obstacle not detected currenttime 7800.0
print string boolean false
16:38:28.334 [main] INFO  AV.BMS -  OSD 00 currentime 7800.0
obstacle not detected currenttime 7820.0
print string boolean false
16:38:29.345 [main] INFO  AV.BMS -  OSD 00 currentime 7820.0
obstacle not detected currenttime 7840.0
print string boolean false
16:38:30.366 [main] INFO  AV.BMS -  OSD 00 currentime 7840.0
obstacle not detected currenttime 7860.0
print string boolean false
16:38:31.355 [main] INFO  AV.BMS -  OSD 00 currentime 7860.0
obstacle not detected currenttime 7880.0
print string boolean false
16:38:32.351 [main] INFO  AV.BMS -  OSD 00 currentime 7880.0
obstacle not detected currenttime 7900.0
print string boolean false
16:38:33.514 [main] INFO  AV.BMS -  OSD 00 currentime 7900.0
obstacle not detected currenttime 7920.0
print string boolean false
16:38:34.504 [main] INFO  AV.BMS -  OSD 00 currentime 7920.0
obstacle not detected currenttime 7940.0
print string boolean false
16:38:35.452 [main] INFO  AV.BMS -  OSD 00 currentime 7940.0
obstacle not detected currenttime 7960.0
print string boolean false
16:38:36.508 [main] INFO  AV.BMS -  OSD 00 currentime 7960.0
obstacle not detected currenttime 7980.0
print string boolean false
16:38:37.484 [main] INFO  AV.BMS -  OSD 00 currentime 7980.0
obstacle not detected currenttime 8000.0
print string boolean false
16:38:38.496 [main] INFO  AV.BMS -  OSD 00 currentime 8000.0
obstacle not detected currenttime 8020.0
print string boolean false
16:38:39.491 [main] INFO  AV.BMS -  OSD 00 currentime 8020.0
obstacle not detected currenttime 8040.0
print string boolean false
16:38:40.472 [main] INFO  AV.BMS -  OSD 00 currentime 8040.0
obstacle not detected currenttime 8060.0
print string boolean false
16:38:41.431 [main] INFO  AV.BMS -  OSD 00 currentime 8060.0
obstacle not detected currenttime 8080.0
print string boolean false
16:38:42.475 [main] INFO  AV.BMS -  OSD 00 currentime 8080.0
obstacle not detected currenttime 8100.0
print string boolean false
16:38:43.456 [main] INFO  AV.BMS -  OSD 00 currentime 8100.0
obstacle not detected currenttime 8120.0
print string boolean false
16:38:44.454 [main] INFO  AV.BMS -  OSD 00 currentime 8120.0
obstacle not detected currenttime 8140.0
print string boolean false
16:38:45.325 [main] INFO  AV.BMS -  OSD 00 currentime 8140.0
obstacle not detected currenttime 8160.0
print string boolean false
16:38:46.347 [main] INFO  AV.BMS -  OSD 00 currentime 8160.0
obstacle not detected currenttime 8180.0
print string boolean false
16:38:47.339 [main] INFO  AV.BMS -  OSD 00 currentime 8180.0
obstacle not detected currenttime 8200.0
print string boolean false
16:38:48.336 [main] INFO  AV.BMS -  OSD 00 currentime 8200.0
obstacle not detected currenttime 8220.0
print string boolean false
16:38:49.302 [main] INFO  AV.BMS -  OSD 00 currentime 8220.0
obstacle not detected currenttime 8240.0
print string boolean false
16:38:50.303 [main] INFO  AV.BMS -  OSD 00 currentime 8240.0
obstacle not detected currenttime 8260.0
print string boolean false
16:38:51.297 [main] INFO  AV.BMS -  OSD 00 currentime 8260.0
obstacle not detected currenttime 8280.0
print string boolean false
16:38:52.331 [main] INFO  AV.BMS -  OSD 00 currentime 8280.0
obstacle not detected currenttime 8300.0
print string boolean false
16:38:53.286 [main] INFO  AV.BMS -  OSD 00 currentime 8300.0
obstacle not detected currenttime 8320.0
print string boolean false
16:38:54.320 [main] INFO  AV.BMS -  OSD 00 currentime 8320.0
obstacle not detected currenttime 8340.0
print string boolean false
16:38:55.450 [main] INFO  AV.BMS -  OSD 00 currentime 8340.0
obstacle not detected currenttime 8360.0
print string boolean false
16:38:56.460 [main] INFO  AV.BMS -  OSD 00 currentime 8360.0
obstacle not detected currenttime 8380.0
print string boolean false
16:38:57.411 [main] INFO  AV.BMS -  OSD 00 currentime 8380.0
obstacle not detected currenttime 8400.0
print string boolean false
16:38:58.406 [main] INFO  AV.BMS -  OSD 00 currentime 8400.0
obstacle not detected currenttime 8420.0
print string boolean false
16:38:59.377 [main] INFO  AV.BMS -  OSD 00 currentime 8420.0
obstacle not detected currenttime 8440.0
print string boolean false
16:39:00.406 [main] INFO  AV.BMS -  OSD 00 currentime 8440.0
obstacle not detected currenttime 8460.0
print string boolean false
16:39:01.388 [main] INFO  AV.BMS -  OSD 00 currentime 8460.0
obstacle not detected currenttime 8480.0
print string boolean false
16:39:02.439 [main] INFO  AV.BMS -  OSD 00 currentime 8480.0
obstacle not detected currenttime 8500.0
print string boolean false
16:39:03.468 [main] INFO  AV.BMS -  OSD 00 currentime 8500.0
obstacle not detected currenttime 8520.0
print string boolean false
16:39:04.517 [main] INFO  AV.BMS -  OSD 00 currentime 8520.0
obstacle not detected currenttime 8540.0
print string boolean false
16:39:05.519 [main] INFO  AV.BMS -  OSD 00 currentime 8540.0
obstacle not detected currenttime 8560.0
print string boolean false
16:39:06.491 [main] INFO  AV.BMS -  OSD 00 currentime 8560.0
obstacle not detected currenttime 8580.0
print string boolean false
16:39:07.479 [main] INFO  AV.BMS -  OSD 00 currentime 8580.0
obstacle not detected currenttime 8600.0
print string boolean false
16:39:08.489 [main] INFO  AV.BMS -  OSD 00 currentime 8600.0
obstacle not detected currenttime 8620.0
print string boolean false
16:39:09.496 [main] INFO  AV.BMS -  OSD 00 currentime 8620.0
obstacle not detected currenttime 8640.0
print string boolean false
16:39:10.494 [main] INFO  AV.BMS -  OSD 00 currentime 8640.0
obstacle not detected currenttime 8660.0
print string boolean false
16:39:11.486 [main] INFO  AV.BMS -  OSD 00 currentime 8660.0
obstacle not detected currenttime 8680.0
print string boolean false
16:39:12.465 [main] INFO  AV.BMS -  OSD 00 currentime 8680.0
obstacle not detected currenttime 8700.0
print string boolean false
16:39:13.479 [main] INFO  AV.BMS -  OSD 00 currentime 8700.0
obstacle not detected currenttime 8720.0
print string boolean false
16:39:14.518 [main] INFO  AV.BMS -  OSD 00 currentime 8720.0
obstacle not detected currenttime 8740.0
print string boolean false
16:39:15.542 [main] INFO  AV.BMS -  OSD 00 currentime 8740.0
obstacle not detected currenttime 8760.0
print string boolean false
16:39:16.537 [main] INFO  AV.BMS -  OSD 00 currentime 8760.0
obstacle not detected currenttime 8780.0
print string boolean false
16:39:17.696 [main] INFO  AV.BMS -  OSD 00 currentime 8780.0
obstacle not detected currenttime 8800.0
print string boolean false
16:39:18.601 [main] INFO  AV.BMS -  OSD 00 currentime 8800.0
obstacle not detected currenttime 8820.0
print string boolean false
16:39:19.564 [main] INFO  AV.BMS -  OSD 00 currentime 8820.0
obstacle not detected currenttime 8840.0
print string boolean false
16:39:20.566 [main] INFO  AV.BMS -  OSD 00 currentime 8840.0
obstacle not detected currenttime 8860.0
print string boolean false
16:39:21.582 [main] INFO  AV.BMS -  OSD 00 currentime 8860.0
obstacle not detected currenttime 8880.0
print string boolean false
16:39:22.606 [main] INFO  AV.BMS -  OSD 00 currentime 8880.0
obstacle not detected currenttime 8900.0
print string boolean false
16:39:23.645 [main] INFO  AV.BMS -  OSD 00 currentime 8900.0
obstacle not detected currenttime 8920.0
print string boolean false
16:39:24.697 [main] INFO  AV.BMS -  OSD 00 currentime 8920.0
obstacle not detected currenttime 8940.0
print string boolean false
16:39:25.739 [main] INFO  AV.BMS -  OSD 00 currentime 8940.0
obstacle not detected currenttime 8960.0
print string boolean false
16:39:26.682 [main] INFO  AV.BMS -  OSD 00 currentime 8960.0
obstacle not detected currenttime 8980.0
print string boolean false
16:39:27.689 [main] INFO  AV.BMS -  OSD 00 currentime 8980.0
obstacle not detected currenttime 9000.0
print string boolean false
16:39:28.661 [main] INFO  AV.BMS -  OSD 00 currentime 9000.0
obstacle not detected currenttime 9020.0
print string boolean false
16:39:29.688 [main] INFO  AV.BMS -  OSD 00 currentime 9020.0
obstacle not detected currenttime 9040.0
print string boolean false
16:39:30.727 [main] INFO  AV.BMS -  OSD 00 currentime 9040.0
obstacle not detected currenttime 9060.0
print string boolean false
16:39:31.799 [main] INFO  AV.BMS -  OSD 00 currentime 9060.0
obstacle not detected currenttime 9080.0
print string boolean false
16:39:32.753 [main] INFO  AV.BMS -  OSD 00 currentime 9080.0
obstacle not detected currenttime 9100.0
print string boolean false
16:39:33.597 [main] INFO  AV.BMS -  OSD 00 currentime 9100.0
obstacle not detected currenttime 9120.0
print string boolean false
16:39:34.621 [main] INFO  AV.BMS -  OSD 00 currentime 9120.0
obstacle not detected currenttime 9140.0
print string boolean false
16:39:35.630 [main] INFO  AV.BMS -  OSD 00 currentime 9140.0
obstacle not detected currenttime 9160.0
print string boolean false
16:39:36.658 [main] INFO  AV.BMS -  OSD 00 currentime 9160.0
obstacle not detected currenttime 9180.0
print string boolean false
16:39:37.665 [main] INFO  AV.BMS -  OSD 00 currentime 9180.0
obstacle not detected currenttime 9200.0
print string boolean false
16:39:38.682 [main] INFO  AV.BMS -  OSD 00 currentime 9200.0
obstacle not detected currenttime 9220.0
print string boolean false
16:39:39.833 [main] INFO  AV.BMS -  OSD 00 currentime 9220.0
obstacle not detected currenttime 9240.0
print string boolean false
16:39:40.698 [main] INFO  AV.BMS -  OSD 00 currentime 9240.0
obstacle not detected currenttime 9260.0
print string boolean false
16:39:41.562 [main] INFO  AV.BMS -  OSD 00 currentime 9260.0
obstacle not detected currenttime 9280.0
print string boolean false
16:39:42.624 [main] INFO  AV.BMS -  OSD 00 currentime 9280.0
obstacle not detected currenttime 9300.0
print string boolean false
16:39:43.598 [main] INFO  AV.BMS -  OSD 00 currentime 9300.0
obstacle not detected currenttime 9320.0
print string boolean false
16:39:44.682 [main] INFO  AV.BMS -  OSD 00 currentime 9320.0
obstacle not detected currenttime 9340.0
print string boolean false
16:39:45.605 [main] INFO  AV.BMS -  OSD 00 currentime 9340.0
obstacle not detected currenttime 9360.0
print string boolean false
16:39:46.655 [main] INFO  AV.BMS -  OSD 00 currentime 9360.0
obstacle not detected currenttime 9380.0
print string boolean false
16:39:47.329 [main] INFO  AV.BMS -  OSD 00 currentime 9380.0
obstacle not detected currenttime 9400.0
print string boolean false
16:39:48.259 [main] INFO  AV.BMS -  OSD 00 currentime 9400.0
obstacle not detected currenttime 9420.0
print string boolean false
16:39:49.329 [main] INFO  AV.BMS -  OSD 00 currentime 9420.0
obstacle not detected currenttime 9440.0
print string boolean false
16:39:50.239 [main] INFO  AV.BMS -  OSD 00 currentime 9440.0
obstacle not detected currenttime 9460.0
print string boolean false
16:39:51.247 [main] INFO  AV.BMS -  OSD 00 currentime 9460.0
obstacle not detected currenttime 9480.0
print string boolean false
16:39:52.319 [main] INFO  AV.BMS -  OSD 00 currentime 9480.0
obstacle not detected currenttime 9500.0
print string boolean false
16:39:53.298 [main] INFO  AV.BMS -  OSD 00 currentime 9500.0
obstacle not detected currenttime 9520.0
print string boolean false
16:39:54.305 [main] INFO  AV.BMS -  OSD 00 currentime 9520.0
obstacle not detected currenttime 9540.0
print string boolean false
16:39:55.292 [main] INFO  AV.BMS -  OSD 00 currentime 9540.0
obstacle not detected currenttime 9560.0
print string boolean false
16:39:56.308 [main] INFO  AV.BMS -  OSD 00 currentime 9560.0
obstacle not detected currenttime 9580.0
print string boolean false
16:39:57.322 [main] INFO  AV.BMS -  OSD 00 currentime 9580.0
obstacle not detected currenttime 9600.0
print string boolean false
16:39:58.229 [main] INFO  AV.BMS -  OSD 00 currentime 9600.0
obstacle not detected currenttime 9620.0
print string boolean false
16:39:59.234 [main] INFO  AV.BMS -  OSD 00 currentime 9620.0
obstacle not detected currenttime 9640.0
print string boolean false
16:40:00.172 [main] INFO  AV.BMS -  OSD 00 currentime 9640.0
obstacle not detected currenttime 9660.0
print string boolean false
16:40:01.186 [main] INFO  AV.BMS -  OSD 00 currentime 9660.0
obstacle not detected currenttime 9680.0
print string boolean false
16:40:02.363 [main] INFO  AV.BMS -  OSD 00 currentime 9680.0
obstacle not detected currenttime 9700.0
print string boolean false
16:40:03.372 [main] INFO  AV.BMS -  OSD 00 currentime 9700.0
obstacle not detected currenttime 9720.0
print string boolean false
16:40:04.335 [main] INFO  AV.BMS -  OSD 00 currentime 9720.0
obstacle not detected currenttime 9740.0
print string boolean false
16:40:05.173 [main] INFO  AV.BMS -  OSD 00 currentime 9740.0
obstacle not detected currenttime 9760.0
print string boolean false
16:40:06.144 [main] INFO  AV.BMS -  OSD 00 currentime 9760.0
obstacle not detected currenttime 9780.0
print string boolean false
16:40:07.184 [main] INFO  AV.BMS -  OSD 00 currentime 9780.0
obstacle not detected currenttime 9800.0
print string boolean false
16:40:08.286 [main] INFO  AV.BMS -  OSD 00 currentime 9800.0
obstacle not detected currenttime 9820.0
print string boolean false
16:40:09.376 [main] INFO  AV.BMS -  OSD 00 currentime 9820.0
obstacle not detected currenttime 9840.0
print string boolean false
16:40:10.437 [main] INFO  AV.BMS -  OSD 00 currentime 9840.0
obstacle not detected currenttime 9860.0
print string boolean false
16:40:11.485 [main] INFO  AV.BMS -  OSD 00 currentime 9860.0
obstacle not detected currenttime 9880.0
print string boolean false
16:40:12.479 [main] INFO  AV.BMS -  OSD 00 currentime 9880.0
obstacle not detected currenttime 9900.0
print string boolean false
16:40:13.475 [main] INFO  AV.BMS -  OSD 00 currentime 9900.0
obstacle not detected currenttime 9920.0
print string boolean false
16:40:14.491 [main] INFO  AV.BMS -  OSD 00 currentime 9920.0
obstacle not detected currenttime 9940.0
print string boolean false
16:40:15.560 [main] INFO  AV.BMS -  OSD 00 currentime 9940.0
obstacle not detected currenttime 9960.0
print string boolean false
16:40:16.550 [main] INFO  AV.BMS -  OSD 00 currentime 9960.0
obstacle not detected currenttime 9980.0
print string boolean false
16:40:17.566 [main] INFO  AV.BMS -  OSD 00 currentime 9980.0
obstacle not detected currenttime 10000.0
print string boolean false
16:40:18.575 [main] INFO  AV.BMS -  OSD 00 currentime 10000.0
obstacle not detected currenttime 10020.0
print string boolean false
16:40:19.504 [main] INFO  AV.BMS -  OSD 00 currentime 10020.0
obstacle not detected currenttime 10040.0
print string boolean false
16:40:20.495 [main] INFO  AV.BMS -  OSD 00 currentime 10040.0
obstacle not detected currenttime 10060.0
print string boolean false
16:40:21.539 [main] INFO  AV.BMS -  OSD 00 currentime 10060.0
obstacle not detected currenttime 10080.0
print string boolean false
16:40:22.540 [main] INFO  AV.BMS -  OSD 00 currentime 10080.0
obstacle not detected currenttime 10100.0
print string boolean false
16:40:23.559 [main] INFO  AV.BMS -  OSD 00 currentime 10100.0
obstacle not detected currenttime 10120.0
print string boolean false
16:40:24.514 [main] INFO  AV.BMS -  OSD 00 currentime 10120.0
obstacle not detected currenttime 10140.0
print string boolean false
16:40:25.522 [main] INFO  AV.BMS -  OSD 00 currentime 10140.0
obstacle not detected currenttime 10160.0
print string boolean false
16:40:26.481 [main] INFO  AV.BMS -  OSD 00 currentime 10160.0
obstacle not detected currenttime 10180.0
print string boolean false
16:40:27.371 [main] INFO  AV.BMS -  OSD 00 currentime 10180.0
obstacle not detected currenttime 10200.0
print string boolean false
16:40:28.347 [main] INFO  AV.BMS -  OSD 00 currentime 10200.0
obstacle not detected currenttime 10220.0
print string boolean false
16:40:29.356 [main] INFO  AV.BMS -  OSD 00 currentime 10220.0
obstacle not detected currenttime 10240.0
print string boolean false
16:40:30.338 [main] INFO  AV.BMS -  OSD 00 currentime 10240.0
obstacle not detected currenttime 10260.0
print string boolean false
16:40:31.345 [main] INFO  AV.BMS -  OSD 00 currentime 10260.0
obstacle not detected currenttime 10280.0
print string boolean false
16:40:32.409 [main] INFO  AV.BMS -  OSD 00 currentime 10280.0
obstacle not detected currenttime 10300.0
print string boolean false
16:40:33.387 [main] INFO  AV.BMS -  OSD 00 currentime 10300.0
obstacle not detected currenttime 10320.0
print string boolean false
16:40:34.387 [main] INFO  AV.BMS -  OSD 00 currentime 10320.0
obstacle not detected currenttime 10340.0
print string boolean false
16:40:35.391 [main] INFO  AV.BMS -  OSD 00 currentime 10340.0
obstacle not detected currenttime 10360.0
print string boolean false
16:40:36.402 [main] INFO  AV.BMS -  OSD 00 currentime 10360.0
obstacle not detected currenttime 10380.0
print string boolean false
16:40:37.357 [main] INFO  AV.BMS -  OSD 00 currentime 10380.0
obstacle not detected currenttime 10400.0
print string boolean false
16:40:38.308 [main] INFO  AV.BMS -  OSD 00 currentime 10400.0
obstacle not detected currenttime 10420.0
print string boolean false
16:40:39.305 [main] INFO  AV.BMS -  OSD 00 currentime 10420.0
obstacle not detected currenttime 10440.0
print string boolean false
16:40:40.343 [main] INFO  AV.BMS -  OSD 00 currentime 10440.0
obstacle not detected currenttime 10460.0
print string boolean false
16:40:41.375 [main] INFO  AV.BMS -  OSD 00 currentime 10460.0
obstacle not detected currenttime 10480.0
print string boolean false
16:40:42.382 [main] INFO  AV.BMS -  OSD 00 currentime 10480.0
obstacle not detected currenttime 10500.0
print string boolean false
16:40:43.416 [main] INFO  AV.BMS -  OSD 00 currentime 10500.0
obstacle not detected currenttime 10520.0
print string boolean false
16:40:44.459 [main] INFO  AV.BMS -  OSD 00 currentime 10520.0
obstacle not detected currenttime 10540.0
print string boolean false
16:40:45.608 [main] INFO  AV.BMS -  OSD 00 currentime 10540.0
obstacle not detected currenttime 10560.0
print string boolean false
16:40:46.587 [main] INFO  AV.BMS -  OSD 00 currentime 10560.0
obstacle not detected currenttime 10580.0
print string boolean false
16:40:47.744 [main] INFO  AV.BMS -  OSD 00 currentime 10580.0
obstacle not detected currenttime 10600.0
print string boolean false
16:40:48.758 [main] INFO  AV.BMS -  OSD 00 currentime 10600.0
obstacle not detected currenttime 10620.0
print string boolean false
16:40:49.990 [main] INFO  AV.BMS -  OSD 00 currentime 10620.0
obstacle not detected currenttime 10640.0
print string boolean false
16:40:50.980 [main] INFO  AV.BMS -  OSD 00 currentime 10640.0
obstacle not detected currenttime 10660.0
print string boolean false
16:40:52.136 [main] INFO  AV.BMS -  OSD 00 currentime 10660.0
obstacle not detected currenttime 10680.0
print string boolean false
16:40:53.156 [main] INFO  AV.BMS -  OSD 00 currentime 10680.0
obstacle not detected currenttime 10700.0
print string boolean false
16:40:54.116 [main] INFO  AV.BMS -  OSD 00 currentime 10700.0
obstacle not detected currenttime 10720.0
print string boolean false
16:40:55.094 [main] INFO  AV.BMS -  OSD 00 currentime 10720.0
obstacle not detected currenttime 10740.0
print string boolean false
16:40:56.211 [main] INFO  AV.BMS -  OSD 00 currentime 10740.0
obstacle not detected currenttime 10760.0
print string boolean false
16:40:57.251 [main] INFO  AV.BMS -  OSD 00 currentime 10760.0
obstacle not detected currenttime 10780.0
print string boolean false
16:40:58.284 [main] INFO  AV.BMS -  OSD 00 currentime 10780.0
obstacle not detected currenttime 10800.0
print string boolean false
16:40:59.289 [main] INFO  AV.BMS -  OSD 00 currentime 10800.0
obstacle not detected currenttime 10820.0
print string boolean false
16:41:00.267 [main] INFO  AV.BMS -  OSD 00 currentime 10820.0
obstacle not detected currenttime 10840.0
print string boolean false
16:41:01.246 [main] INFO  AV.BMS -  OSD 00 currentime 10840.0
obstacle not detected currenttime 10860.0
print string boolean false
16:41:02.209 [main] INFO  AV.BMS -  OSD 00 currentime 10860.0
obstacle not detected currenttime 10880.0
print string boolean false
16:41:03.283 [main] INFO  AV.BMS -  OSD 00 currentime 10880.0
obstacle not detected currenttime 10900.0
print string boolean false
16:41:04.294 [main] INFO  AV.BMS -  OSD 00 currentime 10900.0
obstacle not detected currenttime 10920.0
print string boolean false
16:41:05.325 [main] INFO  AV.BMS -  OSD 00 currentime 10920.0
obstacle not detected currenttime 10940.0
print string boolean false
16:41:06.340 [main] INFO  AV.BMS -  OSD 00 currentime 10940.0
obstacle not detected currenttime 10960.0
print string boolean false
16:41:07.304 [main] INFO  AV.BMS -  OSD 00 currentime 10960.0
obstacle not detected currenttime 10980.0
print string boolean false
16:41:08.306 [main] INFO  AV.BMS -  OSD 00 currentime 10980.0
obstacle not detected currenttime 11000.0
print string boolean false
16:41:09.347 [main] INFO  AV.BMS -  OSD 00 currentime 11000.0
obstacle not detected currenttime 11020.0
print string boolean false
16:41:10.343 [main] INFO  AV.BMS -  OSD 00 currentime 11020.0
obstacle not detected currenttime 11040.0
print string boolean false
16:41:11.297 [main] INFO  AV.BMS -  OSD 00 currentime 11040.0
obstacle not detected currenttime 11060.0
print string boolean false
16:41:12.401 [main] INFO  AV.BMS -  OSD 00 currentime 11060.0
obstacle not detected currenttime 11080.0
print string boolean false
16:41:13.444 [main] INFO  AV.BMS -  OSD 00 currentime 11080.0
obstacle not detected currenttime 11100.0
print string boolean false
16:41:14.670 [main] INFO  AV.BMS -  OSD 00 currentime 11100.0
obstacle not detected currenttime 11120.0
print string boolean false
16:41:15.694 [main] INFO  AV.BMS -  OSD 00 currentime 11120.0
obstacle not detected currenttime 11140.0
print string boolean false
16:41:16.668 [main] INFO  AV.BMS -  OSD 00 currentime 11140.0
obstacle not detected currenttime 11160.0
print string boolean false
16:41:17.720 [main] INFO  AV.BMS -  OSD 00 currentime 11160.0
obstacle not detected currenttime 11180.0
print string boolean false
16:41:18.699 [main] INFO  AV.BMS -  OSD 00 currentime 11180.0
obstacle not detected currenttime 11200.0
print string boolean false
16:41:19.710 [main] INFO  AV.BMS -  OSD 00 currentime 11200.0
obstacle not detected currenttime 11220.0
print string boolean false
16:41:20.702 [main] INFO  AV.BMS -  OSD 00 currentime 11220.0
obstacle not detected currenttime 11240.0
print string boolean false
16:41:21.695 [main] INFO  AV.BMS -  OSD 00 currentime 11240.0
obstacle not detected currenttime 11260.0
print string boolean false
16:41:22.679 [main] INFO  AV.BMS -  OSD 00 currentime 11260.0
obstacle not detected currenttime 11280.0
print string boolean false
16:41:23.614 [main] INFO  AV.BMS -  OSD 00 currentime 11280.0
obstacle not detected currenttime 11300.0
print string boolean false
16:41:24.615 [main] INFO  AV.BMS -  OSD 00 currentime 11300.0
obstacle not detected currenttime 11320.0
print string boolean false
16:41:25.599 [main] INFO  AV.BMS -  OSD 00 currentime 11320.0
obstacle not detected currenttime 11340.0
print string boolean false
16:41:26.570 [main] INFO  AV.BMS -  OSD 00 currentime 11340.0
obstacle not detected currenttime 11360.0
print string boolean false
16:41:27.554 [main] INFO  AV.BMS -  OSD 00 currentime 11360.0
obstacle not detected currenttime 11380.0
print string boolean false
16:41:28.570 [main] INFO  AV.BMS -  OSD 00 currentime 11380.0
obstacle not detected currenttime 11400.0
print string boolean false
16:41:29.541 [main] INFO  AV.BMS -  OSD 00 currentime 11400.0
obstacle not detected currenttime 11420.0
print string boolean false
16:41:30.514 [main] INFO  AV.BMS -  OSD 00 currentime 11420.0
obstacle not detected currenttime 11440.0
print string boolean false
16:41:31.542 [main] INFO  AV.BMS -  OSD 00 currentime 11440.0
obstacle not detected currenttime 11460.0
print string boolean false
16:41:32.547 [main] INFO  AV.BMS -  OSD 00 currentime 11460.0
obstacle not detected currenttime 11480.0
print string boolean false
16:41:33.577 [main] INFO  AV.BMS -  OSD 00 currentime 11480.0
obstacle not detected currenttime 11500.0
print string boolean false
16:41:34.570 [main] INFO  AV.BMS -  OSD 00 currentime 11500.0
obstacle not detected currenttime 11520.0
print string boolean false
16:41:35.564 [main] INFO  AV.BMS -  OSD 00 currentime 11520.0
obstacle not detected currenttime 11540.0
print string boolean false
16:41:36.473 [main] INFO  AV.BMS -  OSD 00 currentime 11540.0
obstacle not detected currenttime 11560.0
print string boolean false
16:41:37.448 [main] INFO  AV.BMS -  OSD 00 currentime 11560.0
obstacle not detected currenttime 11580.0
print string boolean false
16:41:38.572 [main] INFO  AV.BMS -  OSD 00 currentime 11580.0
obstacle not detected currenttime 11600.0
print string boolean false
16:41:39.186 [main] INFO  AV.BMS -  OSD 00 currentime 11600.0
obstacle not detected currenttime 11620.0
print string boolean false
16:41:40.177 [main] INFO  AV.BMS -  OSD 00 currentime 11620.0
obstacle not detected currenttime 11640.0
print string boolean false
16:41:41.179 [main] INFO  AV.BMS -  OSD 00 currentime 11640.0
obstacle not detected currenttime 11660.0
print string boolean false
16:41:42.199 [main] INFO  AV.BMS -  OSD 00 currentime 11660.0
obstacle not detected currenttime 11680.0
print string boolean false
16:41:43.239 [main] INFO  AV.BMS -  OSD 00 currentime 11680.0
obstacle not detected currenttime 11700.0
print string boolean false
16:41:44.183 [main] INFO  AV.BMS -  OSD 00 currentime 11700.0
obstacle not detected currenttime 11720.0
print string boolean false
16:41:45.188 [main] INFO  AV.BMS -  OSD 00 currentime 11720.0
obstacle not detected currenttime 11740.0
print string boolean false
16:41:46.174 [main] INFO  AV.BMS -  OSD 00 currentime 11740.0
obstacle not detected currenttime 11760.0
print string boolean false
16:41:47.207 [main] INFO  AV.BMS -  OSD 00 currentime 11760.0
obstacle not detected currenttime 11780.0
print string boolean false
16:41:48.212 [main] INFO  AV.BMS -  OSD 00 currentime 11780.0
obstacle not detected currenttime 11800.0
print string boolean false
16:41:49.125 [main] INFO  AV.BMS -  OSD 00 currentime 11800.0
obstacle not detected currenttime 11820.0
print string boolean false
16:41:50.105 [main] INFO  AV.BMS -  OSD 00 currentime 11820.0
obstacle not detected currenttime 11840.0
print string boolean false
16:41:51.106 [main] INFO  AV.BMS -  OSD 00 currentime 11840.0
obstacle not detected currenttime 11860.0
print string boolean false
16:41:52.127 [main] INFO  AV.BMS -  OSD 00 currentime 11860.0
obstacle not detected currenttime 11880.0
print string boolean false
16:41:53.130 [main] INFO  AV.BMS -  OSD 00 currentime 11880.0
obstacle not detected currenttime 11900.0
print string boolean false
16:41:54.097 [main] INFO  AV.BMS -  OSD 00 currentime 11900.0
obstacle not detected currenttime 11920.0
print string boolean false
16:41:55.088 [main] INFO  AV.BMS -  OSD 00 currentime 11920.0
obstacle not detected currenttime 11940.0
print string boolean false
16:41:56.080 [main] INFO  AV.BMS -  OSD 00 currentime 11940.0
obstacle not detected currenttime 11960.0
print string boolean false
16:41:57.072 [main] INFO  AV.BMS -  OSD 00 currentime 11960.0
obstacle not detected currenttime 11980.0
print string boolean false
16:41:58.066 [main] INFO  AV.BMS -  OSD 00 currentime 11980.0
obstacle not detected currenttime 12000.0
print string boolean false
16:41:59.077 [main] INFO  AV.BMS -  OSD 00 currentime 12000.0
obstacle not detected currenttime 12020.0
print string boolean false
16:41:59.984 [main] INFO  AV.BMS -  OSD 00 currentime 12020.0
obstacle not detected currenttime 12040.0
print string boolean false
16:42:00.972 [main] INFO  AV.BMS -  OSD 00 currentime 12040.0
obstacle not detected currenttime 12060.0
print string boolean false
16:42:01.888 [main] INFO  AV.BMS -  OSD 00 currentime 12060.0
obstacle not detected currenttime 12080.0
print string boolean false
16:42:02.891 [main] INFO  AV.BMS -  OSD 00 currentime 12080.0
obstacle not detected currenttime 12100.0
print string boolean false
16:42:04.082 [main] INFO  AV.BMS -  OSD 00 currentime 12100.0
obstacle not detected currenttime 12120.0
print string boolean false
16:42:05.067 [main] INFO  AV.BMS -  OSD 00 currentime 12120.0
obstacle not detected currenttime 12140.0
print string boolean false
16:42:06.035 [main] INFO  AV.BMS -  OSD 00 currentime 12140.0
obstacle not detected currenttime 12160.0
print string boolean false
16:42:06.970 [main] INFO  AV.BMS -  OSD 00 currentime 12160.0
obstacle not detected currenttime 12180.0
print string boolean false
16:42:07.774 [main] INFO  AV.BMS -  OSD 00 currentime 12180.0
obstacle not detected currenttime 12200.0
print string boolean false
16:42:08.726 [main] INFO  AV.BMS -  OSD 00 currentime 12200.0
obstacle not detected currenttime 12220.0
print string boolean false
16:42:09.697 [main] INFO  AV.BMS -  OSD 00 currentime 12220.0
obstacle not detected currenttime 12240.0
print string boolean false
16:42:10.702 [main] INFO  AV.BMS -  OSD 00 currentime 12240.0
obstacle not detected currenttime 12260.0
print string boolean false
16:42:11.552 [main] INFO  AV.BMS -  OSD 00 currentime 12260.0
obstacle not detected currenttime 12280.0
print string boolean false
16:42:12.164 [main] INFO  AV.BMS -  OSD 00 currentime 12280.0
obstacle not detected currenttime 12300.0
print string boolean false
16:42:12.770 [main] INFO  AV.BMS -  OSD 00 currentime 12300.0
obstacle not detected currenttime 12320.0
print string boolean false
16:42:13.387 [main] INFO  AV.BMS -  OSD 00 currentime 12320.0
obstacle not detected currenttime 12340.0
print string boolean false
16:42:14.360 [main] INFO  AV.BMS -  OSD 00 currentime 12340.0
obstacle not detected currenttime 12360.0
print string boolean false
16:42:15.342 [main] INFO  AV.BMS -  OSD 00 currentime 12360.0
obstacle not detected currenttime 12380.0
print string boolean false
16:42:16.279 [main] INFO  AV.BMS -  OSD 00 currentime 12380.0
obstacle not detected currenttime 12400.0
print string boolean false
16:42:17.194 [main] INFO  AV.BMS -  OSD 00 currentime 12400.0
obstacle not detected currenttime 12420.0
print string boolean false
16:42:18.159 [main] INFO  AV.BMS -  OSD 00 currentime 12420.0
obstacle not detected currenttime 12440.0
print string boolean false
16:42:19.141 [main] INFO  AV.BMS -  OSD 00 currentime 12440.0
obstacle not detected currenttime 12460.0
print string boolean false
16:42:20.120 [main] INFO  AV.BMS -  OSD 00 currentime 12460.0
obstacle not detected currenttime 12480.0
print string boolean false
16:42:20.987 [main] INFO  AV.BMS -  OSD 00 currentime 12480.0
obstacle not detected currenttime 12500.0
print string boolean false
16:42:21.960 [main] INFO  AV.BMS -  OSD 00 currentime 12500.0
obstacle not detected currenttime 12520.0
print string boolean false
16:42:22.981 [main] INFO  AV.BMS -  OSD 00 currentime 12520.0
obstacle not detected currenttime 12540.0
print string boolean false
16:42:23.944 [main] INFO  AV.BMS -  OSD 00 currentime 12540.0
obstacle not detected currenttime 12560.0
print string boolean false
16:42:24.929 [main] INFO  AV.BMS -  OSD 00 currentime 12560.0
obstacle not detected currenttime 12580.0
print string boolean false
16:42:25.868 [main] INFO  AV.BMS -  OSD 00 currentime 12580.0
obstacle not detected currenttime 12600.0
print string boolean false
16:42:27.097 [main] INFO  AV.BMS -  OSD 00 currentime 12600.0
obstacle not detected currenttime 12620.0
print string boolean false
16:42:28.093 [main] INFO  AV.BMS -  OSD 00 currentime 12620.0
obstacle not detected currenttime 12640.0
print string boolean false
16:42:29.083 [main] INFO  AV.BMS -  OSD 00 currentime 12640.0
obstacle not detected currenttime 12660.0
print string boolean false
16:42:30.045 [main] INFO  AV.BMS -  OSD 00 currentime 12660.0
obstacle not detected currenttime 12680.0
print string boolean false
16:42:31.020 [main] INFO  AV.BMS -  OSD 00 currentime 12680.0
obstacle not detected currenttime 12700.0
print string boolean false
16:42:32.016 [main] INFO  AV.BMS -  OSD 00 currentime 12700.0
obstacle not detected currenttime 12720.0
print string boolean false
16:42:32.982 [main] INFO  AV.BMS -  OSD 00 currentime 12720.0
obstacle not detected currenttime 12740.0
print string boolean false
16:42:33.897 [main] INFO  AV.BMS -  OSD 00 currentime 12740.0
obstacle not detected currenttime 12760.0
print string boolean false
16:42:34.910 [main] INFO  AV.BMS -  OSD 00 currentime 12760.0
obstacle not detected currenttime 12780.0
print string boolean false
16:42:35.888 [main] INFO  AV.BMS -  OSD 00 currentime 12780.0
obstacle not detected currenttime 12800.0
print string boolean false
16:42:36.900 [main] INFO  AV.BMS -  OSD 00 currentime 12800.0
obstacle not detected currenttime 12820.0
print string boolean false
16:42:38.302 [main] INFO  AV.BMS -  OSD 00 currentime 12820.0
obstacle not detected currenttime 12840.0
print string boolean false
16:42:39.289 [main] INFO  AV.BMS -  OSD 00 currentime 12840.0
obstacle not detected currenttime 12860.0
print string boolean false
16:42:40.265 [main] INFO  AV.BMS -  OSD 00 currentime 12860.0
obstacle not detected currenttime 12880.0
print string boolean false
16:42:41.255 [main] INFO  AV.BMS -  OSD 00 currentime 12880.0
obstacle not detected currenttime 12900.0
print string boolean false
16:42:42.281 [main] INFO  AV.BMS -  OSD 00 currentime 12900.0
obstacle not detected currenttime 12920.0
print string boolean false
16:42:43.258 [main] INFO  AV.BMS -  OSD 00 currentime 12920.0
obstacle not detected currenttime 12940.0
print string boolean false
16:42:44.252 [main] INFO  AV.BMS -  OSD 00 currentime 12940.0
obstacle not detected currenttime 12960.0
print string boolean false
16:42:45.226 [main] INFO  AV.BMS -  OSD 00 currentime 12960.0
obstacle not detected currenttime 12980.0
print string boolean false
16:42:46.209 [main] INFO  AV.BMS -  OSD 00 currentime 12980.0
obstacle not detected currenttime 13000.0
print string boolean false
16:42:47.190 [main] INFO  AV.BMS -  OSD 00 currentime 13000.0
obstacle not detected currenttime 13020.0
print string boolean false
16:42:48.194 [main] INFO  AV.BMS -  OSD 00 currentime 13020.0
obstacle not detected currenttime 13040.0
print string boolean false
16:42:49.180 [main] INFO  AV.BMS -  OSD 00 currentime 13040.0
obstacle not detected currenttime 13060.0
print string boolean false
16:42:50.166 [main] INFO  AV.BMS -  OSD 00 currentime 13060.0
obstacle not detected currenttime 13080.0
print string boolean false
16:42:51.142 [main] INFO  AV.BMS -  OSD 00 currentime 13080.0
obstacle not detected currenttime 13100.0
print string boolean false
16:42:52.053 [main] INFO  AV.BMS -  OSD 00 currentime 13100.0
obstacle not detected currenttime 13120.0
print string boolean false
16:42:53.245 [main] INFO  AV.BMS -  OSD 00 currentime 13120.0
obstacle not detected currenttime 13140.0
print string boolean false
16:42:54.276 [main] INFO  AV.BMS -  OSD 00 currentime 13140.0
obstacle not detected currenttime 13160.0
print string boolean false
16:42:55.240 [main] INFO  AV.BMS -  OSD 00 currentime 13160.0
obstacle not detected currenttime 13180.0
print string boolean false
16:42:56.223 [main] INFO  AV.BMS -  OSD 00 currentime 13180.0
obstacle not detected currenttime 13200.0
print string boolean false
16:42:57.219 [main] INFO  AV.BMS -  OSD 00 currentime 13200.0
obstacle not detected currenttime 13220.0
print string boolean false
16:42:58.113 [main] INFO  AV.BMS -  OSD 00 currentime 13220.0
obstacle not detected currenttime 13240.0
print string boolean false
16:42:59.102 [main] INFO  AV.BMS -  OSD 00 currentime 13240.0
obstacle not detected currenttime 13260.0
print string boolean false
16:43:00.035 [main] INFO  AV.BMS -  OSD 00 currentime 13260.0
obstacle not detected currenttime 13280.0
print string boolean false
16:43:01.036 [main] INFO  AV.BMS -  OSD 00 currentime 13280.0
obstacle not detected currenttime 13300.0
print string boolean false
16:43:02.013 [main] INFO  AV.BMS -  OSD 00 currentime 13300.0
obstacle not detected currenttime 13320.0
print string boolean false
16:43:02.962 [main] INFO  AV.BMS -  OSD 00 currentime 13320.0
obstacle not detected currenttime 13340.0
print string boolean false
16:43:03.941 [main] INFO  AV.BMS -  OSD 00 currentime 13340.0
obstacle not detected currenttime 13360.0
print string boolean false
16:43:04.918 [main] INFO  AV.BMS -  OSD 00 currentime 13360.0
obstacle not detected currenttime 13380.0
print string boolean false
16:43:05.935 [main] INFO  AV.BMS -  OSD 00 currentime 13380.0
obstacle not detected currenttime 13400.0
print string boolean false
16:43:06.889 [main] INFO  AV.BMS -  OSD 00 currentime 13400.0
obstacle not detected currenttime 13420.0
print string boolean false
16:43:07.835 [main] INFO  AV.BMS -  OSD 00 currentime 13420.0
obstacle not detected currenttime 13440.0
print string boolean false
16:43:08.884 [main] INFO  AV.BMS -  OSD 00 currentime 13440.0
obstacle not detected currenttime 13460.0
print string boolean false
16:43:09.919 [main] INFO  AV.BMS -  OSD 00 currentime 13460.0
obstacle not detected currenttime 13480.0
print string boolean false
16:43:10.910 [main] INFO  AV.BMS -  OSD 00 currentime 13480.0
obstacle not detected currenttime 13500.0
print string boolean false
16:43:11.902 [main] INFO  AV.BMS -  OSD 00 currentime 13500.0
obstacle not detected currenttime 13520.0
print string boolean false
16:43:12.893 [main] INFO  AV.BMS -  OSD 00 currentime 13520.0
obstacle not detected currenttime 13540.0
print string boolean false
16:43:13.871 [main] INFO  AV.BMS -  OSD 00 currentime 13540.0
obstacle not detected currenttime 13560.0
print string boolean false
16:43:14.901 [main] INFO  AV.BMS -  OSD 00 currentime 13560.0
obstacle not detected currenttime 13580.0
print string boolean false
16:43:15.896 [main] INFO  AV.BMS -  OSD 00 currentime 13580.0
obstacle not detected currenttime 13600.0
print string boolean false
16:43:16.942 [main] INFO  AV.BMS -  OSD 00 currentime 13600.0
obstacle not detected currenttime 13620.0
print string boolean false
16:43:17.941 [main] INFO  AV.BMS -  OSD 00 currentime 13620.0
obstacle not detected currenttime 13640.0
print string boolean false
16:43:19.148 [main] INFO  AV.BMS -  OSD 00 currentime 13640.0
obstacle not detected currenttime 13660.0
print string boolean false
16:43:20.166 [main] INFO  AV.BMS -  OSD 00 currentime 13660.0
obstacle not detected currenttime 13680.0
print string boolean false
16:43:21.170 [main] INFO  AV.BMS -  OSD 00 currentime 13680.0
obstacle not detected currenttime 13700.0
print string boolean false
16:43:22.139 [main] INFO  AV.BMS -  OSD 00 currentime 13700.0
obstacle not detected currenttime 13720.0
print string boolean false
16:43:23.091 [main] INFO  AV.BMS -  OSD 00 currentime 13720.0
obstacle not detected currenttime 13740.0
print string boolean false
16:43:24.049 [main] INFO  AV.BMS -  OSD 00 currentime 13740.0
obstacle not detected currenttime 13760.0
print string boolean false
16:43:25.047 [main] INFO  AV.BMS -  OSD 00 currentime 13760.0
obstacle not detected currenttime 13780.0
print string boolean false
16:43:26.030 [main] INFO  AV.BMS -  OSD 00 currentime 13780.0
obstacle not detected currenttime 13800.0
print string boolean false
16:43:27.014 [main] INFO  AV.BMS -  OSD 00 currentime 13800.0
obstacle not detected currenttime 13820.0
print string boolean false
16:43:28.013 [main] INFO  AV.BMS -  OSD 00 currentime 13820.0
obstacle not detected currenttime 13840.0
print string boolean false
16:43:29.026 [main] INFO  AV.BMS -  OSD 00 currentime 13840.0
obstacle not detected currenttime 13860.0
print string boolean false
16:43:29.978 [main] INFO  AV.BMS -  OSD 00 currentime 13860.0
obstacle not detected currenttime 13880.0
print string boolean false
16:43:30.994 [main] INFO  AV.BMS -  OSD 00 currentime 13880.0
obstacle not detected currenttime 13900.0
print string boolean false
16:43:31.949 [main] INFO  AV.BMS -  OSD 00 currentime 13900.0
obstacle not detected currenttime 13920.0
print string boolean false
16:43:32.952 [main] INFO  AV.BMS -  OSD 00 currentime 13920.0
obstacle not detected currenttime 13940.0
print string boolean false
16:43:33.874 [main] INFO  AV.BMS -  OSD 00 currentime 13940.0
obstacle not detected currenttime 13960.0
print string boolean false
16:43:34.731 [main] INFO  AV.BMS -  OSD 00 currentime 13960.0
obstacle not detected currenttime 13980.0
print string boolean false
16:43:35.719 [main] INFO  AV.BMS -  OSD 00 currentime 13980.0
obstacle not detected currenttime 14000.0
print string boolean false
16:43:36.771 [main] INFO  AV.BMS -  OSD 00 currentime 14000.0
obstacle not detected currenttime 14020.0
print string boolean false
16:43:37.754 [main] INFO  AV.BMS -  OSD 00 currentime 14020.0
