
-------------------------------------------------------------------
GMS: address=vagrant-39360, cluster=AV, physical address=10.0.2.15:38992
-------------------------------------------------------------------
02:39:06.533 [main] INFO  AV.BMS - waiting on readyToPopulate...
02:39:35.232 [main] INFO  AV.BMS - ...synchronized on readyToPopulate
02:39:35.232 [main] INFO  AV.BMS - waiting on readyToRun...
02:39:35.489 [main] INFO  AV.BMS - ...synchronized on readyToRun
02:39:35.492 [main] INFO  AV.BMS - started logical time progression
inside
02:39:35.493 [main] INFO  AV.BMS - obstacle distance 1999 currenttime 0.0
02:39:35.494 [main] INFO  AV.BMS -  OSD 00 currentime 0.0
inside
02:39:37.886 [main] INFO  AV.BMS - obstacle distance 1998 currenttime 20.0
02:39:37.886 [main] INFO  AV.BMS -  OSD 00 currentime 20.0
inside
02:39:39.387 [main] INFO  AV.BMS - obstacle distance 1997 currenttime 40.0
02:39:39.387 [main] INFO  AV.BMS -  OSD 00 currentime 40.0
inside
02:39:40.740 [main] INFO  AV.BMS - obstacle distance 1996 currenttime 60.0
02:39:40.741 [main] INFO  AV.BMS -  OSD 00 currentime 60.0
inside
02:39:42.211 [main] INFO  AV.BMS - obstacle distance 1995 currenttime 80.0
02:39:42.211 [main] INFO  AV.BMS -  OSD 00 currentime 80.0
inside
02:39:43.444 [main] INFO  AV.BMS - obstacle distance 1994 currenttime 100.0
02:39:43.445 [main] INFO  AV.BMS -  OSD 00 currentime 100.0
inside
02:39:44.589 [main] INFO  AV.BMS - obstacle distance 1993 currenttime 120.0
02:39:44.590 [main] INFO  AV.BMS -  OSD 00 currentime 120.0
inside
02:39:45.765 [main] INFO  AV.BMS - obstacle distance 1992 currenttime 140.0
02:39:45.765 [main] INFO  AV.BMS -  OSD 00 currentime 140.0
inside
02:39:46.839 [main] INFO  AV.BMS - obstacle distance 1991 currenttime 160.0
02:39:46.840 [main] INFO  AV.BMS -  OSD 00 currentime 160.0
inside
02:39:48.075 [main] INFO  AV.BMS - obstacle distance 1990 currenttime 180.0
02:39:48.075 [main] INFO  AV.BMS -  OSD 00 currentime 180.0
inside
02:39:49.684 [main] INFO  AV.BMS - obstacle distance 1989 currenttime 200.0
02:39:49.685 [main] INFO  AV.BMS -  OSD 00 currentime 200.0
inside
02:39:51.010 [main] INFO  AV.BMS - obstacle distance 1988 currenttime 220.0
02:39:51.010 [main] INFO  AV.BMS -  OSD 00 currentime 220.0
inside
02:39:52.064 [main] INFO  AV.BMS - obstacle distance 1987 currenttime 240.0
02:39:52.065 [main] INFO  AV.BMS -  OSD 00 currentime 240.0
inside
02:39:53.181 [main] INFO  AV.BMS - obstacle distance 1986 currenttime 260.0
02:39:53.181 [main] INFO  AV.BMS -  OSD 00 currentime 260.0
inside
02:39:54.280 [main] INFO  AV.BMS - obstacle distance 1985 currenttime 280.0
02:39:54.282 [main] INFO  AV.BMS -  OSD 00 currentime 280.0
inside
02:39:55.393 [main] INFO  AV.BMS - obstacle distance 1984 currenttime 300.0
02:39:55.394 [main] INFO  AV.BMS -  OSD 00 currentime 300.0
inside
02:39:56.445 [main] INFO  AV.BMS - obstacle distance 1983 currenttime 320.0
02:39:56.445 [main] INFO  AV.BMS -  OSD 00 currentime 320.0
inside
02:39:57.497 [main] INFO  AV.BMS - obstacle distance 1982 currenttime 340.0
02:39:57.500 [main] INFO  AV.BMS -  OSD 00 currentime 340.0
inside
02:39:58.550 [main] INFO  AV.BMS - obstacle distance 1981 currenttime 360.0
02:39:58.550 [main] INFO  AV.BMS -  OSD 00 currentime 360.0
inside
02:39:59.577 [main] INFO  AV.BMS - obstacle distance 1980 currenttime 380.0
02:39:59.578 [main] INFO  AV.BMS -  OSD 00 currentime 380.0
inside
02:40:00.591 [main] INFO  AV.BMS - obstacle distance 1979 currenttime 400.0
02:40:00.595 [main] INFO  AV.BMS -  OSD 00 currentime 400.0
inside
02:40:01.683 [main] INFO  AV.BMS - obstacle distance 1978 currenttime 420.0
02:40:01.684 [main] INFO  AV.BMS -  OSD 00 currentime 420.0
inside
02:40:02.667 [main] INFO  AV.BMS - obstacle distance 1977 currenttime 440.0
02:40:02.668 [main] INFO  AV.BMS -  OSD 00 currentime 440.0
inside
02:40:03.808 [main] INFO  AV.BMS - obstacle distance 1976 currenttime 460.0
02:40:03.809 [main] INFO  AV.BMS -  OSD 00 currentime 460.0
inside
02:40:04.769 [main] INFO  AV.BMS - obstacle distance 1975 currenttime 480.0
02:40:04.770 [main] INFO  AV.BMS -  OSD 00 currentime 480.0
inside
02:40:05.787 [main] INFO  AV.BMS - obstacle distance 1974 currenttime 500.0
02:40:05.788 [main] INFO  AV.BMS -  OSD 00 currentime 500.0
inside
02:40:06.791 [main] INFO  AV.BMS - obstacle distance 1973 currenttime 520.0
02:40:06.791 [main] INFO  AV.BMS -  OSD 00 currentime 520.0
inside
02:40:07.768 [main] INFO  AV.BMS - obstacle distance 1972 currenttime 540.0
02:40:07.768 [main] INFO  AV.BMS -  OSD 00 currentime 540.0
inside
02:40:08.758 [main] INFO  AV.BMS - obstacle distance 1971 currenttime 560.0
02:40:08.758 [main] INFO  AV.BMS -  OSD 00 currentime 560.0
inside
02:40:09.743 [main] INFO  AV.BMS - obstacle distance 1970 currenttime 580.0
02:40:09.744 [main] INFO  AV.BMS -  OSD 00 currentime 580.0
inside
02:40:10.811 [main] INFO  AV.BMS - obstacle distance 1969 currenttime 600.0
02:40:10.811 [main] INFO  AV.BMS -  OSD 00 currentime 600.0
inside
02:40:11.765 [main] INFO  AV.BMS - obstacle distance 1968 currenttime 620.0
02:40:11.766 [main] INFO  AV.BMS -  OSD 00 currentime 620.0
inside
02:40:12.770 [main] INFO  AV.BMS - obstacle distance 1967 currenttime 640.0
02:40:12.770 [main] INFO  AV.BMS -  OSD 00 currentime 640.0
inside
02:40:13.739 [main] INFO  AV.BMS - obstacle distance 1966 currenttime 660.0
02:40:13.740 [main] INFO  AV.BMS -  OSD 00 currentime 660.0
inside
02:40:14.740 [main] INFO  AV.BMS - obstacle distance 1965 currenttime 680.0
02:40:14.742 [main] INFO  AV.BMS -  OSD 00 currentime 680.0
inside
02:40:15.704 [main] INFO  AV.BMS - obstacle distance 1964 currenttime 700.0
02:40:15.705 [main] INFO  AV.BMS -  OSD 00 currentime 700.0
inside
02:40:16.696 [main] INFO  AV.BMS - obstacle distance 1963 currenttime 720.0
02:40:16.696 [main] INFO  AV.BMS -  OSD 00 currentime 720.0
inside
02:40:17.746 [main] INFO  AV.BMS - obstacle distance 1962 currenttime 740.0
02:40:17.746 [main] INFO  AV.BMS -  OSD 00 currentime 740.0
inside
02:40:18.580 [main] INFO  AV.BMS - obstacle distance 1961 currenttime 760.0
02:40:18.580 [main] INFO  AV.BMS -  OSD 00 currentime 760.0
inside
02:40:19.186 [main] INFO  AV.BMS - obstacle distance 1960 currenttime 780.0
02:40:19.187 [main] INFO  AV.BMS -  OSD 00 currentime 780.0
inside
02:40:20.041 [main] INFO  AV.BMS - obstacle distance 1959 currenttime 800.0
02:40:20.042 [main] INFO  AV.BMS -  OSD 00 currentime 800.0
inside
02:40:21.066 [main] INFO  AV.BMS - obstacle distance 1958 currenttime 820.0
02:40:21.070 [main] INFO  AV.BMS -  OSD 00 currentime 820.0
inside
02:40:22.066 [main] INFO  AV.BMS - obstacle distance 1957 currenttime 840.0
02:40:22.066 [main] INFO  AV.BMS -  OSD 00 currentime 840.0
inside
02:40:23.070 [main] INFO  AV.BMS - obstacle distance 1956 currenttime 860.0
02:40:23.070 [main] INFO  AV.BMS -  OSD 00 currentime 860.0
inside
02:40:24.120 [main] INFO  AV.BMS - obstacle distance 1955 currenttime 880.0
02:40:24.124 [main] INFO  AV.BMS -  OSD 00 currentime 880.0
inside
02:40:25.183 [main] INFO  AV.BMS - obstacle distance 1954 currenttime 900.0
02:40:25.184 [main] INFO  AV.BMS -  OSD 00 currentime 900.0
inside
02:40:26.171 [main] INFO  AV.BMS - obstacle distance 1953 currenttime 920.0
02:40:26.171 [main] INFO  AV.BMS -  OSD 00 currentime 920.0
inside
02:40:27.202 [main] INFO  AV.BMS - obstacle distance 1952 currenttime 940.0
02:40:27.204 [main] INFO  AV.BMS -  OSD 00 currentime 940.0
inside
02:40:28.212 [main] INFO  AV.BMS - obstacle distance 1951 currenttime 960.0
02:40:28.212 [main] INFO  AV.BMS -  OSD 00 currentime 960.0
inside
02:40:29.208 [main] INFO  AV.BMS - obstacle distance 1950 currenttime 980.0
02:40:29.209 [main] INFO  AV.BMS -  OSD 00 currentime 980.0
inside
02:40:30.180 [main] INFO  AV.BMS - obstacle distance 1949 currenttime 1000.0
02:40:30.181 [main] INFO  AV.BMS -  OSD 00 currentime 1000.0
inside
02:40:31.200 [main] INFO  AV.BMS - obstacle distance 1948 currenttime 1020.0
02:40:31.201 [main] INFO  AV.BMS -  OSD 00 currentime 1020.0
inside
02:40:32.296 [main] INFO  AV.BMS - obstacle distance 1947 currenttime 1040.0
02:40:32.297 [main] INFO  AV.BMS -  OSD 00 currentime 1040.0
inside
02:40:33.308 [main] INFO  AV.BMS - obstacle distance 1946 currenttime 1060.0
02:40:33.308 [main] INFO  AV.BMS -  OSD 00 currentime 1060.0
inside
02:40:34.257 [main] INFO  AV.BMS - obstacle distance 1945 currenttime 1080.0
02:40:34.257 [main] INFO  AV.BMS -  OSD 00 currentime 1080.0
inside
02:40:35.243 [main] INFO  AV.BMS - obstacle distance 1944 currenttime 1100.0
02:40:35.244 [main] INFO  AV.BMS -  OSD 00 currentime 1100.0
inside
02:40:36.244 [main] INFO  AV.BMS - obstacle distance 1943 currenttime 1120.0
02:40:36.245 [main] INFO  AV.BMS -  OSD 00 currentime 1120.0
inside
02:40:37.190 [main] INFO  AV.BMS - obstacle distance 1942 currenttime 1140.0
02:40:37.190 [main] INFO  AV.BMS -  OSD 00 currentime 1140.0
inside
02:40:38.160 [main] INFO  AV.BMS - obstacle distance 1941 currenttime 1160.0
02:40:38.160 [main] INFO  AV.BMS -  OSD 00 currentime 1160.0
inside
02:40:39.159 [main] INFO  AV.BMS - obstacle distance 1940 currenttime 1180.0
02:40:39.160 [main] INFO  AV.BMS -  OSD 00 currentime 1180.0
inside
02:40:40.217 [main] INFO  AV.BMS - obstacle distance 1939 currenttime 1200.0
02:40:40.217 [main] INFO  AV.BMS -  OSD 00 currentime 1200.0
inside
02:40:41.219 [main] INFO  AV.BMS - obstacle distance 1938 currenttime 1220.0
02:40:41.219 [main] INFO  AV.BMS -  OSD 00 currentime 1220.0
inside
02:40:42.260 [main] INFO  AV.BMS - obstacle distance 1937 currenttime 1240.0
02:40:42.260 [main] INFO  AV.BMS -  OSD 00 currentime 1240.0
inside
02:40:43.282 [main] INFO  AV.BMS - obstacle distance 1936 currenttime 1260.0
02:40:43.283 [main] INFO  AV.BMS -  OSD 00 currentime 1260.0
inside
02:40:44.333 [main] INFO  AV.BMS - obstacle distance 1935 currenttime 1280.0
02:40:44.333 [main] INFO  AV.BMS -  OSD 00 currentime 1280.0
inside
02:40:45.350 [main] INFO  AV.BMS - obstacle distance 1934 currenttime 1300.0
02:40:45.350 [main] INFO  AV.BMS -  OSD 00 currentime 1300.0
inside
02:40:46.343 [main] INFO  AV.BMS - obstacle distance 1933 currenttime 1320.0
02:40:46.344 [main] INFO  AV.BMS -  OSD 00 currentime 1320.0
inside
02:40:47.333 [main] INFO  AV.BMS - obstacle distance 1932 currenttime 1340.0
02:40:47.334 [main] INFO  AV.BMS -  OSD 00 currentime 1340.0
inside
02:40:48.372 [main] INFO  AV.BMS - obstacle distance 1931 currenttime 1360.0
02:40:48.373 [main] INFO  AV.BMS -  OSD 00 currentime 1360.0
inside
02:40:49.401 [main] INFO  AV.BMS - obstacle distance 1930 currenttime 1380.0
02:40:49.401 [main] INFO  AV.BMS -  OSD 00 currentime 1380.0
inside
02:40:50.424 [main] INFO  AV.BMS - obstacle distance 1929 currenttime 1400.0
02:40:50.424 [main] INFO  AV.BMS -  OSD 00 currentime 1400.0
inside
02:40:51.466 [main] INFO  AV.BMS - obstacle distance 1928 currenttime 1420.0
02:40:51.466 [main] INFO  AV.BMS -  OSD 00 currentime 1420.0
inside
02:40:52.417 [main] INFO  AV.BMS - obstacle distance 1927 currenttime 1440.0
02:40:52.417 [main] INFO  AV.BMS -  OSD 00 currentime 1440.0
inside
02:40:53.451 [main] INFO  AV.BMS - obstacle distance 1926 currenttime 1460.0
02:40:53.451 [main] INFO  AV.BMS -  OSD 00 currentime 1460.0
inside
02:40:54.391 [main] INFO  AV.BMS - obstacle distance 1925 currenttime 1480.0
02:40:54.391 [main] INFO  AV.BMS -  OSD 00 currentime 1480.0
inside
02:40:55.418 [main] INFO  AV.BMS - obstacle distance 1924 currenttime 1500.0
02:40:55.418 [main] INFO  AV.BMS -  OSD 00 currentime 1500.0
inside
02:40:56.413 [main] INFO  AV.BMS - obstacle distance 1923 currenttime 1520.0
02:40:56.413 [main] INFO  AV.BMS -  OSD 00 currentime 1520.0
inside
02:40:57.516 [main] INFO  AV.BMS - obstacle distance 1922 currenttime 1540.0
02:40:57.516 [main] INFO  AV.BMS -  OSD 00 currentime 1540.0
inside
02:40:58.518 [main] INFO  AV.BMS - obstacle distance 1921 currenttime 1560.0
02:40:58.519 [main] INFO  AV.BMS -  OSD 00 currentime 1560.0
inside
02:40:59.537 [main] INFO  AV.BMS - obstacle distance 1920 currenttime 1580.0
02:40:59.537 [main] INFO  AV.BMS -  OSD 00 currentime 1580.0
inside
02:41:00.505 [main] INFO  AV.BMS - obstacle distance 1919 currenttime 1600.0
02:41:00.506 [main] INFO  AV.BMS -  OSD 00 currentime 1600.0
inside
02:41:01.515 [main] INFO  AV.BMS - obstacle distance 1918 currenttime 1620.0
02:41:01.515 [main] INFO  AV.BMS -  OSD 00 currentime 1620.0
inside
02:41:02.558 [main] INFO  AV.BMS - obstacle distance 1917 currenttime 1640.0
02:41:02.558 [main] INFO  AV.BMS -  OSD 00 currentime 1640.0
inside
02:41:03.601 [main] INFO  AV.BMS - obstacle distance 1916 currenttime 1660.0
02:41:03.601 [main] INFO  AV.BMS -  OSD 00 currentime 1660.0
inside
02:41:04.614 [main] INFO  AV.BMS - obstacle distance 1915 currenttime 1680.0
02:41:04.615 [main] INFO  AV.BMS -  OSD 00 currentime 1680.0
inside
02:41:05.660 [main] INFO  AV.BMS - obstacle distance 1914 currenttime 1700.0
02:41:05.660 [main] INFO  AV.BMS -  OSD 00 currentime 1700.0
inside
02:41:06.738 [main] INFO  AV.BMS - obstacle distance 1913 currenttime 1720.0
02:41:06.738 [main] INFO  AV.BMS -  OSD 00 currentime 1720.0
inside
02:41:07.770 [main] INFO  AV.BMS - obstacle distance 1912 currenttime 1740.0
02:41:07.771 [main] INFO  AV.BMS -  OSD 00 currentime 1740.0
inside
02:41:08.835 [main] INFO  AV.BMS - obstacle distance 1911 currenttime 1760.0
02:41:08.836 [main] INFO  AV.BMS -  OSD 00 currentime 1760.0
inside
02:41:09.865 [main] INFO  AV.BMS - obstacle distance 1910 currenttime 1780.0
02:41:09.871 [main] INFO  AV.BMS -  OSD 00 currentime 1780.0
inside
02:41:11.012 [main] INFO  AV.BMS - obstacle distance 1909 currenttime 1800.0
02:41:11.018 [main] INFO  AV.BMS -  OSD 00 currentime 1800.0
inside
02:41:11.969 [main] INFO  AV.BMS - obstacle distance 1908 currenttime 1820.0
02:41:11.970 [main] INFO  AV.BMS -  OSD 00 currentime 1820.0
inside
02:41:13.021 [main] INFO  AV.BMS - obstacle distance 1907 currenttime 1840.0
02:41:13.022 [main] INFO  AV.BMS -  OSD 00 currentime 1840.0
inside
02:41:14.069 [main] INFO  AV.BMS - obstacle distance 1906 currenttime 1860.0
02:41:14.069 [main] INFO  AV.BMS -  OSD 00 currentime 1860.0
inside
02:41:15.067 [main] INFO  AV.BMS - obstacle distance 1905 currenttime 1880.0
02:41:15.067 [main] INFO  AV.BMS -  OSD 00 currentime 1880.0
inside
02:41:16.038 [main] INFO  AV.BMS - obstacle distance 1904 currenttime 1900.0
02:41:16.038 [main] INFO  AV.BMS -  OSD 00 currentime 1900.0
inside
02:41:17.038 [main] INFO  AV.BMS - obstacle distance 1903 currenttime 1920.0
02:41:17.038 [main] INFO  AV.BMS -  OSD 00 currentime 1920.0
inside
02:41:18.075 [main] INFO  AV.BMS - obstacle distance 1902 currenttime 1940.0
02:41:18.078 [main] INFO  AV.BMS -  OSD 00 currentime 1940.0
inside
02:41:19.125 [main] INFO  AV.BMS - obstacle distance 1901 currenttime 1960.0
02:41:19.126 [main] INFO  AV.BMS -  OSD 00 currentime 1960.0
inside
02:41:20.130 [main] INFO  AV.BMS - obstacle distance 1900 currenttime 1980.0
02:41:20.130 [main] INFO  AV.BMS -  OSD 00 currentime 1980.0
inside
02:41:21.124 [main] INFO  AV.BMS - obstacle distance 1899 currenttime 2000.0
02:41:21.124 [main] INFO  AV.BMS -  OSD 00 currentime 2000.0
inside
02:41:22.140 [main] INFO  AV.BMS - obstacle distance 1898 currenttime 2020.0
02:41:22.141 [main] INFO  AV.BMS -  OSD 00 currentime 2020.0
inside
02:41:23.192 [main] INFO  AV.BMS - obstacle distance 1897 currenttime 2040.0
02:41:23.192 [main] INFO  AV.BMS -  OSD 00 currentime 2040.0
inside
02:41:24.203 [main] INFO  AV.BMS - obstacle distance 1896 currenttime 2060.0
02:41:24.203 [main] INFO  AV.BMS -  OSD 00 currentime 2060.0
inside
02:41:25.284 [main] INFO  AV.BMS - obstacle distance 1895 currenttime 2080.0
02:41:25.285 [main] INFO  AV.BMS -  OSD 00 currentime 2080.0
inside
02:41:26.339 [main] INFO  AV.BMS - obstacle distance 1894 currenttime 2100.0
02:41:26.344 [main] INFO  AV.BMS -  OSD 00 currentime 2100.0
inside
02:41:27.354 [main] INFO  AV.BMS - obstacle distance 1893 currenttime 2120.0
02:41:27.362 [main] INFO  AV.BMS -  OSD 00 currentime 2120.0
inside
02:41:28.373 [main] INFO  AV.BMS - obstacle distance 1892 currenttime 2140.0
02:41:28.373 [main] INFO  AV.BMS -  OSD 00 currentime 2140.0
inside
02:41:29.412 [main] INFO  AV.BMS - obstacle distance 1891 currenttime 2160.0
02:41:29.413 [main] INFO  AV.BMS -  OSD 00 currentime 2160.0
inside
02:41:30.467 [main] INFO  AV.BMS - obstacle distance 1890 currenttime 2180.0
02:41:30.467 [main] INFO  AV.BMS -  OSD 00 currentime 2180.0
inside
02:41:31.480 [main] INFO  AV.BMS - obstacle distance 1889 currenttime 2200.0
02:41:31.480 [main] INFO  AV.BMS -  OSD 00 currentime 2200.0
inside
02:41:32.524 [main] INFO  AV.BMS - obstacle distance 1888 currenttime 2220.0
02:41:32.525 [main] INFO  AV.BMS -  OSD 00 currentime 2220.0
inside
02:41:33.559 [main] INFO  AV.BMS - obstacle distance 1887 currenttime 2240.0
02:41:33.559 [main] INFO  AV.BMS -  OSD 00 currentime 2240.0
inside
02:41:34.580 [main] INFO  AV.BMS - obstacle distance 1886 currenttime 2260.0
02:41:34.581 [main] INFO  AV.BMS -  OSD 00 currentime 2260.0
inside
02:41:35.689 [main] INFO  AV.BMS - obstacle distance 1885 currenttime 2280.0
02:41:35.690 [main] INFO  AV.BMS -  OSD 00 currentime 2280.0
inside
02:41:36.617 [main] INFO  AV.BMS - obstacle distance 1884 currenttime 2300.0
02:41:36.617 [main] INFO  AV.BMS -  OSD 00 currentime 2300.0
inside
02:41:37.652 [main] INFO  AV.BMS - obstacle distance 1883 currenttime 2320.0
02:41:37.652 [main] INFO  AV.BMS -  OSD 00 currentime 2320.0
inside
02:41:38.688 [main] INFO  AV.BMS - obstacle distance 1882 currenttime 2340.0
02:41:38.688 [main] INFO  AV.BMS -  OSD 00 currentime 2340.0
inside
02:41:39.720 [main] INFO  AV.BMS - obstacle distance 1881 currenttime 2360.0
02:41:39.721 [main] INFO  AV.BMS -  OSD 00 currentime 2360.0
inside
02:41:40.736 [main] INFO  AV.BMS - obstacle distance 1880 currenttime 2380.0
02:41:40.736 [main] INFO  AV.BMS -  OSD 00 currentime 2380.0
inside
02:41:41.787 [main] INFO  AV.BMS - obstacle distance 1879 currenttime 2400.0
02:41:41.787 [main] INFO  AV.BMS -  OSD 00 currentime 2400.0
inside
02:41:42.794 [main] INFO  AV.BMS - obstacle distance 1878 currenttime 2420.0
02:41:42.794 [main] INFO  AV.BMS -  OSD 00 currentime 2420.0
inside
02:41:43.843 [main] INFO  AV.BMS - obstacle distance 1877 currenttime 2440.0
02:41:43.843 [main] INFO  AV.BMS -  OSD 00 currentime 2440.0
inside
02:41:44.926 [main] INFO  AV.BMS - obstacle distance 1876 currenttime 2460.0
02:41:44.926 [main] INFO  AV.BMS -  OSD 00 currentime 2460.0
inside
02:41:45.991 [main] INFO  AV.BMS - obstacle distance 1875 currenttime 2480.0
02:41:45.991 [main] INFO  AV.BMS -  OSD 00 currentime 2480.0
inside
02:41:47.057 [main] INFO  AV.BMS - obstacle distance 1874 currenttime 2500.0
02:41:47.058 [main] INFO  AV.BMS -  OSD 00 currentime 2500.0
inside
02:41:48.090 [main] INFO  AV.BMS - obstacle distance 1873 currenttime 2520.0
02:41:48.090 [main] INFO  AV.BMS -  OSD 00 currentime 2520.0
inside
02:41:49.062 [main] INFO  AV.BMS - obstacle distance 1872 currenttime 2540.0
02:41:49.062 [main] INFO  AV.BMS -  OSD 00 currentime 2540.0
inside
02:41:50.088 [main] INFO  AV.BMS - obstacle distance 1871 currenttime 2560.0
02:41:50.089 [main] INFO  AV.BMS -  OSD 00 currentime 2560.0
inside
02:41:51.107 [main] INFO  AV.BMS - obstacle distance 1870 currenttime 2580.0
02:41:51.108 [main] INFO  AV.BMS -  OSD 00 currentime 2580.0
inside
02:41:52.143 [main] INFO  AV.BMS - obstacle distance 1869 currenttime 2600.0
02:41:52.144 [main] INFO  AV.BMS -  OSD 00 currentime 2600.0
inside
02:41:53.170 [main] INFO  AV.BMS - obstacle distance 1868 currenttime 2620.0
02:41:53.170 [main] INFO  AV.BMS -  OSD 00 currentime 2620.0
inside
02:41:54.191 [main] INFO  AV.BMS - obstacle distance 1867 currenttime 2640.0
02:41:54.191 [main] INFO  AV.BMS -  OSD 00 currentime 2640.0
02:41:54.255 [main] INFO  org.cpswt.hla.SynchronizedFederate - BMS-4b653fe9-2c16-4ae7-82bd-95e4d0382010: SimEnd interaction received, exiting...
02:41:54.267 [main] INFO  org.cpswt.hla.SynchronizedFederate - Exiting gracefully ....
02:41:59.324 [main] INFO  AV.BMS - Done.
