
-------------------------------------------------------------------
GMS: address=vagrant-7272, cluster=AV, physical address=10.0.2.15:37100
-------------------------------------------------------------------
02:26:46.524 [main] INFO  AV.BMS - waiting on readyToPopulate...
02:27:10.890 [main] INFO  AV.BMS - ...synchronized on readyToPopulate
02:27:10.891 [main] INFO  AV.BMS - waiting on readyToRun...
02:27:11.142 [main] INFO  AV.BMS - ...synchronized on readyToRun
02:27:11.146 [main] INFO  AV.BMS - started logical time progression
inside
02:27:11.148 [main] INFO  AV.BMS - obstacle distance 1999 currenttime 0.0
02:27:11.149 [main] INFO  AV.BMS -  OSD 00 currentime 0.0
inside
02:27:13.458 [main] INFO  AV.BMS - obstacle distance 1998 currenttime 20.0
02:27:13.459 [main] INFO  AV.BMS -  OSD 00 currentime 20.0
inside
02:27:14.828 [main] INFO  AV.BMS - obstacle distance 1997 currenttime 40.0
02:27:14.828 [main] INFO  AV.BMS -  OSD 00 currentime 40.0
inside
02:27:16.026 [main] INFO  AV.BMS - obstacle distance 1996 currenttime 60.0
02:27:16.027 [main] INFO  AV.BMS -  OSD 00 currentime 60.0
inside
02:27:17.283 [main] INFO  AV.BMS - obstacle distance 1995 currenttime 80.0
02:27:17.284 [main] INFO  AV.BMS -  OSD 00 currentime 80.0
inside
02:27:18.443 [main] INFO  AV.BMS - obstacle distance 1994 currenttime 100.0
02:27:18.443 [main] INFO  AV.BMS -  OSD 00 currentime 100.0
inside
02:27:19.506 [main] INFO  AV.BMS - obstacle distance 1993 currenttime 120.0
02:27:19.506 [main] INFO  AV.BMS -  OSD 00 currentime 120.0
inside
02:27:20.511 [main] INFO  AV.BMS - obstacle distance 1992 currenttime 140.0
02:27:20.511 [main] INFO  AV.BMS -  OSD 00 currentime 140.0
inside
02:27:21.669 [main] INFO  AV.BMS - obstacle distance 1991 currenttime 160.0
02:27:21.669 [main] INFO  AV.BMS -  OSD 00 currentime 160.0
inside
02:27:22.725 [main] INFO  AV.BMS - obstacle distance 1990 currenttime 180.0
02:27:22.725 [main] INFO  AV.BMS -  OSD 00 currentime 180.0
inside
02:27:24.466 [main] INFO  AV.BMS - obstacle distance 1989 currenttime 200.0
02:27:24.468 [main] INFO  AV.BMS -  OSD 00 currentime 200.0
inside
02:27:25.543 [main] INFO  AV.BMS - obstacle distance 1988 currenttime 220.0
02:27:25.544 [main] INFO  AV.BMS -  OSD 00 currentime 220.0
inside
02:27:26.655 [main] INFO  AV.BMS - obstacle distance 1987 currenttime 240.0
02:27:26.655 [main] INFO  AV.BMS -  OSD 00 currentime 240.0
inside
02:27:27.715 [main] INFO  AV.BMS - obstacle distance 1986 currenttime 260.0
02:27:27.715 [main] INFO  AV.BMS -  OSD 00 currentime 260.0
inside
02:27:28.882 [main] INFO  AV.BMS - obstacle distance 1985 currenttime 280.0
02:27:28.884 [main] INFO  AV.BMS -  OSD 00 currentime 280.0
inside
02:27:30.031 [main] INFO  AV.BMS - obstacle distance 1984 currenttime 300.0
02:27:30.031 [main] INFO  AV.BMS -  OSD 00 currentime 300.0
inside
02:27:31.056 [main] INFO  AV.BMS - obstacle distance 1983 currenttime 320.0
02:27:31.065 [main] INFO  AV.BMS -  OSD 00 currentime 320.0
inside
02:27:32.127 [main] INFO  AV.BMS - obstacle distance 1982 currenttime 340.0
02:27:32.127 [main] INFO  AV.BMS -  OSD 00 currentime 340.0
inside
02:27:33.169 [main] INFO  AV.BMS - obstacle distance 1981 currenttime 360.0
02:27:33.170 [main] INFO  AV.BMS -  OSD 00 currentime 360.0
inside
02:27:34.291 [main] INFO  AV.BMS - obstacle distance 1980 currenttime 380.0
02:27:34.291 [main] INFO  AV.BMS -  OSD 00 currentime 380.0
inside
02:27:35.359 [main] INFO  AV.BMS - obstacle distance 1979 currenttime 400.0
02:27:35.359 [main] INFO  AV.BMS -  OSD 00 currentime 400.0
inside
02:27:36.424 [main] INFO  AV.BMS - obstacle distance 1978 currenttime 420.0
02:27:36.424 [main] INFO  AV.BMS -  OSD 00 currentime 420.0
inside
02:27:37.447 [main] INFO  AV.BMS - obstacle distance 1977 currenttime 440.0
02:27:37.448 [main] INFO  AV.BMS -  OSD 00 currentime 440.0
inside
02:27:38.509 [main] INFO  AV.BMS - obstacle distance 1976 currenttime 460.0
02:27:38.513 [main] INFO  AV.BMS -  OSD 00 currentime 460.0
inside
02:27:39.516 [main] INFO  AV.BMS - obstacle distance 1975 currenttime 480.0
02:27:39.517 [main] INFO  AV.BMS -  OSD 00 currentime 480.0
inside
02:27:40.506 [main] INFO  AV.BMS - obstacle distance 1974 currenttime 500.0
02:27:40.506 [main] INFO  AV.BMS -  OSD 00 currentime 500.0
inside
02:27:41.572 [main] INFO  AV.BMS - obstacle distance 1973 currenttime 520.0
02:27:41.572 [main] INFO  AV.BMS -  OSD 00 currentime 520.0
inside
02:27:42.631 [main] INFO  AV.BMS - obstacle distance 1972 currenttime 540.0
02:27:42.631 [main] INFO  AV.BMS -  OSD 00 currentime 540.0
inside
02:27:43.727 [main] INFO  AV.BMS - obstacle distance 1971 currenttime 560.0
02:27:43.728 [main] INFO  AV.BMS -  OSD 00 currentime 560.0
inside
02:27:44.761 [main] INFO  AV.BMS - obstacle distance 1970 currenttime 580.0
02:27:44.761 [main] INFO  AV.BMS -  OSD 00 currentime 580.0
inside
02:27:45.801 [main] INFO  AV.BMS - obstacle distance 1969 currenttime 600.0
02:27:45.801 [main] INFO  AV.BMS -  OSD 00 currentime 600.0
inside
02:27:46.801 [main] INFO  AV.BMS - obstacle distance 1968 currenttime 620.0
02:27:46.802 [main] INFO  AV.BMS -  OSD 00 currentime 620.0
inside
02:27:47.832 [main] INFO  AV.BMS - obstacle distance 1967 currenttime 640.0
02:27:47.834 [main] INFO  AV.BMS -  OSD 00 currentime 640.0
inside
02:27:48.916 [main] INFO  AV.BMS - obstacle distance 1966 currenttime 660.0
02:27:48.916 [main] INFO  AV.BMS -  OSD 00 currentime 660.0
inside
02:27:49.944 [main] INFO  AV.BMS - obstacle distance 1965 currenttime 680.0
02:27:49.944 [main] INFO  AV.BMS -  OSD 00 currentime 680.0
inside
02:27:50.976 [main] INFO  AV.BMS - obstacle distance 1964 currenttime 700.0
02:27:50.976 [main] INFO  AV.BMS -  OSD 00 currentime 700.0
inside
02:27:52.036 [main] INFO  AV.BMS - obstacle distance 1963 currenttime 720.0
02:27:52.037 [main] INFO  AV.BMS -  OSD 00 currentime 720.0
inside
02:27:53.081 [main] INFO  AV.BMS - obstacle distance 1962 currenttime 740.0
02:27:53.081 [main] INFO  AV.BMS -  OSD 00 currentime 740.0
inside
02:27:54.210 [main] INFO  AV.BMS - obstacle distance 1961 currenttime 760.0
02:27:54.211 [main] INFO  AV.BMS -  OSD 00 currentime 760.0
inside
02:27:55.250 [main] INFO  AV.BMS - obstacle distance 1960 currenttime 780.0
02:27:55.251 [main] INFO  AV.BMS -  OSD 00 currentime 780.0
inside
02:27:56.044 [main] INFO  AV.BMS - obstacle distance 1959 currenttime 800.0
02:27:56.045 [main] INFO  AV.BMS -  OSD 00 currentime 800.0
inside
02:27:57.060 [main] INFO  AV.BMS - obstacle distance 1958 currenttime 820.0
02:27:57.061 [main] INFO  AV.BMS -  OSD 00 currentime 820.0
inside
02:27:58.056 [main] INFO  AV.BMS - obstacle distance 1957 currenttime 840.0
02:27:58.062 [main] INFO  AV.BMS -  OSD 00 currentime 840.0
inside
02:27:58.975 [main] INFO  AV.BMS - obstacle distance 1956 currenttime 860.0
02:27:58.976 [main] INFO  AV.BMS -  OSD 00 currentime 860.0
inside
02:27:59.958 [main] INFO  AV.BMS - obstacle distance 1955 currenttime 880.0
02:27:59.959 [main] INFO  AV.BMS -  OSD 00 currentime 880.0
inside
02:28:00.951 [main] INFO  AV.BMS - obstacle distance 1954 currenttime 900.0
02:28:00.952 [main] INFO  AV.BMS -  OSD 00 currentime 900.0
inside
02:28:01.962 [main] INFO  AV.BMS - obstacle distance 1953 currenttime 920.0
02:28:01.963 [main] INFO  AV.BMS -  OSD 00 currentime 920.0
inside
02:28:03.029 [main] INFO  AV.BMS - obstacle distance 1952 currenttime 940.0
02:28:03.029 [main] INFO  AV.BMS -  OSD 00 currentime 940.0
inside
02:28:04.110 [main] INFO  AV.BMS - obstacle distance 1951 currenttime 960.0
02:28:04.110 [main] INFO  AV.BMS -  OSD 00 currentime 960.0
inside
02:28:05.138 [main] INFO  AV.BMS - obstacle distance 1950 currenttime 980.0
02:28:05.139 [main] INFO  AV.BMS -  OSD 00 currentime 980.0
inside
02:28:06.107 [main] INFO  AV.BMS - obstacle distance 1949 currenttime 1000.0
02:28:06.107 [main] INFO  AV.BMS -  OSD 00 currentime 1000.0
inside
02:28:07.078 [main] INFO  AV.BMS - obstacle distance 1948 currenttime 1020.0
02:28:07.078 [main] INFO  AV.BMS -  OSD 00 currentime 1020.0
inside
02:28:08.074 [main] INFO  AV.BMS - obstacle distance 1947 currenttime 1040.0
02:28:08.074 [main] INFO  AV.BMS -  OSD 00 currentime 1040.0
inside
02:28:09.026 [main] INFO  AV.BMS - obstacle distance 1946 currenttime 1060.0
02:28:09.027 [main] INFO  AV.BMS -  OSD 00 currentime 1060.0
inside
02:28:10.044 [main] INFO  AV.BMS - obstacle distance 1945 currenttime 1080.0
02:28:10.045 [main] INFO  AV.BMS -  OSD 00 currentime 1080.0
inside
02:28:11.013 [main] INFO  AV.BMS - obstacle distance 1944 currenttime 1100.0
02:28:11.014 [main] INFO  AV.BMS -  OSD 00 currentime 1100.0
inside
02:28:12.106 [main] INFO  AV.BMS - obstacle distance 1943 currenttime 1120.0
02:28:12.106 [main] INFO  AV.BMS -  OSD 00 currentime 1120.0
inside
02:28:13.121 [main] INFO  AV.BMS - obstacle distance 1942 currenttime 1140.0
02:28:13.121 [main] INFO  AV.BMS -  OSD 00 currentime 1140.0
inside
02:28:14.107 [main] INFO  AV.BMS - obstacle distance 1941 currenttime 1160.0
02:28:14.107 [main] INFO  AV.BMS -  OSD 00 currentime 1160.0
inside
02:28:15.110 [main] INFO  AV.BMS - obstacle distance 1940 currenttime 1180.0
02:28:15.110 [main] INFO  AV.BMS -  OSD 00 currentime 1180.0
inside
02:28:16.204 [main] INFO  AV.BMS - obstacle distance 1939 currenttime 1200.0
02:28:16.204 [main] INFO  AV.BMS -  OSD 00 currentime 1200.0
inside
02:28:17.197 [main] INFO  AV.BMS - obstacle distance 1938 currenttime 1220.0
02:28:17.200 [main] INFO  AV.BMS -  OSD 00 currentime 1220.0
inside
02:28:18.216 [main] INFO  AV.BMS - obstacle distance 1937 currenttime 1240.0
02:28:18.216 [main] INFO  AV.BMS -  OSD 00 currentime 1240.0
inside
02:28:19.163 [main] INFO  AV.BMS - obstacle distance 1936 currenttime 1260.0
02:28:19.163 [main] INFO  AV.BMS -  OSD 00 currentime 1260.0
inside
02:28:20.188 [main] INFO  AV.BMS - obstacle distance 1935 currenttime 1280.0
02:28:20.188 [main] INFO  AV.BMS -  OSD 00 currentime 1280.0
inside
02:28:21.117 [main] INFO  AV.BMS - obstacle distance 1934 currenttime 1300.0
02:28:21.118 [main] INFO  AV.BMS -  OSD 00 currentime 1300.0
inside
02:28:22.181 [main] INFO  AV.BMS - obstacle distance 1933 currenttime 1320.0
02:28:22.181 [main] INFO  AV.BMS -  OSD 00 currentime 1320.0
inside
02:28:23.114 [main] INFO  AV.BMS - obstacle distance 1932 currenttime 1340.0
02:28:23.114 [main] INFO  AV.BMS -  OSD 00 currentime 1340.0
inside
02:28:24.120 [main] INFO  AV.BMS - obstacle distance 1931 currenttime 1360.0
02:28:24.120 [main] INFO  AV.BMS -  OSD 00 currentime 1360.0
inside
02:28:25.125 [main] INFO  AV.BMS - obstacle distance 1930 currenttime 1380.0
02:28:25.125 [main] INFO  AV.BMS -  OSD 00 currentime 1380.0
inside
02:28:26.126 [main] INFO  AV.BMS - obstacle distance 1929 currenttime 1400.0
02:28:26.127 [main] INFO  AV.BMS -  OSD 00 currentime 1400.0
inside
02:28:27.108 [main] INFO  AV.BMS - obstacle distance 1928 currenttime 1420.0
02:28:27.109 [main] INFO  AV.BMS -  OSD 00 currentime 1420.0
inside
02:28:28.247 [main] INFO  AV.BMS - obstacle distance 1927 currenttime 1440.0
02:28:28.248 [main] INFO  AV.BMS -  OSD 00 currentime 1440.0
inside
02:28:29.263 [main] INFO  AV.BMS - obstacle distance 1926 currenttime 1460.0
02:28:29.264 [main] INFO  AV.BMS -  OSD 00 currentime 1460.0
inside
02:28:30.225 [main] INFO  AV.BMS - obstacle distance 1925 currenttime 1480.0
02:28:30.225 [main] INFO  AV.BMS -  OSD 00 currentime 1480.0
inside
02:28:31.248 [main] INFO  AV.BMS - obstacle distance 1924 currenttime 1500.0
02:28:31.248 [main] INFO  AV.BMS -  OSD 00 currentime 1500.0
inside
02:28:32.212 [main] INFO  AV.BMS - obstacle distance 1923 currenttime 1520.0
02:28:32.212 [main] INFO  AV.BMS -  OSD 00 currentime 1520.0
inside
02:28:33.197 [main] INFO  AV.BMS - obstacle distance 1922 currenttime 1540.0
02:28:33.198 [main] INFO  AV.BMS -  OSD 00 currentime 1540.0
inside
02:28:34.172 [main] INFO  AV.BMS - obstacle distance 1921 currenttime 1560.0
02:28:34.172 [main] INFO  AV.BMS -  OSD 00 currentime 1560.0
inside
02:28:35.195 [main] INFO  AV.BMS - obstacle distance 1920 currenttime 1580.0
02:28:35.195 [main] INFO  AV.BMS -  OSD 00 currentime 1580.0
inside
02:28:36.173 [main] INFO  AV.BMS - obstacle distance 1919 currenttime 1600.0
02:28:36.173 [main] INFO  AV.BMS -  OSD 00 currentime 1600.0
inside
02:28:37.136 [main] INFO  AV.BMS - obstacle distance 1918 currenttime 1620.0
02:28:37.136 [main] INFO  AV.BMS -  OSD 00 currentime 1620.0
inside
02:28:38.128 [main] INFO  AV.BMS - obstacle distance 1917 currenttime 1640.0
02:28:38.128 [main] INFO  AV.BMS -  OSD 00 currentime 1640.0
inside
02:28:39.074 [main] INFO  AV.BMS - obstacle distance 1916 currenttime 1660.0
02:28:39.074 [main] INFO  AV.BMS -  OSD 00 currentime 1660.0
inside
02:28:40.021 [main] INFO  AV.BMS - obstacle distance 1915 currenttime 1680.0
02:28:40.021 [main] INFO  AV.BMS -  OSD 00 currentime 1680.0
inside
02:28:41.025 [main] INFO  AV.BMS - obstacle distance 1914 currenttime 1700.0
02:28:41.026 [main] INFO  AV.BMS -  OSD 00 currentime 1700.0
inside
02:28:42.154 [main] INFO  AV.BMS - obstacle distance 1913 currenttime 1720.0
02:28:42.154 [main] INFO  AV.BMS -  OSD 00 currentime 1720.0
inside
02:28:43.141 [main] INFO  AV.BMS - obstacle distance 1912 currenttime 1740.0
02:28:43.142 [main] INFO  AV.BMS -  OSD 00 currentime 1740.0
inside
02:28:44.162 [main] INFO  AV.BMS - obstacle distance 1911 currenttime 1760.0
02:28:44.162 [main] INFO  AV.BMS -  OSD 00 currentime 1760.0
inside
02:28:45.202 [main] INFO  AV.BMS - obstacle distance 1910 currenttime 1780.0
02:28:45.202 [main] INFO  AV.BMS -  OSD 00 currentime 1780.0
inside
02:28:46.154 [main] INFO  AV.BMS - obstacle distance 1909 currenttime 1800.0
02:28:46.155 [main] INFO  AV.BMS -  OSD 00 currentime 1800.0
inside
02:28:47.172 [main] INFO  AV.BMS - obstacle distance 1908 currenttime 1820.0
02:28:47.172 [main] INFO  AV.BMS -  OSD 00 currentime 1820.0
inside
02:28:48.151 [main] INFO  AV.BMS - obstacle distance 1907 currenttime 1840.0
02:28:48.151 [main] INFO  AV.BMS -  OSD 00 currentime 1840.0
inside
02:28:49.009 [main] INFO  AV.BMS - obstacle distance 1906 currenttime 1860.0
02:28:49.009 [main] INFO  AV.BMS -  OSD 00 currentime 1860.0
inside
02:28:49.960 [main] INFO  AV.BMS - obstacle distance 1905 currenttime 1880.0
02:28:49.961 [main] INFO  AV.BMS -  OSD 00 currentime 1880.0
inside
02:28:50.957 [main] INFO  AV.BMS - obstacle distance 1904 currenttime 1900.0
02:28:50.957 [main] INFO  AV.BMS -  OSD 00 currentime 1900.0
inside
02:28:51.934 [main] INFO  AV.BMS - obstacle distance 1903 currenttime 1920.0
02:28:51.935 [main] INFO  AV.BMS -  OSD 00 currentime 1920.0
inside
02:28:52.933 [main] INFO  AV.BMS - obstacle distance 1902 currenttime 1940.0
02:28:52.933 [main] INFO  AV.BMS -  OSD 00 currentime 1940.0
inside
02:28:53.888 [main] INFO  AV.BMS - obstacle distance 1901 currenttime 1960.0
02:28:53.888 [main] INFO  AV.BMS -  OSD 00 currentime 1960.0
inside
02:28:54.864 [main] INFO  AV.BMS - obstacle distance 1900 currenttime 1980.0
02:28:54.865 [main] INFO  AV.BMS -  OSD 00 currentime 1980.0
inside
02:28:55.926 [main] INFO  AV.BMS - obstacle distance 1899 currenttime 2000.0
02:28:55.926 [main] INFO  AV.BMS -  OSD 00 currentime 2000.0
inside
02:28:56.908 [main] INFO  AV.BMS - obstacle distance 1898 currenttime 2020.0
02:28:56.908 [main] INFO  AV.BMS -  OSD 00 currentime 2020.0
inside
02:28:57.916 [main] INFO  AV.BMS - obstacle distance 1897 currenttime 2040.0
02:28:57.916 [main] INFO  AV.BMS -  OSD 00 currentime 2040.0
inside
02:28:58.927 [main] INFO  AV.BMS - obstacle distance 1896 currenttime 2060.0
02:28:58.927 [main] INFO  AV.BMS -  OSD 00 currentime 2060.0
inside
02:28:59.975 [main] INFO  AV.BMS - obstacle distance 1895 currenttime 2080.0
02:28:59.975 [main] INFO  AV.BMS -  OSD 00 currentime 2080.0
inside
02:29:00.905 [main] INFO  AV.BMS - obstacle distance 1894 currenttime 2100.0
02:29:00.906 [main] INFO  AV.BMS -  OSD 00 currentime 2100.0
inside
02:29:01.899 [main] INFO  AV.BMS - obstacle distance 1893 currenttime 2120.0
02:29:01.899 [main] INFO  AV.BMS -  OSD 00 currentime 2120.0
inside
02:29:02.906 [main] INFO  AV.BMS - obstacle distance 1892 currenttime 2140.0
02:29:02.906 [main] INFO  AV.BMS -  OSD 00 currentime 2140.0
inside
02:29:03.930 [main] INFO  AV.BMS - obstacle distance 1891 currenttime 2160.0
02:29:03.930 [main] INFO  AV.BMS -  OSD 00 currentime 2160.0
inside
02:29:04.939 [main] INFO  AV.BMS - obstacle distance 1890 currenttime 2180.0
02:29:04.939 [main] INFO  AV.BMS -  OSD 00 currentime 2180.0
inside
02:29:05.936 [main] INFO  AV.BMS - obstacle distance 1889 currenttime 2200.0
02:29:05.936 [main] INFO  AV.BMS -  OSD 00 currentime 2200.0
inside
02:29:06.946 [main] INFO  AV.BMS - obstacle distance 1888 currenttime 2220.0
02:29:06.946 [main] INFO  AV.BMS -  OSD 00 currentime 2220.0
inside
02:29:07.943 [main] INFO  AV.BMS - obstacle distance 1887 currenttime 2240.0
02:29:07.943 [main] INFO  AV.BMS -  OSD 00 currentime 2240.0
inside
02:29:08.949 [main] INFO  AV.BMS - obstacle distance 1886 currenttime 2260.0
02:29:08.949 [main] INFO  AV.BMS -  OSD 00 currentime 2260.0
inside
02:29:09.986 [main] INFO  AV.BMS - obstacle distance 1885 currenttime 2280.0
02:29:09.990 [main] INFO  AV.BMS -  OSD 00 currentime 2280.0
inside
02:29:11.123 [main] INFO  AV.BMS - obstacle distance 1884 currenttime 2300.0
02:29:11.124 [main] INFO  AV.BMS -  OSD 00 currentime 2300.0
inside
02:29:12.109 [main] INFO  AV.BMS - obstacle distance 1883 currenttime 2320.0
02:29:12.110 [main] INFO  AV.BMS -  OSD 00 currentime 2320.0
inside
02:29:13.117 [main] INFO  AV.BMS - obstacle distance 1882 currenttime 2340.0
02:29:13.117 [main] INFO  AV.BMS -  OSD 00 currentime 2340.0
inside
02:29:14.152 [main] INFO  AV.BMS - obstacle distance 1881 currenttime 2360.0
02:29:14.153 [main] INFO  AV.BMS -  OSD 00 currentime 2360.0
inside
02:29:15.203 [main] INFO  AV.BMS - obstacle distance 1880 currenttime 2380.0
02:29:15.203 [main] INFO  AV.BMS -  OSD 00 currentime 2380.0
inside
02:29:16.264 [main] INFO  AV.BMS - obstacle distance 1879 currenttime 2400.0
02:29:16.264 [main] INFO  AV.BMS -  OSD 00 currentime 2400.0
inside
02:29:17.253 [main] INFO  AV.BMS - obstacle distance 1878 currenttime 2420.0
02:29:17.253 [main] INFO  AV.BMS -  OSD 00 currentime 2420.0
inside
02:29:18.272 [main] INFO  AV.BMS - obstacle distance 1877 currenttime 2440.0
02:29:18.273 [main] INFO  AV.BMS -  OSD 00 currentime 2440.0
inside
02:29:19.275 [main] INFO  AV.BMS - obstacle distance 1876 currenttime 2460.0
02:29:19.276 [main] INFO  AV.BMS -  OSD 00 currentime 2460.0
inside
02:29:20.264 [main] INFO  AV.BMS - obstacle distance 1875 currenttime 2480.0
02:29:20.264 [main] INFO  AV.BMS -  OSD 00 currentime 2480.0
inside
02:29:21.282 [main] INFO  AV.BMS - obstacle distance 1874 currenttime 2500.0
02:29:21.283 [main] INFO  AV.BMS -  OSD 00 currentime 2500.0
inside
02:29:22.287 [main] INFO  AV.BMS - obstacle distance 1873 currenttime 2520.0
02:29:22.287 [main] INFO  AV.BMS -  OSD 00 currentime 2520.0
inside
02:29:23.268 [main] INFO  AV.BMS - obstacle distance 1872 currenttime 2540.0
02:29:23.268 [main] INFO  AV.BMS -  OSD 00 currentime 2540.0
inside
02:29:24.330 [main] INFO  AV.BMS - obstacle distance 1871 currenttime 2560.0
02:29:24.331 [main] INFO  AV.BMS -  OSD 00 currentime 2560.0
inside
02:29:25.354 [main] INFO  AV.BMS - obstacle distance 1870 currenttime 2580.0
02:29:25.354 [main] INFO  AV.BMS -  OSD 00 currentime 2580.0
inside
02:29:26.428 [main] INFO  AV.BMS - obstacle distance 1869 currenttime 2600.0
02:29:26.429 [main] INFO  AV.BMS -  OSD 00 currentime 2600.0
inside
02:29:27.578 [main] INFO  AV.BMS - obstacle distance 1868 currenttime 2620.0
02:29:27.578 [main] INFO  AV.BMS -  OSD 00 currentime 2620.0
inside
02:29:28.595 [main] INFO  AV.BMS - obstacle distance 1867 currenttime 2640.0
02:29:28.595 [main] INFO  AV.BMS -  OSD 00 currentime 2640.0
inside
02:29:29.620 [main] INFO  AV.BMS - obstacle distance 1866 currenttime 2660.0
02:29:29.620 [main] INFO  AV.BMS -  OSD 00 currentime 2660.0
inside
02:29:30.593 [main] INFO  AV.BMS - obstacle distance 1865 currenttime 2680.0
02:29:30.594 [main] INFO  AV.BMS -  OSD 00 currentime 2680.0
inside
02:29:31.651 [main] INFO  AV.BMS - obstacle distance 1864 currenttime 2700.0
02:29:31.651 [main] INFO  AV.BMS -  OSD 00 currentime 2700.0
inside
02:29:32.628 [main] INFO  AV.BMS - obstacle distance 1863 currenttime 2720.0
02:29:32.628 [main] INFO  AV.BMS -  OSD 00 currentime 2720.0
inside
02:29:33.642 [main] INFO  AV.BMS - obstacle distance 1862 currenttime 2740.0
02:29:33.642 [main] INFO  AV.BMS -  OSD 00 currentime 2740.0
inside
02:29:34.578 [main] INFO  AV.BMS - obstacle distance 1861 currenttime 2760.0
02:29:34.578 [main] INFO  AV.BMS -  OSD 00 currentime 2760.0
inside
02:29:35.532 [main] INFO  AV.BMS - obstacle distance 1860 currenttime 2780.0
02:29:35.533 [main] INFO  AV.BMS -  OSD 00 currentime 2780.0
inside
02:29:36.538 [main] INFO  AV.BMS - obstacle distance 1859 currenttime 2800.0
02:29:36.538 [main] INFO  AV.BMS -  OSD 00 currentime 2800.0
inside
02:29:37.492 [main] INFO  AV.BMS - obstacle distance 1858 currenttime 2820.0
02:29:37.493 [main] INFO  AV.BMS -  OSD 00 currentime 2820.0
inside
02:29:38.449 [main] INFO  AV.BMS - obstacle distance 1857 currenttime 2840.0
02:29:38.449 [main] INFO  AV.BMS -  OSD 00 currentime 2840.0
inside
02:29:39.457 [main] INFO  AV.BMS - obstacle distance 1856 currenttime 2860.0
02:29:39.457 [main] INFO  AV.BMS -  OSD 00 currentime 2860.0
