
-------------------------------------------------------------------
GMS: address=vagrant-49850, cluster=AV, physical address=10.0.2.15:55474
-------------------------------------------------------------------
01:53:04.597 [main] INFO  AV.BMS - waiting on readyToPopulate...
01:53:33.613 [main] INFO  AV.BMS - ...synchronized on readyToPopulate
01:53:33.613 [main] INFO  AV.BMS - waiting on readyToRun...
01:53:33.865 [main] INFO  AV.BMS - ...synchronized on readyToRun
01:53:33.868 [main] INFO  AV.BMS - started logical time progression
inside
01:53:33.869 [main] INFO  AV.BMS - obstacle distance 1999 currenttime 0.0
01:53:33.869 [main] INFO  AV.BMS -  OSD 00 currentime 0.0
inside
01:53:36.178 [main] INFO  AV.BMS - obstacle distance 1998 currenttime 20.0
01:53:36.179 [main] INFO  AV.BMS -  OSD 00 currentime 20.0
inside
01:53:37.400 [main] INFO  AV.BMS - obstacle distance 1997 currenttime 40.0
01:53:37.400 [main] INFO  AV.BMS -  OSD 00 currentime 40.0
inside
01:53:38.604 [main] INFO  AV.BMS - obstacle distance 1996 currenttime 60.0
01:53:38.605 [main] INFO  AV.BMS -  OSD 00 currentime 60.0
inside
01:53:40.030 [main] INFO  AV.BMS - obstacle distance 1995 currenttime 80.0
01:53:40.031 [main] INFO  AV.BMS -  OSD 00 currentime 80.0
inside
01:53:41.353 [main] INFO  AV.BMS - obstacle distance 1994 currenttime 100.0
01:53:41.354 [main] INFO  AV.BMS -  OSD 00 currentime 100.0
inside
01:53:42.410 [main] INFO  AV.BMS - obstacle distance 1993 currenttime 120.0
01:53:42.410 [main] INFO  AV.BMS -  OSD 00 currentime 120.0
inside
01:53:43.474 [main] INFO  AV.BMS - obstacle distance 1992 currenttime 140.0
01:53:43.474 [main] INFO  AV.BMS -  OSD 00 currentime 140.0
inside
01:53:44.687 [main] INFO  AV.BMS - obstacle distance 1991 currenttime 160.0
01:53:44.687 [main] INFO  AV.BMS -  OSD 00 currentime 160.0
inside
01:53:45.765 [main] INFO  AV.BMS - obstacle distance 1990 currenttime 180.0
01:53:45.766 [main] INFO  AV.BMS -  OSD 00 currentime 180.0
inside
01:53:47.379 [main] INFO  AV.BMS - obstacle distance 1989 currenttime 200.0
01:53:47.380 [main] INFO  AV.BMS -  OSD 00 currentime 200.0
inside
01:53:48.443 [main] INFO  AV.BMS - obstacle distance 1988 currenttime 220.0
01:53:48.443 [main] INFO  AV.BMS -  OSD 00 currentime 220.0
inside
01:53:49.539 [main] INFO  AV.BMS - obstacle distance 1987 currenttime 240.0
01:53:49.539 [main] INFO  AV.BMS -  OSD 00 currentime 240.0
inside
01:53:50.594 [main] INFO  AV.BMS - obstacle distance 1986 currenttime 260.0
01:53:50.595 [main] INFO  AV.BMS -  OSD 00 currentime 260.0
inside
01:53:51.638 [main] INFO  AV.BMS - obstacle distance 1985 currenttime 280.0
01:53:51.639 [main] INFO  AV.BMS -  OSD 00 currentime 280.0
inside
01:53:52.674 [main] INFO  AV.BMS - obstacle distance 1984 currenttime 300.0
01:53:52.675 [main] INFO  AV.BMS -  OSD 00 currentime 300.0
inside
01:53:53.689 [main] INFO  AV.BMS - obstacle distance 1983 currenttime 320.0
01:53:53.689 [main] INFO  AV.BMS -  OSD 00 currentime 320.0
inside
01:53:54.704 [main] INFO  AV.BMS - obstacle distance 1982 currenttime 340.0
01:53:54.704 [main] INFO  AV.BMS -  OSD 00 currentime 340.0
inside
01:53:55.744 [main] INFO  AV.BMS - obstacle distance 1981 currenttime 360.0
01:53:55.745 [main] INFO  AV.BMS -  OSD 00 currentime 360.0
inside
01:53:56.729 [main] INFO  AV.BMS - obstacle distance 1980 currenttime 380.0
01:53:56.729 [main] INFO  AV.BMS -  OSD 00 currentime 380.0
inside
01:53:57.763 [main] INFO  AV.BMS - obstacle distance 1979 currenttime 400.0
01:53:57.764 [main] INFO  AV.BMS -  OSD 00 currentime 400.0
inside
01:53:58.803 [main] INFO  AV.BMS - obstacle distance 1978 currenttime 420.0
01:53:58.803 [main] INFO  AV.BMS -  OSD 00 currentime 420.0
inside
01:53:59.870 [main] INFO  AV.BMS - obstacle distance 1977 currenttime 440.0
01:53:59.871 [main] INFO  AV.BMS -  OSD 00 currentime 440.0
inside
01:54:00.838 [main] INFO  AV.BMS - obstacle distance 1976 currenttime 460.0
01:54:00.839 [main] INFO  AV.BMS -  OSD 00 currentime 460.0
inside
01:54:01.791 [main] INFO  AV.BMS - obstacle distance 1975 currenttime 480.0
01:54:01.791 [main] INFO  AV.BMS -  OSD 00 currentime 480.0
inside
01:54:02.786 [main] INFO  AV.BMS - obstacle distance 1974 currenttime 500.0
01:54:02.786 [main] INFO  AV.BMS -  OSD 00 currentime 500.0
inside
01:54:03.724 [main] INFO  AV.BMS - obstacle distance 1973 currenttime 520.0
01:54:03.724 [main] INFO  AV.BMS -  OSD 00 currentime 520.0
inside
01:54:04.706 [main] INFO  AV.BMS - obstacle distance 1972 currenttime 540.0
01:54:04.707 [main] INFO  AV.BMS -  OSD 00 currentime 540.0
inside
01:54:05.688 [main] INFO  AV.BMS - obstacle distance 1971 currenttime 560.0
01:54:05.689 [main] INFO  AV.BMS -  OSD 00 currentime 560.0
inside
01:54:06.687 [main] INFO  AV.BMS - obstacle distance 1970 currenttime 580.0
01:54:06.688 [main] INFO  AV.BMS -  OSD 00 currentime 580.0
inside
01:54:07.681 [main] INFO  AV.BMS - obstacle distance 1969 currenttime 600.0
01:54:07.681 [main] INFO  AV.BMS -  OSD 00 currentime 600.0
inside
01:54:08.680 [main] INFO  AV.BMS - obstacle distance 1968 currenttime 620.0
01:54:08.680 [main] INFO  AV.BMS -  OSD 00 currentime 620.0
inside
01:54:09.662 [main] INFO  AV.BMS - obstacle distance 1967 currenttime 640.0
01:54:09.662 [main] INFO  AV.BMS -  OSD 00 currentime 640.0
inside
01:54:10.631 [main] INFO  AV.BMS - obstacle distance 1966 currenttime 660.0
01:54:10.631 [main] INFO  AV.BMS -  OSD 00 currentime 660.0
inside
01:54:11.660 [main] INFO  AV.BMS - obstacle distance 1965 currenttime 680.0
01:54:11.661 [main] INFO  AV.BMS -  OSD 00 currentime 680.0
inside
01:54:12.706 [main] INFO  AV.BMS - obstacle distance 1964 currenttime 700.0
01:54:12.706 [main] INFO  AV.BMS -  OSD 00 currentime 700.0
inside
01:54:13.757 [main] INFO  AV.BMS - obstacle distance 1963 currenttime 720.0
01:54:13.762 [main] INFO  AV.BMS -  OSD 00 currentime 720.0
inside
01:54:14.823 [main] INFO  AV.BMS - obstacle distance 1962 currenttime 740.0
01:54:14.823 [main] INFO  AV.BMS -  OSD 00 currentime 740.0
inside
01:54:15.806 [main] INFO  AV.BMS - obstacle distance 1961 currenttime 760.0
01:54:15.806 [main] INFO  AV.BMS -  OSD 00 currentime 760.0
inside
01:54:16.929 [main] INFO  AV.BMS - obstacle distance 1960 currenttime 780.0
01:54:16.929 [main] INFO  AV.BMS -  OSD 00 currentime 780.0
inside
01:54:17.904 [main] INFO  AV.BMS - obstacle distance 1959 currenttime 800.0
01:54:17.904 [main] INFO  AV.BMS -  OSD 00 currentime 800.0
inside
01:54:18.882 [main] INFO  AV.BMS - obstacle distance 1958 currenttime 820.0
01:54:18.883 [main] INFO  AV.BMS -  OSD 00 currentime 820.0
inside
01:54:19.873 [main] INFO  AV.BMS - obstacle distance 1957 currenttime 840.0
01:54:19.873 [main] INFO  AV.BMS -  OSD 00 currentime 840.0
inside
01:54:20.870 [main] INFO  AV.BMS - obstacle distance 1956 currenttime 860.0
01:54:20.870 [main] INFO  AV.BMS -  OSD 00 currentime 860.0
inside
01:54:21.856 [main] INFO  AV.BMS - obstacle distance 1955 currenttime 880.0
01:54:21.856 [main] INFO  AV.BMS -  OSD 00 currentime 880.0
inside
01:54:22.857 [main] INFO  AV.BMS - obstacle distance 1954 currenttime 900.0
01:54:22.857 [main] INFO  AV.BMS -  OSD 00 currentime 900.0
inside
01:54:23.829 [main] INFO  AV.BMS - obstacle distance 1953 currenttime 920.0
01:54:23.829 [main] INFO  AV.BMS -  OSD 00 currentime 920.0
inside
01:54:24.812 [main] INFO  AV.BMS - obstacle distance 1952 currenttime 940.0
01:54:24.812 [main] INFO  AV.BMS -  OSD 00 currentime 940.0
inside
01:54:25.836 [main] INFO  AV.BMS - obstacle distance 1951 currenttime 960.0
01:54:25.837 [main] INFO  AV.BMS -  OSD 00 currentime 960.0
inside
01:54:26.829 [main] INFO  AV.BMS - obstacle distance 1950 currenttime 980.0
01:54:26.829 [main] INFO  AV.BMS -  OSD 00 currentime 980.0
inside
01:54:27.928 [main] INFO  AV.BMS - obstacle distance 1949 currenttime 1000.0
01:54:27.928 [main] INFO  AV.BMS -  OSD 00 currentime 1000.0
inside
01:54:28.917 [main] INFO  AV.BMS - obstacle distance 1948 currenttime 1020.0
01:54:28.918 [main] INFO  AV.BMS -  OSD 00 currentime 1020.0
inside
01:54:29.907 [main] INFO  AV.BMS - obstacle distance 1947 currenttime 1040.0
01:54:29.907 [main] INFO  AV.BMS -  OSD 00 currentime 1040.0
inside
01:54:30.877 [main] INFO  AV.BMS - obstacle distance 1946 currenttime 1060.0
01:54:30.877 [main] INFO  AV.BMS -  OSD 00 currentime 1060.0
inside
01:54:31.854 [main] INFO  AV.BMS - obstacle distance 1945 currenttime 1080.0
01:54:31.854 [main] INFO  AV.BMS -  OSD 00 currentime 1080.0
inside
01:54:32.853 [main] INFO  AV.BMS - obstacle distance 1944 currenttime 1100.0
01:54:32.853 [main] INFO  AV.BMS -  OSD 00 currentime 1100.0
inside
01:54:33.856 [main] INFO  AV.BMS - obstacle distance 1943 currenttime 1120.0
01:54:33.857 [main] INFO  AV.BMS -  OSD 00 currentime 1120.0
inside
01:54:34.803 [main] INFO  AV.BMS - obstacle distance 1942 currenttime 1140.0
01:54:34.804 [main] INFO  AV.BMS -  OSD 00 currentime 1140.0
inside
01:54:35.783 [main] INFO  AV.BMS - obstacle distance 1941 currenttime 1160.0
01:54:35.783 [main] INFO  AV.BMS -  OSD 00 currentime 1160.0
inside
01:54:36.770 [main] INFO  AV.BMS - obstacle distance 1940 currenttime 1180.0
01:54:36.771 [main] INFO  AV.BMS -  OSD 00 currentime 1180.0
inside
01:54:37.414 [main] INFO  AV.BMS - obstacle distance 1939 currenttime 1200.0
01:54:37.414 [main] INFO  AV.BMS -  OSD 00 currentime 1200.0
inside
01:54:38.209 [main] INFO  AV.BMS - obstacle distance 1938 currenttime 1220.0
01:54:38.211 [main] INFO  AV.BMS -  OSD 00 currentime 1220.0
inside
01:54:39.222 [main] INFO  AV.BMS - obstacle distance 1937 currenttime 1240.0
01:54:39.222 [main] INFO  AV.BMS -  OSD 00 currentime 1240.0
inside
01:54:40.130 [main] INFO  AV.BMS - obstacle distance 1936 currenttime 1260.0
01:54:40.131 [main] INFO  AV.BMS -  OSD 00 currentime 1260.0
inside
01:54:41.085 [main] INFO  AV.BMS - obstacle distance 1935 currenttime 1280.0
01:54:41.085 [main] INFO  AV.BMS -  OSD 00 currentime 1280.0
inside
01:54:42.091 [main] INFO  AV.BMS - obstacle distance 1934 currenttime 1300.0
01:54:42.091 [main] INFO  AV.BMS -  OSD 00 currentime 1300.0
inside
01:54:43.050 [main] INFO  AV.BMS - obstacle distance 1933 currenttime 1320.0
01:54:43.051 [main] INFO  AV.BMS -  OSD 00 currentime 1320.0
inside
01:54:44.085 [main] INFO  AV.BMS - obstacle distance 1932 currenttime 1340.0
01:54:44.085 [main] INFO  AV.BMS -  OSD 00 currentime 1340.0
inside
01:54:45.096 [main] INFO  AV.BMS - obstacle distance 1931 currenttime 1360.0
01:54:45.096 [main] INFO  AV.BMS -  OSD 00 currentime 1360.0
inside
01:54:46.142 [main] INFO  AV.BMS - obstacle distance 1930 currenttime 1380.0
01:54:46.142 [main] INFO  AV.BMS -  OSD 00 currentime 1380.0
inside
01:54:47.233 [main] INFO  AV.BMS - obstacle distance 1929 currenttime 1400.0
01:54:47.234 [main] INFO  AV.BMS -  OSD 00 currentime 1400.0
inside
01:54:48.294 [main] INFO  AV.BMS - obstacle distance 1928 currenttime 1420.0
01:54:48.294 [main] INFO  AV.BMS -  OSD 00 currentime 1420.0
inside
01:54:49.309 [main] INFO  AV.BMS - obstacle distance 1927 currenttime 1440.0
01:54:49.309 [main] INFO  AV.BMS -  OSD 00 currentime 1440.0
inside
01:54:50.193 [main] INFO  AV.BMS - obstacle distance 1926 currenttime 1460.0
01:54:50.193 [main] INFO  AV.BMS -  OSD 00 currentime 1460.0
inside
01:54:51.209 [main] INFO  AV.BMS - obstacle distance 1925 currenttime 1480.0
01:54:51.209 [main] INFO  AV.BMS -  OSD 00 currentime 1480.0
inside
01:54:52.219 [main] INFO  AV.BMS - obstacle distance 1924 currenttime 1500.0
01:54:52.220 [main] INFO  AV.BMS -  OSD 00 currentime 1500.0
inside
01:54:53.236 [main] INFO  AV.BMS - obstacle distance 1923 currenttime 1520.0
01:54:53.236 [main] INFO  AV.BMS -  OSD 00 currentime 1520.0
inside
01:54:54.215 [main] INFO  AV.BMS - obstacle distance 1922 currenttime 1540.0
01:54:54.216 [main] INFO  AV.BMS -  OSD 00 currentime 1540.0
inside
01:54:55.220 [main] INFO  AV.BMS - obstacle distance 1921 currenttime 1560.0
01:54:55.220 [main] INFO  AV.BMS -  OSD 00 currentime 1560.0
inside
01:54:56.252 [main] INFO  AV.BMS - obstacle distance 1920 currenttime 1580.0
01:54:56.253 [main] INFO  AV.BMS -  OSD 00 currentime 1580.0
inside
01:54:57.341 [main] INFO  AV.BMS - obstacle distance 1919 currenttime 1600.0
01:54:57.341 [main] INFO  AV.BMS -  OSD 00 currentime 1600.0
inside
01:54:58.358 [main] INFO  AV.BMS - obstacle distance 1918 currenttime 1620.0
01:54:58.358 [main] INFO  AV.BMS -  OSD 00 currentime 1620.0
inside
01:54:59.429 [main] INFO  AV.BMS - obstacle distance 1917 currenttime 1640.0
01:54:59.429 [main] INFO  AV.BMS -  OSD 00 currentime 1640.0
inside
01:55:00.444 [main] INFO  AV.BMS - obstacle distance 1916 currenttime 1660.0
01:55:00.444 [main] INFO  AV.BMS -  OSD 00 currentime 1660.0
inside
01:55:01.450 [main] INFO  AV.BMS - obstacle distance 1915 currenttime 1680.0
01:55:01.451 [main] INFO  AV.BMS -  OSD 00 currentime 1680.0
inside
01:55:02.486 [main] INFO  AV.BMS - obstacle distance 1914 currenttime 1700.0
01:55:02.487 [main] INFO  AV.BMS -  OSD 00 currentime 1700.0
inside
01:55:03.517 [main] INFO  AV.BMS - obstacle distance 1913 currenttime 1720.0
01:55:03.517 [main] INFO  AV.BMS -  OSD 00 currentime 1720.0
inside
01:55:04.549 [main] INFO  AV.BMS - obstacle distance 1912 currenttime 1740.0
01:55:04.550 [main] INFO  AV.BMS -  OSD 00 currentime 1740.0
inside
01:55:05.573 [main] INFO  AV.BMS - obstacle distance 1911 currenttime 1760.0
01:55:05.574 [main] INFO  AV.BMS -  OSD 00 currentime 1760.0
inside
01:55:06.569 [main] INFO  AV.BMS - obstacle distance 1910 currenttime 1780.0
01:55:06.570 [main] INFO  AV.BMS -  OSD 00 currentime 1780.0
inside
01:55:07.733 [main] INFO  AV.BMS - obstacle distance 1909 currenttime 1800.0
01:55:07.735 [main] INFO  AV.BMS -  OSD 00 currentime 1800.0
inside
01:55:08.717 [main] INFO  AV.BMS - obstacle distance 1908 currenttime 1820.0
01:55:08.717 [main] INFO  AV.BMS -  OSD 00 currentime 1820.0
inside
01:55:09.744 [main] INFO  AV.BMS - obstacle distance 1907 currenttime 1840.0
01:55:09.745 [main] INFO  AV.BMS -  OSD 00 currentime 1840.0
inside
01:55:10.786 [main] INFO  AV.BMS - obstacle distance 1906 currenttime 1860.0
01:55:10.786 [main] INFO  AV.BMS -  OSD 00 currentime 1860.0
inside
01:55:11.776 [main] INFO  AV.BMS - obstacle distance 1905 currenttime 1880.0
01:55:11.776 [main] INFO  AV.BMS -  OSD 00 currentime 1880.0
inside
01:55:12.791 [main] INFO  AV.BMS - obstacle distance 1904 currenttime 1900.0
01:55:12.791 [main] INFO  AV.BMS -  OSD 00 currentime 1900.0
inside
01:55:13.822 [main] INFO  AV.BMS - obstacle distance 1903 currenttime 1920.0
01:55:13.822 [main] INFO  AV.BMS -  OSD 00 currentime 1920.0
inside
01:55:14.850 [main] INFO  AV.BMS - obstacle distance 1902 currenttime 1940.0
01:55:14.850 [main] INFO  AV.BMS -  OSD 00 currentime 1940.0
inside
01:55:15.873 [main] INFO  AV.BMS - obstacle distance 1901 currenttime 1960.0
01:55:15.873 [main] INFO  AV.BMS -  OSD 00 currentime 1960.0
inside
01:55:16.888 [main] INFO  AV.BMS - obstacle distance 1900 currenttime 1980.0
01:55:16.888 [main] INFO  AV.BMS -  OSD 00 currentime 1980.0
inside
01:55:17.848 [main] INFO  AV.BMS - obstacle distance 1899 currenttime 2000.0
01:55:17.848 [main] INFO  AV.BMS -  OSD 00 currentime 2000.0
inside
01:55:18.929 [main] INFO  AV.BMS - obstacle distance 1898 currenttime 2020.0
01:55:18.929 [main] INFO  AV.BMS -  OSD 00 currentime 2020.0
inside
01:55:19.966 [main] INFO  AV.BMS - obstacle distance 1897 currenttime 2040.0
01:55:19.966 [main] INFO  AV.BMS -  OSD 00 currentime 2040.0
inside
01:55:20.953 [main] INFO  AV.BMS - obstacle distance 1896 currenttime 2060.0
01:55:20.953 [main] INFO  AV.BMS -  OSD 00 currentime 2060.0
inside
01:55:22.122 [main] INFO  AV.BMS - obstacle distance 1895 currenttime 2080.0
01:55:22.122 [main] INFO  AV.BMS -  OSD 00 currentime 2080.0
inside
01:55:23.148 [main] INFO  AV.BMS - obstacle distance 1894 currenttime 2100.0
01:55:23.149 [main] INFO  AV.BMS -  OSD 00 currentime 2100.0
inside
01:55:24.138 [main] INFO  AV.BMS - obstacle distance 1893 currenttime 2120.0
01:55:24.138 [main] INFO  AV.BMS -  OSD 00 currentime 2120.0
inside
01:55:25.089 [main] INFO  AV.BMS - obstacle distance 1892 currenttime 2140.0
01:55:25.091 [main] INFO  AV.BMS -  OSD 00 currentime 2140.0
inside
01:55:26.124 [main] INFO  AV.BMS - obstacle distance 1891 currenttime 2160.0
01:55:26.125 [main] INFO  AV.BMS -  OSD 00 currentime 2160.0
inside
01:55:27.162 [main] INFO  AV.BMS - obstacle distance 1890 currenttime 2180.0
01:55:27.162 [main] INFO  AV.BMS -  OSD 00 currentime 2180.0
inside
01:55:28.235 [main] INFO  AV.BMS - obstacle distance 1889 currenttime 2200.0
01:55:28.236 [main] INFO  AV.BMS -  OSD 00 currentime 2200.0
inside
01:55:29.227 [main] INFO  AV.BMS - obstacle distance 1888 currenttime 2220.0
01:55:29.227 [main] INFO  AV.BMS -  OSD 00 currentime 2220.0
inside
01:55:30.227 [main] INFO  AV.BMS - obstacle distance 1887 currenttime 2240.0
01:55:30.227 [main] INFO  AV.BMS -  OSD 00 currentime 2240.0
inside
01:55:31.238 [main] INFO  AV.BMS - obstacle distance 1886 currenttime 2260.0
01:55:31.238 [main] INFO  AV.BMS -  OSD 00 currentime 2260.0
inside
01:55:32.251 [main] INFO  AV.BMS - obstacle distance 1885 currenttime 2280.0
01:55:32.251 [main] INFO  AV.BMS -  OSD 00 currentime 2280.0
inside
01:55:33.282 [main] INFO  AV.BMS - obstacle distance 1884 currenttime 2300.0
01:55:33.282 [main] INFO  AV.BMS -  OSD 00 currentime 2300.0
inside
01:55:34.335 [main] INFO  AV.BMS - obstacle distance 1883 currenttime 2320.0
01:55:34.342 [main] INFO  AV.BMS -  OSD 00 currentime 2320.0
inside
01:55:35.356 [main] INFO  AV.BMS - obstacle distance 1882 currenttime 2340.0
01:55:35.357 [main] INFO  AV.BMS -  OSD 00 currentime 2340.0
inside
01:55:36.340 [main] INFO  AV.BMS - obstacle distance 1881 currenttime 2360.0
01:55:36.340 [main] INFO  AV.BMS -  OSD 00 currentime 2360.0
inside
01:55:37.437 [main] INFO  AV.BMS - obstacle distance 1880 currenttime 2380.0
01:55:37.438 [main] INFO  AV.BMS -  OSD 00 currentime 2380.0
inside
01:55:38.460 [main] INFO  AV.BMS - obstacle distance 1879 currenttime 2400.0
01:55:38.460 [main] INFO  AV.BMS -  OSD 00 currentime 2400.0
inside
01:55:39.679 [main] INFO  AV.BMS - obstacle distance 1878 currenttime 2420.0
01:55:39.679 [main] INFO  AV.BMS -  OSD 00 currentime 2420.0
inside
01:55:40.724 [main] INFO  AV.BMS - obstacle distance 1877 currenttime 2440.0
01:55:40.725 [main] INFO  AV.BMS -  OSD 00 currentime 2440.0
inside
01:55:41.812 [main] INFO  AV.BMS - obstacle distance 1876 currenttime 2460.0
01:55:41.813 [main] INFO  AV.BMS -  OSD 00 currentime 2460.0
inside
01:55:42.827 [main] INFO  AV.BMS - obstacle distance 1875 currenttime 2480.0
01:55:42.827 [main] INFO  AV.BMS -  OSD 00 currentime 2480.0
inside
01:55:43.832 [main] INFO  AV.BMS - obstacle distance 1874 currenttime 2500.0
01:55:43.832 [main] INFO  AV.BMS -  OSD 00 currentime 2500.0
inside
01:55:44.834 [main] INFO  AV.BMS - obstacle distance 1873 currenttime 2520.0
01:55:44.835 [main] INFO  AV.BMS -  OSD 00 currentime 2520.0
inside
01:55:45.817 [main] INFO  AV.BMS - obstacle distance 1872 currenttime 2540.0
01:55:45.817 [main] INFO  AV.BMS -  OSD 00 currentime 2540.0
inside
01:55:46.819 [main] INFO  AV.BMS - obstacle distance 1871 currenttime 2560.0
01:55:46.821 [main] INFO  AV.BMS -  OSD 00 currentime 2560.0
inside
01:55:47.803 [main] INFO  AV.BMS - obstacle distance 1870 currenttime 2580.0
01:55:47.805 [main] INFO  AV.BMS -  OSD 00 currentime 2580.0
inside
01:55:48.833 [main] INFO  AV.BMS - obstacle distance 1869 currenttime 2600.0
01:55:48.834 [main] INFO  AV.BMS -  OSD 00 currentime 2600.0
inside
01:55:49.818 [main] INFO  AV.BMS - obstacle distance 1868 currenttime 2620.0
01:55:49.819 [main] INFO  AV.BMS -  OSD 00 currentime 2620.0
inside
01:55:50.790 [main] INFO  AV.BMS - obstacle distance 1867 currenttime 2640.0
01:55:50.790 [main] INFO  AV.BMS -  OSD 00 currentime 2640.0
inside
01:55:51.831 [main] INFO  AV.BMS - obstacle distance 1866 currenttime 2660.0
01:55:51.831 [main] INFO  AV.BMS -  OSD 00 currentime 2660.0
inside
01:55:52.844 [main] INFO  AV.BMS - obstacle distance 1865 currenttime 2680.0
01:55:52.844 [main] INFO  AV.BMS -  OSD 00 currentime 2680.0
inside
01:55:53.850 [main] INFO  AV.BMS - obstacle distance 1864 currenttime 2700.0
01:55:53.850 [main] INFO  AV.BMS -  OSD 00 currentime 2700.0
inside
01:55:54.854 [main] INFO  AV.BMS - obstacle distance 1863 currenttime 2720.0
01:55:54.854 [main] INFO  AV.BMS -  OSD 00 currentime 2720.0
inside
01:55:55.962 [main] INFO  AV.BMS - obstacle distance 1862 currenttime 2740.0
01:55:55.962 [main] INFO  AV.BMS -  OSD 00 currentime 2740.0
inside
01:55:56.861 [main] INFO  AV.BMS - obstacle distance 1861 currenttime 2760.0
01:55:56.861 [main] INFO  AV.BMS -  OSD 00 currentime 2760.0
inside
01:55:57.875 [main] INFO  AV.BMS - obstacle distance 1860 currenttime 2780.0
01:55:57.875 [main] INFO  AV.BMS -  OSD 00 currentime 2780.0
inside
01:55:58.879 [main] INFO  AV.BMS - obstacle distance 1859 currenttime 2800.0
01:55:58.879 [main] INFO  AV.BMS -  OSD 00 currentime 2800.0
inside
01:55:59.879 [main] INFO  AV.BMS - obstacle distance 1858 currenttime 2820.0
01:55:59.879 [main] INFO  AV.BMS -  OSD 00 currentime 2820.0
inside
01:56:00.845 [main] INFO  AV.BMS - obstacle distance 1857 currenttime 2840.0
01:56:00.845 [main] INFO  AV.BMS -  OSD 00 currentime 2840.0
inside
01:56:01.876 [main] INFO  AV.BMS - obstacle distance 1856 currenttime 2860.0
01:56:01.876 [main] INFO  AV.BMS -  OSD 00 currentime 2860.0
inside
01:56:02.919 [main] INFO  AV.BMS - obstacle distance 1855 currenttime 2880.0
01:56:02.919 [main] INFO  AV.BMS -  OSD 00 currentime 2880.0
inside
01:56:03.905 [main] INFO  AV.BMS - obstacle distance 1854 currenttime 2900.0
01:56:03.905 [main] INFO  AV.BMS -  OSD 00 currentime 2900.0
inside
01:56:04.928 [main] INFO  AV.BMS - obstacle distance 1853 currenttime 2920.0
01:56:04.928 [main] INFO  AV.BMS -  OSD 00 currentime 2920.0
inside
01:56:05.929 [main] INFO  AV.BMS - obstacle distance 1852 currenttime 2940.0
01:56:05.929 [main] INFO  AV.BMS -  OSD 00 currentime 2940.0
inside
01:56:06.930 [main] INFO  AV.BMS - obstacle distance 1851 currenttime 2960.0
01:56:06.930 [main] INFO  AV.BMS -  OSD 00 currentime 2960.0
inside
01:56:07.926 [main] INFO  AV.BMS - obstacle distance 1850 currenttime 2980.0
01:56:07.929 [main] INFO  AV.BMS -  OSD 00 currentime 2980.0
inside
01:56:08.934 [main] INFO  AV.BMS - obstacle distance 1849 currenttime 3000.0
01:56:08.934 [main] INFO  AV.BMS -  OSD 00 currentime 3000.0
inside
01:56:09.915 [main] INFO  AV.BMS - obstacle distance 1848 currenttime 3020.0
01:56:09.915 [main] INFO  AV.BMS -  OSD 00 currentime 3020.0
inside
01:56:10.886 [main] INFO  AV.BMS - obstacle distance 1847 currenttime 3040.0
01:56:10.886 [main] INFO  AV.BMS -  OSD 00 currentime 3040.0
inside
01:56:11.881 [main] INFO  AV.BMS - obstacle distance 1846 currenttime 3060.0
01:56:11.881 [main] INFO  AV.BMS -  OSD 00 currentime 3060.0
inside
01:56:12.825 [main] INFO  AV.BMS - obstacle distance 1845 currenttime 3080.0
01:56:12.825 [main] INFO  AV.BMS -  OSD 00 currentime 3080.0
inside
01:56:13.813 [main] INFO  AV.BMS - obstacle distance 1844 currenttime 3100.0
01:56:13.813 [main] INFO  AV.BMS -  OSD 00 currentime 3100.0
inside
01:56:14.980 [main] INFO  AV.BMS - obstacle distance 1843 currenttime 3120.0
01:56:14.980 [main] INFO  AV.BMS -  OSD 00 currentime 3120.0
inside
01:56:15.973 [main] INFO  AV.BMS - obstacle distance 1842 currenttime 3140.0
01:56:15.973 [main] INFO  AV.BMS -  OSD 00 currentime 3140.0
inside
01:56:16.933 [main] INFO  AV.BMS - obstacle distance 1841 currenttime 3160.0
01:56:16.935 [main] INFO  AV.BMS -  OSD 00 currentime 3160.0
inside
01:56:17.991 [main] INFO  AV.BMS - obstacle distance 1840 currenttime 3180.0
01:56:17.992 [main] INFO  AV.BMS -  OSD 00 currentime 3180.0
inside
01:56:19.011 [main] INFO  AV.BMS - obstacle distance 1839 currenttime 3200.0
01:56:19.011 [main] INFO  AV.BMS -  OSD 00 currentime 3200.0
inside
01:56:19.980 [main] INFO  AV.BMS - obstacle distance 1838 currenttime 3220.0
01:56:19.982 [main] INFO  AV.BMS -  OSD 00 currentime 3220.0
inside
01:56:21.028 [main] INFO  AV.BMS - obstacle distance 1837 currenttime 3240.0
01:56:21.029 [main] INFO  AV.BMS -  OSD 00 currentime 3240.0
inside
01:56:21.943 [main] INFO  AV.BMS - obstacle distance 1836 currenttime 3260.0
01:56:21.943 [main] INFO  AV.BMS -  OSD 00 currentime 3260.0
inside
01:56:22.939 [main] INFO  AV.BMS - obstacle distance 1835 currenttime 3280.0
01:56:22.939 [main] INFO  AV.BMS -  OSD 00 currentime 3280.0
inside
01:56:23.931 [main] INFO  AV.BMS - obstacle distance 1834 currenttime 3300.0
01:56:23.931 [main] INFO  AV.BMS -  OSD 00 currentime 3300.0
inside
01:56:24.985 [main] INFO  AV.BMS - obstacle distance 1833 currenttime 3320.0
01:56:24.986 [main] INFO  AV.BMS -  OSD 00 currentime 3320.0
inside
01:56:25.981 [main] INFO  AV.BMS - obstacle distance 1832 currenttime 3340.0
01:56:25.981 [main] INFO  AV.BMS -  OSD 00 currentime 3340.0
inside
01:56:26.885 [main] INFO  AV.BMS - obstacle distance 1831 currenttime 3360.0
01:56:26.886 [main] INFO  AV.BMS -  OSD 00 currentime 3360.0
inside
01:56:27.891 [main] INFO  AV.BMS - obstacle distance 1830 currenttime 3380.0
01:56:27.891 [main] INFO  AV.BMS -  OSD 00 currentime 3380.0
inside
01:56:28.896 [main] INFO  AV.BMS - obstacle distance 1829 currenttime 3400.0
01:56:28.896 [main] INFO  AV.BMS -  OSD 00 currentime 3400.0
inside
01:56:29.913 [main] INFO  AV.BMS - obstacle distance 1828 currenttime 3420.0
01:56:29.914 [main] INFO  AV.BMS -  OSD 00 currentime 3420.0
inside
01:56:30.981 [main] INFO  AV.BMS - obstacle distance 1827 currenttime 3440.0
01:56:30.981 [main] INFO  AV.BMS -  OSD 00 currentime 3440.0
inside
01:56:32.453 [main] INFO  AV.BMS - obstacle distance 1826 currenttime 3460.0
01:56:32.453 [main] INFO  AV.BMS -  OSD 00 currentime 3460.0
inside
01:56:33.461 [main] INFO  AV.BMS - obstacle distance 1825 currenttime 3480.0
01:56:33.461 [main] INFO  AV.BMS -  OSD 00 currentime 3480.0
inside
01:56:34.625 [main] INFO  AV.BMS - obstacle distance 1824 currenttime 3500.0
01:56:34.625 [main] INFO  AV.BMS -  OSD 00 currentime 3500.0
inside
01:56:35.624 [main] INFO  AV.BMS - obstacle distance 1823 currenttime 3520.0
01:56:35.625 [main] INFO  AV.BMS -  OSD 00 currentime 3520.0
inside
01:56:36.607 [main] INFO  AV.BMS - obstacle distance 1822 currenttime 3540.0
01:56:36.608 [main] INFO  AV.BMS -  OSD 00 currentime 3540.0
inside
01:56:37.575 [main] INFO  AV.BMS - obstacle distance 1821 currenttime 3560.0
01:56:37.575 [main] INFO  AV.BMS -  OSD 00 currentime 3560.0
inside
01:56:38.563 [main] INFO  AV.BMS - obstacle distance 1820 currenttime 3580.0
01:56:38.564 [main] INFO  AV.BMS -  OSD 00 currentime 3580.0
inside
01:56:39.565 [main] INFO  AV.BMS - obstacle distance 1819 currenttime 3600.0
01:56:39.565 [main] INFO  AV.BMS -  OSD 00 currentime 3600.0
inside
01:56:40.560 [main] INFO  AV.BMS - obstacle distance 1818 currenttime 3620.0
01:56:40.560 [main] INFO  AV.BMS -  OSD 00 currentime 3620.0
inside
01:56:41.556 [main] INFO  AV.BMS - obstacle distance 1817 currenttime 3640.0
01:56:41.556 [main] INFO  AV.BMS -  OSD 00 currentime 3640.0
inside
01:56:42.557 [main] INFO  AV.BMS - obstacle distance 1816 currenttime 3660.0
01:56:42.557 [main] INFO  AV.BMS -  OSD 00 currentime 3660.0
inside
01:56:43.522 [main] INFO  AV.BMS - obstacle distance 1815 currenttime 3680.0
01:56:43.522 [main] INFO  AV.BMS -  OSD 00 currentime 3680.0
inside
01:56:44.524 [main] INFO  AV.BMS - obstacle distance 1814 currenttime 3700.0
01:56:44.524 [main] INFO  AV.BMS -  OSD 00 currentime 3700.0
inside
01:56:45.501 [main] INFO  AV.BMS - obstacle distance 1813 currenttime 3720.0
01:56:45.503 [main] INFO  AV.BMS -  OSD 00 currentime 3720.0
inside
01:56:46.466 [main] INFO  AV.BMS - obstacle distance 1812 currenttime 3740.0
01:56:46.466 [main] INFO  AV.BMS -  OSD 00 currentime 3740.0
inside
01:56:47.443 [main] INFO  AV.BMS - obstacle distance 1811 currenttime 3760.0
01:56:47.443 [main] INFO  AV.BMS -  OSD 00 currentime 3760.0
inside
01:56:48.411 [main] INFO  AV.BMS - obstacle distance 1810 currenttime 3780.0
01:56:48.411 [main] INFO  AV.BMS -  OSD 00 currentime 3780.0
inside
01:56:49.373 [main] INFO  AV.BMS - obstacle distance 1809 currenttime 3800.0
01:56:49.373 [main] INFO  AV.BMS -  OSD 00 currentime 3800.0
inside
01:56:50.422 [main] INFO  AV.BMS - obstacle distance 1808 currenttime 3820.0
01:56:50.422 [main] INFO  AV.BMS -  OSD 00 currentime 3820.0
inside
01:56:51.431 [main] INFO  AV.BMS - obstacle distance 1807 currenttime 3840.0
01:56:51.432 [main] INFO  AV.BMS -  OSD 00 currentime 3840.0
inside
01:56:52.391 [main] INFO  AV.BMS - obstacle distance 1806 currenttime 3860.0
01:56:52.392 [main] INFO  AV.BMS -  OSD 00 currentime 3860.0
inside
01:56:53.404 [main] INFO  AV.BMS - obstacle distance 1805 currenttime 3880.0
01:56:53.404 [main] INFO  AV.BMS -  OSD 00 currentime 3880.0
inside
01:56:54.506 [main] INFO  AV.BMS - obstacle distance 1804 currenttime 3900.0
01:56:54.507 [main] INFO  AV.BMS -  OSD 00 currentime 3900.0
inside
01:56:55.496 [main] INFO  AV.BMS - obstacle distance 1803 currenttime 3920.0
01:56:55.496 [main] INFO  AV.BMS -  OSD 00 currentime 3920.0
inside
01:56:56.538 [main] INFO  AV.BMS - obstacle distance 1802 currenttime 3940.0
01:56:56.539 [main] INFO  AV.BMS -  OSD 00 currentime 3940.0
inside
01:56:57.563 [main] INFO  AV.BMS - obstacle distance 1801 currenttime 3960.0
01:56:57.563 [main] INFO  AV.BMS -  OSD 00 currentime 3960.0
inside
01:56:58.567 [main] INFO  AV.BMS - obstacle distance 1800 currenttime 3980.0
01:56:58.567 [main] INFO  AV.BMS -  OSD 00 currentime 3980.0
inside
01:56:59.552 [main] INFO  AV.BMS - obstacle distance 1799 currenttime 4000.0
01:56:59.553 [main] INFO  AV.BMS -  OSD 00 currentime 4000.0
inside
01:57:00.543 [main] INFO  AV.BMS - obstacle distance 1798 currenttime 4020.0
01:57:00.543 [main] INFO  AV.BMS -  OSD 00 currentime 4020.0
inside
01:57:01.522 [main] INFO  AV.BMS - obstacle distance 1797 currenttime 4040.0
01:57:01.522 [main] INFO  AV.BMS -  OSD 00 currentime 4040.0
inside
01:57:02.551 [main] INFO  AV.BMS - obstacle distance 1796 currenttime 4060.0
01:57:02.551 [main] INFO  AV.BMS -  OSD 00 currentime 4060.0
inside
01:57:03.533 [main] INFO  AV.BMS - obstacle distance 1795 currenttime 4080.0
01:57:03.533 [main] INFO  AV.BMS -  OSD 00 currentime 4080.0
inside
01:57:04.626 [main] INFO  AV.BMS - obstacle distance 1794 currenttime 4100.0
01:57:04.626 [main] INFO  AV.BMS -  OSD 00 currentime 4100.0
inside
01:57:05.667 [main] INFO  AV.BMS - obstacle distance 1793 currenttime 4120.0
01:57:05.667 [main] INFO  AV.BMS -  OSD 00 currentime 4120.0
inside
01:57:06.672 [main] INFO  AV.BMS - obstacle distance 1792 currenttime 4140.0
01:57:06.673 [main] INFO  AV.BMS -  OSD 00 currentime 4140.0
inside
01:57:07.597 [main] INFO  AV.BMS - obstacle distance 1791 currenttime 4160.0
01:57:07.598 [main] INFO  AV.BMS -  OSD 00 currentime 4160.0
inside
01:57:08.589 [main] INFO  AV.BMS - obstacle distance 1790 currenttime 4180.0
01:57:08.589 [main] INFO  AV.BMS -  OSD 00 currentime 4180.0
inside
01:57:09.561 [main] INFO  AV.BMS - obstacle distance 1789 currenttime 4200.0
01:57:09.561 [main] INFO  AV.BMS -  OSD 00 currentime 4200.0
inside
01:57:10.586 [main] INFO  AV.BMS - obstacle distance 1788 currenttime 4220.0
01:57:10.586 [main] INFO  AV.BMS -  OSD 00 currentime 4220.0
inside
01:57:11.572 [main] INFO  AV.BMS - obstacle distance 1787 currenttime 4240.0
01:57:11.572 [main] INFO  AV.BMS -  OSD 00 currentime 4240.0
inside
01:57:12.528 [main] INFO  AV.BMS - obstacle distance 1786 currenttime 4260.0
01:57:12.529 [main] INFO  AV.BMS -  OSD 00 currentime 4260.0
inside
01:57:13.481 [main] INFO  AV.BMS - obstacle distance 1785 currenttime 4280.0
01:57:13.481 [main] INFO  AV.BMS -  OSD 00 currentime 4280.0
inside
01:57:14.492 [main] INFO  AV.BMS - obstacle distance 1784 currenttime 4300.0
01:57:14.492 [main] INFO  AV.BMS -  OSD 00 currentime 4300.0
inside
01:57:15.635 [main] INFO  AV.BMS - obstacle distance 1783 currenttime 4320.0
01:57:15.635 [main] INFO  AV.BMS -  OSD 00 currentime 4320.0
inside
01:57:16.608 [main] INFO  AV.BMS - obstacle distance 1782 currenttime 4340.0
01:57:16.608 [main] INFO  AV.BMS -  OSD 00 currentime 4340.0
inside
01:57:17.613 [main] INFO  AV.BMS - obstacle distance 1781 currenttime 4360.0
01:57:17.613 [main] INFO  AV.BMS -  OSD 00 currentime 4360.0
inside
01:57:18.557 [main] INFO  AV.BMS - obstacle distance 1780 currenttime 4380.0
01:57:18.557 [main] INFO  AV.BMS -  OSD 00 currentime 4380.0
inside
01:57:19.532 [main] INFO  AV.BMS - obstacle distance 1779 currenttime 4400.0
01:57:19.544 [main] INFO  AV.BMS -  OSD 00 currentime 4400.0
inside
01:57:20.521 [main] INFO  AV.BMS - obstacle distance 1778 currenttime 4420.0
01:57:20.522 [main] INFO  AV.BMS -  OSD 00 currentime 4420.0
inside
01:57:21.479 [main] INFO  AV.BMS - obstacle distance 1777 currenttime 4440.0
01:57:21.480 [main] INFO  AV.BMS -  OSD 00 currentime 4440.0
inside
01:57:22.462 [main] INFO  AV.BMS - obstacle distance 1776 currenttime 4460.0
01:57:22.463 [main] INFO  AV.BMS -  OSD 00 currentime 4460.0
inside
01:57:23.430 [main] INFO  AV.BMS - obstacle distance 1775 currenttime 4480.0
01:57:23.430 [main] INFO  AV.BMS -  OSD 00 currentime 4480.0
inside
01:57:24.390 [main] INFO  AV.BMS - obstacle distance 1774 currenttime 4500.0
01:57:24.391 [main] INFO  AV.BMS -  OSD 00 currentime 4500.0
inside
01:57:25.342 [main] INFO  AV.BMS - obstacle distance 1773 currenttime 4520.0
01:57:25.342 [main] INFO  AV.BMS -  OSD 00 currentime 4520.0
inside
01:57:26.289 [main] INFO  AV.BMS - obstacle distance 1772 currenttime 4540.0
01:57:26.289 [main] INFO  AV.BMS -  OSD 00 currentime 4540.0
inside
01:57:27.250 [main] INFO  AV.BMS - obstacle distance 1771 currenttime 4560.0
01:57:27.250 [main] INFO  AV.BMS -  OSD 00 currentime 4560.0
inside
01:57:28.245 [main] INFO  AV.BMS - obstacle distance 1770 currenttime 4580.0
01:57:28.245 [main] INFO  AV.BMS -  OSD 00 currentime 4580.0
inside
01:57:29.265 [main] INFO  AV.BMS - obstacle distance 1769 currenttime 4600.0
01:57:29.265 [main] INFO  AV.BMS -  OSD 00 currentime 4600.0
inside
01:57:30.266 [main] INFO  AV.BMS - obstacle distance 1768 currenttime 4620.0
01:57:30.266 [main] INFO  AV.BMS -  OSD 00 currentime 4620.0
inside
01:57:31.262 [main] INFO  AV.BMS - obstacle distance 1767 currenttime 4640.0
01:57:31.263 [main] INFO  AV.BMS -  OSD 00 currentime 4640.0
inside
01:57:32.297 [main] INFO  AV.BMS - obstacle distance 1766 currenttime 4660.0
01:57:32.297 [main] INFO  AV.BMS -  OSD 00 currentime 4660.0
inside
01:57:33.248 [main] INFO  AV.BMS - obstacle distance 1765 currenttime 4680.0
01:57:33.249 [main] INFO  AV.BMS -  OSD 00 currentime 4680.0
inside
01:57:34.226 [main] INFO  AV.BMS - obstacle distance 1764 currenttime 4700.0
01:57:34.226 [main] INFO  AV.BMS -  OSD 00 currentime 4700.0
inside
01:57:35.207 [main] INFO  AV.BMS - obstacle distance 1763 currenttime 4720.0
01:57:35.207 [main] INFO  AV.BMS -  OSD 00 currentime 4720.0
inside
01:57:36.225 [main] INFO  AV.BMS - obstacle distance 1762 currenttime 4740.0
01:57:36.225 [main] INFO  AV.BMS -  OSD 00 currentime 4740.0
inside
01:57:37.475 [main] INFO  AV.BMS - obstacle distance 1761 currenttime 4760.0
01:57:37.475 [main] INFO  AV.BMS -  OSD 00 currentime 4760.0
inside
01:57:38.434 [main] INFO  AV.BMS - obstacle distance 1760 currenttime 4780.0
01:57:38.434 [main] INFO  AV.BMS -  OSD 00 currentime 4780.0
inside
01:57:39.422 [main] INFO  AV.BMS - obstacle distance 1759 currenttime 4800.0
01:57:39.423 [main] INFO  AV.BMS -  OSD 00 currentime 4800.0
inside
01:57:40.420 [main] INFO  AV.BMS - obstacle distance 1758 currenttime 4820.0
01:57:40.420 [main] INFO  AV.BMS -  OSD 00 currentime 4820.0
inside
01:57:41.444 [main] INFO  AV.BMS - obstacle distance 1757 currenttime 4840.0
01:57:41.445 [main] INFO  AV.BMS -  OSD 00 currentime 4840.0
inside
01:57:42.430 [main] INFO  AV.BMS - obstacle distance 1756 currenttime 4860.0
01:57:42.430 [main] INFO  AV.BMS -  OSD 00 currentime 4860.0
inside
01:57:43.441 [main] INFO  AV.BMS - obstacle distance 1755 currenttime 4880.0
01:57:43.441 [main] INFO  AV.BMS -  OSD 00 currentime 4880.0
inside
01:57:44.437 [main] INFO  AV.BMS - obstacle distance 1754 currenttime 4900.0
01:57:44.437 [main] INFO  AV.BMS -  OSD 00 currentime 4900.0
inside
01:57:45.441 [main] INFO  AV.BMS - obstacle distance 1753 currenttime 4920.0
01:57:45.441 [main] INFO  AV.BMS -  OSD 00 currentime 4920.0
inside
01:57:46.434 [main] INFO  AV.BMS - obstacle distance 1752 currenttime 4940.0
01:57:46.434 [main] INFO  AV.BMS -  OSD 00 currentime 4940.0
inside
01:57:47.419 [main] INFO  AV.BMS - obstacle distance 1751 currenttime 4960.0
01:57:47.419 [main] INFO  AV.BMS -  OSD 00 currentime 4960.0
inside
01:57:48.383 [main] INFO  AV.BMS - obstacle distance 1750 currenttime 4980.0
01:57:48.383 [main] INFO  AV.BMS -  OSD 00 currentime 4980.0
inside
01:57:49.391 [main] INFO  AV.BMS - obstacle distance 1749 currenttime 5000.0
01:57:49.391 [main] INFO  AV.BMS -  OSD 00 currentime 5000.0
inside
01:57:50.371 [main] INFO  AV.BMS - obstacle distance 1748 currenttime 5020.0
01:57:50.371 [main] INFO  AV.BMS -  OSD 00 currentime 5020.0
inside
01:57:51.376 [main] INFO  AV.BMS - obstacle distance 1747 currenttime 5040.0
01:57:51.377 [main] INFO  AV.BMS -  OSD 00 currentime 5040.0
inside
01:57:52.380 [main] INFO  AV.BMS - obstacle distance 1746 currenttime 5060.0
01:57:52.382 [main] INFO  AV.BMS -  OSD 00 currentime 5060.0
inside
01:57:53.374 [main] INFO  AV.BMS - obstacle distance 1745 currenttime 5080.0
01:57:53.374 [main] INFO  AV.BMS -  OSD 00 currentime 5080.0
inside
01:57:54.365 [main] INFO  AV.BMS - obstacle distance 1744 currenttime 5100.0
01:57:54.366 [main] INFO  AV.BMS -  OSD 00 currentime 5100.0
inside
01:57:55.357 [main] INFO  AV.BMS - obstacle distance 1743 currenttime 5120.0
01:57:55.357 [main] INFO  AV.BMS -  OSD 00 currentime 5120.0
inside
01:57:56.354 [main] INFO  AV.BMS - obstacle distance 1742 currenttime 5140.0
01:57:56.354 [main] INFO  AV.BMS -  OSD 00 currentime 5140.0
inside
01:57:57.375 [main] INFO  AV.BMS - obstacle distance 1741 currenttime 5160.0
01:57:57.375 [main] INFO  AV.BMS -  OSD 00 currentime 5160.0
inside
01:57:58.334 [main] INFO  AV.BMS - obstacle distance 1740 currenttime 5180.0
01:57:58.334 [main] INFO  AV.BMS -  OSD 00 currentime 5180.0
inside
01:57:59.500 [main] INFO  AV.BMS - obstacle distance 1739 currenttime 5200.0
01:57:59.500 [main] INFO  AV.BMS -  OSD 00 currentime 5200.0
inside
01:58:00.513 [main] INFO  AV.BMS - obstacle distance 1738 currenttime 5220.0
01:58:00.513 [main] INFO  AV.BMS -  OSD 00 currentime 5220.0
inside
01:58:01.549 [main] INFO  AV.BMS - obstacle distance 1737 currenttime 5240.0
01:58:01.549 [main] INFO  AV.BMS -  OSD 00 currentime 5240.0
inside
01:58:02.583 [main] INFO  AV.BMS - obstacle distance 1736 currenttime 5260.0
01:58:02.583 [main] INFO  AV.BMS -  OSD 00 currentime 5260.0
01:58:02.647 [main] INFO  org.cpswt.hla.SynchronizedFederate - BMS-e17d07fc-c20d-4911-a598-5073c40ed290: SimEnd interaction received, exiting...
01:58:02.648 [main] INFO  org.cpswt.hla.SynchronizedFederate - Exiting gracefully ....
01:58:07.764 [main] INFO  AV.BMS - Done.
