
-------------------------------------------------------------------
GMS: address=vagrant-62192, cluster=AV, physical address=10.0.2.15:41255
-------------------------------------------------------------------
01:12:28.550 [main] INFO  AV.BMS - waiting on readyToPopulate...
01:12:56.737 [main] INFO  AV.BMS - ...synchronized on readyToPopulate
01:12:56.738 [main] INFO  AV.BMS - waiting on readyToRun...
01:12:56.989 [main] INFO  AV.BMS - ...synchronized on readyToRun
01:12:56.992 [main] INFO  AV.BMS - started logical time progression
inside
01:12:58.224 [main] INFO  AV.BMS - obstacle distance 1999 currenttime 2.0
inside
01:12:58.959 [main] INFO  AV.BMS - obstacle distance 1998 currenttime 12.0
inside
01:12:59.701 [main] INFO  AV.BMS - obstacle distance 1997 currenttime 22.0
inside
01:13:00.413 [main] INFO  AV.BMS - obstacle distance 1996 currenttime 32.0
inside
01:13:01.130 [main] INFO  AV.BMS - obstacle distance 1995 currenttime 42.0
inside
01:13:01.788 [main] INFO  AV.BMS - obstacle distance 1994 currenttime 52.0
inside
01:13:02.426 [main] INFO  AV.BMS - obstacle distance 1993 currenttime 62.0
inside
01:13:03.120 [main] INFO  AV.BMS - obstacle distance 1992 currenttime 72.0
inside
01:13:03.756 [main] INFO  AV.BMS - obstacle distance 1991 currenttime 82.0
inside
01:13:04.351 [main] INFO  AV.BMS - obstacle distance 1990 currenttime 92.0
inside
01:13:05.021 [main] INFO  AV.BMS - obstacle distance 1989 currenttime 102.0
inside
01:13:05.601 [main] INFO  AV.BMS - obstacle distance 1988 currenttime 112.0
inside
01:13:06.100 [main] INFO  AV.BMS - obstacle distance 1987 currenttime 122.0
inside
01:13:06.682 [main] INFO  AV.BMS - obstacle distance 1986 currenttime 132.0
inside
01:13:07.250 [main] INFO  AV.BMS - obstacle distance 1985 currenttime 142.0
inside
01:13:07.829 [main] INFO  AV.BMS - obstacle distance 1984 currenttime 152.0
inside
01:13:08.485 [main] INFO  AV.BMS - obstacle distance 1983 currenttime 162.0
inside
01:13:09.725 [main] INFO  AV.BMS - obstacle distance 1982 currenttime 172.0
inside
01:13:10.448 [main] INFO  AV.BMS - obstacle distance 1981 currenttime 182.0
inside
01:13:11.030 [main] INFO  AV.BMS - obstacle distance 1980 currenttime 192.0
inside
01:13:11.663 [main] INFO  AV.BMS - obstacle distance 1979 currenttime 202.0
inside
01:13:12.215 [main] INFO  AV.BMS - obstacle distance 1978 currenttime 212.0
inside
01:13:12.728 [main] INFO  AV.BMS - obstacle distance 1977 currenttime 222.0
inside
01:13:13.274 [main] INFO  AV.BMS - obstacle distance 1976 currenttime 232.0
inside
01:13:13.908 [main] INFO  AV.BMS - obstacle distance 1975 currenttime 242.0
inside
01:13:14.466 [main] INFO  AV.BMS - obstacle distance 1974 currenttime 252.0
inside
01:13:15.078 [main] INFO  AV.BMS - obstacle distance 1973 currenttime 262.0
inside
01:13:15.574 [main] INFO  AV.BMS - obstacle distance 1972 currenttime 272.0
inside
01:13:16.168 [main] INFO  AV.BMS - obstacle distance 1971 currenttime 282.0
inside
01:13:16.704 [main] INFO  AV.BMS - obstacle distance 1970 currenttime 292.0
inside
01:13:17.319 [main] INFO  AV.BMS - obstacle distance 1969 currenttime 302.0
inside
01:13:17.813 [main] INFO  AV.BMS - obstacle distance 1968 currenttime 312.0
inside
01:13:18.364 [main] INFO  AV.BMS - obstacle distance 1967 currenttime 322.0
inside
01:13:18.856 [main] INFO  AV.BMS - obstacle distance 1966 currenttime 332.0
inside
01:13:19.391 [main] INFO  AV.BMS - obstacle distance 1965 currenttime 342.0
inside
01:13:19.898 [main] INFO  AV.BMS - obstacle distance 1964 currenttime 352.0
inside
01:13:20.414 [main] INFO  AV.BMS - obstacle distance 1963 currenttime 362.0
inside
01:13:20.951 [main] INFO  AV.BMS - obstacle distance 1962 currenttime 372.0
inside
01:13:21.473 [main] INFO  AV.BMS - obstacle distance 1961 currenttime 382.0
inside
01:13:22.013 [main] INFO  AV.BMS - obstacle distance 1960 currenttime 392.0
inside
01:13:22.603 [main] INFO  AV.BMS - obstacle distance 1959 currenttime 402.0
inside
01:13:23.132 [main] INFO  AV.BMS - obstacle distance 1958 currenttime 412.0
inside
01:13:23.666 [main] INFO  AV.BMS - obstacle distance 1957 currenttime 422.0
inside
01:13:24.200 [main] INFO  AV.BMS - obstacle distance 1956 currenttime 432.0
inside
01:13:24.722 [main] INFO  AV.BMS - obstacle distance 1955 currenttime 442.0
inside
01:13:25.217 [main] INFO  AV.BMS - obstacle distance 1954 currenttime 452.0
inside
01:13:25.722 [main] INFO  AV.BMS - obstacle distance 1953 currenttime 462.0
inside
01:13:26.237 [main] INFO  AV.BMS - obstacle distance 1952 currenttime 472.0
inside
01:13:26.735 [main] INFO  AV.BMS - obstacle distance 1951 currenttime 482.0
inside
01:13:27.238 [main] INFO  AV.BMS - obstacle distance 1950 currenttime 492.0
inside
01:13:27.750 [main] INFO  AV.BMS - obstacle distance 1949 currenttime 502.0
inside
01:13:28.247 [main] INFO  AV.BMS - obstacle distance 1948 currenttime 512.0
inside
01:13:28.913 [main] INFO  AV.BMS - obstacle distance 1947 currenttime 522.0
inside
01:13:29.408 [main] INFO  AV.BMS - obstacle distance 1946 currenttime 532.0
inside
01:13:29.867 [main] INFO  AV.BMS - obstacle distance 1945 currenttime 542.0
inside
01:13:30.345 [main] INFO  AV.BMS - obstacle distance 1944 currenttime 552.0
inside
01:13:30.864 [main] INFO  AV.BMS - obstacle distance 1943 currenttime 562.0
inside
01:13:31.390 [main] INFO  AV.BMS - obstacle distance 1942 currenttime 572.0
inside
01:13:31.896 [main] INFO  AV.BMS - obstacle distance 1941 currenttime 582.0
inside
01:13:32.387 [main] INFO  AV.BMS - obstacle distance 1940 currenttime 592.0
inside
01:13:32.875 [main] INFO  AV.BMS - obstacle distance 1939 currenttime 602.0
inside
01:13:33.365 [main] INFO  AV.BMS - obstacle distance 1938 currenttime 612.0
inside
01:13:33.878 [main] INFO  AV.BMS - obstacle distance 1937 currenttime 622.0
inside
01:13:34.383 [main] INFO  AV.BMS - obstacle distance 1936 currenttime 632.0
inside
01:13:34.923 [main] INFO  AV.BMS - obstacle distance 1935 currenttime 642.0
inside
01:13:35.406 [main] INFO  AV.BMS - obstacle distance 1934 currenttime 652.0
inside
01:13:35.919 [main] INFO  AV.BMS - obstacle distance 1933 currenttime 662.0
inside
01:13:36.441 [main] INFO  AV.BMS - obstacle distance 1932 currenttime 672.0
inside
01:13:37.152 [main] INFO  AV.BMS - obstacle distance 1931 currenttime 682.0
inside
01:13:37.669 [main] INFO  AV.BMS - obstacle distance 1930 currenttime 692.0
inside
01:13:38.205 [main] INFO  AV.BMS - obstacle distance 1929 currenttime 702.0
inside
01:13:38.731 [main] INFO  AV.BMS - obstacle distance 1928 currenttime 712.0
inside
01:13:39.245 [main] INFO  AV.BMS - obstacle distance 1927 currenttime 722.0
inside
01:13:39.761 [main] INFO  AV.BMS - obstacle distance 1926 currenttime 732.0
inside
01:13:40.288 [main] INFO  AV.BMS - obstacle distance 1925 currenttime 742.0
inside
01:13:40.809 [main] INFO  AV.BMS - obstacle distance 1924 currenttime 752.0
inside
01:13:41.334 [main] INFO  AV.BMS - obstacle distance 1923 currenttime 762.0
inside
01:13:41.821 [main] INFO  AV.BMS - obstacle distance 1922 currenttime 772.0
inside
01:13:42.327 [main] INFO  AV.BMS - obstacle distance 1921 currenttime 782.0
inside
01:13:42.807 [main] INFO  AV.BMS - obstacle distance 1920 currenttime 792.0
inside
01:13:43.328 [main] INFO  AV.BMS - obstacle distance 1919 currenttime 802.0
inside
01:13:43.838 [main] INFO  AV.BMS - obstacle distance 1918 currenttime 812.0
inside
01:13:44.333 [main] INFO  AV.BMS - obstacle distance 1917 currenttime 822.0
inside
01:13:44.841 [main] INFO  AV.BMS - obstacle distance 1916 currenttime 832.0
inside
01:13:45.356 [main] INFO  AV.BMS - obstacle distance 1915 currenttime 842.0
inside
01:13:45.873 [main] INFO  AV.BMS - obstacle distance 1914 currenttime 852.0
inside
01:13:46.531 [main] INFO  AV.BMS - obstacle distance 1913 currenttime 862.0
inside
01:13:47.007 [main] INFO  AV.BMS - obstacle distance 1912 currenttime 872.0
inside
01:13:47.515 [main] INFO  AV.BMS - obstacle distance 1911 currenttime 882.0
inside
01:13:48.028 [main] INFO  AV.BMS - obstacle distance 1910 currenttime 892.0
inside
01:13:48.567 [main] INFO  AV.BMS - obstacle distance 1909 currenttime 902.0
inside
01:13:49.075 [main] INFO  AV.BMS - obstacle distance 1908 currenttime 912.0
inside
01:13:49.604 [main] INFO  AV.BMS - obstacle distance 1907 currenttime 922.0
inside
01:13:50.155 [main] INFO  AV.BMS - obstacle distance 1906 currenttime 932.0
inside
01:13:50.641 [main] INFO  AV.BMS - obstacle distance 1905 currenttime 942.0
inside
01:13:51.153 [main] INFO  AV.BMS - obstacle distance 1904 currenttime 952.0
inside
01:13:51.669 [main] INFO  AV.BMS - obstacle distance 1903 currenttime 962.0
inside
01:13:52.183 [main] INFO  AV.BMS - obstacle distance 1902 currenttime 972.0
inside
01:13:52.689 [main] INFO  AV.BMS - obstacle distance 1901 currenttime 982.0
inside
01:13:53.177 [main] INFO  AV.BMS - obstacle distance 1900 currenttime 992.0
inside
01:13:53.679 [main] INFO  AV.BMS - obstacle distance 1899 currenttime 1002.0
inside
01:13:54.208 [main] INFO  AV.BMS - obstacle distance 1898 currenttime 1012.0
inside
01:13:54.700 [main] INFO  AV.BMS - obstacle distance 1897 currenttime 1022.0
inside
01:13:55.217 [main] INFO  AV.BMS - obstacle distance 1896 currenttime 1032.0
inside
01:13:55.733 [main] INFO  AV.BMS - obstacle distance 1895 currenttime 1042.0
inside
01:13:56.223 [main] INFO  AV.BMS - obstacle distance 1894 currenttime 1052.0
inside
01:13:56.698 [main] INFO  AV.BMS - obstacle distance 1893 currenttime 1062.0
inside
01:13:57.196 [main] INFO  AV.BMS - obstacle distance 1892 currenttime 1072.0
inside
01:13:57.830 [main] INFO  AV.BMS - obstacle distance 1891 currenttime 1082.0
inside
01:13:58.344 [main] INFO  AV.BMS - obstacle distance 1890 currenttime 1092.0
inside
01:13:58.854 [main] INFO  AV.BMS - obstacle distance 1889 currenttime 1102.0
inside
01:13:59.359 [main] INFO  AV.BMS - obstacle distance 1888 currenttime 1112.0
inside
01:13:59.858 [main] INFO  AV.BMS - obstacle distance 1887 currenttime 1122.0
inside
01:14:00.363 [main] INFO  AV.BMS - obstacle distance 1886 currenttime 1132.0
inside
01:14:00.908 [main] INFO  AV.BMS - obstacle distance 1885 currenttime 1142.0
inside
01:14:01.418 [main] INFO  AV.BMS - obstacle distance 1884 currenttime 1152.0
inside
01:14:01.955 [main] INFO  AV.BMS - obstacle distance 1883 currenttime 1162.0
inside
01:14:02.491 [main] INFO  AV.BMS - obstacle distance 1882 currenttime 1172.0
inside
01:14:02.998 [main] INFO  AV.BMS - obstacle distance 1881 currenttime 1182.0
inside
01:14:03.516 [main] INFO  AV.BMS - obstacle distance 1880 currenttime 1192.0
inside
01:14:04.021 [main] INFO  AV.BMS - obstacle distance 1879 currenttime 1202.0
inside
01:14:04.510 [main] INFO  AV.BMS - obstacle distance 1878 currenttime 1212.0
inside
01:14:05.022 [main] INFO  AV.BMS - obstacle distance 1877 currenttime 1222.0
inside
01:14:05.567 [main] INFO  AV.BMS - obstacle distance 1876 currenttime 1232.0
inside
01:14:06.077 [main] INFO  AV.BMS - obstacle distance 1875 currenttime 1242.0
inside
01:14:06.578 [main] INFO  AV.BMS - obstacle distance 1874 currenttime 1252.0
inside
01:14:07.090 [main] INFO  AV.BMS - obstacle distance 1873 currenttime 1262.0
inside
01:14:07.585 [main] INFO  AV.BMS - obstacle distance 1872 currenttime 1272.0
inside
01:14:08.073 [main] INFO  AV.BMS - obstacle distance 1871 currenttime 1282.0
inside
01:14:08.598 [main] INFO  AV.BMS - obstacle distance 1870 currenttime 1292.0
inside
01:14:09.173 [main] INFO  AV.BMS - obstacle distance 1869 currenttime 1302.0
inside
01:14:09.699 [main] INFO  AV.BMS - obstacle distance 1868 currenttime 1312.0
inside
01:14:10.191 [main] INFO  AV.BMS - obstacle distance 1867 currenttime 1322.0
inside
01:14:10.688 [main] INFO  AV.BMS - obstacle distance 1866 currenttime 1332.0
inside
01:14:11.224 [main] INFO  AV.BMS - obstacle distance 1865 currenttime 1342.0
inside
01:14:11.702 [main] INFO  AV.BMS - obstacle distance 1864 currenttime 1352.0
inside
01:14:12.195 [main] INFO  AV.BMS - obstacle distance 1863 currenttime 1362.0
inside
01:14:12.690 [main] INFO  AV.BMS - obstacle distance 1862 currenttime 1372.0
inside
01:14:13.189 [main] INFO  AV.BMS - obstacle distance 1861 currenttime 1382.0
inside
01:14:13.661 [main] INFO  AV.BMS - obstacle distance 1860 currenttime 1392.0
inside
01:14:14.173 [main] INFO  AV.BMS - obstacle distance 1859 currenttime 1402.0
inside
01:14:14.692 [main] INFO  AV.BMS - obstacle distance 1858 currenttime 1412.0
inside
01:14:15.194 [main] INFO  AV.BMS - obstacle distance 1857 currenttime 1422.0
inside
01:14:15.702 [main] INFO  AV.BMS - obstacle distance 1856 currenttime 1432.0
inside
01:14:16.177 [main] INFO  AV.BMS - obstacle distance 1855 currenttime 1442.0
inside
01:14:16.679 [main] INFO  AV.BMS - obstacle distance 1854 currenttime 1452.0
inside
01:14:17.159 [main] INFO  AV.BMS - obstacle distance 1853 currenttime 1462.0
inside
01:14:17.644 [main] INFO  AV.BMS - obstacle distance 1852 currenttime 1472.0
inside
01:14:18.137 [main] INFO  AV.BMS - obstacle distance 1851 currenttime 1482.0
inside
01:14:18.614 [main] INFO  AV.BMS - obstacle distance 1850 currenttime 1492.0
inside
01:14:19.090 [main] INFO  AV.BMS - obstacle distance 1849 currenttime 1502.0
inside
01:14:19.591 [main] INFO  AV.BMS - obstacle distance 1848 currenttime 1512.0
inside
01:14:20.091 [main] INFO  AV.BMS - obstacle distance 1847 currenttime 1522.0
inside
01:14:20.570 [main] INFO  AV.BMS - obstacle distance 1846 currenttime 1532.0
inside
01:14:21.098 [main] INFO  AV.BMS - obstacle distance 1845 currenttime 1542.0
inside
01:14:21.728 [main] INFO  AV.BMS - obstacle distance 1844 currenttime 1552.0
inside
01:14:22.245 [main] INFO  AV.BMS - obstacle distance 1843 currenttime 1562.0
inside
01:14:22.739 [main] INFO  AV.BMS - obstacle distance 1842 currenttime 1572.0
inside
01:14:23.197 [main] INFO  AV.BMS - obstacle distance 1841 currenttime 1582.0
inside
01:14:23.692 [main] INFO  AV.BMS - obstacle distance 1840 currenttime 1592.0
inside
01:14:24.187 [main] INFO  AV.BMS - obstacle distance 1839 currenttime 1602.0
inside
01:14:24.686 [main] INFO  AV.BMS - obstacle distance 1838 currenttime 1612.0
inside
01:14:25.163 [main] INFO  AV.BMS - obstacle distance 1837 currenttime 1622.0
inside
01:14:25.636 [main] INFO  AV.BMS - obstacle distance 1836 currenttime 1632.0
inside
01:14:26.098 [main] INFO  AV.BMS - obstacle distance 1835 currenttime 1642.0
inside
01:14:26.589 [main] INFO  AV.BMS - obstacle distance 1834 currenttime 1652.0
inside
01:14:27.070 [main] INFO  AV.BMS - obstacle distance 1833 currenttime 1662.0
inside
01:14:27.559 [main] INFO  AV.BMS - obstacle distance 1832 currenttime 1672.0
inside
01:14:28.032 [main] INFO  AV.BMS - obstacle distance 1831 currenttime 1682.0
inside
01:14:28.522 [main] INFO  AV.BMS - obstacle distance 1830 currenttime 1692.0
inside
01:14:29.011 [main] INFO  AV.BMS - obstacle distance 1829 currenttime 1702.0
inside
01:14:29.514 [main] INFO  AV.BMS - obstacle distance 1828 currenttime 1712.0
inside
01:14:30.015 [main] INFO  AV.BMS - obstacle distance 1827 currenttime 1722.0
inside
01:14:30.508 [main] INFO  AV.BMS - obstacle distance 1826 currenttime 1732.0
inside
01:14:30.997 [main] INFO  AV.BMS - obstacle distance 1825 currenttime 1742.0
inside
01:14:31.473 [main] INFO  AV.BMS - obstacle distance 1824 currenttime 1752.0
inside
01:14:31.943 [main] INFO  AV.BMS - obstacle distance 1823 currenttime 1762.0
inside
01:14:32.438 [main] INFO  AV.BMS - obstacle distance 1822 currenttime 1772.0
inside
01:14:32.938 [main] INFO  AV.BMS - obstacle distance 1821 currenttime 1782.0
inside
01:14:33.447 [main] INFO  AV.BMS - obstacle distance 1820 currenttime 1792.0
inside
01:14:34.073 [main] INFO  AV.BMS - obstacle distance 1819 currenttime 1802.0
inside
01:14:34.583 [main] INFO  AV.BMS - obstacle distance 1818 currenttime 1812.0
inside
01:14:35.090 [main] INFO  AV.BMS - obstacle distance 1817 currenttime 1822.0
inside
01:14:35.580 [main] INFO  AV.BMS - obstacle distance 1816 currenttime 1832.0
inside
01:14:36.078 [main] INFO  AV.BMS - obstacle distance 1815 currenttime 1842.0
inside
01:14:36.596 [main] INFO  AV.BMS - obstacle distance 1814 currenttime 1852.0
inside
01:14:37.113 [main] INFO  AV.BMS - obstacle distance 1813 currenttime 1862.0
inside
01:14:37.632 [main] INFO  AV.BMS - obstacle distance 1812 currenttime 1872.0
inside
01:14:38.150 [main] INFO  AV.BMS - obstacle distance 1811 currenttime 1882.0
inside
01:14:38.652 [main] INFO  AV.BMS - obstacle distance 1810 currenttime 1892.0
inside
01:14:39.153 [main] INFO  AV.BMS - obstacle distance 1809 currenttime 1902.0
inside
01:14:39.631 [main] INFO  AV.BMS - obstacle distance 1808 currenttime 1912.0
inside
01:14:40.154 [main] INFO  AV.BMS - obstacle distance 1807 currenttime 1922.0
inside
01:14:40.698 [main] INFO  AV.BMS - obstacle distance 1806 currenttime 1932.0
inside
01:14:41.210 [main] INFO  AV.BMS - obstacle distance 1805 currenttime 1942.0
inside
01:14:41.707 [main] INFO  AV.BMS - obstacle distance 1804 currenttime 1952.0
inside
01:14:42.245 [main] INFO  AV.BMS - obstacle distance 1803 currenttime 1962.0
inside
01:14:42.761 [main] INFO  AV.BMS - obstacle distance 1802 currenttime 1972.0
inside
01:14:43.258 [main] INFO  AV.BMS - obstacle distance 1801 currenttime 1982.0
inside
01:14:43.765 [main] INFO  AV.BMS - obstacle distance 1800 currenttime 1992.0
01:14:44.234 [main] INFO  org.cpswt.hla.SynchronizedFederate - BMS-ed6c8a9a-74ae-4fd3-a101-cf1414193dca: SimEnd interaction received, exiting...
01:14:44.235 [main] INFO  org.cpswt.hla.SynchronizedFederate - Exiting gracefully ....
01:14:49.304 [main] INFO  AV.BMS - Done.
