
-------------------------------------------------------------------
GMS: address=vagrant-33738, cluster=AV, physical address=10.0.2.15:46126
-------------------------------------------------------------------
15:51:05.190 [main] INFO  AV.BMS - waiting on readyToPopulate...
15:51:26.667 [main] INFO  AV.BMS - ...synchronized on readyToPopulate
15:51:26.667 [main] INFO  AV.BMS - waiting on readyToRun...
15:51:26.919 [main] INFO  AV.BMS - ...synchronized on readyToRun
15:51:26.922 [main] INFO  AV.BMS - started logical time progression
obstacle not detected currenttime 0.0
print string boolean 0
15:51:26.924 [main] INFO  AV.BMS -  OSD 00 currentime 0.0
obstacle not detected currenttime 20.0
print string boolean 0
15:51:28.832 [main] INFO  AV.BMS -  OSD 00 currentime 20.0
obstacle not detected currenttime 40.0
print string boolean 0
15:51:29.921 [main] INFO  AV.BMS -  OSD 00 currentime 40.0
obstacle not detected currenttime 60.0
print string boolean 0
15:51:31.007 [main] INFO  AV.BMS -  OSD 00 currentime 60.0
obstacle not detected currenttime 80.0
print string boolean 0
15:51:32.103 [main] INFO  AV.BMS -  OSD 00 currentime 80.0
obstacle not detected currenttime 100.0
print string boolean 0
15:51:33.164 [main] INFO  AV.BMS -  OSD 00 currentime 100.0
obstacle not detected currenttime 120.0
print string boolean 0
15:51:34.150 [main] INFO  AV.BMS -  OSD 00 currentime 120.0
obstacle not detected currenttime 140.0
print string boolean 0
15:51:35.176 [main] INFO  AV.BMS -  OSD 00 currentime 140.0
obstacle not detected currenttime 160.0
print string boolean 0
15:51:36.232 [main] INFO  AV.BMS -  OSD 00 currentime 160.0
obstacle not detected currenttime 180.0
print string boolean 0
15:51:37.254 [main] INFO  AV.BMS -  OSD 00 currentime 180.0
obstacle not detected currenttime 200.0
print string boolean 0
15:51:38.542 [main] INFO  AV.BMS -  OSD 00 currentime 200.0
obstacle not detected currenttime 220.0
print string boolean 0
15:51:39.497 [main] INFO  AV.BMS -  OSD 00 currentime 220.0
obstacle not detected currenttime 240.0
print string boolean 0
15:51:40.544 [main] INFO  AV.BMS -  OSD 00 currentime 240.0
obstacle not detected currenttime 260.0
print string boolean 0
15:51:41.577 [main] INFO  AV.BMS -  OSD 00 currentime 260.0
obstacle not detected currenttime 280.0
print string boolean 0
15:51:42.572 [main] INFO  AV.BMS -  OSD 00 currentime 280.0
obstacle not detected currenttime 300.0
print string boolean 0
15:51:43.611 [main] INFO  AV.BMS -  OSD 00 currentime 300.0
obstacle not detected currenttime 320.0
print string boolean 0
15:51:44.622 [main] INFO  AV.BMS -  OSD 00 currentime 320.0
obstacle not detected currenttime 340.0
print string boolean 0
15:51:45.637 [main] INFO  AV.BMS -  OSD 00 currentime 340.0
obstacle not detected currenttime 360.0
print string boolean 0
15:51:46.606 [main] INFO  AV.BMS -  OSD 00 currentime 360.0
obstacle not detected currenttime 380.0
print string boolean 0
15:51:47.598 [main] INFO  AV.BMS -  OSD 00 currentime 380.0
obstacle not detected currenttime 400.0
print string boolean 0
15:51:48.595 [main] INFO  AV.BMS -  OSD 00 currentime 400.0
obstacle not detected currenttime 420.0
print string boolean 0
15:51:49.606 [main] INFO  AV.BMS -  OSD 00 currentime 420.0
obstacle not detected currenttime 440.0
print string boolean 0
15:51:50.615 [main] INFO  AV.BMS -  OSD 00 currentime 440.0
obstacle not detected currenttime 460.0
print string boolean 0
15:51:51.588 [main] INFO  AV.BMS -  OSD 00 currentime 460.0
obstacle not detected currenttime 480.0
print string boolean 0
15:51:52.547 [main] INFO  AV.BMS -  OSD 00 currentime 480.0
obstacle not detected currenttime 500.0
print string boolean 0
15:51:53.539 [main] INFO  AV.BMS -  OSD 00 currentime 500.0
obstacle not detected currenttime 520.0
print string boolean 0
15:51:54.476 [main] INFO  AV.BMS -  OSD 00 currentime 520.0
obstacle not detected currenttime 540.0
print string boolean 0
15:51:55.451 [main] INFO  AV.BMS -  OSD 00 currentime 540.0
obstacle not detected currenttime 560.0
print string boolean 0
15:51:56.415 [main] INFO  AV.BMS -  OSD 00 currentime 560.0
obstacle not detected currenttime 580.0
print string boolean 0
15:51:57.075 [main] INFO  AV.BMS -  OSD 00 currentime 580.0
obstacle not detected currenttime 600.0
print string boolean 0
15:51:58.086 [main] INFO  AV.BMS -  OSD 00 currentime 600.0
obstacle not detected currenttime 620.0
print string boolean 0
15:51:59.093 [main] INFO  AV.BMS -  OSD 00 currentime 620.0
obstacle not detected currenttime 640.0
print string boolean 0
15:52:00.092 [main] INFO  AV.BMS -  OSD 00 currentime 640.0
obstacle not detected currenttime 660.0
print string boolean 0
15:52:01.092 [main] INFO  AV.BMS -  OSD 00 currentime 660.0
obstacle not detected currenttime 680.0
print string boolean 0
15:52:02.068 [main] INFO  AV.BMS -  OSD 00 currentime 680.0
obstacle not detected currenttime 700.0
print string boolean 0
15:52:03.081 [main] INFO  AV.BMS -  OSD 00 currentime 700.0
obstacle not detected currenttime 720.0
print string boolean 0
15:52:04.062 [main] INFO  AV.BMS -  OSD 00 currentime 720.0
obstacle not detected currenttime 740.0
print string boolean 0
15:52:05.060 [main] INFO  AV.BMS -  OSD 00 currentime 740.0
obstacle not detected currenttime 760.0
print string boolean 0
15:52:06.097 [main] INFO  AV.BMS -  OSD 00 currentime 760.0
obstacle not detected currenttime 780.0
print string boolean 0
15:52:07.111 [main] INFO  AV.BMS -  OSD 00 currentime 780.0
obstacle not detected currenttime 800.0
print string boolean 0
15:52:08.011 [main] INFO  AV.BMS -  OSD 00 currentime 800.0
obstacle detected
15:52:09.004 [main] INFO  AV.BMS - obstacle distance true currenttime 820.0
print string boolean true
15:52:09.005 [main] INFO  AV.BMS -  OSD 00 currentime 820.0
obstacle detected
15:52:09.967 [main] INFO  AV.BMS - obstacle distance true currenttime 840.0
print string boolean true
15:52:09.968 [main] INFO  AV.BMS -  OSD 00 currentime 840.0
obstacle detected
15:52:10.964 [main] INFO  AV.BMS - obstacle distance true currenttime 860.0
print string boolean true
15:52:10.964 [main] INFO  AV.BMS -  OSD 00 currentime 860.0
obstacle detected
15:52:11.939 [main] INFO  AV.BMS - obstacle distance true currenttime 880.0
print string boolean true
15:52:11.939 [main] INFO  AV.BMS -  OSD 00 currentime 880.0
obstacle detected
15:52:12.909 [main] INFO  AV.BMS - obstacle distance true currenttime 900.0
print string boolean true
15:52:12.909 [main] INFO  AV.BMS -  OSD 00 currentime 900.0
obstacle detected
15:52:13.918 [main] INFO  AV.BMS - obstacle distance true currenttime 920.0
print string boolean true
15:52:13.919 [main] INFO  AV.BMS -  OSD 00 currentime 920.0
obstacle detected
15:52:14.877 [main] INFO  AV.BMS - obstacle distance true currenttime 940.0
print string boolean true
15:52:14.878 [main] INFO  AV.BMS -  OSD 00 currentime 940.0
obstacle detected
15:52:15.879 [main] INFO  AV.BMS - obstacle distance true currenttime 960.0
print string boolean true
15:52:15.879 [main] INFO  AV.BMS -  OSD 00 currentime 960.0
obstacle detected
15:52:16.793 [main] INFO  AV.BMS - obstacle distance true currenttime 980.0
print string boolean true
15:52:16.794 [main] INFO  AV.BMS -  OSD 00 currentime 980.0
obstacle detected
15:52:17.772 [main] INFO  AV.BMS - obstacle distance true currenttime 1000.0
print string boolean true
15:52:17.772 [main] INFO  AV.BMS -  OSD 00 currentime 1000.0
obstacle detected
15:52:18.713 [main] INFO  AV.BMS - obstacle distance true currenttime 1020.0
print string boolean true
15:52:18.714 [main] INFO  AV.BMS -  OSD 00 currentime 1020.0
obstacle detected
15:52:19.673 [main] INFO  AV.BMS - obstacle distance true currenttime 1040.0
print string boolean true
15:52:19.674 [main] INFO  AV.BMS -  OSD 00 currentime 1040.0
obstacle detected
15:52:20.691 [main] INFO  AV.BMS - obstacle distance true currenttime 1060.0
print string boolean true
15:52:20.691 [main] INFO  AV.BMS -  OSD 00 currentime 1060.0
obstacle detected
15:52:22.161 [main] INFO  AV.BMS - obstacle distance true currenttime 1080.0
print string boolean true
15:52:22.162 [main] INFO  AV.BMS -  OSD 00 currentime 1080.0
obstacle detected
15:52:23.141 [main] INFO  AV.BMS - obstacle distance true currenttime 1100.0
print string boolean true
15:52:23.141 [main] INFO  AV.BMS -  OSD 00 currentime 1100.0
obstacle detected
15:52:24.125 [main] INFO  AV.BMS - obstacle distance true currenttime 1120.0
print string boolean true
15:52:24.125 [main] INFO  AV.BMS -  OSD 00 currentime 1120.0
obstacle detected
15:52:25.137 [main] INFO  AV.BMS - obstacle distance true currenttime 1140.0
print string boolean true
15:52:25.138 [main] INFO  AV.BMS -  OSD 00 currentime 1140.0
obstacle detected
15:52:26.218 [main] INFO  AV.BMS - obstacle distance true currenttime 1160.0
print string boolean true
15:52:26.218 [main] INFO  AV.BMS -  OSD 00 currentime 1160.0
obstacle detected
15:52:27.197 [main] INFO  AV.BMS - obstacle distance true currenttime 1180.0
print string boolean true
15:52:27.198 [main] INFO  AV.BMS -  OSD 00 currentime 1180.0
obstacle not detected currenttime 1200.0
print string boolean true
15:52:28.125 [main] INFO  AV.BMS -  OSD 00 currentime 1200.0
obstacle not detected currenttime 1220.0
print string boolean true
15:52:29.104 [main] INFO  AV.BMS -  OSD 00 currentime 1220.0
obstacle not detected currenttime 1240.0
print string boolean true
15:52:30.040 [main] INFO  AV.BMS -  OSD 00 currentime 1240.0
obstacle not detected currenttime 1260.0
print string boolean true
15:52:31.025 [main] INFO  AV.BMS -  OSD 00 currentime 1260.0
obstacle not detected currenttime 1280.0
print string boolean true
15:52:31.946 [main] INFO  AV.BMS -  OSD 00 currentime 1280.0
obstacle not detected currenttime 1300.0
print string boolean true
15:52:32.879 [main] INFO  AV.BMS -  OSD 00 currentime 1300.0
obstacle not detected currenttime 1320.0
print string boolean true
15:52:33.865 [main] INFO  AV.BMS -  OSD 00 currentime 1320.0
obstacle not detected currenttime 1340.0
print string boolean true
15:52:34.842 [main] INFO  AV.BMS -  OSD 00 currentime 1340.0
obstacle not detected currenttime 1360.0
print string boolean true
15:52:35.830 [main] INFO  AV.BMS -  OSD 00 currentime 1360.0
obstacle not detected currenttime 1380.0
print string boolean true
15:52:36.740 [main] INFO  AV.BMS -  OSD 00 currentime 1380.0
obstacle not detected currenttime 1400.0
print string boolean true
15:52:37.669 [main] INFO  AV.BMS -  OSD 00 currentime 1400.0
obstacle not detected currenttime 1420.0
print string boolean true
15:52:38.596 [main] INFO  AV.BMS -  OSD 00 currentime 1420.0
obstacle not detected currenttime 1440.0
print string boolean true
15:52:39.562 [main] INFO  AV.BMS -  OSD 00 currentime 1440.0
obstacle not detected currenttime 1460.0
print string boolean true
15:52:40.580 [main] INFO  AV.BMS -  OSD 00 currentime 1460.0
obstacle not detected currenttime 1480.0
print string boolean true
15:52:41.547 [main] INFO  AV.BMS -  OSD 00 currentime 1480.0
obstacle not detected currenttime 1500.0
print string boolean true
15:52:42.516 [main] INFO  AV.BMS -  OSD 00 currentime 1500.0
obstacle not detected currenttime 1520.0
print string boolean true
15:52:43.456 [main] INFO  AV.BMS -  OSD 00 currentime 1520.0
obstacle not detected currenttime 1540.0
print string boolean true
15:52:44.440 [main] INFO  AV.BMS -  OSD 00 currentime 1540.0
obstacle not detected currenttime 1560.0
print string boolean true
15:52:45.411 [main] INFO  AV.BMS -  OSD 00 currentime 1560.0
obstacle not detected currenttime 1580.0
print string boolean true
15:52:46.353 [main] INFO  AV.BMS -  OSD 00 currentime 1580.0
obstacle not detected currenttime 1600.0
print string boolean true
15:52:47.323 [main] INFO  AV.BMS -  OSD 00 currentime 1600.0
obstacle not detected currenttime 1620.0
print string boolean true
15:52:48.344 [main] INFO  AV.BMS -  OSD 00 currentime 1620.0
obstacle not detected currenttime 1640.0
print string boolean true
15:52:49.246 [main] INFO  AV.BMS -  OSD 00 currentime 1640.0
obstacle not detected currenttime 1660.0
print string boolean true
15:52:50.224 [main] INFO  AV.BMS -  OSD 00 currentime 1660.0
obstacle not detected currenttime 1680.0
print string boolean true
15:52:51.214 [main] INFO  AV.BMS -  OSD 00 currentime 1680.0
obstacle not detected currenttime 1700.0
print string boolean true
15:52:52.154 [main] INFO  AV.BMS -  OSD 00 currentime 1700.0
obstacle not detected currenttime 1720.0
print string boolean true
15:52:53.141 [main] INFO  AV.BMS -  OSD 00 currentime 1720.0
obstacle not detected currenttime 1740.0
print string boolean true
15:52:54.130 [main] INFO  AV.BMS -  OSD 00 currentime 1740.0
obstacle not detected currenttime 1760.0
print string boolean true
15:52:55.132 [main] INFO  AV.BMS -  OSD 00 currentime 1760.0
obstacle not detected currenttime 1780.0
print string boolean true
15:52:56.084 [main] INFO  AV.BMS -  OSD 00 currentime 1780.0
obstacle not detected currenttime 1800.0
print string boolean true
15:52:57.037 [main] INFO  AV.BMS -  OSD 00 currentime 1800.0
obstacle not detected currenttime 1820.0
print string boolean true
15:52:57.984 [main] INFO  AV.BMS -  OSD 00 currentime 1820.0
obstacle not detected currenttime 1840.0
print string boolean true
15:52:58.991 [main] INFO  AV.BMS -  OSD 00 currentime 1840.0
obstacle not detected currenttime 1860.0
print string boolean true
15:52:59.951 [main] INFO  AV.BMS -  OSD 00 currentime 1860.0
obstacle not detected currenttime 1880.0
print string boolean true
15:53:00.864 [main] INFO  AV.BMS -  OSD 00 currentime 1880.0
obstacle not detected currenttime 1900.0
print string boolean true
15:53:01.468 [main] INFO  AV.BMS -  OSD 00 currentime 1900.0
obstacle not detected currenttime 1920.0
print string boolean true
15:53:02.082 [main] INFO  AV.BMS -  OSD 00 currentime 1920.0
obstacle not detected currenttime 1940.0
print string boolean true
15:53:02.740 [main] INFO  AV.BMS -  OSD 00 currentime 1940.0
obstacle not detected currenttime 1960.0
print string boolean true
15:53:03.686 [main] INFO  AV.BMS -  OSD 00 currentime 1960.0
obstacle not detected currenttime 1980.0
print string boolean true
15:53:04.618 [main] INFO  AV.BMS -  OSD 00 currentime 1980.0
obstacle not detected currenttime 2000.0
print string boolean true
15:53:05.585 [main] INFO  AV.BMS -  OSD 00 currentime 2000.0
obstacle not detected currenttime 2020.0
print string boolean true
15:53:06.522 [main] INFO  AV.BMS -  OSD 00 currentime 2020.0
obstacle not detected currenttime 2040.0
print string boolean true
15:53:07.506 [main] INFO  AV.BMS -  OSD 00 currentime 2040.0
obstacle not detected currenttime 2060.0
print string boolean true
15:53:08.492 [main] INFO  AV.BMS -  OSD 00 currentime 2060.0
obstacle not detected currenttime 2080.0
print string boolean true
15:53:09.501 [main] INFO  AV.BMS -  OSD 00 currentime 2080.0
obstacle not detected currenttime 2100.0
print string boolean true
15:53:10.522 [main] INFO  AV.BMS -  OSD 00 currentime 2100.0
obstacle not detected currenttime 2120.0
print string boolean true
15:53:11.460 [main] INFO  AV.BMS -  OSD 00 currentime 2120.0
obstacle not detected currenttime 2140.0
print string boolean true
15:53:12.432 [main] INFO  AV.BMS -  OSD 00 currentime 2140.0
obstacle not detected currenttime 2160.0
print string boolean true
15:53:13.451 [main] INFO  AV.BMS -  OSD 00 currentime 2160.0
obstacle not detected currenttime 2180.0
print string boolean true
15:53:14.396 [main] INFO  AV.BMS -  OSD 00 currentime 2180.0
obstacle not detected currenttime 2200.0
print string boolean true
15:53:15.344 [main] INFO  AV.BMS -  OSD 00 currentime 2200.0
obstacle not detected currenttime 2220.0
print string boolean true
15:53:16.296 [main] INFO  AV.BMS -  OSD 00 currentime 2220.0
obstacle not detected currenttime 2240.0
print string boolean true
15:53:17.297 [main] INFO  AV.BMS -  OSD 00 currentime 2240.0
obstacle not detected currenttime 2260.0
print string boolean true
15:53:18.286 [main] INFO  AV.BMS -  OSD 00 currentime 2260.0
obstacle not detected currenttime 2280.0
print string boolean true
15:53:19.273 [main] INFO  AV.BMS -  OSD 00 currentime 2280.0
obstacle not detected currenttime 2300.0
print string boolean true
15:53:20.222 [main] INFO  AV.BMS -  OSD 00 currentime 2300.0
obstacle not detected currenttime 2320.0
print string boolean true
15:53:21.223 [main] INFO  AV.BMS -  OSD 00 currentime 2320.0
obstacle not detected currenttime 2340.0
print string boolean true
15:53:22.208 [main] INFO  AV.BMS -  OSD 00 currentime 2340.0
obstacle not detected currenttime 2360.0
print string boolean true
15:53:23.166 [main] INFO  AV.BMS -  OSD 00 currentime 2360.0
obstacle not detected currenttime 2380.0
print string boolean true
15:53:24.160 [main] INFO  AV.BMS -  OSD 00 currentime 2380.0
obstacle not detected currenttime 2400.0
print string boolean true
15:53:25.067 [main] INFO  AV.BMS -  OSD 00 currentime 2400.0
obstacle not detected currenttime 2420.0
print string boolean true
15:53:26.037 [main] INFO  AV.BMS -  OSD 00 currentime 2420.0
obstacle not detected currenttime 2440.0
print string boolean true
15:53:27.114 [main] INFO  AV.BMS -  OSD 00 currentime 2440.0
obstacle not detected currenttime 2460.0
print string boolean true
15:53:28.103 [main] INFO  AV.BMS -  OSD 00 currentime 2460.0
obstacle not detected currenttime 2480.0
print string boolean true
15:53:29.063 [main] INFO  AV.BMS -  OSD 00 currentime 2480.0
obstacle not detected currenttime 2500.0
print string boolean true
15:53:30.045 [main] INFO  AV.BMS -  OSD 00 currentime 2500.0
obstacle not detected currenttime 2520.0
print string boolean true
15:53:31.043 [main] INFO  AV.BMS -  OSD 00 currentime 2520.0
obstacle not detected currenttime 2540.0
print string boolean true
15:53:32.037 [main] INFO  AV.BMS -  OSD 00 currentime 2540.0
obstacle not detected currenttime 2560.0
print string boolean true
15:53:33.040 [main] INFO  AV.BMS -  OSD 00 currentime 2560.0
obstacle not detected currenttime 2580.0
print string boolean true
15:53:33.990 [main] INFO  AV.BMS -  OSD 00 currentime 2580.0
obstacle not detected currenttime 2600.0
print string boolean true
15:53:35.033 [main] INFO  AV.BMS -  OSD 00 currentime 2600.0
obstacle not detected currenttime 2620.0
print string boolean true
15:53:36.036 [main] INFO  AV.BMS -  OSD 00 currentime 2620.0
obstacle not detected currenttime 2640.0
print string boolean true
15:53:36.914 [main] INFO  AV.BMS -  OSD 00 currentime 2640.0
obstacle not detected currenttime 2660.0
print string boolean true
15:53:37.921 [main] INFO  AV.BMS -  OSD 00 currentime 2660.0
obstacle not detected currenttime 2680.0
print string boolean true
15:53:38.807 [main] INFO  AV.BMS -  OSD 00 currentime 2680.0
obstacle not detected currenttime 2700.0
print string boolean true
15:53:39.407 [main] INFO  AV.BMS -  OSD 00 currentime 2700.0
obstacle not detected currenttime 2720.0
print string boolean true
15:53:40.021 [main] INFO  AV.BMS -  OSD 00 currentime 2720.0
obstacle not detected currenttime 2740.0
print string boolean true
15:53:40.633 [main] INFO  AV.BMS -  OSD 00 currentime 2740.0
obstacle not detected currenttime 2760.0
print string boolean true
15:53:41.510 [main] INFO  AV.BMS -  OSD 00 currentime 2760.0
obstacle not detected currenttime 2780.0
print string boolean true
15:53:42.485 [main] INFO  AV.BMS -  OSD 00 currentime 2780.0
obstacle not detected currenttime 2800.0
print string boolean true
15:53:43.443 [main] INFO  AV.BMS -  OSD 00 currentime 2800.0
obstacle not detected currenttime 2820.0
print string boolean true
15:53:44.393 [main] INFO  AV.BMS -  OSD 00 currentime 2820.0
obstacle not detected currenttime 2840.0
print string boolean true
15:53:45.374 [main] INFO  AV.BMS -  OSD 00 currentime 2840.0
obstacle not detected currenttime 2860.0
print string boolean true
15:53:46.360 [main] INFO  AV.BMS -  OSD 00 currentime 2860.0
obstacle not detected currenttime 2880.0
print string boolean true
15:53:47.315 [main] INFO  AV.BMS -  OSD 00 currentime 2880.0
obstacle not detected currenttime 2900.0
print string boolean true
15:53:48.285 [main] INFO  AV.BMS -  OSD 00 currentime 2900.0
obstacle not detected currenttime 2920.0
print string boolean true
15:53:49.246 [main] INFO  AV.BMS -  OSD 00 currentime 2920.0
obstacle not detected currenttime 2940.0
print string boolean true
15:53:50.135 [main] INFO  AV.BMS -  OSD 00 currentime 2940.0
obstacle not detected currenttime 2960.0
print string boolean true
15:53:51.075 [main] INFO  AV.BMS -  OSD 00 currentime 2960.0
obstacle not detected currenttime 2980.0
print string boolean true
15:53:51.942 [main] INFO  AV.BMS -  OSD 00 currentime 2980.0
obstacle not detected currenttime 3000.0
print string boolean true
15:53:52.928 [main] INFO  AV.BMS -  OSD 00 currentime 3000.0
obstacle not detected currenttime 3020.0
print string boolean true
15:53:53.903 [main] INFO  AV.BMS -  OSD 00 currentime 3020.0
obstacle not detected currenttime 3040.0
print string boolean true
15:53:54.900 [main] INFO  AV.BMS -  OSD 00 currentime 3040.0
obstacle not detected currenttime 3060.0
print string boolean true
15:53:55.892 [main] INFO  AV.BMS -  OSD 00 currentime 3060.0
obstacle not detected currenttime 3080.0
print string boolean true
15:53:56.862 [main] INFO  AV.BMS -  OSD 00 currentime 3080.0
obstacle not detected currenttime 3100.0
print string boolean true
15:53:57.822 [main] INFO  AV.BMS -  OSD 00 currentime 3100.0
obstacle not detected currenttime 3120.0
print string boolean true
15:53:58.828 [main] INFO  AV.BMS -  OSD 00 currentime 3120.0
obstacle not detected currenttime 3140.0
print string boolean true
15:53:59.792 [main] INFO  AV.BMS -  OSD 00 currentime 3140.0
obstacle not detected currenttime 3160.0
print string boolean true
15:54:00.765 [main] INFO  AV.BMS -  OSD 00 currentime 3160.0
obstacle not detected currenttime 3180.0
print string boolean true
15:54:01.755 [main] INFO  AV.BMS -  OSD 00 currentime 3180.0
obstacle not detected currenttime 3200.0
print string boolean true
15:54:02.754 [main] INFO  AV.BMS -  OSD 00 currentime 3200.0
obstacle not detected currenttime 3220.0
print string boolean true
15:54:03.719 [main] INFO  AV.BMS -  OSD 00 currentime 3220.0
obstacle not detected currenttime 3240.0
print string boolean true
15:54:04.698 [main] INFO  AV.BMS -  OSD 00 currentime 3240.0
obstacle not detected currenttime 3260.0
print string boolean true
15:54:05.645 [main] INFO  AV.BMS -  OSD 00 currentime 3260.0
obstacle not detected currenttime 3280.0
print string boolean true
15:54:06.634 [main] INFO  AV.BMS -  OSD 00 currentime 3280.0
obstacle not detected currenttime 3300.0
print string boolean true
15:54:07.577 [main] INFO  AV.BMS -  OSD 00 currentime 3300.0
obstacle not detected currenttime 3320.0
print string boolean true
15:54:08.556 [main] INFO  AV.BMS -  OSD 00 currentime 3320.0
obstacle not detected currenttime 3340.0
print string boolean true
15:54:09.559 [main] INFO  AV.BMS -  OSD 00 currentime 3340.0
obstacle not detected currenttime 3360.0
print string boolean true
15:54:10.494 [main] INFO  AV.BMS -  OSD 00 currentime 3360.0
obstacle not detected currenttime 3380.0
print string boolean true
15:54:11.459 [main] INFO  AV.BMS -  OSD 00 currentime 3380.0
obstacle not detected currenttime 3400.0
print string boolean true
15:54:12.469 [main] INFO  AV.BMS -  OSD 00 currentime 3400.0
obstacle not detected currenttime 3420.0
print string boolean true
15:54:13.364 [main] INFO  AV.BMS -  OSD 00 currentime 3420.0
obstacle not detected currenttime 3440.0
print string boolean true
15:54:14.320 [main] INFO  AV.BMS -  OSD 00 currentime 3440.0
obstacle not detected currenttime 3460.0
print string boolean true
15:54:15.281 [main] INFO  AV.BMS -  OSD 00 currentime 3460.0
obstacle not detected currenttime 3480.0
print string boolean true
15:54:16.181 [main] INFO  AV.BMS -  OSD 00 currentime 3480.0
obstacle not detected currenttime 3500.0
print string boolean true
15:54:17.177 [main] INFO  AV.BMS -  OSD 00 currentime 3500.0
obstacle not detected currenttime 3520.0
print string boolean true
15:54:18.080 [main] INFO  AV.BMS -  OSD 00 currentime 3520.0
obstacle not detected currenttime 3540.0
print string boolean true
15:54:19.023 [main] INFO  AV.BMS -  OSD 00 currentime 3540.0
obstacle not detected currenttime 3560.0
print string boolean true
15:54:19.941 [main] INFO  AV.BMS -  OSD 00 currentime 3560.0
obstacle not detected currenttime 3580.0
print string boolean true
15:54:20.895 [main] INFO  AV.BMS -  OSD 00 currentime 3580.0
obstacle not detected currenttime 3600.0
print string boolean true
15:54:21.895 [main] INFO  AV.BMS -  OSD 00 currentime 3600.0
obstacle not detected currenttime 3620.0
print string boolean true
15:54:22.841 [main] INFO  AV.BMS -  OSD 00 currentime 3620.0
obstacle not detected currenttime 3640.0
print string boolean true
15:54:23.835 [main] INFO  AV.BMS -  OSD 00 currentime 3640.0
obstacle not detected currenttime 3660.0
print string boolean true
15:54:24.780 [main] INFO  AV.BMS -  OSD 00 currentime 3660.0
obstacle not detected currenttime 3680.0
print string boolean true
15:54:25.743 [main] INFO  AV.BMS -  OSD 00 currentime 3680.0
obstacle not detected currenttime 3700.0
print string boolean true
15:54:26.699 [main] INFO  AV.BMS -  OSD 00 currentime 3700.0
obstacle not detected currenttime 3720.0
print string boolean true
15:54:27.669 [main] INFO  AV.BMS -  OSD 00 currentime 3720.0
obstacle not detected currenttime 3740.0
print string boolean true
15:54:28.742 [main] INFO  AV.BMS -  OSD 00 currentime 3740.0
obstacle not detected currenttime 3760.0
print string boolean true
15:54:29.625 [main] INFO  AV.BMS -  OSD 00 currentime 3760.0
obstacle not detected currenttime 3780.0
print string boolean true
15:54:30.545 [main] INFO  AV.BMS -  OSD 00 currentime 3780.0
obstacle not detected currenttime 3800.0
print string boolean true
15:54:31.481 [main] INFO  AV.BMS -  OSD 00 currentime 3800.0
obstacle not detected currenttime 3820.0
print string boolean true
15:54:32.447 [main] INFO  AV.BMS -  OSD 00 currentime 3820.0
obstacle not detected currenttime 3840.0
print string boolean true
15:54:33.412 [main] INFO  AV.BMS -  OSD 00 currentime 3840.0
obstacle not detected currenttime 3860.0
print string boolean true
15:54:34.308 [main] INFO  AV.BMS -  OSD 00 currentime 3860.0
obstacle not detected currenttime 3880.0
print string boolean true
15:54:35.244 [main] INFO  AV.BMS -  OSD 00 currentime 3880.0
obstacle not detected currenttime 3900.0
print string boolean true
15:54:36.222 [main] INFO  AV.BMS -  OSD 00 currentime 3900.0
obstacle not detected currenttime 3920.0
print string boolean true
15:54:37.184 [main] INFO  AV.BMS -  OSD 00 currentime 3920.0
obstacle not detected currenttime 3940.0
print string boolean true
15:54:38.053 [main] INFO  AV.BMS -  OSD 00 currentime 3940.0
obstacle not detected currenttime 3960.0
print string boolean true
15:54:39.038 [main] INFO  AV.BMS -  OSD 00 currentime 3960.0
obstacle not detected currenttime 3980.0
print string boolean true
15:54:40.036 [main] INFO  AV.BMS -  OSD 00 currentime 3980.0
obstacle not detected currenttime 4000.0
print string boolean true
15:54:41.010 [main] INFO  AV.BMS -  OSD 00 currentime 4000.0
obstacle not detected currenttime 4020.0
print string boolean true
15:54:41.992 [main] INFO  AV.BMS -  OSD 00 currentime 4020.0
obstacle not detected currenttime 4040.0
print string boolean true
15:54:42.925 [main] INFO  AV.BMS -  OSD 00 currentime 4040.0
obstacle not detected currenttime 4060.0
print string boolean true
15:54:43.886 [main] INFO  AV.BMS -  OSD 00 currentime 4060.0
obstacle not detected currenttime 4080.0
print string boolean true
15:54:44.916 [main] INFO  AV.BMS -  OSD 00 currentime 4080.0
obstacle not detected currenttime 4100.0
print string boolean true
15:54:45.848 [main] INFO  AV.BMS -  OSD 00 currentime 4100.0
obstacle not detected currenttime 4120.0
print string boolean true
15:54:47.203 [main] INFO  AV.BMS -  OSD 00 currentime 4120.0
obstacle not detected currenttime 4140.0
print string boolean true
15:54:48.672 [main] INFO  AV.BMS -  OSD 00 currentime 4140.0
obstacle not detected currenttime 4160.0
print string boolean true
15:54:49.638 [main] INFO  AV.BMS -  OSD 00 currentime 4160.0
obstacle not detected currenttime 4180.0
print string boolean true
15:54:50.605 [main] INFO  AV.BMS -  OSD 00 currentime 4180.0
obstacle not detected currenttime 4200.0
print string boolean true
15:54:51.582 [main] INFO  AV.BMS -  OSD 00 currentime 4200.0
obstacle not detected currenttime 4220.0
print string boolean true
15:54:52.476 [main] INFO  AV.BMS -  OSD 00 currentime 4220.0
obstacle not detected currenttime 4240.0
print string boolean true
15:54:53.458 [main] INFO  AV.BMS -  OSD 00 currentime 4240.0
obstacle not detected currenttime 4260.0
print string boolean true
15:54:54.420 [main] INFO  AV.BMS -  OSD 00 currentime 4260.0
obstacle not detected currenttime 4280.0
print string boolean true
15:54:55.383 [main] INFO  AV.BMS -  OSD 00 currentime 4280.0
obstacle not detected currenttime 4300.0
print string boolean true
15:54:56.271 [main] INFO  AV.BMS -  OSD 00 currentime 4300.0
obstacle not detected currenttime 4320.0
print string boolean true
15:54:57.247 [main] INFO  AV.BMS -  OSD 00 currentime 4320.0
obstacle not detected currenttime 4340.0
print string boolean true
15:54:58.229 [main] INFO  AV.BMS -  OSD 00 currentime 4340.0
obstacle not detected currenttime 4360.0
print string boolean true
15:54:59.214 [main] INFO  AV.BMS -  OSD 00 currentime 4360.0
obstacle not detected currenttime 4380.0
print string boolean true
15:55:00.034 [main] INFO  AV.BMS -  OSD 00 currentime 4380.0
obstacle not detected currenttime 4400.0
print string boolean true
15:55:00.847 [main] INFO  AV.BMS -  OSD 00 currentime 4400.0
obstacle not detected currenttime 4420.0
print string boolean true
15:55:01.838 [main] INFO  AV.BMS -  OSD 00 currentime 4420.0
obstacle not detected currenttime 4440.0
print string boolean true
15:55:02.849 [main] INFO  AV.BMS -  OSD 00 currentime 4440.0
obstacle not detected currenttime 4460.0
print string boolean true
15:55:03.748 [main] INFO  AV.BMS -  OSD 00 currentime 4460.0
obstacle not detected currenttime 4480.0
print string boolean true
15:55:04.752 [main] INFO  AV.BMS -  OSD 00 currentime 4480.0
obstacle not detected currenttime 4500.0
print string boolean true
15:55:05.730 [main] INFO  AV.BMS -  OSD 00 currentime 4500.0
obstacle not detected currenttime 4520.0
print string boolean true
15:55:06.640 [main] INFO  AV.BMS -  OSD 00 currentime 4520.0
obstacle not detected currenttime 4540.0
print string boolean true
15:55:07.574 [main] INFO  AV.BMS -  OSD 00 currentime 4540.0
obstacle not detected currenttime 4560.0
print string boolean true
15:55:08.592 [main] INFO  AV.BMS -  OSD 00 currentime 4560.0
obstacle not detected currenttime 4580.0
print string boolean true
15:55:09.567 [main] INFO  AV.BMS -  OSD 00 currentime 4580.0
obstacle not detected currenttime 4600.0
print string boolean true
15:55:10.516 [main] INFO  AV.BMS -  OSD 00 currentime 4600.0
obstacle not detected currenttime 4620.0
print string boolean true
15:55:11.487 [main] INFO  AV.BMS -  OSD 00 currentime 4620.0
obstacle not detected currenttime 4640.0
print string boolean true
15:55:12.466 [main] INFO  AV.BMS -  OSD 00 currentime 4640.0
obstacle not detected currenttime 4660.0
print string boolean true
15:55:13.454 [main] INFO  AV.BMS -  OSD 00 currentime 4660.0
obstacle not detected currenttime 4680.0
print string boolean true
15:55:14.349 [main] INFO  AV.BMS -  OSD 00 currentime 4680.0
obstacle not detected currenttime 4700.0
print string boolean true
15:55:15.284 [main] INFO  AV.BMS -  OSD 00 currentime 4700.0
obstacle not detected currenttime 4720.0
print string boolean true
15:55:16.209 [main] INFO  AV.BMS -  OSD 00 currentime 4720.0
obstacle not detected currenttime 4740.0
print string boolean true
15:55:17.690 [main] INFO  AV.BMS -  OSD 00 currentime 4740.0
obstacle not detected currenttime 4760.0
print string boolean true
15:55:18.654 [main] INFO  AV.BMS -  OSD 00 currentime 4760.0
obstacle not detected currenttime 4780.0
print string boolean true
15:55:19.643 [main] INFO  AV.BMS -  OSD 00 currentime 4780.0
obstacle not detected currenttime 4800.0
print string boolean true
15:55:20.649 [main] INFO  AV.BMS -  OSD 00 currentime 4800.0
obstacle not detected currenttime 4820.0
print string boolean true
15:55:21.667 [main] INFO  AV.BMS -  OSD 00 currentime 4820.0
obstacle not detected currenttime 4840.0
print string boolean true
15:55:22.641 [main] INFO  AV.BMS -  OSD 00 currentime 4840.0
obstacle not detected currenttime 4860.0
print string boolean true
15:55:23.549 [main] INFO  AV.BMS -  OSD 00 currentime 4860.0
obstacle not detected currenttime 4880.0
print string boolean true
15:55:24.168 [main] INFO  AV.BMS -  OSD 00 currentime 4880.0
obstacle not detected currenttime 4900.0
print string boolean true
15:55:25.146 [main] INFO  AV.BMS -  OSD 00 currentime 4900.0
obstacle not detected currenttime 4920.0
print string boolean true
15:55:26.116 [main] INFO  AV.BMS -  OSD 00 currentime 4920.0
obstacle not detected currenttime 4940.0
print string boolean true
15:55:27.054 [main] INFO  AV.BMS -  OSD 00 currentime 4940.0
obstacle not detected currenttime 4960.0
print string boolean true
15:55:28.011 [main] INFO  AV.BMS -  OSD 00 currentime 4960.0
obstacle not detected currenttime 4980.0
print string boolean true
15:55:28.948 [main] INFO  AV.BMS -  OSD 00 currentime 4980.0
obstacle not detected currenttime 5000.0
print string boolean true
15:55:29.929 [main] INFO  AV.BMS -  OSD 00 currentime 5000.0
obstacle not detected currenttime 5020.0
print string boolean true
15:55:30.903 [main] INFO  AV.BMS -  OSD 00 currentime 5020.0
obstacle not detected currenttime 5040.0
print string boolean true
15:55:31.900 [main] INFO  AV.BMS -  OSD 00 currentime 5040.0
obstacle not detected currenttime 5060.0
print string boolean true
15:55:32.893 [main] INFO  AV.BMS -  OSD 00 currentime 5060.0
obstacle not detected currenttime 5080.0
print string boolean true
15:55:33.849 [main] INFO  AV.BMS -  OSD 00 currentime 5080.0
obstacle not detected currenttime 5100.0
print string boolean true
15:55:34.842 [main] INFO  AV.BMS -  OSD 00 currentime 5100.0
obstacle not detected currenttime 5120.0
print string boolean true
15:55:35.850 [main] INFO  AV.BMS -  OSD 00 currentime 5120.0
obstacle not detected currenttime 5140.0
print string boolean true
15:55:36.736 [main] INFO  AV.BMS -  OSD 00 currentime 5140.0
obstacle not detected currenttime 5160.0
print string boolean true
15:55:37.679 [main] INFO  AV.BMS -  OSD 00 currentime 5160.0
obstacle not detected currenttime 5180.0
print string boolean true
15:55:38.700 [main] INFO  AV.BMS -  OSD 00 currentime 5180.0
obstacle not detected currenttime 5200.0
print string boolean true
15:55:39.656 [main] INFO  AV.BMS -  OSD 00 currentime 5200.0
obstacle not detected currenttime 5220.0
print string boolean true
15:55:41.094 [main] INFO  AV.BMS -  OSD 00 currentime 5220.0
obstacle not detected currenttime 5240.0
print string boolean true
15:55:42.210 [main] INFO  AV.BMS -  OSD 00 currentime 5240.0
obstacle not detected currenttime 5260.0
print string boolean true
15:55:43.216 [main] INFO  AV.BMS -  OSD 00 currentime 5260.0
obstacle not detected currenttime 5280.0
print string boolean true
15:55:44.238 [main] INFO  AV.BMS -  OSD 00 currentime 5280.0
obstacle not detected currenttime 5300.0
print string boolean true
15:55:45.188 [main] INFO  AV.BMS -  OSD 00 currentime 5300.0
obstacle not detected currenttime 5320.0
print string boolean true
15:55:46.212 [main] INFO  AV.BMS -  OSD 00 currentime 5320.0
obstacle not detected currenttime 5340.0
print string boolean true
15:55:47.160 [main] INFO  AV.BMS -  OSD 00 currentime 5340.0
obstacle not detected currenttime 5360.0
print string boolean true
15:55:48.157 [main] INFO  AV.BMS -  OSD 00 currentime 5360.0
obstacle not detected currenttime 5380.0
print string boolean true
15:55:49.112 [main] INFO  AV.BMS -  OSD 00 currentime 5380.0
obstacle not detected currenttime 5400.0
print string boolean true
15:55:50.123 [main] INFO  AV.BMS -  OSD 00 currentime 5400.0
obstacle not detected currenttime 5420.0
print string boolean true
15:55:51.134 [main] INFO  AV.BMS -  OSD 00 currentime 5420.0
obstacle not detected currenttime 5440.0
print string boolean true
15:55:52.107 [main] INFO  AV.BMS -  OSD 00 currentime 5440.0
obstacle not detected currenttime 5460.0
print string boolean true
15:55:53.097 [main] INFO  AV.BMS -  OSD 00 currentime 5460.0
obstacle not detected currenttime 5480.0
print string boolean true
15:55:54.059 [main] INFO  AV.BMS -  OSD 00 currentime 5480.0
obstacle not detected currenttime 5500.0
print string boolean true
15:55:55.051 [main] INFO  AV.BMS -  OSD 00 currentime 5500.0
obstacle not detected currenttime 5520.0
print string boolean true
15:55:56.037 [main] INFO  AV.BMS -  OSD 00 currentime 5520.0
obstacle not detected currenttime 5540.0
print string boolean true
15:55:56.983 [main] INFO  AV.BMS -  OSD 00 currentime 5540.0
obstacle not detected currenttime 5560.0
print string boolean true
15:55:57.951 [main] INFO  AV.BMS -  OSD 00 currentime 5560.0
obstacle not detected currenttime 5580.0
print string boolean true
15:55:58.902 [main] INFO  AV.BMS -  OSD 00 currentime 5580.0
obstacle not detected currenttime 5600.0
print string boolean true
15:56:00.044 [main] INFO  AV.BMS -  OSD 00 currentime 5600.0
obstacle not detected currenttime 5620.0
print string boolean true
15:56:00.999 [main] INFO  AV.BMS -  OSD 00 currentime 5620.0
obstacle not detected currenttime 5640.0
print string boolean true
15:56:02.012 [main] INFO  AV.BMS -  OSD 00 currentime 5640.0
obstacle not detected currenttime 5660.0
print string boolean true
15:56:02.938 [main] INFO  AV.BMS -  OSD 00 currentime 5660.0
obstacle not detected currenttime 5680.0
print string boolean true
15:56:03.917 [main] INFO  AV.BMS -  OSD 00 currentime 5680.0
obstacle not detected currenttime 5700.0
print string boolean true
15:56:04.878 [main] INFO  AV.BMS -  OSD 00 currentime 5700.0
obstacle not detected currenttime 5720.0
print string boolean true
15:56:05.912 [main] INFO  AV.BMS -  OSD 00 currentime 5720.0
obstacle not detected currenttime 5740.0
print string boolean true
15:56:06.880 [main] INFO  AV.BMS -  OSD 00 currentime 5740.0
obstacle not detected currenttime 5760.0
print string boolean true
15:56:07.829 [main] INFO  AV.BMS -  OSD 00 currentime 5760.0
obstacle not detected currenttime 5780.0
print string boolean true
15:56:08.820 [main] INFO  AV.BMS -  OSD 00 currentime 5780.0
obstacle not detected currenttime 5800.0
print string boolean true
15:56:09.800 [main] INFO  AV.BMS -  OSD 00 currentime 5800.0
obstacle not detected currenttime 5820.0
print string boolean true
15:56:10.807 [main] INFO  AV.BMS -  OSD 00 currentime 5820.0
15:56:11.358 [main] INFO  org.cpswt.hla.SynchronizedFederate - BMS-2d30d742-f3d3-47e3-a4bd-ddc2d28446b4: SimEnd interaction received, exiting...
15:56:11.359 [main] INFO  org.cpswt.hla.SynchronizedFederate - Exiting gracefully ....
