
-------------------------------------------------------------------
GMS: address=vagrant-37714, cluster=AV, physical address=10.0.2.15:54047
-------------------------------------------------------------------
00:22:21.972 [main] INFO  AV.BMS - waiting on readyToPopulate...
00:22:44.529 [main] INFO  AV.BMS - ...synchronized on readyToPopulate
00:22:44.529 [main] INFO  AV.BMS - waiting on readyToRun...
00:22:44.781 [main] INFO  AV.BMS - ...synchronized on readyToRun
00:22:44.784 [main] INFO  AV.BMS - started logical time progression
inside
00:22:46.069 [main] INFO  AV.BMS - obstacle distance 1999 currenttime 4.0
inside
00:22:46.150 [main] INFO  AV.BMS - obstacle distance 1998 currenttime 5.0
inside
00:22:47.397 [main] INFO  AV.BMS - obstacle distance 1997 currenttime 24.0
inside
00:22:47.480 [main] INFO  AV.BMS - obstacle distance 1996 currenttime 25.0
inside
00:22:48.757 [main] INFO  AV.BMS - obstacle distance 1995 currenttime 44.0
inside
00:22:48.855 [main] INFO  AV.BMS - obstacle distance 1994 currenttime 45.0
inside
00:22:49.963 [main] INFO  AV.BMS - obstacle distance 1993 currenttime 64.0
inside
00:22:50.028 [main] INFO  AV.BMS - obstacle distance 1992 currenttime 65.0
inside
00:22:51.185 [main] INFO  AV.BMS - obstacle distance 1991 currenttime 84.0
inside
00:22:51.259 [main] INFO  AV.BMS - obstacle distance 1990 currenttime 85.0
inside
00:22:52.412 [main] INFO  AV.BMS - obstacle distance 1989 currenttime 104.0
inside
00:22:52.478 [main] INFO  AV.BMS - obstacle distance 1988 currenttime 105.0
inside
00:22:53.487 [main] INFO  AV.BMS - obstacle distance 1987 currenttime 124.0
inside
00:22:53.547 [main] INFO  AV.BMS - obstacle distance 1986 currenttime 125.0
inside
00:22:54.602 [main] INFO  AV.BMS - obstacle distance 1985 currenttime 144.0
inside
00:22:54.658 [main] INFO  AV.BMS - obstacle distance 1984 currenttime 145.0
inside
00:22:55.722 [main] INFO  AV.BMS - obstacle distance 1983 currenttime 164.0
inside
00:22:55.766 [main] INFO  AV.BMS - obstacle distance 1982 currenttime 165.0
inside
00:22:57.279 [main] INFO  AV.BMS - obstacle distance 1981 currenttime 184.0
inside
00:22:57.334 [main] INFO  AV.BMS - obstacle distance 1980 currenttime 185.0
inside
00:22:58.474 [main] INFO  AV.BMS - obstacle distance 1979 currenttime 204.0
inside
00:22:58.522 [main] INFO  AV.BMS - obstacle distance 1978 currenttime 205.0
inside
00:22:59.570 [main] INFO  AV.BMS - obstacle distance 1977 currenttime 224.0
inside
00:22:59.628 [main] INFO  AV.BMS - obstacle distance 1976 currenttime 225.0
inside
00:23:00.634 [main] INFO  AV.BMS - obstacle distance 1975 currenttime 244.0
inside
00:23:00.677 [main] INFO  AV.BMS - obstacle distance 1974 currenttime 245.0
inside
00:23:01.721 [main] INFO  AV.BMS - obstacle distance 1973 currenttime 264.0
inside
00:23:01.787 [main] INFO  AV.BMS - obstacle distance 1972 currenttime 265.0
inside
00:23:02.860 [main] INFO  AV.BMS - obstacle distance 1971 currenttime 284.0
inside
00:23:02.908 [main] INFO  AV.BMS - obstacle distance 1970 currenttime 285.0
inside
00:23:03.902 [main] INFO  AV.BMS - obstacle distance 1969 currenttime 304.0
inside
00:23:03.960 [main] INFO  AV.BMS - obstacle distance 1968 currenttime 305.0
inside
00:23:04.955 [main] INFO  AV.BMS - obstacle distance 1967 currenttime 324.0
inside
00:23:05.003 [main] INFO  AV.BMS - obstacle distance 1966 currenttime 325.0
inside
00:23:05.960 [main] INFO  AV.BMS - obstacle distance 1965 currenttime 344.0
inside
00:23:06.012 [main] INFO  AV.BMS - obstacle distance 1964 currenttime 345.0
inside
00:23:06.980 [main] INFO  AV.BMS - obstacle distance 1963 currenttime 364.0
inside
00:23:07.034 [main] INFO  AV.BMS - obstacle distance 1962 currenttime 365.0
inside
00:23:08.024 [main] INFO  AV.BMS - obstacle distance 1961 currenttime 384.0
inside
00:23:08.073 [main] INFO  AV.BMS - obstacle distance 1960 currenttime 385.0
inside
00:23:09.115 [main] INFO  AV.BMS - obstacle distance 1959 currenttime 404.0
inside
00:23:09.169 [main] INFO  AV.BMS - obstacle distance 1958 currenttime 405.0
inside
00:23:10.122 [main] INFO  AV.BMS - obstacle distance 1957 currenttime 424.0
inside
00:23:10.170 [main] INFO  AV.BMS - obstacle distance 1956 currenttime 425.0
inside
00:23:11.112 [main] INFO  AV.BMS - obstacle distance 1955 currenttime 444.0
inside
00:23:11.176 [main] INFO  AV.BMS - obstacle distance 1954 currenttime 445.0
inside
00:23:12.174 [main] INFO  AV.BMS - obstacle distance 1953 currenttime 464.0
inside
00:23:12.218 [main] INFO  AV.BMS - obstacle distance 1952 currenttime 465.0
inside
00:23:13.191 [main] INFO  AV.BMS - obstacle distance 1951 currenttime 484.0
inside
00:23:13.231 [main] INFO  AV.BMS - obstacle distance 1950 currenttime 485.0
inside
00:23:14.264 [main] INFO  AV.BMS - obstacle distance 1949 currenttime 504.0
inside
00:23:14.297 [main] INFO  AV.BMS - obstacle distance 1948 currenttime 505.0
inside
00:23:15.325 [main] INFO  AV.BMS - obstacle distance 1947 currenttime 524.0
inside
00:23:15.368 [main] INFO  AV.BMS - obstacle distance 1946 currenttime 525.0
inside
00:23:16.347 [main] INFO  AV.BMS - obstacle distance 1945 currenttime 544.0
inside
00:23:16.390 [main] INFO  AV.BMS - obstacle distance 1944 currenttime 545.0
inside
00:23:17.429 [main] INFO  AV.BMS - obstacle distance 1943 currenttime 564.0
inside
00:23:17.462 [main] INFO  AV.BMS - obstacle distance 1942 currenttime 565.0
inside
00:23:18.439 [main] INFO  AV.BMS - obstacle distance 1941 currenttime 584.0
inside
00:23:18.495 [main] INFO  AV.BMS - obstacle distance 1940 currenttime 585.0
inside
00:23:19.486 [main] INFO  AV.BMS - obstacle distance 1939 currenttime 604.0
inside
00:23:19.526 [main] INFO  AV.BMS - obstacle distance 1938 currenttime 605.0
inside
00:23:20.469 [main] INFO  AV.BMS - obstacle distance 1937 currenttime 624.0
inside
00:23:20.524 [main] INFO  AV.BMS - obstacle distance 1936 currenttime 625.0
inside
00:23:21.481 [main] INFO  AV.BMS - obstacle distance 1935 currenttime 644.0
inside
00:23:21.610 [main] INFO  AV.BMS - obstacle distance 1934 currenttime 645.0
inside
00:23:22.539 [main] INFO  AV.BMS - obstacle distance 1933 currenttime 664.0
inside
00:23:22.589 [main] INFO  AV.BMS - obstacle distance 1932 currenttime 665.0
inside
00:23:23.543 [main] INFO  AV.BMS - obstacle distance 1931 currenttime 684.0
inside
00:23:23.597 [main] INFO  AV.BMS - obstacle distance 1930 currenttime 685.0
inside
00:23:24.746 [main] INFO  AV.BMS - obstacle distance 1929 currenttime 704.0
inside
00:23:24.786 [main] INFO  AV.BMS - obstacle distance 1928 currenttime 705.0
inside
00:23:25.778 [main] INFO  AV.BMS - obstacle distance 1927 currenttime 724.0
inside
00:23:25.825 [main] INFO  AV.BMS - obstacle distance 1926 currenttime 725.0
inside
00:23:26.748 [main] INFO  AV.BMS - obstacle distance 1925 currenttime 744.0
inside
00:23:26.802 [main] INFO  AV.BMS - obstacle distance 1924 currenttime 745.0
inside
00:23:27.752 [main] INFO  AV.BMS - obstacle distance 1923 currenttime 764.0
inside
00:23:27.803 [main] INFO  AV.BMS - obstacle distance 1922 currenttime 765.0
inside
00:23:28.768 [main] INFO  AV.BMS - obstacle distance 1921 currenttime 784.0
inside
00:23:28.812 [main] INFO  AV.BMS - obstacle distance 1920 currenttime 785.0
inside
00:23:29.777 [main] INFO  AV.BMS - obstacle distance 1919 currenttime 804.0
inside
00:23:29.832 [main] INFO  AV.BMS - obstacle distance 1918 currenttime 805.0
inside
00:23:30.746 [main] INFO  AV.BMS - obstacle distance 1917 currenttime 824.0
inside
00:23:30.799 [main] INFO  AV.BMS - obstacle distance 1916 currenttime 825.0
inside
00:23:31.740 [main] INFO  AV.BMS - obstacle distance 1915 currenttime 844.0
inside
00:23:31.794 [main] INFO  AV.BMS - obstacle distance 1914 currenttime 845.0
inside
00:23:32.762 [main] INFO  AV.BMS - obstacle distance 1913 currenttime 864.0
inside
00:23:32.785 [main] INFO  AV.BMS - obstacle distance 1912 currenttime 865.0
inside
00:23:33.785 [main] INFO  AV.BMS - obstacle distance 1911 currenttime 884.0
inside
00:23:33.844 [main] INFO  AV.BMS - obstacle distance 1910 currenttime 885.0
inside
00:23:34.961 [main] INFO  AV.BMS - obstacle distance 1909 currenttime 904.0
inside
00:23:34.999 [main] INFO  AV.BMS - obstacle distance 1908 currenttime 905.0
inside
00:23:35.957 [main] INFO  AV.BMS - obstacle distance 1907 currenttime 924.0
inside
00:23:35.995 [main] INFO  AV.BMS - obstacle distance 1906 currenttime 925.0
inside
00:23:36.947 [main] INFO  AV.BMS - obstacle distance 1905 currenttime 944.0
inside
00:23:36.996 [main] INFO  AV.BMS - obstacle distance 1904 currenttime 945.0
inside
00:23:37.962 [main] INFO  AV.BMS - obstacle distance 1903 currenttime 964.0
inside
00:23:38.008 [main] INFO  AV.BMS - obstacle distance 1902 currenttime 965.0
inside
00:23:38.945 [main] INFO  AV.BMS - obstacle distance 1901 currenttime 984.0
inside
00:23:38.977 [main] INFO  AV.BMS - obstacle distance 1900 currenttime 985.0
inside
00:23:39.911 [main] INFO  AV.BMS - obstacle distance 1899 currenttime 1004.0
inside
00:23:39.924 [main] INFO  AV.BMS - obstacle distance 1898 currenttime 1005.0
inside
00:23:40.950 [main] INFO  AV.BMS - obstacle distance 1897 currenttime 1024.0
inside
00:23:40.988 [main] INFO  AV.BMS - obstacle distance 1896 currenttime 1025.0
inside
00:23:41.915 [main] INFO  AV.BMS - obstacle distance 1895 currenttime 1044.0
inside
00:23:41.964 [main] INFO  AV.BMS - obstacle distance 1894 currenttime 1045.0
inside
00:23:42.960 [main] INFO  AV.BMS - obstacle distance 1893 currenttime 1064.0
inside
00:23:42.993 [main] INFO  AV.BMS - obstacle distance 1892 currenttime 1065.0
inside
00:23:43.984 [main] INFO  AV.BMS - obstacle distance 1891 currenttime 1084.0
inside
00:23:44.021 [main] INFO  AV.BMS - obstacle distance 1890 currenttime 1085.0
inside
00:23:45.011 [main] INFO  AV.BMS - obstacle distance 1889 currenttime 1104.0
inside
00:23:45.065 [main] INFO  AV.BMS - obstacle distance 1888 currenttime 1105.0
inside
00:23:46.151 [main] INFO  AV.BMS - obstacle distance 1887 currenttime 1124.0
inside
00:23:46.200 [main] INFO  AV.BMS - obstacle distance 1886 currenttime 1125.0
inside
00:23:47.127 [main] INFO  AV.BMS - obstacle distance 1885 currenttime 1144.0
inside
00:23:47.187 [main] INFO  AV.BMS - obstacle distance 1884 currenttime 1145.0
inside
00:23:48.121 [main] INFO  AV.BMS - obstacle distance 1883 currenttime 1164.0
inside
00:23:48.150 [main] INFO  AV.BMS - obstacle distance 1882 currenttime 1165.0
inside
00:23:49.078 [main] INFO  AV.BMS - obstacle distance 1881 currenttime 1184.0
inside
00:23:49.165 [main] INFO  AV.BMS - obstacle distance 1880 currenttime 1185.0
inside
00:23:50.146 [main] INFO  AV.BMS - obstacle distance 1879 currenttime 1204.0
inside
00:23:50.198 [main] INFO  AV.BMS - obstacle distance 1878 currenttime 1205.0
inside
00:23:51.112 [main] INFO  AV.BMS - obstacle distance 1877 currenttime 1224.0
inside
00:23:51.158 [main] INFO  AV.BMS - obstacle distance 1876 currenttime 1225.0
inside
00:23:52.084 [main] INFO  AV.BMS - obstacle distance 1875 currenttime 1244.0
inside
00:23:52.108 [main] INFO  AV.BMS - obstacle distance 1874 currenttime 1245.0
inside
00:23:53.112 [main] INFO  AV.BMS - obstacle distance 1873 currenttime 1264.0
inside
00:23:53.154 [main] INFO  AV.BMS - obstacle distance 1872 currenttime 1265.0
inside
00:23:54.094 [main] INFO  AV.BMS - obstacle distance 1871 currenttime 1284.0
inside
00:23:54.141 [main] INFO  AV.BMS - obstacle distance 1870 currenttime 1285.0
inside
00:23:55.087 [main] INFO  AV.BMS - obstacle distance 1869 currenttime 1304.0
inside
00:23:55.135 [main] INFO  AV.BMS - obstacle distance 1868 currenttime 1305.0
inside
00:23:56.022 [main] INFO  AV.BMS - obstacle distance 1867 currenttime 1324.0
inside
00:23:56.081 [main] INFO  AV.BMS - obstacle distance 1866 currenttime 1325.0
inside
00:23:57.125 [main] INFO  AV.BMS - obstacle distance 1865 currenttime 1344.0
inside
00:23:57.171 [main] INFO  AV.BMS - obstacle distance 1864 currenttime 1345.0
inside
00:23:58.040 [main] INFO  AV.BMS - obstacle distance 1863 currenttime 1364.0
inside
00:23:58.108 [main] INFO  AV.BMS - obstacle distance 1862 currenttime 1365.0
inside
00:23:59.112 [main] INFO  AV.BMS - obstacle distance 1861 currenttime 1384.0
inside
00:23:59.170 [main] INFO  AV.BMS - obstacle distance 1860 currenttime 1385.0
inside
00:24:00.132 [main] INFO  AV.BMS - obstacle distance 1859 currenttime 1404.0
inside
00:24:00.185 [main] INFO  AV.BMS - obstacle distance 1858 currenttime 1405.0
inside
00:24:01.083 [main] INFO  AV.BMS - obstacle distance 1857 currenttime 1424.0
inside
00:24:01.127 [main] INFO  AV.BMS - obstacle distance 1856 currenttime 1425.0
inside
00:24:02.111 [main] INFO  AV.BMS - obstacle distance 1855 currenttime 1444.0
inside
00:24:02.142 [main] INFO  AV.BMS - obstacle distance 1854 currenttime 1445.0
inside
00:24:03.055 [main] INFO  AV.BMS - obstacle distance 1853 currenttime 1464.0
inside
00:24:03.100 [main] INFO  AV.BMS - obstacle distance 1852 currenttime 1465.0
inside
00:24:04.022 [main] INFO  AV.BMS - obstacle distance 1851 currenttime 1484.0
inside
00:24:04.074 [main] INFO  AV.BMS - obstacle distance 1850 currenttime 1485.0
inside
00:24:05.020 [main] INFO  AV.BMS - obstacle distance 1849 currenttime 1504.0
inside
00:24:05.070 [main] INFO  AV.BMS - obstacle distance 1848 currenttime 1505.0
inside
00:24:06.043 [main] INFO  AV.BMS - obstacle distance 1847 currenttime 1524.0
inside
00:24:06.099 [main] INFO  AV.BMS - obstacle distance 1846 currenttime 1525.0
inside
00:24:07.060 [main] INFO  AV.BMS - obstacle distance 1845 currenttime 1544.0
inside
00:24:07.105 [main] INFO  AV.BMS - obstacle distance 1844 currenttime 1545.0
inside
00:24:08.054 [main] INFO  AV.BMS - obstacle distance 1843 currenttime 1564.0
inside
00:24:08.099 [main] INFO  AV.BMS - obstacle distance 1842 currenttime 1565.0
inside
00:24:09.063 [main] INFO  AV.BMS - obstacle distance 1841 currenttime 1584.0
inside
00:24:09.107 [main] INFO  AV.BMS - obstacle distance 1840 currenttime 1585.0
inside
00:24:10.053 [main] INFO  AV.BMS - obstacle distance 1839 currenttime 1604.0
inside
00:24:10.106 [main] INFO  AV.BMS - obstacle distance 1838 currenttime 1605.0
inside
00:24:11.207 [main] INFO  AV.BMS - obstacle distance 1837 currenttime 1624.0
inside
00:24:11.260 [main] INFO  AV.BMS - obstacle distance 1836 currenttime 1625.0
inside
00:24:12.188 [main] INFO  AV.BMS - obstacle distance 1835 currenttime 1644.0
inside
00:24:12.250 [main] INFO  AV.BMS - obstacle distance 1834 currenttime 1645.0
inside
00:24:13.186 [main] INFO  AV.BMS - obstacle distance 1833 currenttime 1664.0
inside
00:24:13.240 [main] INFO  AV.BMS - obstacle distance 1832 currenttime 1665.0
inside
00:24:14.244 [main] INFO  AV.BMS - obstacle distance 1831 currenttime 1684.0
inside
00:24:14.299 [main] INFO  AV.BMS - obstacle distance 1830 currenttime 1685.0
inside
00:24:15.262 [main] INFO  AV.BMS - obstacle distance 1829 currenttime 1704.0
inside
00:24:15.312 [main] INFO  AV.BMS - obstacle distance 1828 currenttime 1705.0
inside
00:24:16.336 [main] INFO  AV.BMS - obstacle distance 1827 currenttime 1724.0
inside
00:24:16.390 [main] INFO  AV.BMS - obstacle distance 1826 currenttime 1725.0
