
-------------------------------------------------------------------
GMS: address=vagrant-36998, cluster=AV, physical address=192.168.56.101:57584
-------------------------------------------------------------------
ERROR [main] portico.lrc: federation doesn't exist: AV
org.portico.lrc.compat.JFederationExecutionDoesNotExist: federation doesn't exist: AV
	at org.portico.bindings.jgroups.Federation.sendJoinFederation(Federation.java:259)
	at org.portico.bindings.jgroups.JGroupsConnection.joinFederation(JGroupsConnection.java:251)
	at org.portico.lrc.services.federation.handlers.outgoing.JoinFederationHandler.process(JoinFederationHandler.java:105)
	at org.portico.utils.messaging.MessageSink.process(MessageSink.java:187)
	at org.portico.impl.hla13.Impl13Helper.processMessage(Impl13Helper.java:123)
	at org.portico.impl.hla13.Rti13Ambassador.processMessage(Rti13Ambassador.java:5822)
	at org.portico.impl.hla13.Rti13Ambassador.joinFederationExecution(Rti13Ambassador.java:321)
	at org.portico.impl.hla13.Rti13Ambassador.joinFederationExecution(Rti13Ambassador.java:387)
	at org.cpswt.hla.SynchronizedFederate.joinFederation(SynchronizedFederate.java:246)
	at AV.BMSBase.<init>(BMSBase.java:27)
	at AV.BMS.<init>(BMS.java:27)
	at AV.BMS.main(BMS.java:219)
17:49:34.067 [main] WARN  org.cpswt.hla.SynchronizedFederate - Federation with the name AV doesn't exist (yet). Trying to wait and join...
ERROR [main] portico.lrc: federation doesn't exist: AV
org.portico.lrc.compat.JFederationExecutionDoesNotExist: federation doesn't exist: AV
	at org.portico.bindings.jgroups.Federation.sendJoinFederation(Federation.java:259)
	at org.portico.bindings.jgroups.JGroupsConnection.joinFederation(JGroupsConnection.java:251)
	at org.portico.lrc.services.federation.handlers.outgoing.JoinFederationHandler.process(JoinFederationHandler.java:105)
	at org.portico.utils.messaging.MessageSink.process(MessageSink.java:187)
	at org.portico.impl.hla13.Impl13Helper.processMessage(Impl13Helper.java:123)
	at org.portico.impl.hla13.Rti13Ambassador.processMessage(Rti13Ambassador.java:5822)
	at org.portico.impl.hla13.Rti13Ambassador.joinFederationExecution(Rti13Ambassador.java:321)
	at org.portico.impl.hla13.Rti13Ambassador.joinFederationExecution(Rti13Ambassador.java:387)
	at org.cpswt.hla.SynchronizedFederate.joinFederation(SynchronizedFederate.java:246)
	at AV.BMSBase.<init>(BMSBase.java:27)
	at AV.BMS.<init>(BMS.java:27)
	at AV.BMS.main(BMS.java:219)
17:49:34.591 [main] WARN  org.cpswt.hla.SynchronizedFederate - Federation with the name AV doesn't exist (yet). Trying to wait and join...
ERROR [main] portico.lrc: federation doesn't exist: AV
org.portico.lrc.compat.JFederationExecutionDoesNotExist: federation doesn't exist: AV
	at org.portico.bindings.jgroups.Federation.sendJoinFederation(Federation.java:259)
	at org.portico.bindings.jgroups.JGroupsConnection.joinFederation(JGroupsConnection.java:251)
	at org.portico.lrc.services.federation.handlers.outgoing.JoinFederationHandler.process(JoinFederationHandler.java:105)
	at org.portico.utils.messaging.MessageSink.process(MessageSink.java:187)
	at org.portico.impl.hla13.Impl13Helper.processMessage(Impl13Helper.java:123)
	at org.portico.impl.hla13.Rti13Ambassador.processMessage(Rti13Ambassador.java:5822)
	at org.portico.impl.hla13.Rti13Ambassador.joinFederationExecution(Rti13Ambassador.java:321)
	at org.portico.impl.hla13.Rti13Ambassador.joinFederationExecution(Rti13Ambassador.java:387)
	at org.cpswt.hla.SynchronizedFederate.joinFederation(SynchronizedFederate.java:246)
	at AV.BMSBase.<init>(BMSBase.java:27)
	at AV.BMS.<init>(BMS.java:27)
	at AV.BMS.main(BMS.java:219)
17:49:35.100 [main] WARN  org.cpswt.hla.SynchronizedFederate - Federation with the name AV doesn't exist (yet). Trying to wait and join...
ERROR [main] portico.lrc: federation doesn't exist: AV
org.portico.lrc.compat.JFederationExecutionDoesNotExist: federation doesn't exist: AV
	at org.portico.bindings.jgroups.Federation.sendJoinFederation(Federation.java:259)
	at org.portico.bindings.jgroups.JGroupsConnection.joinFederation(JGroupsConnection.java:251)
	at org.portico.lrc.services.federation.handlers.outgoing.JoinFederationHandler.process(JoinFederationHandler.java:105)
	at org.portico.utils.messaging.MessageSink.process(MessageSink.java:187)
	at org.portico.impl.hla13.Impl13Helper.processMessage(Impl13Helper.java:123)
	at org.portico.impl.hla13.Rti13Ambassador.processMessage(Rti13Ambassador.java:5822)
	at org.portico.impl.hla13.Rti13Ambassador.joinFederationExecution(Rti13Ambassador.java:321)
	at org.portico.impl.hla13.Rti13Ambassador.joinFederationExecution(Rti13Ambassador.java:387)
	at org.cpswt.hla.SynchronizedFederate.joinFederation(SynchronizedFederate.java:246)
	at AV.BMSBase.<init>(BMSBase.java:27)
	at AV.BMS.<init>(BMS.java:27)
	at AV.BMS.main(BMS.java:219)
17:49:35.604 [main] WARN  org.cpswt.hla.SynchronizedFederate - Federation with the name AV doesn't exist (yet). Trying to wait and join...
ERROR [main] portico.lrc: federation doesn't exist: AV
org.portico.lrc.compat.JFederationExecutionDoesNotExist: federation doesn't exist: AV
	at org.portico.bindings.jgroups.Federation.sendJoinFederation(Federation.java:259)
	at org.portico.bindings.jgroups.JGroupsConnection.joinFederation(JGroupsConnection.java:251)
	at org.portico.lrc.services.federation.handlers.outgoing.JoinFederationHandler.process(JoinFederationHandler.java:105)
	at org.portico.utils.messaging.MessageSink.process(MessageSink.java:187)
	at org.portico.impl.hla13.Impl13Helper.processMessage(Impl13Helper.java:123)
	at org.portico.impl.hla13.Rti13Ambassador.processMessage(Rti13Ambassador.java:5822)
	at org.portico.impl.hla13.Rti13Ambassador.joinFederationExecution(Rti13Ambassador.java:321)
	at org.portico.impl.hla13.Rti13Ambassador.joinFederationExecution(Rti13Ambassador.java:387)
	at org.cpswt.hla.SynchronizedFederate.joinFederation(SynchronizedFederate.java:246)
	at AV.BMSBase.<init>(BMSBase.java:27)
	at AV.BMS.<init>(BMS.java:27)
	at AV.BMS.main(BMS.java:219)
17:49:36.106 [main] WARN  org.cpswt.hla.SynchronizedFederate - Federation with the name AV doesn't exist (yet). Trying to wait and join...
ERROR [main] portico.lrc: federation doesn't exist: AV
org.portico.lrc.compat.JFederationExecutionDoesNotExist: federation doesn't exist: AV
	at org.portico.bindings.jgroups.Federation.sendJoinFederation(Federation.java:259)
	at org.portico.bindings.jgroups.JGroupsConnection.joinFederation(JGroupsConnection.java:251)
	at org.portico.lrc.services.federation.handlers.outgoing.JoinFederationHandler.process(JoinFederationHandler.java:105)
	at org.portico.utils.messaging.MessageSink.process(MessageSink.java:187)
	at org.portico.impl.hla13.Impl13Helper.processMessage(Impl13Helper.java:123)
	at org.portico.impl.hla13.Rti13Ambassador.processMessage(Rti13Ambassador.java:5822)
	at org.portico.impl.hla13.Rti13Ambassador.joinFederationExecution(Rti13Ambassador.java:321)
	at org.portico.impl.hla13.Rti13Ambassador.joinFederationExecution(Rti13Ambassador.java:387)
	at org.cpswt.hla.SynchronizedFederate.joinFederation(SynchronizedFederate.java:246)
	at AV.BMSBase.<init>(BMSBase.java:27)
	at AV.BMS.<init>(BMS.java:27)
	at AV.BMS.main(BMS.java:219)
17:49:36.609 [main] WARN  org.cpswt.hla.SynchronizedFederate - Federation with the name AV doesn't exist (yet). Trying to wait and join...
ERROR [main] portico.lrc: federation doesn't exist: AV
org.portico.lrc.compat.JFederationExecutionDoesNotExist: federation doesn't exist: AV
	at org.portico.bindings.jgroups.Federation.sendJoinFederation(Federation.java:259)
	at org.portico.bindings.jgroups.JGroupsConnection.joinFederation(JGroupsConnection.java:251)
	at org.portico.lrc.services.federation.handlers.outgoing.JoinFederationHandler.process(JoinFederationHandler.java:105)
	at org.portico.utils.messaging.MessageSink.process(MessageSink.java:187)
	at org.portico.impl.hla13.Impl13Helper.processMessage(Impl13Helper.java:123)
	at org.portico.impl.hla13.Rti13Ambassador.processMessage(Rti13Ambassador.java:5822)
	at org.portico.impl.hla13.Rti13Ambassador.joinFederationExecution(Rti13Ambassador.java:321)
	at org.portico.impl.hla13.Rti13Ambassador.joinFederationExecution(Rti13Ambassador.java:387)
	at org.cpswt.hla.SynchronizedFederate.joinFederation(SynchronizedFederate.java:246)
	at AV.BMSBase.<init>(BMSBase.java:27)
	at AV.BMS.<init>(BMS.java:27)
	at AV.BMS.main(BMS.java:219)
17:49:37.122 [main] WARN  org.cpswt.hla.SynchronizedFederate - Federation with the name AV doesn't exist (yet). Trying to wait and join...
ERROR [main] portico.lrc: federation doesn't exist: AV
org.portico.lrc.compat.JFederationExecutionDoesNotExist: federation doesn't exist: AV
	at org.portico.bindings.jgroups.Federation.sendJoinFederation(Federation.java:259)
	at org.portico.bindings.jgroups.JGroupsConnection.joinFederation(JGroupsConnection.java:251)
	at org.portico.lrc.services.federation.handlers.outgoing.JoinFederationHandler.process(JoinFederationHandler.java:105)
	at org.portico.utils.messaging.MessageSink.process(MessageSink.java:187)
	at org.portico.impl.hla13.Impl13Helper.processMessage(Impl13Helper.java:123)
	at org.portico.impl.hla13.Rti13Ambassador.processMessage(Rti13Ambassador.java:5822)
	at org.portico.impl.hla13.Rti13Ambassador.joinFederationExecution(Rti13Ambassador.java:321)
	at org.portico.impl.hla13.Rti13Ambassador.joinFederationExecution(Rti13Ambassador.java:387)
	at org.cpswt.hla.SynchronizedFederate.joinFederation(SynchronizedFederate.java:246)
	at AV.BMSBase.<init>(BMSBase.java:27)
	at AV.BMS.<init>(BMS.java:27)
	at AV.BMS.main(BMS.java:219)
17:49:37.625 [main] WARN  org.cpswt.hla.SynchronizedFederate - Federation with the name AV doesn't exist (yet). Trying to wait and join...
ERROR [main] portico.lrc: federation doesn't exist: AV
org.portico.lrc.compat.JFederationExecutionDoesNotExist: federation doesn't exist: AV
	at org.portico.bindings.jgroups.Federation.sendJoinFederation(Federation.java:259)
	at org.portico.bindings.jgroups.JGroupsConnection.joinFederation(JGroupsConnection.java:251)
	at org.portico.lrc.services.federation.handlers.outgoing.JoinFederationHandler.process(JoinFederationHandler.java:105)
	at org.portico.utils.messaging.MessageSink.process(MessageSink.java:187)
	at org.portico.impl.hla13.Impl13Helper.processMessage(Impl13Helper.java:123)
	at org.portico.impl.hla13.Rti13Ambassador.processMessage(Rti13Ambassador.java:5822)
	at org.portico.impl.hla13.Rti13Ambassador.joinFederationExecution(Rti13Ambassador.java:321)
	at org.portico.impl.hla13.Rti13Ambassador.joinFederationExecution(Rti13Ambassador.java:387)
	at org.cpswt.hla.SynchronizedFederate.joinFederation(SynchronizedFederate.java:246)
	at AV.BMSBase.<init>(BMSBase.java:27)
	at AV.BMS.<init>(BMS.java:27)
	at AV.BMS.main(BMS.java:219)
17:49:38.127 [main] WARN  org.cpswt.hla.SynchronizedFederate - Federation with the name AV doesn't exist (yet). Trying to wait and join...
ERROR [main] portico.lrc: federation doesn't exist: AV
org.portico.lrc.compat.JFederationExecutionDoesNotExist: federation doesn't exist: AV
	at org.portico.bindings.jgroups.Federation.sendJoinFederation(Federation.java:259)
	at org.portico.bindings.jgroups.JGroupsConnection.joinFederation(JGroupsConnection.java:251)
	at org.portico.lrc.services.federation.handlers.outgoing.JoinFederationHandler.process(JoinFederationHandler.java:105)
	at org.portico.utils.messaging.MessageSink.process(MessageSink.java:187)
	at org.portico.impl.hla13.Impl13Helper.processMessage(Impl13Helper.java:123)
	at org.portico.impl.hla13.Rti13Ambassador.processMessage(Rti13Ambassador.java:5822)
	at org.portico.impl.hla13.Rti13Ambassador.joinFederationExecution(Rti13Ambassador.java:321)
	at org.portico.impl.hla13.Rti13Ambassador.joinFederationExecution(Rti13Ambassador.java:387)
	at org.cpswt.hla.SynchronizedFederate.joinFederation(SynchronizedFederate.java:246)
	at AV.BMSBase.<init>(BMSBase.java:27)
	at AV.BMS.<init>(BMS.java:27)
	at AV.BMS.main(BMS.java:219)
17:49:38.631 [main] ERROR org.cpswt.hla.SynchronizedFederate - Federation was not found with the name {}. Quitting...
ERROR [main] portico.lrc: 
org.portico.lrc.compat.JFederateNotExecutionMember: 
	at org.portico.lrc.LRCState.checkJoined(LRCState.java:427)
	at org.portico.lrc.services.time.handlers.outgoing.EnableTimeConstrainedHandler.process(EnableTimeConstrainedHandler.java:55)
	at org.portico.utils.messaging.MessageSink.process(MessageSink.java:187)
	at org.portico.impl.hla13.Impl13Helper.processMessage(Impl13Helper.java:123)
	at org.portico.impl.hla13.Rti13Ambassador.processMessage(Rti13Ambassador.java:5822)
	at org.portico.impl.hla13.Rti13Ambassador.enableTimeConstrained(Rti13Ambassador.java:3362)
	at org.cpswt.hla.SynchronizedFederate.enableTimeConstrained(SynchronizedFederate.java:351)
	at AV.BMSBase.<init>(BMSBase.java:29)
	at AV.BMS.<init>(BMS.java:27)
	at AV.BMS.main(BMS.java:219)
17:49:38.634 [main] ERROR AV.BMS - hla.rti.FederateNotExecutionMember: org.portico.lrc.compat.JFederateNotExecutionMember:  serial:0
