
-------------------------------------------------------------------
GMS: address=vagrant-49632, cluster=AV, physical address=10.0.2.15:56699
-------------------------------------------------------------------
19:28:20.978 [main] INFO  AV.BMS - waiting on readyToPopulate...
19:28:52.248 [main] INFO  AV.BMS - ...synchronized on readyToPopulate
19:28:52.249 [main] INFO  AV.BMS - waiting on readyToRun...
19:28:52.507 [main] INFO  AV.BMS - ...synchronized on readyToRun
19:28:52.510 [main] INFO  AV.BMS - started logical time progression
inside
19:28:52.511 [main] INFO  AV.BMS - obstacle distance 19 currenttime 0.0
inside
19:28:52.652 [main] INFO  AV.BMS - obstacle distance 18 currenttime 1.0
inside
19:28:53.669 [main] INFO  AV.BMS - obstacle distance 17 currenttime 2.0
inside
19:28:53.744 [main] INFO  AV.BMS - obstacle distance 16 currenttime 3.0
inside
19:28:53.808 [main] INFO  AV.BMS - obstacle distance 15 currenttime 4.0
inside
19:28:53.808 [main] INFO  AV.BMS - obstacle distance 14 currenttime 4.0
inside
19:28:53.887 [main] INFO  AV.BMS - obstacle distance 13 currenttime 5.0
inside
19:28:53.888 [main] INFO  AV.BMS - obstacle distance 12 currenttime 5.0
inside
19:28:53.948 [main] INFO  AV.BMS - obstacle distance 11 currenttime 6.0
inside
19:28:54.018 [main] INFO  AV.BMS - obstacle distance 10 currenttime 7.0
inside
19:28:54.071 [main] INFO  AV.BMS - obstacle distance 9 currenttime 8.0
inside
19:28:54.159 [main] INFO  AV.BMS - obstacle distance 8 currenttime 9.0
inside
19:28:54.221 [main] INFO  AV.BMS - obstacle distance 7 currenttime 10.0
inside
19:28:54.303 [main] INFO  AV.BMS - obstacle distance 6 currenttime 11.0
inside
19:28:54.364 [main] INFO  AV.BMS - obstacle distance 5 currenttime 12.0
inside
19:28:54.430 [main] INFO  AV.BMS - obstacle distance 4 currenttime 13.0
inside
19:28:54.534 [main] INFO  AV.BMS - obstacle distance 3 currenttime 14.0
inside
19:28:54.590 [main] INFO  AV.BMS - obstacle distance 2 currenttime 15.0
inside
19:28:54.648 [main] INFO  AV.BMS - obstacle distance 1 currenttime 16.0
inside
19:28:54.723 [main] INFO  AV.BMS - obstacle distance 0 currenttime 17.0
