2018-44-28 20:44:25 [main] INFO  gov.nist.hla.federates.database.Database - Reading JSON configuration file at conf/Database.json
2018-44-28 20:44:25 [main] INFO  gov.nist.hla.gateway.ObjectModel - creating object model from conf/AV.xml
2018-44-28 20:44:26 [main] TRACE gov.nist.sds4emf.AbstractSerializeDeserialize - AbstractSerializeDeserialize==>org.eclipse.emf.ecore.resource.impl.ResourceSetImpl@3a62c01e resources=[]
2018-44-28 20:44:26 [main] TRACE gov.nist.sds4emf.AbstractSerializeDeserialize - <==AbstractSerializeDeserialize
2018-44-28 20:44:26 [main] TRACE gov.nist.hla.gateway.ObjectModel - initializeInteractionVariables
2018-44-28 20:44:26 [main] TRACE gov.nist.hla.gateway.ObjectModel - processInteractionClass InteractionRoot
2018-44-28 20:44:26 [main] TRACE gov.nist.hla.gateway.ObjectModel - 	with parameters []
2018-44-28 20:44:26 [main] DEBUG gov.nist.hla.gateway.ObjectModel - processed InteractionRoot with 0 parameters
2018-44-28 20:44:26 [main] TRACE gov.nist.hla.gateway.ObjectModel - processInteractionClass C2WInteractionRoot
2018-44-28 20:44:26 [main] TRACE gov.nist.hla.gateway.ObjectModel - 	with parameters [originFed, federateFilter, sourceFed, actualLogicalGenerationTime]
2018-44-28 20:44:26 [main] DEBUG gov.nist.hla.gateway.ObjectModel - processed InteractionRoot.C2WInteractionRoot with 4 parameters
2018-44-28 20:44:26 [main] TRACE gov.nist.hla.gateway.ObjectModel - processInteractionClass ActionBase
2018-44-28 20:44:26 [main] TRACE gov.nist.hla.gateway.ObjectModel - 	with parameters []
2018-44-28 20:44:26 [main] TRACE gov.nist.hla.gateway.ObjectModel - 	with inherited parameter sourceFed
2018-44-28 20:44:26 [main] TRACE gov.nist.hla.gateway.ObjectModel - 	with inherited parameter federateFilter
2018-44-28 20:44:26 [main] TRACE gov.nist.hla.gateway.ObjectModel - 	with inherited parameter originFed
2018-44-28 20:44:26 [main] TRACE gov.nist.hla.gateway.ObjectModel - 	with inherited parameter actualLogicalGenerationTime
2018-44-28 20:44:26 [main] TRACE gov.nist.hla.gateway.ObjectModel - 	marked as publication
2018-44-28 20:44:26 [main] TRACE gov.nist.hla.gateway.ObjectModel - 	marked as subscription
2018-44-28 20:44:26 [main] DEBUG gov.nist.hla.gateway.ObjectModel - processed InteractionRoot.C2WInteractionRoot.ActionBase with 4 parameters
2018-44-28 20:44:26 [main] TRACE gov.nist.hla.gateway.ObjectModel - processInteractionClass FederateJoinInteraction
2018-44-28 20:44:26 [main] TRACE gov.nist.hla.gateway.ObjectModel - 	with parameters [FederateType, IsLateJoiner, FederateId]
2018-44-28 20:44:26 [main] TRACE gov.nist.hla.gateway.ObjectModel - 	with inherited parameter sourceFed
2018-44-28 20:44:26 [main] TRACE gov.nist.hla.gateway.ObjectModel - 	with inherited parameter federateFilter
2018-44-28 20:44:26 [main] TRACE gov.nist.hla.gateway.ObjectModel - 	with inherited parameter originFed
2018-44-28 20:44:26 [main] TRACE gov.nist.hla.gateway.ObjectModel - 	with inherited parameter actualLogicalGenerationTime
2018-44-28 20:44:26 [main] TRACE gov.nist.hla.gateway.ObjectModel - 	marked as publication
2018-44-28 20:44:26 [main] TRACE gov.nist.hla.gateway.ObjectModel - 	marked as subscription
2018-44-28 20:44:26 [main] DEBUG gov.nist.hla.gateway.ObjectModel - processed InteractionRoot.C2WInteractionRoot.FederateJoinInteraction with 7 parameters
2018-44-28 20:44:26 [main] TRACE gov.nist.hla.gateway.ObjectModel - processInteractionClass FederateResignInteraction
2018-44-28 20:44:26 [main] TRACE gov.nist.hla.gateway.ObjectModel - 	with parameters [FederateType, IsLateJoiner, FederateId]
2018-44-28 20:44:26 [main] TRACE gov.nist.hla.gateway.ObjectModel - 	with inherited parameter sourceFed
2018-44-28 20:44:26 [main] TRACE gov.nist.hla.gateway.ObjectModel - 	with inherited parameter federateFilter
2018-44-28 20:44:26 [main] TRACE gov.nist.hla.gateway.ObjectModel - 	with inherited parameter originFed
2018-44-28 20:44:26 [main] TRACE gov.nist.hla.gateway.ObjectModel - 	with inherited parameter actualLogicalGenerationTime
2018-44-28 20:44:26 [main] TRACE gov.nist.hla.gateway.ObjectModel - 	marked as publication
2018-44-28 20:44:26 [main] TRACE gov.nist.hla.gateway.ObjectModel - 	marked as subscription
2018-44-28 20:44:26 [main] DEBUG gov.nist.hla.gateway.ObjectModel - processed InteractionRoot.C2WInteractionRoot.FederateResignInteraction with 7 parameters
2018-44-28 20:44:26 [main] TRACE gov.nist.hla.gateway.ObjectModel - processInteractionClass OutcomeBase
2018-44-28 20:44:26 [main] TRACE gov.nist.hla.gateway.ObjectModel - 	with parameters []
2018-44-28 20:44:26 [main] TRACE gov.nist.hla.gateway.ObjectModel - 	with inherited parameter sourceFed
2018-44-28 20:44:26 [main] TRACE gov.nist.hla.gateway.ObjectModel - 	with inherited parameter federateFilter
2018-44-28 20:44:26 [main] TRACE gov.nist.hla.gateway.ObjectModel - 	with inherited parameter originFed
2018-44-28 20:44:26 [main] TRACE gov.nist.hla.gateway.ObjectModel - 	with inherited parameter actualLogicalGenerationTime
2018-44-28 20:44:26 [main] TRACE gov.nist.hla.gateway.ObjectModel - 	marked as publication
2018-44-28 20:44:26 [main] TRACE gov.nist.hla.gateway.ObjectModel - 	marked as subscription
2018-44-28 20:44:26 [main] DEBUG gov.nist.hla.gateway.ObjectModel - processed InteractionRoot.C2WInteractionRoot.OutcomeBase with 4 parameters
2018-44-28 20:44:26 [main] TRACE gov.nist.hla.gateway.ObjectModel - processInteractionClass SimLog
2018-44-28 20:44:26 [main] TRACE gov.nist.hla.gateway.ObjectModel - 	with parameters [Comment, FedName, Time]
2018-44-28 20:44:26 [main] TRACE gov.nist.hla.gateway.ObjectModel - 	with inherited parameter sourceFed
2018-44-28 20:44:26 [main] TRACE gov.nist.hla.gateway.ObjectModel - 	with inherited parameter federateFilter
2018-44-28 20:44:26 [main] TRACE gov.nist.hla.gateway.ObjectModel - 	with inherited parameter originFed
2018-44-28 20:44:26 [main] TRACE gov.nist.hla.gateway.ObjectModel - 	with inherited parameter actualLogicalGenerationTime
2018-44-28 20:44:26 [main] TRACE gov.nist.hla.gateway.ObjectModel - 	marked as publication
2018-44-28 20:44:26 [main] TRACE gov.nist.hla.gateway.ObjectModel - 	marked as subscription
2018-44-28 20:44:26 [main] DEBUG gov.nist.hla.gateway.ObjectModel - processed InteractionRoot.C2WInteractionRoot.SimLog with 7 parameters
2018-44-28 20:44:26 [main] TRACE gov.nist.hla.gateway.ObjectModel - processInteractionClass SimulationControl
2018-44-28 20:44:26 [main] TRACE gov.nist.hla.gateway.ObjectModel - 	with parameters []
2018-44-28 20:44:26 [main] TRACE gov.nist.hla.gateway.ObjectModel - 	with inherited parameter sourceFed
2018-44-28 20:44:26 [main] TRACE gov.nist.hla.gateway.ObjectModel - 	with inherited parameter federateFilter
2018-44-28 20:44:26 [main] TRACE gov.nist.hla.gateway.ObjectModel - 	with inherited parameter originFed
2018-44-28 20:44:26 [main] TRACE gov.nist.hla.gateway.ObjectModel - 	with inherited parameter actualLogicalGenerationTime
2018-44-28 20:44:26 [main] TRACE gov.nist.hla.gateway.ObjectModel - 	marked as publication
2018-44-28 20:44:26 [main] TRACE gov.nist.hla.gateway.ObjectModel - 	marked as subscription
2018-44-28 20:44:26 [main] DEBUG gov.nist.hla.gateway.ObjectModel - processed InteractionRoot.C2WInteractionRoot.SimulationControl with 4 parameters
2018-44-28 20:44:26 [main] TRACE gov.nist.hla.gateway.ObjectModel - processInteractionClass CAN
2018-44-28 20:44:26 [main] TRACE gov.nist.hla.gateway.ObjectModel - 	with parameters [ID11B, ID18B, ACKslot, EndOfFrame, IDE, StartOfFrame, RTR, ReservedBit1, SRR, ReservedBit2, DataField, CRC, Parameter, DLC]
2018-44-28 20:44:26 [main] TRACE gov.nist.hla.gateway.ObjectModel - 	with inherited parameter sourceFed
2018-44-28 20:44:26 [main] TRACE gov.nist.hla.gateway.ObjectModel - 	with inherited parameter federateFilter
2018-44-28 20:44:26 [main] TRACE gov.nist.hla.gateway.ObjectModel - 	with inherited parameter originFed
2018-44-28 20:44:26 [main] TRACE gov.nist.hla.gateway.ObjectModel - 	with inherited parameter actualLogicalGenerationTime
2018-44-28 20:44:26 [main] TRACE gov.nist.hla.gateway.ObjectModel - 	marked as publication
2018-44-28 20:44:26 [main] TRACE gov.nist.hla.gateway.ObjectModel - 	marked as subscription
2018-44-28 20:44:26 [main] DEBUG gov.nist.hla.gateway.ObjectModel - processed InteractionRoot.C2WInteractionRoot.CAN with 18 parameters
2018-44-28 20:44:26 [main] TRACE gov.nist.hla.gateway.ObjectModel - processInteractionClass HighPrio
2018-44-28 20:44:26 [main] TRACE gov.nist.hla.gateway.ObjectModel - 	with parameters []
2018-44-28 20:44:26 [main] TRACE gov.nist.hla.gateway.ObjectModel - 	with inherited parameter sourceFed
2018-44-28 20:44:26 [main] TRACE gov.nist.hla.gateway.ObjectModel - 	with inherited parameter FedName
2018-44-28 20:44:26 [main] TRACE gov.nist.hla.gateway.ObjectModel - 	with inherited parameter federateFilter
2018-44-28 20:44:26 [main] TRACE gov.nist.hla.gateway.ObjectModel - 	with inherited parameter originFed
2018-44-28 20:44:26 [main] TRACE gov.nist.hla.gateway.ObjectModel - 	with inherited parameter Comment
2018-44-28 20:44:26 [main] TRACE gov.nist.hla.gateway.ObjectModel - 	with inherited parameter Time
2018-44-28 20:44:26 [main] TRACE gov.nist.hla.gateway.ObjectModel - 	with inherited parameter actualLogicalGenerationTime
2018-44-28 20:44:26 [main] TRACE gov.nist.hla.gateway.ObjectModel - 	marked as publication
2018-44-28 20:44:26 [main] TRACE gov.nist.hla.gateway.ObjectModel - 	marked as subscription
2018-44-28 20:44:26 [main] DEBUG gov.nist.hla.gateway.ObjectModel - processed InteractionRoot.C2WInteractionRoot.SimLog.HighPrio with 7 parameters
2018-44-28 20:44:26 [main] TRACE gov.nist.hla.gateway.ObjectModel - processInteractionClass LowPrio
2018-44-28 20:44:26 [main] TRACE gov.nist.hla.gateway.ObjectModel - 	with parameters []
2018-44-28 20:44:26 [main] TRACE gov.nist.hla.gateway.ObjectModel - 	with inherited parameter sourceFed
2018-44-28 20:44:26 [main] TRACE gov.nist.hla.gateway.ObjectModel - 	with inherited parameter FedName
2018-44-28 20:44:26 [main] TRACE gov.nist.hla.gateway.ObjectModel - 	with inherited parameter federateFilter
2018-44-28 20:44:26 [main] TRACE gov.nist.hla.gateway.ObjectModel - 	with inherited parameter originFed
2018-44-28 20:44:26 [main] TRACE gov.nist.hla.gateway.ObjectModel - 	with inherited parameter Comment
2018-44-28 20:44:26 [main] TRACE gov.nist.hla.gateway.ObjectModel - 	with inherited parameter Time
2018-44-28 20:44:26 [main] TRACE gov.nist.hla.gateway.ObjectModel - 	with inherited parameter actualLogicalGenerationTime
2018-44-28 20:44:26 [main] TRACE gov.nist.hla.gateway.ObjectModel - 	marked as publication
2018-44-28 20:44:26 [main] TRACE gov.nist.hla.gateway.ObjectModel - 	marked as subscription
2018-44-28 20:44:26 [main] DEBUG gov.nist.hla.gateway.ObjectModel - processed InteractionRoot.C2WInteractionRoot.SimLog.LowPrio with 7 parameters
2018-44-28 20:44:26 [main] TRACE gov.nist.hla.gateway.ObjectModel - processInteractionClass MediumPrio
2018-44-28 20:44:26 [main] TRACE gov.nist.hla.gateway.ObjectModel - 	with parameters []
2018-44-28 20:44:26 [main] TRACE gov.nist.hla.gateway.ObjectModel - 	with inherited parameter sourceFed
2018-44-28 20:44:26 [main] TRACE gov.nist.hla.gateway.ObjectModel - 	with inherited parameter FedName
2018-44-28 20:44:26 [main] TRACE gov.nist.hla.gateway.ObjectModel - 	with inherited parameter federateFilter
2018-44-28 20:44:26 [main] TRACE gov.nist.hla.gateway.ObjectModel - 	with inherited parameter originFed
2018-44-28 20:44:26 [main] TRACE gov.nist.hla.gateway.ObjectModel - 	with inherited parameter Comment
2018-44-28 20:44:26 [main] TRACE gov.nist.hla.gateway.ObjectModel - 	with inherited parameter Time
2018-44-28 20:44:26 [main] TRACE gov.nist.hla.gateway.ObjectModel - 	with inherited parameter actualLogicalGenerationTime
2018-44-28 20:44:26 [main] TRACE gov.nist.hla.gateway.ObjectModel - 	marked as publication
2018-44-28 20:44:26 [main] TRACE gov.nist.hla.gateway.ObjectModel - 	marked as subscription
2018-44-28 20:44:26 [main] DEBUG gov.nist.hla.gateway.ObjectModel - processed InteractionRoot.C2WInteractionRoot.SimLog.MediumPrio with 7 parameters
2018-44-28 20:44:26 [main] TRACE gov.nist.hla.gateway.ObjectModel - processInteractionClass VeryLowPrio
2018-44-28 20:44:26 [main] TRACE gov.nist.hla.gateway.ObjectModel - 	with parameters []
2018-44-28 20:44:26 [main] TRACE gov.nist.hla.gateway.ObjectModel - 	with inherited parameter sourceFed
2018-44-28 20:44:26 [main] TRACE gov.nist.hla.gateway.ObjectModel - 	with inherited parameter FedName
2018-44-28 20:44:26 [main] TRACE gov.nist.hla.gateway.ObjectModel - 	with inherited parameter federateFilter
2018-44-28 20:44:26 [main] TRACE gov.nist.hla.gateway.ObjectModel - 	with inherited parameter originFed
2018-44-28 20:44:26 [main] TRACE gov.nist.hla.gateway.ObjectModel - 	with inherited parameter Comment
2018-44-28 20:44:26 [main] TRACE gov.nist.hla.gateway.ObjectModel - 	with inherited parameter Time
2018-44-28 20:44:26 [main] TRACE gov.nist.hla.gateway.ObjectModel - 	with inherited parameter actualLogicalGenerationTime
2018-44-28 20:44:26 [main] TRACE gov.nist.hla.gateway.ObjectModel - 	marked as publication
2018-44-28 20:44:26 [main] TRACE gov.nist.hla.gateway.ObjectModel - 	marked as subscription
2018-44-28 20:44:26 [main] DEBUG gov.nist.hla.gateway.ObjectModel - processed InteractionRoot.C2WInteractionRoot.SimLog.VeryLowPrio with 7 parameters
2018-44-28 20:44:26 [main] TRACE gov.nist.hla.gateway.ObjectModel - processInteractionClass SimEnd
2018-44-28 20:44:26 [main] TRACE gov.nist.hla.gateway.ObjectModel - 	with parameters []
2018-44-28 20:44:26 [main] TRACE gov.nist.hla.gateway.ObjectModel - 	with inherited parameter sourceFed
2018-44-28 20:44:26 [main] TRACE gov.nist.hla.gateway.ObjectModel - 	with inherited parameter federateFilter
2018-44-28 20:44:26 [main] TRACE gov.nist.hla.gateway.ObjectModel - 	with inherited parameter originFed
2018-44-28 20:44:26 [main] TRACE gov.nist.hla.gateway.ObjectModel - 	with inherited parameter actualLogicalGenerationTime
2018-44-28 20:44:26 [main] TRACE gov.nist.hla.gateway.ObjectModel - 	marked as publication
2018-44-28 20:44:26 [main] TRACE gov.nist.hla.gateway.ObjectModel - 	marked as subscription
2018-44-28 20:44:26 [main] DEBUG gov.nist.hla.gateway.ObjectModel - processed InteractionRoot.C2WInteractionRoot.SimulationControl.SimEnd with 4 parameters
2018-44-28 20:44:26 [main] TRACE gov.nist.hla.gateway.ObjectModel - processInteractionClass SimPause
2018-44-28 20:44:26 [main] TRACE gov.nist.hla.gateway.ObjectModel - 	with parameters []
2018-44-28 20:44:26 [main] TRACE gov.nist.hla.gateway.ObjectModel - 	with inherited parameter sourceFed
2018-44-28 20:44:26 [main] TRACE gov.nist.hla.gateway.ObjectModel - 	with inherited parameter federateFilter
2018-44-28 20:44:26 [main] TRACE gov.nist.hla.gateway.ObjectModel - 	with inherited parameter originFed
2018-44-28 20:44:26 [main] TRACE gov.nist.hla.gateway.ObjectModel - 	with inherited parameter actualLogicalGenerationTime
2018-44-28 20:44:26 [main] TRACE gov.nist.hla.gateway.ObjectModel - 	marked as publication
2018-44-28 20:44:26 [main] TRACE gov.nist.hla.gateway.ObjectModel - 	marked as subscription
2018-44-28 20:44:26 [main] DEBUG gov.nist.hla.gateway.ObjectModel - processed InteractionRoot.C2WInteractionRoot.SimulationControl.SimPause with 4 parameters
2018-44-28 20:44:26 [main] TRACE gov.nist.hla.gateway.ObjectModel - processInteractionClass SimResume
2018-44-28 20:44:26 [main] TRACE gov.nist.hla.gateway.ObjectModel - 	with parameters []
2018-44-28 20:44:26 [main] TRACE gov.nist.hla.gateway.ObjectModel - 	with inherited parameter sourceFed
2018-44-28 20:44:26 [main] TRACE gov.nist.hla.gateway.ObjectModel - 	with inherited parameter federateFilter
2018-44-28 20:44:26 [main] TRACE gov.nist.hla.gateway.ObjectModel - 	with inherited parameter originFed
2018-44-28 20:44:26 [main] TRACE gov.nist.hla.gateway.ObjectModel - 	with inherited parameter actualLogicalGenerationTime
2018-44-28 20:44:26 [main] TRACE gov.nist.hla.gateway.ObjectModel - 	marked as publication
2018-44-28 20:44:26 [main] TRACE gov.nist.hla.gateway.ObjectModel - 	marked as subscription
2018-44-28 20:44:26 [main] DEBUG gov.nist.hla.gateway.ObjectModel - processed InteractionRoot.C2WInteractionRoot.SimulationControl.SimResume with 4 parameters
2018-44-28 20:44:26 [main] TRACE gov.nist.hla.gateway.ObjectModel - initializeObjectVariables
2018-44-28 20:44:26 [main] TRACE gov.nist.hla.gateway.ObjectModel - processObjectClass ObjectRoot
2018-44-28 20:44:26 [main] TRACE gov.nist.hla.gateway.ObjectModel - 	with attributes []
2018-44-28 20:44:26 [main] DEBUG gov.nist.hla.gateway.ObjectModel - processed ObjectRoot with 0 attributes
2018-44-28 20:44:26 [main] TRACE gov.nist.hla.gateway.ObjectModel - processObjectClass FederateObject
2018-44-28 20:44:26 [main] TRACE gov.nist.hla.gateway.ObjectModel - 	with attributes [FederateType, FederateHandle, FederateHost]
2018-44-28 20:44:26 [main] TRACE gov.nist.hla.gateway.ObjectModel - 	marked as publication
2018-44-28 20:44:26 [main] TRACE gov.nist.hla.gateway.ObjectModel - 	marked as subscription
2018-44-28 20:44:26 [main] DEBUG gov.nist.hla.gateway.ObjectModel - processed ObjectRoot.FederateObject with 3 attributes
