2019-04-20 18:04:14 [main] INFO  gov.nist.hla.federates.database.Database - Reading JSON configuration file at conf/Database.json
2019-04-20 18:04:16 [main] INFO  gov.nist.hla.gateway.ObjectModel - creating object model from conf/AV.xml
2019-04-20 18:04:21 [main] TRACE gov.nist.sds4emf.AbstractSerializeDeserialize - AbstractSerializeDeserialize==>org.eclipse.emf.ecore.resource.impl.ResourceSetImpl@3a62c01e resources=[]
2019-04-20 18:04:21 [main] TRACE gov.nist.sds4emf.AbstractSerializeDeserialize - <==AbstractSerializeDeserialize
2019-04-20 18:04:21 [main] TRACE gov.nist.hla.gateway.ObjectModel - initializeInteractionVariables
2019-04-20 18:04:21 [main] TRACE gov.nist.hla.gateway.ObjectModel - processInteractionClass InteractionRoot
2019-04-20 18:04:22 [main] TRACE gov.nist.hla.gateway.ObjectModel - 	with parameters []
2019-04-20 18:04:22 [main] DEBUG gov.nist.hla.gateway.ObjectModel - processed InteractionRoot with 0 parameters
2019-04-20 18:04:22 [main] TRACE gov.nist.hla.gateway.ObjectModel - processInteractionClass C2WInteractionRoot
2019-04-20 18:04:22 [main] TRACE gov.nist.hla.gateway.ObjectModel - 	with parameters [originFed, federateFilter, sourceFed, actualLogicalGenerationTime]
2019-04-20 18:04:22 [main] DEBUG gov.nist.hla.gateway.ObjectModel - processed InteractionRoot.C2WInteractionRoot with 4 parameters
2019-04-20 18:04:22 [main] TRACE gov.nist.hla.gateway.ObjectModel - processInteractionClass ActionBase
2019-04-20 18:04:22 [main] TRACE gov.nist.hla.gateway.ObjectModel - 	with parameters []
2019-04-20 18:04:22 [main] TRACE gov.nist.hla.gateway.ObjectModel - 	with inherited parameter sourceFed
2019-04-20 18:04:22 [main] TRACE gov.nist.hla.gateway.ObjectModel - 	with inherited parameter federateFilter
2019-04-20 18:04:22 [main] TRACE gov.nist.hla.gateway.ObjectModel - 	with inherited parameter originFed
2019-04-20 18:04:22 [main] TRACE gov.nist.hla.gateway.ObjectModel - 	with inherited parameter actualLogicalGenerationTime
2019-04-20 18:04:22 [main] TRACE gov.nist.hla.gateway.ObjectModel - 	marked as publication
2019-04-20 18:04:22 [main] TRACE gov.nist.hla.gateway.ObjectModel - 	marked as subscription
2019-04-20 18:04:22 [main] DEBUG gov.nist.hla.gateway.ObjectModel - processed InteractionRoot.C2WInteractionRoot.ActionBase with 4 parameters
2019-04-20 18:04:22 [main] TRACE gov.nist.hla.gateway.ObjectModel - processInteractionClass FederateJoinInteraction
2019-04-20 18:04:22 [main] TRACE gov.nist.hla.gateway.ObjectModel - 	with parameters [FederateType, IsLateJoiner, FederateId]
2019-04-20 18:04:22 [main] TRACE gov.nist.hla.gateway.ObjectModel - 	with inherited parameter sourceFed
2019-04-20 18:04:22 [main] TRACE gov.nist.hla.gateway.ObjectModel - 	with inherited parameter federateFilter
2019-04-20 18:04:22 [main] TRACE gov.nist.hla.gateway.ObjectModel - 	with inherited parameter originFed
2019-04-20 18:04:22 [main] TRACE gov.nist.hla.gateway.ObjectModel - 	with inherited parameter actualLogicalGenerationTime
2019-04-20 18:04:22 [main] TRACE gov.nist.hla.gateway.ObjectModel - 	marked as publication
2019-04-20 18:04:22 [main] TRACE gov.nist.hla.gateway.ObjectModel - 	marked as subscription
2019-04-20 18:04:22 [main] DEBUG gov.nist.hla.gateway.ObjectModel - processed InteractionRoot.C2WInteractionRoot.FederateJoinInteraction with 7 parameters
2019-04-20 18:04:22 [main] TRACE gov.nist.hla.gateway.ObjectModel - processInteractionClass FederateResignInteraction
2019-04-20 18:04:22 [main] TRACE gov.nist.hla.gateway.ObjectModel - 	with parameters [FederateType, IsLateJoiner, FederateId]
2019-04-20 18:04:22 [main] TRACE gov.nist.hla.gateway.ObjectModel - 	with inherited parameter sourceFed
2019-04-20 18:04:22 [main] TRACE gov.nist.hla.gateway.ObjectModel - 	with inherited parameter federateFilter
2019-04-20 18:04:22 [main] TRACE gov.nist.hla.gateway.ObjectModel - 	with inherited parameter originFed
2019-04-20 18:04:22 [main] TRACE gov.nist.hla.gateway.ObjectModel - 	with inherited parameter actualLogicalGenerationTime
2019-04-20 18:04:22 [main] TRACE gov.nist.hla.gateway.ObjectModel - 	marked as publication
2019-04-20 18:04:22 [main] TRACE gov.nist.hla.gateway.ObjectModel - 	marked as subscription
2019-04-20 18:04:22 [main] DEBUG gov.nist.hla.gateway.ObjectModel - processed InteractionRoot.C2WInteractionRoot.FederateResignInteraction with 7 parameters
2019-04-20 18:04:22 [main] TRACE gov.nist.hla.gateway.ObjectModel - processInteractionClass OutcomeBase
2019-04-20 18:04:22 [main] TRACE gov.nist.hla.gateway.ObjectModel - 	with parameters []
2019-04-20 18:04:22 [main] TRACE gov.nist.hla.gateway.ObjectModel - 	with inherited parameter sourceFed
2019-04-20 18:04:22 [main] TRACE gov.nist.hla.gateway.ObjectModel - 	with inherited parameter federateFilter
2019-04-20 18:04:22 [main] TRACE gov.nist.hla.gateway.ObjectModel - 	with inherited parameter originFed
2019-04-20 18:04:22 [main] TRACE gov.nist.hla.gateway.ObjectModel - 	with inherited parameter actualLogicalGenerationTime
2019-04-20 18:04:22 [main] TRACE gov.nist.hla.gateway.ObjectModel - 	marked as publication
2019-04-20 18:04:22 [main] TRACE gov.nist.hla.gateway.ObjectModel - 	marked as subscription
2019-04-20 18:04:22 [main] DEBUG gov.nist.hla.gateway.ObjectModel - processed InteractionRoot.C2WInteractionRoot.OutcomeBase with 4 parameters
2019-04-20 18:04:22 [main] TRACE gov.nist.hla.gateway.ObjectModel - processInteractionClass SimLog
2019-04-20 18:04:22 [main] TRACE gov.nist.hla.gateway.ObjectModel - 	with parameters [Comment, FedName, Time]
2019-04-20 18:04:22 [main] TRACE gov.nist.hla.gateway.ObjectModel - 	with inherited parameter sourceFed
2019-04-20 18:04:22 [main] TRACE gov.nist.hla.gateway.ObjectModel - 	with inherited parameter federateFilter
2019-04-20 18:04:22 [main] TRACE gov.nist.hla.gateway.ObjectModel - 	with inherited parameter originFed
2019-04-20 18:04:22 [main] TRACE gov.nist.hla.gateway.ObjectModel - 	with inherited parameter actualLogicalGenerationTime
2019-04-20 18:04:22 [main] TRACE gov.nist.hla.gateway.ObjectModel - 	marked as publication
2019-04-20 18:04:22 [main] TRACE gov.nist.hla.gateway.ObjectModel - 	marked as subscription
2019-04-20 18:04:22 [main] DEBUG gov.nist.hla.gateway.ObjectModel - processed InteractionRoot.C2WInteractionRoot.SimLog with 7 parameters
2019-04-20 18:04:22 [main] TRACE gov.nist.hla.gateway.ObjectModel - processInteractionClass SimulationControl
2019-04-20 18:04:22 [main] TRACE gov.nist.hla.gateway.ObjectModel - 	with parameters []
2019-04-20 18:04:22 [main] TRACE gov.nist.hla.gateway.ObjectModel - 	with inherited parameter sourceFed
2019-04-20 18:04:22 [main] TRACE gov.nist.hla.gateway.ObjectModel - 	with inherited parameter federateFilter
2019-04-20 18:04:22 [main] TRACE gov.nist.hla.gateway.ObjectModel - 	with inherited parameter originFed
2019-04-20 18:04:22 [main] TRACE gov.nist.hla.gateway.ObjectModel - 	with inherited parameter actualLogicalGenerationTime
2019-04-20 18:04:22 [main] TRACE gov.nist.hla.gateway.ObjectModel - 	marked as publication
2019-04-20 18:04:22 [main] TRACE gov.nist.hla.gateway.ObjectModel - 	marked as subscription
2019-04-20 18:04:22 [main] DEBUG gov.nist.hla.gateway.ObjectModel - processed InteractionRoot.C2WInteractionRoot.SimulationControl with 4 parameters
2019-04-20 18:04:22 [main] TRACE gov.nist.hla.gateway.ObjectModel - processInteractionClass CAN
2019-04-20 18:04:22 [main] TRACE gov.nist.hla.gateway.ObjectModel - 	with parameters [ID11B, ID18B, ACKslot, EndOfFrame, IDE, StartOfFrame, RTR, ReservedBit1, SRR, ReservedBit2, DataField, CRC, Parameter, DLC]
2019-04-20 18:04:22 [main] TRACE gov.nist.hla.gateway.ObjectModel - 	with inherited parameter sourceFed
2019-04-20 18:04:22 [main] TRACE gov.nist.hla.gateway.ObjectModel - 	with inherited parameter federateFilter
2019-04-20 18:04:22 [main] TRACE gov.nist.hla.gateway.ObjectModel - 	with inherited parameter originFed
2019-04-20 18:04:22 [main] TRACE gov.nist.hla.gateway.ObjectModel - 	with inherited parameter actualLogicalGenerationTime
2019-04-20 18:04:22 [main] TRACE gov.nist.hla.gateway.ObjectModel - 	marked as publication
2019-04-20 18:04:22 [main] TRACE gov.nist.hla.gateway.ObjectModel - 	marked as subscription
2019-04-20 18:04:22 [main] DEBUG gov.nist.hla.gateway.ObjectModel - processed InteractionRoot.C2WInteractionRoot.CAN with 18 parameters
2019-04-20 18:04:22 [main] TRACE gov.nist.hla.gateway.ObjectModel - processInteractionClass HighPrio
2019-04-20 18:04:22 [main] TRACE gov.nist.hla.gateway.ObjectModel - 	with parameters []
2019-04-20 18:04:22 [main] TRACE gov.nist.hla.gateway.ObjectModel - 	with inherited parameter sourceFed
2019-04-20 18:04:22 [main] TRACE gov.nist.hla.gateway.ObjectModel - 	with inherited parameter FedName
2019-04-20 18:04:22 [main] TRACE gov.nist.hla.gateway.ObjectModel - 	with inherited parameter federateFilter
2019-04-20 18:04:22 [main] TRACE gov.nist.hla.gateway.ObjectModel - 	with inherited parameter originFed
2019-04-20 18:04:22 [main] TRACE gov.nist.hla.gateway.ObjectModel - 	with inherited parameter Comment
2019-04-20 18:04:22 [main] TRACE gov.nist.hla.gateway.ObjectModel - 	with inherited parameter Time
2019-04-20 18:04:22 [main] TRACE gov.nist.hla.gateway.ObjectModel - 	with inherited parameter actualLogicalGenerationTime
2019-04-20 18:04:22 [main] TRACE gov.nist.hla.gateway.ObjectModel - 	marked as publication
2019-04-20 18:04:22 [main] TRACE gov.nist.hla.gateway.ObjectModel - 	marked as subscription
2019-04-20 18:04:22 [main] DEBUG gov.nist.hla.gateway.ObjectModel - processed InteractionRoot.C2WInteractionRoot.SimLog.HighPrio with 7 parameters
2019-04-20 18:04:22 [main] TRACE gov.nist.hla.gateway.ObjectModel - processInteractionClass LowPrio
2019-04-20 18:04:22 [main] TRACE gov.nist.hla.gateway.ObjectModel - 	with parameters []
2019-04-20 18:04:22 [main] TRACE gov.nist.hla.gateway.ObjectModel - 	with inherited parameter sourceFed
2019-04-20 18:04:22 [main] TRACE gov.nist.hla.gateway.ObjectModel - 	with inherited parameter FedName
2019-04-20 18:04:22 [main] TRACE gov.nist.hla.gateway.ObjectModel - 	with inherited parameter federateFilter
2019-04-20 18:04:22 [main] TRACE gov.nist.hla.gateway.ObjectModel - 	with inherited parameter originFed
2019-04-20 18:04:22 [main] TRACE gov.nist.hla.gateway.ObjectModel - 	with inherited parameter Comment
2019-04-20 18:04:22 [main] TRACE gov.nist.hla.gateway.ObjectModel - 	with inherited parameter Time
2019-04-20 18:04:22 [main] TRACE gov.nist.hla.gateway.ObjectModel - 	with inherited parameter actualLogicalGenerationTime
2019-04-20 18:04:22 [main] TRACE gov.nist.hla.gateway.ObjectModel - 	marked as publication
2019-04-20 18:04:22 [main] TRACE gov.nist.hla.gateway.ObjectModel - 	marked as subscription
2019-04-20 18:04:22 [main] DEBUG gov.nist.hla.gateway.ObjectModel - processed InteractionRoot.C2WInteractionRoot.SimLog.LowPrio with 7 parameters
2019-04-20 18:04:22 [main] TRACE gov.nist.hla.gateway.ObjectModel - processInteractionClass MediumPrio
2019-04-20 18:04:22 [main] TRACE gov.nist.hla.gateway.ObjectModel - 	with parameters []
2019-04-20 18:04:22 [main] TRACE gov.nist.hla.gateway.ObjectModel - 	with inherited parameter sourceFed
2019-04-20 18:04:22 [main] TRACE gov.nist.hla.gateway.ObjectModel - 	with inherited parameter FedName
2019-04-20 18:04:22 [main] TRACE gov.nist.hla.gateway.ObjectModel - 	with inherited parameter federateFilter
2019-04-20 18:04:22 [main] TRACE gov.nist.hla.gateway.ObjectModel - 	with inherited parameter originFed
2019-04-20 18:04:22 [main] TRACE gov.nist.hla.gateway.ObjectModel - 	with inherited parameter Comment
2019-04-20 18:04:22 [main] TRACE gov.nist.hla.gateway.ObjectModel - 	with inherited parameter Time
2019-04-20 18:04:22 [main] TRACE gov.nist.hla.gateway.ObjectModel - 	with inherited parameter actualLogicalGenerationTime
2019-04-20 18:04:22 [main] TRACE gov.nist.hla.gateway.ObjectModel - 	marked as publication
2019-04-20 18:04:22 [main] TRACE gov.nist.hla.gateway.ObjectModel - 	marked as subscription
2019-04-20 18:04:22 [main] DEBUG gov.nist.hla.gateway.ObjectModel - processed InteractionRoot.C2WInteractionRoot.SimLog.MediumPrio with 7 parameters
2019-04-20 18:04:22 [main] TRACE gov.nist.hla.gateway.ObjectModel - processInteractionClass VeryLowPrio
2019-04-20 18:04:22 [main] TRACE gov.nist.hla.gateway.ObjectModel - 	with parameters []
2019-04-20 18:04:22 [main] TRACE gov.nist.hla.gateway.ObjectModel - 	with inherited parameter sourceFed
2019-04-20 18:04:22 [main] TRACE gov.nist.hla.gateway.ObjectModel - 	with inherited parameter FedName
2019-04-20 18:04:22 [main] TRACE gov.nist.hla.gateway.ObjectModel - 	with inherited parameter federateFilter
2019-04-20 18:04:22 [main] TRACE gov.nist.hla.gateway.ObjectModel - 	with inherited parameter originFed
2019-04-20 18:04:22 [main] TRACE gov.nist.hla.gateway.ObjectModel - 	with inherited parameter Comment
2019-04-20 18:04:22 [main] TRACE gov.nist.hla.gateway.ObjectModel - 	with inherited parameter Time
2019-04-20 18:04:22 [main] TRACE gov.nist.hla.gateway.ObjectModel - 	with inherited parameter actualLogicalGenerationTime
2019-04-20 18:04:22 [main] TRACE gov.nist.hla.gateway.ObjectModel - 	marked as publication
2019-04-20 18:04:22 [main] TRACE gov.nist.hla.gateway.ObjectModel - 	marked as subscription
2019-04-20 18:04:22 [main] DEBUG gov.nist.hla.gateway.ObjectModel - processed InteractionRoot.C2WInteractionRoot.SimLog.VeryLowPrio with 7 parameters
2019-04-20 18:04:22 [main] TRACE gov.nist.hla.gateway.ObjectModel - processInteractionClass SimEnd
2019-04-20 18:04:22 [main] TRACE gov.nist.hla.gateway.ObjectModel - 	with parameters []
2019-04-20 18:04:22 [main] TRACE gov.nist.hla.gateway.ObjectModel - 	with inherited parameter sourceFed
2019-04-20 18:04:22 [main] TRACE gov.nist.hla.gateway.ObjectModel - 	with inherited parameter federateFilter
2019-04-20 18:04:22 [main] TRACE gov.nist.hla.gateway.ObjectModel - 	with inherited parameter originFed
2019-04-20 18:04:22 [main] TRACE gov.nist.hla.gateway.ObjectModel - 	with inherited parameter actualLogicalGenerationTime
2019-04-20 18:04:22 [main] TRACE gov.nist.hla.gateway.ObjectModel - 	marked as publication
2019-04-20 18:04:22 [main] TRACE gov.nist.hla.gateway.ObjectModel - 	marked as subscription
2019-04-20 18:04:22 [main] DEBUG gov.nist.hla.gateway.ObjectModel - processed InteractionRoot.C2WInteractionRoot.SimulationControl.SimEnd with 4 parameters
2019-04-20 18:04:22 [main] TRACE gov.nist.hla.gateway.ObjectModel - processInteractionClass SimPause
2019-04-20 18:04:22 [main] TRACE gov.nist.hla.gateway.ObjectModel - 	with parameters []
2019-04-20 18:04:22 [main] TRACE gov.nist.hla.gateway.ObjectModel - 	with inherited parameter sourceFed
2019-04-20 18:04:22 [main] TRACE gov.nist.hla.gateway.ObjectModel - 	with inherited parameter federateFilter
2019-04-20 18:04:22 [main] TRACE gov.nist.hla.gateway.ObjectModel - 	with inherited parameter originFed
2019-04-20 18:04:22 [main] TRACE gov.nist.hla.gateway.ObjectModel - 	with inherited parameter actualLogicalGenerationTime
2019-04-20 18:04:22 [main] TRACE gov.nist.hla.gateway.ObjectModel - 	marked as publication
2019-04-20 18:04:22 [main] TRACE gov.nist.hla.gateway.ObjectModel - 	marked as subscription
2019-04-20 18:04:22 [main] DEBUG gov.nist.hla.gateway.ObjectModel - processed InteractionRoot.C2WInteractionRoot.SimulationControl.SimPause with 4 parameters
2019-04-20 18:04:22 [main] TRACE gov.nist.hla.gateway.ObjectModel - processInteractionClass SimResume
2019-04-20 18:04:22 [main] TRACE gov.nist.hla.gateway.ObjectModel - 	with parameters []
2019-04-20 18:04:22 [main] TRACE gov.nist.hla.gateway.ObjectModel - 	with inherited parameter sourceFed
2019-04-20 18:04:22 [main] TRACE gov.nist.hla.gateway.ObjectModel - 	with inherited parameter federateFilter
2019-04-20 18:04:22 [main] TRACE gov.nist.hla.gateway.ObjectModel - 	with inherited parameter originFed
2019-04-20 18:04:22 [main] TRACE gov.nist.hla.gateway.ObjectModel - 	with inherited parameter actualLogicalGenerationTime
2019-04-20 18:04:22 [main] TRACE gov.nist.hla.gateway.ObjectModel - 	marked as publication
2019-04-20 18:04:22 [main] TRACE gov.nist.hla.gateway.ObjectModel - 	marked as subscription
2019-04-20 18:04:22 [main] DEBUG gov.nist.hla.gateway.ObjectModel - processed InteractionRoot.C2WInteractionRoot.SimulationControl.SimResume with 4 parameters
2019-04-20 18:04:22 [main] TRACE gov.nist.hla.gateway.ObjectModel - initializeObjectVariables
2019-04-20 18:04:22 [main] TRACE gov.nist.hla.gateway.ObjectModel - processObjectClass ObjectRoot
2019-04-20 18:04:22 [main] TRACE gov.nist.hla.gateway.ObjectModel - 	with attributes []
2019-04-20 18:04:22 [main] DEBUG gov.nist.hla.gateway.ObjectModel - processed ObjectRoot with 0 attributes
2019-04-20 18:04:22 [main] TRACE gov.nist.hla.gateway.ObjectModel - processObjectClass FederateObject
2019-04-20 18:04:22 [main] TRACE gov.nist.hla.gateway.ObjectModel - 	with attributes [FederateType, FederateHandle, FederateHost]
2019-04-20 18:04:22 [main] TRACE gov.nist.hla.gateway.ObjectModel - 	marked as publication
2019-04-20 18:04:22 [main] TRACE gov.nist.hla.gateway.ObjectModel - 	marked as subscription
2019-04-20 18:04:22 [main] DEBUG gov.nist.hla.gateway.ObjectModel - processed ObjectRoot.FederateObject with 3 attributes
Thu Jun 20 18:04:23 UTC 2019 WARN: Establishing SSL connection without server's identity verification is not recommended. According to MySQL 5.5.45+, 5.6.26+ and 5.7.6+ requirements SSL connection must be established by default if explicit option isn't set. For compliance with existing applications not using SSL the verifyServerCertificate property is set to 'false'. You need either to explicitly disable SSL by setting useSSL=false, or set useSSL=true and provide truststore for server certificate verification.
2019-04-20 18:04:24 [main] INFO  gov.nist.hla.federates.database.Database - A schema named AV_2019_06_20_18_04_22has been created in MySQL.
2019-04-20 18:04:24 [main] INFO  gov.nist.hla.federates.database.Database - The IndexTable has been created.
2019-04-20 18:04:24 [main] TRACE gov.nist.hla.gateway.GatewayFederate - run
2019-04-20 18:04:24 [main] TRACE gov.nist.hla.gateway.GatewayFederate - joinFederationExecution
2019-04-20 18:04:24 [main] INFO  gov.nist.hla.gateway.GatewayFederate - joining federation AV as Database (attempt 1)

-------------------------------------------------------------------
GMS: address=vagrant-32741, cluster=AV, physical address=192.168.56.101:50116
-------------------------------------------------------------------
ERROR [main] portico.lrc: federation doesn't exist: AV
org.portico.lrc.compat.JFederationExecutionDoesNotExist: federation doesn't exist: AV
	at org.portico.bindings.jgroups.Federation.sendJoinFederation(Federation.java:259)
	at org.portico.bindings.jgroups.JGroupsConnection.joinFederation(JGroupsConnection.java:251)
	at org.portico.lrc.services.federation.handlers.outgoing.JoinFederationHandler.process(JoinFederationHandler.java:105)
	at org.portico.utils.messaging.MessageSink.process(MessageSink.java:187)
	at org.portico.impl.hla13.Impl13Helper.processMessage(Impl13Helper.java:123)
	at org.portico.impl.hla13.Rti13Ambassador.processMessage(Rti13Ambassador.java:5822)
	at org.portico.impl.hla13.Rti13Ambassador.joinFederationExecution(Rti13Ambassador.java:321)
	at org.portico.impl.hla13.Rti13Ambassador.joinFederationExecution(Rti13Ambassador.java:387)
	at gov.nist.hla.gateway.GatewayFederate.joinFederationExecution(GatewayFederate.java:561)
	at gov.nist.hla.gateway.GatewayFederate.run(GatewayFederate.java:196)
	at gov.nist.hla.federates.database.Database.run(Database.java:85)
	at gov.nist.hla.federates.database.Database.main(Database.java:53)
2019-04-20 18:04:37 [main] WARN  gov.nist.hla.gateway.GatewayFederate - federation execution does not exist: AV
2019-04-20 18:04:37 [main] INFO  gov.nist.hla.gateway.GatewayFederate - next join attempt in 5000 ms...
2019-04-20 18:04:42 [main] INFO  gov.nist.hla.gateway.GatewayFederate - joining federation AV as Database (attempt 2)
ERROR [main] portico.lrc: federation doesn't exist: AV
org.portico.lrc.compat.JFederationExecutionDoesNotExist: federation doesn't exist: AV
	at org.portico.bindings.jgroups.Federation.sendJoinFederation(Federation.java:259)
	at org.portico.bindings.jgroups.JGroupsConnection.joinFederation(JGroupsConnection.java:251)
	at org.portico.lrc.services.federation.handlers.outgoing.JoinFederationHandler.process(JoinFederationHandler.java:105)
	at org.portico.utils.messaging.MessageSink.process(MessageSink.java:187)
	at org.portico.impl.hla13.Impl13Helper.processMessage(Impl13Helper.java:123)
	at org.portico.impl.hla13.Rti13Ambassador.processMessage(Rti13Ambassador.java:5822)
	at org.portico.impl.hla13.Rti13Ambassador.joinFederationExecution(Rti13Ambassador.java:321)
	at org.portico.impl.hla13.Rti13Ambassador.joinFederationExecution(Rti13Ambassador.java:387)
	at gov.nist.hla.gateway.GatewayFederate.joinFederationExecution(GatewayFederate.java:561)
	at gov.nist.hla.gateway.GatewayFederate.run(GatewayFederate.java:196)
	at gov.nist.hla.federates.database.Database.run(Database.java:85)
	at gov.nist.hla.federates.database.Database.main(Database.java:53)
2019-04-20 18:04:42 [main] WARN  gov.nist.hla.gateway.GatewayFederate - federation execution does not exist: AV
2019-04-20 18:04:42 [main] INFO  gov.nist.hla.gateway.GatewayFederate - next join attempt in 5000 ms...
2019-04-20 18:04:47 [main] INFO  gov.nist.hla.gateway.GatewayFederate - joining federation AV as Database (attempt 3)
ERROR [main] portico.lrc: federation doesn't exist: AV
org.portico.lrc.compat.JFederationExecutionDoesNotExist: federation doesn't exist: AV
	at org.portico.bindings.jgroups.Federation.sendJoinFederation(Federation.java:259)
	at org.portico.bindings.jgroups.JGroupsConnection.joinFederation(JGroupsConnection.java:251)
	at org.portico.lrc.services.federation.handlers.outgoing.JoinFederationHandler.process(JoinFederationHandler.java:105)
	at org.portico.utils.messaging.MessageSink.process(MessageSink.java:187)
	at org.portico.impl.hla13.Impl13Helper.processMessage(Impl13Helper.java:123)
	at org.portico.impl.hla13.Rti13Ambassador.processMessage(Rti13Ambassador.java:5822)
	at org.portico.impl.hla13.Rti13Ambassador.joinFederationExecution(Rti13Ambassador.java:321)
	at org.portico.impl.hla13.Rti13Ambassador.joinFederationExecution(Rti13Ambassador.java:387)
	at gov.nist.hla.gateway.GatewayFederate.joinFederationExecution(GatewayFederate.java:561)
	at gov.nist.hla.gateway.GatewayFederate.run(GatewayFederate.java:196)
	at gov.nist.hla.federates.database.Database.run(Database.java:85)
	at gov.nist.hla.federates.database.Database.main(Database.java:53)
2019-04-20 18:04:47 [main] WARN  gov.nist.hla.gateway.GatewayFederate - federation execution does not exist: AV
2019-04-20 18:04:47 [main] INFO  gov.nist.hla.gateway.GatewayFederate - next join attempt in 5000 ms...
2019-04-20 18:04:52 [main] INFO  gov.nist.hla.gateway.GatewayFederate - joining federation AV as Database (attempt 4)
ERROR [main] portico.lrc: federation doesn't exist: AV
org.portico.lrc.compat.JFederationExecutionDoesNotExist: federation doesn't exist: AV
	at org.portico.bindings.jgroups.Federation.sendJoinFederation(Federation.java:259)
	at org.portico.bindings.jgroups.JGroupsConnection.joinFederation(JGroupsConnection.java:251)
	at org.portico.lrc.services.federation.handlers.outgoing.JoinFederationHandler.process(JoinFederationHandler.java:105)
	at org.portico.utils.messaging.MessageSink.process(MessageSink.java:187)
	at org.portico.impl.hla13.Impl13Helper.processMessage(Impl13Helper.java:123)
	at org.portico.impl.hla13.Rti13Ambassador.processMessage(Rti13Ambassador.java:5822)
	at org.portico.impl.hla13.Rti13Ambassador.joinFederationExecution(Rti13Ambassador.java:321)
	at org.portico.impl.hla13.Rti13Ambassador.joinFederationExecution(Rti13Ambassador.java:387)
	at gov.nist.hla.gateway.GatewayFederate.joinFederationExecution(GatewayFederate.java:561)
	at gov.nist.hla.gateway.GatewayFederate.run(GatewayFederate.java:196)
	at gov.nist.hla.federates.database.Database.run(Database.java:85)
	at gov.nist.hla.federates.database.Database.main(Database.java:53)
2019-04-20 18:04:52 [main] WARN  gov.nist.hla.gateway.GatewayFederate - federation execution does not exist: AV
2019-04-20 18:04:52 [main] INFO  gov.nist.hla.gateway.GatewayFederate - next join attempt in 5000 ms...
2019-04-20 18:04:57 [main] INFO  gov.nist.hla.gateway.GatewayFederate - joining federation AV as Database (attempt 5)
ERROR [main] portico.lrc: federation doesn't exist: AV
org.portico.lrc.compat.JFederationExecutionDoesNotExist: federation doesn't exist: AV
	at org.portico.bindings.jgroups.Federation.sendJoinFederation(Federation.java:259)
	at org.portico.bindings.jgroups.JGroupsConnection.joinFederation(JGroupsConnection.java:251)
	at org.portico.lrc.services.federation.handlers.outgoing.JoinFederationHandler.process(JoinFederationHandler.java:105)
	at org.portico.utils.messaging.MessageSink.process(MessageSink.java:187)
	at org.portico.impl.hla13.Impl13Helper.processMessage(Impl13Helper.java:123)
	at org.portico.impl.hla13.Rti13Ambassador.processMessage(Rti13Ambassador.java:5822)
	at org.portico.impl.hla13.Rti13Ambassador.joinFederationExecution(Rti13Ambassador.java:321)
	at org.portico.impl.hla13.Rti13Ambassador.joinFederationExecution(Rti13Ambassador.java:387)
	at gov.nist.hla.gateway.GatewayFederate.joinFederationExecution(GatewayFederate.java:561)
	at gov.nist.hla.gateway.GatewayFederate.run(GatewayFederate.java:196)
	at gov.nist.hla.federates.database.Database.run(Database.java:85)
	at gov.nist.hla.federates.database.Database.main(Database.java:53)
2019-04-20 18:04:57 [main] WARN  gov.nist.hla.gateway.GatewayFederate - federation execution does not exist: AV
2019-04-20 18:04:57 [main] INFO  gov.nist.hla.gateway.GatewayFederate - next join attempt in 5000 ms...
2019-05-20 18:05:02 [main] INFO  gov.nist.hla.gateway.GatewayFederate - joining federation AV as Database (attempt 6)
ERROR [main] portico.lrc: federation doesn't exist: AV
org.portico.lrc.compat.JFederationExecutionDoesNotExist: federation doesn't exist: AV
	at org.portico.bindings.jgroups.Federation.sendJoinFederation(Federation.java:259)
	at org.portico.bindings.jgroups.JGroupsConnection.joinFederation(JGroupsConnection.java:251)
	at org.portico.lrc.services.federation.handlers.outgoing.JoinFederationHandler.process(JoinFederationHandler.java:105)
	at org.portico.utils.messaging.MessageSink.process(MessageSink.java:187)
	at org.portico.impl.hla13.Impl13Helper.processMessage(Impl13Helper.java:123)
	at org.portico.impl.hla13.Rti13Ambassador.processMessage(Rti13Ambassador.java:5822)
	at org.portico.impl.hla13.Rti13Ambassador.joinFederationExecution(Rti13Ambassador.java:321)
	at org.portico.impl.hla13.Rti13Ambassador.joinFederationExecution(Rti13Ambassador.java:387)
	at gov.nist.hla.gateway.GatewayFederate.joinFederationExecution(GatewayFederate.java:561)
	at gov.nist.hla.gateway.GatewayFederate.run(GatewayFederate.java:196)
	at gov.nist.hla.federates.database.Database.run(Database.java:85)
	at gov.nist.hla.federates.database.Database.main(Database.java:53)
2019-05-20 18:05:02 [main] WARN  gov.nist.hla.gateway.GatewayFederate - federation execution does not exist: AV
2019-05-20 18:05:02 [main] INFO  gov.nist.hla.gateway.GatewayFederate - next join attempt in 5000 ms...
2019-05-20 18:05:07 [main] INFO  gov.nist.hla.gateway.GatewayFederate - joining federation AV as Database (attempt 7)
ERROR [main] portico.lrc: federation doesn't exist: AV
org.portico.lrc.compat.JFederationExecutionDoesNotExist: federation doesn't exist: AV
	at org.portico.bindings.jgroups.Federation.sendJoinFederation(Federation.java:259)
	at org.portico.bindings.jgroups.JGroupsConnection.joinFederation(JGroupsConnection.java:251)
	at org.portico.lrc.services.federation.handlers.outgoing.JoinFederationHandler.process(JoinFederationHandler.java:105)
	at org.portico.utils.messaging.MessageSink.process(MessageSink.java:187)
	at org.portico.impl.hla13.Impl13Helper.processMessage(Impl13Helper.java:123)
	at org.portico.impl.hla13.Rti13Ambassador.processMessage(Rti13Ambassador.java:5822)
	at org.portico.impl.hla13.Rti13Ambassador.joinFederationExecution(Rti13Ambassador.java:321)
	at org.portico.impl.hla13.Rti13Ambassador.joinFederationExecution(Rti13Ambassador.java:387)
	at gov.nist.hla.gateway.GatewayFederate.joinFederationExecution(GatewayFederate.java:561)
	at gov.nist.hla.gateway.GatewayFederate.run(GatewayFederate.java:196)
	at gov.nist.hla.federates.database.Database.run(Database.java:85)
	at gov.nist.hla.federates.database.Database.main(Database.java:53)
2019-05-20 18:05:07 [main] WARN  gov.nist.hla.gateway.GatewayFederate - federation execution does not exist: AV
2019-05-20 18:05:07 [main] INFO  gov.nist.hla.gateway.GatewayFederate - next join attempt in 5000 ms...
2019-05-20 18:05:12 [main] INFO  gov.nist.hla.gateway.GatewayFederate - joining federation AV as Database (attempt 8)
ERROR [main] portico.lrc: federation doesn't exist: AV
org.portico.lrc.compat.JFederationExecutionDoesNotExist: federation doesn't exist: AV
	at org.portico.bindings.jgroups.Federation.sendJoinFederation(Federation.java:259)
	at org.portico.bindings.jgroups.JGroupsConnection.joinFederation(JGroupsConnection.java:251)
	at org.portico.lrc.services.federation.handlers.outgoing.JoinFederationHandler.process(JoinFederationHandler.java:105)
	at org.portico.utils.messaging.MessageSink.process(MessageSink.java:187)
	at org.portico.impl.hla13.Impl13Helper.processMessage(Impl13Helper.java:123)
	at org.portico.impl.hla13.Rti13Ambassador.processMessage(Rti13Ambassador.java:5822)
	at org.portico.impl.hla13.Rti13Ambassador.joinFederationExecution(Rti13Ambassador.java:321)
	at org.portico.impl.hla13.Rti13Ambassador.joinFederationExecution(Rti13Ambassador.java:387)
	at gov.nist.hla.gateway.GatewayFederate.joinFederationExecution(GatewayFederate.java:561)
	at gov.nist.hla.gateway.GatewayFederate.run(GatewayFederate.java:196)
	at gov.nist.hla.federates.database.Database.run(Database.java:85)
	at gov.nist.hla.federates.database.Database.main(Database.java:53)
2019-05-20 18:05:12 [main] WARN  gov.nist.hla.gateway.GatewayFederate - federation execution does not exist: AV
2019-05-20 18:05:12 [main] INFO  gov.nist.hla.gateway.GatewayFederate - next join attempt in 5000 ms...
2019-05-20 18:05:17 [main] INFO  gov.nist.hla.gateway.GatewayFederate - joining federation AV as Database (attempt 9)
ERROR [main] portico.lrc: federation doesn't exist: AV
org.portico.lrc.compat.JFederationExecutionDoesNotExist: federation doesn't exist: AV
	at org.portico.bindings.jgroups.Federation.sendJoinFederation(Federation.java:259)
	at org.portico.bindings.jgroups.JGroupsConnection.joinFederation(JGroupsConnection.java:251)
	at org.portico.lrc.services.federation.handlers.outgoing.JoinFederationHandler.process(JoinFederationHandler.java:105)
	at org.portico.utils.messaging.MessageSink.process(MessageSink.java:187)
	at org.portico.impl.hla13.Impl13Helper.processMessage(Impl13Helper.java:123)
	at org.portico.impl.hla13.Rti13Ambassador.processMessage(Rti13Ambassador.java:5822)
	at org.portico.impl.hla13.Rti13Ambassador.joinFederationExecution(Rti13Ambassador.java:321)
	at org.portico.impl.hla13.Rti13Ambassador.joinFederationExecution(Rti13Ambassador.java:387)
	at gov.nist.hla.gateway.GatewayFederate.joinFederationExecution(GatewayFederate.java:561)
	at gov.nist.hla.gateway.GatewayFederate.run(GatewayFederate.java:196)
	at gov.nist.hla.federates.database.Database.run(Database.java:85)
	at gov.nist.hla.federates.database.Database.main(Database.java:53)
2019-05-20 18:05:17 [main] WARN  gov.nist.hla.gateway.GatewayFederate - federation execution does not exist: AV
2019-05-20 18:05:17 [main] INFO  gov.nist.hla.gateway.GatewayFederate - next join attempt in 5000 ms...
2019-05-20 18:05:22 [main] INFO  gov.nist.hla.gateway.GatewayFederate - joining federation AV as Database (attempt 10)
ERROR [main] portico.lrc: federation doesn't exist: AV
org.portico.lrc.compat.JFederationExecutionDoesNotExist: federation doesn't exist: AV
	at org.portico.bindings.jgroups.Federation.sendJoinFederation(Federation.java:259)
	at org.portico.bindings.jgroups.JGroupsConnection.joinFederation(JGroupsConnection.java:251)
	at org.portico.lrc.services.federation.handlers.outgoing.JoinFederationHandler.process(JoinFederationHandler.java:105)
	at org.portico.utils.messaging.MessageSink.process(MessageSink.java:187)
	at org.portico.impl.hla13.Impl13Helper.processMessage(Impl13Helper.java:123)
	at org.portico.impl.hla13.Rti13Ambassador.processMessage(Rti13Ambassador.java:5822)
	at org.portico.impl.hla13.Rti13Ambassador.joinFederationExecution(Rti13Ambassador.java:321)
	at org.portico.impl.hla13.Rti13Ambassador.joinFederationExecution(Rti13Ambassador.java:387)
	at gov.nist.hla.gateway.GatewayFederate.joinFederationExecution(GatewayFederate.java:561)
	at gov.nist.hla.gateway.GatewayFederate.run(GatewayFederate.java:196)
	at gov.nist.hla.federates.database.Database.run(Database.java:85)
	at gov.nist.hla.federates.database.Database.main(Database.java:53)
2019-05-20 18:05:22 [main] WARN  gov.nist.hla.gateway.GatewayFederate - federation execution does not exist: AV
2019-05-20 18:05:22 [main] INFO  gov.nist.hla.gateway.GatewayFederate - next join attempt in 5000 ms...
2019-05-20 18:05:27 [main] INFO  gov.nist.hla.gateway.GatewayFederate - joining federation AV as Database (attempt 11)
ERROR [main] portico.lrc: federation doesn't exist: AV
org.portico.lrc.compat.JFederationExecutionDoesNotExist: federation doesn't exist: AV
	at org.portico.bindings.jgroups.Federation.sendJoinFederation(Federation.java:259)
	at org.portico.bindings.jgroups.JGroupsConnection.joinFederation(JGroupsConnection.java:251)
	at org.portico.lrc.services.federation.handlers.outgoing.JoinFederationHandler.process(JoinFederationHandler.java:105)
	at org.portico.utils.messaging.MessageSink.process(MessageSink.java:187)
	at org.portico.impl.hla13.Impl13Helper.processMessage(Impl13Helper.java:123)
	at org.portico.impl.hla13.Rti13Ambassador.processMessage(Rti13Ambassador.java:5822)
	at org.portico.impl.hla13.Rti13Ambassador.joinFederationExecution(Rti13Ambassador.java:321)
	at org.portico.impl.hla13.Rti13Ambassador.joinFederationExecution(Rti13Ambassador.java:387)
	at gov.nist.hla.gateway.GatewayFederate.joinFederationExecution(GatewayFederate.java:561)
	at gov.nist.hla.gateway.GatewayFederate.run(GatewayFederate.java:196)
	at gov.nist.hla.federates.database.Database.run(Database.java:85)
	at gov.nist.hla.federates.database.Database.main(Database.java:53)
2019-05-20 18:05:27 [main] WARN  gov.nist.hla.gateway.GatewayFederate - federation execution does not exist: AV
2019-05-20 18:05:27 [main] INFO  gov.nist.hla.gateway.GatewayFederate - next join attempt in 5000 ms...
2019-05-20 18:05:32 [main] INFO  gov.nist.hla.gateway.GatewayFederate - joining federation AV as Database (attempt 12)
ERROR [main] portico.lrc: federation doesn't exist: AV
org.portico.lrc.compat.JFederationExecutionDoesNotExist: federation doesn't exist: AV
	at org.portico.bindings.jgroups.Federation.sendJoinFederation(Federation.java:259)
	at org.portico.bindings.jgroups.JGroupsConnection.joinFederation(JGroupsConnection.java:251)
	at org.portico.lrc.services.federation.handlers.outgoing.JoinFederationHandler.process(JoinFederationHandler.java:105)
	at org.portico.utils.messaging.MessageSink.process(MessageSink.java:187)
	at org.portico.impl.hla13.Impl13Helper.processMessage(Impl13Helper.java:123)
	at org.portico.impl.hla13.Rti13Ambassador.processMessage(Rti13Ambassador.java:5822)
	at org.portico.impl.hla13.Rti13Ambassador.joinFederationExecution(Rti13Ambassador.java:321)
	at org.portico.impl.hla13.Rti13Ambassador.joinFederationExecution(Rti13Ambassador.java:387)
	at gov.nist.hla.gateway.GatewayFederate.joinFederationExecution(GatewayFederate.java:561)
	at gov.nist.hla.gateway.GatewayFederate.run(GatewayFederate.java:196)
	at gov.nist.hla.federates.database.Database.run(Database.java:85)
	at gov.nist.hla.federates.database.Database.main(Database.java:53)
2019-05-20 18:05:32 [main] FATAL gov.nist.hla.gateway.GatewayFederate - unable to join federation: org.portico.lrc.compat.JFederationExecutionDoesNotExist: federation doesn't exist: AV
