[INFO] Scanning for projects...
[INFO]                                                                         
[INFO] ------------------------------------------------------------------------
[INFO] Building AV_exec 0.1.0-SNAPSHOT
[INFO] ------------------------------------------------------------------------
[INFO] 
[INFO] --- exec-maven-plugin:1.5.0:java (default-cli) @ AV_exec ---
19:45:35.338 [org.cpswt.host.FederationManagerHostApp.main()] DEBUG org.cpswt.coa.COALoader - Adding node to the COA graph: Name: Action, Type: Action, Status: Inactive, NodeExecutedTime: -1.000000, Interaction: InteractionRoot.C2WInteractionRoot.CAN
19:45:35.342 [org.cpswt.host.FederationManagerHostApp.main()] DEBUG org.cpswt.coa.COALoader - Adding node to the COA graph: Name: SyncPoint, Type: SyncPoint, Status: Inactive, NodeExecutedTime: -1.000000, SyncTime: 24500.000000, No. of branches to finish: -1
19:45:35.342 [org.cpswt.host.FederationManagerHostApp.main()] DEBUG org.cpswt.coa.COALoader - Adding node to the COA graph: Name: Action, Type: Action, Status: Inactive, NodeExecutedTime: -1.000000, Interaction: InteractionRoot.C2WInteractionRoot.CAN
19:45:35.342 [org.cpswt.host.FederationManagerHostApp.main()] DEBUG org.cpswt.coa.COALoader - Adding node to the COA graph: Name: Action, Type: Action, Status: Inactive, NodeExecutedTime: -1.000000, Interaction: InteractionRoot.C2WInteractionRoot.CAN
19:45:35.343 [org.cpswt.host.FederationManagerHostApp.main()] DEBUG org.cpswt.coa.COALoader - Adding node to the COA graph: Name: SyncPoint, Type: SyncPoint, Status: Inactive, NodeExecutedTime: -1.000000, SyncTime: 4000.000000, No. of branches to finish: -1
19:45:35.343 [org.cpswt.host.FederationManagerHostApp.main()] DEBUG org.cpswt.coa.COALoader - Adding node to the COA graph: Name: Action, Type: Action, Status: Inactive, NodeExecutedTime: -1.000000, Interaction: InteractionRoot.C2WInteractionRoot.CAN
19:45:35.343 [org.cpswt.host.FederationManagerHostApp.main()] DEBUG org.cpswt.coa.COALoader - Adding node to the COA graph: Name: Action, Type: Action, Status: Inactive, NodeExecutedTime: -1.000000, Interaction: InteractionRoot.C2WInteractionRoot.CAN
19:45:35.343 [org.cpswt.host.FederationManagerHostApp.main()] DEBUG org.cpswt.coa.COALoader - Adding node to the COA graph: Name: SyncPoint, Type: SyncPoint, Status: Inactive, NodeExecutedTime: -1.000000, SyncTime: 15000.000000, No. of branches to finish: -1
19:45:35.344 [org.cpswt.host.FederationManagerHostApp.main()] DEBUG org.cpswt.coa.COALoader - Adding node to the COA graph: Name: Action, Type: Action, Status: Inactive, NodeExecutedTime: -1.000000, Interaction: InteractionRoot.C2WInteractionRoot.CAN
19:45:35.344 [org.cpswt.host.FederationManagerHostApp.main()] DEBUG org.cpswt.coa.COALoader - Adding node to the COA graph: Name: Action, Type: Action, Status: Inactive, NodeExecutedTime: -1.000000, Interaction: InteractionRoot.C2WInteractionRoot.CAN
19:45:35.344 [org.cpswt.host.FederationManagerHostApp.main()] DEBUG org.cpswt.coa.COALoader - Adding node to the COA graph: Name: Action, Type: Action, Status: Inactive, NodeExecutedTime: -1.000000, Interaction: InteractionRoot.C2WInteractionRoot.CAN
19:45:35.344 [org.cpswt.host.FederationManagerHostApp.main()] DEBUG org.cpswt.coa.COALoader - Adding node to the COA graph: Name: Action, Type: Action, Status: Inactive, NodeExecutedTime: -1.000000, Interaction: InteractionRoot.C2WInteractionRoot.CAN
19:45:35.344 [org.cpswt.host.FederationManagerHostApp.main()] DEBUG org.cpswt.coa.COALoader - Adding node to the COA graph: Name: Action, Type: Action, Status: Inactive, NodeExecutedTime: -1.000000, Interaction: InteractionRoot.C2WInteractionRoot.CAN
19:45:35.345 [org.cpswt.host.FederationManagerHostApp.main()] DEBUG org.cpswt.coa.COALoader - Adding node to the COA graph: Name: Action, Type: Action, Status: Inactive, NodeExecutedTime: -1.000000, Interaction: InteractionRoot.C2WInteractionRoot.CAN
19:45:35.345 [org.cpswt.host.FederationManagerHostApp.main()] DEBUG org.cpswt.coa.COALoader - Adding node to the COA graph: Name: Action, Type: Action, Status: Inactive, NodeExecutedTime: -1.000000, Interaction: InteractionRoot.C2WInteractionRoot.CAN
19:45:35.345 [org.cpswt.host.FederationManagerHostApp.main()] DEBUG org.cpswt.coa.COALoader - Adding node to the COA graph: Name: Action, Type: Action, Status: Inactive, NodeExecutedTime: -1.000000, Interaction: InteractionRoot.C2WInteractionRoot.CAN
19:45:35.345 [org.cpswt.host.FederationManagerHostApp.main()] DEBUG org.cpswt.coa.COALoader - Adding node to the COA graph: Name: Action, Type: Action, Status: Inactive, NodeExecutedTime: -1.000000, Interaction: InteractionRoot.C2WInteractionRoot.CAN
19:45:35.346 [org.cpswt.host.FederationManagerHostApp.main()] DEBUG org.cpswt.coa.COALoader - Adding node to the COA graph: Name: Action, Type: Action, Status: Inactive, NodeExecutedTime: -1.000000, Interaction: InteractionRoot.C2WInteractionRoot.CAN
19:45:35.346 [org.cpswt.host.FederationManagerHostApp.main()] DEBUG org.cpswt.coa.COALoader - Adding node to the COA graph: Name: Action, Type: Action, Status: Inactive, NodeExecutedTime: -1.000000, Interaction: InteractionRoot.C2WInteractionRoot.CAN
19:45:35.346 [org.cpswt.host.FederationManagerHostApp.main()] DEBUG org.cpswt.coa.COALoader - Adding node to the COA graph: Name: Action, Type: Action, Status: Inactive, NodeExecutedTime: -1.000000, Interaction: InteractionRoot.C2WInteractionRoot.CAN
19:45:35.346 [org.cpswt.host.FederationManagerHostApp.main()] DEBUG org.cpswt.coa.COALoader - Adding node to the COA graph: Name: Action, Type: Action, Status: Inactive, NodeExecutedTime: -1.000000, Interaction: InteractionRoot.C2WInteractionRoot.CAN
19:45:35.347 [org.cpswt.host.FederationManagerHostApp.main()] DEBUG org.cpswt.coa.COALoader - Adding node to the COA graph: Name: Action, Type: Action, Status: Inactive, NodeExecutedTime: -1.000000, Interaction: InteractionRoot.C2WInteractionRoot.CAN
19:45:35.347 [org.cpswt.host.FederationManagerHostApp.main()] DEBUG org.cpswt.coa.COALoader - Adding node to the COA graph: Name: Action, Type: Action, Status: Inactive, NodeExecutedTime: -1.000000, Interaction: InteractionRoot.C2WInteractionRoot.CAN
19:45:35.347 [org.cpswt.host.FederationManagerHostApp.main()] DEBUG org.cpswt.coa.COALoader - Adding node to the COA graph: Name: Action, Type: Action, Status: Inactive, NodeExecutedTime: -1.000000, Interaction: InteractionRoot.C2WInteractionRoot.CAN
19:45:35.347 [org.cpswt.host.FederationManagerHostApp.main()] DEBUG org.cpswt.coa.COALoader - Adding node to the COA graph: Name: Action, Type: Action, Status: Inactive, NodeExecutedTime: -1.000000, Interaction: InteractionRoot.C2WInteractionRoot.CAN
19:45:35.347 [org.cpswt.host.FederationManagerHostApp.main()] DEBUG org.cpswt.coa.COALoader - Adding node to the COA graph: Name: SyncPoint, Type: SyncPoint, Status: Inactive, NodeExecutedTime: -1.000000, SyncTime: 24000.000000, No. of branches to finish: -1
19:45:35.348 [org.cpswt.host.FederationManagerHostApp.main()] DEBUG org.cpswt.coa.COALoader - Adding node to the COA graph: Name: SyncPoint, Type: SyncPoint, Status: Inactive, NodeExecutedTime: -1.000000, SyncTime: 25000.000000, No. of branches to finish: -1
19:45:35.348 [org.cpswt.host.FederationManagerHostApp.main()] DEBUG org.cpswt.coa.COALoader - Adding node to the COA graph: Name: SyncPoint, Type: SyncPoint, Status: Inactive, NodeExecutedTime: -1.000000, SyncTime: 27000.000000, No. of branches to finish: -1
19:45:35.348 [org.cpswt.host.FederationManagerHostApp.main()] DEBUG org.cpswt.coa.COALoader - Adding node to the COA graph: Name: SyncPoint, Type: SyncPoint, Status: Inactive, NodeExecutedTime: -1.000000, SyncTime: 26500.000000, No. of branches to finish: -1
19:45:35.348 [org.cpswt.host.FederationManagerHostApp.main()] DEBUG org.cpswt.coa.COALoader - Adding node to the COA graph: Name: SyncPoint, Type: SyncPoint, Status: Inactive, NodeExecutedTime: -1.000000, SyncTime: 0.000000, No. of branches to finish: -1
19:45:35.348 [org.cpswt.host.FederationManagerHostApp.main()] DEBUG org.cpswt.coa.COALoader - Adding node to the COA graph: Name: SyncPoint, Type: SyncPoint, Status: Inactive, NodeExecutedTime: -1.000000, SyncTime: 1500.000000, No. of branches to finish: -1
19:45:35.349 [org.cpswt.host.FederationManagerHostApp.main()] DEBUG org.cpswt.coa.COALoader - Adding node to the COA graph: Name: SyncPoint, Type: SyncPoint, Status: Inactive, NodeExecutedTime: -1.000000, SyncTime: 2000.000000, No. of branches to finish: -1
19:45:35.349 [org.cpswt.host.FederationManagerHostApp.main()] DEBUG org.cpswt.coa.COALoader - Adding node to the COA graph: Name: SyncPoint, Type: SyncPoint, Status: Inactive, NodeExecutedTime: -1.000000, SyncTime: 2500.000000, No. of branches to finish: -1
19:45:35.349 [org.cpswt.host.FederationManagerHostApp.main()] DEBUG org.cpswt.coa.COALoader - Adding node to the COA graph: Name: SyncPoint, Type: SyncPoint, Status: Inactive, NodeExecutedTime: -1.000000, SyncTime: 3000.000000, No. of branches to finish: -1
19:45:35.349 [org.cpswt.host.FederationManagerHostApp.main()] DEBUG org.cpswt.coa.COALoader - Adding node to the COA graph: Name: SyncPoint, Type: SyncPoint, Status: Inactive, NodeExecutedTime: -1.000000, SyncTime: 11000.000000, No. of branches to finish: -1
19:45:35.349 [org.cpswt.host.FederationManagerHostApp.main()] DEBUG org.cpswt.coa.COALoader - Adding node to the COA graph: Name: SyncPoint, Type: SyncPoint, Status: Inactive, NodeExecutedTime: -1.000000, SyncTime: 13000.000000, No. of branches to finish: -1
19:45:35.350 [org.cpswt.host.FederationManagerHostApp.main()] DEBUG org.cpswt.coa.COALoader - Adding node to the COA graph: Name: SyncPoint, Type: SyncPoint, Status: Inactive, NodeExecutedTime: -1.000000, SyncTime: 14000.000000, No. of branches to finish: -1
19:45:35.350 [org.cpswt.host.FederationManagerHostApp.main()] DEBUG org.cpswt.coa.COALoader - Adding node to the COA graph: Name: SyncPoint, Type: SyncPoint, Status: Inactive, NodeExecutedTime: -1.000000, SyncTime: 17500.000000, No. of branches to finish: -1
19:45:35.351 [org.cpswt.host.FederationManagerHostApp.main()] DEBUG org.cpswt.coa.COALoader - Adding node to the COA graph: Name: SyncPoint, Type: SyncPoint, Status: Inactive, NodeExecutedTime: -1.000000, SyncTime: 20500.000000, No. of branches to finish: -1
19:45:35.351 [org.cpswt.host.FederationManagerHostApp.main()] DEBUG org.cpswt.coa.COALoader - Adding node to the COA graph: Name: SyncPoint, Type: SyncPoint, Status: Inactive, NodeExecutedTime: -1.000000, SyncTime: 21000.000000, No. of branches to finish: -1
19:45:35.352 [org.cpswt.host.FederationManagerHostApp.main()] DEBUG org.cpswt.coa.COALoader - Adding node to the COA graph: Name: SyncPoint, Type: SyncPoint, Status: Inactive, NodeExecutedTime: -1.000000, SyncTime: 21500.000000, No. of branches to finish: -1
19:45:35.352 [org.cpswt.host.FederationManagerHostApp.main()] DEBUG org.cpswt.coa.COALoader - Adding node to the COA graph: Name: SyncPoint, Type: SyncPoint, Status: Inactive, NodeExecutedTime: -1.000000, SyncTime: 23500.000000, No. of branches to finish: -1
19:45:35.352 [org.cpswt.host.FederationManagerHostApp.main()] DEBUG org.cpswt.coa.COALoader - Adding node to the COA graph: Name: SyncPoint, Type: SyncPoint, Status: Inactive, NodeExecutedTime: -1.000000, SyncTime: 25500.000000, No. of branches to finish: -1
19:45:35.352 [org.cpswt.host.FederationManagerHostApp.main()] DEBUG org.cpswt.coa.COALoader - Adding node to the COA graph: Name: SyncPoint, Type: SyncPoint, Status: Inactive, NodeExecutedTime: -1.000000, SyncTime: 26000.000000, No. of branches to finish: -1
19:45:35.357 [org.cpswt.host.FederationManagerHostApp.main()] DEBUG org.cpswt.coa.COALoader - Adding edge to the COA graph: [COAFlow] Action --to--> SyncPoint
19:45:35.358 [org.cpswt.host.FederationManagerHostApp.main()] DEBUG org.cpswt.coa.COALoader - Adding edge to the COA graph: [COAFlow] SyncPoint --to--> Action
19:45:35.359 [org.cpswt.host.FederationManagerHostApp.main()] DEBUG org.cpswt.coa.COALoader - Adding edge to the COA graph: [COAFlow] Action --to--> SyncPoint
19:45:35.359 [org.cpswt.host.FederationManagerHostApp.main()] DEBUG org.cpswt.coa.COALoader - Adding edge to the COA graph: [COAFlow] SyncPoint --to--> Action
19:45:35.359 [org.cpswt.host.FederationManagerHostApp.main()] DEBUG org.cpswt.coa.COALoader - Adding edge to the COA graph: [COAFlow] Action --to--> SyncPoint
19:45:35.359 [org.cpswt.host.FederationManagerHostApp.main()] DEBUG org.cpswt.coa.COALoader - Adding edge to the COA graph: [COAFlow] SyncPoint --to--> Action
19:45:35.360 [org.cpswt.host.FederationManagerHostApp.main()] DEBUG org.cpswt.coa.COALoader - Adding edge to the COA graph: [COAFlow] SyncPoint --to--> Action
19:45:35.360 [org.cpswt.host.FederationManagerHostApp.main()] DEBUG org.cpswt.coa.COALoader - Adding edge to the COA graph: [COAFlow] Action --to--> SyncPoint
19:45:35.360 [org.cpswt.host.FederationManagerHostApp.main()] DEBUG org.cpswt.coa.COALoader - Adding edge to the COA graph: [COAFlow] SyncPoint --to--> Action
19:45:35.360 [org.cpswt.host.FederationManagerHostApp.main()] DEBUG org.cpswt.coa.COALoader - Adding edge to the COA graph: [COAFlow] Action --to--> SyncPoint
19:45:35.360 [org.cpswt.host.FederationManagerHostApp.main()] DEBUG org.cpswt.coa.COALoader - Adding edge to the COA graph: [COAFlow] SyncPoint --to--> Action
19:45:35.360 [org.cpswt.host.FederationManagerHostApp.main()] DEBUG org.cpswt.coa.COALoader - Adding edge to the COA graph: [COAFlow] SyncPoint --to--> Action
19:45:35.360 [org.cpswt.host.FederationManagerHostApp.main()] DEBUG org.cpswt.coa.COALoader - Adding edge to the COA graph: [COAFlow] Action --to--> SyncPoint
19:45:35.361 [org.cpswt.host.FederationManagerHostApp.main()] DEBUG org.cpswt.coa.COALoader - Adding edge to the COA graph: [COAFlow] SyncPoint --to--> Action
19:45:35.361 [org.cpswt.host.FederationManagerHostApp.main()] DEBUG org.cpswt.coa.COALoader - Adding edge to the COA graph: [COAFlow] Action --to--> SyncPoint
19:45:35.362 [org.cpswt.host.FederationManagerHostApp.main()] DEBUG org.cpswt.coa.COALoader - Adding edge to the COA graph: [COAFlow] SyncPoint --to--> Action
19:45:35.363 [org.cpswt.host.FederationManagerHostApp.main()] DEBUG org.cpswt.coa.COALoader - Adding edge to the COA graph: [COAFlow] Action --to--> SyncPoint
19:45:35.363 [org.cpswt.host.FederationManagerHostApp.main()] DEBUG org.cpswt.coa.COALoader - Adding edge to the COA graph: [COAFlow] SyncPoint --to--> Action
19:45:35.363 [org.cpswt.host.FederationManagerHostApp.main()] DEBUG org.cpswt.coa.COALoader - Adding edge to the COA graph: [COAFlow] Action --to--> SyncPoint
19:45:35.363 [org.cpswt.host.FederationManagerHostApp.main()] DEBUG org.cpswt.coa.COALoader - Adding edge to the COA graph: [COAFlow] SyncPoint --to--> Action
19:45:35.363 [org.cpswt.host.FederationManagerHostApp.main()] DEBUG org.cpswt.coa.COALoader - Adding edge to the COA graph: [COAFlow] Action --to--> SyncPoint
19:45:35.363 [org.cpswt.host.FederationManagerHostApp.main()] DEBUG org.cpswt.coa.COALoader - Adding edge to the COA graph: [COAFlow] SyncPoint --to--> Action
19:45:35.364 [org.cpswt.host.FederationManagerHostApp.main()] DEBUG org.cpswt.coa.COALoader - Adding edge to the COA graph: [COAFlow] Action --to--> SyncPoint
19:45:35.364 [org.cpswt.host.FederationManagerHostApp.main()] DEBUG org.cpswt.coa.COALoader - Adding edge to the COA graph: [COAFlow] SyncPoint --to--> Action
19:45:35.364 [org.cpswt.host.FederationManagerHostApp.main()] DEBUG org.cpswt.coa.COALoader - Adding edge to the COA graph: [COAFlow] Action --to--> SyncPoint
19:45:35.364 [org.cpswt.host.FederationManagerHostApp.main()] DEBUG org.cpswt.coa.COALoader - Adding edge to the COA graph: [COAFlow] SyncPoint --to--> Action
19:45:35.364 [org.cpswt.host.FederationManagerHostApp.main()] DEBUG org.cpswt.coa.COALoader - Adding edge to the COA graph: [COAFlow] Action --to--> SyncPoint
19:45:35.365 [org.cpswt.host.FederationManagerHostApp.main()] DEBUG org.cpswt.coa.COALoader - Adding edge to the COA graph: [COAFlow] SyncPoint --to--> Action
19:45:35.365 [org.cpswt.host.FederationManagerHostApp.main()] DEBUG org.cpswt.coa.COALoader - Adding edge to the COA graph: [COAFlow] Action --to--> SyncPoint
19:45:35.365 [org.cpswt.host.FederationManagerHostApp.main()] DEBUG org.cpswt.coa.COALoader - Adding edge to the COA graph: [COAFlow] SyncPoint --to--> Action
19:45:35.365 [org.cpswt.host.FederationManagerHostApp.main()] DEBUG org.cpswt.coa.COALoader - Adding edge to the COA graph: [COAFlow] Action --to--> SyncPoint
19:45:35.366 [org.cpswt.host.FederationManagerHostApp.main()] DEBUG org.cpswt.coa.COALoader - Adding edge to the COA graph: [COAFlow] SyncPoint --to--> Action
19:45:35.366 [org.cpswt.host.FederationManagerHostApp.main()] DEBUG org.cpswt.coa.COALoader - Adding edge to the COA graph: [COAFlow] Action --to--> SyncPoint
19:45:35.366 [org.cpswt.host.FederationManagerHostApp.main()] DEBUG org.cpswt.coa.COALoader - Adding edge to the COA graph: [COAFlow] SyncPoint --to--> Action
19:45:35.367 [org.cpswt.host.FederationManagerHostApp.main()] DEBUG org.cpswt.coa.COALoader - Adding edge to the COA graph: [COAFlow] Action --to--> SyncPoint
19:45:35.367 [org.cpswt.host.FederationManagerHostApp.main()] DEBUG org.cpswt.coa.COALoader - Adding edge to the COA graph: [COAFlow] SyncPoint --to--> Action
19:45:35.367 [org.cpswt.host.FederationManagerHostApp.main()] DEBUG org.cpswt.coa.COALoader - Adding edge to the COA graph: [COAFlow] Action --to--> SyncPoint
19:45:35.367 [org.cpswt.host.FederationManagerHostApp.main()] DEBUG org.cpswt.coa.COALoader - Adding edge to the COA graph: [COAFlow] SyncPoint --to--> Action
19:45:35.367 [org.cpswt.host.FederationManagerHostApp.main()] DEBUG org.cpswt.coa.COALoader - Adding edge to the COA graph: [COAFlow] Action --to--> SyncPoint
19:45:35.367 [org.cpswt.host.FederationManagerHostApp.main()] DEBUG org.cpswt.coa.COALoader - Adding edge to the COA graph: [COAFlow] SyncPoint --to--> Action
19:45:35.368 [org.cpswt.host.FederationManagerHostApp.main()] DEBUG org.cpswt.coa.COALoader - Adding edge to the COA graph: [COAFlow] Action --to--> SyncPoint
19:45:35.368 [org.cpswt.host.FederationManagerHostApp.main()] DEBUG org.cpswt.coa.COALoader - Adding edge to the COA graph: [COAFlow] SyncPoint --to--> Action
19:45:35.368 [org.cpswt.host.FederationManagerHostApp.main()] DEBUG org.cpswt.coa.COALoader - Adding edge to the COA graph: [COAFlow] Action --to--> SyncPoint
19:45:35.370 [org.cpswt.host.FederationManagerHostApp.main()] INFO  org.cpswt.coa.COALoader - Loaded COAGraph successfully
19:45:35.371 [org.cpswt.host.FederationManagerHostApp.main()] DEBUG org.cpswt.coa.COALoader - Loaded the following COAGraph:
{}SyncPoint
		Action	
			SyncPoint		
				Action			
					SyncPoint				
						Action					
							SyncPoint						
								Action							
									SyncPoint								
										Action									
											SyncPoint										
												Action											
													SyncPoint												
														Action													
															SyncPoint														
																Action															
																	SyncPoint																
																		Action																	
																			SyncPoint																		
																				Action																			
																					SyncPoint																				
																						Action																					
																							SyncPoint																						
																								Action																							
																									SyncPoint																								
																										Action																									
																											SyncPoint																										
																												Action																											
																													SyncPoint																												
																														Action																													
																															SyncPoint																														
																																Action																															
																																	SyncPoint																																
																																		Action																																	
																																			SyncPoint																																		
																																				Action																																			
																																					SyncPoint																																				
																																						Action																																					
																																							SyncPoint																																						
																																								Action																																							
																																									SyncPoint																																								
																																										Action																																									
																																											SyncPoint																																										
																																												Action

19:45:35.378 [org.cpswt.host.FederationManagerHostApp.main()] DEBUG org.cpswt.hla.SynchronizedFederate - Federate FederationManager-1b2ec75e-e149-4720-a620-3561347720d9 acquiring connection to RTI ...
19:45:35.529 [org.cpswt.host.FederationManagerHostApp.main()] DEBUG org.cpswt.hla.SynchronizedFederate - Federate FederationManager-1b2ec75e-e149-4720-a620-3561347720d9 connection to RTI successful.
19:45:35.529 [org.cpswt.host.FederationManagerHostApp.main()] DEBUG org.cpswt.hla.FederationManager - Local RTI component created successfully.

-------------------------------------------------------------------
GMS: address=vagrant-56265, cluster=AV, physical address=10.0.2.15:39443
-------------------------------------------------------------------
19:45:39.909 [org.cpswt.host.FederationManagerHostApp.main()] DEBUG org.cpswt.hla.FederationManager - Federation "AV" created successfully.
19:45:39.909 [org.cpswt.host.FederationManagerHostApp.main()] DEBUG org.cpswt.hla.SynchronizedFederate - [FederationManager-1b2ec75e-e149-4720-a620-3561347720d9] federate joining federation [AV] attempt #1
19:45:39.928 [org.cpswt.host.FederationManagerHostApp.main()] DEBUG org.cpswt.hla.SynchronizedFederate - [FederationManager-1b2ec75e-e149-4720-a620-3561347720d9] federate joined federation [AV] successfully
19:45:39.940 [org.cpswt.host.FederationManagerHostApp.main()] DEBUG org.cpswt.hla.SimEnd - subscribe: InteractionRoot.C2WInteractionRoot.SimulationControl.SimEnd
19:45:39.943 [org.cpswt.host.FederationManagerHostApp.main()] DEBUG org.cpswt.hla.FederateJoinInteraction - publish: InteractionRoot.C2WInteractionRoot.FederateJoinInteraction
19:45:39.946 [org.cpswt.host.FederationManagerHostApp.main()] DEBUG org.cpswt.hla.FederateResignInteraction - publish: InteractionRoot.C2WInteractionRoot.FederateResignInteraction
19:45:42.217 [org.cpswt.host.FederationManagerHostApp.main()] DEBUG org.cpswt.hla.FederationManager - Synchronization point "readyToPopulate" registered successfully.
19:45:43.220 [org.cpswt.host.FederationManagerHostApp.main()] DEBUG org.cpswt.hla.FederationManager - Synchronization point "readyToRun" registered successfully.
19:45:44.224 [org.cpswt.host.FederationManagerHostApp.main()] DEBUG org.cpswt.hla.FederationManager - Synchronization point "readyToResign" registered successfully.
19:45:44.224 [org.cpswt.host.FederationManagerHostApp.main()] DEBUG org.cpswt.hla.FederateJoinInteraction - subscribe: InteractionRoot.C2WInteractionRoot.FederateJoinInteraction
19:45:44.224 [org.cpswt.host.FederationManagerHostApp.main()] DEBUG org.cpswt.hla.FederateResignInteraction - subscribe: InteractionRoot.C2WInteractionRoot.FederateResignInteraction
19:45:44.225 [org.cpswt.host.FederationManagerHostApp.main()] DEBUG org.cpswt.hla.SimEnd - publish: InteractionRoot.C2WInteractionRoot.SimulationControl.SimEnd
19:45:44.228 [org.cpswt.host.FederationManagerHostApp.main()] DEBUG org.cpswt.hla.SimPause - publish: InteractionRoot.C2WInteractionRoot.SimulationControl.SimPause
19:45:44.230 [org.cpswt.host.FederationManagerHostApp.main()] DEBUG org.cpswt.hla.SimResume - publish: InteractionRoot.C2WInteractionRoot.SimulationControl.SimResume
19:45:44.232 [org.cpswt.host.FederationManagerHostApp.main()] DEBUG AV.CAN - publish: InteractionRoot.C2WInteractionRoot.CAN
19:45:45.192 [org.cpswt.host.FederationManagerHostApp.main()] INFO  org.cpswt.host.FederationManagerHostApp - Server online at 0.0.0.0:8083 ...
19:45:47.625 [routes-akka.actor.default-dispatcher-7] DEBUG org.cpswt.host.FederationManagerHostApp - Starting simulation
19:45:47.627 [Thread-1] DEBUG org.cpswt.hla.FederationManager - Starting simulation
19:45:47.640 [Thread-1] DEBUG org.cpswt.hla.FederateObject - subscribe: ObjectRoot.Manager.Federate
