[INFO] Scanning for projects...
[INFO]                                                                         
[INFO] ------------------------------------------------------------------------
[INFO] Building AV_exec 0.1.0-SNAPSHOT
[INFO] ------------------------------------------------------------------------
[INFO] 
[INFO] --- exec-maven-plugin:1.5.0:java (default-cli) @ AV_exec ---
18:48:16.461 [org.cpswt.host.FederationManagerHostApp.main()] DEBUG org.cpswt.coa.COALoader - Adding node to the COA graph: Name: Action, Type: Action, Status: Inactive, NodeExecutedTime: -1.000000, Interaction: InteractionRoot.C2WInteractionRoot.CAN
18:48:16.474 [org.cpswt.host.FederationManagerHostApp.main()] DEBUG org.cpswt.coa.COALoader - Adding node to the COA graph: Name: SyncPoint, Type: SyncPoint, Status: Inactive, NodeExecutedTime: -1.000000, SyncTime: 24500.000000, No. of branches to finish: -1
18:48:16.475 [org.cpswt.host.FederationManagerHostApp.main()] DEBUG org.cpswt.coa.COALoader - Adding node to the COA graph: Name: Action, Type: Action, Status: Inactive, NodeExecutedTime: -1.000000, Interaction: InteractionRoot.C2WInteractionRoot.CAN
18:48:16.478 [org.cpswt.host.FederationManagerHostApp.main()] DEBUG org.cpswt.coa.COALoader - Adding node to the COA graph: Name: Action, Type: Action, Status: Inactive, NodeExecutedTime: -1.000000, Interaction: InteractionRoot.C2WInteractionRoot.CAN
18:48:16.481 [org.cpswt.host.FederationManagerHostApp.main()] DEBUG org.cpswt.coa.COALoader - Adding node to the COA graph: Name: SyncPoint, Type: SyncPoint, Status: Inactive, NodeExecutedTime: -1.000000, SyncTime: 4000.000000, No. of branches to finish: -1
18:48:16.482 [org.cpswt.host.FederationManagerHostApp.main()] DEBUG org.cpswt.coa.COALoader - Adding node to the COA graph: Name: Action, Type: Action, Status: Inactive, NodeExecutedTime: -1.000000, Interaction: InteractionRoot.C2WInteractionRoot.CAN
18:48:16.484 [org.cpswt.host.FederationManagerHostApp.main()] DEBUG org.cpswt.coa.COALoader - Adding node to the COA graph: Name: Action, Type: Action, Status: Inactive, NodeExecutedTime: -1.000000, Interaction: InteractionRoot.C2WInteractionRoot.CAN
18:48:16.487 [org.cpswt.host.FederationManagerHostApp.main()] DEBUG org.cpswt.coa.COALoader - Adding node to the COA graph: Name: SyncPoint, Type: SyncPoint, Status: Inactive, NodeExecutedTime: -1.000000, SyncTime: 15000.000000, No. of branches to finish: -1
18:48:16.491 [org.cpswt.host.FederationManagerHostApp.main()] DEBUG org.cpswt.coa.COALoader - Adding node to the COA graph: Name: Action, Type: Action, Status: Inactive, NodeExecutedTime: -1.000000, Interaction: InteractionRoot.C2WInteractionRoot.CAN
18:48:16.491 [org.cpswt.host.FederationManagerHostApp.main()] DEBUG org.cpswt.coa.COALoader - Adding node to the COA graph: Name: Action, Type: Action, Status: Inactive, NodeExecutedTime: -1.000000, Interaction: InteractionRoot.C2WInteractionRoot.CAN
18:48:16.493 [org.cpswt.host.FederationManagerHostApp.main()] DEBUG org.cpswt.coa.COALoader - Adding node to the COA graph: Name: Action, Type: Action, Status: Inactive, NodeExecutedTime: -1.000000, Interaction: InteractionRoot.C2WInteractionRoot.CAN
18:48:16.493 [org.cpswt.host.FederationManagerHostApp.main()] DEBUG org.cpswt.coa.COALoader - Adding node to the COA graph: Name: Action, Type: Action, Status: Inactive, NodeExecutedTime: -1.000000, Interaction: InteractionRoot.C2WInteractionRoot.CAN
18:48:16.494 [org.cpswt.host.FederationManagerHostApp.main()] DEBUG org.cpswt.coa.COALoader - Adding node to the COA graph: Name: Action, Type: Action, Status: Inactive, NodeExecutedTime: -1.000000, Interaction: InteractionRoot.C2WInteractionRoot.CAN
18:48:16.495 [org.cpswt.host.FederationManagerHostApp.main()] DEBUG org.cpswt.coa.COALoader - Adding node to the COA graph: Name: Action, Type: Action, Status: Inactive, NodeExecutedTime: -1.000000, Interaction: InteractionRoot.C2WInteractionRoot.CAN
18:48:16.496 [org.cpswt.host.FederationManagerHostApp.main()] DEBUG org.cpswt.coa.COALoader - Adding node to the COA graph: Name: Action, Type: Action, Status: Inactive, NodeExecutedTime: -1.000000, Interaction: InteractionRoot.C2WInteractionRoot.CAN
18:48:16.498 [org.cpswt.host.FederationManagerHostApp.main()] DEBUG org.cpswt.coa.COALoader - Adding node to the COA graph: Name: Action, Type: Action, Status: Inactive, NodeExecutedTime: -1.000000, Interaction: InteractionRoot.C2WInteractionRoot.CAN
18:48:16.499 [org.cpswt.host.FederationManagerHostApp.main()] DEBUG org.cpswt.coa.COALoader - Adding node to the COA graph: Name: Action, Type: Action, Status: Inactive, NodeExecutedTime: -1.000000, Interaction: InteractionRoot.C2WInteractionRoot.CAN
18:48:16.500 [org.cpswt.host.FederationManagerHostApp.main()] DEBUG org.cpswt.coa.COALoader - Adding node to the COA graph: Name: Action, Type: Action, Status: Inactive, NodeExecutedTime: -1.000000, Interaction: InteractionRoot.C2WInteractionRoot.CAN
18:48:16.501 [org.cpswt.host.FederationManagerHostApp.main()] DEBUG org.cpswt.coa.COALoader - Adding node to the COA graph: Name: Action, Type: Action, Status: Inactive, NodeExecutedTime: -1.000000, Interaction: InteractionRoot.C2WInteractionRoot.CAN
18:48:16.502 [org.cpswt.host.FederationManagerHostApp.main()] DEBUG org.cpswt.coa.COALoader - Adding node to the COA graph: Name: Action, Type: Action, Status: Inactive, NodeExecutedTime: -1.000000, Interaction: InteractionRoot.C2WInteractionRoot.CAN
18:48:16.503 [org.cpswt.host.FederationManagerHostApp.main()] DEBUG org.cpswt.coa.COALoader - Adding node to the COA graph: Name: Action, Type: Action, Status: Inactive, NodeExecutedTime: -1.000000, Interaction: InteractionRoot.C2WInteractionRoot.CAN
18:48:16.504 [org.cpswt.host.FederationManagerHostApp.main()] DEBUG org.cpswt.coa.COALoader - Adding node to the COA graph: Name: Action, Type: Action, Status: Inactive, NodeExecutedTime: -1.000000, Interaction: InteractionRoot.C2WInteractionRoot.CAN
18:48:16.505 [org.cpswt.host.FederationManagerHostApp.main()] DEBUG org.cpswt.coa.COALoader - Adding node to the COA graph: Name: Action, Type: Action, Status: Inactive, NodeExecutedTime: -1.000000, Interaction: InteractionRoot.C2WInteractionRoot.CAN
18:48:16.506 [org.cpswt.host.FederationManagerHostApp.main()] DEBUG org.cpswt.coa.COALoader - Adding node to the COA graph: Name: Action, Type: Action, Status: Inactive, NodeExecutedTime: -1.000000, Interaction: InteractionRoot.C2WInteractionRoot.CAN
18:48:16.508 [org.cpswt.host.FederationManagerHostApp.main()] DEBUG org.cpswt.coa.COALoader - Adding node to the COA graph: Name: Action, Type: Action, Status: Inactive, NodeExecutedTime: -1.000000, Interaction: InteractionRoot.C2WInteractionRoot.CAN
18:48:16.508 [org.cpswt.host.FederationManagerHostApp.main()] DEBUG org.cpswt.coa.COALoader - Adding node to the COA graph: Name: SyncPoint, Type: SyncPoint, Status: Inactive, NodeExecutedTime: -1.000000, SyncTime: 24000.000000, No. of branches to finish: -1
18:48:16.509 [org.cpswt.host.FederationManagerHostApp.main()] DEBUG org.cpswt.coa.COALoader - Adding node to the COA graph: Name: SyncPoint, Type: SyncPoint, Status: Inactive, NodeExecutedTime: -1.000000, SyncTime: 25000.000000, No. of branches to finish: -1
18:48:16.511 [org.cpswt.host.FederationManagerHostApp.main()] DEBUG org.cpswt.coa.COALoader - Adding node to the COA graph: Name: SyncPoint, Type: SyncPoint, Status: Inactive, NodeExecutedTime: -1.000000, SyncTime: 27000.000000, No. of branches to finish: -1
18:48:16.512 [org.cpswt.host.FederationManagerHostApp.main()] DEBUG org.cpswt.coa.COALoader - Adding node to the COA graph: Name: SyncPoint, Type: SyncPoint, Status: Inactive, NodeExecutedTime: -1.000000, SyncTime: 26500.000000, No. of branches to finish: -1
18:48:16.514 [org.cpswt.host.FederationManagerHostApp.main()] DEBUG org.cpswt.coa.COALoader - Adding node to the COA graph: Name: SyncPoint, Type: SyncPoint, Status: Inactive, NodeExecutedTime: -1.000000, SyncTime: 0.000000, No. of branches to finish: -1
18:48:16.514 [org.cpswt.host.FederationManagerHostApp.main()] DEBUG org.cpswt.coa.COALoader - Adding node to the COA graph: Name: SyncPoint, Type: SyncPoint, Status: Inactive, NodeExecutedTime: -1.000000, SyncTime: 1500.000000, No. of branches to finish: -1
18:48:16.516 [org.cpswt.host.FederationManagerHostApp.main()] DEBUG org.cpswt.coa.COALoader - Adding node to the COA graph: Name: SyncPoint, Type: SyncPoint, Status: Inactive, NodeExecutedTime: -1.000000, SyncTime: 2000.000000, No. of branches to finish: -1
18:48:16.518 [org.cpswt.host.FederationManagerHostApp.main()] DEBUG org.cpswt.coa.COALoader - Adding node to the COA graph: Name: SyncPoint, Type: SyncPoint, Status: Inactive, NodeExecutedTime: -1.000000, SyncTime: 2500.000000, No. of branches to finish: -1
18:48:16.519 [org.cpswt.host.FederationManagerHostApp.main()] DEBUG org.cpswt.coa.COALoader - Adding node to the COA graph: Name: SyncPoint, Type: SyncPoint, Status: Inactive, NodeExecutedTime: -1.000000, SyncTime: 3000.000000, No. of branches to finish: -1
18:48:16.520 [org.cpswt.host.FederationManagerHostApp.main()] DEBUG org.cpswt.coa.COALoader - Adding node to the COA graph: Name: SyncPoint, Type: SyncPoint, Status: Inactive, NodeExecutedTime: -1.000000, SyncTime: 11000.000000, No. of branches to finish: -1
18:48:16.521 [org.cpswt.host.FederationManagerHostApp.main()] DEBUG org.cpswt.coa.COALoader - Adding node to the COA graph: Name: SyncPoint, Type: SyncPoint, Status: Inactive, NodeExecutedTime: -1.000000, SyncTime: 13000.000000, No. of branches to finish: -1
18:48:16.523 [org.cpswt.host.FederationManagerHostApp.main()] DEBUG org.cpswt.coa.COALoader - Adding node to the COA graph: Name: SyncPoint, Type: SyncPoint, Status: Inactive, NodeExecutedTime: -1.000000, SyncTime: 14000.000000, No. of branches to finish: -1
18:48:16.529 [org.cpswt.host.FederationManagerHostApp.main()] DEBUG org.cpswt.coa.COALoader - Adding node to the COA graph: Name: SyncPoint, Type: SyncPoint, Status: Inactive, NodeExecutedTime: -1.000000, SyncTime: 17500.000000, No. of branches to finish: -1
18:48:16.530 [org.cpswt.host.FederationManagerHostApp.main()] DEBUG org.cpswt.coa.COALoader - Adding node to the COA graph: Name: SyncPoint, Type: SyncPoint, Status: Inactive, NodeExecutedTime: -1.000000, SyncTime: 20500.000000, No. of branches to finish: -1
18:48:16.530 [org.cpswt.host.FederationManagerHostApp.main()] DEBUG org.cpswt.coa.COALoader - Adding node to the COA graph: Name: SyncPoint, Type: SyncPoint, Status: Inactive, NodeExecutedTime: -1.000000, SyncTime: 21000.000000, No. of branches to finish: -1
18:48:16.532 [org.cpswt.host.FederationManagerHostApp.main()] DEBUG org.cpswt.coa.COALoader - Adding node to the COA graph: Name: SyncPoint, Type: SyncPoint, Status: Inactive, NodeExecutedTime: -1.000000, SyncTime: 21500.000000, No. of branches to finish: -1
18:48:16.533 [org.cpswt.host.FederationManagerHostApp.main()] DEBUG org.cpswt.coa.COALoader - Adding node to the COA graph: Name: SyncPoint, Type: SyncPoint, Status: Inactive, NodeExecutedTime: -1.000000, SyncTime: 23500.000000, No. of branches to finish: -1
18:48:16.534 [org.cpswt.host.FederationManagerHostApp.main()] DEBUG org.cpswt.coa.COALoader - Adding node to the COA graph: Name: SyncPoint, Type: SyncPoint, Status: Inactive, NodeExecutedTime: -1.000000, SyncTime: 25500.000000, No. of branches to finish: -1
18:48:16.535 [org.cpswt.host.FederationManagerHostApp.main()] DEBUG org.cpswt.coa.COALoader - Adding node to the COA graph: Name: SyncPoint, Type: SyncPoint, Status: Inactive, NodeExecutedTime: -1.000000, SyncTime: 26000.000000, No. of branches to finish: -1
18:48:16.547 [org.cpswt.host.FederationManagerHostApp.main()] DEBUG org.cpswt.coa.COALoader - Adding edge to the COA graph: [COAFlow] Action --to--> SyncPoint
18:48:16.548 [org.cpswt.host.FederationManagerHostApp.main()] DEBUG org.cpswt.coa.COALoader - Adding edge to the COA graph: [COAFlow] SyncPoint --to--> Action
18:48:16.549 [org.cpswt.host.FederationManagerHostApp.main()] DEBUG org.cpswt.coa.COALoader - Adding edge to the COA graph: [COAFlow] Action --to--> SyncPoint
18:48:16.549 [org.cpswt.host.FederationManagerHostApp.main()] DEBUG org.cpswt.coa.COALoader - Adding edge to the COA graph: [COAFlow] SyncPoint --to--> Action
18:48:16.550 [org.cpswt.host.FederationManagerHostApp.main()] DEBUG org.cpswt.coa.COALoader - Adding edge to the COA graph: [COAFlow] Action --to--> SyncPoint
18:48:16.551 [org.cpswt.host.FederationManagerHostApp.main()] DEBUG org.cpswt.coa.COALoader - Adding edge to the COA graph: [COAFlow] SyncPoint --to--> Action
18:48:16.551 [org.cpswt.host.FederationManagerHostApp.main()] DEBUG org.cpswt.coa.COALoader - Adding edge to the COA graph: [COAFlow] SyncPoint --to--> Action
18:48:16.552 [org.cpswt.host.FederationManagerHostApp.main()] DEBUG org.cpswt.coa.COALoader - Adding edge to the COA graph: [COAFlow] Action --to--> SyncPoint
18:48:16.553 [org.cpswt.host.FederationManagerHostApp.main()] DEBUG org.cpswt.coa.COALoader - Adding edge to the COA graph: [COAFlow] SyncPoint --to--> Action
18:48:16.553 [org.cpswt.host.FederationManagerHostApp.main()] DEBUG org.cpswt.coa.COALoader - Adding edge to the COA graph: [COAFlow] Action --to--> SyncPoint
18:48:16.554 [org.cpswt.host.FederationManagerHostApp.main()] DEBUG org.cpswt.coa.COALoader - Adding edge to the COA graph: [COAFlow] SyncPoint --to--> Action
18:48:16.554 [org.cpswt.host.FederationManagerHostApp.main()] DEBUG org.cpswt.coa.COALoader - Adding edge to the COA graph: [COAFlow] SyncPoint --to--> Action
18:48:16.555 [org.cpswt.host.FederationManagerHostApp.main()] DEBUG org.cpswt.coa.COALoader - Adding edge to the COA graph: [COAFlow] Action --to--> SyncPoint
18:48:16.556 [org.cpswt.host.FederationManagerHostApp.main()] DEBUG org.cpswt.coa.COALoader - Adding edge to the COA graph: [COAFlow] SyncPoint --to--> Action
18:48:16.556 [org.cpswt.host.FederationManagerHostApp.main()] DEBUG org.cpswt.coa.COALoader - Adding edge to the COA graph: [COAFlow] Action --to--> SyncPoint
18:48:16.565 [org.cpswt.host.FederationManagerHostApp.main()] DEBUG org.cpswt.coa.COALoader - Adding edge to the COA graph: [COAFlow] SyncPoint --to--> Action
18:48:16.566 [org.cpswt.host.FederationManagerHostApp.main()] DEBUG org.cpswt.coa.COALoader - Adding edge to the COA graph: [COAFlow] Action --to--> SyncPoint
18:48:16.566 [org.cpswt.host.FederationManagerHostApp.main()] DEBUG org.cpswt.coa.COALoader - Adding edge to the COA graph: [COAFlow] SyncPoint --to--> Action
18:48:16.567 [org.cpswt.host.FederationManagerHostApp.main()] DEBUG org.cpswt.coa.COALoader - Adding edge to the COA graph: [COAFlow] Action --to--> SyncPoint
18:48:16.567 [org.cpswt.host.FederationManagerHostApp.main()] DEBUG org.cpswt.coa.COALoader - Adding edge to the COA graph: [COAFlow] SyncPoint --to--> Action
18:48:16.568 [org.cpswt.host.FederationManagerHostApp.main()] DEBUG org.cpswt.coa.COALoader - Adding edge to the COA graph: [COAFlow] Action --to--> SyncPoint
18:48:16.569 [org.cpswt.host.FederationManagerHostApp.main()] DEBUG org.cpswt.coa.COALoader - Adding edge to the COA graph: [COAFlow] SyncPoint --to--> Action
18:48:16.569 [org.cpswt.host.FederationManagerHostApp.main()] DEBUG org.cpswt.coa.COALoader - Adding edge to the COA graph: [COAFlow] Action --to--> SyncPoint
18:48:16.569 [org.cpswt.host.FederationManagerHostApp.main()] DEBUG org.cpswt.coa.COALoader - Adding edge to the COA graph: [COAFlow] SyncPoint --to--> Action
18:48:16.571 [org.cpswt.host.FederationManagerHostApp.main()] DEBUG org.cpswt.coa.COALoader - Adding edge to the COA graph: [COAFlow] Action --to--> SyncPoint
18:48:16.571 [org.cpswt.host.FederationManagerHostApp.main()] DEBUG org.cpswt.coa.COALoader - Adding edge to the COA graph: [COAFlow] SyncPoint --to--> Action
18:48:16.571 [org.cpswt.host.FederationManagerHostApp.main()] DEBUG org.cpswt.coa.COALoader - Adding edge to the COA graph: [COAFlow] Action --to--> SyncPoint
18:48:16.572 [org.cpswt.host.FederationManagerHostApp.main()] DEBUG org.cpswt.coa.COALoader - Adding edge to the COA graph: [COAFlow] SyncPoint --to--> Action
18:48:16.572 [org.cpswt.host.FederationManagerHostApp.main()] DEBUG org.cpswt.coa.COALoader - Adding edge to the COA graph: [COAFlow] Action --to--> SyncPoint
18:48:16.574 [org.cpswt.host.FederationManagerHostApp.main()] DEBUG org.cpswt.coa.COALoader - Adding edge to the COA graph: [COAFlow] SyncPoint --to--> Action
18:48:16.574 [org.cpswt.host.FederationManagerHostApp.main()] DEBUG org.cpswt.coa.COALoader - Adding edge to the COA graph: [COAFlow] Action --to--> SyncPoint
18:48:16.575 [org.cpswt.host.FederationManagerHostApp.main()] DEBUG org.cpswt.coa.COALoader - Adding edge to the COA graph: [COAFlow] SyncPoint --to--> Action
18:48:16.575 [org.cpswt.host.FederationManagerHostApp.main()] DEBUG org.cpswt.coa.COALoader - Adding edge to the COA graph: [COAFlow] Action --to--> SyncPoint
18:48:16.576 [org.cpswt.host.FederationManagerHostApp.main()] DEBUG org.cpswt.coa.COALoader - Adding edge to the COA graph: [COAFlow] SyncPoint --to--> Action
18:48:16.577 [org.cpswt.host.FederationManagerHostApp.main()] DEBUG org.cpswt.coa.COALoader - Adding edge to the COA graph: [COAFlow] Action --to--> SyncPoint
18:48:16.577 [org.cpswt.host.FederationManagerHostApp.main()] DEBUG org.cpswt.coa.COALoader - Adding edge to the COA graph: [COAFlow] SyncPoint --to--> Action
18:48:16.578 [org.cpswt.host.FederationManagerHostApp.main()] DEBUG org.cpswt.coa.COALoader - Adding edge to the COA graph: [COAFlow] Action --to--> SyncPoint
18:48:16.578 [org.cpswt.host.FederationManagerHostApp.main()] DEBUG org.cpswt.coa.COALoader - Adding edge to the COA graph: [COAFlow] SyncPoint --to--> Action
18:48:16.579 [org.cpswt.host.FederationManagerHostApp.main()] DEBUG org.cpswt.coa.COALoader - Adding edge to the COA graph: [COAFlow] Action --to--> SyncPoint
18:48:16.580 [org.cpswt.host.FederationManagerHostApp.main()] DEBUG org.cpswt.coa.COALoader - Adding edge to the COA graph: [COAFlow] SyncPoint --to--> Action
18:48:16.580 [org.cpswt.host.FederationManagerHostApp.main()] DEBUG org.cpswt.coa.COALoader - Adding edge to the COA graph: [COAFlow] Action --to--> SyncPoint
18:48:16.581 [org.cpswt.host.FederationManagerHostApp.main()] DEBUG org.cpswt.coa.COALoader - Adding edge to the COA graph: [COAFlow] SyncPoint --to--> Action
18:48:16.582 [org.cpswt.host.FederationManagerHostApp.main()] DEBUG org.cpswt.coa.COALoader - Adding edge to the COA graph: [COAFlow] Action --to--> SyncPoint
18:48:16.584 [org.cpswt.host.FederationManagerHostApp.main()] INFO  org.cpswt.coa.COALoader - Loaded COAGraph successfully
18:48:16.585 [org.cpswt.host.FederationManagerHostApp.main()] DEBUG org.cpswt.coa.COALoader - Loaded the following COAGraph:
{}SyncPoint
		Action	
			SyncPoint		
				Action			
					SyncPoint				
						Action					
							SyncPoint						
								Action							
									SyncPoint								
										Action									
											SyncPoint										
												Action											
													SyncPoint												
														Action													
															SyncPoint														
																Action															
																	SyncPoint																
																		Action																	
																			SyncPoint																		
																				Action																			
																					SyncPoint																				
																						Action																					
																							SyncPoint																						
																								Action																							
																									SyncPoint																								
																										Action																									
																											SyncPoint																										
																												Action																											
																													SyncPoint																												
																														Action																													
																															SyncPoint																														
																																Action																															
																																	SyncPoint																																
																																		Action																																	
																																			SyncPoint																																		
																																				Action																																			
																																					SyncPoint																																				
																																						Action																																					
																																							SyncPoint																																						
																																								Action																																							
																																									SyncPoint																																								
																																										Action																																									
																																											SyncPoint																																										
																																												Action

18:48:16.601 [org.cpswt.host.FederationManagerHostApp.main()] DEBUG org.cpswt.hla.SynchronizedFederate - Federate FederationManager-5d2e6905-0f88-4869-b12f-0f152badbadf acquiring connection to RTI ...
18:48:17.035 [org.cpswt.host.FederationManagerHostApp.main()] DEBUG org.cpswt.hla.SynchronizedFederate - Federate FederationManager-5d2e6905-0f88-4869-b12f-0f152badbadf connection to RTI successful.
18:48:17.035 [org.cpswt.host.FederationManagerHostApp.main()] DEBUG org.cpswt.hla.FederationManager - Local RTI component created successfully.

-------------------------------------------------------------------
GMS: address=vagrant-56695, cluster=AV, physical address=10.0.2.15:48061
-------------------------------------------------------------------
18:48:21.867 [org.cpswt.host.FederationManagerHostApp.main()] DEBUG org.cpswt.hla.FederationManager - Federation "AV" created successfully.
18:48:21.867 [org.cpswt.host.FederationManagerHostApp.main()] DEBUG org.cpswt.hla.SynchronizedFederate - [FederationManager-5d2e6905-0f88-4869-b12f-0f152badbadf] federate joining federation [AV] attempt #1
18:48:21.933 [org.cpswt.host.FederationManagerHostApp.main()] DEBUG org.cpswt.hla.SynchronizedFederate - [FederationManager-5d2e6905-0f88-4869-b12f-0f152badbadf] federate joined federation [AV] successfully
18:48:21.959 [org.cpswt.host.FederationManagerHostApp.main()] DEBUG org.cpswt.hla.SimEnd - subscribe: InteractionRoot.C2WInteractionRoot.SimulationControl.SimEnd
18:48:21.966 [org.cpswt.host.FederationManagerHostApp.main()] DEBUG org.cpswt.hla.FederateJoinInteraction - publish: InteractionRoot.C2WInteractionRoot.FederateJoinInteraction
18:48:21.971 [org.cpswt.host.FederationManagerHostApp.main()] DEBUG org.cpswt.hla.FederateResignInteraction - publish: InteractionRoot.C2WInteractionRoot.FederateResignInteraction
18:48:23.993 [org.cpswt.host.FederationManagerHostApp.main()] DEBUG org.cpswt.hla.FederationManager - Synchronization point "readyToPopulate" registered successfully.
18:48:24.995 [org.cpswt.host.FederationManagerHostApp.main()] DEBUG org.cpswt.hla.FederationManager - Synchronization point "readyToRun" registered successfully.
18:48:25.998 [org.cpswt.host.FederationManagerHostApp.main()] DEBUG org.cpswt.hla.FederationManager - Synchronization point "readyToResign" registered successfully.
18:48:25.999 [org.cpswt.host.FederationManagerHostApp.main()] DEBUG org.cpswt.hla.FederateJoinInteraction - subscribe: InteractionRoot.C2WInteractionRoot.FederateJoinInteraction
18:48:25.999 [org.cpswt.host.FederationManagerHostApp.main()] DEBUG org.cpswt.hla.FederateResignInteraction - subscribe: InteractionRoot.C2WInteractionRoot.FederateResignInteraction
18:48:26.000 [org.cpswt.host.FederationManagerHostApp.main()] DEBUG org.cpswt.hla.SimEnd - publish: InteractionRoot.C2WInteractionRoot.SimulationControl.SimEnd
18:48:26.005 [org.cpswt.host.FederationManagerHostApp.main()] DEBUG org.cpswt.hla.SimPause - publish: InteractionRoot.C2WInteractionRoot.SimulationControl.SimPause
18:48:26.010 [org.cpswt.host.FederationManagerHostApp.main()] DEBUG org.cpswt.hla.SimResume - publish: InteractionRoot.C2WInteractionRoot.SimulationControl.SimResume
18:48:26.018 [org.cpswt.host.FederationManagerHostApp.main()] DEBUG AV.CAN - publish: InteractionRoot.C2WInteractionRoot.CAN
18:48:28.318 [org.cpswt.host.FederationManagerHostApp.main()] INFO  org.cpswt.host.FederationManagerHostApp - Server online at 0.0.0.0:8083 ...
18:48:31.321 [routes-akka.actor.default-dispatcher-2] DEBUG org.cpswt.host.FederationManagerHostApp - Starting simulation
18:48:31.326 [Thread-1] DEBUG org.cpswt.hla.FederationManager - Starting simulation
18:48:31.371 [Thread-1] DEBUG org.cpswt.hla.FederateObject - subscribe: ObjectRoot.Manager.Federate
18:49:06.794 [Thread-1] DEBUG org.cpswt.hla.FederationManager - All expected federates have joined the federation. Proceeding with the simulation...
18:49:07.297 [Thread-1] DEBUG org.cpswt.hla.FederationManager - Susbcribing to High priority logs
18:49:07.311 [Thread-1] DEBUG org.cpswt.hla.HighPrio - subscribe: InteractionRoot.C2WInteractionRoot.SimLog.HighPrio
18:49:07.327 [Thread-3] DEBUG org.cpswt.hla.FederationManager - Main execution loop of federation started at: 2019-08-05T18:49:07.325+0000
18:49:07.329 [Thread-3] DEBUG org.cpswt.coa.COAGraph - Node executed in sequence graph: Name: SyncPoint, Type: SyncPoint, Status: Executed, NodeExecutedTime: 0.000000, SyncTime: 0.000000, No. of branches to finish: -1
18:49:07.339 [Thread-3] INFO  org.cpswt.coa.COAExecutor - Successfully sent interaction 'InteractionRoot.C2WInteractionRoot.CAN' at time '0.10001'
18:49:07.339 [Thread-3] DEBUG org.cpswt.coa.COAGraph - Node executed in sequence graph: Name: Action, Type: Action, Status: Executed, NodeExecutedTime: 0.000000, Interaction: InteractionRoot.C2WInteractionRoot.CAN
18:49:07.340 [Thread-3] INFO  org.cpswt.hla.FederationManager - Current_time = 0.0 and step = 1.0 and requested_time = 1.0
