[INFO] Scanning for projects...
[INFO]                                                                         
[INFO] ------------------------------------------------------------------------
[INFO] Building AV_exec 0.1.0-SNAPSHOT
[INFO] ------------------------------------------------------------------------
[INFO] 
[INFO] --- exec-maven-plugin:1.5.0:java (default-cli) @ AV_exec ---
02:08:54.117 [org.cpswt.host.FederationManagerHostApp.main()] DEBUG org.cpswt.coa.COALoader - Adding node to the COA graph: Name: Action, Type: Action, Status: Inactive, NodeExecutedTime: -1.000000, Interaction: InteractionRoot.C2WInteractionRoot.CAN
02:08:54.131 [org.cpswt.host.FederationManagerHostApp.main()] DEBUG org.cpswt.coa.COALoader - Adding node to the COA graph: Name: SyncPoint, Type: SyncPoint, Status: Inactive, NodeExecutedTime: -1.000000, SyncTime: 24500.000000, No. of branches to finish: -1
02:08:54.132 [org.cpswt.host.FederationManagerHostApp.main()] DEBUG org.cpswt.coa.COALoader - Adding node to the COA graph: Name: Action, Type: Action, Status: Inactive, NodeExecutedTime: -1.000000, Interaction: InteractionRoot.C2WInteractionRoot.CAN
02:08:54.133 [org.cpswt.host.FederationManagerHostApp.main()] DEBUG org.cpswt.coa.COALoader - Adding node to the COA graph: Name: Action, Type: Action, Status: Inactive, NodeExecutedTime: -1.000000, Interaction: InteractionRoot.C2WInteractionRoot.CAN
02:08:54.136 [org.cpswt.host.FederationManagerHostApp.main()] DEBUG org.cpswt.coa.COALoader - Adding node to the COA graph: Name: SyncPoint, Type: SyncPoint, Status: Inactive, NodeExecutedTime: -1.000000, SyncTime: 4000.000000, No. of branches to finish: -1
02:08:54.137 [org.cpswt.host.FederationManagerHostApp.main()] DEBUG org.cpswt.coa.COALoader - Adding node to the COA graph: Name: Action, Type: Action, Status: Inactive, NodeExecutedTime: -1.000000, Interaction: InteractionRoot.C2WInteractionRoot.CAN
02:08:54.140 [org.cpswt.host.FederationManagerHostApp.main()] DEBUG org.cpswt.coa.COALoader - Adding node to the COA graph: Name: Action, Type: Action, Status: Inactive, NodeExecutedTime: -1.000000, Interaction: InteractionRoot.C2WInteractionRoot.CAN
02:08:54.144 [org.cpswt.host.FederationManagerHostApp.main()] DEBUG org.cpswt.coa.COALoader - Adding node to the COA graph: Name: SyncPoint, Type: SyncPoint, Status: Inactive, NodeExecutedTime: -1.000000, SyncTime: 15000.000000, No. of branches to finish: -1
02:08:54.145 [org.cpswt.host.FederationManagerHostApp.main()] DEBUG org.cpswt.coa.COALoader - Adding node to the COA graph: Name: Action, Type: Action, Status: Inactive, NodeExecutedTime: -1.000000, Interaction: InteractionRoot.C2WInteractionRoot.CAN
02:08:54.146 [org.cpswt.host.FederationManagerHostApp.main()] DEBUG org.cpswt.coa.COALoader - Adding node to the COA graph: Name: Action, Type: Action, Status: Inactive, NodeExecutedTime: -1.000000, Interaction: InteractionRoot.C2WInteractionRoot.CAN
02:08:54.147 [org.cpswt.host.FederationManagerHostApp.main()] DEBUG org.cpswt.coa.COALoader - Adding node to the COA graph: Name: Action, Type: Action, Status: Inactive, NodeExecutedTime: -1.000000, Interaction: InteractionRoot.C2WInteractionRoot.CAN
02:08:54.148 [org.cpswt.host.FederationManagerHostApp.main()] DEBUG org.cpswt.coa.COALoader - Adding node to the COA graph: Name: Action, Type: Action, Status: Inactive, NodeExecutedTime: -1.000000, Interaction: InteractionRoot.C2WInteractionRoot.CAN
02:08:54.149 [org.cpswt.host.FederationManagerHostApp.main()] DEBUG org.cpswt.coa.COALoader - Adding node to the COA graph: Name: Action, Type: Action, Status: Inactive, NodeExecutedTime: -1.000000, Interaction: InteractionRoot.C2WInteractionRoot.CAN
02:08:54.149 [org.cpswt.host.FederationManagerHostApp.main()] DEBUG org.cpswt.coa.COALoader - Adding node to the COA graph: Name: Action, Type: Action, Status: Inactive, NodeExecutedTime: -1.000000, Interaction: InteractionRoot.C2WInteractionRoot.CAN
02:08:54.150 [org.cpswt.host.FederationManagerHostApp.main()] DEBUG org.cpswt.coa.COALoader - Adding node to the COA graph: Name: Action, Type: Action, Status: Inactive, NodeExecutedTime: -1.000000, Interaction: InteractionRoot.C2WInteractionRoot.CAN
02:08:54.154 [org.cpswt.host.FederationManagerHostApp.main()] DEBUG org.cpswt.coa.COALoader - Adding node to the COA graph: Name: Action, Type: Action, Status: Inactive, NodeExecutedTime: -1.000000, Interaction: InteractionRoot.C2WInteractionRoot.CAN
02:08:54.154 [org.cpswt.host.FederationManagerHostApp.main()] DEBUG org.cpswt.coa.COALoader - Adding node to the COA graph: Name: Action, Type: Action, Status: Inactive, NodeExecutedTime: -1.000000, Interaction: InteractionRoot.C2WInteractionRoot.CAN
02:08:54.155 [org.cpswt.host.FederationManagerHostApp.main()] DEBUG org.cpswt.coa.COALoader - Adding node to the COA graph: Name: Action, Type: Action, Status: Inactive, NodeExecutedTime: -1.000000, Interaction: InteractionRoot.C2WInteractionRoot.CAN
02:08:54.157 [org.cpswt.host.FederationManagerHostApp.main()] DEBUG org.cpswt.coa.COALoader - Adding node to the COA graph: Name: Action, Type: Action, Status: Inactive, NodeExecutedTime: -1.000000, Interaction: InteractionRoot.C2WInteractionRoot.CAN
02:08:54.158 [org.cpswt.host.FederationManagerHostApp.main()] DEBUG org.cpswt.coa.COALoader - Adding node to the COA graph: Name: Action, Type: Action, Status: Inactive, NodeExecutedTime: -1.000000, Interaction: InteractionRoot.C2WInteractionRoot.CAN
02:08:54.158 [org.cpswt.host.FederationManagerHostApp.main()] DEBUG org.cpswt.coa.COALoader - Adding node to the COA graph: Name: Action, Type: Action, Status: Inactive, NodeExecutedTime: -1.000000, Interaction: InteractionRoot.C2WInteractionRoot.CAN
02:08:54.159 [org.cpswt.host.FederationManagerHostApp.main()] DEBUG org.cpswt.coa.COALoader - Adding node to the COA graph: Name: Action, Type: Action, Status: Inactive, NodeExecutedTime: -1.000000, Interaction: InteractionRoot.C2WInteractionRoot.CAN
02:08:54.160 [org.cpswt.host.FederationManagerHostApp.main()] DEBUG org.cpswt.coa.COALoader - Adding node to the COA graph: Name: Action, Type: Action, Status: Inactive, NodeExecutedTime: -1.000000, Interaction: InteractionRoot.C2WInteractionRoot.CAN
02:08:54.161 [org.cpswt.host.FederationManagerHostApp.main()] DEBUG org.cpswt.coa.COALoader - Adding node to the COA graph: Name: Action, Type: Action, Status: Inactive, NodeExecutedTime: -1.000000, Interaction: InteractionRoot.C2WInteractionRoot.CAN
02:08:54.162 [org.cpswt.host.FederationManagerHostApp.main()] DEBUG org.cpswt.coa.COALoader - Adding node to the COA graph: Name: Action, Type: Action, Status: Inactive, NodeExecutedTime: -1.000000, Interaction: InteractionRoot.C2WInteractionRoot.CAN
02:08:54.164 [org.cpswt.host.FederationManagerHostApp.main()] DEBUG org.cpswt.coa.COALoader - Adding node to the COA graph: Name: SyncPoint, Type: SyncPoint, Status: Inactive, NodeExecutedTime: -1.000000, SyncTime: 24000.000000, No. of branches to finish: -1
02:08:54.165 [org.cpswt.host.FederationManagerHostApp.main()] DEBUG org.cpswt.coa.COALoader - Adding node to the COA graph: Name: SyncPoint, Type: SyncPoint, Status: Inactive, NodeExecutedTime: -1.000000, SyncTime: 25000.000000, No. of branches to finish: -1
02:08:54.166 [org.cpswt.host.FederationManagerHostApp.main()] DEBUG org.cpswt.coa.COALoader - Adding node to the COA graph: Name: SyncPoint, Type: SyncPoint, Status: Inactive, NodeExecutedTime: -1.000000, SyncTime: 27000.000000, No. of branches to finish: -1
02:08:54.168 [org.cpswt.host.FederationManagerHostApp.main()] DEBUG org.cpswt.coa.COALoader - Adding node to the COA graph: Name: SyncPoint, Type: SyncPoint, Status: Inactive, NodeExecutedTime: -1.000000, SyncTime: 26500.000000, No. of branches to finish: -1
02:08:54.169 [org.cpswt.host.FederationManagerHostApp.main()] DEBUG org.cpswt.coa.COALoader - Adding node to the COA graph: Name: SyncPoint, Type: SyncPoint, Status: Inactive, NodeExecutedTime: -1.000000, SyncTime: 0.000000, No. of branches to finish: -1
02:08:54.169 [org.cpswt.host.FederationManagerHostApp.main()] DEBUG org.cpswt.coa.COALoader - Adding node to the COA graph: Name: SyncPoint, Type: SyncPoint, Status: Inactive, NodeExecutedTime: -1.000000, SyncTime: 1500.000000, No. of branches to finish: -1
02:08:54.171 [org.cpswt.host.FederationManagerHostApp.main()] DEBUG org.cpswt.coa.COALoader - Adding node to the COA graph: Name: SyncPoint, Type: SyncPoint, Status: Inactive, NodeExecutedTime: -1.000000, SyncTime: 2000.000000, No. of branches to finish: -1
02:08:54.172 [org.cpswt.host.FederationManagerHostApp.main()] DEBUG org.cpswt.coa.COALoader - Adding node to the COA graph: Name: SyncPoint, Type: SyncPoint, Status: Inactive, NodeExecutedTime: -1.000000, SyncTime: 2500.000000, No. of branches to finish: -1
02:08:54.180 [org.cpswt.host.FederationManagerHostApp.main()] DEBUG org.cpswt.coa.COALoader - Adding node to the COA graph: Name: SyncPoint, Type: SyncPoint, Status: Inactive, NodeExecutedTime: -1.000000, SyncTime: 3000.000000, No. of branches to finish: -1
02:08:54.181 [org.cpswt.host.FederationManagerHostApp.main()] DEBUG org.cpswt.coa.COALoader - Adding node to the COA graph: Name: SyncPoint, Type: SyncPoint, Status: Inactive, NodeExecutedTime: -1.000000, SyncTime: 11000.000000, No. of branches to finish: -1
02:08:54.182 [org.cpswt.host.FederationManagerHostApp.main()] DEBUG org.cpswt.coa.COALoader - Adding node to the COA graph: Name: SyncPoint, Type: SyncPoint, Status: Inactive, NodeExecutedTime: -1.000000, SyncTime: 13000.000000, No. of branches to finish: -1
02:08:54.183 [org.cpswt.host.FederationManagerHostApp.main()] DEBUG org.cpswt.coa.COALoader - Adding node to the COA graph: Name: SyncPoint, Type: SyncPoint, Status: Inactive, NodeExecutedTime: -1.000000, SyncTime: 14000.000000, No. of branches to finish: -1
02:08:54.189 [org.cpswt.host.FederationManagerHostApp.main()] DEBUG org.cpswt.coa.COALoader - Adding node to the COA graph: Name: SyncPoint, Type: SyncPoint, Status: Inactive, NodeExecutedTime: -1.000000, SyncTime: 17500.000000, No. of branches to finish: -1
02:08:54.192 [org.cpswt.host.FederationManagerHostApp.main()] DEBUG org.cpswt.coa.COALoader - Adding node to the COA graph: Name: SyncPoint, Type: SyncPoint, Status: Inactive, NodeExecutedTime: -1.000000, SyncTime: 20500.000000, No. of branches to finish: -1
02:08:54.193 [org.cpswt.host.FederationManagerHostApp.main()] DEBUG org.cpswt.coa.COALoader - Adding node to the COA graph: Name: SyncPoint, Type: SyncPoint, Status: Inactive, NodeExecutedTime: -1.000000, SyncTime: 21000.000000, No. of branches to finish: -1
02:08:54.194 [org.cpswt.host.FederationManagerHostApp.main()] DEBUG org.cpswt.coa.COALoader - Adding node to the COA graph: Name: SyncPoint, Type: SyncPoint, Status: Inactive, NodeExecutedTime: -1.000000, SyncTime: 21500.000000, No. of branches to finish: -1
02:08:54.195 [org.cpswt.host.FederationManagerHostApp.main()] DEBUG org.cpswt.coa.COALoader - Adding node to the COA graph: Name: SyncPoint, Type: SyncPoint, Status: Inactive, NodeExecutedTime: -1.000000, SyncTime: 23500.000000, No. of branches to finish: -1
02:08:54.196 [org.cpswt.host.FederationManagerHostApp.main()] DEBUG org.cpswt.coa.COALoader - Adding node to the COA graph: Name: SyncPoint, Type: SyncPoint, Status: Inactive, NodeExecutedTime: -1.000000, SyncTime: 25500.000000, No. of branches to finish: -1
02:08:54.197 [org.cpswt.host.FederationManagerHostApp.main()] DEBUG org.cpswt.coa.COALoader - Adding node to the COA graph: Name: SyncPoint, Type: SyncPoint, Status: Inactive, NodeExecutedTime: -1.000000, SyncTime: 26000.000000, No. of branches to finish: -1
02:08:54.213 [org.cpswt.host.FederationManagerHostApp.main()] DEBUG org.cpswt.coa.COALoader - Adding edge to the COA graph: [COAFlow] Action --to--> SyncPoint
02:08:54.214 [org.cpswt.host.FederationManagerHostApp.main()] DEBUG org.cpswt.coa.COALoader - Adding edge to the COA graph: [COAFlow] SyncPoint --to--> Action
02:08:54.215 [org.cpswt.host.FederationManagerHostApp.main()] DEBUG org.cpswt.coa.COALoader - Adding edge to the COA graph: [COAFlow] Action --to--> SyncPoint
02:08:54.215 [org.cpswt.host.FederationManagerHostApp.main()] DEBUG org.cpswt.coa.COALoader - Adding edge to the COA graph: [COAFlow] SyncPoint --to--> Action
02:08:54.216 [org.cpswt.host.FederationManagerHostApp.main()] DEBUG org.cpswt.coa.COALoader - Adding edge to the COA graph: [COAFlow] Action --to--> SyncPoint
02:08:54.216 [org.cpswt.host.FederationManagerHostApp.main()] DEBUG org.cpswt.coa.COALoader - Adding edge to the COA graph: [COAFlow] SyncPoint --to--> Action
02:08:54.217 [org.cpswt.host.FederationManagerHostApp.main()] DEBUG org.cpswt.coa.COALoader - Adding edge to the COA graph: [COAFlow] SyncPoint --to--> Action
02:08:54.220 [org.cpswt.host.FederationManagerHostApp.main()] DEBUG org.cpswt.coa.COALoader - Adding edge to the COA graph: [COAFlow] Action --to--> SyncPoint
02:08:54.221 [org.cpswt.host.FederationManagerHostApp.main()] DEBUG org.cpswt.coa.COALoader - Adding edge to the COA graph: [COAFlow] SyncPoint --to--> Action
02:08:54.221 [org.cpswt.host.FederationManagerHostApp.main()] DEBUG org.cpswt.coa.COALoader - Adding edge to the COA graph: [COAFlow] Action --to--> SyncPoint
02:08:54.223 [org.cpswt.host.FederationManagerHostApp.main()] DEBUG org.cpswt.coa.COALoader - Adding edge to the COA graph: [COAFlow] SyncPoint --to--> Action
02:08:54.224 [org.cpswt.host.FederationManagerHostApp.main()] DEBUG org.cpswt.coa.COALoader - Adding edge to the COA graph: [COAFlow] SyncPoint --to--> Action
02:08:54.224 [org.cpswt.host.FederationManagerHostApp.main()] DEBUG org.cpswt.coa.COALoader - Adding edge to the COA graph: [COAFlow] Action --to--> SyncPoint
02:08:54.226 [org.cpswt.host.FederationManagerHostApp.main()] DEBUG org.cpswt.coa.COALoader - Adding edge to the COA graph: [COAFlow] SyncPoint --to--> Action
02:08:54.227 [org.cpswt.host.FederationManagerHostApp.main()] DEBUG org.cpswt.coa.COALoader - Adding edge to the COA graph: [COAFlow] Action --to--> SyncPoint
02:08:54.233 [org.cpswt.host.FederationManagerHostApp.main()] DEBUG org.cpswt.coa.COALoader - Adding edge to the COA graph: [COAFlow] SyncPoint --to--> Action
02:08:54.234 [org.cpswt.host.FederationManagerHostApp.main()] DEBUG org.cpswt.coa.COALoader - Adding edge to the COA graph: [COAFlow] Action --to--> SyncPoint
02:08:54.234 [org.cpswt.host.FederationManagerHostApp.main()] DEBUG org.cpswt.coa.COALoader - Adding edge to the COA graph: [COAFlow] SyncPoint --to--> Action
02:08:54.235 [org.cpswt.host.FederationManagerHostApp.main()] DEBUG org.cpswt.coa.COALoader - Adding edge to the COA graph: [COAFlow] Action --to--> SyncPoint
02:08:54.236 [org.cpswt.host.FederationManagerHostApp.main()] DEBUG org.cpswt.coa.COALoader - Adding edge to the COA graph: [COAFlow] SyncPoint --to--> Action
02:08:54.236 [org.cpswt.host.FederationManagerHostApp.main()] DEBUG org.cpswt.coa.COALoader - Adding edge to the COA graph: [COAFlow] Action --to--> SyncPoint
02:08:54.237 [org.cpswt.host.FederationManagerHostApp.main()] DEBUG org.cpswt.coa.COALoader - Adding edge to the COA graph: [COAFlow] SyncPoint --to--> Action
02:08:54.239 [org.cpswt.host.FederationManagerHostApp.main()] DEBUG org.cpswt.coa.COALoader - Adding edge to the COA graph: [COAFlow] Action --to--> SyncPoint
02:08:54.240 [org.cpswt.host.FederationManagerHostApp.main()] DEBUG org.cpswt.coa.COALoader - Adding edge to the COA graph: [COAFlow] SyncPoint --to--> Action
02:08:54.240 [org.cpswt.host.FederationManagerHostApp.main()] DEBUG org.cpswt.coa.COALoader - Adding edge to the COA graph: [COAFlow] Action --to--> SyncPoint
02:08:54.241 [org.cpswt.host.FederationManagerHostApp.main()] DEBUG org.cpswt.coa.COALoader - Adding edge to the COA graph: [COAFlow] SyncPoint --to--> Action
02:08:54.242 [org.cpswt.host.FederationManagerHostApp.main()] DEBUG org.cpswt.coa.COALoader - Adding edge to the COA graph: [COAFlow] Action --to--> SyncPoint
02:08:54.244 [org.cpswt.host.FederationManagerHostApp.main()] DEBUG org.cpswt.coa.COALoader - Adding edge to the COA graph: [COAFlow] SyncPoint --to--> Action
02:08:54.245 [org.cpswt.host.FederationManagerHostApp.main()] DEBUG org.cpswt.coa.COALoader - Adding edge to the COA graph: [COAFlow] Action --to--> SyncPoint
02:08:54.245 [org.cpswt.host.FederationManagerHostApp.main()] DEBUG org.cpswt.coa.COALoader - Adding edge to the COA graph: [COAFlow] SyncPoint --to--> Action
02:08:54.246 [org.cpswt.host.FederationManagerHostApp.main()] DEBUG org.cpswt.coa.COALoader - Adding edge to the COA graph: [COAFlow] Action --to--> SyncPoint
02:08:54.247 [org.cpswt.host.FederationManagerHostApp.main()] DEBUG org.cpswt.coa.COALoader - Adding edge to the COA graph: [COAFlow] SyncPoint --to--> Action
02:08:54.247 [org.cpswt.host.FederationManagerHostApp.main()] DEBUG org.cpswt.coa.COALoader - Adding edge to the COA graph: [COAFlow] Action --to--> SyncPoint
02:08:54.248 [org.cpswt.host.FederationManagerHostApp.main()] DEBUG org.cpswt.coa.COALoader - Adding edge to the COA graph: [COAFlow] SyncPoint --to--> Action
02:08:54.250 [org.cpswt.host.FederationManagerHostApp.main()] DEBUG org.cpswt.coa.COALoader - Adding edge to the COA graph: [COAFlow] Action --to--> SyncPoint
02:08:54.250 [org.cpswt.host.FederationManagerHostApp.main()] DEBUG org.cpswt.coa.COALoader - Adding edge to the COA graph: [COAFlow] SyncPoint --to--> Action
02:08:54.251 [org.cpswt.host.FederationManagerHostApp.main()] DEBUG org.cpswt.coa.COALoader - Adding edge to the COA graph: [COAFlow] Action --to--> SyncPoint
02:08:54.251 [org.cpswt.host.FederationManagerHostApp.main()] DEBUG org.cpswt.coa.COALoader - Adding edge to the COA graph: [COAFlow] SyncPoint --to--> Action
02:08:54.252 [org.cpswt.host.FederationManagerHostApp.main()] DEBUG org.cpswt.coa.COALoader - Adding edge to the COA graph: [COAFlow] Action --to--> SyncPoint
02:08:54.252 [org.cpswt.host.FederationManagerHostApp.main()] DEBUG org.cpswt.coa.COALoader - Adding edge to the COA graph: [COAFlow] SyncPoint --to--> Action
02:08:54.253 [org.cpswt.host.FederationManagerHostApp.main()] DEBUG org.cpswt.coa.COALoader - Adding edge to the COA graph: [COAFlow] Action --to--> SyncPoint
02:08:54.255 [org.cpswt.host.FederationManagerHostApp.main()] DEBUG org.cpswt.coa.COALoader - Adding edge to the COA graph: [COAFlow] SyncPoint --to--> Action
02:08:54.256 [org.cpswt.host.FederationManagerHostApp.main()] DEBUG org.cpswt.coa.COALoader - Adding edge to the COA graph: [COAFlow] Action --to--> SyncPoint
02:08:54.257 [org.cpswt.host.FederationManagerHostApp.main()] INFO  org.cpswt.coa.COALoader - Loaded COAGraph successfully
02:08:54.259 [org.cpswt.host.FederationManagerHostApp.main()] DEBUG org.cpswt.coa.COALoader - Loaded the following COAGraph:
{}SyncPoint
		Action	
			SyncPoint		
				Action			
					SyncPoint				
						Action					
							SyncPoint						
								Action							
									SyncPoint								
										Action									
											SyncPoint										
												Action											
													SyncPoint												
														Action													
															SyncPoint														
																Action															
																	SyncPoint																
																		Action																	
																			SyncPoint																		
																				Action																			
																					SyncPoint																				
																						Action																					
																							SyncPoint																						
																								Action																							
																									SyncPoint																								
																										Action																									
																											SyncPoint																										
																												Action																											
																													SyncPoint																												
																														Action																													
																															SyncPoint																														
																																Action																															
																																	SyncPoint																																
																																		Action																																	
																																			SyncPoint																																		
																																				Action																																			
																																					SyncPoint																																				
																																						Action																																					
																																							SyncPoint																																						
																																								Action																																							
																																									SyncPoint																																								
																																										Action																																									
																																											SyncPoint																																										
																																												Action

02:08:54.281 [org.cpswt.host.FederationManagerHostApp.main()] DEBUG org.cpswt.hla.SynchronizedFederate - Federate FederationManager-c028d904-e6cd-41e8-a7eb-df139174419a acquiring connection to RTI ...
02:08:54.752 [org.cpswt.host.FederationManagerHostApp.main()] DEBUG org.cpswt.hla.SynchronizedFederate - Federate FederationManager-c028d904-e6cd-41e8-a7eb-df139174419a connection to RTI successful.
02:08:54.752 [org.cpswt.host.FederationManagerHostApp.main()] DEBUG org.cpswt.hla.FederationManager - Local RTI component created successfully.

-------------------------------------------------------------------
GMS: address=vagrant-38673, cluster=AV, physical address=192.168.56.103:44657
-------------------------------------------------------------------
02:08:59.720 [org.cpswt.host.FederationManagerHostApp.main()] DEBUG org.cpswt.hla.FederationManager - Federation "AV" created successfully.
02:08:59.720 [org.cpswt.host.FederationManagerHostApp.main()] DEBUG org.cpswt.hla.SynchronizedFederate - [FederationManager-c028d904-e6cd-41e8-a7eb-df139174419a] federate joining federation [AV] attempt #1
02:08:59.840 [org.cpswt.host.FederationManagerHostApp.main()] DEBUG org.cpswt.hla.SynchronizedFederate - [FederationManager-c028d904-e6cd-41e8-a7eb-df139174419a] federate joined federation [AV] successfully
02:08:59.874 [org.cpswt.host.FederationManagerHostApp.main()] DEBUG org.cpswt.hla.SimEnd - subscribe: InteractionRoot.C2WInteractionRoot.SimulationControl.SimEnd
02:08:59.882 [org.cpswt.host.FederationManagerHostApp.main()] DEBUG org.cpswt.hla.FederateJoinInteraction - publish: InteractionRoot.C2WInteractionRoot.FederateJoinInteraction
02:08:59.890 [org.cpswt.host.FederationManagerHostApp.main()] DEBUG org.cpswt.hla.FederateResignInteraction - publish: InteractionRoot.C2WInteractionRoot.FederateResignInteraction
02:09:01.926 [org.cpswt.host.FederationManagerHostApp.main()] DEBUG org.cpswt.hla.FederationManager - Synchronization point "readyToPopulate" registered successfully.
02:09:02.928 [org.cpswt.host.FederationManagerHostApp.main()] DEBUG org.cpswt.hla.FederationManager - Synchronization point "readyToRun" registered successfully.
02:09:03.943 [org.cpswt.host.FederationManagerHostApp.main()] DEBUG org.cpswt.hla.FederationManager - Synchronization point "readyToResign" registered successfully.
02:09:03.949 [org.cpswt.host.FederationManagerHostApp.main()] DEBUG org.cpswt.hla.FederateJoinInteraction - subscribe: InteractionRoot.C2WInteractionRoot.FederateJoinInteraction
02:09:03.950 [org.cpswt.host.FederationManagerHostApp.main()] DEBUG org.cpswt.hla.FederateResignInteraction - subscribe: InteractionRoot.C2WInteractionRoot.FederateResignInteraction
02:09:03.951 [org.cpswt.host.FederationManagerHostApp.main()] DEBUG org.cpswt.hla.SimEnd - publish: InteractionRoot.C2WInteractionRoot.SimulationControl.SimEnd
02:09:03.956 [org.cpswt.host.FederationManagerHostApp.main()] DEBUG org.cpswt.hla.SimPause - publish: InteractionRoot.C2WInteractionRoot.SimulationControl.SimPause
02:09:03.959 [org.cpswt.host.FederationManagerHostApp.main()] DEBUG org.cpswt.hla.SimResume - publish: InteractionRoot.C2WInteractionRoot.SimulationControl.SimResume
02:09:03.991 [org.cpswt.host.FederationManagerHostApp.main()] DEBUG AV.CAN - publish: InteractionRoot.C2WInteractionRoot.CAN
02:09:07.022 [org.cpswt.host.FederationManagerHostApp.main()] INFO  org.cpswt.host.FederationManagerHostApp - Server online at 0.0.0.0:8083 ...
02:09:11.464 [routes-akka.actor.default-dispatcher-6] DEBUG org.cpswt.host.FederationManagerHostApp - Starting simulation
02:09:11.468 [Thread-1] DEBUG org.cpswt.hla.FederationManager - Starting simulation
02:09:11.517 [Thread-1] DEBUG org.cpswt.hla.FederateObject - subscribe: ObjectRoot.Manager.Federate
