[INFO] Scanning for projects...
[INFO]                                                                         
[INFO] ------------------------------------------------------------------------
[INFO] Building AV_exec 0.1.0-SNAPSHOT
[INFO] ------------------------------------------------------------------------
[INFO] 
[INFO] --- exec-maven-plugin:1.5.0:java (default-cli) @ AV_exec ---
22:48:41.597 [org.cpswt.host.FederationManagerHostApp.main()] DEBUG org.cpswt.coa.COALoader - Adding node to the COA graph: Name: Action, Type: Action, Status: Inactive, NodeExecutedTime: -1.000000, Interaction: InteractionRoot.C2WInteractionRoot.CAN
22:48:41.650 [org.cpswt.host.FederationManagerHostApp.main()] DEBUG org.cpswt.coa.COALoader - Adding node to the COA graph: Name: SyncPoint, Type: SyncPoint, Status: Inactive, NodeExecutedTime: -1.000000, SyncTime: 24500.000000, No. of branches to finish: -1
22:48:41.652 [org.cpswt.host.FederationManagerHostApp.main()] DEBUG org.cpswt.coa.COALoader - Adding node to the COA graph: Name: Action, Type: Action, Status: Inactive, NodeExecutedTime: -1.000000, Interaction: InteractionRoot.C2WInteractionRoot.CAN
22:48:41.666 [org.cpswt.host.FederationManagerHostApp.main()] DEBUG org.cpswt.coa.COALoader - Adding node to the COA graph: Name: Action, Type: Action, Status: Inactive, NodeExecutedTime: -1.000000, Interaction: InteractionRoot.C2WInteractionRoot.CAN
22:48:41.678 [org.cpswt.host.FederationManagerHostApp.main()] DEBUG org.cpswt.coa.COALoader - Adding node to the COA graph: Name: SyncPoint, Type: SyncPoint, Status: Inactive, NodeExecutedTime: -1.000000, SyncTime: 4000.000000, No. of branches to finish: -1
22:48:41.681 [org.cpswt.host.FederationManagerHostApp.main()] DEBUG org.cpswt.coa.COALoader - Adding node to the COA graph: Name: Action, Type: Action, Status: Inactive, NodeExecutedTime: -1.000000, Interaction: InteractionRoot.C2WInteractionRoot.CAN
22:48:41.691 [org.cpswt.host.FederationManagerHostApp.main()] DEBUG org.cpswt.coa.COALoader - Adding node to the COA graph: Name: Action, Type: Action, Status: Inactive, NodeExecutedTime: -1.000000, Interaction: InteractionRoot.C2WInteractionRoot.CAN
22:48:41.698 [org.cpswt.host.FederationManagerHostApp.main()] DEBUG org.cpswt.coa.COALoader - Adding node to the COA graph: Name: SyncPoint, Type: SyncPoint, Status: Inactive, NodeExecutedTime: -1.000000, SyncTime: 15000.000000, No. of branches to finish: -1
22:48:41.709 [org.cpswt.host.FederationManagerHostApp.main()] DEBUG org.cpswt.coa.COALoader - Adding node to the COA graph: Name: Action, Type: Action, Status: Inactive, NodeExecutedTime: -1.000000, Interaction: InteractionRoot.C2WInteractionRoot.CAN
22:48:41.721 [org.cpswt.host.FederationManagerHostApp.main()] DEBUG org.cpswt.coa.COALoader - Adding node to the COA graph: Name: Action, Type: Action, Status: Inactive, NodeExecutedTime: -1.000000, Interaction: InteractionRoot.C2WInteractionRoot.CAN
22:48:41.723 [org.cpswt.host.FederationManagerHostApp.main()] DEBUG org.cpswt.coa.COALoader - Adding node to the COA graph: Name: Action, Type: Action, Status: Inactive, NodeExecutedTime: -1.000000, Interaction: InteractionRoot.C2WInteractionRoot.CAN
22:48:41.738 [org.cpswt.host.FederationManagerHostApp.main()] DEBUG org.cpswt.coa.COALoader - Adding node to the COA graph: Name: Action, Type: Action, Status: Inactive, NodeExecutedTime: -1.000000, Interaction: InteractionRoot.C2WInteractionRoot.CAN
22:48:41.740 [org.cpswt.host.FederationManagerHostApp.main()] DEBUG org.cpswt.coa.COALoader - Adding node to the COA graph: Name: Action, Type: Action, Status: Inactive, NodeExecutedTime: -1.000000, Interaction: InteractionRoot.C2WInteractionRoot.CAN
22:48:41.748 [org.cpswt.host.FederationManagerHostApp.main()] DEBUG org.cpswt.coa.COALoader - Adding node to the COA graph: Name: Action, Type: Action, Status: Inactive, NodeExecutedTime: -1.000000, Interaction: InteractionRoot.C2WInteractionRoot.CAN
22:48:41.753 [org.cpswt.host.FederationManagerHostApp.main()] DEBUG org.cpswt.coa.COALoader - Adding node to the COA graph: Name: Action, Type: Action, Status: Inactive, NodeExecutedTime: -1.000000, Interaction: InteractionRoot.C2WInteractionRoot.CAN
22:48:41.764 [org.cpswt.host.FederationManagerHostApp.main()] DEBUG org.cpswt.coa.COALoader - Adding node to the COA graph: Name: Action, Type: Action, Status: Inactive, NodeExecutedTime: -1.000000, Interaction: InteractionRoot.C2WInteractionRoot.CAN
22:48:41.773 [org.cpswt.host.FederationManagerHostApp.main()] DEBUG org.cpswt.coa.COALoader - Adding node to the COA graph: Name: Action, Type: Action, Status: Inactive, NodeExecutedTime: -1.000000, Interaction: InteractionRoot.C2WInteractionRoot.CAN
22:48:41.788 [org.cpswt.host.FederationManagerHostApp.main()] DEBUG org.cpswt.coa.COALoader - Adding node to the COA graph: Name: Action, Type: Action, Status: Inactive, NodeExecutedTime: -1.000000, Interaction: InteractionRoot.C2WInteractionRoot.CAN
22:48:41.791 [org.cpswt.host.FederationManagerHostApp.main()] DEBUG org.cpswt.coa.COALoader - Adding node to the COA graph: Name: Action, Type: Action, Status: Inactive, NodeExecutedTime: -1.000000, Interaction: InteractionRoot.C2WInteractionRoot.CAN
22:48:41.793 [org.cpswt.host.FederationManagerHostApp.main()] DEBUG org.cpswt.coa.COALoader - Adding node to the COA graph: Name: Action, Type: Action, Status: Inactive, NodeExecutedTime: -1.000000, Interaction: InteractionRoot.C2WInteractionRoot.CAN
22:48:41.802 [org.cpswt.host.FederationManagerHostApp.main()] DEBUG org.cpswt.coa.COALoader - Adding node to the COA graph: Name: Action, Type: Action, Status: Inactive, NodeExecutedTime: -1.000000, Interaction: InteractionRoot.C2WInteractionRoot.CAN
22:48:41.804 [org.cpswt.host.FederationManagerHostApp.main()] DEBUG org.cpswt.coa.COALoader - Adding node to the COA graph: Name: Action, Type: Action, Status: Inactive, NodeExecutedTime: -1.000000, Interaction: InteractionRoot.C2WInteractionRoot.CAN
22:48:41.812 [org.cpswt.host.FederationManagerHostApp.main()] DEBUG org.cpswt.coa.COALoader - Adding node to the COA graph: Name: Action, Type: Action, Status: Inactive, NodeExecutedTime: -1.000000, Interaction: InteractionRoot.C2WInteractionRoot.CAN
22:48:41.814 [org.cpswt.host.FederationManagerHostApp.main()] DEBUG org.cpswt.coa.COALoader - Adding node to the COA graph: Name: Action, Type: Action, Status: Inactive, NodeExecutedTime: -1.000000, Interaction: InteractionRoot.C2WInteractionRoot.CAN
22:48:41.824 [org.cpswt.host.FederationManagerHostApp.main()] DEBUG org.cpswt.coa.COALoader - Adding node to the COA graph: Name: Action, Type: Action, Status: Inactive, NodeExecutedTime: -1.000000, Interaction: InteractionRoot.C2WInteractionRoot.CAN
22:48:41.827 [org.cpswt.host.FederationManagerHostApp.main()] DEBUG org.cpswt.coa.COALoader - Adding node to the COA graph: Name: SyncPoint, Type: SyncPoint, Status: Inactive, NodeExecutedTime: -1.000000, SyncTime: 24000.000000, No. of branches to finish: -1
22:48:41.844 [org.cpswt.host.FederationManagerHostApp.main()] DEBUG org.cpswt.coa.COALoader - Adding node to the COA graph: Name: SyncPoint, Type: SyncPoint, Status: Inactive, NodeExecutedTime: -1.000000, SyncTime: 25000.000000, No. of branches to finish: -1
22:48:41.845 [org.cpswt.host.FederationManagerHostApp.main()] DEBUG org.cpswt.coa.COALoader - Adding node to the COA graph: Name: SyncPoint, Type: SyncPoint, Status: Inactive, NodeExecutedTime: -1.000000, SyncTime: 27000.000000, No. of branches to finish: -1
22:48:41.848 [org.cpswt.host.FederationManagerHostApp.main()] DEBUG org.cpswt.coa.COALoader - Adding node to the COA graph: Name: SyncPoint, Type: SyncPoint, Status: Inactive, NodeExecutedTime: -1.000000, SyncTime: 26500.000000, No. of branches to finish: -1
22:48:41.853 [org.cpswt.host.FederationManagerHostApp.main()] DEBUG org.cpswt.coa.COALoader - Adding node to the COA graph: Name: SyncPoint, Type: SyncPoint, Status: Inactive, NodeExecutedTime: -1.000000, SyncTime: 0.000000, No. of branches to finish: -1
22:48:41.869 [org.cpswt.host.FederationManagerHostApp.main()] DEBUG org.cpswt.coa.COALoader - Adding node to the COA graph: Name: SyncPoint, Type: SyncPoint, Status: Inactive, NodeExecutedTime: -1.000000, SyncTime: 1500.000000, No. of branches to finish: -1
22:48:41.873 [org.cpswt.host.FederationManagerHostApp.main()] DEBUG org.cpswt.coa.COALoader - Adding node to the COA graph: Name: SyncPoint, Type: SyncPoint, Status: Inactive, NodeExecutedTime: -1.000000, SyncTime: 2000.000000, No. of branches to finish: -1
22:48:41.876 [org.cpswt.host.FederationManagerHostApp.main()] DEBUG org.cpswt.coa.COALoader - Adding node to the COA graph: Name: SyncPoint, Type: SyncPoint, Status: Inactive, NodeExecutedTime: -1.000000, SyncTime: 2500.000000, No. of branches to finish: -1
22:48:41.882 [org.cpswt.host.FederationManagerHostApp.main()] DEBUG org.cpswt.coa.COALoader - Adding node to the COA graph: Name: SyncPoint, Type: SyncPoint, Status: Inactive, NodeExecutedTime: -1.000000, SyncTime: 3000.000000, No. of branches to finish: -1
22:48:41.892 [org.cpswt.host.FederationManagerHostApp.main()] DEBUG org.cpswt.coa.COALoader - Adding node to the COA graph: Name: SyncPoint, Type: SyncPoint, Status: Inactive, NodeExecutedTime: -1.000000, SyncTime: 11000.000000, No. of branches to finish: -1
22:48:41.899 [org.cpswt.host.FederationManagerHostApp.main()] DEBUG org.cpswt.coa.COALoader - Adding node to the COA graph: Name: SyncPoint, Type: SyncPoint, Status: Inactive, NodeExecutedTime: -1.000000, SyncTime: 13000.000000, No. of branches to finish: -1
22:48:41.910 [org.cpswt.host.FederationManagerHostApp.main()] DEBUG org.cpswt.coa.COALoader - Adding node to the COA graph: Name: SyncPoint, Type: SyncPoint, Status: Inactive, NodeExecutedTime: -1.000000, SyncTime: 14000.000000, No. of branches to finish: -1
22:48:41.939 [org.cpswt.host.FederationManagerHostApp.main()] DEBUG org.cpswt.coa.COALoader - Adding node to the COA graph: Name: SyncPoint, Type: SyncPoint, Status: Inactive, NodeExecutedTime: -1.000000, SyncTime: 17500.000000, No. of branches to finish: -1
22:48:41.969 [org.cpswt.host.FederationManagerHostApp.main()] DEBUG org.cpswt.coa.COALoader - Adding node to the COA graph: Name: SyncPoint, Type: SyncPoint, Status: Inactive, NodeExecutedTime: -1.000000, SyncTime: 20500.000000, No. of branches to finish: -1
22:48:41.970 [org.cpswt.host.FederationManagerHostApp.main()] DEBUG org.cpswt.coa.COALoader - Adding node to the COA graph: Name: SyncPoint, Type: SyncPoint, Status: Inactive, NodeExecutedTime: -1.000000, SyncTime: 21000.000000, No. of branches to finish: -1
22:48:41.972 [org.cpswt.host.FederationManagerHostApp.main()] DEBUG org.cpswt.coa.COALoader - Adding node to the COA graph: Name: SyncPoint, Type: SyncPoint, Status: Inactive, NodeExecutedTime: -1.000000, SyncTime: 21500.000000, No. of branches to finish: -1
22:48:41.977 [org.cpswt.host.FederationManagerHostApp.main()] DEBUG org.cpswt.coa.COALoader - Adding node to the COA graph: Name: SyncPoint, Type: SyncPoint, Status: Inactive, NodeExecutedTime: -1.000000, SyncTime: 23500.000000, No. of branches to finish: -1
22:48:41.988 [org.cpswt.host.FederationManagerHostApp.main()] DEBUG org.cpswt.coa.COALoader - Adding node to the COA graph: Name: SyncPoint, Type: SyncPoint, Status: Inactive, NodeExecutedTime: -1.000000, SyncTime: 25500.000000, No. of branches to finish: -1
22:48:41.992 [org.cpswt.host.FederationManagerHostApp.main()] DEBUG org.cpswt.coa.COALoader - Adding node to the COA graph: Name: SyncPoint, Type: SyncPoint, Status: Inactive, NodeExecutedTime: -1.000000, SyncTime: 26000.000000, No. of branches to finish: -1
22:48:42.031 [org.cpswt.host.FederationManagerHostApp.main()] DEBUG org.cpswt.coa.COALoader - Adding edge to the COA graph: [COAFlow] Action --to--> SyncPoint
22:48:42.040 [org.cpswt.host.FederationManagerHostApp.main()] DEBUG org.cpswt.coa.COALoader - Adding edge to the COA graph: [COAFlow] SyncPoint --to--> Action
22:48:42.047 [org.cpswt.host.FederationManagerHostApp.main()] DEBUG org.cpswt.coa.COALoader - Adding edge to the COA graph: [COAFlow] Action --to--> SyncPoint
22:48:42.048 [org.cpswt.host.FederationManagerHostApp.main()] DEBUG org.cpswt.coa.COALoader - Adding edge to the COA graph: [COAFlow] SyncPoint --to--> Action
22:48:42.057 [org.cpswt.host.FederationManagerHostApp.main()] DEBUG org.cpswt.coa.COALoader - Adding edge to the COA graph: [COAFlow] Action --to--> SyncPoint
22:48:42.058 [org.cpswt.host.FederationManagerHostApp.main()] DEBUG org.cpswt.coa.COALoader - Adding edge to the COA graph: [COAFlow] SyncPoint --to--> Action
22:48:42.058 [org.cpswt.host.FederationManagerHostApp.main()] DEBUG org.cpswt.coa.COALoader - Adding edge to the COA graph: [COAFlow] SyncPoint --to--> Action
22:48:42.062 [org.cpswt.host.FederationManagerHostApp.main()] DEBUG org.cpswt.coa.COALoader - Adding edge to the COA graph: [COAFlow] Action --to--> SyncPoint
22:48:42.073 [org.cpswt.host.FederationManagerHostApp.main()] DEBUG org.cpswt.coa.COALoader - Adding edge to the COA graph: [COAFlow] SyncPoint --to--> Action
22:48:42.075 [org.cpswt.host.FederationManagerHostApp.main()] DEBUG org.cpswt.coa.COALoader - Adding edge to the COA graph: [COAFlow] Action --to--> SyncPoint
22:48:42.081 [org.cpswt.host.FederationManagerHostApp.main()] DEBUG org.cpswt.coa.COALoader - Adding edge to the COA graph: [COAFlow] SyncPoint --to--> Action
22:48:42.085 [org.cpswt.host.FederationManagerHostApp.main()] DEBUG org.cpswt.coa.COALoader - Adding edge to the COA graph: [COAFlow] SyncPoint --to--> Action
22:48:42.091 [org.cpswt.host.FederationManagerHostApp.main()] DEBUG org.cpswt.coa.COALoader - Adding edge to the COA graph: [COAFlow] Action --to--> SyncPoint
22:48:42.093 [org.cpswt.host.FederationManagerHostApp.main()] DEBUG org.cpswt.coa.COALoader - Adding edge to the COA graph: [COAFlow] SyncPoint --to--> Action
22:48:42.102 [org.cpswt.host.FederationManagerHostApp.main()] DEBUG org.cpswt.coa.COALoader - Adding edge to the COA graph: [COAFlow] Action --to--> SyncPoint
22:48:42.117 [org.cpswt.host.FederationManagerHostApp.main()] DEBUG org.cpswt.coa.COALoader - Adding edge to the COA graph: [COAFlow] SyncPoint --to--> Action
22:48:42.120 [org.cpswt.host.FederationManagerHostApp.main()] DEBUG org.cpswt.coa.COALoader - Adding edge to the COA graph: [COAFlow] Action --to--> SyncPoint
22:48:42.121 [org.cpswt.host.FederationManagerHostApp.main()] DEBUG org.cpswt.coa.COALoader - Adding edge to the COA graph: [COAFlow] SyncPoint --to--> Action
22:48:42.141 [org.cpswt.host.FederationManagerHostApp.main()] DEBUG org.cpswt.coa.COALoader - Adding edge to the COA graph: [COAFlow] Action --to--> SyncPoint
22:48:42.146 [org.cpswt.host.FederationManagerHostApp.main()] DEBUG org.cpswt.coa.COALoader - Adding edge to the COA graph: [COAFlow] SyncPoint --to--> Action
22:48:42.148 [org.cpswt.host.FederationManagerHostApp.main()] DEBUG org.cpswt.coa.COALoader - Adding edge to the COA graph: [COAFlow] Action --to--> SyncPoint
22:48:42.149 [org.cpswt.host.FederationManagerHostApp.main()] DEBUG org.cpswt.coa.COALoader - Adding edge to the COA graph: [COAFlow] SyncPoint --to--> Action
22:48:42.151 [org.cpswt.host.FederationManagerHostApp.main()] DEBUG org.cpswt.coa.COALoader - Adding edge to the COA graph: [COAFlow] Action --to--> SyncPoint
22:48:42.151 [org.cpswt.host.FederationManagerHostApp.main()] DEBUG org.cpswt.coa.COALoader - Adding edge to the COA graph: [COAFlow] SyncPoint --to--> Action
22:48:42.152 [org.cpswt.host.FederationManagerHostApp.main()] DEBUG org.cpswt.coa.COALoader - Adding edge to the COA graph: [COAFlow] Action --to--> SyncPoint
22:48:42.153 [org.cpswt.host.FederationManagerHostApp.main()] DEBUG org.cpswt.coa.COALoader - Adding edge to the COA graph: [COAFlow] SyncPoint --to--> Action
22:48:42.154 [org.cpswt.host.FederationManagerHostApp.main()] DEBUG org.cpswt.coa.COALoader - Adding edge to the COA graph: [COAFlow] Action --to--> SyncPoint
22:48:42.155 [org.cpswt.host.FederationManagerHostApp.main()] DEBUG org.cpswt.coa.COALoader - Adding edge to the COA graph: [COAFlow] SyncPoint --to--> Action
22:48:42.156 [org.cpswt.host.FederationManagerHostApp.main()] DEBUG org.cpswt.coa.COALoader - Adding edge to the COA graph: [COAFlow] Action --to--> SyncPoint
22:48:42.157 [org.cpswt.host.FederationManagerHostApp.main()] DEBUG org.cpswt.coa.COALoader - Adding edge to the COA graph: [COAFlow] SyncPoint --to--> Action
22:48:42.158 [org.cpswt.host.FederationManagerHostApp.main()] DEBUG org.cpswt.coa.COALoader - Adding edge to the COA graph: [COAFlow] Action --to--> SyncPoint
22:48:42.158 [org.cpswt.host.FederationManagerHostApp.main()] DEBUG org.cpswt.coa.COALoader - Adding edge to the COA graph: [COAFlow] SyncPoint --to--> Action
22:48:42.159 [org.cpswt.host.FederationManagerHostApp.main()] DEBUG org.cpswt.coa.COALoader - Adding edge to the COA graph: [COAFlow] Action --to--> SyncPoint
22:48:42.160 [org.cpswt.host.FederationManagerHostApp.main()] DEBUG org.cpswt.coa.COALoader - Adding edge to the COA graph: [COAFlow] SyncPoint --to--> Action
22:48:42.163 [org.cpswt.host.FederationManagerHostApp.main()] DEBUG org.cpswt.coa.COALoader - Adding edge to the COA graph: [COAFlow] Action --to--> SyncPoint
22:48:42.164 [org.cpswt.host.FederationManagerHostApp.main()] DEBUG org.cpswt.coa.COALoader - Adding edge to the COA graph: [COAFlow] SyncPoint --to--> Action
22:48:42.165 [org.cpswt.host.FederationManagerHostApp.main()] DEBUG org.cpswt.coa.COALoader - Adding edge to the COA graph: [COAFlow] Action --to--> SyncPoint
22:48:42.166 [org.cpswt.host.FederationManagerHostApp.main()] DEBUG org.cpswt.coa.COALoader - Adding edge to the COA graph: [COAFlow] SyncPoint --to--> Action
22:48:42.171 [org.cpswt.host.FederationManagerHostApp.main()] DEBUG org.cpswt.coa.COALoader - Adding edge to the COA graph: [COAFlow] Action --to--> SyncPoint
22:48:42.173 [org.cpswt.host.FederationManagerHostApp.main()] DEBUG org.cpswt.coa.COALoader - Adding edge to the COA graph: [COAFlow] SyncPoint --to--> Action
22:48:42.178 [org.cpswt.host.FederationManagerHostApp.main()] DEBUG org.cpswt.coa.COALoader - Adding edge to the COA graph: [COAFlow] Action --to--> SyncPoint
22:48:42.185 [org.cpswt.host.FederationManagerHostApp.main()] DEBUG org.cpswt.coa.COALoader - Adding edge to the COA graph: [COAFlow] SyncPoint --to--> Action
22:48:42.188 [org.cpswt.host.FederationManagerHostApp.main()] DEBUG org.cpswt.coa.COALoader - Adding edge to the COA graph: [COAFlow] Action --to--> SyncPoint
22:48:42.195 [org.cpswt.host.FederationManagerHostApp.main()] INFO  org.cpswt.coa.COALoader - Loaded COAGraph successfully
22:48:42.199 [org.cpswt.host.FederationManagerHostApp.main()] DEBUG org.cpswt.coa.COALoader - Loaded the following COAGraph:
{}SyncPoint
		Action	
			SyncPoint		
				Action			
					SyncPoint				
						Action					
							SyncPoint						
								Action							
									SyncPoint								
										Action									
											SyncPoint										
												Action											
													SyncPoint												
														Action													
															SyncPoint														
																Action															
																	SyncPoint																
																		Action																	
																			SyncPoint																		
																				Action																			
																					SyncPoint																				
																						Action																					
																							SyncPoint																						
																								Action																							
																									SyncPoint																								
																										Action																									
																											SyncPoint																										
																												Action																											
																													SyncPoint																												
																														Action																													
																															SyncPoint																														
																																Action																															
																																	SyncPoint																																
																																		Action																																	
																																			SyncPoint																																		
																																				Action																																			
																																					SyncPoint																																				
																																						Action																																					
																																							SyncPoint																																						
																																								Action																																							
																																									SyncPoint																																								
																																										Action																																									
																																											SyncPoint																																										
																																												Action

22:48:42.356 [org.cpswt.host.FederationManagerHostApp.main()] DEBUG org.cpswt.hla.SynchronizedFederate - Federate FederationManager-d3766463-52b6-4ff8-8618-05e9a2a739ed acquiring connection to RTI ...
22:48:42.977 [org.cpswt.host.FederationManagerHostApp.main()] DEBUG org.cpswt.hla.SynchronizedFederate - Federate FederationManager-d3766463-52b6-4ff8-8618-05e9a2a739ed connection to RTI successful.
22:48:42.977 [org.cpswt.host.FederationManagerHostApp.main()] DEBUG org.cpswt.hla.FederationManager - Local RTI component created successfully.

-------------------------------------------------------------------
GMS: address=vagrant-9258, cluster=AV, physical address=10.0.2.15:52467
-------------------------------------------------------------------
22:48:48.315 [org.cpswt.host.FederationManagerHostApp.main()] DEBUG org.cpswt.hla.FederationManager - Federation "AV" created successfully.
22:48:48.316 [org.cpswt.host.FederationManagerHostApp.main()] DEBUG org.cpswt.hla.SynchronizedFederate - [FederationManager-d3766463-52b6-4ff8-8618-05e9a2a739ed] federate joining federation [AV] attempt #1
22:48:48.448 [org.cpswt.host.FederationManagerHostApp.main()] DEBUG org.cpswt.hla.SynchronizedFederate - [FederationManager-d3766463-52b6-4ff8-8618-05e9a2a739ed] federate joined federation [AV] successfully
22:48:48.494 [org.cpswt.host.FederationManagerHostApp.main()] DEBUG org.cpswt.hla.SimEnd - subscribe: InteractionRoot.C2WInteractionRoot.SimulationControl.SimEnd
22:48:48.507 [org.cpswt.host.FederationManagerHostApp.main()] DEBUG org.cpswt.hla.FederateJoinInteraction - publish: InteractionRoot.C2WInteractionRoot.FederateJoinInteraction
22:48:48.518 [org.cpswt.host.FederationManagerHostApp.main()] DEBUG org.cpswt.hla.FederateResignInteraction - publish: InteractionRoot.C2WInteractionRoot.FederateResignInteraction
22:48:50.578 [org.cpswt.host.FederationManagerHostApp.main()] DEBUG org.cpswt.hla.FederationManager - Synchronization point "readyToPopulate" registered successfully.
22:48:51.581 [org.cpswt.host.FederationManagerHostApp.main()] DEBUG org.cpswt.hla.FederationManager - Synchronization point "readyToRun" registered successfully.
22:48:52.587 [org.cpswt.host.FederationManagerHostApp.main()] DEBUG org.cpswt.hla.FederationManager - Synchronization point "readyToResign" registered successfully.
22:48:52.590 [org.cpswt.host.FederationManagerHostApp.main()] DEBUG org.cpswt.hla.FederateJoinInteraction - subscribe: InteractionRoot.C2WInteractionRoot.FederateJoinInteraction
22:48:52.596 [org.cpswt.host.FederationManagerHostApp.main()] DEBUG org.cpswt.hla.FederateResignInteraction - subscribe: InteractionRoot.C2WInteractionRoot.FederateResignInteraction
22:48:52.602 [org.cpswt.host.FederationManagerHostApp.main()] DEBUG org.cpswt.hla.SimEnd - publish: InteractionRoot.C2WInteractionRoot.SimulationControl.SimEnd
22:48:52.618 [org.cpswt.host.FederationManagerHostApp.main()] DEBUG org.cpswt.hla.SimPause - publish: InteractionRoot.C2WInteractionRoot.SimulationControl.SimPause
22:48:52.630 [org.cpswt.host.FederationManagerHostApp.main()] DEBUG org.cpswt.hla.SimResume - publish: InteractionRoot.C2WInteractionRoot.SimulationControl.SimResume
22:48:52.655 [org.cpswt.host.FederationManagerHostApp.main()] DEBUG AV.CAN - publish: InteractionRoot.C2WInteractionRoot.CAN
22:48:56.355 [org.cpswt.host.FederationManagerHostApp.main()] INFO  org.cpswt.host.FederationManagerHostApp - Server online at 0.0.0.0:8083 ...
22:49:01.155 [routes-akka.actor.default-dispatcher-7] DEBUG org.cpswt.host.FederationManagerHostApp - Starting simulation
22:49:01.161 [Thread-1] DEBUG org.cpswt.hla.FederationManager - Starting simulation
22:49:01.266 [Thread-1] DEBUG org.cpswt.hla.FederateObject - subscribe: ObjectRoot.Manager.Federate
22:49:57.809 [Thread-1] DEBUG org.cpswt.hla.FederationManager - All expected federates have joined the federation. Proceeding with the simulation...
22:49:58.314 [Thread-1] DEBUG org.cpswt.hla.FederationManager - Susbcribing to High priority logs
22:49:58.329 [Thread-1] DEBUG org.cpswt.hla.HighPrio - subscribe: InteractionRoot.C2WInteractionRoot.SimLog.HighPrio
22:49:58.358 [Thread-3] DEBUG org.cpswt.hla.FederationManager - Main execution loop of federation started at: 2019-08-03T22:49:58.353+0000
22:49:58.364 [Thread-3] DEBUG org.cpswt.coa.COAGraph - Node executed in sequence graph: Name: SyncPoint, Type: SyncPoint, Status: Executed, NodeExecutedTime: 0.000000, SyncTime: 0.000000, No. of branches to finish: -1
22:49:58.376 [Thread-3] INFO  org.cpswt.coa.COAExecutor - Successfully sent interaction 'InteractionRoot.C2WInteractionRoot.CAN' at time '0.10001'
22:49:58.376 [Thread-3] DEBUG org.cpswt.coa.COAGraph - Node executed in sequence graph: Name: Action, Type: Action, Status: Executed, NodeExecutedTime: 0.000000, Interaction: InteractionRoot.C2WInteractionRoot.CAN
22:49:58.378 [Thread-3] INFO  org.cpswt.hla.FederationManager - Current_time = 0.0 and step = 1.0 and requested_time = 1.0
22:51:14.013 [routes-akka.actor.default-dispatcher-5] DEBUG org.cpswt.host.FederationManagerHostApp - Terminate simulation
22:51:14.016 [Thread-4] DEBUG org.cpswt.hla.FederationManager - Terminating simulation
22:51:14.017 [Thread-4] DEBUG org.cpswt.hla.FederationManager - Main execution loop of federation stopped at: 2019-08-03T22:51:14.016+0000
22:51:14.018 [Thread-4] DEBUG org.cpswt.hla.FederationManager - Total execution time of the main loop: 75.655 seconds
