
-------------------------------------------------------------------
GMS: address=vagrant-30170, cluster=AV, physical address=10.0.2.15:48207
-------------------------------------------------------------------
01:12:45.921 [main] INFO  AV.MCU - waiting on readyToPopulate...
01:12:56.680 [main] INFO  AV.MCU - ...synchronized on readyToPopulate
01:12:56.681 [main] INFO  AV.MCU - waiting on readyToRun...
01:12:56.933 [main] INFO  AV.MCU - ...synchronized on readyToRun
01:12:56.936 [main] INFO  AV.MCU - started logical time progression
01:12:58.718 [main] INFO  AV.MCU - VCU_Torque_Commands VCU_Torque_Commands : 0.0 & current time is  9.0  message time is 9.0 case 9
01:12:59.518 [main] INFO  AV.MCU - VCU_Torque_Commands VCU_Torque_Commands : 0.0 & current time is  19.0  message time is 19.0 case 9
01:13:00.246 [main] INFO  AV.MCU - VCU_Torque_Commands VCU_Torque_Commands : 0.0 & current time is  29.0  message time is 29.0 case 9
01:13:00.956 [main] INFO  AV.MCU - VCU_Torque_Commands VCU_Torque_Commands : 0.0 & current time is  39.0  message time is 39.0 case 9
01:13:01.603 [main] INFO  AV.MCU - VCU_Torque_Commands VCU_Torque_Commands : 0.0 & current time is  49.0  message time is 49.0 case 9
01:13:02.217 [main] INFO  AV.MCU - VCU_Torque_Commands VCU_Torque_Commands : 0.0 & current time is  59.0  message time is 59.0 case 9
01:13:02.934 [main] INFO  AV.MCU - VCU_Torque_Commands VCU_Torque_Commands : 0.0 & current time is  69.0  message time is 69.0 case 9
01:13:03.599 [main] INFO  AV.MCU - VCU_Torque_Commands VCU_Torque_Commands : 0.0 & current time is  79.0  message time is 79.0 case 9
01:13:04.141 [main] INFO  AV.MCU - VCU_Torque_Commands VCU_Torque_Commands : 0.0 & current time is  89.0  message time is 89.0 case 9
01:13:04.873 [main] INFO  AV.MCU - VCU_Torque_Commands VCU_Torque_Commands : 0.0 & current time is  99.0  message time is 99.0 case 9
01:13:05.405 [main] INFO  AV.MCU - VCU_Torque_Commands VCU_Torque_Commands : 0.0 & current time is  109.0  message time is 109.0 case 9
01:13:05.944 [main] INFO  AV.MCU - VCU_Torque_Commands VCU_Torque_Commands : 0.0 & current time is  119.0  message time is 119.0 case 9
01:13:06.485 [main] INFO  AV.MCU - VCU_Torque_Commands VCU_Torque_Commands : 0.0 & current time is  129.0  message time is 129.0 case 9
01:13:07.088 [main] INFO  AV.MCU - VCU_Torque_Commands VCU_Torque_Commands : 0.0 & current time is  139.0  message time is 139.0 case 9
01:13:07.665 [main] INFO  AV.MCU - VCU_Torque_Commands VCU_Torque_Commands : 0.0 & current time is  149.0  message time is 149.0 case 9
01:13:08.325 [main] INFO  AV.MCU - VCU_Torque_Commands VCU_Torque_Commands : 0.0 & current time is  159.0  message time is 159.0 case 9
01:13:09.339 [main] INFO  AV.MCU - VCU_Torque_Commands VCU_Torque_Commands : 0.0 & current time is  169.0  message time is 169.0 case 9
01:13:10.286 [main] INFO  AV.MCU - VCU_Torque_Commands VCU_Torque_Commands : 0.0 & current time is  179.0  message time is 179.0 case 9
01:13:10.856 [main] INFO  AV.MCU - VCU_Torque_Commands VCU_Torque_Commands : 0.0 & current time is  189.0  message time is 189.0 case 9
01:13:11.460 [main] INFO  AV.MCU - VCU_Torque_Commands VCU_Torque_Commands : 0.0 & current time is  199.0  message time is 199.0 case 9
01:13:12.058 [main] INFO  AV.MCU - VCU_Torque_Commands VCU_Torque_Commands : 0.0 & current time is  209.0  message time is 209.0 case 9
01:13:12.578 [main] INFO  AV.MCU - VCU_Torque_Commands VCU_Torque_Commands : 0.0 & current time is  219.0  message time is 219.0 case 9
01:13:13.103 [main] INFO  AV.MCU - VCU_Torque_Commands VCU_Torque_Commands : 0.0 & current time is  229.0  message time is 229.0 case 9
01:13:13.687 [main] INFO  AV.MCU - VCU_Torque_Commands VCU_Torque_Commands : 0.0 & current time is  239.0  message time is 239.0 case 9
01:13:14.316 [main] INFO  AV.MCU - VCU_Torque_Commands VCU_Torque_Commands : 0.0 & current time is  249.0  message time is 249.0 case 9
01:13:14.916 [main] INFO  AV.MCU - VCU_Torque_Commands VCU_Torque_Commands : 0.0 & current time is  259.0  message time is 259.0 case 9
01:13:15.456 [main] INFO  AV.MCU - VCU_Torque_Commands VCU_Torque_Commands : 0.0 & current time is  269.0  message time is 269.0 case 9
01:13:16.021 [main] INFO  AV.MCU - VCU_Torque_Commands VCU_Torque_Commands : 0.0 & current time is  279.0  message time is 279.0 case 9
01:13:16.545 [main] INFO  AV.MCU - VCU_Torque_Commands VCU_Torque_Commands : 0.0 & current time is  289.0  message time is 289.0 case 9
01:13:17.165 [main] INFO  AV.MCU - VCU_Torque_Commands VCU_Torque_Commands : 0.0 & current time is  299.0  message time is 299.0 case 9
01:13:17.666 [main] INFO  AV.MCU - VCU_Torque_Commands VCU_Torque_Commands : 0.0 & current time is  309.0  message time is 309.0 case 9
01:13:18.205 [main] INFO  AV.MCU - VCU_Torque_Commands VCU_Torque_Commands : 0.0 & current time is  319.0  message time is 319.0 case 9
01:13:18.703 [main] INFO  AV.MCU - VCU_Torque_Commands VCU_Torque_Commands : 0.0 & current time is  329.0  message time is 329.0 case 9
01:13:19.228 [main] INFO  AV.MCU - VCU_Torque_Commands VCU_Torque_Commands : 0.0 & current time is  339.0  message time is 339.0 case 9
01:13:19.742 [main] INFO  AV.MCU - VCU_Torque_Commands VCU_Torque_Commands : 0.0 & current time is  349.0  message time is 349.0 case 9
01:13:20.257 [main] INFO  AV.MCU - VCU_Torque_Commands VCU_Torque_Commands : 0.0 & current time is  359.0  message time is 359.0 case 9
01:13:20.802 [main] INFO  AV.MCU - VCU_Torque_Commands VCU_Torque_Commands : 0.0 & current time is  369.0  message time is 369.0 case 9
01:13:21.303 [main] INFO  AV.MCU - VCU_Torque_Commands VCU_Torque_Commands : 0.0 & current time is  379.0  message time is 379.0 case 9
01:13:21.909 [main] INFO  AV.MCU - VCU_Torque_Commands VCU_Torque_Commands : 0.0 & current time is  389.0  message time is 389.0 case 9
01:13:22.438 [main] INFO  AV.MCU - VCU_Torque_Commands VCU_Torque_Commands : 0.0 & current time is  399.0  message time is 399.0 case 9
01:13:22.979 [main] INFO  AV.MCU - VCU_Torque_Commands VCU_Torque_Commands : 0.0 & current time is  409.0  message time is 409.0 case 9
01:13:23.525 [main] INFO  AV.MCU - VCU_Torque_Commands VCU_Torque_Commands : 0.0 & current time is  419.0  message time is 419.0 case 9
01:13:24.049 [main] INFO  AV.MCU - VCU_Torque_Commands VCU_Torque_Commands : 0.0 & current time is  429.0  message time is 429.0 case 9
01:13:24.569 [main] INFO  AV.MCU - VCU_Torque_Commands VCU_Torque_Commands : 0.0 & current time is  439.0  message time is 439.0 case 9
01:13:25.066 [main] INFO  AV.MCU - VCU_Torque_Commands VCU_Torque_Commands : 0.0 & current time is  449.0  message time is 449.0 case 9
01:13:25.576 [main] INFO  AV.MCU - VCU_Torque_Commands VCU_Torque_Commands : 0.0 & current time is  459.0  message time is 459.0 case 9
01:13:26.055 [main] INFO  AV.MCU - VCU_Torque_Commands VCU_Torque_Commands : 0.0 & current time is  469.0  message time is 469.0 case 9
01:13:26.580 [main] INFO  AV.MCU - VCU_Torque_Commands VCU_Torque_Commands : 0.0 & current time is  479.0  message time is 479.0 case 9
01:13:27.097 [main] INFO  AV.MCU - VCU_Torque_Commands VCU_Torque_Commands : 0.0 & current time is  489.0  message time is 489.0 case 9
01:13:27.611 [main] INFO  AV.MCU - VCU_Torque_Commands VCU_Torque_Commands : 0.0 & current time is  499.0  message time is 499.0 case 9
01:13:28.109 [main] INFO  AV.MCU - VCU_Torque_Commands VCU_Torque_Commands : 0.0 & current time is  509.0  message time is 509.0 case 9
01:13:28.772 [main] INFO  AV.MCU - VCU_Torque_Commands VCU_Torque_Commands : 0.0 & current time is  519.0  message time is 519.0 case 9
01:13:29.266 [main] INFO  AV.MCU - VCU_Torque_Commands VCU_Torque_Commands : 0.0 & current time is  529.0  message time is 529.0 case 9
01:13:29.726 [main] INFO  AV.MCU - VCU_Torque_Commands VCU_Torque_Commands : 0.0 & current time is  539.0  message time is 539.0 case 9
01:13:30.204 [main] INFO  AV.MCU - VCU_Torque_Commands VCU_Torque_Commands : 0.0 & current time is  549.0  message time is 549.0 case 9
01:13:30.726 [main] INFO  AV.MCU - VCU_Torque_Commands VCU_Torque_Commands : 0.0 & current time is  559.0  message time is 559.0 case 9
01:13:31.242 [main] INFO  AV.MCU - VCU_Torque_Commands VCU_Torque_Commands : 0.0 & current time is  569.0  message time is 569.0 case 9
01:13:31.737 [main] INFO  AV.MCU - VCU_Torque_Commands VCU_Torque_Commands : 0.0 & current time is  579.0  message time is 579.0 case 9
01:13:32.235 [main] INFO  AV.MCU - VCU_Torque_Commands VCU_Torque_Commands : 0.0 & current time is  589.0  message time is 589.0 case 9
01:13:32.734 [main] INFO  AV.MCU - VCU_Torque_Commands VCU_Torque_Commands : 0.0 & current time is  599.0  message time is 599.0 case 9
01:13:33.218 [main] INFO  AV.MCU - VCU_Torque_Commands VCU_Torque_Commands : 0.0 & current time is  609.0  message time is 609.0 case 9
01:13:33.726 [main] INFO  AV.MCU - VCU_Torque_Commands VCU_Torque_Commands : 0.0 & current time is  619.0  message time is 619.0 case 9
01:13:34.231 [main] INFO  AV.MCU - VCU_Torque_Commands VCU_Torque_Commands : 0.0 & current time is  629.0  message time is 629.0 case 9
01:13:34.771 [main] INFO  AV.MCU - VCU_Torque_Commands VCU_Torque_Commands : 0.0 & current time is  639.0  message time is 639.0 case 9
01:13:35.249 [main] INFO  AV.MCU - VCU_Torque_Commands VCU_Torque_Commands : 0.0 & current time is  649.0  message time is 649.0 case 9
01:13:35.768 [main] INFO  AV.MCU - VCU_Torque_Commands VCU_Torque_Commands : 0.0 & current time is  659.0  message time is 659.0 case 9
01:13:36.278 [main] INFO  AV.MCU - VCU_Torque_Commands VCU_Torque_Commands : 0.0 & current time is  669.0  message time is 669.0 case 9
01:13:36.960 [main] INFO  AV.MCU - VCU_Torque_Commands VCU_Torque_Commands : 0.0 & current time is  679.0  message time is 679.0 case 9
01:13:37.519 [main] INFO  AV.MCU - VCU_Torque_Commands VCU_Torque_Commands : 0.0 & current time is  689.0  message time is 689.0 case 9
01:13:38.035 [main] INFO  AV.MCU - VCU_Torque_Commands VCU_Torque_Commands : 0.0 & current time is  699.0  message time is 699.0 case 9
01:13:38.579 [main] INFO  AV.MCU - VCU_Torque_Commands VCU_Torque_Commands : 0.0 & current time is  709.0  message time is 709.0 case 9
01:13:39.095 [main] INFO  AV.MCU - VCU_Torque_Commands VCU_Torque_Commands : 0.0 & current time is  719.0  message time is 719.0 case 9
01:13:39.606 [main] INFO  AV.MCU - VCU_Torque_Commands VCU_Torque_Commands : 0.0 & current time is  729.0  message time is 729.0 case 9
01:13:40.133 [main] INFO  AV.MCU - VCU_Torque_Commands VCU_Torque_Commands : 0.0 & current time is  739.0  message time is 739.0 case 9
01:13:40.658 [main] INFO  AV.MCU - VCU_Torque_Commands VCU_Torque_Commands : 0.0 & current time is  749.0  message time is 749.0 case 9
01:13:41.183 [main] INFO  AV.MCU - VCU_Torque_Commands VCU_Torque_Commands : 0.0 & current time is  759.0  message time is 759.0 case 9
01:13:41.681 [main] INFO  AV.MCU - VCU_Torque_Commands VCU_Torque_Commands : 0.0 & current time is  769.0  message time is 769.0 case 9
01:13:42.178 [main] INFO  AV.MCU - VCU_Torque_Commands VCU_Torque_Commands : 0.0 & current time is  779.0  message time is 779.0 case 9
01:13:42.666 [main] INFO  AV.MCU - VCU_Torque_Commands VCU_Torque_Commands : 0.0 & current time is  789.0  message time is 789.0 case 9
01:13:43.167 [main] INFO  AV.MCU - VCU_Torque_Commands VCU_Torque_Commands : 0.0 & current time is  799.0  message time is 799.0 case 9
01:13:43.671 [main] INFO  AV.MCU - VCU_Torque_Commands VCU_Torque_Commands : 0.0 & current time is  809.0  message time is 809.0 case 9
01:13:44.185 [main] INFO  AV.MCU - VCU_Torque_Commands VCU_Torque_Commands : 0.0 & current time is  819.0  message time is 819.0 case 9
01:13:44.678 [main] INFO  AV.MCU - VCU_Torque_Commands VCU_Torque_Commands : 0.0 & current time is  829.0  message time is 829.0 case 9
01:13:45.213 [main] INFO  AV.MCU - VCU_Torque_Commands VCU_Torque_Commands : 0.0 & current time is  839.0  message time is 839.0 case 9
01:13:45.710 [main] INFO  AV.MCU - VCU_Torque_Commands VCU_Torque_Commands : 0.0 & current time is  849.0  message time is 849.0 case 9
01:13:46.373 [main] INFO  AV.MCU - VCU_Torque_Commands VCU_Torque_Commands : 0.0 & current time is  859.0  message time is 859.0 case 9
01:13:46.859 [main] INFO  AV.MCU - VCU_Torque_Commands VCU_Torque_Commands : 0.0 & current time is  869.0  message time is 869.0 case 9
01:13:47.367 [main] INFO  AV.MCU - VCU_Torque_Commands VCU_Torque_Commands : 0.0 & current time is  879.0  message time is 879.0 case 9
01:13:47.860 [main] INFO  AV.MCU - VCU_Torque_Commands VCU_Torque_Commands : 0.0 & current time is  889.0  message time is 889.0 case 9
01:13:48.413 [main] INFO  AV.MCU - VCU_Torque_Commands VCU_Torque_Commands : 0.0 & current time is  899.0  message time is 899.0 case 9
01:13:48.921 [main] INFO  AV.MCU - VCU_Torque_Commands VCU_Torque_Commands : 0.0 & current time is  909.0  message time is 909.0 case 9
01:13:49.444 [main] INFO  AV.MCU - VCU_Torque_Commands VCU_Torque_Commands : 0.0 & current time is  919.0  message time is 919.0 case 9
01:13:49.985 [main] INFO  AV.MCU - VCU_Torque_Commands VCU_Torque_Commands : 0.0 & current time is  929.0  message time is 929.0 case 9
01:13:50.495 [main] INFO  AV.MCU - VCU_Torque_Commands VCU_Torque_Commands : 0.0 & current time is  939.0  message time is 939.0 case 9
01:13:50.989 [main] INFO  AV.MCU - VCU_Torque_Commands VCU_Torque_Commands : 0.0 & current time is  949.0  message time is 949.0 case 9
01:13:51.516 [main] INFO  AV.MCU - VCU_Torque_Commands VCU_Torque_Commands : 0.0 & current time is  959.0  message time is 959.0 case 9
01:13:52.021 [main] INFO  AV.MCU - VCU_Torque_Commands VCU_Torque_Commands : 0.0 & current time is  969.0  message time is 969.0 case 9
01:13:52.530 [main] INFO  AV.MCU - VCU_Torque_Commands VCU_Torque_Commands : 0.0 & current time is  979.0  message time is 979.0 case 9
01:13:53.028 [main] INFO  AV.MCU - VCU_Torque_Commands VCU_Torque_Commands : 0.0 & current time is  989.0  message time is 989.0 case 9
01:13:53.520 [main] INFO  AV.MCU - VCU_Torque_Commands VCU_Torque_Commands : 0.0 & current time is  999.0  message time is 999.0 case 9
01:13:54.037 [main] INFO  AV.MCU - VCU_Torque_Commands VCU_Torque_Commands : 0.0 & current time is  1009.0  message time is 1009.0 case 9
01:13:54.562 [main] INFO  AV.MCU - VCU_Torque_Commands VCU_Torque_Commands : 0.0 & current time is  1019.0  message time is 1019.0 case 9
01:13:55.070 [main] INFO  AV.MCU - VCU_Torque_Commands VCU_Torque_Commands : 0.0 & current time is  1029.0  message time is 1029.0 case 9
01:13:55.586 [main] INFO  AV.MCU - VCU_Torque_Commands VCU_Torque_Commands : 0.0 & current time is  1039.0  message time is 1039.0 case 9
01:13:56.085 [main] INFO  AV.MCU - VCU_Torque_Commands VCU_Torque_Commands : 0.0 & current time is  1049.0  message time is 1049.0 case 9
01:13:56.559 [main] INFO  AV.MCU - VCU_Torque_Commands VCU_Torque_Commands : 0.0 & current time is  1059.0  message time is 1059.0 case 9
01:13:57.037 [main] INFO  AV.MCU - VCU_Torque_Commands VCU_Torque_Commands : 0.0 & current time is  1069.0  message time is 1069.0 case 9
01:13:57.675 [main] INFO  AV.MCU - VCU_Torque_Commands VCU_Torque_Commands : 0.0 & current time is  1079.0  message time is 1079.0 case 9
01:13:58.195 [main] INFO  AV.MCU - VCU_Torque_Commands VCU_Torque_Commands : 0.0 & current time is  1089.0  message time is 1089.0 case 9
01:13:58.717 [main] INFO  AV.MCU - VCU_Torque_Commands VCU_Torque_Commands : 0.0 & current time is  1099.0  message time is 1099.0 case 9
01:13:59.205 [main] INFO  AV.MCU - VCU_Torque_Commands VCU_Torque_Commands : 0.0 & current time is  1109.0  message time is 1109.0 case 9
01:13:59.709 [main] INFO  AV.MCU - VCU_Torque_Commands VCU_Torque_Commands : 0.0 & current time is  1119.0  message time is 1119.0 case 9
01:14:00.211 [main] INFO  AV.MCU - VCU_Torque_Commands VCU_Torque_Commands : 0.0 & current time is  1129.0  message time is 1129.0 case 9
01:14:00.759 [main] INFO  AV.MCU - VCU_Torque_Commands VCU_Torque_Commands : 0.0 & current time is  1139.0  message time is 1139.0 case 9
01:14:01.262 [main] INFO  AV.MCU - VCU_Torque_Commands VCU_Torque_Commands : 0.0 & current time is  1149.0  message time is 1149.0 case 9
01:14:01.770 [main] INFO  AV.MCU - VCU_Torque_Commands VCU_Torque_Commands : 0.0 & current time is  1159.0  message time is 1159.0 case 9
01:14:02.307 [main] INFO  AV.MCU - VCU_Torque_Commands VCU_Torque_Commands : 0.0 & current time is  1169.0  message time is 1169.0 case 9
01:14:02.860 [main] INFO  AV.MCU - VCU_Torque_Commands VCU_Torque_Commands : 0.0 & current time is  1179.0  message time is 1179.0 case 9
01:14:03.357 [main] INFO  AV.MCU - VCU_Torque_Commands VCU_Torque_Commands : 0.0 & current time is  1189.0  message time is 1189.0 case 9
01:14:03.875 [main] INFO  AV.MCU - VCU_Torque_Commands VCU_Torque_Commands : 0.0 & current time is  1199.0  message time is 1199.0 case 9
01:14:04.349 [main] INFO  AV.MCU - VCU_Torque_Commands VCU_Torque_Commands : 0.0 & current time is  1209.0  message time is 1209.0 case 9
01:14:04.865 [main] INFO  AV.MCU - VCU_Torque_Commands VCU_Torque_Commands : 0.0 & current time is  1219.0  message time is 1219.0 case 9
01:14:05.406 [main] INFO  AV.MCU - VCU_Torque_Commands VCU_Torque_Commands : 0.0 & current time is  1229.0  message time is 1229.0 case 9
01:14:05.914 [main] INFO  AV.MCU - VCU_Torque_Commands VCU_Torque_Commands : 0.0 & current time is  1239.0  message time is 1239.0 case 9
01:14:06.422 [main] INFO  AV.MCU - VCU_Torque_Commands VCU_Torque_Commands : 0.0 & current time is  1249.0  message time is 1249.0 case 9
01:14:06.930 [main] INFO  AV.MCU - VCU_Torque_Commands VCU_Torque_Commands : 0.0 & current time is  1259.0  message time is 1259.0 case 9
01:14:07.437 [main] INFO  AV.MCU - VCU_Torque_Commands VCU_Torque_Commands : 0.0 & current time is  1269.0  message time is 1269.0 case 9
01:14:07.927 [main] INFO  AV.MCU - VCU_Torque_Commands VCU_Torque_Commands : 0.0 & current time is  1279.0  message time is 1279.0 case 9
01:14:08.435 [main] INFO  AV.MCU - VCU_Torque_Commands VCU_Torque_Commands : 0.0 & current time is  1289.0  message time is 1289.0 case 9
01:14:09.027 [main] INFO  AV.MCU - VCU_Torque_Commands VCU_Torque_Commands : 0.0 & current time is  1299.0  message time is 1299.0 case 9
01:14:09.544 [main] INFO  AV.MCU - VCU_Torque_Commands VCU_Torque_Commands : 0.0 & current time is  1309.0  message time is 1309.0 case 9
01:14:10.038 [main] INFO  AV.MCU - VCU_Torque_Commands VCU_Torque_Commands : 0.0 & current time is  1319.0  message time is 1319.0 case 9
01:14:10.545 [main] INFO  AV.MCU - VCU_Torque_Commands VCU_Torque_Commands : 0.0 & current time is  1329.0  message time is 1329.0 case 9
01:14:11.038 [main] INFO  AV.MCU - VCU_Torque_Commands VCU_Torque_Commands : 0.0 & current time is  1339.0  message time is 1339.0 case 9
01:14:11.564 [main] INFO  AV.MCU - VCU_Torque_Commands VCU_Torque_Commands : 0.0 & current time is  1349.0  message time is 1349.0 case 9
01:14:12.050 [main] INFO  AV.MCU - VCU_Torque_Commands VCU_Torque_Commands : 0.0 & current time is  1359.0  message time is 1359.0 case 9
01:14:12.544 [main] INFO  AV.MCU - VCU_Torque_Commands VCU_Torque_Commands : 0.0 & current time is  1369.0  message time is 1369.0 case 9
01:14:13.044 [main] INFO  AV.MCU - VCU_Torque_Commands VCU_Torque_Commands : 0.0 & current time is  1379.0  message time is 1379.0 case 9
01:14:13.518 [main] INFO  AV.MCU - VCU_Torque_Commands VCU_Torque_Commands : 0.0 & current time is  1389.0  message time is 1389.0 case 9
01:14:14.019 [main] INFO  AV.MCU - VCU_Torque_Commands VCU_Torque_Commands : 0.0 & current time is  1399.0  message time is 1399.0 case 9
01:14:14.533 [main] INFO  AV.MCU - VCU_Torque_Commands VCU_Torque_Commands : 0.0 & current time is  1409.0  message time is 1409.0 case 9
01:14:15.032 [main] INFO  AV.MCU - VCU_Torque_Commands VCU_Torque_Commands : 0.0 & current time is  1419.0  message time is 1419.0 case 9
01:14:15.542 [main] INFO  AV.MCU - VCU_Torque_Commands VCU_Torque_Commands : 0.0 & current time is  1429.0  message time is 1429.0 case 9
01:14:16.038 [main] INFO  AV.MCU - VCU_Torque_Commands VCU_Torque_Commands : 0.0 & current time is  1439.0  message time is 1439.0 case 9
01:14:16.508 [main] INFO  AV.MCU - VCU_Torque_Commands VCU_Torque_Commands : 0.0 & current time is  1449.0  message time is 1449.0 case 9
01:14:17.009 [main] INFO  AV.MCU - VCU_Torque_Commands VCU_Torque_Commands : 0.0 & current time is  1459.0  message time is 1459.0 case 9
01:14:17.505 [main] INFO  AV.MCU - VCU_Torque_Commands VCU_Torque_Commands : 0.0 & current time is  1469.0  message time is 1469.0 case 9
01:14:17.990 [main] INFO  AV.MCU - VCU_Torque_Commands VCU_Torque_Commands : 0.0 & current time is  1479.0  message time is 1479.0 case 9
01:14:18.461 [main] INFO  AV.MCU - VCU_Torque_Commands VCU_Torque_Commands : 0.0 & current time is  1489.0  message time is 1489.0 case 9
01:14:18.948 [main] INFO  AV.MCU - VCU_Torque_Commands VCU_Torque_Commands : 0.0 & current time is  1499.0  message time is 1499.0 case 9
01:14:19.439 [main] INFO  AV.MCU - VCU_Torque_Commands VCU_Torque_Commands : 3.0 & current time is  1509.0  message time is 1509.0 case 9
01:14:19.948 [main] INFO  AV.MCU - VCU_Torque_Commands VCU_Torque_Commands : 3.0 & current time is  1519.0  message time is 1519.0 case 9
01:14:20.430 [main] INFO  AV.MCU - VCU_Torque_Commands VCU_Torque_Commands : 3.0 & current time is  1529.0  message time is 1529.0 case 9
01:14:20.949 [main] INFO  AV.MCU - VCU_Torque_Commands VCU_Torque_Commands : 3.0 & current time is  1539.0  message time is 1539.0 case 9
01:14:21.580 [main] INFO  AV.MCU - VCU_Torque_Commands VCU_Torque_Commands : 3.0 & current time is  1549.0  message time is 1549.0 case 9
01:14:22.094 [main] INFO  AV.MCU - VCU_Torque_Commands VCU_Torque_Commands : 3.0 & current time is  1559.0  message time is 1559.0 case 9
01:14:22.584 [main] INFO  AV.MCU - VCU_Torque_Commands VCU_Torque_Commands : 3.0 & current time is  1569.0  message time is 1569.0 case 9
01:14:23.061 [main] INFO  AV.MCU - VCU_Torque_Commands VCU_Torque_Commands : 3.0 & current time is  1579.0  message time is 1579.0 case 9
01:14:23.556 [main] INFO  AV.MCU - VCU_Torque_Commands VCU_Torque_Commands : 3.0 & current time is  1589.0  message time is 1589.0 case 9
01:14:24.034 [main] INFO  AV.MCU - VCU_Torque_Commands VCU_Torque_Commands : 3.0 & current time is  1599.0  message time is 1599.0 case 9
01:14:24.530 [main] INFO  AV.MCU - VCU_Torque_Commands VCU_Torque_Commands : 3.0 & current time is  1609.0  message time is 1609.0 case 9
01:14:25.007 [main] INFO  AV.MCU - VCU_Torque_Commands VCU_Torque_Commands : 3.0 & current time is  1619.0  message time is 1619.0 case 9
01:14:25.493 [main] INFO  AV.MCU - VCU_Torque_Commands VCU_Torque_Commands : 3.0 & current time is  1629.0  message time is 1629.0 case 9
01:14:25.979 [main] INFO  AV.MCU - VCU_Torque_Commands VCU_Torque_Commands : 3.0 & current time is  1639.0  message time is 1639.0 case 9
01:14:26.439 [main] INFO  AV.MCU - VCU_Torque_Commands VCU_Torque_Commands : 3.0 & current time is  1649.0  message time is 1649.0 case 9
01:14:26.938 [main] INFO  AV.MCU - VCU_Torque_Commands VCU_Torque_Commands : 3.0 & current time is  1659.0  message time is 1659.0 case 9
01:14:27.405 [main] INFO  AV.MCU - VCU_Torque_Commands VCU_Torque_Commands : 3.0 & current time is  1669.0  message time is 1669.0 case 9
01:14:27.892 [main] INFO  AV.MCU - VCU_Torque_Commands VCU_Torque_Commands : 3.0 & current time is  1679.0  message time is 1679.0 case 9
01:14:28.395 [main] INFO  AV.MCU - VCU_Torque_Commands VCU_Torque_Commands : 3.0 & current time is  1689.0  message time is 1689.0 case 9
01:14:28.864 [main] INFO  AV.MCU - VCU_Torque_Commands VCU_Torque_Commands : 3.0 & current time is  1699.0  message time is 1699.0 case 9
01:14:29.362 [main] INFO  AV.MCU - VCU_Torque_Commands VCU_Torque_Commands : 3.0 & current time is  1709.0  message time is 1709.0 case 9
01:14:29.861 [main] INFO  AV.MCU - VCU_Torque_Commands VCU_Torque_Commands : 3.0 & current time is  1719.0  message time is 1719.0 case 9
01:14:30.340 [main] INFO  AV.MCU - VCU_Torque_Commands VCU_Torque_Commands : 3.0 & current time is  1729.0  message time is 1729.0 case 9
01:14:30.840 [main] INFO  AV.MCU - VCU_Torque_Commands VCU_Torque_Commands : 3.0 & current time is  1739.0  message time is 1739.0 case 9
01:14:31.296 [main] INFO  AV.MCU - VCU_Torque_Commands VCU_Torque_Commands : 3.0 & current time is  1749.0  message time is 1749.0 case 9
01:14:31.816 [main] INFO  AV.MCU - VCU_Torque_Commands VCU_Torque_Commands : 3.0 & current time is  1759.0  message time is 1759.0 case 9
01:14:32.296 [main] INFO  AV.MCU - VCU_Torque_Commands VCU_Torque_Commands : 3.0 & current time is  1769.0  message time is 1769.0 case 9
01:14:32.781 [main] INFO  AV.MCU - VCU_Torque_Commands VCU_Torque_Commands : 3.0 & current time is  1779.0  message time is 1779.0 case 9
01:14:33.308 [main] INFO  AV.MCU - VCU_Torque_Commands VCU_Torque_Commands : 3.0 & current time is  1789.0  message time is 1789.0 case 9
01:14:33.797 [main] INFO  AV.MCU - VCU_Torque_Commands VCU_Torque_Commands : 3.0 & current time is  1799.0  message time is 1799.0 case 9
01:14:34.423 [main] INFO  AV.MCU - VCU_Torque_Commands VCU_Torque_Commands : 3.0 & current time is  1809.0  message time is 1809.0 case 9
01:14:34.944 [main] INFO  AV.MCU - VCU_Torque_Commands VCU_Torque_Commands : 3.0 & current time is  1819.0  message time is 1819.0 case 9
01:14:35.441 [main] INFO  AV.MCU - VCU_Torque_Commands VCU_Torque_Commands : 3.0 & current time is  1829.0  message time is 1829.0 case 9
01:14:35.923 [main] INFO  AV.MCU - VCU_Torque_Commands VCU_Torque_Commands : 3.0 & current time is  1839.0  message time is 1839.0 case 9
01:14:36.435 [main] INFO  AV.MCU - VCU_Torque_Commands VCU_Torque_Commands : 3.0 & current time is  1849.0  message time is 1849.0 case 9
01:14:36.948 [main] INFO  AV.MCU - VCU_Torque_Commands VCU_Torque_Commands : 3.0 & current time is  1859.0  message time is 1859.0 case 9
01:14:37.479 [main] INFO  AV.MCU - VCU_Torque_Commands VCU_Torque_Commands : 3.0 & current time is  1869.0  message time is 1869.0 case 9
01:14:37.999 [main] INFO  AV.MCU - VCU_Torque_Commands VCU_Torque_Commands : 3.0 & current time is  1879.0  message time is 1879.0 case 9
01:14:38.501 [main] INFO  AV.MCU - VCU_Torque_Commands VCU_Torque_Commands : 3.0 & current time is  1889.0  message time is 1889.0 case 9
01:14:39.007 [main] INFO  AV.MCU - VCU_Torque_Commands VCU_Torque_Commands : 3.0 & current time is  1899.0  message time is 1899.0 case 9
01:14:39.525 [main] INFO  AV.MCU - VCU_Torque_Commands VCU_Torque_Commands : 3.0 & current time is  1909.0  message time is 1909.0 case 9
01:14:40.005 [main] INFO  AV.MCU - VCU_Torque_Commands VCU_Torque_Commands : 3.0 & current time is  1919.0  message time is 1919.0 case 9
01:14:40.536 [main] INFO  AV.MCU - VCU_Torque_Commands VCU_Torque_Commands : 3.0 & current time is  1929.0  message time is 1929.0 case 9
01:14:41.051 [main] INFO  AV.MCU - VCU_Torque_Commands VCU_Torque_Commands : 3.0 & current time is  1939.0  message time is 1939.0 case 9
01:14:41.569 [main] INFO  AV.MCU - VCU_Torque_Commands VCU_Torque_Commands : 3.0 & current time is  1949.0  message time is 1949.0 case 9
01:14:42.087 [main] INFO  AV.MCU - VCU_Torque_Commands VCU_Torque_Commands : 3.0 & current time is  1959.0  message time is 1959.0 case 9
01:14:42.613 [main] INFO  AV.MCU - VCU_Torque_Commands VCU_Torque_Commands : 3.0 & current time is  1969.0  message time is 1969.0 case 9
01:14:43.104 [main] INFO  AV.MCU - VCU_Torque_Commands VCU_Torque_Commands : 3.0 & current time is  1979.0  message time is 1979.0 case 9
01:14:43.615 [main] INFO  AV.MCU - VCU_Torque_Commands VCU_Torque_Commands : 3.0 & current time is  1989.0  message time is 1989.0 case 9
01:14:44.121 [main] INFO  AV.MCU - VCU_Torque_Commands VCU_Torque_Commands : 3.0 & current time is  1999.0  message time is 1999.0 case 9
01:14:44.248 [main] INFO  org.cpswt.hla.SynchronizedFederate - MCU-47e72ec4-f688-462a-8450-c0a530498a03: SimEnd interaction received, exiting...
01:14:44.248 [main] INFO  org.cpswt.hla.SynchronizedFederate - Exiting gracefully ....
01:14:49.347 [main] INFO  AV.MCU - Done.
