
-------------------------------------------------------------------
GMS: address=vagrant-9942, cluster=AV, physical address=10.0.2.15:47044
-------------------------------------------------------------------
00:10:07.003 [main] INFO  AV.MCU - waiting on readyToPopulate...
00:10:19.031 [main] INFO  AV.MCU - ...synchronized on readyToPopulate
00:10:19.032 [main] INFO  AV.MCU - waiting on readyToRun...
00:10:19.284 [main] INFO  AV.MCU - ...synchronized on readyToRun
00:10:19.287 [main] INFO  AV.MCU - started logical time progression
00:10:21.817 [main] INFO  AV.MCU - VCU_Torque_Commands VCU_Torque_Commands : 0.0 & current time is  18.0  message time is 17.2 case 7
00:10:21.926 [main] INFO  AV.MCU - VCU_Torque_Commands VCU_Torque_Commands : 0.0 & current time is  19.0  message time is 18.2 case 8
00:10:23.256 [main] INFO  AV.MCU - VCU_Torque_Commands VCU_Torque_Commands : 0.0 & current time is  38.0  message time is 37.2 case 7
00:10:23.301 [main] INFO  AV.MCU - VCU_Torque_Commands VCU_Torque_Commands : 0.0 & current time is  39.0  message time is 38.2 case 8
00:10:24.504 [main] INFO  AV.MCU - VCU_Torque_Commands VCU_Torque_Commands : 0.0 & current time is  58.0  message time is 57.2 case 7
00:10:24.584 [main] INFO  AV.MCU - VCU_Torque_Commands VCU_Torque_Commands : 0.0 & current time is  59.0  message time is 58.2 case 8
00:10:25.872 [main] INFO  AV.MCU - VCU_Torque_Commands VCU_Torque_Commands : 0.0 & current time is  78.0  message time is 77.2 case 7
00:10:25.937 [main] INFO  AV.MCU - VCU_Torque_Commands VCU_Torque_Commands : 0.0 & current time is  79.0  message time is 78.2 case 8
00:10:27.159 [main] INFO  AV.MCU - VCU_Torque_Commands VCU_Torque_Commands : 0.0 & current time is  98.0  message time is 97.2 case 7
00:10:27.203 [main] INFO  AV.MCU - VCU_Torque_Commands VCU_Torque_Commands : 0.0 & current time is  99.0  message time is 98.2 case 8
00:10:28.298 [main] INFO  AV.MCU - VCU_Torque_Commands VCU_Torque_Commands : 0.0 & current time is  118.0  message time is 117.2 case 7
00:10:28.367 [main] INFO  AV.MCU - VCU_Torque_Commands VCU_Torque_Commands : 0.0 & current time is  119.0  message time is 118.2 case 8
00:10:29.419 [main] INFO  AV.MCU - VCU_Torque_Commands VCU_Torque_Commands : 0.0 & current time is  138.0  message time is 137.2 case 7
00:10:29.471 [main] INFO  AV.MCU - VCU_Torque_Commands VCU_Torque_Commands : 0.0 & current time is  139.0  message time is 138.2 case 8
00:10:30.646 [main] INFO  AV.MCU - VCU_Torque_Commands VCU_Torque_Commands : 0.0 & current time is  158.0  message time is 157.2 case 7
00:10:30.703 [main] INFO  AV.MCU - VCU_Torque_Commands VCU_Torque_Commands : 0.0 & current time is  159.0  message time is 158.2 case 8
00:10:32.066 [main] INFO  AV.MCU - VCU_Torque_Commands VCU_Torque_Commands : 0.0 & current time is  178.0  message time is 177.2 case 7
00:10:32.118 [main] INFO  AV.MCU - VCU_Torque_Commands VCU_Torque_Commands : 0.0 & current time is  179.0  message time is 178.2 case 8
00:10:33.182 [main] INFO  AV.MCU - VCU_Torque_Commands VCU_Torque_Commands : 0.0 & current time is  198.0  message time is 197.2 case 7
00:10:33.241 [main] INFO  AV.MCU - VCU_Torque_Commands VCU_Torque_Commands : 0.0 & current time is  199.0  message time is 198.2 case 8
00:10:34.506 [main] INFO  AV.MCU - VCU_Torque_Commands VCU_Torque_Commands : 0.0 & current time is  218.0  message time is 217.2 case 7
00:10:34.566 [main] INFO  AV.MCU - VCU_Torque_Commands VCU_Torque_Commands : 0.0 & current time is  219.0  message time is 218.2 case 8
00:10:35.570 [main] INFO  AV.MCU - VCU_Torque_Commands VCU_Torque_Commands : 0.0 & current time is  238.0  message time is 237.2 case 7
00:10:35.637 [main] INFO  AV.MCU - VCU_Torque_Commands VCU_Torque_Commands : 0.0 & current time is  239.0  message time is 238.2 case 8
00:10:36.749 [main] INFO  AV.MCU - VCU_Torque_Commands VCU_Torque_Commands : 0.0 & current time is  258.0  message time is 257.2 case 7
00:10:36.807 [main] INFO  AV.MCU - VCU_Torque_Commands VCU_Torque_Commands : 0.0 & current time is  259.0  message time is 258.2 case 8
00:10:37.889 [main] INFO  AV.MCU - VCU_Torque_Commands VCU_Torque_Commands : 0.0 & current time is  278.0  message time is 277.2 case 7
00:10:37.945 [main] INFO  AV.MCU - VCU_Torque_Commands VCU_Torque_Commands : 0.0 & current time is  279.0  message time is 278.2 case 8
00:10:38.920 [main] INFO  AV.MCU - VCU_Torque_Commands VCU_Torque_Commands : 0.0 & current time is  298.0  message time is 297.2 case 7
00:10:38.972 [main] INFO  AV.MCU - VCU_Torque_Commands VCU_Torque_Commands : 0.0 & current time is  299.0  message time is 298.2 case 8
00:10:39.944 [main] INFO  AV.MCU - VCU_Torque_Commands VCU_Torque_Commands : 0.0 & current time is  318.0  message time is 317.2 case 7
00:10:39.995 [main] INFO  AV.MCU - VCU_Torque_Commands VCU_Torque_Commands : 0.0 & current time is  319.0  message time is 318.2 case 8
00:10:40.966 [main] INFO  AV.MCU - VCU_Torque_Commands VCU_Torque_Commands : 0.0 & current time is  338.0  message time is 337.2 case 7
00:10:41.021 [main] INFO  AV.MCU - VCU_Torque_Commands VCU_Torque_Commands : 0.0 & current time is  339.0  message time is 338.2 case 8
00:10:42.040 [main] INFO  AV.MCU - VCU_Torque_Commands VCU_Torque_Commands : 0.0 & current time is  358.0  message time is 357.2 case 7
00:10:42.100 [main] INFO  AV.MCU - VCU_Torque_Commands VCU_Torque_Commands : 0.0 & current time is  359.0  message time is 358.2 case 8
00:10:43.075 [main] INFO  AV.MCU - VCU_Torque_Commands VCU_Torque_Commands : 0.0 & current time is  378.0  message time is 377.2 case 7
00:10:43.128 [main] INFO  AV.MCU - VCU_Torque_Commands VCU_Torque_Commands : 0.0 & current time is  379.0  message time is 378.2 case 8
00:10:44.217 [main] INFO  AV.MCU - VCU_Torque_Commands VCU_Torque_Commands : 0.0 & current time is  398.0  message time is 397.2 case 7
00:10:44.276 [main] INFO  AV.MCU - VCU_Torque_Commands VCU_Torque_Commands : 0.0 & current time is  399.0  message time is 398.2 case 8
00:10:45.295 [main] INFO  AV.MCU - VCU_Torque_Commands VCU_Torque_Commands : 0.0 & current time is  418.0  message time is 417.2 case 7
00:10:45.347 [main] INFO  AV.MCU - VCU_Torque_Commands VCU_Torque_Commands : 0.0 & current time is  419.0  message time is 418.2 case 8
00:10:46.309 [main] INFO  AV.MCU - VCU_Torque_Commands VCU_Torque_Commands : 0.0 & current time is  438.0  message time is 437.2 case 7
00:10:46.364 [main] INFO  AV.MCU - VCU_Torque_Commands VCU_Torque_Commands : 0.0 & current time is  439.0  message time is 438.2 case 8
00:10:47.320 [main] INFO  AV.MCU - VCU_Torque_Commands VCU_Torque_Commands : 0.0 & current time is  458.0  message time is 457.2 case 7
00:10:47.364 [main] INFO  AV.MCU - VCU_Torque_Commands VCU_Torque_Commands : 0.0 & current time is  459.0  message time is 458.2 case 8
00:10:48.330 [main] INFO  AV.MCU - VCU_Torque_Commands VCU_Torque_Commands : 0.0 & current time is  478.0  message time is 477.2 case 7
00:10:48.380 [main] INFO  AV.MCU - VCU_Torque_Commands VCU_Torque_Commands : 0.0 & current time is  479.0  message time is 478.2 case 8
00:10:49.327 [main] INFO  AV.MCU - VCU_Torque_Commands VCU_Torque_Commands : 0.0 & current time is  498.0  message time is 497.2 case 7
00:10:49.375 [main] INFO  AV.MCU - VCU_Torque_Commands VCU_Torque_Commands : 0.0 & current time is  499.0  message time is 498.2 case 8
00:10:50.486 [main] INFO  AV.MCU - VCU_Torque_Commands VCU_Torque_Commands : 0.0 & current time is  518.0  message time is 517.2 case 7
00:10:50.544 [main] INFO  AV.MCU - VCU_Torque_Commands VCU_Torque_Commands : 0.0 & current time is  519.0  message time is 518.2 case 8
00:10:51.548 [main] INFO  AV.MCU - VCU_Torque_Commands VCU_Torque_Commands : 0.0 & current time is  538.0  message time is 537.2 case 7
00:10:51.593 [main] INFO  AV.MCU - VCU_Torque_Commands VCU_Torque_Commands : 0.0 & current time is  539.0  message time is 538.2 case 8
00:10:52.570 [main] INFO  AV.MCU - VCU_Torque_Commands VCU_Torque_Commands : 0.0 & current time is  558.0  message time is 557.2 case 7
00:10:52.628 [main] INFO  AV.MCU - VCU_Torque_Commands VCU_Torque_Commands : 0.0 & current time is  559.0  message time is 558.2 case 8
00:10:53.606 [main] INFO  AV.MCU - VCU_Torque_Commands VCU_Torque_Commands : 0.0 & current time is  578.0  message time is 577.2 case 7
00:10:53.646 [main] INFO  AV.MCU - VCU_Torque_Commands VCU_Torque_Commands : 0.0 & current time is  579.0  message time is 578.2 case 8
00:10:54.612 [main] INFO  AV.MCU - VCU_Torque_Commands VCU_Torque_Commands : 0.0 & current time is  598.0  message time is 597.2 case 7
00:10:54.663 [main] INFO  AV.MCU - VCU_Torque_Commands VCU_Torque_Commands : 0.0 & current time is  599.0  message time is 598.2 case 8
00:10:55.637 [main] INFO  AV.MCU - VCU_Torque_Commands VCU_Torque_Commands : 0.0 & current time is  618.0  message time is 617.2 case 7
00:10:55.701 [main] INFO  AV.MCU - VCU_Torque_Commands VCU_Torque_Commands : 0.0 & current time is  619.0  message time is 618.2 case 8
00:10:56.674 [main] INFO  AV.MCU - VCU_Torque_Commands VCU_Torque_Commands : 0.0 & current time is  638.0  message time is 637.2 case 7
00:10:56.727 [main] INFO  AV.MCU - VCU_Torque_Commands VCU_Torque_Commands : 0.0 & current time is  639.0  message time is 638.2 case 8
00:10:57.690 [main] INFO  AV.MCU - VCU_Torque_Commands VCU_Torque_Commands : 0.0 & current time is  658.0  message time is 657.2 case 7
00:10:57.738 [main] INFO  AV.MCU - VCU_Torque_Commands VCU_Torque_Commands : 0.0 & current time is  659.0  message time is 658.2 case 8
00:10:58.694 [main] INFO  AV.MCU - VCU_Torque_Commands VCU_Torque_Commands : 0.0 & current time is  678.0  message time is 677.2 case 7
00:10:58.748 [main] INFO  AV.MCU - VCU_Torque_Commands VCU_Torque_Commands : 0.0 & current time is  679.0  message time is 678.2 case 8
00:10:59.903 [main] INFO  AV.MCU - VCU_Torque_Commands VCU_Torque_Commands : 0.0 & current time is  698.0  message time is 697.2 case 7
00:10:59.955 [main] INFO  AV.MCU - VCU_Torque_Commands VCU_Torque_Commands : 0.0 & current time is  699.0  message time is 698.2 case 8
00:11:00.908 [main] INFO  AV.MCU - VCU_Torque_Commands VCU_Torque_Commands : 0.0 & current time is  718.0  message time is 717.2 case 7
00:11:00.954 [main] INFO  AV.MCU - VCU_Torque_Commands VCU_Torque_Commands : 0.0 & current time is  719.0  message time is 718.2 case 8
00:11:01.892 [main] INFO  AV.MCU - VCU_Torque_Commands VCU_Torque_Commands : 0.0 & current time is  738.0  message time is 737.2 case 7
00:11:01.937 [main] INFO  AV.MCU - VCU_Torque_Commands VCU_Torque_Commands : 0.0 & current time is  739.0  message time is 738.2 case 8
00:11:02.875 [main] INFO  AV.MCU - VCU_Torque_Commands VCU_Torque_Commands : 0.0 & current time is  758.0  message time is 757.2 case 7
00:11:02.924 [main] INFO  AV.MCU - VCU_Torque_Commands VCU_Torque_Commands : 0.0 & current time is  759.0  message time is 758.2 case 8
00:11:03.889 [main] INFO  AV.MCU - VCU_Torque_Commands VCU_Torque_Commands : 0.0 & current time is  778.0  message time is 777.2 case 7
00:11:03.947 [main] INFO  AV.MCU - VCU_Torque_Commands VCU_Torque_Commands : 0.0 & current time is  779.0  message time is 778.2 case 8
00:11:04.912 [main] INFO  AV.MCU - VCU_Torque_Commands VCU_Torque_Commands : 0.0 & current time is  798.0  message time is 797.2 case 7
00:11:04.953 [main] INFO  AV.MCU - VCU_Torque_Commands VCU_Torque_Commands : 0.0 & current time is  799.0  message time is 798.2 case 8
00:11:05.940 [main] INFO  AV.MCU - VCU_Torque_Commands VCU_Torque_Commands : 0.0 & current time is  818.0  message time is 817.2 case 7
00:11:05.983 [main] INFO  AV.MCU - VCU_Torque_Commands VCU_Torque_Commands : 0.0 & current time is  819.0  message time is 818.2 case 8
00:11:06.976 [main] INFO  AV.MCU - VCU_Torque_Commands VCU_Torque_Commands : 0.0 & current time is  838.0  message time is 837.2 case 7
00:11:07.020 [main] INFO  AV.MCU - VCU_Torque_Commands VCU_Torque_Commands : 0.0 & current time is  839.0  message time is 838.2 case 8
00:11:07.972 [main] INFO  AV.MCU - VCU_Torque_Commands VCU_Torque_Commands : 0.0 & current time is  858.0  message time is 857.2 case 7
00:11:08.021 [main] INFO  AV.MCU - VCU_Torque_Commands VCU_Torque_Commands : 0.0 & current time is  859.0  message time is 858.2 case 8
00:11:08.974 [main] INFO  AV.MCU - VCU_Torque_Commands VCU_Torque_Commands : 0.0 & current time is  878.0  message time is 877.2 case 7
00:11:09.025 [main] INFO  AV.MCU - VCU_Torque_Commands VCU_Torque_Commands : 0.0 & current time is  879.0  message time is 878.2 case 8
00:11:10.089 [main] INFO  AV.MCU - VCU_Torque_Commands VCU_Torque_Commands : 0.0 & current time is  898.0  message time is 897.2 case 7
00:11:10.144 [main] INFO  AV.MCU - VCU_Torque_Commands VCU_Torque_Commands : 0.0 & current time is  899.0  message time is 898.2 case 8
00:11:11.131 [main] INFO  AV.MCU - VCU_Torque_Commands VCU_Torque_Commands : 0.0 & current time is  918.0  message time is 917.2 case 7
00:11:11.180 [main] INFO  AV.MCU - VCU_Torque_Commands VCU_Torque_Commands : 0.0 & current time is  919.0  message time is 918.2 case 8
00:11:12.113 [main] INFO  AV.MCU - VCU_Torque_Commands VCU_Torque_Commands : 0.0 & current time is  938.0  message time is 937.2 case 7
00:11:12.166 [main] INFO  AV.MCU - VCU_Torque_Commands VCU_Torque_Commands : 0.0 & current time is  939.0  message time is 938.2 case 8
00:11:13.124 [main] INFO  AV.MCU - VCU_Torque_Commands VCU_Torque_Commands : 0.0 & current time is  958.0  message time is 957.2 case 7
00:11:13.176 [main] INFO  AV.MCU - VCU_Torque_Commands VCU_Torque_Commands : 0.0 & current time is  959.0  message time is 958.2 case 8
00:11:14.124 [main] INFO  AV.MCU - VCU_Torque_Commands VCU_Torque_Commands : 0.0 & current time is  978.0  message time is 977.2 case 7
00:11:14.175 [main] INFO  AV.MCU - VCU_Torque_Commands VCU_Torque_Commands : 0.0 & current time is  979.0  message time is 978.2 case 8
00:11:15.115 [main] INFO  AV.MCU - VCU_Torque_Commands VCU_Torque_Commands : 0.0 & current time is  998.0  message time is 997.2 case 7
00:11:15.169 [main] INFO  AV.MCU - VCU_Torque_Commands VCU_Torque_Commands : 0.0 & current time is  999.0  message time is 998.2 case 8
00:11:16.157 [main] INFO  AV.MCU - VCU_Torque_Commands VCU_Torque_Commands : 0.0 & current time is  1018.0  message time is 1017.2 case 7
00:11:16.205 [main] INFO  AV.MCU - VCU_Torque_Commands VCU_Torque_Commands : 0.0 & current time is  1019.0  message time is 1018.2 case 8
00:11:17.144 [main] INFO  AV.MCU - VCU_Torque_Commands VCU_Torque_Commands : 0.0 & current time is  1038.0  message time is 1037.2 case 7
00:11:17.203 [main] INFO  AV.MCU - VCU_Torque_Commands VCU_Torque_Commands : 0.0 & current time is  1039.0  message time is 1038.2 case 8
00:11:18.176 [main] INFO  AV.MCU - VCU_Torque_Commands VCU_Torque_Commands : 0.0 & current time is  1058.0  message time is 1057.2 case 7
00:11:18.224 [main] INFO  AV.MCU - VCU_Torque_Commands VCU_Torque_Commands : 0.0 & current time is  1059.0  message time is 1058.2 case 8
00:11:19.168 [main] INFO  AV.MCU - VCU_Torque_Commands VCU_Torque_Commands : 0.0 & current time is  1078.0  message time is 1077.2 case 7
00:11:19.216 [main] INFO  AV.MCU - VCU_Torque_Commands VCU_Torque_Commands : 0.0 & current time is  1079.0  message time is 1078.2 case 8
00:11:20.202 [main] INFO  AV.MCU - VCU_Torque_Commands VCU_Torque_Commands : 0.0 & current time is  1098.0  message time is 1097.2 case 7
00:11:20.383 [main] INFO  AV.MCU - VCU_Torque_Commands VCU_Torque_Commands : 0.0 & current time is  1099.0  message time is 1098.2 case 8
00:11:21.076 [main] INFO  AV.MCU - VCU_Torque_Commands VCU_Torque_Commands : 0.0 & current time is  1118.0  message time is 1117.2 case 7
00:11:21.118 [main] INFO  AV.MCU - VCU_Torque_Commands VCU_Torque_Commands : 0.0 & current time is  1119.0  message time is 1118.2 case 8
00:11:22.081 [main] INFO  AV.MCU - VCU_Torque_Commands VCU_Torque_Commands : 0.0 & current time is  1138.0  message time is 1137.2 case 7
00:11:22.142 [main] INFO  AV.MCU - VCU_Torque_Commands VCU_Torque_Commands : 0.0 & current time is  1139.0  message time is 1138.2 case 8
00:11:23.086 [main] INFO  AV.MCU - VCU_Torque_Commands VCU_Torque_Commands : 0.0 & current time is  1158.0  message time is 1157.2 case 7
00:11:23.129 [main] INFO  AV.MCU - VCU_Torque_Commands VCU_Torque_Commands : 0.0 & current time is  1159.0  message time is 1158.2 case 8
00:11:24.103 [main] INFO  AV.MCU - VCU_Torque_Commands VCU_Torque_Commands : 0.0 & current time is  1178.0  message time is 1177.2 case 7
00:11:24.158 [main] INFO  AV.MCU - VCU_Torque_Commands VCU_Torque_Commands : 0.0 & current time is  1179.0  message time is 1178.2 case 8
00:11:25.120 [main] INFO  AV.MCU - VCU_Torque_Commands VCU_Torque_Commands : 0.0 & current time is  1198.0  message time is 1197.2 case 7
00:11:25.169 [main] INFO  AV.MCU - VCU_Torque_Commands VCU_Torque_Commands : 0.0 & current time is  1199.0  message time is 1198.2 case 8
00:11:26.097 [main] INFO  AV.MCU - VCU_Torque_Commands VCU_Torque_Commands : 0.0 & current time is  1218.0  message time is 1217.2 case 7
00:11:26.143 [main] INFO  AV.MCU - VCU_Torque_Commands VCU_Torque_Commands : 0.0 & current time is  1219.0  message time is 1218.2 case 8
00:11:27.034 [main] INFO  AV.MCU - VCU_Torque_Commands VCU_Torque_Commands : 0.0 & current time is  1238.0  message time is 1237.2 case 7
00:11:27.084 [main] INFO  AV.MCU - VCU_Torque_Commands VCU_Torque_Commands : 0.0 & current time is  1239.0  message time is 1238.2 case 8
00:11:28.010 [main] INFO  AV.MCU - VCU_Torque_Commands VCU_Torque_Commands : 0.0 & current time is  1258.0  message time is 1257.2 case 7
00:11:28.058 [main] INFO  AV.MCU - VCU_Torque_Commands VCU_Torque_Commands : 0.0 & current time is  1259.0  message time is 1258.2 case 8
00:11:29.012 [main] INFO  AV.MCU - VCU_Torque_Commands VCU_Torque_Commands : 0.0 & current time is  1278.0  message time is 1277.2 case 7
00:11:29.058 [main] INFO  AV.MCU - VCU_Torque_Commands VCU_Torque_Commands : 0.0 & current time is  1279.0  message time is 1278.2 case 8
00:11:30.001 [main] INFO  AV.MCU - VCU_Torque_Commands VCU_Torque_Commands : 0.0 & current time is  1298.0  message time is 1297.2 case 7
00:11:30.050 [main] INFO  AV.MCU - VCU_Torque_Commands VCU_Torque_Commands : 0.0 & current time is  1299.0  message time is 1298.2 case 8
00:11:31.107 [main] INFO  AV.MCU - VCU_Torque_Commands VCU_Torque_Commands : 0.0 & current time is  1318.0  message time is 1317.2 case 7
00:11:31.158 [main] INFO  AV.MCU - VCU_Torque_Commands VCU_Torque_Commands : 0.0 & current time is  1319.0  message time is 1318.2 case 8
00:11:32.132 [main] INFO  AV.MCU - VCU_Torque_Commands VCU_Torque_Commands : 0.0 & current time is  1338.0  message time is 1337.2 case 7
00:11:32.186 [main] INFO  AV.MCU - VCU_Torque_Commands VCU_Torque_Commands : 0.0 & current time is  1339.0  message time is 1338.2 case 8
00:11:33.136 [main] INFO  AV.MCU - VCU_Torque_Commands VCU_Torque_Commands : 0.0 & current time is  1358.0  message time is 1357.2 case 7
00:11:33.173 [main] INFO  AV.MCU - VCU_Torque_Commands VCU_Torque_Commands : 0.0 & current time is  1359.0  message time is 1358.2 case 8
00:11:34.146 [main] INFO  AV.MCU - VCU_Torque_Commands VCU_Torque_Commands : 0.0 & current time is  1378.0  message time is 1377.2 case 7
00:11:34.206 [main] INFO  AV.MCU - VCU_Torque_Commands VCU_Torque_Commands : 0.0 & current time is  1379.0  message time is 1378.2 case 8
00:11:35.159 [main] INFO  AV.MCU - VCU_Torque_Commands VCU_Torque_Commands : 0.0 & current time is  1398.0  message time is 1397.2 case 7
00:11:35.204 [main] INFO  AV.MCU - VCU_Torque_Commands VCU_Torque_Commands : 0.0 & current time is  1399.0  message time is 1398.2 case 8
00:11:36.639 [main] INFO  AV.MCU - VCU_Torque_Commands VCU_Torque_Commands : 0.0 & current time is  1418.0  message time is 1417.2 case 7
00:11:36.683 [main] INFO  AV.MCU - VCU_Torque_Commands VCU_Torque_Commands : 0.0 & current time is  1419.0  message time is 1418.2 case 8
00:11:37.647 [main] INFO  AV.MCU - VCU_Torque_Commands VCU_Torque_Commands : 0.0 & current time is  1438.0  message time is 1437.2 case 7
00:11:37.705 [main] INFO  AV.MCU - VCU_Torque_Commands VCU_Torque_Commands : 0.0 & current time is  1439.0  message time is 1438.2 case 8
00:11:38.634 [main] INFO  AV.MCU - VCU_Torque_Commands VCU_Torque_Commands : 0.0 & current time is  1458.0  message time is 1457.2 case 7
00:11:38.688 [main] INFO  AV.MCU - VCU_Torque_Commands VCU_Torque_Commands : 0.0 & current time is  1459.0  message time is 1458.2 case 8
00:11:39.623 [main] INFO  AV.MCU - VCU_Torque_Commands VCU_Torque_Commands : 0.0 & current time is  1478.0  message time is 1477.2 case 7
00:11:39.659 [main] INFO  AV.MCU - VCU_Torque_Commands VCU_Torque_Commands : 0.0 & current time is  1479.0  message time is 1478.2 case 8
00:11:40.601 [main] INFO  AV.MCU - VCU_Torque_Commands VCU_Torque_Commands : 0.0 & current time is  1498.0  message time is 1497.2 case 7
00:11:40.646 [main] INFO  AV.MCU - VCU_Torque_Commands VCU_Torque_Commands : 0.0 & current time is  1499.0  message time is 1498.2 case 8
00:11:41.587 [main] INFO  AV.MCU - VCU_Torque_Commands VCU_Torque_Commands : 3.0 & current time is  1518.0  message time is 1517.2 case 7
00:11:41.648 [main] INFO  AV.MCU - VCU_Torque_Commands VCU_Torque_Commands : 3.0 & current time is  1519.0  message time is 1518.2 case 8
00:11:42.366 [main] INFO  AV.MCU - VCU_Torque_Commands VCU_Torque_Commands : 3.0 & current time is  1538.0  message time is 1537.2 case 7
00:11:42.423 [main] INFO  AV.MCU - VCU_Torque_Commands VCU_Torque_Commands : 3.0 & current time is  1539.0  message time is 1538.2 case 8
00:11:43.886 [main] INFO  AV.MCU - VCU_Torque_Commands VCU_Torque_Commands : 3.0 & current time is  1558.0  message time is 1557.2 case 7
00:11:43.934 [main] INFO  AV.MCU - VCU_Torque_Commands VCU_Torque_Commands : 3.0 & current time is  1559.0  message time is 1558.2 case 8
00:11:44.978 [main] INFO  AV.MCU - VCU_Torque_Commands VCU_Torque_Commands : 3.0 & current time is  1578.0  message time is 1577.2 case 7
00:11:45.029 [main] INFO  AV.MCU - VCU_Torque_Commands VCU_Torque_Commands : 3.0 & current time is  1579.0  message time is 1578.2 case 8
00:11:45.976 [main] INFO  AV.MCU - VCU_Torque_Commands VCU_Torque_Commands : 3.0 & current time is  1598.0  message time is 1597.2 case 7
00:11:46.019 [main] INFO  AV.MCU - VCU_Torque_Commands VCU_Torque_Commands : 3.0 & current time is  1599.0  message time is 1598.2 case 8
00:11:46.981 [main] INFO  AV.MCU - VCU_Torque_Commands VCU_Torque_Commands : 3.0 & current time is  1618.0  message time is 1617.2 case 7
00:11:47.014 [main] INFO  AV.MCU - VCU_Torque_Commands VCU_Torque_Commands : 3.0 & current time is  1619.0  message time is 1618.2 case 8
00:11:47.979 [main] INFO  AV.MCU - VCU_Torque_Commands VCU_Torque_Commands : 3.0 & current time is  1638.0  message time is 1637.2 case 7
00:11:48.031 [main] INFO  AV.MCU - VCU_Torque_Commands VCU_Torque_Commands : 3.0 & current time is  1639.0  message time is 1638.2 case 8
00:11:48.921 [main] INFO  AV.MCU - VCU_Torque_Commands VCU_Torque_Commands : 3.0 & current time is  1658.0  message time is 1657.2 case 7
00:11:48.979 [main] INFO  AV.MCU - VCU_Torque_Commands VCU_Torque_Commands : 3.0 & current time is  1659.0  message time is 1658.2 case 8
00:11:49.927 [main] INFO  AV.MCU - VCU_Torque_Commands VCU_Torque_Commands : 3.0 & current time is  1678.0  message time is 1677.2 case 7
00:11:49.987 [main] INFO  AV.MCU - VCU_Torque_Commands VCU_Torque_Commands : 3.0 & current time is  1679.0  message time is 1678.2 case 8
00:11:50.928 [main] INFO  AV.MCU - VCU_Torque_Commands VCU_Torque_Commands : 3.0 & current time is  1698.0  message time is 1697.2 case 7
00:11:50.970 [main] INFO  AV.MCU - VCU_Torque_Commands VCU_Torque_Commands : 3.0 & current time is  1699.0  message time is 1698.2 case 8
00:11:51.952 [main] INFO  AV.MCU - VCU_Torque_Commands VCU_Torque_Commands : 3.0 & current time is  1718.0  message time is 1717.2 case 7
00:11:52.007 [main] INFO  AV.MCU - VCU_Torque_Commands VCU_Torque_Commands : 3.0 & current time is  1719.0  message time is 1718.2 case 8
00:11:52.932 [main] INFO  AV.MCU - VCU_Torque_Commands VCU_Torque_Commands : 3.0 & current time is  1738.0  message time is 1737.2 case 7
00:11:52.983 [main] INFO  AV.MCU - VCU_Torque_Commands VCU_Torque_Commands : 3.0 & current time is  1739.0  message time is 1738.2 case 8
00:11:53.957 [main] INFO  AV.MCU - VCU_Torque_Commands VCU_Torque_Commands : 3.0 & current time is  1758.0  message time is 1757.2 case 7
00:11:54.013 [main] INFO  AV.MCU - VCU_Torque_Commands VCU_Torque_Commands : 3.0 & current time is  1759.0  message time is 1758.2 case 8
00:11:54.926 [main] INFO  AV.MCU - VCU_Torque_Commands VCU_Torque_Commands : 3.0 & current time is  1778.0  message time is 1777.2 case 7
00:11:54.980 [main] INFO  AV.MCU - VCU_Torque_Commands VCU_Torque_Commands : 3.0 & current time is  1779.0  message time is 1778.2 case 8
00:11:55.896 [main] INFO  AV.MCU - VCU_Torque_Commands VCU_Torque_Commands : 3.0 & current time is  1798.0  message time is 1797.2 case 7
00:11:55.953 [main] INFO  AV.MCU - VCU_Torque_Commands VCU_Torque_Commands : 3.0 & current time is  1799.0  message time is 1798.2 case 8
00:11:56.892 [main] INFO  AV.MCU - VCU_Torque_Commands VCU_Torque_Commands : 3.0 & current time is  1818.0  message time is 1817.2 case 7
00:11:56.949 [main] INFO  AV.MCU - VCU_Torque_Commands VCU_Torque_Commands : 3.0 & current time is  1819.0  message time is 1818.2 case 8
00:11:57.868 [main] INFO  AV.MCU - VCU_Torque_Commands VCU_Torque_Commands : 3.0 & current time is  1838.0  message time is 1837.2 case 7
00:11:57.891 [main] INFO  AV.MCU - VCU_Torque_Commands VCU_Torque_Commands : 3.0 & current time is  1839.0  message time is 1838.2 case 8
00:11:58.473 [main] INFO  AV.MCU - VCU_Torque_Commands VCU_Torque_Commands : 3.0 & current time is  1858.0  message time is 1857.2 case 7
00:11:58.505 [main] INFO  AV.MCU - VCU_Torque_Commands VCU_Torque_Commands : 3.0 & current time is  1859.0  message time is 1858.2 case 8
00:11:59.404 [main] INFO  AV.MCU - VCU_Torque_Commands VCU_Torque_Commands : 3.0 & current time is  1878.0  message time is 1877.2 case 7
00:11:59.457 [main] INFO  AV.MCU - VCU_Torque_Commands VCU_Torque_Commands : 3.0 & current time is  1879.0  message time is 1878.2 case 8
00:12:00.390 [main] INFO  AV.MCU - VCU_Torque_Commands VCU_Torque_Commands : 3.0 & current time is  1898.0  message time is 1897.2 case 7
00:12:00.447 [main] INFO  AV.MCU - VCU_Torque_Commands VCU_Torque_Commands : 3.0 & current time is  1899.0  message time is 1898.2 case 8
00:12:01.393 [main] INFO  AV.MCU - VCU_Torque_Commands VCU_Torque_Commands : 3.0 & current time is  1918.0  message time is 1917.2 case 7
00:12:01.443 [main] INFO  AV.MCU - VCU_Torque_Commands VCU_Torque_Commands : 3.0 & current time is  1919.0  message time is 1918.2 case 8
00:12:02.413 [main] INFO  AV.MCU - VCU_Torque_Commands VCU_Torque_Commands : 3.0 & current time is  1938.0  message time is 1937.2 case 7
00:12:02.458 [main] INFO  AV.MCU - VCU_Torque_Commands VCU_Torque_Commands : 3.0 & current time is  1939.0  message time is 1938.2 case 8
00:12:03.374 [main] INFO  AV.MCU - VCU_Torque_Commands VCU_Torque_Commands : 3.0 & current time is  1958.0  message time is 1957.2 case 7
00:12:03.445 [main] INFO  AV.MCU - VCU_Torque_Commands VCU_Torque_Commands : 3.0 & current time is  1959.0  message time is 1958.2 case 8
00:12:04.404 [main] INFO  AV.MCU - VCU_Torque_Commands VCU_Torque_Commands : 3.0 & current time is  1978.0  message time is 1977.2 case 7
00:12:04.451 [main] INFO  AV.MCU - VCU_Torque_Commands VCU_Torque_Commands : 3.0 & current time is  1979.0  message time is 1978.2 case 8
00:12:05.399 [main] INFO  AV.MCU - VCU_Torque_Commands VCU_Torque_Commands : 3.0 & current time is  1998.0  message time is 1997.2 case 7
00:12:05.454 [main] INFO  AV.MCU - VCU_Torque_Commands VCU_Torque_Commands : 3.0 & current time is  1999.0  message time is 1998.2 case 8
