
-------------------------------------------------------------------
GMS: address=vagrant-41446, cluster=AV, physical address=10.0.2.15:42723
-------------------------------------------------------------------
00:48:42.649 [main] INFO  AV.MCU - waiting on readyToPopulate...
00:48:52.636 [main] INFO  AV.MCU - ...synchronized on readyToPopulate
00:48:52.636 [main] INFO  AV.MCU - waiting on readyToRun...
00:48:52.895 [main] INFO  AV.MCU - ...synchronized on readyToRun
00:48:52.898 [main] INFO  AV.MCU - started logical time progression
00:48:55.445 [main] INFO  AV.MCU - VCU_Torque_Commands VCU_Torque_Commands : 0.0 & current time is  18.0  message time is 17.2 case 7
00:48:55.501 [main] INFO  AV.MCU - VCU_Torque_Commands VCU_Torque_Commands : 0.0 & current time is  19.0  message time is 18.2 case 8
00:48:56.843 [main] INFO  AV.MCU - VCU_Torque_Commands VCU_Torque_Commands : 0.0 & current time is  38.0  message time is 37.2 case 7
00:48:56.907 [main] INFO  AV.MCU - VCU_Torque_Commands VCU_Torque_Commands : 0.0 & current time is  39.0  message time is 38.2 case 8
00:48:58.178 [main] INFO  AV.MCU - VCU_Torque_Commands VCU_Torque_Commands : 0.0 & current time is  58.0  message time is 57.2 case 7
00:48:58.243 [main] INFO  AV.MCU - VCU_Torque_Commands VCU_Torque_Commands : 0.0 & current time is  59.0  message time is 58.2 case 8
00:48:59.533 [main] INFO  AV.MCU - VCU_Torque_Commands VCU_Torque_Commands : 0.0 & current time is  78.0  message time is 77.2 case 7
00:48:59.591 [main] INFO  AV.MCU - VCU_Torque_Commands VCU_Torque_Commands : 0.0 & current time is  79.0  message time is 78.2 case 8
00:49:00.934 [main] INFO  AV.MCU - VCU_Torque_Commands VCU_Torque_Commands : 0.0 & current time is  98.0  message time is 97.2 case 7
00:49:00.986 [main] INFO  AV.MCU - VCU_Torque_Commands VCU_Torque_Commands : 0.0 & current time is  99.0  message time is 98.2 case 8
00:49:02.262 [main] INFO  AV.MCU - VCU_Torque_Commands VCU_Torque_Commands : 0.0 & current time is  118.0  message time is 117.2 case 7
00:49:02.370 [main] INFO  AV.MCU - VCU_Torque_Commands VCU_Torque_Commands : 0.0 & current time is  119.0  message time is 118.2 case 8
00:49:03.618 [main] INFO  AV.MCU - VCU_Torque_Commands VCU_Torque_Commands : 0.0 & current time is  138.0  message time is 137.2 case 7
00:49:03.686 [main] INFO  AV.MCU - VCU_Torque_Commands VCU_Torque_Commands : 0.0 & current time is  139.0  message time is 138.2 case 8
00:49:05.071 [main] INFO  AV.MCU - VCU_Torque_Commands VCU_Torque_Commands : 0.0 & current time is  158.0  message time is 157.2 case 7
00:49:05.150 [main] INFO  AV.MCU - VCU_Torque_Commands VCU_Torque_Commands : 0.0 & current time is  159.0  message time is 158.2 case 8
00:49:07.071 [main] INFO  AV.MCU - VCU_Torque_Commands VCU_Torque_Commands : 0.0 & current time is  178.0  message time is 177.2 case 7
00:49:07.166 [main] INFO  AV.MCU - VCU_Torque_Commands VCU_Torque_Commands : 0.0 & current time is  179.0  message time is 178.2 case 8
00:49:08.350 [main] INFO  AV.MCU - VCU_Torque_Commands VCU_Torque_Commands : 0.0 & current time is  198.0  message time is 197.2 case 7
00:49:08.432 [main] INFO  AV.MCU - VCU_Torque_Commands VCU_Torque_Commands : 0.0 & current time is  199.0  message time is 198.2 case 8
00:49:09.938 [main] INFO  AV.MCU - VCU_Torque_Commands VCU_Torque_Commands : 0.0 & current time is  218.0  message time is 217.2 case 7
00:49:10.003 [main] INFO  AV.MCU - VCU_Torque_Commands VCU_Torque_Commands : 0.0 & current time is  219.0  message time is 218.2 case 8
00:49:11.028 [main] INFO  AV.MCU - VCU_Torque_Commands VCU_Torque_Commands : 0.0 & current time is  238.0  message time is 237.2 case 7
00:49:11.085 [main] INFO  AV.MCU - VCU_Torque_Commands VCU_Torque_Commands : 0.0 & current time is  239.0  message time is 238.2 case 8
00:49:12.127 [main] INFO  AV.MCU - VCU_Torque_Commands VCU_Torque_Commands : 0.0 & current time is  258.0  message time is 257.2 case 7
00:49:12.192 [main] INFO  AV.MCU - VCU_Torque_Commands VCU_Torque_Commands : 0.0 & current time is  259.0  message time is 258.2 case 8
00:49:13.339 [main] INFO  AV.MCU - VCU_Torque_Commands VCU_Torque_Commands : 0.0 & current time is  278.0  message time is 277.2 case 7
00:49:13.398 [main] INFO  AV.MCU - VCU_Torque_Commands VCU_Torque_Commands : 0.0 & current time is  279.0  message time is 278.2 case 8
00:49:14.440 [main] INFO  AV.MCU - VCU_Torque_Commands VCU_Torque_Commands : 0.0 & current time is  298.0  message time is 297.2 case 7
00:49:14.484 [main] INFO  AV.MCU - VCU_Torque_Commands VCU_Torque_Commands : 0.0 & current time is  299.0  message time is 298.2 case 8
00:49:15.487 [main] INFO  AV.MCU - VCU_Torque_Commands VCU_Torque_Commands : 0.0 & current time is  318.0  message time is 317.2 case 7
00:49:15.531 [main] INFO  AV.MCU - VCU_Torque_Commands VCU_Torque_Commands : 0.0 & current time is  319.0  message time is 318.2 case 8
00:49:16.514 [main] INFO  AV.MCU - VCU_Torque_Commands VCU_Torque_Commands : 0.0 & current time is  338.0  message time is 337.2 case 7
00:49:16.561 [main] INFO  AV.MCU - VCU_Torque_Commands VCU_Torque_Commands : 0.0 & current time is  339.0  message time is 338.2 case 8
00:49:17.593 [main] INFO  AV.MCU - VCU_Torque_Commands VCU_Torque_Commands : 0.0 & current time is  358.0  message time is 357.2 case 7
00:49:17.642 [main] INFO  AV.MCU - VCU_Torque_Commands VCU_Torque_Commands : 0.0 & current time is  359.0  message time is 358.2 case 8
00:49:18.593 [main] INFO  AV.MCU - VCU_Torque_Commands VCU_Torque_Commands : 0.0 & current time is  378.0  message time is 377.2 case 7
00:49:18.647 [main] INFO  AV.MCU - VCU_Torque_Commands VCU_Torque_Commands : 0.0 & current time is  379.0  message time is 378.2 case 8
00:49:19.766 [main] INFO  AV.MCU - VCU_Torque_Commands VCU_Torque_Commands : 0.0 & current time is  398.0  message time is 397.2 case 7
00:49:19.812 [main] INFO  AV.MCU - VCU_Torque_Commands VCU_Torque_Commands : 0.0 & current time is  399.0  message time is 398.2 case 8
00:49:20.828 [main] INFO  AV.MCU - VCU_Torque_Commands VCU_Torque_Commands : 0.0 & current time is  418.0  message time is 417.2 case 7
00:49:20.886 [main] INFO  AV.MCU - VCU_Torque_Commands VCU_Torque_Commands : 0.0 & current time is  419.0  message time is 418.2 case 8
00:49:21.845 [main] INFO  AV.MCU - VCU_Torque_Commands VCU_Torque_Commands : 0.0 & current time is  438.0  message time is 437.2 case 7
00:49:21.902 [main] INFO  AV.MCU - VCU_Torque_Commands VCU_Torque_Commands : 0.0 & current time is  439.0  message time is 438.2 case 8
00:49:22.859 [main] INFO  AV.MCU - VCU_Torque_Commands VCU_Torque_Commands : 0.0 & current time is  458.0  message time is 457.2 case 7
00:49:22.907 [main] INFO  AV.MCU - VCU_Torque_Commands VCU_Torque_Commands : 0.0 & current time is  459.0  message time is 458.2 case 8
00:49:23.860 [main] INFO  AV.MCU - VCU_Torque_Commands VCU_Torque_Commands : 0.0 & current time is  478.0  message time is 477.2 case 7
00:49:23.909 [main] INFO  AV.MCU - VCU_Torque_Commands VCU_Torque_Commands : 0.0 & current time is  479.0  message time is 478.2 case 8
00:49:24.907 [main] INFO  AV.MCU - VCU_Torque_Commands VCU_Torque_Commands : 0.0 & current time is  498.0  message time is 497.2 case 7
00:49:24.975 [main] INFO  AV.MCU - VCU_Torque_Commands VCU_Torque_Commands : 0.0 & current time is  499.0  message time is 498.2 case 8
00:49:25.938 [main] INFO  AV.MCU - VCU_Torque_Commands VCU_Torque_Commands : 0.0 & current time is  518.0  message time is 517.2 case 7
00:49:25.973 [main] INFO  AV.MCU - VCU_Torque_Commands VCU_Torque_Commands : 0.0 & current time is  519.0  message time is 518.2 case 8
00:49:27.019 [main] INFO  AV.MCU - VCU_Torque_Commands VCU_Torque_Commands : 0.0 & current time is  538.0  message time is 537.2 case 7
00:49:27.078 [main] INFO  AV.MCU - VCU_Torque_Commands VCU_Torque_Commands : 0.0 & current time is  539.0  message time is 538.2 case 8
00:49:27.983 [main] INFO  AV.MCU - VCU_Torque_Commands VCU_Torque_Commands : 0.0 & current time is  558.0  message time is 557.2 case 7
00:49:28.039 [main] INFO  AV.MCU - VCU_Torque_Commands VCU_Torque_Commands : 0.0 & current time is  559.0  message time is 558.2 case 8
00:49:28.995 [main] INFO  AV.MCU - VCU_Torque_Commands VCU_Torque_Commands : 0.0 & current time is  578.0  message time is 577.2 case 7
00:49:29.043 [main] INFO  AV.MCU - VCU_Torque_Commands VCU_Torque_Commands : 0.0 & current time is  579.0  message time is 578.2 case 8
00:49:29.982 [main] INFO  AV.MCU - VCU_Torque_Commands VCU_Torque_Commands : 0.0 & current time is  598.0  message time is 597.2 case 7
00:49:30.036 [main] INFO  AV.MCU - VCU_Torque_Commands VCU_Torque_Commands : 0.0 & current time is  599.0  message time is 598.2 case 8
00:49:30.988 [main] INFO  AV.MCU - VCU_Torque_Commands VCU_Torque_Commands : 0.0 & current time is  618.0  message time is 617.2 case 7
00:49:31.036 [main] INFO  AV.MCU - VCU_Torque_Commands VCU_Torque_Commands : 0.0 & current time is  619.0  message time is 618.2 case 8
00:49:31.968 [main] INFO  AV.MCU - VCU_Torque_Commands VCU_Torque_Commands : 0.0 & current time is  638.0  message time is 637.2 case 7
00:49:32.018 [main] INFO  AV.MCU - VCU_Torque_Commands VCU_Torque_Commands : 0.0 & current time is  639.0  message time is 638.2 case 8
00:49:32.973 [main] INFO  AV.MCU - VCU_Torque_Commands VCU_Torque_Commands : 0.0 & current time is  658.0  message time is 657.2 case 7
00:49:33.035 [main] INFO  AV.MCU - VCU_Torque_Commands VCU_Torque_Commands : 0.0 & current time is  659.0  message time is 658.2 case 8
00:49:33.976 [main] INFO  AV.MCU - VCU_Torque_Commands VCU_Torque_Commands : 0.0 & current time is  678.0  message time is 677.2 case 7
00:49:34.028 [main] INFO  AV.MCU - VCU_Torque_Commands VCU_Torque_Commands : 0.0 & current time is  679.0  message time is 678.2 case 8
00:49:35.002 [main] INFO  AV.MCU - VCU_Torque_Commands VCU_Torque_Commands : 0.0 & current time is  698.0  message time is 697.2 case 7
00:49:35.047 [main] INFO  AV.MCU - VCU_Torque_Commands VCU_Torque_Commands : 0.0 & current time is  699.0  message time is 698.2 case 8
00:49:36.173 [main] INFO  AV.MCU - VCU_Torque_Commands VCU_Torque_Commands : 0.0 & current time is  718.0  message time is 717.2 case 7
00:49:36.232 [main] INFO  AV.MCU - VCU_Torque_Commands VCU_Torque_Commands : 0.0 & current time is  719.0  message time is 718.2 case 8
00:49:37.178 [main] INFO  AV.MCU - VCU_Torque_Commands VCU_Torque_Commands : 0.0 & current time is  738.0  message time is 737.2 case 7
00:49:37.232 [main] INFO  AV.MCU - VCU_Torque_Commands VCU_Torque_Commands : 0.0 & current time is  739.0  message time is 738.2 case 8
00:49:38.162 [main] INFO  AV.MCU - VCU_Torque_Commands VCU_Torque_Commands : 0.0 & current time is  758.0  message time is 757.2 case 7
00:49:38.209 [main] INFO  AV.MCU - VCU_Torque_Commands VCU_Torque_Commands : 0.0 & current time is  759.0  message time is 758.2 case 8
00:49:39.158 [main] INFO  AV.MCU - VCU_Torque_Commands VCU_Torque_Commands : 0.0 & current time is  778.0  message time is 777.2 case 7
00:49:39.209 [main] INFO  AV.MCU - VCU_Torque_Commands VCU_Torque_Commands : 0.0 & current time is  779.0  message time is 778.2 case 8
00:49:40.158 [main] INFO  AV.MCU - VCU_Torque_Commands VCU_Torque_Commands : 0.0 & current time is  798.0  message time is 797.2 case 7
00:49:40.206 [main] INFO  AV.MCU - VCU_Torque_Commands VCU_Torque_Commands : 0.0 & current time is  799.0  message time is 798.2 case 8
00:49:41.189 [main] INFO  AV.MCU - VCU_Torque_Commands VCU_Torque_Commands : 0.0 & current time is  818.0  message time is 817.2 case 7
00:49:41.236 [main] INFO  AV.MCU - VCU_Torque_Commands VCU_Torque_Commands : 0.0 & current time is  819.0  message time is 818.2 case 8
00:49:42.227 [main] INFO  AV.MCU - VCU_Torque_Commands VCU_Torque_Commands : 0.0 & current time is  838.0  message time is 837.2 case 7
00:49:42.283 [main] INFO  AV.MCU - VCU_Torque_Commands VCU_Torque_Commands : 0.0 & current time is  839.0  message time is 838.2 case 8
00:49:43.226 [main] INFO  AV.MCU - VCU_Torque_Commands VCU_Torque_Commands : 0.0 & current time is  858.0  message time is 857.2 case 7
00:49:43.283 [main] INFO  AV.MCU - VCU_Torque_Commands VCU_Torque_Commands : 0.0 & current time is  859.0  message time is 858.2 case 8
00:49:44.260 [main] INFO  AV.MCU - VCU_Torque_Commands VCU_Torque_Commands : 0.0 & current time is  878.0  message time is 877.2 case 7
00:49:44.307 [main] INFO  AV.MCU - VCU_Torque_Commands VCU_Torque_Commands : 0.0 & current time is  879.0  message time is 878.2 case 8
00:49:45.232 [main] INFO  AV.MCU - VCU_Torque_Commands VCU_Torque_Commands : 0.0 & current time is  898.0  message time is 897.2 case 7
00:49:45.301 [main] INFO  AV.MCU - VCU_Torque_Commands VCU_Torque_Commands : 0.0 & current time is  899.0  message time is 898.2 case 8
00:49:46.272 [main] INFO  AV.MCU - VCU_Torque_Commands VCU_Torque_Commands : 0.0 & current time is  918.0  message time is 917.2 case 7
00:49:46.462 [main] INFO  AV.MCU - VCU_Torque_Commands VCU_Torque_Commands : 0.0 & current time is  919.0  message time is 918.2 case 8
00:49:47.412 [main] INFO  AV.MCU - VCU_Torque_Commands VCU_Torque_Commands : 0.0 & current time is  938.0  message time is 937.2 case 7
00:49:47.464 [main] INFO  AV.MCU - VCU_Torque_Commands VCU_Torque_Commands : 0.0 & current time is  939.0  message time is 938.2 case 8
00:49:48.406 [main] INFO  AV.MCU - VCU_Torque_Commands VCU_Torque_Commands : 0.0 & current time is  958.0  message time is 957.2 case 7
00:49:48.460 [main] INFO  AV.MCU - VCU_Torque_Commands VCU_Torque_Commands : 0.0 & current time is  959.0  message time is 958.2 case 8
00:49:49.433 [main] INFO  AV.MCU - VCU_Torque_Commands VCU_Torque_Commands : 0.0 & current time is  978.0  message time is 977.2 case 7
00:49:49.485 [main] INFO  AV.MCU - VCU_Torque_Commands VCU_Torque_Commands : 0.0 & current time is  979.0  message time is 978.2 case 8
00:49:50.443 [main] INFO  AV.MCU - VCU_Torque_Commands VCU_Torque_Commands : 0.0 & current time is  998.0  message time is 997.2 case 7
00:49:50.488 [main] INFO  AV.MCU - VCU_Torque_Commands VCU_Torque_Commands : 0.0 & current time is  999.0  message time is 998.2 case 8
00:49:51.452 [main] INFO  AV.MCU - VCU_Torque_Commands VCU_Torque_Commands : 0.0 & current time is  1018.0  message time is 1017.2 case 7
00:49:51.499 [main] INFO  AV.MCU - VCU_Torque_Commands VCU_Torque_Commands : 0.0 & current time is  1019.0  message time is 1018.2 case 8
00:49:52.459 [main] INFO  AV.MCU - VCU_Torque_Commands VCU_Torque_Commands : 0.0 & current time is  1038.0  message time is 1037.2 case 7
00:49:52.515 [main] INFO  AV.MCU - VCU_Torque_Commands VCU_Torque_Commands : 0.0 & current time is  1039.0  message time is 1038.2 case 8
00:49:53.477 [main] INFO  AV.MCU - VCU_Torque_Commands VCU_Torque_Commands : 0.0 & current time is  1058.0  message time is 1057.2 case 7
00:49:53.520 [main] INFO  AV.MCU - VCU_Torque_Commands VCU_Torque_Commands : 0.0 & current time is  1059.0  message time is 1058.2 case 8
00:49:54.376 [main] INFO  AV.MCU - VCU_Torque_Commands VCU_Torque_Commands : 0.0 & current time is  1078.0  message time is 1077.2 case 7
00:49:54.436 [main] INFO  AV.MCU - VCU_Torque_Commands VCU_Torque_Commands : 0.0 & current time is  1079.0  message time is 1078.2 case 8
00:49:55.381 [main] INFO  AV.MCU - VCU_Torque_Commands VCU_Torque_Commands : 0.0 & current time is  1098.0  message time is 1097.2 case 7
00:49:55.442 [main] INFO  AV.MCU - VCU_Torque_Commands VCU_Torque_Commands : 0.0 & current time is  1099.0  message time is 1098.2 case 8
00:49:56.374 [main] INFO  AV.MCU - VCU_Torque_Commands VCU_Torque_Commands : 0.0 & current time is  1118.0  message time is 1117.2 case 7
00:49:56.452 [main] INFO  AV.MCU - VCU_Torque_Commands VCU_Torque_Commands : 0.0 & current time is  1119.0  message time is 1118.2 case 8
00:49:57.421 [main] INFO  AV.MCU - VCU_Torque_Commands VCU_Torque_Commands : 0.0 & current time is  1138.0  message time is 1137.2 case 7
00:49:57.465 [main] INFO  AV.MCU - VCU_Torque_Commands VCU_Torque_Commands : 0.0 & current time is  1139.0  message time is 1138.2 case 8
00:49:58.413 [main] INFO  AV.MCU - VCU_Torque_Commands VCU_Torque_Commands : 0.0 & current time is  1158.0  message time is 1157.2 case 7
00:49:58.527 [main] INFO  AV.MCU - VCU_Torque_Commands VCU_Torque_Commands : 0.0 & current time is  1159.0  message time is 1158.2 case 8
00:49:59.346 [main] INFO  AV.MCU - VCU_Torque_Commands VCU_Torque_Commands : 0.0 & current time is  1178.0  message time is 1177.2 case 7
00:49:59.399 [main] INFO  AV.MCU - VCU_Torque_Commands VCU_Torque_Commands : 0.0 & current time is  1179.0  message time is 1178.2 case 8
00:50:00.339 [main] INFO  AV.MCU - VCU_Torque_Commands VCU_Torque_Commands : 0.0 & current time is  1198.0  message time is 1197.2 case 7
00:50:00.383 [main] INFO  AV.MCU - VCU_Torque_Commands VCU_Torque_Commands : 0.0 & current time is  1199.0  message time is 1198.2 case 8
00:50:01.283 [main] INFO  AV.MCU - VCU_Torque_Commands VCU_Torque_Commands : 0.0 & current time is  1218.0  message time is 1217.2 case 7
00:50:01.321 [main] INFO  AV.MCU - VCU_Torque_Commands VCU_Torque_Commands : 0.0 & current time is  1219.0  message time is 1218.2 case 8
00:50:02.167 [main] INFO  AV.MCU - VCU_Torque_Commands VCU_Torque_Commands : 0.0 & current time is  1238.0  message time is 1237.2 case 7
00:50:02.219 [main] INFO  AV.MCU - VCU_Torque_Commands VCU_Torque_Commands : 0.0 & current time is  1239.0  message time is 1238.2 case 8
00:50:03.136 [main] INFO  AV.MCU - VCU_Torque_Commands VCU_Torque_Commands : 0.0 & current time is  1258.0  message time is 1257.2 case 7
00:50:03.199 [main] INFO  AV.MCU - VCU_Torque_Commands VCU_Torque_Commands : 0.0 & current time is  1259.0  message time is 1258.2 case 8
00:50:04.137 [main] INFO  AV.MCU - VCU_Torque_Commands VCU_Torque_Commands : 0.0 & current time is  1278.0  message time is 1277.2 case 7
00:50:04.203 [main] INFO  AV.MCU - VCU_Torque_Commands VCU_Torque_Commands : 0.0 & current time is  1279.0  message time is 1278.2 case 8
00:50:05.114 [main] INFO  AV.MCU - VCU_Torque_Commands VCU_Torque_Commands : 0.0 & current time is  1298.0  message time is 1297.2 case 7
00:50:05.157 [main] INFO  AV.MCU - VCU_Torque_Commands VCU_Torque_Commands : 0.0 & current time is  1299.0  message time is 1298.2 case 8
00:50:06.130 [main] INFO  AV.MCU - VCU_Torque_Commands VCU_Torque_Commands : 0.0 & current time is  1318.0  message time is 1317.2 case 7
00:50:06.172 [main] INFO  AV.MCU - VCU_Torque_Commands VCU_Torque_Commands : 0.0 & current time is  1319.0  message time is 1318.2 case 8
00:50:07.173 [main] INFO  AV.MCU - VCU_Torque_Commands VCU_Torque_Commands : 0.0 & current time is  1338.0  message time is 1337.2 case 7
00:50:07.221 [main] INFO  AV.MCU - VCU_Torque_Commands VCU_Torque_Commands : 0.0 & current time is  1339.0  message time is 1338.2 case 8
00:50:08.200 [main] INFO  AV.MCU - VCU_Torque_Commands VCU_Torque_Commands : 0.0 & current time is  1358.0  message time is 1357.2 case 7
00:50:08.232 [main] INFO  AV.MCU - VCU_Torque_Commands VCU_Torque_Commands : 0.0 & current time is  1359.0  message time is 1358.2 case 8
00:50:09.069 [main] INFO  AV.MCU - VCU_Torque_Commands VCU_Torque_Commands : 0.0 & current time is  1378.0  message time is 1377.2 case 7
00:50:09.130 [main] INFO  AV.MCU - VCU_Torque_Commands VCU_Torque_Commands : 0.0 & current time is  1379.0  message time is 1378.2 case 8
00:50:10.078 [main] INFO  AV.MCU - VCU_Torque_Commands VCU_Torque_Commands : 0.0 & current time is  1398.0  message time is 1397.2 case 7
00:50:10.228 [main] INFO  AV.MCU - VCU_Torque_Commands VCU_Torque_Commands : 0.0 & current time is  1399.0  message time is 1398.2 case 8
00:50:11.313 [main] INFO  AV.MCU - VCU_Torque_Commands VCU_Torque_Commands : 0.0 & current time is  1418.0  message time is 1417.2 case 7
00:50:11.373 [main] INFO  AV.MCU - VCU_Torque_Commands VCU_Torque_Commands : 0.0 & current time is  1419.0  message time is 1418.2 case 8
00:50:12.319 [main] INFO  AV.MCU - VCU_Torque_Commands VCU_Torque_Commands : 0.0 & current time is  1438.0  message time is 1437.2 case 7
00:50:12.370 [main] INFO  AV.MCU - VCU_Torque_Commands VCU_Torque_Commands : 0.0 & current time is  1439.0  message time is 1438.2 case 8
00:50:13.405 [main] INFO  AV.MCU - VCU_Torque_Commands VCU_Torque_Commands : 0.0 & current time is  1458.0  message time is 1457.2 case 7
00:50:13.496 [main] INFO  AV.MCU - VCU_Torque_Commands VCU_Torque_Commands : 0.0 & current time is  1459.0  message time is 1458.2 case 8
00:50:14.560 [main] INFO  AV.MCU - VCU_Torque_Commands VCU_Torque_Commands : 0.0 & current time is  1478.0  message time is 1477.2 case 7
00:50:14.605 [main] INFO  AV.MCU - VCU_Torque_Commands VCU_Torque_Commands : 0.0 & current time is  1479.0  message time is 1478.2 case 8
00:50:15.570 [main] INFO  AV.MCU - VCU_Torque_Commands VCU_Torque_Commands : 0.0 & current time is  1498.0  message time is 1497.2 case 7
00:50:15.627 [main] INFO  AV.MCU - VCU_Torque_Commands VCU_Torque_Commands : 0.0 & current time is  1499.0  message time is 1498.2 case 8
00:50:16.607 [main] INFO  AV.MCU - VCU_Torque_Commands VCU_Torque_Commands : 3.0 & current time is  1518.0  message time is 1517.2 case 7
00:50:16.660 [main] INFO  AV.MCU - VCU_Torque_Commands VCU_Torque_Commands : 3.0 & current time is  1519.0  message time is 1518.2 case 8
00:50:17.688 [main] INFO  AV.MCU - VCU_Torque_Commands VCU_Torque_Commands : 3.0 & current time is  1538.0  message time is 1537.2 case 7
00:50:17.752 [main] INFO  AV.MCU - VCU_Torque_Commands VCU_Torque_Commands : 3.0 & current time is  1539.0  message time is 1538.2 case 8
00:50:18.694 [main] INFO  AV.MCU - VCU_Torque_Commands VCU_Torque_Commands : 3.0 & current time is  1558.0  message time is 1557.2 case 7
00:50:18.744 [main] INFO  AV.MCU - VCU_Torque_Commands VCU_Torque_Commands : 3.0 & current time is  1559.0  message time is 1558.2 case 8
00:50:19.716 [main] INFO  AV.MCU - VCU_Torque_Commands VCU_Torque_Commands : 3.0 & current time is  1578.0  message time is 1577.2 case 7
00:50:19.762 [main] INFO  AV.MCU - VCU_Torque_Commands VCU_Torque_Commands : 3.0 & current time is  1579.0  message time is 1578.2 case 8
00:50:20.713 [main] INFO  AV.MCU - VCU_Torque_Commands VCU_Torque_Commands : 3.0 & current time is  1598.0  message time is 1597.2 case 7
00:50:20.760 [main] INFO  AV.MCU - VCU_Torque_Commands VCU_Torque_Commands : 3.0 & current time is  1599.0  message time is 1598.2 case 8
00:50:21.724 [main] INFO  AV.MCU - VCU_Torque_Commands VCU_Torque_Commands : 3.0 & current time is  1618.0  message time is 1617.2 case 7
00:50:21.770 [main] INFO  AV.MCU - VCU_Torque_Commands VCU_Torque_Commands : 3.0 & current time is  1619.0  message time is 1618.2 case 8
00:50:22.747 [main] INFO  AV.MCU - VCU_Torque_Commands VCU_Torque_Commands : 3.0 & current time is  1638.0  message time is 1637.2 case 7
00:50:22.793 [main] INFO  AV.MCU - VCU_Torque_Commands VCU_Torque_Commands : 3.0 & current time is  1639.0  message time is 1638.2 case 8
00:50:23.719 [main] INFO  AV.MCU - VCU_Torque_Commands VCU_Torque_Commands : 3.0 & current time is  1658.0  message time is 1657.2 case 7
00:50:23.768 [main] INFO  AV.MCU - VCU_Torque_Commands VCU_Torque_Commands : 3.0 & current time is  1659.0  message time is 1658.2 case 8
00:50:24.768 [main] INFO  AV.MCU - VCU_Torque_Commands VCU_Torque_Commands : 3.0 & current time is  1678.0  message time is 1677.2 case 7
00:50:24.835 [main] INFO  AV.MCU - VCU_Torque_Commands VCU_Torque_Commands : 3.0 & current time is  1679.0  message time is 1678.2 case 8
00:50:25.937 [main] INFO  AV.MCU - VCU_Torque_Commands VCU_Torque_Commands : 3.0 & current time is  1698.0  message time is 1697.2 case 7
00:50:25.981 [main] INFO  AV.MCU - VCU_Torque_Commands VCU_Torque_Commands : 3.0 & current time is  1699.0  message time is 1698.2 case 8
00:50:26.993 [main] INFO  AV.MCU - VCU_Torque_Commands VCU_Torque_Commands : 3.0 & current time is  1718.0  message time is 1717.2 case 7
00:50:27.045 [main] INFO  AV.MCU - VCU_Torque_Commands VCU_Torque_Commands : 3.0 & current time is  1719.0  message time is 1718.2 case 8
00:50:28.012 [main] INFO  AV.MCU - VCU_Torque_Commands VCU_Torque_Commands : 3.0 & current time is  1738.0  message time is 1737.2 case 7
00:50:28.048 [main] INFO  AV.MCU - VCU_Torque_Commands VCU_Torque_Commands : 3.0 & current time is  1739.0  message time is 1738.2 case 8
00:50:28.969 [main] INFO  AV.MCU - VCU_Torque_Commands VCU_Torque_Commands : 3.0 & current time is  1758.0  message time is 1757.2 case 7
00:50:29.013 [main] INFO  AV.MCU - VCU_Torque_Commands VCU_Torque_Commands : 3.0 & current time is  1759.0  message time is 1758.2 case 8
00:50:29.994 [main] INFO  AV.MCU - VCU_Torque_Commands VCU_Torque_Commands : 3.0 & current time is  1778.0  message time is 1777.2 case 7
00:50:30.043 [main] INFO  AV.MCU - VCU_Torque_Commands VCU_Torque_Commands : 3.0 & current time is  1779.0  message time is 1778.2 case 8
00:50:31.034 [main] INFO  AV.MCU - VCU_Torque_Commands VCU_Torque_Commands : 3.0 & current time is  1798.0  message time is 1797.2 case 7
00:50:31.073 [main] INFO  AV.MCU - VCU_Torque_Commands VCU_Torque_Commands : 3.0 & current time is  1799.0  message time is 1798.2 case 8
00:50:31.940 [main] INFO  AV.MCU - VCU_Torque_Commands VCU_Torque_Commands : 3.0 & current time is  1818.0  message time is 1817.2 case 7
00:50:31.988 [main] INFO  AV.MCU - VCU_Torque_Commands VCU_Torque_Commands : 3.0 & current time is  1819.0  message time is 1818.2 case 8
00:50:32.955 [main] INFO  AV.MCU - VCU_Torque_Commands VCU_Torque_Commands : 3.0 & current time is  1838.0  message time is 1837.2 case 7
00:50:33.005 [main] INFO  AV.MCU - VCU_Torque_Commands VCU_Torque_Commands : 3.0 & current time is  1839.0  message time is 1838.2 case 8
00:50:33.969 [main] INFO  AV.MCU - VCU_Torque_Commands VCU_Torque_Commands : 3.0 & current time is  1858.0  message time is 1857.2 case 7
00:50:34.014 [main] INFO  AV.MCU - VCU_Torque_Commands VCU_Torque_Commands : 3.0 & current time is  1859.0  message time is 1858.2 case 8
00:50:34.995 [main] INFO  AV.MCU - VCU_Torque_Commands VCU_Torque_Commands : 3.0 & current time is  1878.0  message time is 1877.2 case 7
00:50:35.048 [main] INFO  AV.MCU - VCU_Torque_Commands VCU_Torque_Commands : 3.0 & current time is  1879.0  message time is 1878.2 case 8
00:50:36.008 [main] INFO  AV.MCU - VCU_Torque_Commands VCU_Torque_Commands : 3.0 & current time is  1898.0  message time is 1897.2 case 7
00:50:36.048 [main] INFO  AV.MCU - VCU_Torque_Commands VCU_Torque_Commands : 3.0 & current time is  1899.0  message time is 1898.2 case 8
00:50:37.042 [main] INFO  AV.MCU - VCU_Torque_Commands VCU_Torque_Commands : 3.0 & current time is  1918.0  message time is 1917.2 case 7
00:50:37.088 [main] INFO  AV.MCU - VCU_Torque_Commands VCU_Torque_Commands : 3.0 & current time is  1919.0  message time is 1918.2 case 8
00:50:38.052 [main] INFO  AV.MCU - VCU_Torque_Commands VCU_Torque_Commands : 3.0 & current time is  1938.0  message time is 1937.2 case 7
00:50:38.120 [main] INFO  AV.MCU - VCU_Torque_Commands VCU_Torque_Commands : 3.0 & current time is  1939.0  message time is 1938.2 case 8
00:50:39.005 [main] INFO  AV.MCU - VCU_Torque_Commands VCU_Torque_Commands : 3.0 & current time is  1958.0  message time is 1957.2 case 7
00:50:39.080 [main] INFO  AV.MCU - VCU_Torque_Commands VCU_Torque_Commands : 3.0 & current time is  1959.0  message time is 1958.2 case 8
00:50:40.292 [main] INFO  AV.MCU - VCU_Torque_Commands VCU_Torque_Commands : 3.0 & current time is  1978.0  message time is 1977.2 case 7
00:50:40.350 [main] INFO  AV.MCU - VCU_Torque_Commands VCU_Torque_Commands : 3.0 & current time is  1979.0  message time is 1978.2 case 8
00:50:41.375 [main] INFO  AV.MCU - VCU_Torque_Commands VCU_Torque_Commands : 3.0 & current time is  1998.0  message time is 1997.2 case 7
00:50:41.421 [main] INFO  AV.MCU - VCU_Torque_Commands VCU_Torque_Commands : 3.0 & current time is  1999.0  message time is 1998.2 case 8
00:50:42.378 [main] INFO  AV.MCU - VCU_Torque_Commands VCU_Torque_Commands : 6.0 & current time is  2018.0  message time is 2017.2 case 7
00:50:42.426 [main] INFO  AV.MCU - VCU_Torque_Commands VCU_Torque_Commands : 6.0 & current time is  2019.0  message time is 2018.2 case 8
00:50:43.393 [main] INFO  AV.MCU - VCU_Torque_Commands VCU_Torque_Commands : 6.0 & current time is  2038.0  message time is 2037.2 case 7
00:50:43.450 [main] INFO  AV.MCU - VCU_Torque_Commands VCU_Torque_Commands : 6.0 & current time is  2039.0  message time is 2038.2 case 8
00:50:44.343 [main] INFO  AV.MCU - VCU_Torque_Commands VCU_Torque_Commands : 6.0 & current time is  2058.0  message time is 2057.2 case 7
00:50:44.396 [main] INFO  AV.MCU - VCU_Torque_Commands VCU_Torque_Commands : 6.0 & current time is  2059.0  message time is 2058.2 case 8
00:50:45.422 [main] INFO  AV.MCU - VCU_Torque_Commands VCU_Torque_Commands : 6.0 & current time is  2078.0  message time is 2077.2 case 7
00:50:45.469 [main] INFO  AV.MCU - VCU_Torque_Commands VCU_Torque_Commands : 6.0 & current time is  2079.0  message time is 2078.2 case 8
00:50:46.456 [main] INFO  AV.MCU - VCU_Torque_Commands VCU_Torque_Commands : 6.0 & current time is  2098.0  message time is 2097.2 case 7
00:50:46.510 [main] INFO  AV.MCU - VCU_Torque_Commands VCU_Torque_Commands : 6.0 & current time is  2099.0  message time is 2098.2 case 8
00:50:47.487 [main] INFO  AV.MCU - VCU_Torque_Commands VCU_Torque_Commands : 6.0 & current time is  2118.0  message time is 2117.2 case 7
00:50:47.535 [main] INFO  AV.MCU - VCU_Torque_Commands VCU_Torque_Commands : 6.0 & current time is  2119.0  message time is 2118.2 case 8
00:50:48.571 [main] INFO  AV.MCU - VCU_Torque_Commands VCU_Torque_Commands : 6.0 & current time is  2138.0  message time is 2137.2 case 7
00:50:48.614 [main] INFO  AV.MCU - VCU_Torque_Commands VCU_Torque_Commands : 6.0 & current time is  2139.0  message time is 2138.2 case 8
00:50:49.575 [main] INFO  AV.MCU - VCU_Torque_Commands VCU_Torque_Commands : 6.0 & current time is  2158.0  message time is 2157.2 case 7
00:50:49.669 [main] INFO  AV.MCU - VCU_Torque_Commands VCU_Torque_Commands : 6.0 & current time is  2159.0  message time is 2158.2 case 8
00:50:50.646 [main] INFO  AV.MCU - VCU_Torque_Commands VCU_Torque_Commands : 6.0 & current time is  2178.0  message time is 2177.2 case 7
00:50:50.689 [main] INFO  AV.MCU - VCU_Torque_Commands VCU_Torque_Commands : 6.0 & current time is  2179.0  message time is 2178.2 case 8
00:50:51.647 [main] INFO  AV.MCU - VCU_Torque_Commands VCU_Torque_Commands : 6.0 & current time is  2198.0  message time is 2197.2 case 7
00:50:51.712 [main] INFO  AV.MCU - VCU_Torque_Commands VCU_Torque_Commands : 6.0 & current time is  2199.0  message time is 2198.2 case 8
00:50:52.665 [main] INFO  AV.MCU - VCU_Torque_Commands VCU_Torque_Commands : 6.0 & current time is  2218.0  message time is 2217.2 case 7
00:50:52.718 [main] INFO  AV.MCU - VCU_Torque_Commands VCU_Torque_Commands : 6.0 & current time is  2219.0  message time is 2218.2 case 8
00:50:53.452 [main] INFO  AV.MCU - VCU_Torque_Commands VCU_Torque_Commands : 6.0 & current time is  2238.0  message time is 2237.2 case 7
00:50:53.491 [main] INFO  AV.MCU - VCU_Torque_Commands VCU_Torque_Commands : 6.0 & current time is  2239.0  message time is 2238.2 case 8
00:50:54.387 [main] INFO  AV.MCU - VCU_Torque_Commands VCU_Torque_Commands : 6.0 & current time is  2258.0  message time is 2257.2 case 7
00:50:54.440 [main] INFO  AV.MCU - VCU_Torque_Commands VCU_Torque_Commands : 6.0 & current time is  2259.0  message time is 2258.2 case 8
00:50:55.422 [main] INFO  AV.MCU - VCU_Torque_Commands VCU_Torque_Commands : 6.0 & current time is  2278.0  message time is 2277.2 case 7
00:50:55.470 [main] INFO  AV.MCU - VCU_Torque_Commands VCU_Torque_Commands : 6.0 & current time is  2279.0  message time is 2278.2 case 8
00:50:56.598 [main] INFO  AV.MCU - VCU_Torque_Commands VCU_Torque_Commands : 6.0 & current time is  2298.0  message time is 2297.2 case 7
00:50:56.646 [main] INFO  AV.MCU - VCU_Torque_Commands VCU_Torque_Commands : 6.0 & current time is  2299.0  message time is 2298.2 case 8
00:50:57.594 [main] INFO  AV.MCU - VCU_Torque_Commands VCU_Torque_Commands : 6.0 & current time is  2318.0  message time is 2317.2 case 7
00:50:57.668 [main] INFO  AV.MCU - VCU_Torque_Commands VCU_Torque_Commands : 6.0 & current time is  2319.0  message time is 2318.2 case 8
00:50:58.682 [main] INFO  AV.MCU - VCU_Torque_Commands VCU_Torque_Commands : 6.0 & current time is  2338.0  message time is 2337.2 case 7
00:50:58.735 [main] INFO  AV.MCU - VCU_Torque_Commands VCU_Torque_Commands : 6.0 & current time is  2339.0  message time is 2338.2 case 8
00:50:59.788 [main] INFO  AV.MCU - VCU_Torque_Commands VCU_Torque_Commands : 6.0 & current time is  2358.0  message time is 2357.2 case 7
00:50:59.844 [main] INFO  AV.MCU - VCU_Torque_Commands VCU_Torque_Commands : 6.0 & current time is  2359.0  message time is 2358.2 case 8
00:51:00.766 [main] INFO  AV.MCU - VCU_Torque_Commands VCU_Torque_Commands : 6.0 & current time is  2378.0  message time is 2377.2 case 7
00:51:00.812 [main] INFO  AV.MCU - VCU_Torque_Commands VCU_Torque_Commands : 6.0 & current time is  2379.0  message time is 2378.2 case 8
00:51:01.813 [main] INFO  AV.MCU - VCU_Torque_Commands VCU_Torque_Commands : 6.0 & current time is  2398.0  message time is 2397.2 case 7
00:51:01.860 [main] INFO  AV.MCU - VCU_Torque_Commands VCU_Torque_Commands : 6.0 & current time is  2399.0  message time is 2398.2 case 8
00:51:02.844 [main] INFO  AV.MCU - VCU_Torque_Commands VCU_Torque_Commands : 6.0 & current time is  2418.0  message time is 2417.2 case 7
00:51:02.896 [main] INFO  AV.MCU - VCU_Torque_Commands VCU_Torque_Commands : 6.0 & current time is  2419.0  message time is 2418.2 case 8
00:51:03.813 [main] INFO  AV.MCU - VCU_Torque_Commands VCU_Torque_Commands : 6.0 & current time is  2438.0  message time is 2437.2 case 7
00:51:03.864 [main] INFO  AV.MCU - VCU_Torque_Commands VCU_Torque_Commands : 6.0 & current time is  2439.0  message time is 2438.2 case 8
00:51:04.838 [main] INFO  AV.MCU - VCU_Torque_Commands VCU_Torque_Commands : 6.0 & current time is  2458.0  message time is 2457.2 case 7
00:51:04.883 [main] INFO  AV.MCU - VCU_Torque_Commands VCU_Torque_Commands : 6.0 & current time is  2459.0  message time is 2458.2 case 8
00:51:05.860 [main] INFO  AV.MCU - VCU_Torque_Commands VCU_Torque_Commands : 6.0 & current time is  2478.0  message time is 2477.2 case 7
00:51:05.916 [main] INFO  AV.MCU - VCU_Torque_Commands VCU_Torque_Commands : 6.0 & current time is  2479.0  message time is 2478.2 case 8
00:51:06.923 [main] INFO  AV.MCU - VCU_Torque_Commands VCU_Torque_Commands : 6.0 & current time is  2498.0  message time is 2497.2 case 7
00:51:06.984 [main] INFO  AV.MCU - VCU_Torque_Commands VCU_Torque_Commands : 6.0 & current time is  2499.0  message time is 2498.2 case 8
00:51:07.972 [main] INFO  AV.MCU - VCU_Torque_Commands VCU_Torque_Commands : 9.0 & current time is  2518.0  message time is 2517.2 case 7
00:51:08.005 [main] INFO  AV.MCU - VCU_Torque_Commands VCU_Torque_Commands : 9.0 & current time is  2519.0  message time is 2518.2 case 8
00:51:08.981 [main] INFO  AV.MCU - VCU_Torque_Commands VCU_Torque_Commands : 9.0 & current time is  2538.0  message time is 2537.2 case 7
00:51:09.026 [main] INFO  AV.MCU - VCU_Torque_Commands VCU_Torque_Commands : 9.0 & current time is  2539.0  message time is 2538.2 case 8
00:51:09.974 [main] INFO  AV.MCU - VCU_Torque_Commands VCU_Torque_Commands : 9.0 & current time is  2558.0  message time is 2557.2 case 7
00:51:10.033 [main] INFO  AV.MCU - VCU_Torque_Commands VCU_Torque_Commands : 9.0 & current time is  2559.0  message time is 2558.2 case 8
00:51:10.959 [main] INFO  AV.MCU - VCU_Torque_Commands VCU_Torque_Commands : 9.0 & current time is  2578.0  message time is 2577.2 case 7
00:51:11.018 [main] INFO  AV.MCU - VCU_Torque_Commands VCU_Torque_Commands : 9.0 & current time is  2579.0  message time is 2578.2 case 8
00:51:11.940 [main] INFO  AV.MCU - VCU_Torque_Commands VCU_Torque_Commands : 9.0 & current time is  2598.0  message time is 2597.2 case 7
00:51:12.002 [main] INFO  AV.MCU - VCU_Torque_Commands VCU_Torque_Commands : 9.0 & current time is  2599.0  message time is 2598.2 case 8
00:51:13.046 [main] INFO  AV.MCU - VCU_Torque_Commands VCU_Torque_Commands : 9.0 & current time is  2618.0  message time is 2617.2 case 7
00:51:13.096 [main] INFO  AV.MCU - VCU_Torque_Commands VCU_Torque_Commands : 9.0 & current time is  2619.0  message time is 2618.2 case 8
00:51:14.048 [main] INFO  AV.MCU - VCU_Torque_Commands VCU_Torque_Commands : 9.0 & current time is  2638.0  message time is 2637.2 case 7
00:51:14.097 [main] INFO  AV.MCU - VCU_Torque_Commands VCU_Torque_Commands : 9.0 & current time is  2639.0  message time is 2638.2 case 8
00:51:15.044 [main] INFO  AV.MCU - VCU_Torque_Commands VCU_Torque_Commands : 9.0 & current time is  2658.0  message time is 2657.2 case 7
00:51:15.108 [main] INFO  AV.MCU - VCU_Torque_Commands VCU_Torque_Commands : 9.0 & current time is  2659.0  message time is 2658.2 case 8
00:51:16.056 [main] INFO  AV.MCU - VCU_Torque_Commands VCU_Torque_Commands : 9.0 & current time is  2678.0  message time is 2677.2 case 7
00:51:16.104 [main] INFO  AV.MCU - VCU_Torque_Commands VCU_Torque_Commands : 9.0 & current time is  2679.0  message time is 2678.2 case 8
00:51:17.082 [main] INFO  AV.MCU - VCU_Torque_Commands VCU_Torque_Commands : 9.0 & current time is  2698.0  message time is 2697.2 case 7
00:51:17.133 [main] INFO  AV.MCU - VCU_Torque_Commands VCU_Torque_Commands : 9.0 & current time is  2699.0  message time is 2698.2 case 8
00:51:18.094 [main] INFO  AV.MCU - VCU_Torque_Commands VCU_Torque_Commands : 9.0 & current time is  2718.0  message time is 2717.2 case 7
00:51:18.148 [main] INFO  AV.MCU - VCU_Torque_Commands VCU_Torque_Commands : 9.0 & current time is  2719.0  message time is 2718.2 case 8
00:51:19.082 [main] INFO  AV.MCU - VCU_Torque_Commands VCU_Torque_Commands : 9.0 & current time is  2738.0  message time is 2737.2 case 7
00:51:19.130 [main] INFO  AV.MCU - VCU_Torque_Commands VCU_Torque_Commands : 9.0 & current time is  2739.0  message time is 2738.2 case 8
00:51:20.071 [main] INFO  AV.MCU - VCU_Torque_Commands VCU_Torque_Commands : 9.0 & current time is  2758.0  message time is 2757.2 case 7
00:51:20.120 [main] INFO  AV.MCU - VCU_Torque_Commands VCU_Torque_Commands : 9.0 & current time is  2759.0  message time is 2758.2 case 8
00:51:21.107 [main] INFO  AV.MCU - VCU_Torque_Commands VCU_Torque_Commands : 9.0 & current time is  2778.0  message time is 2777.2 case 7
00:51:21.150 [main] INFO  AV.MCU - VCU_Torque_Commands VCU_Torque_Commands : 9.0 & current time is  2779.0  message time is 2778.2 case 8
00:51:22.112 [main] INFO  AV.MCU - VCU_Torque_Commands VCU_Torque_Commands : 9.0 & current time is  2798.0  message time is 2797.2 case 7
00:51:22.160 [main] INFO  AV.MCU - VCU_Torque_Commands VCU_Torque_Commands : 9.0 & current time is  2799.0  message time is 2798.2 case 8
00:51:23.106 [main] INFO  AV.MCU - VCU_Torque_Commands VCU_Torque_Commands : 9.0 & current time is  2818.0  message time is 2817.2 case 7
00:51:23.149 [main] INFO  AV.MCU - VCU_Torque_Commands VCU_Torque_Commands : 9.0 & current time is  2819.0  message time is 2818.2 case 8
00:51:24.120 [main] INFO  AV.MCU - VCU_Torque_Commands VCU_Torque_Commands : 9.0 & current time is  2838.0  message time is 2837.2 case 7
00:51:24.165 [main] INFO  AV.MCU - VCU_Torque_Commands VCU_Torque_Commands : 9.0 & current time is  2839.0  message time is 2838.2 case 8
00:51:25.173 [main] INFO  AV.MCU - VCU_Torque_Commands VCU_Torque_Commands : 9.0 & current time is  2858.0  message time is 2857.2 case 7
00:51:25.223 [main] INFO  AV.MCU - VCU_Torque_Commands VCU_Torque_Commands : 9.0 & current time is  2859.0  message time is 2858.2 case 8
00:51:26.083 [main] INFO  AV.MCU - VCU_Torque_Commands VCU_Torque_Commands : 9.0 & current time is  2878.0  message time is 2877.2 case 7
00:51:26.133 [main] INFO  AV.MCU - VCU_Torque_Commands VCU_Torque_Commands : 9.0 & current time is  2879.0  message time is 2878.2 case 8
00:51:27.103 [main] INFO  AV.MCU - VCU_Torque_Commands VCU_Torque_Commands : 9.0 & current time is  2898.0  message time is 2897.2 case 7
00:51:27.159 [main] INFO  AV.MCU - VCU_Torque_Commands VCU_Torque_Commands : 9.0 & current time is  2899.0  message time is 2898.2 case 8
00:51:28.096 [main] INFO  AV.MCU - VCU_Torque_Commands VCU_Torque_Commands : 9.0 & current time is  2918.0  message time is 2917.2 case 7
00:51:28.149 [main] INFO  AV.MCU - VCU_Torque_Commands VCU_Torque_Commands : 9.0 & current time is  2919.0  message time is 2918.2 case 8
00:51:29.088 [main] INFO  AV.MCU - VCU_Torque_Commands VCU_Torque_Commands : 9.0 & current time is  2938.0  message time is 2937.2 case 7
00:51:29.143 [main] INFO  AV.MCU - VCU_Torque_Commands VCU_Torque_Commands : 9.0 & current time is  2939.0  message time is 2938.2 case 8
00:51:30.079 [main] INFO  AV.MCU - VCU_Torque_Commands VCU_Torque_Commands : 9.0 & current time is  2958.0  message time is 2957.2 case 7
00:51:30.125 [main] INFO  AV.MCU - VCU_Torque_Commands VCU_Torque_Commands : 9.0 & current time is  2959.0  message time is 2958.2 case 8
00:51:31.100 [main] INFO  AV.MCU - VCU_Torque_Commands VCU_Torque_Commands : 9.0 & current time is  2978.0  message time is 2977.2 case 7
00:51:31.164 [main] INFO  AV.MCU - VCU_Torque_Commands VCU_Torque_Commands : 9.0 & current time is  2979.0  message time is 2978.2 case 8
00:51:32.271 [main] INFO  AV.MCU - VCU_Torque_Commands VCU_Torque_Commands : 9.0 & current time is  2998.0  message time is 2997.2 case 7
00:51:32.313 [main] INFO  AV.MCU - VCU_Torque_Commands VCU_Torque_Commands : 9.0 & current time is  2999.0  message time is 2998.2 case 8
00:51:33.272 [main] INFO  AV.MCU - VCU_Torque_Commands VCU_Torque_Commands : 13.0 & current time is  3018.0  message time is 3017.2 case 7
00:51:33.315 [main] INFO  AV.MCU - VCU_Torque_Commands VCU_Torque_Commands : 13.0 & current time is  3019.0  message time is 3018.2 case 8
00:51:34.268 [main] INFO  AV.MCU - VCU_Torque_Commands VCU_Torque_Commands : 13.0 & current time is  3038.0  message time is 3037.2 case 7
00:51:34.328 [main] INFO  AV.MCU - VCU_Torque_Commands VCU_Torque_Commands : 13.0 & current time is  3039.0  message time is 3038.2 case 8
00:51:35.290 [main] INFO  AV.MCU - VCU_Torque_Commands VCU_Torque_Commands : 13.0 & current time is  3058.0  message time is 3057.2 case 7
00:51:35.349 [main] INFO  AV.MCU - VCU_Torque_Commands VCU_Torque_Commands : 13.0 & current time is  3059.0  message time is 3058.2 case 8
00:51:36.339 [main] INFO  AV.MCU - VCU_Torque_Commands VCU_Torque_Commands : 13.0 & current time is  3078.0  message time is 3077.2 case 7
00:51:36.399 [main] INFO  AV.MCU - VCU_Torque_Commands VCU_Torque_Commands : 13.0 & current time is  3079.0  message time is 3078.2 case 8
00:51:37.351 [main] INFO  AV.MCU - VCU_Torque_Commands VCU_Torque_Commands : 13.0 & current time is  3098.0  message time is 3097.2 case 7
00:51:37.405 [main] INFO  AV.MCU - VCU_Torque_Commands VCU_Torque_Commands : 13.0 & current time is  3099.0  message time is 3098.2 case 8
00:51:38.296 [main] INFO  AV.MCU - VCU_Torque_Commands VCU_Torque_Commands : 13.0 & current time is  3118.0  message time is 3117.2 case 7
00:51:38.355 [main] INFO  AV.MCU - VCU_Torque_Commands VCU_Torque_Commands : 13.0 & current time is  3119.0  message time is 3118.2 case 8
00:51:39.302 [main] INFO  AV.MCU - VCU_Torque_Commands VCU_Torque_Commands : 13.0 & current time is  3138.0  message time is 3137.2 case 7
00:51:39.356 [main] INFO  AV.MCU - VCU_Torque_Commands VCU_Torque_Commands : 13.0 & current time is  3139.0  message time is 3138.2 case 8
00:51:40.295 [main] INFO  AV.MCU - VCU_Torque_Commands VCU_Torque_Commands : 13.0 & current time is  3158.0  message time is 3157.2 case 7
00:51:40.337 [main] INFO  AV.MCU - VCU_Torque_Commands VCU_Torque_Commands : 13.0 & current time is  3159.0  message time is 3158.2 case 8
00:51:41.273 [main] INFO  AV.MCU - VCU_Torque_Commands VCU_Torque_Commands : 13.0 & current time is  3178.0  message time is 3177.2 case 7
00:51:41.323 [main] INFO  AV.MCU - VCU_Torque_Commands VCU_Torque_Commands : 13.0 & current time is  3179.0  message time is 3178.2 case 8
00:51:42.217 [main] INFO  AV.MCU - VCU_Torque_Commands VCU_Torque_Commands : 13.0 & current time is  3198.0  message time is 3197.2 case 7
00:51:42.265 [main] INFO  AV.MCU - VCU_Torque_Commands VCU_Torque_Commands : 13.0 & current time is  3199.0  message time is 3198.2 case 8
00:51:43.190 [main] INFO  AV.MCU - VCU_Torque_Commands VCU_Torque_Commands : 13.0 & current time is  3218.0  message time is 3217.2 case 7
00:51:43.255 [main] INFO  AV.MCU - VCU_Torque_Commands VCU_Torque_Commands : 13.0 & current time is  3219.0  message time is 3218.2 case 8
00:51:44.176 [main] INFO  AV.MCU - VCU_Torque_Commands VCU_Torque_Commands : 13.0 & current time is  3238.0  message time is 3237.2 case 7
00:51:44.223 [main] INFO  AV.MCU - VCU_Torque_Commands VCU_Torque_Commands : 13.0 & current time is  3239.0  message time is 3238.2 case 8
00:51:45.151 [main] INFO  AV.MCU - VCU_Torque_Commands VCU_Torque_Commands : 13.0 & current time is  3258.0  message time is 3257.2 case 7
00:51:45.209 [main] INFO  AV.MCU - VCU_Torque_Commands VCU_Torque_Commands : 13.0 & current time is  3259.0  message time is 3258.2 case 8
00:51:46.186 [main] INFO  AV.MCU - VCU_Torque_Commands VCU_Torque_Commands : 13.0 & current time is  3278.0  message time is 3277.2 case 7
00:51:46.232 [main] INFO  AV.MCU - VCU_Torque_Commands VCU_Torque_Commands : 13.0 & current time is  3279.0  message time is 3278.2 case 8
00:51:47.188 [main] INFO  AV.MCU - VCU_Torque_Commands VCU_Torque_Commands : 13.0 & current time is  3298.0  message time is 3297.2 case 7
00:51:47.238 [main] INFO  AV.MCU - VCU_Torque_Commands VCU_Torque_Commands : 13.0 & current time is  3299.0  message time is 3298.2 case 8
00:51:48.213 [main] INFO  AV.MCU - VCU_Torque_Commands VCU_Torque_Commands : 13.0 & current time is  3318.0  message time is 3317.2 case 7
00:51:48.263 [main] INFO  AV.MCU - VCU_Torque_Commands VCU_Torque_Commands : 13.0 & current time is  3319.0  message time is 3318.2 case 8
00:51:49.234 [main] INFO  AV.MCU - VCU_Torque_Commands VCU_Torque_Commands : 13.0 & current time is  3338.0  message time is 3337.2 case 7
00:51:49.406 [main] INFO  AV.MCU - VCU_Torque_Commands VCU_Torque_Commands : 13.0 & current time is  3339.0  message time is 3338.2 case 8
00:51:50.324 [main] INFO  AV.MCU - VCU_Torque_Commands VCU_Torque_Commands : 13.0 & current time is  3358.0  message time is 3357.2 case 7
00:51:50.368 [main] INFO  AV.MCU - VCU_Torque_Commands VCU_Torque_Commands : 13.0 & current time is  3359.0  message time is 3358.2 case 8
00:51:51.249 [main] INFO  AV.MCU - VCU_Torque_Commands VCU_Torque_Commands : 13.0 & current time is  3378.0  message time is 3377.2 case 7
00:51:51.308 [main] INFO  AV.MCU - VCU_Torque_Commands VCU_Torque_Commands : 13.0 & current time is  3379.0  message time is 3378.2 case 8
00:51:52.251 [main] INFO  AV.MCU - VCU_Torque_Commands VCU_Torque_Commands : 13.0 & current time is  3398.0  message time is 3397.2 case 7
00:51:52.297 [main] INFO  AV.MCU - VCU_Torque_Commands VCU_Torque_Commands : 13.0 & current time is  3399.0  message time is 3398.2 case 8
00:51:53.272 [main] INFO  AV.MCU - VCU_Torque_Commands VCU_Torque_Commands : 13.0 & current time is  3418.0  message time is 3417.2 case 7
00:51:53.325 [main] INFO  AV.MCU - VCU_Torque_Commands VCU_Torque_Commands : 13.0 & current time is  3419.0  message time is 3418.2 case 8
00:51:54.285 [main] INFO  AV.MCU - VCU_Torque_Commands VCU_Torque_Commands : 13.0 & current time is  3438.0  message time is 3437.2 case 7
00:51:54.348 [main] INFO  AV.MCU - VCU_Torque_Commands VCU_Torque_Commands : 13.0 & current time is  3439.0  message time is 3438.2 case 8
00:51:55.290 [main] INFO  AV.MCU - VCU_Torque_Commands VCU_Torque_Commands : 13.0 & current time is  3458.0  message time is 3457.2 case 7
00:51:55.361 [main] INFO  AV.MCU - VCU_Torque_Commands VCU_Torque_Commands : 13.0 & current time is  3459.0  message time is 3458.2 case 8
00:51:56.390 [main] INFO  AV.MCU - VCU_Torque_Commands VCU_Torque_Commands : 13.0 & current time is  3478.0  message time is 3477.2 case 7
00:51:56.440 [main] INFO  AV.MCU - VCU_Torque_Commands VCU_Torque_Commands : 13.0 & current time is  3479.0  message time is 3478.2 case 8
00:51:57.415 [main] INFO  AV.MCU - VCU_Torque_Commands VCU_Torque_Commands : 13.0 & current time is  3498.0  message time is 3497.2 case 7
00:51:57.466 [main] INFO  AV.MCU - VCU_Torque_Commands VCU_Torque_Commands : 13.0 & current time is  3499.0  message time is 3498.2 case 8
00:51:58.413 [main] INFO  AV.MCU - VCU_Torque_Commands VCU_Torque_Commands : 13.0 & current time is  3518.0  message time is 3517.2 case 7
00:51:58.466 [main] INFO  AV.MCU - VCU_Torque_Commands VCU_Torque_Commands : 13.0 & current time is  3519.0  message time is 3518.2 case 8
00:51:59.424 [main] INFO  AV.MCU - VCU_Torque_Commands VCU_Torque_Commands : 13.0 & current time is  3538.0  message time is 3537.2 case 7
00:51:59.472 [main] INFO  AV.MCU - VCU_Torque_Commands VCU_Torque_Commands : 13.0 & current time is  3539.0  message time is 3538.2 case 8
00:52:00.418 [main] INFO  AV.MCU - VCU_Torque_Commands VCU_Torque_Commands : 13.0 & current time is  3558.0  message time is 3557.2 case 7
00:52:00.467 [main] INFO  AV.MCU - VCU_Torque_Commands VCU_Torque_Commands : 13.0 & current time is  3559.0  message time is 3558.2 case 8
00:52:01.476 [main] INFO  AV.MCU - VCU_Torque_Commands VCU_Torque_Commands : 13.0 & current time is  3578.0  message time is 3577.2 case 7
00:52:01.519 [main] INFO  AV.MCU - VCU_Torque_Commands VCU_Torque_Commands : 13.0 & current time is  3579.0  message time is 3578.2 case 8
00:52:02.467 [main] INFO  AV.MCU - VCU_Torque_Commands VCU_Torque_Commands : 13.0 & current time is  3598.0  message time is 3597.2 case 7
00:52:02.518 [main] INFO  AV.MCU - VCU_Torque_Commands VCU_Torque_Commands : 13.0 & current time is  3599.0  message time is 3598.2 case 8
00:52:03.451 [main] INFO  AV.MCU - VCU_Torque_Commands VCU_Torque_Commands : 13.0 & current time is  3618.0  message time is 3617.2 case 7
00:52:03.506 [main] INFO  AV.MCU - VCU_Torque_Commands VCU_Torque_Commands : 13.0 & current time is  3619.0  message time is 3618.2 case 8
00:52:04.497 [main] INFO  AV.MCU - VCU_Torque_Commands VCU_Torque_Commands : 13.0 & current time is  3638.0  message time is 3637.2 case 7
00:52:04.549 [main] INFO  AV.MCU - VCU_Torque_Commands VCU_Torque_Commands : 13.0 & current time is  3639.0  message time is 3638.2 case 8
00:52:05.539 [main] INFO  AV.MCU - VCU_Torque_Commands VCU_Torque_Commands : 13.0 & current time is  3658.0  message time is 3657.2 case 7
00:52:05.586 [main] INFO  AV.MCU - VCU_Torque_Commands VCU_Torque_Commands : 13.0 & current time is  3659.0  message time is 3658.2 case 8
00:52:06.582 [main] INFO  AV.MCU - VCU_Torque_Commands VCU_Torque_Commands : 13.0 & current time is  3678.0  message time is 3677.2 case 7
00:52:06.634 [main] INFO  AV.MCU - VCU_Torque_Commands VCU_Torque_Commands : 13.0 & current time is  3679.0  message time is 3678.2 case 8
00:52:07.619 [main] INFO  AV.MCU - VCU_Torque_Commands VCU_Torque_Commands : 13.0 & current time is  3698.0  message time is 3697.2 case 7
00:52:07.672 [main] INFO  AV.MCU - VCU_Torque_Commands VCU_Torque_Commands : 13.0 & current time is  3699.0  message time is 3698.2 case 8
00:52:08.733 [main] INFO  AV.MCU - VCU_Torque_Commands VCU_Torque_Commands : 13.0 & current time is  3718.0  message time is 3717.2 case 7
00:52:08.791 [main] INFO  AV.MCU - VCU_Torque_Commands VCU_Torque_Commands : 13.0 & current time is  3719.0  message time is 3718.2 case 8
00:52:09.741 [main] INFO  AV.MCU - VCU_Torque_Commands VCU_Torque_Commands : 13.0 & current time is  3738.0  message time is 3737.2 case 7
00:52:09.795 [main] INFO  AV.MCU - VCU_Torque_Commands VCU_Torque_Commands : 13.0 & current time is  3739.0  message time is 3738.2 case 8
00:52:10.965 [main] INFO  AV.MCU - VCU_Torque_Commands VCU_Torque_Commands : 13.0 & current time is  3758.0  message time is 3757.2 case 7
00:52:11.027 [main] INFO  AV.MCU - VCU_Torque_Commands VCU_Torque_Commands : 13.0 & current time is  3759.0  message time is 3758.2 case 8
00:52:11.965 [main] INFO  AV.MCU - VCU_Torque_Commands VCU_Torque_Commands : 13.0 & current time is  3778.0  message time is 3777.2 case 7
00:52:12.029 [main] INFO  AV.MCU - VCU_Torque_Commands VCU_Torque_Commands : 13.0 & current time is  3779.0  message time is 3778.2 case 8
00:52:12.988 [main] INFO  AV.MCU - VCU_Torque_Commands VCU_Torque_Commands : 13.0 & current time is  3798.0  message time is 3797.2 case 7
00:52:13.041 [main] INFO  AV.MCU - VCU_Torque_Commands VCU_Torque_Commands : 13.0 & current time is  3799.0  message time is 3798.2 case 8
00:52:13.993 [main] INFO  AV.MCU - VCU_Torque_Commands VCU_Torque_Commands : 13.0 & current time is  3818.0  message time is 3817.2 case 7
00:52:14.037 [main] INFO  AV.MCU - VCU_Torque_Commands VCU_Torque_Commands : 13.0 & current time is  3819.0  message time is 3818.2 case 8
00:52:15.040 [main] INFO  AV.MCU - VCU_Torque_Commands VCU_Torque_Commands : 13.0 & current time is  3838.0  message time is 3837.2 case 7
00:52:15.078 [main] INFO  AV.MCU - VCU_Torque_Commands VCU_Torque_Commands : 13.0 & current time is  3839.0  message time is 3838.2 case 8
00:52:16.040 [main] INFO  AV.MCU - VCU_Torque_Commands VCU_Torque_Commands : 13.0 & current time is  3858.0  message time is 3857.2 case 7
00:52:16.112 [main] INFO  AV.MCU - VCU_Torque_Commands VCU_Torque_Commands : 13.0 & current time is  3859.0  message time is 3858.2 case 8
00:52:17.041 [main] INFO  AV.MCU - VCU_Torque_Commands VCU_Torque_Commands : 13.0 & current time is  3878.0  message time is 3877.2 case 7
00:52:17.085 [main] INFO  AV.MCU - VCU_Torque_Commands VCU_Torque_Commands : 13.0 & current time is  3879.0  message time is 3878.2 case 8
00:52:18.034 [main] INFO  AV.MCU - VCU_Torque_Commands VCU_Torque_Commands : 13.0 & current time is  3898.0  message time is 3897.2 case 7
00:52:18.089 [main] INFO  AV.MCU - VCU_Torque_Commands VCU_Torque_Commands : 13.0 & current time is  3899.0  message time is 3898.2 case 8
00:52:19.035 [main] INFO  AV.MCU - VCU_Torque_Commands VCU_Torque_Commands : 13.0 & current time is  3918.0  message time is 3917.2 case 7
00:52:19.086 [main] INFO  AV.MCU - VCU_Torque_Commands VCU_Torque_Commands : 13.0 & current time is  3919.0  message time is 3918.2 case 8
00:52:20.020 [main] INFO  AV.MCU - VCU_Torque_Commands VCU_Torque_Commands : 13.0 & current time is  3938.0  message time is 3937.2 case 7
00:52:20.053 [main] INFO  AV.MCU - VCU_Torque_Commands VCU_Torque_Commands : 13.0 & current time is  3939.0  message time is 3938.2 case 8
00:52:21.007 [main] INFO  AV.MCU - VCU_Torque_Commands VCU_Torque_Commands : 13.0 & current time is  3958.0  message time is 3957.2 case 7
00:52:21.047 [main] INFO  AV.MCU - VCU_Torque_Commands VCU_Torque_Commands : 13.0 & current time is  3959.0  message time is 3958.2 case 8
00:52:21.995 [main] INFO  AV.MCU - VCU_Torque_Commands VCU_Torque_Commands : 13.0 & current time is  3978.0  message time is 3977.2 case 7
00:52:22.040 [main] INFO  AV.MCU - VCU_Torque_Commands VCU_Torque_Commands : 13.0 & current time is  3979.0  message time is 3978.2 case 8
00:52:22.946 [main] INFO  AV.MCU - VCU_Torque_Commands VCU_Torque_Commands : 13.0 & current time is  3998.0  message time is 3997.2 case 7
00:52:23.019 [main] INFO  AV.MCU - VCU_Torque_Commands VCU_Torque_Commands : 13.0 & current time is  3999.0  message time is 3998.2 case 8
00:52:23.951 [main] INFO  AV.MCU - VCU_Torque_Commands VCU_Torque_Commands : 17.0 & current time is  4018.0  message time is 4017.2 case 7
00:52:24.008 [main] INFO  AV.MCU - VCU_Torque_Commands VCU_Torque_Commands : 17.0 & current time is  4019.0  message time is 4018.2 case 8
00:52:24.971 [main] INFO  AV.MCU - VCU_Torque_Commands VCU_Torque_Commands : 17.0 & current time is  4038.0  message time is 4037.2 case 7
00:52:25.021 [main] INFO  AV.MCU - VCU_Torque_Commands VCU_Torque_Commands : 17.0 & current time is  4039.0  message time is 4038.2 case 8
00:52:25.977 [main] INFO  AV.MCU - VCU_Torque_Commands VCU_Torque_Commands : 17.0 & current time is  4058.0  message time is 4057.2 case 7
00:52:26.024 [main] INFO  AV.MCU - VCU_Torque_Commands VCU_Torque_Commands : 17.0 & current time is  4059.0  message time is 4058.2 case 8
00:52:26.986 [main] INFO  AV.MCU - VCU_Torque_Commands VCU_Torque_Commands : 17.0 & current time is  4078.0  message time is 4077.2 case 7
00:52:27.030 [main] INFO  AV.MCU - VCU_Torque_Commands VCU_Torque_Commands : 17.0 & current time is  4079.0  message time is 4078.2 case 8
00:52:28.008 [main] INFO  AV.MCU - VCU_Torque_Commands VCU_Torque_Commands : 17.0 & current time is  4098.0  message time is 4097.2 case 7
00:52:28.055 [main] INFO  AV.MCU - VCU_Torque_Commands VCU_Torque_Commands : 17.0 & current time is  4099.0  message time is 4098.2 case 8
00:52:29.001 [main] INFO  AV.MCU - VCU_Torque_Commands VCU_Torque_Commands : 17.0 & current time is  4118.0  message time is 4117.2 case 7
00:52:29.059 [main] INFO  AV.MCU - VCU_Torque_Commands VCU_Torque_Commands : 17.0 & current time is  4119.0  message time is 4118.2 case 8
00:52:30.029 [main] INFO  AV.MCU - VCU_Torque_Commands VCU_Torque_Commands : 17.0 & current time is  4138.0  message time is 4137.2 case 7
00:52:30.092 [main] INFO  AV.MCU - VCU_Torque_Commands VCU_Torque_Commands : 17.0 & current time is  4139.0  message time is 4138.2 case 8
00:52:31.242 [main] INFO  AV.MCU - VCU_Torque_Commands VCU_Torque_Commands : 17.0 & current time is  4158.0  message time is 4157.2 case 7
00:52:31.295 [main] INFO  AV.MCU - VCU_Torque_Commands VCU_Torque_Commands : 17.0 & current time is  4159.0  message time is 4158.2 case 8
00:52:32.249 [main] INFO  AV.MCU - VCU_Torque_Commands VCU_Torque_Commands : 17.0 & current time is  4178.0  message time is 4177.2 case 7
00:52:32.294 [main] INFO  AV.MCU - VCU_Torque_Commands VCU_Torque_Commands : 17.0 & current time is  4179.0  message time is 4178.2 case 8
00:52:33.189 [main] INFO  AV.MCU - VCU_Torque_Commands VCU_Torque_Commands : 17.0 & current time is  4198.0  message time is 4197.2 case 7
00:52:33.246 [main] INFO  AV.MCU - VCU_Torque_Commands VCU_Torque_Commands : 17.0 & current time is  4199.0  message time is 4198.2 case 8
00:52:34.174 [main] INFO  AV.MCU - VCU_Torque_Commands VCU_Torque_Commands : 17.0 & current time is  4218.0  message time is 4217.2 case 7
00:52:34.234 [main] INFO  AV.MCU - VCU_Torque_Commands VCU_Torque_Commands : 17.0 & current time is  4219.0  message time is 4218.2 case 8
00:52:35.181 [main] INFO  AV.MCU - VCU_Torque_Commands VCU_Torque_Commands : 17.0 & current time is  4238.0  message time is 4237.2 case 7
00:52:35.229 [main] INFO  AV.MCU - VCU_Torque_Commands VCU_Torque_Commands : 17.0 & current time is  4239.0  message time is 4238.2 case 8
00:52:36.188 [main] INFO  AV.MCU - VCU_Torque_Commands VCU_Torque_Commands : 17.0 & current time is  4258.0  message time is 4257.2 case 7
00:52:36.243 [main] INFO  AV.MCU - VCU_Torque_Commands VCU_Torque_Commands : 17.0 & current time is  4259.0  message time is 4258.2 case 8
00:52:37.205 [main] INFO  AV.MCU - VCU_Torque_Commands VCU_Torque_Commands : 17.0 & current time is  4278.0  message time is 4277.2 case 7
00:52:37.235 [main] INFO  AV.MCU - VCU_Torque_Commands VCU_Torque_Commands : 17.0 & current time is  4279.0  message time is 4278.2 case 8
00:52:38.215 [main] INFO  AV.MCU - VCU_Torque_Commands VCU_Torque_Commands : 17.0 & current time is  4298.0  message time is 4297.2 case 7
00:52:38.264 [main] INFO  AV.MCU - VCU_Torque_Commands VCU_Torque_Commands : 17.0 & current time is  4299.0  message time is 4298.2 case 8
00:52:39.258 [main] INFO  AV.MCU - VCU_Torque_Commands VCU_Torque_Commands : 17.0 & current time is  4318.0  message time is 4317.2 case 7
00:52:39.316 [main] INFO  AV.MCU - VCU_Torque_Commands VCU_Torque_Commands : 17.0 & current time is  4319.0  message time is 4318.2 case 8
00:52:40.252 [main] INFO  AV.MCU - VCU_Torque_Commands VCU_Torque_Commands : 17.0 & current time is  4338.0  message time is 4337.2 case 7
00:52:40.299 [main] INFO  AV.MCU - VCU_Torque_Commands VCU_Torque_Commands : 17.0 & current time is  4339.0  message time is 4338.2 case 8
00:52:41.236 [main] INFO  AV.MCU - VCU_Torque_Commands VCU_Torque_Commands : 17.0 & current time is  4358.0  message time is 4357.2 case 7
00:52:41.272 [main] INFO  AV.MCU - VCU_Torque_Commands VCU_Torque_Commands : 17.0 & current time is  4359.0  message time is 4358.2 case 8
00:52:42.219 [main] INFO  AV.MCU - VCU_Torque_Commands VCU_Torque_Commands : 17.0 & current time is  4378.0  message time is 4377.2 case 7
00:52:42.267 [main] INFO  AV.MCU - VCU_Torque_Commands VCU_Torque_Commands : 17.0 & current time is  4379.0  message time is 4378.2 case 8
00:52:43.215 [main] INFO  AV.MCU - VCU_Torque_Commands VCU_Torque_Commands : 17.0 & current time is  4398.0  message time is 4397.2 case 7
00:52:43.261 [main] INFO  AV.MCU - VCU_Torque_Commands VCU_Torque_Commands : 17.0 & current time is  4399.0  message time is 4398.2 case 8
00:52:44.198 [main] INFO  AV.MCU - VCU_Torque_Commands VCU_Torque_Commands : 17.0 & current time is  4418.0  message time is 4417.2 case 7
00:52:44.245 [main] INFO  AV.MCU - VCU_Torque_Commands VCU_Torque_Commands : 17.0 & current time is  4419.0  message time is 4418.2 case 8
00:52:45.221 [main] INFO  AV.MCU - VCU_Torque_Commands VCU_Torque_Commands : 17.0 & current time is  4438.0  message time is 4437.2 case 7
00:52:45.277 [main] INFO  AV.MCU - VCU_Torque_Commands VCU_Torque_Commands : 17.0 & current time is  4439.0  message time is 4438.2 case 8
00:52:46.224 [main] INFO  AV.MCU - VCU_Torque_Commands VCU_Torque_Commands : 17.0 & current time is  4458.0  message time is 4457.2 case 7
00:52:46.293 [main] INFO  AV.MCU - VCU_Torque_Commands VCU_Torque_Commands : 17.0 & current time is  4459.0  message time is 4458.2 case 8
00:52:47.229 [main] INFO  AV.MCU - VCU_Torque_Commands VCU_Torque_Commands : 17.0 & current time is  4478.0  message time is 4477.2 case 7
00:52:47.276 [main] INFO  AV.MCU - VCU_Torque_Commands VCU_Torque_Commands : 17.0 & current time is  4479.0  message time is 4478.2 case 8
00:52:48.217 [main] INFO  AV.MCU - VCU_Torque_Commands VCU_Torque_Commands : 17.0 & current time is  4498.0  message time is 4497.2 case 7
00:52:48.260 [main] INFO  AV.MCU - VCU_Torque_Commands VCU_Torque_Commands : 17.0 & current time is  4499.0  message time is 4498.2 case 8
00:52:49.253 [main] INFO  AV.MCU - VCU_Torque_Commands VCU_Torque_Commands : 17.0 & current time is  4518.0  message time is 4517.2 case 7
00:52:49.295 [main] INFO  AV.MCU - VCU_Torque_Commands VCU_Torque_Commands : 17.0 & current time is  4519.0  message time is 4518.2 case 8
00:52:50.228 [main] INFO  AV.MCU - VCU_Torque_Commands VCU_Torque_Commands : 17.0 & current time is  4538.0  message time is 4537.2 case 7
00:52:50.270 [main] INFO  AV.MCU - VCU_Torque_Commands VCU_Torque_Commands : 17.0 & current time is  4539.0  message time is 4538.2 case 8
00:52:51.149 [main] INFO  AV.MCU - VCU_Torque_Commands VCU_Torque_Commands : 17.0 & current time is  4558.0  message time is 4557.2 case 7
00:52:51.192 [main] INFO  AV.MCU - VCU_Torque_Commands VCU_Torque_Commands : 17.0 & current time is  4559.0  message time is 4558.2 case 8
00:52:52.281 [main] INFO  AV.MCU - VCU_Torque_Commands VCU_Torque_Commands : 17.0 & current time is  4578.0  message time is 4577.2 case 7
00:52:52.341 [main] INFO  AV.MCU - VCU_Torque_Commands VCU_Torque_Commands : 17.0 & current time is  4579.0  message time is 4578.2 case 8
00:52:53.259 [main] INFO  AV.MCU - VCU_Torque_Commands VCU_Torque_Commands : 17.0 & current time is  4598.0  message time is 4597.2 case 7
00:52:53.302 [main] INFO  AV.MCU - VCU_Torque_Commands VCU_Torque_Commands : 17.0 & current time is  4599.0  message time is 4598.2 case 8
00:52:54.219 [main] INFO  AV.MCU - VCU_Torque_Commands VCU_Torque_Commands : 17.0 & current time is  4618.0  message time is 4617.2 case 7
00:52:54.272 [main] INFO  AV.MCU - VCU_Torque_Commands VCU_Torque_Commands : 17.0 & current time is  4619.0  message time is 4618.2 case 8
00:52:55.186 [main] INFO  AV.MCU - VCU_Torque_Commands VCU_Torque_Commands : 17.0 & current time is  4638.0  message time is 4637.2 case 7
00:52:55.217 [main] INFO  AV.MCU - VCU_Torque_Commands VCU_Torque_Commands : 17.0 & current time is  4639.0  message time is 4638.2 case 8
00:52:56.181 [main] INFO  AV.MCU - VCU_Torque_Commands VCU_Torque_Commands : 17.0 & current time is  4658.0  message time is 4657.2 case 7
00:52:56.237 [main] INFO  AV.MCU - VCU_Torque_Commands VCU_Torque_Commands : 17.0 & current time is  4659.0  message time is 4658.2 case 8
00:52:57.175 [main] INFO  AV.MCU - VCU_Torque_Commands VCU_Torque_Commands : 17.0 & current time is  4678.0  message time is 4677.2 case 7
00:52:57.226 [main] INFO  AV.MCU - VCU_Torque_Commands VCU_Torque_Commands : 17.0 & current time is  4679.0  message time is 4678.2 case 8
00:52:58.180 [main] INFO  AV.MCU - VCU_Torque_Commands VCU_Torque_Commands : 17.0 & current time is  4698.0  message time is 4697.2 case 7
00:52:58.222 [main] INFO  AV.MCU - VCU_Torque_Commands VCU_Torque_Commands : 17.0 & current time is  4699.0  message time is 4698.2 case 8
