
-------------------------------------------------------------------
GMS: address=vagrant-38640, cluster=AV, physical address=10.0.2.15:55154
-------------------------------------------------------------------
00:41:07.831 [main] INFO  AV.MCU - waiting on readyToPopulate...
00:41:17.868 [main] INFO  AV.MCU - ...synchronized on readyToPopulate
00:41:17.868 [main] INFO  AV.MCU - waiting on readyToRun...
00:41:18.126 [main] INFO  AV.MCU - ...synchronized on readyToRun
00:41:18.130 [main] INFO  AV.MCU - started logical time progression
00:41:20.237 [main] INFO  AV.MCU - VCU_Torque_Commands VCU_Torque_Commands : 0.0 & current time is  18.0  message time is 17.2 case 7
00:41:20.332 [main] INFO  AV.MCU - VCU_Torque_Commands VCU_Torque_Commands : 0.0 & current time is  19.0  message time is 18.2 case 8
00:41:21.685 [main] INFO  AV.MCU - VCU_Torque_Commands VCU_Torque_Commands : 0.0 & current time is  38.0  message time is 37.2 case 7
00:41:21.739 [main] INFO  AV.MCU - VCU_Torque_Commands VCU_Torque_Commands : 0.0 & current time is  39.0  message time is 38.2 case 8
00:41:22.934 [main] INFO  AV.MCU - VCU_Torque_Commands VCU_Torque_Commands : 0.0 & current time is  58.0  message time is 57.2 case 7
00:41:22.992 [main] INFO  AV.MCU - VCU_Torque_Commands VCU_Torque_Commands : 0.0 & current time is  59.0  message time is 58.2 case 8
00:41:24.250 [main] INFO  AV.MCU - VCU_Torque_Commands VCU_Torque_Commands : 0.0 & current time is  78.0  message time is 77.2 case 7
00:41:24.308 [main] INFO  AV.MCU - VCU_Torque_Commands VCU_Torque_Commands : 0.0 & current time is  79.0  message time is 78.2 case 8
00:41:25.496 [main] INFO  AV.MCU - VCU_Torque_Commands VCU_Torque_Commands : 0.0 & current time is  98.0  message time is 97.2 case 7
00:41:25.549 [main] INFO  AV.MCU - VCU_Torque_Commands VCU_Torque_Commands : 0.0 & current time is  99.0  message time is 98.2 case 8
00:41:26.655 [main] INFO  AV.MCU - VCU_Torque_Commands VCU_Torque_Commands : 0.0 & current time is  118.0  message time is 117.2 case 7
00:41:26.700 [main] INFO  AV.MCU - VCU_Torque_Commands VCU_Torque_Commands : 0.0 & current time is  119.0  message time is 118.2 case 8
00:41:27.701 [main] INFO  AV.MCU - VCU_Torque_Commands VCU_Torque_Commands : 0.0 & current time is  138.0  message time is 137.2 case 7
00:41:27.749 [main] INFO  AV.MCU - VCU_Torque_Commands VCU_Torque_Commands : 0.0 & current time is  139.0  message time is 138.2 case 8
00:41:28.897 [main] INFO  AV.MCU - VCU_Torque_Commands VCU_Torque_Commands : 0.0 & current time is  158.0  message time is 157.2 case 7
00:41:28.949 [main] INFO  AV.MCU - VCU_Torque_Commands VCU_Torque_Commands : 0.0 & current time is  159.0  message time is 158.2 case 8
00:41:30.360 [main] INFO  AV.MCU - VCU_Torque_Commands VCU_Torque_Commands : 0.0 & current time is  178.0  message time is 177.2 case 7
00:41:30.415 [main] INFO  AV.MCU - VCU_Torque_Commands VCU_Torque_Commands : 0.0 & current time is  179.0  message time is 178.2 case 8
00:41:31.468 [main] INFO  AV.MCU - VCU_Torque_Commands VCU_Torque_Commands : 0.0 & current time is  198.0  message time is 197.2 case 7
00:41:31.518 [main] INFO  AV.MCU - VCU_Torque_Commands VCU_Torque_Commands : 0.0 & current time is  199.0  message time is 198.2 case 8
00:41:32.525 [main] INFO  AV.MCU - VCU_Torque_Commands VCU_Torque_Commands : 0.0 & current time is  218.0  message time is 217.2 case 7
00:41:32.572 [main] INFO  AV.MCU - VCU_Torque_Commands VCU_Torque_Commands : 0.0 & current time is  219.0  message time is 218.2 case 8
00:41:33.580 [main] INFO  AV.MCU - VCU_Torque_Commands VCU_Torque_Commands : 0.0 & current time is  238.0  message time is 237.2 case 7
00:41:33.634 [main] INFO  AV.MCU - VCU_Torque_Commands VCU_Torque_Commands : 0.0 & current time is  239.0  message time is 238.2 case 8
00:41:34.680 [main] INFO  AV.MCU - VCU_Torque_Commands VCU_Torque_Commands : 0.0 & current time is  258.0  message time is 257.2 case 7
00:41:34.728 [main] INFO  AV.MCU - VCU_Torque_Commands VCU_Torque_Commands : 0.0 & current time is  259.0  message time is 258.2 case 8
00:41:35.814 [main] INFO  AV.MCU - VCU_Torque_Commands VCU_Torque_Commands : 0.0 & current time is  278.0  message time is 277.2 case 7
00:41:35.860 [main] INFO  AV.MCU - VCU_Torque_Commands VCU_Torque_Commands : 0.0 & current time is  279.0  message time is 278.2 case 8
00:41:36.853 [main] INFO  AV.MCU - VCU_Torque_Commands VCU_Torque_Commands : 0.0 & current time is  298.0  message time is 297.2 case 7
00:41:36.947 [main] INFO  AV.MCU - VCU_Torque_Commands VCU_Torque_Commands : 0.0 & current time is  299.0  message time is 298.2 case 8
00:41:37.962 [main] INFO  AV.MCU - VCU_Torque_Commands VCU_Torque_Commands : 0.0 & current time is  318.0  message time is 317.2 case 7
00:41:38.028 [main] INFO  AV.MCU - VCU_Torque_Commands VCU_Torque_Commands : 0.0 & current time is  319.0  message time is 318.2 case 8
00:41:39.008 [main] INFO  AV.MCU - VCU_Torque_Commands VCU_Torque_Commands : 0.0 & current time is  338.0  message time is 337.2 case 7
00:41:39.053 [main] INFO  AV.MCU - VCU_Torque_Commands VCU_Torque_Commands : 0.0 & current time is  339.0  message time is 338.2 case 8
00:41:40.135 [main] INFO  AV.MCU - VCU_Torque_Commands VCU_Torque_Commands : 0.0 & current time is  358.0  message time is 357.2 case 7
00:41:40.182 [main] INFO  AV.MCU - VCU_Torque_Commands VCU_Torque_Commands : 0.0 & current time is  359.0  message time is 358.2 case 8
00:41:41.136 [main] INFO  AV.MCU - VCU_Torque_Commands VCU_Torque_Commands : 0.0 & current time is  378.0  message time is 377.2 case 7
00:41:41.191 [main] INFO  AV.MCU - VCU_Torque_Commands VCU_Torque_Commands : 0.0 & current time is  379.0  message time is 378.2 case 8
00:41:42.159 [main] INFO  AV.MCU - VCU_Torque_Commands VCU_Torque_Commands : 0.0 & current time is  398.0  message time is 397.2 case 7
00:41:42.210 [main] INFO  AV.MCU - VCU_Torque_Commands VCU_Torque_Commands : 0.0 & current time is  399.0  message time is 398.2 case 8
00:41:43.372 [main] INFO  AV.MCU - VCU_Torque_Commands VCU_Torque_Commands : 0.0 & current time is  418.0  message time is 417.2 case 7
00:41:43.424 [main] INFO  AV.MCU - VCU_Torque_Commands VCU_Torque_Commands : 0.0 & current time is  419.0  message time is 418.2 case 8
00:41:44.352 [main] INFO  AV.MCU - VCU_Torque_Commands VCU_Torque_Commands : 0.0 & current time is  438.0  message time is 437.2 case 7
00:41:44.410 [main] INFO  AV.MCU - VCU_Torque_Commands VCU_Torque_Commands : 0.0 & current time is  439.0  message time is 438.2 case 8
00:41:45.456 [main] INFO  AV.MCU - VCU_Torque_Commands VCU_Torque_Commands : 0.0 & current time is  458.0  message time is 457.2 case 7
00:41:45.509 [main] INFO  AV.MCU - VCU_Torque_Commands VCU_Torque_Commands : 0.0 & current time is  459.0  message time is 458.2 case 8
00:41:46.429 [main] INFO  AV.MCU - VCU_Torque_Commands VCU_Torque_Commands : 0.0 & current time is  478.0  message time is 477.2 case 7
00:41:46.473 [main] INFO  AV.MCU - VCU_Torque_Commands VCU_Torque_Commands : 0.0 & current time is  479.0  message time is 478.2 case 8
00:41:47.459 [main] INFO  AV.MCU - VCU_Torque_Commands VCU_Torque_Commands : 0.0 & current time is  498.0  message time is 497.2 case 7
00:41:47.511 [main] INFO  AV.MCU - VCU_Torque_Commands VCU_Torque_Commands : 0.0 & current time is  499.0  message time is 498.2 case 8
00:41:48.478 [main] INFO  AV.MCU - VCU_Torque_Commands VCU_Torque_Commands : 0.0 & current time is  518.0  message time is 517.2 case 7
00:41:48.524 [main] INFO  AV.MCU - VCU_Torque_Commands VCU_Torque_Commands : 0.0 & current time is  519.0  message time is 518.2 case 8
00:41:49.601 [main] INFO  AV.MCU - VCU_Torque_Commands VCU_Torque_Commands : 0.0 & current time is  538.0  message time is 537.2 case 7
00:41:49.645 [main] INFO  AV.MCU - VCU_Torque_Commands VCU_Torque_Commands : 0.0 & current time is  539.0  message time is 538.2 case 8
00:41:50.606 [main] INFO  AV.MCU - VCU_Torque_Commands VCU_Torque_Commands : 0.0 & current time is  558.0  message time is 557.2 case 7
00:41:50.657 [main] INFO  AV.MCU - VCU_Torque_Commands VCU_Torque_Commands : 0.0 & current time is  559.0  message time is 558.2 case 8
00:41:51.635 [main] INFO  AV.MCU - VCU_Torque_Commands VCU_Torque_Commands : 0.0 & current time is  578.0  message time is 577.2 case 7
00:41:51.668 [main] INFO  AV.MCU - VCU_Torque_Commands VCU_Torque_Commands : 0.0 & current time is  579.0  message time is 578.2 case 8
00:41:52.595 [main] INFO  AV.MCU - VCU_Torque_Commands VCU_Torque_Commands : 0.0 & current time is  598.0  message time is 597.2 case 7
00:41:52.638 [main] INFO  AV.MCU - VCU_Torque_Commands VCU_Torque_Commands : 0.0 & current time is  599.0  message time is 598.2 case 8
00:41:53.597 [main] INFO  AV.MCU - VCU_Torque_Commands VCU_Torque_Commands : 0.0 & current time is  618.0  message time is 617.2 case 7
00:41:53.650 [main] INFO  AV.MCU - VCU_Torque_Commands VCU_Torque_Commands : 0.0 & current time is  619.0  message time is 618.2 case 8
00:41:54.578 [main] INFO  AV.MCU - VCU_Torque_Commands VCU_Torque_Commands : 0.0 & current time is  638.0  message time is 637.2 case 7
00:41:54.632 [main] INFO  AV.MCU - VCU_Torque_Commands VCU_Torque_Commands : 0.0 & current time is  639.0  message time is 638.2 case 8
00:41:55.544 [main] INFO  AV.MCU - VCU_Torque_Commands VCU_Torque_Commands : 0.0 & current time is  658.0  message time is 657.2 case 7
00:41:55.596 [main] INFO  AV.MCU - VCU_Torque_Commands VCU_Torque_Commands : 0.0 & current time is  659.0  message time is 658.2 case 8
00:41:56.551 [main] INFO  AV.MCU - VCU_Torque_Commands VCU_Torque_Commands : 0.0 & current time is  678.0  message time is 677.2 case 7
00:41:56.615 [main] INFO  AV.MCU - VCU_Torque_Commands VCU_Torque_Commands : 0.0 & current time is  679.0  message time is 678.2 case 8
00:41:57.618 [main] INFO  AV.MCU - VCU_Torque_Commands VCU_Torque_Commands : 0.0 & current time is  698.0  message time is 697.2 case 7
00:41:57.667 [main] INFO  AV.MCU - VCU_Torque_Commands VCU_Torque_Commands : 0.0 & current time is  699.0  message time is 698.2 case 8
00:41:58.635 [main] INFO  AV.MCU - VCU_Torque_Commands VCU_Torque_Commands : 0.0 & current time is  718.0  message time is 717.2 case 7
00:41:58.694 [main] INFO  AV.MCU - VCU_Torque_Commands VCU_Torque_Commands : 0.0 & current time is  719.0  message time is 718.2 case 8
00:41:59.590 [main] INFO  AV.MCU - VCU_Torque_Commands VCU_Torque_Commands : 0.0 & current time is  738.0  message time is 737.2 case 7
00:41:59.637 [main] INFO  AV.MCU - VCU_Torque_Commands VCU_Torque_Commands : 0.0 & current time is  739.0  message time is 738.2 case 8
00:42:00.722 [main] INFO  AV.MCU - VCU_Torque_Commands VCU_Torque_Commands : 0.0 & current time is  758.0  message time is 757.2 case 7
00:42:00.774 [main] INFO  AV.MCU - VCU_Torque_Commands VCU_Torque_Commands : 0.0 & current time is  759.0  message time is 758.2 case 8
00:42:01.700 [main] INFO  AV.MCU - VCU_Torque_Commands VCU_Torque_Commands : 0.0 & current time is  778.0  message time is 777.2 case 7
00:42:01.747 [main] INFO  AV.MCU - VCU_Torque_Commands VCU_Torque_Commands : 0.0 & current time is  779.0  message time is 778.2 case 8
00:42:02.695 [main] INFO  AV.MCU - VCU_Torque_Commands VCU_Torque_Commands : 0.0 & current time is  798.0  message time is 797.2 case 7
00:42:02.754 [main] INFO  AV.MCU - VCU_Torque_Commands VCU_Torque_Commands : 0.0 & current time is  799.0  message time is 798.2 case 8
00:42:03.658 [main] INFO  AV.MCU - VCU_Torque_Commands VCU_Torque_Commands : 0.0 & current time is  818.0  message time is 817.2 case 7
00:42:03.708 [main] INFO  AV.MCU - VCU_Torque_Commands VCU_Torque_Commands : 0.0 & current time is  819.0  message time is 818.2 case 8
00:42:04.674 [main] INFO  AV.MCU - VCU_Torque_Commands VCU_Torque_Commands : 0.0 & current time is  838.0  message time is 837.2 case 7
00:42:04.741 [main] INFO  AV.MCU - VCU_Torque_Commands VCU_Torque_Commands : 0.0 & current time is  839.0  message time is 838.2 case 8
00:42:05.661 [main] INFO  AV.MCU - VCU_Torque_Commands VCU_Torque_Commands : 0.0 & current time is  858.0  message time is 857.2 case 7
00:42:05.714 [main] INFO  AV.MCU - VCU_Torque_Commands VCU_Torque_Commands : 0.0 & current time is  859.0  message time is 858.2 case 8
00:42:06.631 [main] INFO  AV.MCU - VCU_Torque_Commands VCU_Torque_Commands : 0.0 & current time is  878.0  message time is 877.2 case 7
00:42:06.680 [main] INFO  AV.MCU - VCU_Torque_Commands VCU_Torque_Commands : 0.0 & current time is  879.0  message time is 878.2 case 8
00:42:07.622 [main] INFO  AV.MCU - VCU_Torque_Commands VCU_Torque_Commands : 0.0 & current time is  898.0  message time is 897.2 case 7
00:42:07.676 [main] INFO  AV.MCU - VCU_Torque_Commands VCU_Torque_Commands : 0.0 & current time is  899.0  message time is 898.2 case 8
00:42:08.605 [main] INFO  AV.MCU - VCU_Torque_Commands VCU_Torque_Commands : 0.0 & current time is  918.0  message time is 917.2 case 7
00:42:08.662 [main] INFO  AV.MCU - VCU_Torque_Commands VCU_Torque_Commands : 0.0 & current time is  919.0  message time is 918.2 case 8
00:42:09.627 [main] INFO  AV.MCU - VCU_Torque_Commands VCU_Torque_Commands : 0.0 & current time is  938.0  message time is 937.2 case 7
00:42:09.681 [main] INFO  AV.MCU - VCU_Torque_Commands VCU_Torque_Commands : 0.0 & current time is  939.0  message time is 938.2 case 8
00:42:10.655 [main] INFO  AV.MCU - VCU_Torque_Commands VCU_Torque_Commands : 0.0 & current time is  958.0  message time is 957.2 case 7
00:42:10.709 [main] INFO  AV.MCU - VCU_Torque_Commands VCU_Torque_Commands : 0.0 & current time is  959.0  message time is 958.2 case 8
00:42:11.776 [main] INFO  AV.MCU - VCU_Torque_Commands VCU_Torque_Commands : 0.0 & current time is  978.0  message time is 977.2 case 7
00:42:11.833 [main] INFO  AV.MCU - VCU_Torque_Commands VCU_Torque_Commands : 0.0 & current time is  979.0  message time is 978.2 case 8
00:42:12.762 [main] INFO  AV.MCU - VCU_Torque_Commands VCU_Torque_Commands : 0.0 & current time is  998.0  message time is 997.2 case 7
00:42:12.815 [main] INFO  AV.MCU - VCU_Torque_Commands VCU_Torque_Commands : 0.0 & current time is  999.0  message time is 998.2 case 8
00:42:13.804 [main] INFO  AV.MCU - VCU_Torque_Commands VCU_Torque_Commands : 0.0 & current time is  1018.0  message time is 1017.2 case 7
00:42:13.841 [main] INFO  AV.MCU - VCU_Torque_Commands VCU_Torque_Commands : 0.0 & current time is  1019.0  message time is 1018.2 case 8
00:42:14.770 [main] INFO  AV.MCU - VCU_Torque_Commands VCU_Torque_Commands : 0.0 & current time is  1038.0  message time is 1037.2 case 7
00:42:14.821 [main] INFO  AV.MCU - VCU_Torque_Commands VCU_Torque_Commands : 0.0 & current time is  1039.0  message time is 1038.2 case 8
00:42:15.761 [main] INFO  AV.MCU - VCU_Torque_Commands VCU_Torque_Commands : 0.0 & current time is  1058.0  message time is 1057.2 case 7
00:42:15.815 [main] INFO  AV.MCU - VCU_Torque_Commands VCU_Torque_Commands : 0.0 & current time is  1059.0  message time is 1058.2 case 8
00:42:16.725 [main] INFO  AV.MCU - VCU_Torque_Commands VCU_Torque_Commands : 0.0 & current time is  1078.0  message time is 1077.2 case 7
00:42:16.773 [main] INFO  AV.MCU - VCU_Torque_Commands VCU_Torque_Commands : 0.0 & current time is  1079.0  message time is 1078.2 case 8
00:42:17.705 [main] INFO  AV.MCU - VCU_Torque_Commands VCU_Torque_Commands : 0.0 & current time is  1098.0  message time is 1097.2 case 7
00:42:17.738 [main] INFO  AV.MCU - VCU_Torque_Commands VCU_Torque_Commands : 0.0 & current time is  1099.0  message time is 1098.2 case 8
00:42:18.708 [main] INFO  AV.MCU - VCU_Torque_Commands VCU_Torque_Commands : 0.0 & current time is  1118.0  message time is 1117.2 case 7
00:42:18.757 [main] INFO  AV.MCU - VCU_Torque_Commands VCU_Torque_Commands : 0.0 & current time is  1119.0  message time is 1118.2 case 8
00:42:19.717 [main] INFO  AV.MCU - VCU_Torque_Commands VCU_Torque_Commands : 0.0 & current time is  1138.0  message time is 1137.2 case 7
00:42:19.780 [main] INFO  AV.MCU - VCU_Torque_Commands VCU_Torque_Commands : 0.0 & current time is  1139.0  message time is 1138.2 case 8
00:42:20.698 [main] INFO  AV.MCU - VCU_Torque_Commands VCU_Torque_Commands : 0.0 & current time is  1158.0  message time is 1157.2 case 7
00:42:20.765 [main] INFO  AV.MCU - VCU_Torque_Commands VCU_Torque_Commands : 0.0 & current time is  1159.0  message time is 1158.2 case 8
00:42:21.781 [main] INFO  AV.MCU - VCU_Torque_Commands VCU_Torque_Commands : 0.0 & current time is  1178.0  message time is 1177.2 case 7
00:42:21.836 [main] INFO  AV.MCU - VCU_Torque_Commands VCU_Torque_Commands : 0.0 & current time is  1179.0  message time is 1178.2 case 8
00:42:22.752 [main] INFO  AV.MCU - VCU_Torque_Commands VCU_Torque_Commands : 0.0 & current time is  1198.0  message time is 1197.2 case 7
00:42:22.807 [main] INFO  AV.MCU - VCU_Torque_Commands VCU_Torque_Commands : 0.0 & current time is  1199.0  message time is 1198.2 case 8
00:42:23.848 [main] INFO  AV.MCU - VCU_Torque_Commands VCU_Torque_Commands : 0.0 & current time is  1218.0  message time is 1217.2 case 7
00:42:23.898 [main] INFO  AV.MCU - VCU_Torque_Commands VCU_Torque_Commands : 0.0 & current time is  1219.0  message time is 1218.2 case 8
00:42:24.817 [main] INFO  AV.MCU - VCU_Torque_Commands VCU_Torque_Commands : 0.0 & current time is  1238.0  message time is 1237.2 case 7
00:42:24.865 [main] INFO  AV.MCU - VCU_Torque_Commands VCU_Torque_Commands : 0.0 & current time is  1239.0  message time is 1238.2 case 8
00:42:25.816 [main] INFO  AV.MCU - VCU_Torque_Commands VCU_Torque_Commands : 0.0 & current time is  1258.0  message time is 1257.2 case 7
00:42:25.860 [main] INFO  AV.MCU - VCU_Torque_Commands VCU_Torque_Commands : 0.0 & current time is  1259.0  message time is 1258.2 case 8
00:42:26.788 [main] INFO  AV.MCU - VCU_Torque_Commands VCU_Torque_Commands : 0.0 & current time is  1278.0  message time is 1277.2 case 7
00:42:26.848 [main] INFO  AV.MCU - VCU_Torque_Commands VCU_Torque_Commands : 0.0 & current time is  1279.0  message time is 1278.2 case 8
00:42:27.794 [main] INFO  AV.MCU - VCU_Torque_Commands VCU_Torque_Commands : 0.0 & current time is  1298.0  message time is 1297.2 case 7
00:42:27.855 [main] INFO  AV.MCU - VCU_Torque_Commands VCU_Torque_Commands : 0.0 & current time is  1299.0  message time is 1298.2 case 8
00:42:28.823 [main] INFO  AV.MCU - VCU_Torque_Commands VCU_Torque_Commands : 0.0 & current time is  1318.0  message time is 1317.2 case 7
00:42:28.876 [main] INFO  AV.MCU - VCU_Torque_Commands VCU_Torque_Commands : 0.0 & current time is  1319.0  message time is 1318.2 case 8
00:42:29.834 [main] INFO  AV.MCU - VCU_Torque_Commands VCU_Torque_Commands : 0.0 & current time is  1338.0  message time is 1337.2 case 7
00:42:29.905 [main] INFO  AV.MCU - VCU_Torque_Commands VCU_Torque_Commands : 0.0 & current time is  1339.0  message time is 1338.2 case 8
00:42:30.836 [main] INFO  AV.MCU - VCU_Torque_Commands VCU_Torque_Commands : 0.0 & current time is  1358.0  message time is 1357.2 case 7
00:42:30.888 [main] INFO  AV.MCU - VCU_Torque_Commands VCU_Torque_Commands : 0.0 & current time is  1359.0  message time is 1358.2 case 8
00:42:31.833 [main] INFO  AV.MCU - VCU_Torque_Commands VCU_Torque_Commands : 0.0 & current time is  1378.0  message time is 1377.2 case 7
00:42:31.881 [main] INFO  AV.MCU - VCU_Torque_Commands VCU_Torque_Commands : 0.0 & current time is  1379.0  message time is 1378.2 case 8
00:42:32.826 [main] INFO  AV.MCU - VCU_Torque_Commands VCU_Torque_Commands : 0.0 & current time is  1398.0  message time is 1397.2 case 7
00:42:32.862 [main] INFO  AV.MCU - VCU_Torque_Commands VCU_Torque_Commands : 0.0 & current time is  1399.0  message time is 1398.2 case 8
00:42:33.830 [main] INFO  AV.MCU - VCU_Torque_Commands VCU_Torque_Commands : 0.0 & current time is  1418.0  message time is 1417.2 case 7
00:42:33.878 [main] INFO  AV.MCU - VCU_Torque_Commands VCU_Torque_Commands : 0.0 & current time is  1419.0  message time is 1418.2 case 8
00:42:34.812 [main] INFO  AV.MCU - VCU_Torque_Commands VCU_Torque_Commands : 0.0 & current time is  1438.0  message time is 1437.2 case 7
00:42:34.866 [main] INFO  AV.MCU - VCU_Torque_Commands VCU_Torque_Commands : 0.0 & current time is  1439.0  message time is 1438.2 case 8
00:42:35.836 [main] INFO  AV.MCU - VCU_Torque_Commands VCU_Torque_Commands : 0.0 & current time is  1458.0  message time is 1457.2 case 7
00:42:35.893 [main] INFO  AV.MCU - VCU_Torque_Commands VCU_Torque_Commands : 0.0 & current time is  1459.0  message time is 1458.2 case 8
00:42:37.018 [main] INFO  AV.MCU - VCU_Torque_Commands VCU_Torque_Commands : 0.0 & current time is  1478.0  message time is 1477.2 case 7
00:42:37.074 [main] INFO  AV.MCU - VCU_Torque_Commands VCU_Torque_Commands : 0.0 & current time is  1479.0  message time is 1478.2 case 8
00:42:38.051 [main] INFO  AV.MCU - VCU_Torque_Commands VCU_Torque_Commands : 0.0 & current time is  1498.0  message time is 1497.2 case 7
00:42:38.091 [main] INFO  AV.MCU - VCU_Torque_Commands VCU_Torque_Commands : 0.0 & current time is  1499.0  message time is 1498.2 case 8
00:42:39.084 [main] INFO  AV.MCU - VCU_Torque_Commands VCU_Torque_Commands : 3.0 & current time is  1518.0  message time is 1517.2 case 7
00:42:39.133 [main] INFO  AV.MCU - VCU_Torque_Commands VCU_Torque_Commands : 3.0 & current time is  1519.0  message time is 1518.2 case 8
00:42:40.077 [main] INFO  AV.MCU - VCU_Torque_Commands VCU_Torque_Commands : 3.0 & current time is  1538.0  message time is 1537.2 case 7
00:42:40.124 [main] INFO  AV.MCU - VCU_Torque_Commands VCU_Torque_Commands : 3.0 & current time is  1539.0  message time is 1538.2 case 8
00:42:41.068 [main] INFO  AV.MCU - VCU_Torque_Commands VCU_Torque_Commands : 3.0 & current time is  1558.0  message time is 1557.2 case 7
00:42:41.115 [main] INFO  AV.MCU - VCU_Torque_Commands VCU_Torque_Commands : 3.0 & current time is  1559.0  message time is 1558.2 case 8
00:42:42.055 [main] INFO  AV.MCU - VCU_Torque_Commands VCU_Torque_Commands : 3.0 & current time is  1578.0  message time is 1577.2 case 7
00:42:42.086 [main] INFO  AV.MCU - VCU_Torque_Commands VCU_Torque_Commands : 3.0 & current time is  1579.0  message time is 1578.2 case 8
00:42:42.708 [main] INFO  AV.MCU - VCU_Torque_Commands VCU_Torque_Commands : 3.0 & current time is  1598.0  message time is 1597.2 case 7
00:42:42.736 [main] INFO  AV.MCU - VCU_Torque_Commands VCU_Torque_Commands : 3.0 & current time is  1599.0  message time is 1598.2 case 8
00:42:43.421 [main] INFO  AV.MCU - VCU_Torque_Commands VCU_Torque_Commands : 3.0 & current time is  1618.0  message time is 1617.2 case 7
00:42:43.468 [main] INFO  AV.MCU - VCU_Torque_Commands VCU_Torque_Commands : 3.0 & current time is  1619.0  message time is 1618.2 case 8
00:42:44.457 [main] INFO  AV.MCU - VCU_Torque_Commands VCU_Torque_Commands : 3.0 & current time is  1638.0  message time is 1637.2 case 7
00:42:44.516 [main] INFO  AV.MCU - VCU_Torque_Commands VCU_Torque_Commands : 3.0 & current time is  1639.0  message time is 1638.2 case 8
00:42:45.462 [main] INFO  AV.MCU - VCU_Torque_Commands VCU_Torque_Commands : 3.0 & current time is  1658.0  message time is 1657.2 case 7
00:42:45.525 [main] INFO  AV.MCU - VCU_Torque_Commands VCU_Torque_Commands : 3.0 & current time is  1659.0  message time is 1658.2 case 8
00:42:46.522 [main] INFO  AV.MCU - VCU_Torque_Commands VCU_Torque_Commands : 3.0 & current time is  1678.0  message time is 1677.2 case 7
00:42:46.575 [main] INFO  AV.MCU - VCU_Torque_Commands VCU_Torque_Commands : 3.0 & current time is  1679.0  message time is 1678.2 case 8
00:42:47.537 [main] INFO  AV.MCU - VCU_Torque_Commands VCU_Torque_Commands : 3.0 & current time is  1698.0  message time is 1697.2 case 7
00:42:47.586 [main] INFO  AV.MCU - VCU_Torque_Commands VCU_Torque_Commands : 3.0 & current time is  1699.0  message time is 1698.2 case 8
00:42:48.550 [main] INFO  AV.MCU - VCU_Torque_Commands VCU_Torque_Commands : 3.0 & current time is  1718.0  message time is 1717.2 case 7
00:42:48.605 [main] INFO  AV.MCU - VCU_Torque_Commands VCU_Torque_Commands : 3.0 & current time is  1719.0  message time is 1718.2 case 8
00:42:50.053 [main] INFO  AV.MCU - VCU_Torque_Commands VCU_Torque_Commands : 3.0 & current time is  1738.0  message time is 1737.2 case 7
00:42:50.116 [main] INFO  AV.MCU - VCU_Torque_Commands VCU_Torque_Commands : 3.0 & current time is  1739.0  message time is 1738.2 case 8
00:42:51.052 [main] INFO  AV.MCU - VCU_Torque_Commands VCU_Torque_Commands : 3.0 & current time is  1758.0  message time is 1757.2 case 7
00:42:51.106 [main] INFO  AV.MCU - VCU_Torque_Commands VCU_Torque_Commands : 3.0 & current time is  1759.0  message time is 1758.2 case 8
00:42:52.137 [main] INFO  AV.MCU - VCU_Torque_Commands VCU_Torque_Commands : 3.0 & current time is  1778.0  message time is 1777.2 case 7
00:42:52.181 [main] INFO  AV.MCU - VCU_Torque_Commands VCU_Torque_Commands : 3.0 & current time is  1779.0  message time is 1778.2 case 8
00:42:53.111 [main] INFO  AV.MCU - VCU_Torque_Commands VCU_Torque_Commands : 3.0 & current time is  1798.0  message time is 1797.2 case 7
00:42:53.170 [main] INFO  AV.MCU - VCU_Torque_Commands VCU_Torque_Commands : 3.0 & current time is  1799.0  message time is 1798.2 case 8
00:42:54.125 [main] INFO  AV.MCU - VCU_Torque_Commands VCU_Torque_Commands : 3.0 & current time is  1818.0  message time is 1817.2 case 7
00:42:54.182 [main] INFO  AV.MCU - VCU_Torque_Commands VCU_Torque_Commands : 3.0 & current time is  1819.0  message time is 1818.2 case 8
00:42:55.114 [main] INFO  AV.MCU - VCU_Torque_Commands VCU_Torque_Commands : 3.0 & current time is  1838.0  message time is 1837.2 case 7
00:42:55.186 [main] INFO  AV.MCU - VCU_Torque_Commands VCU_Torque_Commands : 3.0 & current time is  1839.0  message time is 1838.2 case 8
00:42:56.136 [main] INFO  AV.MCU - VCU_Torque_Commands VCU_Torque_Commands : 3.0 & current time is  1858.0  message time is 1857.2 case 7
00:42:56.187 [main] INFO  AV.MCU - VCU_Torque_Commands VCU_Torque_Commands : 3.0 & current time is  1859.0  message time is 1858.2 case 8
00:42:57.123 [main] INFO  AV.MCU - VCU_Torque_Commands VCU_Torque_Commands : 3.0 & current time is  1878.0  message time is 1877.2 case 7
00:42:57.187 [main] INFO  AV.MCU - VCU_Torque_Commands VCU_Torque_Commands : 3.0 & current time is  1879.0  message time is 1878.2 case 8
00:42:58.133 [main] INFO  AV.MCU - VCU_Torque_Commands VCU_Torque_Commands : 3.0 & current time is  1898.0  message time is 1897.2 case 7
00:42:58.182 [main] INFO  AV.MCU - VCU_Torque_Commands VCU_Torque_Commands : 3.0 & current time is  1899.0  message time is 1898.2 case 8
00:42:59.112 [main] INFO  AV.MCU - VCU_Torque_Commands VCU_Torque_Commands : 3.0 & current time is  1918.0  message time is 1917.2 case 7
00:42:59.167 [main] INFO  AV.MCU - VCU_Torque_Commands VCU_Torque_Commands : 3.0 & current time is  1919.0  message time is 1918.2 case 8
00:43:00.143 [main] INFO  AV.MCU - VCU_Torque_Commands VCU_Torque_Commands : 3.0 & current time is  1938.0  message time is 1937.2 case 7
00:43:00.185 [main] INFO  AV.MCU - VCU_Torque_Commands VCU_Torque_Commands : 3.0 & current time is  1939.0  message time is 1938.2 case 8
00:43:01.182 [main] INFO  AV.MCU - VCU_Torque_Commands VCU_Torque_Commands : 3.0 & current time is  1958.0  message time is 1957.2 case 7
00:43:01.237 [main] INFO  AV.MCU - VCU_Torque_Commands VCU_Torque_Commands : 3.0 & current time is  1959.0  message time is 1958.2 case 8
00:43:02.180 [main] INFO  AV.MCU - VCU_Torque_Commands VCU_Torque_Commands : 3.0 & current time is  1978.0  message time is 1977.2 case 7
00:43:02.229 [main] INFO  AV.MCU - VCU_Torque_Commands VCU_Torque_Commands : 3.0 & current time is  1979.0  message time is 1978.2 case 8
00:43:03.197 [main] INFO  AV.MCU - VCU_Torque_Commands VCU_Torque_Commands : 3.0 & current time is  1998.0  message time is 1997.2 case 7
00:43:03.249 [main] INFO  AV.MCU - VCU_Torque_Commands VCU_Torque_Commands : 3.0 & current time is  1999.0  message time is 1998.2 case 8
00:43:04.238 [main] INFO  AV.MCU - VCU_Torque_Commands VCU_Torque_Commands : 6.0 & current time is  2018.0  message time is 2017.2 case 7
00:43:04.287 [main] INFO  AV.MCU - VCU_Torque_Commands VCU_Torque_Commands : 6.0 & current time is  2019.0  message time is 2018.2 case 8
00:43:05.285 [main] INFO  AV.MCU - VCU_Torque_Commands VCU_Torque_Commands : 6.0 & current time is  2038.0  message time is 2037.2 case 7
00:43:05.335 [main] INFO  AV.MCU - VCU_Torque_Commands VCU_Torque_Commands : 6.0 & current time is  2039.0  message time is 2038.2 case 8
00:43:06.264 [main] INFO  AV.MCU - VCU_Torque_Commands VCU_Torque_Commands : 6.0 & current time is  2058.0  message time is 2057.2 case 7
00:43:06.317 [main] INFO  AV.MCU - VCU_Torque_Commands VCU_Torque_Commands : 6.0 & current time is  2059.0  message time is 2058.2 case 8
00:43:07.449 [main] INFO  AV.MCU - VCU_Torque_Commands VCU_Torque_Commands : 6.0 & current time is  2078.0  message time is 2077.2 case 7
00:43:07.500 [main] INFO  AV.MCU - VCU_Torque_Commands VCU_Torque_Commands : 6.0 & current time is  2079.0  message time is 2078.2 case 8
00:43:08.460 [main] INFO  AV.MCU - VCU_Torque_Commands VCU_Torque_Commands : 6.0 & current time is  2098.0  message time is 2097.2 case 7
00:43:08.517 [main] INFO  AV.MCU - VCU_Torque_Commands VCU_Torque_Commands : 6.0 & current time is  2099.0  message time is 2098.2 case 8
00:43:09.445 [main] INFO  AV.MCU - VCU_Torque_Commands VCU_Torque_Commands : 6.0 & current time is  2118.0  message time is 2117.2 case 7
00:43:09.488 [main] INFO  AV.MCU - VCU_Torque_Commands VCU_Torque_Commands : 6.0 & current time is  2119.0  message time is 2118.2 case 8
00:43:10.438 [main] INFO  AV.MCU - VCU_Torque_Commands VCU_Torque_Commands : 6.0 & current time is  2138.0  message time is 2137.2 case 7
00:43:10.489 [main] INFO  AV.MCU - VCU_Torque_Commands VCU_Torque_Commands : 6.0 & current time is  2139.0  message time is 2138.2 case 8
00:43:11.444 [main] INFO  AV.MCU - VCU_Torque_Commands VCU_Torque_Commands : 6.0 & current time is  2158.0  message time is 2157.2 case 7
00:43:11.538 [main] INFO  AV.MCU - VCU_Torque_Commands VCU_Torque_Commands : 6.0 & current time is  2159.0  message time is 2158.2 case 8
00:43:12.474 [main] INFO  AV.MCU - VCU_Torque_Commands VCU_Torque_Commands : 6.0 & current time is  2178.0  message time is 2177.2 case 7
00:43:12.522 [main] INFO  AV.MCU - VCU_Torque_Commands VCU_Torque_Commands : 6.0 & current time is  2179.0  message time is 2178.2 case 8
00:43:13.476 [main] INFO  AV.MCU - VCU_Torque_Commands VCU_Torque_Commands : 6.0 & current time is  2198.0  message time is 2197.2 case 7
00:43:13.520 [main] INFO  AV.MCU - VCU_Torque_Commands VCU_Torque_Commands : 6.0 & current time is  2199.0  message time is 2198.2 case 8
00:43:14.514 [main] INFO  AV.MCU - VCU_Torque_Commands VCU_Torque_Commands : 6.0 & current time is  2218.0  message time is 2217.2 case 7
00:43:14.569 [main] INFO  AV.MCU - VCU_Torque_Commands VCU_Torque_Commands : 6.0 & current time is  2219.0  message time is 2218.2 case 8
00:43:15.545 [main] INFO  AV.MCU - VCU_Torque_Commands VCU_Torque_Commands : 6.0 & current time is  2238.0  message time is 2237.2 case 7
00:43:15.605 [main] INFO  AV.MCU - VCU_Torque_Commands VCU_Torque_Commands : 6.0 & current time is  2239.0  message time is 2238.2 case 8
00:43:16.561 [main] INFO  AV.MCU - VCU_Torque_Commands VCU_Torque_Commands : 6.0 & current time is  2258.0  message time is 2257.2 case 7
00:43:16.616 [main] INFO  AV.MCU - VCU_Torque_Commands VCU_Torque_Commands : 6.0 & current time is  2259.0  message time is 2258.2 case 8
00:43:17.587 [main] INFO  AV.MCU - VCU_Torque_Commands VCU_Torque_Commands : 6.0 & current time is  2278.0  message time is 2277.2 case 7
00:43:17.630 [main] INFO  AV.MCU - VCU_Torque_Commands VCU_Torque_Commands : 6.0 & current time is  2279.0  message time is 2278.2 case 8
00:43:18.601 [main] INFO  AV.MCU - VCU_Torque_Commands VCU_Torque_Commands : 6.0 & current time is  2298.0  message time is 2297.2 case 7
00:43:18.666 [main] INFO  AV.MCU - VCU_Torque_Commands VCU_Torque_Commands : 6.0 & current time is  2299.0  message time is 2298.2 case 8
00:43:19.623 [main] INFO  AV.MCU - VCU_Torque_Commands VCU_Torque_Commands : 6.0 & current time is  2318.0  message time is 2317.2 case 7
00:43:19.679 [main] INFO  AV.MCU - VCU_Torque_Commands VCU_Torque_Commands : 6.0 & current time is  2319.0  message time is 2318.2 case 8
00:43:20.643 [main] INFO  AV.MCU - VCU_Torque_Commands VCU_Torque_Commands : 6.0 & current time is  2338.0  message time is 2337.2 case 7
00:43:20.690 [main] INFO  AV.MCU - VCU_Torque_Commands VCU_Torque_Commands : 6.0 & current time is  2339.0  message time is 2338.2 case 8
00:43:21.656 [main] INFO  AV.MCU - VCU_Torque_Commands VCU_Torque_Commands : 6.0 & current time is  2358.0  message time is 2357.2 case 7
00:43:21.699 [main] INFO  AV.MCU - VCU_Torque_Commands VCU_Torque_Commands : 6.0 & current time is  2359.0  message time is 2358.2 case 8
00:43:22.643 [main] INFO  AV.MCU - VCU_Torque_Commands VCU_Torque_Commands : 6.0 & current time is  2378.0  message time is 2377.2 case 7
00:43:22.690 [main] INFO  AV.MCU - VCU_Torque_Commands VCU_Torque_Commands : 6.0 & current time is  2379.0  message time is 2378.2 case 8
00:43:23.622 [main] INFO  AV.MCU - VCU_Torque_Commands VCU_Torque_Commands : 6.0 & current time is  2398.0  message time is 2397.2 case 7
00:43:23.680 [main] INFO  AV.MCU - VCU_Torque_Commands VCU_Torque_Commands : 6.0 & current time is  2399.0  message time is 2398.2 case 8
00:43:24.783 [main] INFO  AV.MCU - VCU_Torque_Commands VCU_Torque_Commands : 6.0 & current time is  2418.0  message time is 2417.2 case 7
00:43:24.826 [main] INFO  AV.MCU - VCU_Torque_Commands VCU_Torque_Commands : 6.0 & current time is  2419.0  message time is 2418.2 case 8
00:43:25.763 [main] INFO  AV.MCU - VCU_Torque_Commands VCU_Torque_Commands : 6.0 & current time is  2438.0  message time is 2437.2 case 7
00:43:25.817 [main] INFO  AV.MCU - VCU_Torque_Commands VCU_Torque_Commands : 6.0 & current time is  2439.0  message time is 2438.2 case 8
00:43:26.722 [main] INFO  AV.MCU - VCU_Torque_Commands VCU_Torque_Commands : 6.0 & current time is  2458.0  message time is 2457.2 case 7
00:43:26.792 [main] INFO  AV.MCU - VCU_Torque_Commands VCU_Torque_Commands : 6.0 & current time is  2459.0  message time is 2458.2 case 8
00:43:27.736 [main] INFO  AV.MCU - VCU_Torque_Commands VCU_Torque_Commands : 6.0 & current time is  2478.0  message time is 2477.2 case 7
00:43:27.794 [main] INFO  AV.MCU - VCU_Torque_Commands VCU_Torque_Commands : 6.0 & current time is  2479.0  message time is 2478.2 case 8
00:43:28.716 [main] INFO  AV.MCU - VCU_Torque_Commands VCU_Torque_Commands : 6.0 & current time is  2498.0  message time is 2497.2 case 7
00:43:28.787 [main] INFO  AV.MCU - VCU_Torque_Commands VCU_Torque_Commands : 6.0 & current time is  2499.0  message time is 2498.2 case 8
00:43:29.765 [main] INFO  AV.MCU - VCU_Torque_Commands VCU_Torque_Commands : 9.0 & current time is  2518.0  message time is 2517.2 case 7
00:43:29.823 [main] INFO  AV.MCU - VCU_Torque_Commands VCU_Torque_Commands : 9.0 & current time is  2519.0  message time is 2518.2 case 8
00:43:30.729 [main] INFO  AV.MCU - VCU_Torque_Commands VCU_Torque_Commands : 9.0 & current time is  2538.0  message time is 2537.2 case 7
00:43:30.789 [main] INFO  AV.MCU - VCU_Torque_Commands VCU_Torque_Commands : 9.0 & current time is  2539.0  message time is 2538.2 case 8
00:43:31.728 [main] INFO  AV.MCU - VCU_Torque_Commands VCU_Torque_Commands : 9.0 & current time is  2558.0  message time is 2557.2 case 7
00:43:31.776 [main] INFO  AV.MCU - VCU_Torque_Commands VCU_Torque_Commands : 9.0 & current time is  2559.0  message time is 2558.2 case 8
00:43:32.756 [main] INFO  AV.MCU - VCU_Torque_Commands VCU_Torque_Commands : 9.0 & current time is  2578.0  message time is 2577.2 case 7
00:43:32.806 [main] INFO  AV.MCU - VCU_Torque_Commands VCU_Torque_Commands : 9.0 & current time is  2579.0  message time is 2578.2 case 8
00:43:33.775 [main] INFO  AV.MCU - VCU_Torque_Commands VCU_Torque_Commands : 9.0 & current time is  2598.0  message time is 2597.2 case 7
00:43:33.826 [main] INFO  AV.MCU - VCU_Torque_Commands VCU_Torque_Commands : 9.0 & current time is  2599.0  message time is 2598.2 case 8
00:43:34.784 [main] INFO  AV.MCU - VCU_Torque_Commands VCU_Torque_Commands : 9.0 & current time is  2618.0  message time is 2617.2 case 7
00:43:34.828 [main] INFO  AV.MCU - VCU_Torque_Commands VCU_Torque_Commands : 9.0 & current time is  2619.0  message time is 2618.2 case 8
00:43:35.759 [main] INFO  AV.MCU - VCU_Torque_Commands VCU_Torque_Commands : 9.0 & current time is  2638.0  message time is 2637.2 case 7
00:43:35.804 [main] INFO  AV.MCU - VCU_Torque_Commands VCU_Torque_Commands : 9.0 & current time is  2639.0  message time is 2638.2 case 8
00:43:36.770 [main] INFO  AV.MCU - VCU_Torque_Commands VCU_Torque_Commands : 9.0 & current time is  2658.0  message time is 2657.2 case 7
00:43:36.813 [main] INFO  AV.MCU - VCU_Torque_Commands VCU_Torque_Commands : 9.0 & current time is  2659.0  message time is 2658.2 case 8
00:43:37.780 [main] INFO  AV.MCU - VCU_Torque_Commands VCU_Torque_Commands : 9.0 & current time is  2678.0  message time is 2677.2 case 7
00:43:37.826 [main] INFO  AV.MCU - VCU_Torque_Commands VCU_Torque_Commands : 9.0 & current time is  2679.0  message time is 2678.2 case 8
00:43:38.744 [main] INFO  AV.MCU - VCU_Torque_Commands VCU_Torque_Commands : 9.0 & current time is  2698.0  message time is 2697.2 case 7
00:43:38.809 [main] INFO  AV.MCU - VCU_Torque_Commands VCU_Torque_Commands : 9.0 & current time is  2699.0  message time is 2698.2 case 8
00:43:39.741 [main] INFO  AV.MCU - VCU_Torque_Commands VCU_Torque_Commands : 9.0 & current time is  2718.0  message time is 2717.2 case 7
00:43:39.779 [main] INFO  AV.MCU - VCU_Torque_Commands VCU_Torque_Commands : 9.0 & current time is  2719.0  message time is 2718.2 case 8
00:43:40.722 [main] INFO  AV.MCU - VCU_Torque_Commands VCU_Torque_Commands : 9.0 & current time is  2738.0  message time is 2737.2 case 7
00:43:40.780 [main] INFO  AV.MCU - VCU_Torque_Commands VCU_Torque_Commands : 9.0 & current time is  2739.0  message time is 2738.2 case 8
00:43:41.866 [main] INFO  AV.MCU - VCU_Torque_Commands VCU_Torque_Commands : 9.0 & current time is  2758.0  message time is 2757.2 case 7
00:43:41.920 [main] INFO  AV.MCU - VCU_Torque_Commands VCU_Torque_Commands : 9.0 & current time is  2759.0  message time is 2758.2 case 8
00:43:42.858 [main] INFO  AV.MCU - VCU_Torque_Commands VCU_Torque_Commands : 9.0 & current time is  2778.0  message time is 2777.2 case 7
00:43:42.899 [main] INFO  AV.MCU - VCU_Torque_Commands VCU_Torque_Commands : 9.0 & current time is  2779.0  message time is 2778.2 case 8
