
-------------------------------------------------------------------
GMS: address=vagrant-40119, cluster=AV, physical address=10.0.2.15:58437
-------------------------------------------------------------------
18:20:23.820 [main] INFO  AV.MCU - waiting on readyToPopulate...
18:20:34.570 [main] INFO  AV.MCU - ...synchronized on readyToPopulate
18:20:34.570 [main] INFO  AV.MCU - waiting on readyToRun...
18:20:35.102 [main] INFO  AV.MCU - ...synchronized on readyToRun
18:20:35.130 [main] INFO  AV.MCU - started logical time progression
18:20:37.328 [main] INFO  AV.MCU - VCU_Torque_Commands VCU_Torque_Commands : 0.0 & current time is  9.0  message time is 9.0 case 9
18:20:38.908 [main] INFO  AV.MCU - VCU_Torque_Commands VCU_Torque_Commands : 0.0 & current time is  29.0  message time is 29.0 case 9
18:20:40.246 [main] INFO  AV.MCU - VCU_Torque_Commands VCU_Torque_Commands : 0.0 & current time is  49.0  message time is 49.0 case 9
18:20:41.526 [main] INFO  AV.MCU - VCU_Torque_Commands VCU_Torque_Commands : 0.0 & current time is  69.0  message time is 69.0 case 9
18:20:42.862 [main] INFO  AV.MCU - VCU_Torque_Commands VCU_Torque_Commands : 0.0 & current time is  89.0  message time is 89.0 case 9
18:20:44.043 [main] INFO  AV.MCU - VCU_Torque_Commands VCU_Torque_Commands : 0.0 & current time is  109.0  message time is 109.0 case 9
18:20:45.286 [main] INFO  AV.MCU - VCU_Torque_Commands VCU_Torque_Commands : 0.0 & current time is  129.0  message time is 129.0 case 9
18:20:46.494 [main] INFO  AV.MCU - VCU_Torque_Commands VCU_Torque_Commands : 0.0 & current time is  149.0  message time is 149.0 case 9
18:20:47.718 [main] INFO  AV.MCU - VCU_Torque_Commands VCU_Torque_Commands : 0.0 & current time is  169.0  message time is 169.0 case 9
18:20:49.701 [main] INFO  AV.MCU - VCU_Torque_Commands VCU_Torque_Commands : 0.0 & current time is  189.0  message time is 189.0 case 9
18:20:51.336 [main] INFO  AV.MCU - VCU_Torque_Commands VCU_Torque_Commands : 0.0 & current time is  209.0  message time is 209.0 case 9
18:20:52.589 [main] INFO  AV.MCU - VCU_Torque_Commands VCU_Torque_Commands : 0.0 & current time is  229.0  message time is 229.0 case 9
18:20:53.732 [main] INFO  AV.MCU - VCU_Torque_Commands VCU_Torque_Commands : 0.0 & current time is  249.0  message time is 249.0 case 9
18:20:54.925 [main] INFO  AV.MCU - VCU_Torque_Commands VCU_Torque_Commands : 0.0 & current time is  269.0  message time is 269.0 case 9
18:20:56.088 [main] INFO  AV.MCU - VCU_Torque_Commands VCU_Torque_Commands : 0.0 & current time is  289.0  message time is 289.0 case 9
18:20:57.177 [main] INFO  AV.MCU - VCU_Torque_Commands VCU_Torque_Commands : 0.0 & current time is  309.0  message time is 309.0 case 9
18:20:58.577 [main] INFO  AV.MCU - VCU_Torque_Commands VCU_Torque_Commands : 0.0 & current time is  329.0  message time is 329.0 case 9
18:20:59.864 [main] INFO  AV.MCU - VCU_Torque_Commands VCU_Torque_Commands : 0.0 & current time is  349.0  message time is 349.0 case 9
18:21:01.021 [main] INFO  AV.MCU - VCU_Torque_Commands VCU_Torque_Commands : 0.0 & current time is  369.0  message time is 369.0 case 9
18:21:02.160 [main] INFO  AV.MCU - VCU_Torque_Commands VCU_Torque_Commands : 0.0 & current time is  389.0  message time is 389.0 case 9
18:21:03.250 [main] INFO  AV.MCU - VCU_Torque_Commands VCU_Torque_Commands : 0.0 & current time is  409.0  message time is 409.0 case 9
18:21:04.340 [main] INFO  AV.MCU - VCU_Torque_Commands VCU_Torque_Commands : 0.0 & current time is  429.0  message time is 429.0 case 9
18:21:05.448 [main] INFO  AV.MCU - VCU_Torque_Commands VCU_Torque_Commands : 0.0 & current time is  449.0  message time is 449.0 case 9
18:21:06.640 [main] INFO  AV.MCU - VCU_Torque_Commands VCU_Torque_Commands : 0.0 & current time is  469.0  message time is 469.0 case 9
18:21:07.710 [main] INFO  AV.MCU - VCU_Torque_Commands VCU_Torque_Commands : 0.0 & current time is  489.0  message time is 489.0 case 9
18:21:08.849 [main] INFO  AV.MCU - VCU_Torque_Commands VCU_Torque_Commands : 0.0 & current time is  509.0  message time is 509.0 case 9
18:21:09.910 [main] INFO  AV.MCU - VCU_Torque_Commands VCU_Torque_Commands : 0.0 & current time is  529.0  message time is 529.0 case 9
18:21:10.984 [main] INFO  AV.MCU - VCU_Torque_Commands VCU_Torque_Commands : 0.0 & current time is  549.0  message time is 549.0 case 9
18:21:12.048 [main] INFO  AV.MCU - VCU_Torque_Commands VCU_Torque_Commands : 0.0 & current time is  569.0  message time is 569.0 case 9
18:21:13.179 [main] INFO  AV.MCU - VCU_Torque_Commands VCU_Torque_Commands : 0.0 & current time is  589.0  message time is 589.0 case 9
18:21:14.191 [main] INFO  AV.MCU - VCU_Torque_Commands VCU_Torque_Commands : 0.0 & current time is  609.0  message time is 609.0 case 9
18:21:15.393 [main] INFO  AV.MCU - VCU_Torque_Commands VCU_Torque_Commands : 0.0 & current time is  629.0  message time is 629.0 case 9
18:21:16.446 [main] INFO  AV.MCU - VCU_Torque_Commands VCU_Torque_Commands : 0.0 & current time is  649.0  message time is 649.0 case 9
18:21:17.508 [main] INFO  AV.MCU - VCU_Torque_Commands VCU_Torque_Commands : 0.0 & current time is  669.0  message time is 669.0 case 9
18:21:18.639 [main] INFO  AV.MCU - VCU_Torque_Commands VCU_Torque_Commands : 0.0 & current time is  689.0  message time is 689.0 case 9
18:21:19.689 [main] INFO  AV.MCU - VCU_Torque_Commands VCU_Torque_Commands : 0.0 & current time is  709.0  message time is 709.0 case 9
18:21:20.844 [main] INFO  AV.MCU - VCU_Torque_Commands VCU_Torque_Commands : 0.0 & current time is  729.0  message time is 729.0 case 9
18:21:21.998 [main] INFO  AV.MCU - VCU_Torque_Commands VCU_Torque_Commands : 0.0 & current time is  749.0  message time is 749.0 case 9
18:21:23.078 [main] INFO  AV.MCU - VCU_Torque_Commands VCU_Torque_Commands : 0.0 & current time is  769.0  message time is 769.0 case 9
18:21:24.122 [main] INFO  AV.MCU - VCU_Torque_Commands VCU_Torque_Commands : 0.0 & current time is  789.0  message time is 789.0 case 9
18:21:25.182 [main] INFO  AV.MCU - VCU_Torque_Commands VCU_Torque_Commands : 0.0 & current time is  809.0  message time is 809.0 case 9
18:21:26.262 [main] INFO  AV.MCU - VCU_Torque_Commands VCU_Torque_Commands : 0.0 & current time is  829.0  message time is 829.0 case 9
18:21:27.368 [main] INFO  AV.MCU - VCU_Torque_Commands VCU_Torque_Commands : 0.0 & current time is  849.0  message time is 849.0 case 9
18:21:28.776 [main] INFO  AV.MCU - VCU_Torque_Commands VCU_Torque_Commands : 0.0 & current time is  869.0  message time is 869.0 case 9
18:21:29.881 [main] INFO  AV.MCU - VCU_Torque_Commands VCU_Torque_Commands : 0.0 & current time is  889.0  message time is 889.0 case 9
18:21:31.023 [main] INFO  AV.MCU - VCU_Torque_Commands VCU_Torque_Commands : 0.0 & current time is  909.0  message time is 909.0 case 9
18:21:32.124 [main] INFO  AV.MCU - VCU_Torque_Commands VCU_Torque_Commands : 0.0 & current time is  929.0  message time is 929.0 case 9
18:21:33.217 [main] INFO  AV.MCU - VCU_Torque_Commands VCU_Torque_Commands : 0.0 & current time is  949.0  message time is 949.0 case 9
18:21:34.298 [main] INFO  AV.MCU - VCU_Torque_Commands VCU_Torque_Commands : 0.0 & current time is  969.0  message time is 969.0 case 9
18:21:35.452 [main] INFO  AV.MCU - VCU_Torque_Commands VCU_Torque_Commands : 0.0 & current time is  989.0  message time is 989.0 case 9
18:21:36.470 [main] INFO  AV.MCU - VCU_Torque_Commands VCU_Torque_Commands : 0.0 & current time is  1009.0  message time is 1009.0 case 9
18:21:37.521 [main] INFO  AV.MCU - VCU_Torque_Commands VCU_Torque_Commands : 0.0 & current time is  1029.0  message time is 1029.0 case 9
18:21:38.542 [main] INFO  AV.MCU - VCU_Torque_Commands VCU_Torque_Commands : 0.0 & current time is  1049.0  message time is 1049.0 case 9
18:21:39.546 [main] INFO  AV.MCU - VCU_Torque_Commands VCU_Torque_Commands : 0.0 & current time is  1069.0  message time is 1069.0 case 9
18:21:40.646 [main] INFO  AV.MCU - VCU_Torque_Commands VCU_Torque_Commands : 0.0 & current time is  1089.0  message time is 1089.0 case 9
18:21:41.691 [main] INFO  AV.MCU - VCU_Torque_Commands VCU_Torque_Commands : 0.0 & current time is  1109.0  message time is 1109.0 case 9
18:21:42.928 [main] INFO  AV.MCU - VCU_Torque_Commands VCU_Torque_Commands : 0.0 & current time is  1129.0  message time is 1129.0 case 9
18:21:43.970 [main] INFO  AV.MCU - VCU_Torque_Commands VCU_Torque_Commands : 0.0 & current time is  1149.0  message time is 1149.0 case 9
18:21:45.087 [main] INFO  AV.MCU - VCU_Torque_Commands VCU_Torque_Commands : 0.0 & current time is  1169.0  message time is 1169.0 case 9
18:21:46.148 [main] INFO  AV.MCU - VCU_Torque_Commands VCU_Torque_Commands : 0.0 & current time is  1189.0  message time is 1189.0 case 9
18:21:47.227 [main] INFO  AV.MCU - VCU_Torque_Commands VCU_Torque_Commands : 0.0 & current time is  1209.0  message time is 1209.0 case 9
18:21:48.302 [main] INFO  AV.MCU - VCU_Torque_Commands VCU_Torque_Commands : 0.0 & current time is  1229.0  message time is 1229.0 case 9
18:21:49.327 [main] INFO  AV.MCU - VCU_Torque_Commands VCU_Torque_Commands : 0.0 & current time is  1249.0  message time is 1249.0 case 9
18:21:50.392 [main] INFO  AV.MCU - VCU_Torque_Commands VCU_Torque_Commands : 0.0 & current time is  1269.0  message time is 1269.0 case 9
18:21:51.443 [main] INFO  AV.MCU - VCU_Torque_Commands VCU_Torque_Commands : 0.0 & current time is  1289.0  message time is 1289.0 case 9
18:21:52.482 [main] INFO  AV.MCU - VCU_Torque_Commands VCU_Torque_Commands : 0.0 & current time is  1309.0  message time is 1309.0 case 9
18:21:53.635 [main] INFO  AV.MCU - VCU_Torque_Commands VCU_Torque_Commands : 0.0 & current time is  1329.0  message time is 1329.0 case 9
18:21:54.664 [main] INFO  AV.MCU - VCU_Torque_Commands VCU_Torque_Commands : 0.0 & current time is  1349.0  message time is 1349.0 case 9
18:21:55.707 [main] INFO  AV.MCU - VCU_Torque_Commands VCU_Torque_Commands : 0.0 & current time is  1369.0  message time is 1369.0 case 9
18:21:56.756 [main] INFO  AV.MCU - VCU_Torque_Commands VCU_Torque_Commands : 0.0 & current time is  1389.0  message time is 1389.0 case 9
18:21:57.961 [main] INFO  AV.MCU - VCU_Torque_Commands VCU_Torque_Commands : 0.0 & current time is  1409.0  message time is 1409.0 case 9
18:21:58.985 [main] INFO  AV.MCU - VCU_Torque_Commands VCU_Torque_Commands : 0.0 & current time is  1429.0  message time is 1429.0 case 9
18:22:00.054 [main] INFO  AV.MCU - VCU_Torque_Commands VCU_Torque_Commands : 0.0 & current time is  1449.0  message time is 1449.0 case 9
18:22:01.111 [main] INFO  AV.MCU - VCU_Torque_Commands VCU_Torque_Commands : 0.0 & current time is  1469.0  message time is 1469.0 case 9
18:22:02.170 [main] INFO  AV.MCU - VCU_Torque_Commands VCU_Torque_Commands : 0.0 & current time is  1489.0  message time is 1489.0 case 9
18:22:03.247 [main] INFO  AV.MCU - VCU_Torque_Commands VCU_Torque_Commands : 3.0 & current time is  1509.0  message time is 1509.0 case 9
18:22:04.338 [main] INFO  AV.MCU - VCU_Torque_Commands VCU_Torque_Commands : 3.0 & current time is  1529.0  message time is 1529.0 case 9
18:22:05.414 [main] INFO  AV.MCU - VCU_Torque_Commands VCU_Torque_Commands : 3.0 & current time is  1549.0  message time is 1549.0 case 9
18:22:06.483 [main] INFO  AV.MCU - VCU_Torque_Commands VCU_Torque_Commands : 3.0 & current time is  1569.0  message time is 1569.0 case 9
18:22:07.545 [main] INFO  AV.MCU - VCU_Torque_Commands VCU_Torque_Commands : 3.0 & current time is  1589.0  message time is 1589.0 case 9
18:22:08.591 [main] INFO  AV.MCU - VCU_Torque_Commands VCU_Torque_Commands : 3.0 & current time is  1609.0  message time is 1609.0 case 9
18:22:09.562 [main] INFO  AV.MCU - VCU_Torque_Commands VCU_Torque_Commands : 3.0 & current time is  1629.0  message time is 1629.0 case 9
18:22:10.585 [main] INFO  AV.MCU - VCU_Torque_Commands VCU_Torque_Commands : 3.0 & current time is  1649.0  message time is 1649.0 case 9
18:22:11.656 [main] INFO  AV.MCU - VCU_Torque_Commands VCU_Torque_Commands : 3.0 & current time is  1669.0  message time is 1669.0 case 9
18:22:12.675 [main] INFO  AV.MCU - VCU_Torque_Commands VCU_Torque_Commands : 3.0 & current time is  1689.0  message time is 1689.0 case 9
18:22:13.754 [main] INFO  AV.MCU - VCU_Torque_Commands VCU_Torque_Commands : 3.0 & current time is  1709.0  message time is 1709.0 case 9
18:22:14.926 [main] INFO  AV.MCU - VCU_Torque_Commands VCU_Torque_Commands : 3.0 & current time is  1729.0  message time is 1729.0 case 9
18:22:15.955 [main] INFO  AV.MCU - VCU_Torque_Commands VCU_Torque_Commands : 3.0 & current time is  1749.0  message time is 1749.0 case 9
18:22:16.972 [main] INFO  AV.MCU - VCU_Torque_Commands VCU_Torque_Commands : 3.0 & current time is  1769.0  message time is 1769.0 case 9
18:22:17.952 [main] INFO  AV.MCU - VCU_Torque_Commands VCU_Torque_Commands : 3.0 & current time is  1789.0  message time is 1789.0 case 9
18:22:19.043 [main] INFO  AV.MCU - VCU_Torque_Commands VCU_Torque_Commands : 3.0 & current time is  1809.0  message time is 1809.0 case 9
18:22:20.124 [main] INFO  AV.MCU - VCU_Torque_Commands VCU_Torque_Commands : 3.0 & current time is  1829.0  message time is 1829.0 case 9
18:22:21.224 [main] INFO  AV.MCU - VCU_Torque_Commands VCU_Torque_Commands : 3.0 & current time is  1849.0  message time is 1849.0 case 9
18:22:22.282 [main] INFO  AV.MCU - VCU_Torque_Commands VCU_Torque_Commands : 3.0 & current time is  1869.0  message time is 1869.0 case 9
18:22:23.361 [main] INFO  AV.MCU - VCU_Torque_Commands VCU_Torque_Commands : 3.0 & current time is  1889.0  message time is 1889.0 case 9
18:22:24.438 [main] INFO  AV.MCU - VCU_Torque_Commands VCU_Torque_Commands : 3.0 & current time is  1909.0  message time is 1909.0 case 9
18:22:25.532 [main] INFO  AV.MCU - VCU_Torque_Commands VCU_Torque_Commands : 3.0 & current time is  1929.0  message time is 1929.0 case 9
18:22:26.723 [main] INFO  AV.MCU - VCU_Torque_Commands VCU_Torque_Commands : 3.0 & current time is  1949.0  message time is 1949.0 case 9
18:22:27.777 [main] INFO  AV.MCU - VCU_Torque_Commands VCU_Torque_Commands : 3.0 & current time is  1969.0  message time is 1969.0 case 9
18:22:28.826 [main] INFO  AV.MCU - VCU_Torque_Commands VCU_Torque_Commands : 3.0 & current time is  1989.0  message time is 1989.0 case 9
18:22:29.850 [main] INFO  AV.MCU - VCU_Torque_Commands VCU_Torque_Commands : 6.0 & current time is  2009.0  message time is 2009.0 case 9
18:22:30.940 [main] INFO  AV.MCU - VCU_Torque_Commands VCU_Torque_Commands : 6.0 & current time is  2029.0  message time is 2029.0 case 9
18:22:31.953 [main] INFO  AV.MCU - VCU_Torque_Commands VCU_Torque_Commands : 6.0 & current time is  2049.0  message time is 2049.0 case 9
18:22:33.159 [main] INFO  AV.MCU - VCU_Torque_Commands VCU_Torque_Commands : 6.0 & current time is  2069.0  message time is 2069.0 case 9
18:22:34.243 [main] INFO  AV.MCU - VCU_Torque_Commands VCU_Torque_Commands : 6.0 & current time is  2089.0  message time is 2089.0 case 9
18:22:35.240 [main] INFO  AV.MCU - VCU_Torque_Commands VCU_Torque_Commands : 6.0 & current time is  2109.0  message time is 2109.0 case 9
18:22:36.288 [main] INFO  AV.MCU - VCU_Torque_Commands VCU_Torque_Commands : 6.0 & current time is  2129.0  message time is 2129.0 case 9
18:22:37.307 [main] INFO  AV.MCU - VCU_Torque_Commands VCU_Torque_Commands : 6.0 & current time is  2149.0  message time is 2149.0 case 9
18:22:38.327 [main] INFO  AV.MCU - VCU_Torque_Commands VCU_Torque_Commands : 6.0 & current time is  2169.0  message time is 2169.0 case 9
18:22:39.428 [main] INFO  AV.MCU - VCU_Torque_Commands VCU_Torque_Commands : 6.0 & current time is  2189.0  message time is 2189.0 case 9
18:22:40.486 [main] INFO  AV.MCU - VCU_Torque_Commands VCU_Torque_Commands : 6.0 & current time is  2209.0  message time is 2209.0 case 9
18:22:41.547 [main] INFO  AV.MCU - VCU_Torque_Commands VCU_Torque_Commands : 6.0 & current time is  2229.0  message time is 2229.0 case 9
18:22:42.616 [main] INFO  AV.MCU - VCU_Torque_Commands VCU_Torque_Commands : 6.0 & current time is  2249.0  message time is 2249.0 case 9
18:22:43.664 [main] INFO  AV.MCU - VCU_Torque_Commands VCU_Torque_Commands : 6.0 & current time is  2269.0  message time is 2269.0 case 9
18:22:44.711 [main] INFO  AV.MCU - VCU_Torque_Commands VCU_Torque_Commands : 6.0 & current time is  2289.0  message time is 2289.0 case 9
18:22:45.754 [main] INFO  AV.MCU - VCU_Torque_Commands VCU_Torque_Commands : 6.0 & current time is  2309.0  message time is 2309.0 case 9
18:22:46.810 [main] INFO  AV.MCU - VCU_Torque_Commands VCU_Torque_Commands : 6.0 & current time is  2329.0  message time is 2329.0 case 9
18:22:47.870 [main] INFO  AV.MCU - VCU_Torque_Commands VCU_Torque_Commands : 6.0 & current time is  2349.0  message time is 2349.0 case 9
18:22:48.938 [main] INFO  AV.MCU - VCU_Torque_Commands VCU_Torque_Commands : 6.0 & current time is  2369.0  message time is 2369.0 case 9
18:22:50.003 [main] INFO  AV.MCU - VCU_Torque_Commands VCU_Torque_Commands : 6.0 & current time is  2389.0  message time is 2389.0 case 9
18:22:51.054 [main] INFO  AV.MCU - VCU_Torque_Commands VCU_Torque_Commands : 6.0 & current time is  2409.0  message time is 2409.0 case 9
18:22:52.288 [main] INFO  AV.MCU - VCU_Torque_Commands VCU_Torque_Commands : 6.0 & current time is  2429.0  message time is 2429.0 case 9
18:22:53.311 [main] INFO  AV.MCU - VCU_Torque_Commands VCU_Torque_Commands : 6.0 & current time is  2449.0  message time is 2449.0 case 9
18:22:54.382 [main] INFO  AV.MCU - VCU_Torque_Commands VCU_Torque_Commands : 6.0 & current time is  2469.0  message time is 2469.0 case 9
18:22:55.440 [main] INFO  AV.MCU - VCU_Torque_Commands VCU_Torque_Commands : 6.0 & current time is  2489.0  message time is 2489.0 case 9
18:22:56.511 [main] INFO  AV.MCU - VCU_Torque_Commands VCU_Torque_Commands : 9.0 & current time is  2509.0  message time is 2509.0 case 9
18:22:57.534 [main] INFO  AV.MCU - VCU_Torque_Commands VCU_Torque_Commands : 9.0 & current time is  2529.0  message time is 2529.0 case 9
18:22:58.544 [main] INFO  AV.MCU - VCU_Torque_Commands VCU_Torque_Commands : 9.0 & current time is  2549.0  message time is 2549.0 case 9
18:22:59.573 [main] INFO  AV.MCU - VCU_Torque_Commands VCU_Torque_Commands : 9.0 & current time is  2569.0  message time is 2569.0 case 9
18:23:00.580 [main] INFO  AV.MCU - VCU_Torque_Commands VCU_Torque_Commands : 9.0 & current time is  2589.0  message time is 2589.0 case 9
18:23:01.615 [main] INFO  AV.MCU - VCU_Torque_Commands VCU_Torque_Commands : 9.0 & current time is  2609.0  message time is 2609.0 case 9
18:23:02.686 [main] INFO  AV.MCU - VCU_Torque_Commands VCU_Torque_Commands : 9.0 & current time is  2629.0  message time is 2629.0 case 9
18:23:03.722 [main] INFO  AV.MCU - VCU_Torque_Commands VCU_Torque_Commands : 9.0 & current time is  2649.0  message time is 2649.0 case 9
18:23:04.731 [main] INFO  AV.MCU - VCU_Torque_Commands VCU_Torque_Commands : 9.0 & current time is  2669.0  message time is 2669.0 case 9
18:23:05.747 [main] INFO  AV.MCU - VCU_Torque_Commands VCU_Torque_Commands : 9.0 & current time is  2689.0  message time is 2689.0 case 9
18:23:06.790 [main] INFO  AV.MCU - VCU_Torque_Commands VCU_Torque_Commands : 9.0 & current time is  2709.0  message time is 2709.0 case 9
18:23:07.809 [main] INFO  AV.MCU - VCU_Torque_Commands VCU_Torque_Commands : 9.0 & current time is  2729.0  message time is 2729.0 case 9
18:23:08.831 [main] INFO  AV.MCU - VCU_Torque_Commands VCU_Torque_Commands : 9.0 & current time is  2749.0  message time is 2749.0 case 9
18:23:09.803 [main] INFO  AV.MCU - VCU_Torque_Commands VCU_Torque_Commands : 9.0 & current time is  2769.0  message time is 2769.0 case 9
18:23:10.817 [main] INFO  AV.MCU - VCU_Torque_Commands VCU_Torque_Commands : 9.0 & current time is  2789.0  message time is 2789.0 case 9
18:23:11.808 [main] INFO  AV.MCU - VCU_Torque_Commands VCU_Torque_Commands : 9.0 & current time is  2809.0  message time is 2809.0 case 9
18:23:12.871 [main] INFO  AV.MCU - VCU_Torque_Commands VCU_Torque_Commands : 9.0 & current time is  2829.0  message time is 2829.0 case 9
18:23:14.051 [main] INFO  AV.MCU - VCU_Torque_Commands VCU_Torque_Commands : 9.0 & current time is  2849.0  message time is 2849.0 case 9
18:23:15.094 [main] INFO  AV.MCU - VCU_Torque_Commands VCU_Torque_Commands : 9.0 & current time is  2869.0  message time is 2869.0 case 9
18:23:16.108 [main] INFO  AV.MCU - VCU_Torque_Commands VCU_Torque_Commands : 9.0 & current time is  2889.0  message time is 2889.0 case 9
18:23:17.123 [main] INFO  AV.MCU - VCU_Torque_Commands VCU_Torque_Commands : 9.0 & current time is  2909.0  message time is 2909.0 case 9
18:23:18.132 [main] INFO  AV.MCU - VCU_Torque_Commands VCU_Torque_Commands : 9.0 & current time is  2929.0  message time is 2929.0 case 9
18:23:19.198 [main] INFO  AV.MCU - VCU_Torque_Commands VCU_Torque_Commands : 9.0 & current time is  2949.0  message time is 2949.0 case 9
18:23:20.230 [main] INFO  AV.MCU - VCU_Torque_Commands VCU_Torque_Commands : 9.0 & current time is  2969.0  message time is 2969.0 case 9
18:23:21.261 [main] INFO  AV.MCU - VCU_Torque_Commands VCU_Torque_Commands : 9.0 & current time is  2989.0  message time is 2989.0 case 9
18:23:22.272 [main] INFO  AV.MCU - VCU_Torque_Commands VCU_Torque_Commands : 13.0 & current time is  3009.0  message time is 3009.0 case 9
18:23:23.332 [main] INFO  AV.MCU - VCU_Torque_Commands VCU_Torque_Commands : 13.0 & current time is  3029.0  message time is 3029.0 case 9
18:23:24.351 [main] INFO  AV.MCU - VCU_Torque_Commands VCU_Torque_Commands : 13.0 & current time is  3049.0  message time is 3049.0 case 9
18:23:25.375 [main] INFO  AV.MCU - VCU_Torque_Commands VCU_Torque_Commands : 13.0 & current time is  3069.0  message time is 3069.0 case 9
18:23:26.463 [main] INFO  AV.MCU - VCU_Torque_Commands VCU_Torque_Commands : 13.0 & current time is  3089.0  message time is 3089.0 case 9
18:23:27.523 [main] INFO  AV.MCU - VCU_Torque_Commands VCU_Torque_Commands : 13.0 & current time is  3109.0  message time is 3109.0 case 9
18:23:28.529 [main] INFO  AV.MCU - VCU_Torque_Commands VCU_Torque_Commands : 13.0 & current time is  3129.0  message time is 3129.0 case 9
18:23:29.526 [main] INFO  AV.MCU - VCU_Torque_Commands VCU_Torque_Commands : 13.0 & current time is  3149.0  message time is 3149.0 case 9
18:23:30.568 [main] INFO  AV.MCU - VCU_Torque_Commands VCU_Torque_Commands : 13.0 & current time is  3169.0  message time is 3169.0 case 9
18:23:31.595 [main] INFO  AV.MCU - VCU_Torque_Commands VCU_Torque_Commands : 13.0 & current time is  3189.0  message time is 3189.0 case 9
18:23:32.610 [main] INFO  AV.MCU - VCU_Torque_Commands VCU_Torque_Commands : 13.0 & current time is  3209.0  message time is 3209.0 case 9
18:23:33.651 [main] INFO  AV.MCU - VCU_Torque_Commands VCU_Torque_Commands : 13.0 & current time is  3229.0  message time is 3229.0 case 9
18:23:34.647 [main] INFO  AV.MCU - VCU_Torque_Commands VCU_Torque_Commands : 13.0 & current time is  3249.0  message time is 3249.0 case 9
18:23:35.854 [main] INFO  AV.MCU - VCU_Torque_Commands VCU_Torque_Commands : 13.0 & current time is  3269.0  message time is 3269.0 case 9
18:23:36.861 [main] INFO  AV.MCU - VCU_Torque_Commands VCU_Torque_Commands : 13.0 & current time is  3289.0  message time is 3289.0 case 9
18:23:37.904 [main] INFO  AV.MCU - VCU_Torque_Commands VCU_Torque_Commands : 13.0 & current time is  3309.0  message time is 3309.0 case 9
18:23:38.947 [main] INFO  AV.MCU - VCU_Torque_Commands VCU_Torque_Commands : 13.0 & current time is  3329.0  message time is 3329.0 case 9
18:23:39.975 [main] INFO  AV.MCU - VCU_Torque_Commands VCU_Torque_Commands : 13.0 & current time is  3349.0  message time is 3349.0 case 9
18:23:41.004 [main] INFO  AV.MCU - VCU_Torque_Commands VCU_Torque_Commands : 13.0 & current time is  3369.0  message time is 3369.0 case 9
18:23:42.114 [main] INFO  AV.MCU - VCU_Torque_Commands VCU_Torque_Commands : 13.0 & current time is  3389.0  message time is 3389.0 case 9
18:23:43.178 [main] INFO  AV.MCU - VCU_Torque_Commands VCU_Torque_Commands : 13.0 & current time is  3409.0  message time is 3409.0 case 9
18:23:44.225 [main] INFO  AV.MCU - VCU_Torque_Commands VCU_Torque_Commands : 13.0 & current time is  3429.0  message time is 3429.0 case 9
18:23:45.263 [main] INFO  AV.MCU - VCU_Torque_Commands VCU_Torque_Commands : 13.0 & current time is  3449.0  message time is 3449.0 case 9
18:23:46.281 [main] INFO  AV.MCU - VCU_Torque_Commands VCU_Torque_Commands : 13.0 & current time is  3469.0  message time is 3469.0 case 9
18:23:47.238 [main] INFO  AV.MCU - VCU_Torque_Commands VCU_Torque_Commands : 13.0 & current time is  3489.0  message time is 3489.0 case 9
18:23:48.262 [main] INFO  AV.MCU - VCU_Torque_Commands VCU_Torque_Commands : 13.0 & current time is  3509.0  message time is 3509.0 case 9
18:23:49.296 [main] INFO  AV.MCU - VCU_Torque_Commands VCU_Torque_Commands : 13.0 & current time is  3529.0  message time is 3529.0 case 9
18:23:50.297 [main] INFO  AV.MCU - VCU_Torque_Commands VCU_Torque_Commands : 13.0 & current time is  3549.0  message time is 3549.0 case 9
18:23:51.268 [main] INFO  AV.MCU - VCU_Torque_Commands VCU_Torque_Commands : 13.0 & current time is  3569.0  message time is 3569.0 case 9
18:23:52.284 [main] INFO  AV.MCU - VCU_Torque_Commands VCU_Torque_Commands : 13.0 & current time is  3589.0  message time is 3589.0 case 9
18:23:53.307 [main] INFO  AV.MCU - VCU_Torque_Commands VCU_Torque_Commands : 13.0 & current time is  3609.0  message time is 3609.0 case 9
18:23:54.365 [main] INFO  AV.MCU - VCU_Torque_Commands VCU_Torque_Commands : 13.0 & current time is  3629.0  message time is 3629.0 case 9
18:23:55.390 [main] INFO  AV.MCU - VCU_Torque_Commands VCU_Torque_Commands : 13.0 & current time is  3649.0  message time is 3649.0 case 9
18:23:56.415 [main] INFO  AV.MCU - VCU_Torque_Commands VCU_Torque_Commands : 13.0 & current time is  3669.0  message time is 3669.0 case 9
18:23:57.446 [main] INFO  AV.MCU - VCU_Torque_Commands VCU_Torque_Commands : 13.0 & current time is  3689.0  message time is 3689.0 case 9
18:23:58.457 [main] INFO  AV.MCU - VCU_Torque_Commands VCU_Torque_Commands : 13.0 & current time is  3709.0  message time is 3709.0 case 9
18:23:59.485 [main] INFO  AV.MCU - VCU_Torque_Commands VCU_Torque_Commands : 13.0 & current time is  3729.0  message time is 3729.0 case 9
18:24:00.708 [main] INFO  AV.MCU - VCU_Torque_Commands VCU_Torque_Commands : 13.0 & current time is  3749.0  message time is 3749.0 case 9
18:24:01.681 [main] INFO  AV.MCU - VCU_Torque_Commands VCU_Torque_Commands : 13.0 & current time is  3769.0  message time is 3769.0 case 9
18:24:02.713 [main] INFO  AV.MCU - VCU_Torque_Commands VCU_Torque_Commands : 13.0 & current time is  3789.0  message time is 3789.0 case 9
18:24:03.736 [main] INFO  AV.MCU - VCU_Torque_Commands VCU_Torque_Commands : 13.0 & current time is  3809.0  message time is 3809.0 case 9
18:24:04.786 [main] INFO  AV.MCU - VCU_Torque_Commands VCU_Torque_Commands : 13.0 & current time is  3829.0  message time is 3829.0 case 9
18:24:05.793 [main] INFO  AV.MCU - VCU_Torque_Commands VCU_Torque_Commands : 13.0 & current time is  3849.0  message time is 3849.0 case 9
18:24:06.790 [main] INFO  AV.MCU - VCU_Torque_Commands VCU_Torque_Commands : 13.0 & current time is  3869.0  message time is 3869.0 case 9
18:24:07.803 [main] INFO  AV.MCU - VCU_Torque_Commands VCU_Torque_Commands : 13.0 & current time is  3889.0  message time is 3889.0 case 9
18:24:08.858 [main] INFO  AV.MCU - VCU_Torque_Commands VCU_Torque_Commands : 13.0 & current time is  3909.0  message time is 3909.0 case 9
18:24:09.865 [main] INFO  AV.MCU - VCU_Torque_Commands VCU_Torque_Commands : 13.0 & current time is  3929.0  message time is 3929.0 case 9
18:24:10.878 [main] INFO  AV.MCU - VCU_Torque_Commands VCU_Torque_Commands : 13.0 & current time is  3949.0  message time is 3949.0 case 9
18:24:11.909 [main] INFO  AV.MCU - VCU_Torque_Commands VCU_Torque_Commands : 13.0 & current time is  3969.0  message time is 3969.0 case 9
18:24:13.026 [main] INFO  AV.MCU - VCU_Torque_Commands VCU_Torque_Commands : 13.0 & current time is  3989.0  message time is 3989.0 case 9
18:24:14.055 [main] INFO  AV.MCU - VCU_Torque_Commands VCU_Torque_Commands : 17.0 & current time is  4009.0  message time is 4009.0 case 9
18:24:15.114 [main] INFO  AV.MCU - VCU_Torque_Commands VCU_Torque_Commands : 17.0 & current time is  4029.0  message time is 4029.0 case 9
18:24:16.087 [main] INFO  AV.MCU - VCU_Torque_Commands VCU_Torque_Commands : 17.0 & current time is  4049.0  message time is 4049.0 case 9
18:24:17.087 [main] INFO  AV.MCU - VCU_Torque_Commands VCU_Torque_Commands : 17.0 & current time is  4069.0  message time is 4069.0 case 9
18:24:18.149 [main] INFO  AV.MCU - VCU_Torque_Commands VCU_Torque_Commands : 17.0 & current time is  4089.0  message time is 4089.0 case 9
18:24:19.206 [main] INFO  AV.MCU - VCU_Torque_Commands VCU_Torque_Commands : 17.0 & current time is  4109.0  message time is 4109.0 case 9
18:24:20.260 [main] INFO  AV.MCU - VCU_Torque_Commands VCU_Torque_Commands : 17.0 & current time is  4129.0  message time is 4129.0 case 9
18:24:21.328 [main] INFO  AV.MCU - VCU_Torque_Commands VCU_Torque_Commands : 17.0 & current time is  4149.0  message time is 4149.0 case 9
18:24:22.385 [main] INFO  AV.MCU - VCU_Torque_Commands VCU_Torque_Commands : 17.0 & current time is  4169.0  message time is 4169.0 case 9
18:24:23.479 [main] INFO  AV.MCU - VCU_Torque_Commands VCU_Torque_Commands : 17.0 & current time is  4189.0  message time is 4189.0 case 9
18:24:24.641 [main] INFO  AV.MCU - VCU_Torque_Commands VCU_Torque_Commands : 17.0 & current time is  4209.0  message time is 4209.0 case 9
18:24:25.950 [main] INFO  AV.MCU - VCU_Torque_Commands VCU_Torque_Commands : 17.0 & current time is  4229.0  message time is 4229.0 case 9
18:24:27.006 [main] INFO  AV.MCU - VCU_Torque_Commands VCU_Torque_Commands : 17.0 & current time is  4249.0  message time is 4249.0 case 9
18:24:28.073 [main] INFO  AV.MCU - VCU_Torque_Commands VCU_Torque_Commands : 17.0 & current time is  4269.0  message time is 4269.0 case 9
18:24:29.130 [main] INFO  AV.MCU - VCU_Torque_Commands VCU_Torque_Commands : 17.0 & current time is  4289.0  message time is 4289.0 case 9
18:24:30.139 [main] INFO  AV.MCU - VCU_Torque_Commands VCU_Torque_Commands : 17.0 & current time is  4309.0  message time is 4309.0 case 9
18:24:31.229 [main] INFO  AV.MCU - VCU_Torque_Commands VCU_Torque_Commands : 17.0 & current time is  4329.0  message time is 4329.0 case 9
18:24:32.379 [main] INFO  AV.MCU - VCU_Torque_Commands VCU_Torque_Commands : 17.0 & current time is  4349.0  message time is 4349.0 case 9
18:24:33.428 [main] INFO  AV.MCU - VCU_Torque_Commands VCU_Torque_Commands : 17.0 & current time is  4369.0  message time is 4369.0 case 9
18:24:34.560 [main] INFO  AV.MCU - VCU_Torque_Commands VCU_Torque_Commands : 17.0 & current time is  4389.0  message time is 4389.0 case 9
18:24:35.570 [main] INFO  AV.MCU - VCU_Torque_Commands VCU_Torque_Commands : 17.0 & current time is  4409.0  message time is 4409.0 case 9
18:24:36.658 [main] INFO  AV.MCU - VCU_Torque_Commands VCU_Torque_Commands : 17.0 & current time is  4429.0  message time is 4429.0 case 9
