
-------------------------------------------------------------------
GMS: address=vagrant-875, cluster=AV, physical address=10.0.2.15:54543
-------------------------------------------------------------------
01:37:07.558 [main] INFO  AV.MCU - waiting on readyToPopulate...
01:37:18.818 [main] INFO  AV.MCU - ...synchronized on readyToPopulate
01:37:18.818 [main] INFO  AV.MCU - waiting on readyToRun...
01:37:19.076 [main] INFO  AV.MCU - ...synchronized on readyToRun
01:37:19.080 [main] INFO  AV.MCU - started logical time progression
01:37:20.550 [main] INFO  AV.MCU - VCU_Torque_Commands VCU_Torque_Commands : 0.0 & current time is  9.0  message time is 9.0 case 9
01:37:21.940 [main] INFO  AV.MCU - VCU_Torque_Commands VCU_Torque_Commands : 0.0 & current time is  29.0  message time is 29.0 case 9
01:37:23.350 [main] INFO  AV.MCU - VCU_Torque_Commands VCU_Torque_Commands : 0.0 & current time is  49.0  message time is 49.0 case 9
01:37:24.693 [main] INFO  AV.MCU - VCU_Torque_Commands VCU_Torque_Commands : 0.0 & current time is  69.0  message time is 69.0 case 9
01:37:25.974 [main] INFO  AV.MCU - VCU_Torque_Commands VCU_Torque_Commands : 0.0 & current time is  89.0  message time is 89.0 case 9
01:37:27.267 [main] INFO  AV.MCU - VCU_Torque_Commands VCU_Torque_Commands : 0.0 & current time is  109.0  message time is 109.0 case 9
01:37:28.376 [main] INFO  AV.MCU - VCU_Torque_Commands VCU_Torque_Commands : 0.0 & current time is  129.0  message time is 129.0 case 9
01:37:29.467 [main] INFO  AV.MCU - VCU_Torque_Commands VCU_Torque_Commands : 0.0 & current time is  149.0  message time is 149.0 case 9
01:37:30.593 [main] INFO  AV.MCU - VCU_Torque_Commands VCU_Torque_Commands : 0.0 & current time is  169.0  message time is 169.0 case 9
01:37:32.346 [main] INFO  AV.MCU - VCU_Torque_Commands VCU_Torque_Commands : 0.0 & current time is  189.0  message time is 189.0 case 9
01:37:33.611 [main] INFO  AV.MCU - VCU_Torque_Commands VCU_Torque_Commands : 0.0 & current time is  209.0  message time is 209.0 case 9
01:37:34.667 [main] INFO  AV.MCU - VCU_Torque_Commands VCU_Torque_Commands : 0.0 & current time is  229.0  message time is 229.0 case 9
01:37:35.711 [main] INFO  AV.MCU - VCU_Torque_Commands VCU_Torque_Commands : 0.0 & current time is  249.0  message time is 249.0 case 9
01:37:36.800 [main] INFO  AV.MCU - VCU_Torque_Commands VCU_Torque_Commands : 0.0 & current time is  269.0  message time is 269.0 case 9
01:37:38.053 [main] INFO  AV.MCU - VCU_Torque_Commands VCU_Torque_Commands : 0.0 & current time is  289.0  message time is 289.0 case 9
01:37:39.106 [main] INFO  AV.MCU - VCU_Torque_Commands VCU_Torque_Commands : 0.0 & current time is  309.0  message time is 309.0 case 9
01:37:40.193 [main] INFO  AV.MCU - VCU_Torque_Commands VCU_Torque_Commands : 0.0 & current time is  329.0  message time is 329.0 case 9
01:37:41.220 [main] INFO  AV.MCU - VCU_Torque_Commands VCU_Torque_Commands : 0.0 & current time is  349.0  message time is 349.0 case 9
01:37:42.303 [main] INFO  AV.MCU - VCU_Torque_Commands VCU_Torque_Commands : 0.0 & current time is  369.0  message time is 369.0 case 9
01:37:43.400 [main] INFO  AV.MCU - VCU_Torque_Commands VCU_Torque_Commands : 0.0 & current time is  389.0  message time is 389.0 case 9
01:37:44.432 [main] INFO  AV.MCU - VCU_Torque_Commands VCU_Torque_Commands : 0.0 & current time is  409.0  message time is 409.0 case 9
01:37:45.559 [main] INFO  AV.MCU - VCU_Torque_Commands VCU_Torque_Commands : 0.0 & current time is  429.0  message time is 429.0 case 9
01:37:46.593 [main] INFO  AV.MCU - VCU_Torque_Commands VCU_Torque_Commands : 0.0 & current time is  449.0  message time is 449.0 case 9
01:37:47.720 [main] INFO  AV.MCU - VCU_Torque_Commands VCU_Torque_Commands : 0.0 & current time is  469.0  message time is 469.0 case 9
01:37:48.770 [main] INFO  AV.MCU - VCU_Torque_Commands VCU_Torque_Commands : 0.0 & current time is  489.0  message time is 489.0 case 9
01:37:49.812 [main] INFO  AV.MCU - VCU_Torque_Commands VCU_Torque_Commands : 0.0 & current time is  509.0  message time is 509.0 case 9
01:37:50.855 [main] INFO  AV.MCU - VCU_Torque_Commands VCU_Torque_Commands : 0.0 & current time is  529.0  message time is 529.0 case 9
01:37:51.979 [main] INFO  AV.MCU - VCU_Torque_Commands VCU_Torque_Commands : 0.0 & current time is  549.0  message time is 549.0 case 9
01:37:52.963 [main] INFO  AV.MCU - VCU_Torque_Commands VCU_Torque_Commands : 0.0 & current time is  569.0  message time is 569.0 case 9
01:37:53.998 [main] INFO  AV.MCU - VCU_Torque_Commands VCU_Torque_Commands : 0.0 & current time is  589.0  message time is 589.0 case 9
01:37:54.969 [main] INFO  AV.MCU - VCU_Torque_Commands VCU_Torque_Commands : 0.0 & current time is  609.0  message time is 609.0 case 9
01:37:55.928 [main] INFO  AV.MCU - VCU_Torque_Commands VCU_Torque_Commands : 0.0 & current time is  629.0  message time is 629.0 case 9
01:37:56.965 [main] INFO  AV.MCU - VCU_Torque_Commands VCU_Torque_Commands : 0.0 & current time is  649.0  message time is 649.0 case 9
01:37:57.973 [main] INFO  AV.MCU - VCU_Torque_Commands VCU_Torque_Commands : 0.0 & current time is  669.0  message time is 669.0 case 9
01:37:59.037 [main] INFO  AV.MCU - VCU_Torque_Commands VCU_Torque_Commands : 0.0 & current time is  689.0  message time is 689.0 case 9
01:38:00.038 [main] INFO  AV.MCU - VCU_Torque_Commands VCU_Torque_Commands : 0.0 & current time is  709.0  message time is 709.0 case 9
01:38:01.070 [main] INFO  AV.MCU - VCU_Torque_Commands VCU_Torque_Commands : 0.0 & current time is  729.0  message time is 729.0 case 9
01:38:02.256 [main] INFO  AV.MCU - VCU_Torque_Commands VCU_Torque_Commands : 0.0 & current time is  749.0  message time is 749.0 case 9
01:38:03.294 [main] INFO  AV.MCU - VCU_Torque_Commands VCU_Torque_Commands : 0.0 & current time is  769.0  message time is 769.0 case 9
01:38:04.321 [main] INFO  AV.MCU - VCU_Torque_Commands VCU_Torque_Commands : 0.0 & current time is  789.0  message time is 789.0 case 9
01:38:05.328 [main] INFO  AV.MCU - VCU_Torque_Commands VCU_Torque_Commands : 0.0 & current time is  809.0  message time is 809.0 case 9
01:38:06.320 [main] INFO  AV.MCU - VCU_Torque_Commands VCU_Torque_Commands : 0.0 & current time is  829.0  message time is 829.0 case 9
01:38:07.344 [main] INFO  AV.MCU - VCU_Torque_Commands VCU_Torque_Commands : 0.0 & current time is  849.0  message time is 849.0 case 9
01:38:08.334 [main] INFO  AV.MCU - VCU_Torque_Commands VCU_Torque_Commands : 0.0 & current time is  869.0  message time is 869.0 case 9
01:38:09.303 [main] INFO  AV.MCU - VCU_Torque_Commands VCU_Torque_Commands : 0.0 & current time is  889.0  message time is 889.0 case 9
01:38:10.360 [main] INFO  AV.MCU - VCU_Torque_Commands VCU_Torque_Commands : 0.0 & current time is  909.0  message time is 909.0 case 9
01:38:11.308 [main] INFO  AV.MCU - VCU_Torque_Commands VCU_Torque_Commands : 0.0 & current time is  929.0  message time is 929.0 case 9
01:38:12.496 [main] INFO  AV.MCU - VCU_Torque_Commands VCU_Torque_Commands : 0.0 & current time is  949.0  message time is 949.0 case 9
01:38:13.509 [main] INFO  AV.MCU - VCU_Torque_Commands VCU_Torque_Commands : 0.0 & current time is  969.0  message time is 969.0 case 9
01:38:14.517 [main] INFO  AV.MCU - VCU_Torque_Commands VCU_Torque_Commands : 0.0 & current time is  989.0  message time is 989.0 case 9
01:38:15.468 [main] INFO  AV.MCU - VCU_Torque_Commands VCU_Torque_Commands : 0.0 & current time is  1009.0  message time is 1009.0 case 9
01:38:16.474 [main] INFO  AV.MCU - VCU_Torque_Commands VCU_Torque_Commands : 0.0 & current time is  1029.0  message time is 1029.0 case 9
01:38:17.477 [main] INFO  AV.MCU - VCU_Torque_Commands VCU_Torque_Commands : 0.0 & current time is  1049.0  message time is 1049.0 case 9
01:38:18.466 [main] INFO  AV.MCU - VCU_Torque_Commands VCU_Torque_Commands : 0.0 & current time is  1069.0  message time is 1069.0 case 9
01:38:19.446 [main] INFO  AV.MCU - VCU_Torque_Commands VCU_Torque_Commands : 0.0 & current time is  1089.0  message time is 1089.0 case 9
01:38:20.362 [main] INFO  AV.MCU - VCU_Torque_Commands VCU_Torque_Commands : 0.0 & current time is  1109.0  message time is 1109.0 case 9
01:38:21.386 [main] INFO  AV.MCU - VCU_Torque_Commands VCU_Torque_Commands : 0.0 & current time is  1129.0  message time is 1129.0 case 9
01:38:22.399 [main] INFO  AV.MCU - VCU_Torque_Commands VCU_Torque_Commands : 0.0 & current time is  1149.0  message time is 1149.0 case 9
01:38:23.451 [main] INFO  AV.MCU - VCU_Torque_Commands VCU_Torque_Commands : 0.0 & current time is  1169.0  message time is 1169.0 case 9
01:38:24.598 [main] INFO  AV.MCU - VCU_Torque_Commands VCU_Torque_Commands : 0.0 & current time is  1189.0  message time is 1189.0 case 9
01:38:25.629 [main] INFO  AV.MCU - VCU_Torque_Commands VCU_Torque_Commands : 0.0 & current time is  1209.0  message time is 1209.0 case 9
01:38:26.645 [main] INFO  AV.MCU - VCU_Torque_Commands VCU_Torque_Commands : 0.0 & current time is  1229.0  message time is 1229.0 case 9
01:38:27.646 [main] INFO  AV.MCU - VCU_Torque_Commands VCU_Torque_Commands : 0.0 & current time is  1249.0  message time is 1249.0 case 9
01:38:28.656 [main] INFO  AV.MCU - VCU_Torque_Commands VCU_Torque_Commands : 0.0 & current time is  1269.0  message time is 1269.0 case 9
01:38:29.669 [main] INFO  AV.MCU - VCU_Torque_Commands VCU_Torque_Commands : 0.0 & current time is  1289.0  message time is 1289.0 case 9
01:38:30.702 [main] INFO  AV.MCU - VCU_Torque_Commands VCU_Torque_Commands : 0.0 & current time is  1309.0  message time is 1309.0 case 9
01:38:31.717 [main] INFO  AV.MCU - VCU_Torque_Commands VCU_Torque_Commands : 0.0 & current time is  1329.0  message time is 1329.0 case 9
01:38:32.726 [main] INFO  AV.MCU - VCU_Torque_Commands VCU_Torque_Commands : 0.0 & current time is  1349.0  message time is 1349.0 case 9
01:38:33.726 [main] INFO  AV.MCU - VCU_Torque_Commands VCU_Torque_Commands : 0.0 & current time is  1369.0  message time is 1369.0 case 9
01:38:34.700 [main] INFO  AV.MCU - VCU_Torque_Commands VCU_Torque_Commands : 0.0 & current time is  1389.0  message time is 1389.0 case 9
01:38:35.696 [main] INFO  AV.MCU - VCU_Torque_Commands VCU_Torque_Commands : 0.0 & current time is  1409.0  message time is 1409.0 case 9
01:38:36.676 [main] INFO  AV.MCU - VCU_Torque_Commands VCU_Torque_Commands : 0.0 & current time is  1429.0  message time is 1429.0 case 9
01:38:37.636 [main] INFO  AV.MCU - VCU_Torque_Commands VCU_Torque_Commands : 0.0 & current time is  1449.0  message time is 1449.0 case 9
01:38:38.645 [main] INFO  AV.MCU - VCU_Torque_Commands VCU_Torque_Commands : 0.0 & current time is  1469.0  message time is 1469.0 case 9
01:38:39.647 [main] INFO  AV.MCU - VCU_Torque_Commands VCU_Torque_Commands : 0.0 & current time is  1489.0  message time is 1489.0 case 9
01:38:40.633 [main] INFO  AV.MCU - VCU_Torque_Commands VCU_Torque_Commands : 3.0 & current time is  1509.0  message time is 1509.0 case 9
01:38:41.652 [main] INFO  AV.MCU - VCU_Torque_Commands VCU_Torque_Commands : 3.0 & current time is  1529.0  message time is 1529.0 case 9
01:38:42.647 [main] INFO  AV.MCU - VCU_Torque_Commands VCU_Torque_Commands : 3.0 & current time is  1549.0  message time is 1549.0 case 9
01:38:43.643 [main] INFO  AV.MCU - VCU_Torque_Commands VCU_Torque_Commands : 3.0 & current time is  1569.0  message time is 1569.0 case 9
01:38:44.680 [main] INFO  AV.MCU - VCU_Torque_Commands VCU_Torque_Commands : 3.0 & current time is  1589.0  message time is 1589.0 case 9
01:38:45.638 [main] INFO  AV.MCU - VCU_Torque_Commands VCU_Torque_Commands : 3.0 & current time is  1609.0  message time is 1609.0 case 9
01:38:46.615 [main] INFO  AV.MCU - VCU_Torque_Commands VCU_Torque_Commands : 3.0 & current time is  1629.0  message time is 1629.0 case 9
01:38:47.374 [main] INFO  AV.MCU - VCU_Torque_Commands VCU_Torque_Commands : 3.0 & current time is  1649.0  message time is 1649.0 case 9
01:38:48.287 [main] INFO  AV.MCU - VCU_Torque_Commands VCU_Torque_Commands : 3.0 & current time is  1669.0  message time is 1669.0 case 9
01:38:49.305 [main] INFO  AV.MCU - VCU_Torque_Commands VCU_Torque_Commands : 3.0 & current time is  1689.0  message time is 1689.0 case 9
01:38:50.427 [main] INFO  AV.MCU - VCU_Torque_Commands VCU_Torque_Commands : 3.0 & current time is  1709.0  message time is 1709.0 case 9
01:38:51.406 [main] INFO  AV.MCU - VCU_Torque_Commands VCU_Torque_Commands : 3.0 & current time is  1729.0  message time is 1729.0 case 9
01:38:52.423 [main] INFO  AV.MCU - VCU_Torque_Commands VCU_Torque_Commands : 3.0 & current time is  1749.0  message time is 1749.0 case 9
01:38:53.441 [main] INFO  AV.MCU - VCU_Torque_Commands VCU_Torque_Commands : 3.0 & current time is  1769.0  message time is 1769.0 case 9
01:38:54.410 [main] INFO  AV.MCU - VCU_Torque_Commands VCU_Torque_Commands : 3.0 & current time is  1789.0  message time is 1789.0 case 9
01:38:55.408 [main] INFO  AV.MCU - VCU_Torque_Commands VCU_Torque_Commands : 3.0 & current time is  1809.0  message time is 1809.0 case 9
01:38:56.386 [main] INFO  AV.MCU - VCU_Torque_Commands VCU_Torque_Commands : 3.0 & current time is  1829.0  message time is 1829.0 case 9
01:38:57.403 [main] INFO  AV.MCU - VCU_Torque_Commands VCU_Torque_Commands : 3.0 & current time is  1849.0  message time is 1849.0 case 9
01:38:58.393 [main] INFO  AV.MCU - VCU_Torque_Commands VCU_Torque_Commands : 3.0 & current time is  1869.0  message time is 1869.0 case 9
01:38:59.392 [main] INFO  AV.MCU - VCU_Torque_Commands VCU_Torque_Commands : 3.0 & current time is  1889.0  message time is 1889.0 case 9
01:39:00.374 [main] INFO  AV.MCU - VCU_Torque_Commands VCU_Torque_Commands : 3.0 & current time is  1909.0  message time is 1909.0 case 9
01:39:01.364 [main] INFO  AV.MCU - VCU_Torque_Commands VCU_Torque_Commands : 3.0 & current time is  1929.0  message time is 1929.0 case 9
01:39:02.352 [main] INFO  AV.MCU - VCU_Torque_Commands VCU_Torque_Commands : 3.0 & current time is  1949.0  message time is 1949.0 case 9
01:39:03.335 [main] INFO  AV.MCU - VCU_Torque_Commands VCU_Torque_Commands : 3.0 & current time is  1969.0  message time is 1969.0 case 9
01:39:04.456 [main] INFO  AV.MCU - VCU_Torque_Commands VCU_Torque_Commands : 3.0 & current time is  1989.0  message time is 1989.0 case 9
01:39:05.431 [main] INFO  AV.MCU - VCU_Torque_Commands VCU_Torque_Commands : 6.0 & current time is  2009.0  message time is 2009.0 case 9
01:39:06.434 [main] INFO  AV.MCU - VCU_Torque_Commands VCU_Torque_Commands : 6.0 & current time is  2029.0  message time is 2029.0 case 9
01:39:07.432 [main] INFO  AV.MCU - VCU_Torque_Commands VCU_Torque_Commands : 6.0 & current time is  2049.0  message time is 2049.0 case 9
01:39:08.435 [main] INFO  AV.MCU - VCU_Torque_Commands VCU_Torque_Commands : 6.0 & current time is  2069.0  message time is 2069.0 case 9
01:39:09.460 [main] INFO  AV.MCU - VCU_Torque_Commands VCU_Torque_Commands : 6.0 & current time is  2089.0  message time is 2089.0 case 9
01:39:10.454 [main] INFO  AV.MCU - VCU_Torque_Commands VCU_Torque_Commands : 6.0 & current time is  2109.0  message time is 2109.0 case 9
01:39:11.445 [main] INFO  AV.MCU - VCU_Torque_Commands VCU_Torque_Commands : 6.0 & current time is  2129.0  message time is 2129.0 case 9
01:39:12.463 [main] INFO  AV.MCU - VCU_Torque_Commands VCU_Torque_Commands : 6.0 & current time is  2149.0  message time is 2149.0 case 9
01:39:13.456 [main] INFO  AV.MCU - VCU_Torque_Commands VCU_Torque_Commands : 6.0 & current time is  2169.0  message time is 2169.0 case 9
01:39:14.454 [main] INFO  AV.MCU - VCU_Torque_Commands VCU_Torque_Commands : 6.0 & current time is  2189.0  message time is 2189.0 case 9
01:39:15.439 [main] INFO  AV.MCU - VCU_Torque_Commands VCU_Torque_Commands : 6.0 & current time is  2209.0  message time is 2209.0 case 9
01:39:16.471 [main] INFO  AV.MCU - VCU_Torque_Commands VCU_Torque_Commands : 6.0 & current time is  2229.0  message time is 2229.0 case 9
01:39:17.464 [main] INFO  AV.MCU - VCU_Torque_Commands VCU_Torque_Commands : 6.0 & current time is  2249.0  message time is 2249.0 case 9
01:39:18.471 [main] INFO  AV.MCU - VCU_Torque_Commands VCU_Torque_Commands : 6.0 & current time is  2269.0  message time is 2269.0 case 9
01:39:19.610 [main] INFO  AV.MCU - VCU_Torque_Commands VCU_Torque_Commands : 6.0 & current time is  2289.0  message time is 2289.0 case 9
01:39:20.608 [main] INFO  AV.MCU - VCU_Torque_Commands VCU_Torque_Commands : 6.0 & current time is  2309.0  message time is 2309.0 case 9
01:39:21.596 [main] INFO  AV.MCU - VCU_Torque_Commands VCU_Torque_Commands : 6.0 & current time is  2329.0  message time is 2329.0 case 9
01:39:22.601 [main] INFO  AV.MCU - VCU_Torque_Commands VCU_Torque_Commands : 6.0 & current time is  2349.0  message time is 2349.0 case 9
01:39:23.596 [main] INFO  AV.MCU - VCU_Torque_Commands VCU_Torque_Commands : 6.0 & current time is  2369.0  message time is 2369.0 case 9
01:39:24.572 [main] INFO  AV.MCU - VCU_Torque_Commands VCU_Torque_Commands : 6.0 & current time is  2389.0  message time is 2389.0 case 9
01:39:25.584 [main] INFO  AV.MCU - VCU_Torque_Commands VCU_Torque_Commands : 6.0 & current time is  2409.0  message time is 2409.0 case 9
01:39:26.636 [main] INFO  AV.MCU - VCU_Torque_Commands VCU_Torque_Commands : 6.0 & current time is  2429.0  message time is 2429.0 case 9
01:39:27.642 [main] INFO  AV.MCU - VCU_Torque_Commands VCU_Torque_Commands : 6.0 & current time is  2449.0  message time is 2449.0 case 9
01:39:28.653 [main] INFO  AV.MCU - VCU_Torque_Commands VCU_Torque_Commands : 6.0 & current time is  2469.0  message time is 2469.0 case 9
01:39:29.678 [main] INFO  AV.MCU - VCU_Torque_Commands VCU_Torque_Commands : 6.0 & current time is  2489.0  message time is 2489.0 case 9
01:39:30.729 [main] INFO  AV.MCU - VCU_Torque_Commands VCU_Torque_Commands : 9.0 & current time is  2509.0  message time is 2509.0 case 9
01:39:31.686 [main] INFO  AV.MCU - VCU_Torque_Commands VCU_Torque_Commands : 9.0 & current time is  2529.0  message time is 2529.0 case 9
01:39:32.714 [main] INFO  AV.MCU - VCU_Torque_Commands VCU_Torque_Commands : 9.0 & current time is  2549.0  message time is 2549.0 case 9
01:39:33.743 [main] INFO  AV.MCU - VCU_Torque_Commands VCU_Torque_Commands : 9.0 & current time is  2569.0  message time is 2569.0 case 9
01:39:34.704 [main] INFO  AV.MCU - VCU_Torque_Commands VCU_Torque_Commands : 9.0 & current time is  2589.0  message time is 2589.0 case 9
01:39:35.846 [main] INFO  AV.MCU - VCU_Torque_Commands VCU_Torque_Commands : 9.0 & current time is  2609.0  message time is 2609.0 case 9
01:39:36.844 [main] INFO  AV.MCU - VCU_Torque_Commands VCU_Torque_Commands : 9.0 & current time is  2629.0  message time is 2629.0 case 9
01:39:37.884 [main] INFO  AV.MCU - VCU_Torque_Commands VCU_Torque_Commands : 9.0 & current time is  2649.0  message time is 2649.0 case 9
01:39:38.892 [main] INFO  AV.MCU - VCU_Torque_Commands VCU_Torque_Commands : 9.0 & current time is  2669.0  message time is 2669.0 case 9
01:39:39.892 [main] INFO  AV.MCU - VCU_Torque_Commands VCU_Torque_Commands : 9.0 & current time is  2689.0  message time is 2689.0 case 9
01:39:40.878 [main] INFO  AV.MCU - VCU_Torque_Commands VCU_Torque_Commands : 9.0 & current time is  2709.0  message time is 2709.0 case 9
01:39:41.870 [main] INFO  AV.MCU - VCU_Torque_Commands VCU_Torque_Commands : 9.0 & current time is  2729.0  message time is 2729.0 case 9
01:39:42.855 [main] INFO  AV.MCU - VCU_Torque_Commands VCU_Torque_Commands : 9.0 & current time is  2749.0  message time is 2749.0 case 9
01:39:43.859 [main] INFO  AV.MCU - VCU_Torque_Commands VCU_Torque_Commands : 9.0 & current time is  2769.0  message time is 2769.0 case 9
01:39:44.868 [main] INFO  AV.MCU - VCU_Torque_Commands VCU_Torque_Commands : 9.0 & current time is  2789.0  message time is 2789.0 case 9
01:39:45.873 [main] INFO  AV.MCU - VCU_Torque_Commands VCU_Torque_Commands : 9.0 & current time is  2809.0  message time is 2809.0 case 9
01:39:46.875 [main] INFO  AV.MCU - VCU_Torque_Commands VCU_Torque_Commands : 9.0 & current time is  2829.0  message time is 2829.0 case 9
01:39:47.841 [main] INFO  AV.MCU - VCU_Torque_Commands VCU_Torque_Commands : 9.0 & current time is  2849.0  message time is 2849.0 case 9
01:39:48.863 [main] INFO  AV.MCU - VCU_Torque_Commands VCU_Torque_Commands : 9.0 & current time is  2869.0  message time is 2869.0 case 9
01:39:49.790 [main] INFO  AV.MCU - VCU_Torque_Commands VCU_Torque_Commands : 9.0 & current time is  2889.0  message time is 2889.0 case 9
01:39:50.795 [main] INFO  AV.MCU - VCU_Torque_Commands VCU_Torque_Commands : 9.0 & current time is  2909.0  message time is 2909.0 case 9
01:39:52.346 [main] INFO  AV.MCU - VCU_Torque_Commands VCU_Torque_Commands : 9.0 & current time is  2929.0  message time is 2929.0 case 9
01:39:53.299 [main] INFO  AV.MCU - VCU_Torque_Commands VCU_Torque_Commands : 9.0 & current time is  2949.0  message time is 2949.0 case 9
01:39:54.401 [main] INFO  AV.MCU - VCU_Torque_Commands VCU_Torque_Commands : 9.0 & current time is  2969.0  message time is 2969.0 case 9
01:39:55.423 [main] INFO  AV.MCU - VCU_Torque_Commands VCU_Torque_Commands : 9.0 & current time is  2989.0  message time is 2989.0 case 9
01:39:56.431 [main] INFO  AV.MCU - VCU_Torque_Commands VCU_Torque_Commands : 13.0 & current time is  3009.0  message time is 3009.0 case 9
01:39:57.409 [main] INFO  AV.MCU - VCU_Torque_Commands VCU_Torque_Commands : 13.0 & current time is  3029.0  message time is 3029.0 case 9
01:39:58.406 [main] INFO  AV.MCU - VCU_Torque_Commands VCU_Torque_Commands : 13.0 & current time is  3049.0  message time is 3049.0 case 9
01:39:59.430 [main] INFO  AV.MCU - VCU_Torque_Commands VCU_Torque_Commands : 13.0 & current time is  3069.0  message time is 3069.0 case 9
01:40:00.372 [main] INFO  AV.MCU - VCU_Torque_Commands VCU_Torque_Commands : 13.0 & current time is  3089.0  message time is 3089.0 case 9
01:40:01.375 [main] INFO  AV.MCU - VCU_Torque_Commands VCU_Torque_Commands : 13.0 & current time is  3109.0  message time is 3109.0 case 9
01:40:02.349 [main] INFO  AV.MCU - VCU_Torque_Commands VCU_Torque_Commands : 13.0 & current time is  3129.0  message time is 3129.0 case 9
01:40:03.351 [main] INFO  AV.MCU - VCU_Torque_Commands VCU_Torque_Commands : 13.0 & current time is  3149.0  message time is 3149.0 case 9
01:40:04.358 [main] INFO  AV.MCU - VCU_Torque_Commands VCU_Torque_Commands : 13.0 & current time is  3169.0  message time is 3169.0 case 9
01:40:05.373 [main] INFO  AV.MCU - VCU_Torque_Commands VCU_Torque_Commands : 13.0 & current time is  3189.0  message time is 3189.0 case 9
01:40:06.341 [main] INFO  AV.MCU - VCU_Torque_Commands VCU_Torque_Commands : 13.0 & current time is  3209.0  message time is 3209.0 case 9
01:40:07.333 [main] INFO  AV.MCU - VCU_Torque_Commands VCU_Torque_Commands : 13.0 & current time is  3229.0  message time is 3229.0 case 9
01:40:08.344 [main] INFO  AV.MCU - VCU_Torque_Commands VCU_Torque_Commands : 13.0 & current time is  3249.0  message time is 3249.0 case 9
01:40:09.325 [main] INFO  AV.MCU - VCU_Torque_Commands VCU_Torque_Commands : 13.0 & current time is  3269.0  message time is 3269.0 case 9
01:40:10.322 [main] INFO  AV.MCU - VCU_Torque_Commands VCU_Torque_Commands : 13.0 & current time is  3289.0  message time is 3289.0 case 9
01:40:11.438 [main] INFO  AV.MCU - VCU_Torque_Commands VCU_Torque_Commands : 13.0 & current time is  3309.0  message time is 3309.0 case 9
01:40:12.461 [main] INFO  AV.MCU - VCU_Torque_Commands VCU_Torque_Commands : 13.0 & current time is  3329.0  message time is 3329.0 case 9
01:40:13.430 [main] INFO  AV.MCU - VCU_Torque_Commands VCU_Torque_Commands : 13.0 & current time is  3349.0  message time is 3349.0 case 9
01:40:14.422 [main] INFO  AV.MCU - VCU_Torque_Commands VCU_Torque_Commands : 13.0 & current time is  3369.0  message time is 3369.0 case 9
01:40:15.430 [main] INFO  AV.MCU - VCU_Torque_Commands VCU_Torque_Commands : 13.0 & current time is  3389.0  message time is 3389.0 case 9
01:40:16.471 [main] INFO  AV.MCU - VCU_Torque_Commands VCU_Torque_Commands : 13.0 & current time is  3409.0  message time is 3409.0 case 9
01:40:17.460 [main] INFO  AV.MCU - VCU_Torque_Commands VCU_Torque_Commands : 13.0 & current time is  3429.0  message time is 3429.0 case 9
01:40:18.397 [main] INFO  AV.MCU - VCU_Torque_Commands VCU_Torque_Commands : 13.0 & current time is  3449.0  message time is 3449.0 case 9
01:40:19.415 [main] INFO  AV.MCU - VCU_Torque_Commands VCU_Torque_Commands : 13.0 & current time is  3469.0  message time is 3469.0 case 9
01:40:20.410 [main] INFO  AV.MCU - VCU_Torque_Commands VCU_Torque_Commands : 13.0 & current time is  3489.0  message time is 3489.0 case 9
01:40:21.400 [main] INFO  AV.MCU - VCU_Torque_Commands VCU_Torque_Commands : 13.0 & current time is  3509.0  message time is 3509.0 case 9
01:40:22.412 [main] INFO  AV.MCU - VCU_Torque_Commands VCU_Torque_Commands : 13.0 & current time is  3529.0  message time is 3529.0 case 9
01:40:23.380 [main] INFO  AV.MCU - VCU_Torque_Commands VCU_Torque_Commands : 13.0 & current time is  3549.0  message time is 3549.0 case 9
01:40:24.364 [main] INFO  AV.MCU - VCU_Torque_Commands VCU_Torque_Commands : 13.0 & current time is  3569.0  message time is 3569.0 case 9
01:40:25.357 [main] INFO  AV.MCU - VCU_Torque_Commands VCU_Torque_Commands : 13.0 & current time is  3589.0  message time is 3589.0 case 9
01:40:26.319 [main] INFO  AV.MCU - VCU_Torque_Commands VCU_Torque_Commands : 13.0 & current time is  3609.0  message time is 3609.0 case 9
01:40:27.116 [main] INFO  AV.MCU - VCU_Torque_Commands VCU_Torque_Commands : 13.0 & current time is  3629.0  message time is 3629.0 case 9
01:40:28.065 [main] INFO  AV.MCU - VCU_Torque_Commands VCU_Torque_Commands : 13.0 & current time is  3649.0  message time is 3649.0 case 9
01:40:29.077 [main] INFO  AV.MCU - VCU_Torque_Commands VCU_Torque_Commands : 13.0 & current time is  3669.0  message time is 3669.0 case 9
01:40:30.154 [main] INFO  AV.MCU - VCU_Torque_Commands VCU_Torque_Commands : 13.0 & current time is  3689.0  message time is 3689.0 case 9
01:40:31.164 [main] INFO  AV.MCU - VCU_Torque_Commands VCU_Torque_Commands : 13.0 & current time is  3709.0  message time is 3709.0 case 9
01:40:32.175 [main] INFO  AV.MCU - VCU_Torque_Commands VCU_Torque_Commands : 13.0 & current time is  3729.0  message time is 3729.0 case 9
01:40:33.051 [main] INFO  AV.MCU - VCU_Torque_Commands VCU_Torque_Commands : 13.0 & current time is  3749.0  message time is 3749.0 case 9
01:40:33.745 [main] INFO  AV.MCU - VCU_Torque_Commands VCU_Torque_Commands : 13.0 & current time is  3769.0  message time is 3769.0 case 9
01:40:34.713 [main] INFO  AV.MCU - VCU_Torque_Commands VCU_Torque_Commands : 13.0 & current time is  3789.0  message time is 3789.0 case 9
01:40:35.707 [main] INFO  AV.MCU - VCU_Torque_Commands VCU_Torque_Commands : 13.0 & current time is  3809.0  message time is 3809.0 case 9
01:40:36.708 [main] INFO  AV.MCU - VCU_Torque_Commands VCU_Torque_Commands : 13.0 & current time is  3829.0  message time is 3829.0 case 9
01:40:37.727 [main] INFO  AV.MCU - VCU_Torque_Commands VCU_Torque_Commands : 13.0 & current time is  3849.0  message time is 3849.0 case 9
01:40:38.721 [main] INFO  AV.MCU - VCU_Torque_Commands VCU_Torque_Commands : 13.0 & current time is  3869.0  message time is 3869.0 case 9
01:40:39.731 [main] INFO  AV.MCU - VCU_Torque_Commands VCU_Torque_Commands : 13.0 & current time is  3889.0  message time is 3889.0 case 9
01:40:40.723 [main] INFO  AV.MCU - VCU_Torque_Commands VCU_Torque_Commands : 13.0 & current time is  3909.0  message time is 3909.0 case 9
01:40:41.670 [main] INFO  AV.MCU - VCU_Torque_Commands VCU_Torque_Commands : 13.0 & current time is  3929.0  message time is 3929.0 case 9
01:40:42.676 [main] INFO  AV.MCU - VCU_Torque_Commands VCU_Torque_Commands : 13.0 & current time is  3949.0  message time is 3949.0 case 9
01:40:43.674 [main] INFO  AV.MCU - VCU_Torque_Commands VCU_Torque_Commands : 13.0 & current time is  3969.0  message time is 3969.0 case 9
01:40:44.664 [main] INFO  AV.MCU - VCU_Torque_Commands VCU_Torque_Commands : 13.0 & current time is  3989.0  message time is 3989.0 case 9
01:40:45.642 [main] INFO  AV.MCU - VCU_Torque_Commands VCU_Torque_Commands : 17.0 & current time is  4009.0  message time is 4009.0 case 9
01:40:46.617 [main] INFO  AV.MCU - VCU_Torque_Commands VCU_Torque_Commands : 17.0 & current time is  4029.0  message time is 4029.0 case 9
01:40:47.595 [main] INFO  AV.MCU - VCU_Torque_Commands VCU_Torque_Commands : 17.0 & current time is  4049.0  message time is 4049.0 case 9
01:40:48.737 [main] INFO  AV.MCU - VCU_Torque_Commands VCU_Torque_Commands : 17.0 & current time is  4069.0  message time is 4069.0 case 9
01:40:49.759 [main] INFO  AV.MCU - VCU_Torque_Commands VCU_Torque_Commands : 17.0 & current time is  4089.0  message time is 4089.0 case 9
01:40:50.754 [main] INFO  AV.MCU - VCU_Torque_Commands VCU_Torque_Commands : 17.0 & current time is  4109.0  message time is 4109.0 case 9
01:40:51.716 [main] INFO  AV.MCU - VCU_Torque_Commands VCU_Torque_Commands : 17.0 & current time is  4129.0  message time is 4129.0 case 9
01:40:52.691 [main] INFO  AV.MCU - VCU_Torque_Commands VCU_Torque_Commands : 17.0 & current time is  4149.0  message time is 4149.0 case 9
01:40:53.670 [main] INFO  AV.MCU - VCU_Torque_Commands VCU_Torque_Commands : 17.0 & current time is  4169.0  message time is 4169.0 case 9
01:40:54.686 [main] INFO  AV.MCU - VCU_Torque_Commands VCU_Torque_Commands : 17.0 & current time is  4189.0  message time is 4189.0 case 9
01:40:55.606 [main] INFO  AV.MCU - VCU_Torque_Commands VCU_Torque_Commands : 17.0 & current time is  4209.0  message time is 4209.0 case 9
01:40:56.610 [main] INFO  AV.MCU - VCU_Torque_Commands VCU_Torque_Commands : 17.0 & current time is  4229.0  message time is 4229.0 case 9
01:40:57.639 [main] INFO  AV.MCU - VCU_Torque_Commands VCU_Torque_Commands : 17.0 & current time is  4249.0  message time is 4249.0 case 9
01:40:58.576 [main] INFO  AV.MCU - VCU_Torque_Commands VCU_Torque_Commands : 17.0 & current time is  4269.0  message time is 4269.0 case 9
01:40:59.553 [main] INFO  AV.MCU - VCU_Torque_Commands VCU_Torque_Commands : 17.0 & current time is  4289.0  message time is 4289.0 case 9
01:41:00.549 [main] INFO  AV.MCU - VCU_Torque_Commands VCU_Torque_Commands : 17.0 & current time is  4309.0  message time is 4309.0 case 9
01:41:01.545 [main] INFO  AV.MCU - VCU_Torque_Commands VCU_Torque_Commands : 17.0 & current time is  4329.0  message time is 4329.0 case 9
01:41:02.530 [main] INFO  AV.MCU - VCU_Torque_Commands VCU_Torque_Commands : 17.0 & current time is  4349.0  message time is 4349.0 case 9
01:41:03.522 [main] INFO  AV.MCU - VCU_Torque_Commands VCU_Torque_Commands : 17.0 & current time is  4369.0  message time is 4369.0 case 9
01:41:04.517 [main] INFO  AV.MCU - VCU_Torque_Commands VCU_Torque_Commands : 17.0 & current time is  4389.0  message time is 4389.0 case 9
01:41:05.391 [main] INFO  AV.MCU - VCU_Torque_Commands VCU_Torque_Commands : 17.0 & current time is  4409.0  message time is 4409.0 case 9
01:41:06.446 [main] INFO  AV.MCU - VCU_Torque_Commands VCU_Torque_Commands : 17.0 & current time is  4429.0  message time is 4429.0 case 9
01:41:07.477 [main] INFO  AV.MCU - VCU_Torque_Commands VCU_Torque_Commands : 17.0 & current time is  4449.0  message time is 4449.0 case 9
01:41:08.443 [main] INFO  AV.MCU - VCU_Torque_Commands VCU_Torque_Commands : 17.0 & current time is  4469.0  message time is 4469.0 case 9
01:41:09.592 [main] INFO  AV.MCU - VCU_Torque_Commands VCU_Torque_Commands : 17.0 & current time is  4489.0  message time is 4489.0 case 9
01:41:10.589 [main] INFO  AV.MCU - VCU_Torque_Commands VCU_Torque_Commands : 17.0 & current time is  4509.0  message time is 4509.0 case 9
01:41:11.578 [main] INFO  AV.MCU - VCU_Torque_Commands VCU_Torque_Commands : 17.0 & current time is  4529.0  message time is 4529.0 case 9
01:41:12.504 [main] INFO  AV.MCU - VCU_Torque_Commands VCU_Torque_Commands : 17.0 & current time is  4549.0  message time is 4549.0 case 9
01:41:13.479 [main] INFO  AV.MCU - VCU_Torque_Commands VCU_Torque_Commands : 17.0 & current time is  4569.0  message time is 4569.0 case 9
01:41:14.488 [main] INFO  AV.MCU - VCU_Torque_Commands VCU_Torque_Commands : 17.0 & current time is  4589.0  message time is 4589.0 case 9
01:41:15.501 [main] INFO  AV.MCU - VCU_Torque_Commands VCU_Torque_Commands : 17.0 & current time is  4609.0  message time is 4609.0 case 9
01:41:16.510 [main] INFO  AV.MCU - VCU_Torque_Commands VCU_Torque_Commands : 17.0 & current time is  4629.0  message time is 4629.0 case 9
01:41:17.482 [main] INFO  AV.MCU - VCU_Torque_Commands VCU_Torque_Commands : 17.0 & current time is  4649.0  message time is 4649.0 case 9
01:41:18.485 [main] INFO  AV.MCU - VCU_Torque_Commands VCU_Torque_Commands : 17.0 & current time is  4669.0  message time is 4669.0 case 9
01:41:19.526 [main] INFO  AV.MCU - VCU_Torque_Commands VCU_Torque_Commands : 17.0 & current time is  4689.0  message time is 4689.0 case 9
01:41:20.511 [main] INFO  AV.MCU - VCU_Torque_Commands VCU_Torque_Commands : 17.0 & current time is  4709.0  message time is 4709.0 case 9
01:41:21.506 [main] INFO  AV.MCU - VCU_Torque_Commands VCU_Torque_Commands : 17.0 & current time is  4729.0  message time is 4729.0 case 9
01:41:22.406 [main] INFO  AV.MCU - VCU_Torque_Commands VCU_Torque_Commands : 17.0 & current time is  4749.0  message time is 4749.0 case 9
01:41:23.411 [main] INFO  AV.MCU - VCU_Torque_Commands VCU_Torque_Commands : 17.0 & current time is  4769.0  message time is 4769.0 case 9
01:41:24.406 [main] INFO  AV.MCU - VCU_Torque_Commands VCU_Torque_Commands : 17.0 & current time is  4789.0  message time is 4789.0 case 9
01:41:25.387 [main] INFO  AV.MCU - VCU_Torque_Commands VCU_Torque_Commands : 17.0 & current time is  4809.0  message time is 4809.0 case 9
01:41:26.393 [main] INFO  AV.MCU - VCU_Torque_Commands VCU_Torque_Commands : 17.0 & current time is  4829.0  message time is 4829.0 case 9
01:41:27.356 [main] INFO  AV.MCU - VCU_Torque_Commands VCU_Torque_Commands : 17.0 & current time is  4849.0  message time is 4849.0 case 9
01:41:28.372 [main] INFO  AV.MCU - VCU_Torque_Commands VCU_Torque_Commands : 17.0 & current time is  4869.0  message time is 4869.0 case 9
01:41:29.327 [main] INFO  AV.MCU - VCU_Torque_Commands VCU_Torque_Commands : 17.0 & current time is  4889.0  message time is 4889.0 case 9
01:41:30.503 [main] INFO  AV.MCU - VCU_Torque_Commands VCU_Torque_Commands : 17.0 & current time is  4909.0  message time is 4909.0 case 9
01:41:31.494 [main] INFO  AV.MCU - VCU_Torque_Commands VCU_Torque_Commands : 17.0 & current time is  4929.0  message time is 4929.0 case 9
01:41:32.485 [main] INFO  AV.MCU - VCU_Torque_Commands VCU_Torque_Commands : 17.0 & current time is  4949.0  message time is 4949.0 case 9
01:41:33.437 [main] INFO  AV.MCU - VCU_Torque_Commands VCU_Torque_Commands : 17.0 & current time is  4969.0  message time is 4969.0 case 9
01:41:34.385 [main] INFO  AV.MCU - VCU_Torque_Commands VCU_Torque_Commands : 17.0 & current time is  4989.0  message time is 4989.0 case 9
01:41:35.289 [main] INFO  AV.MCU - VCU_Torque_Commands VCU_Torque_Commands : 17.0 & current time is  5009.0  message time is 5009.0 case 9
01:41:36.176 [main] INFO  AV.MCU - VCU_Torque_Commands VCU_Torque_Commands : 17.0 & current time is  5029.0  message time is 5029.0 case 9
01:41:37.244 [main] INFO  AV.MCU - VCU_Torque_Commands VCU_Torque_Commands : 17.0 & current time is  5049.0  message time is 5049.0 case 9
01:41:38.242 [main] INFO  AV.MCU - VCU_Torque_Commands VCU_Torque_Commands : 17.0 & current time is  5069.0  message time is 5069.0 case 9
01:41:39.242 [main] INFO  AV.MCU - VCU_Torque_Commands VCU_Torque_Commands : 17.0 & current time is  5089.0  message time is 5089.0 case 9
01:41:40.255 [main] INFO  AV.MCU - VCU_Torque_Commands VCU_Torque_Commands : 17.0 & current time is  5109.0  message time is 5109.0 case 9
01:41:41.194 [main] INFO  AV.MCU - VCU_Torque_Commands VCU_Torque_Commands : 17.0 & current time is  5129.0  message time is 5129.0 case 9
01:41:42.257 [main] INFO  AV.MCU - VCU_Torque_Commands VCU_Torque_Commands : 17.0 & current time is  5149.0  message time is 5149.0 case 9
01:41:43.149 [main] INFO  AV.MCU - VCU_Torque_Commands VCU_Torque_Commands : 17.0 & current time is  5169.0  message time is 5169.0 case 9
01:41:44.120 [main] INFO  AV.MCU - VCU_Torque_Commands VCU_Torque_Commands : 17.0 & current time is  5189.0  message time is 5189.0 case 9
01:41:45.126 [main] INFO  AV.MCU - VCU_Torque_Commands VCU_Torque_Commands : 17.0 & current time is  5209.0  message time is 5209.0 case 9
01:41:46.126 [main] INFO  AV.MCU - VCU_Torque_Commands VCU_Torque_Commands : 17.0 & current time is  5229.0  message time is 5229.0 case 9
01:41:47.140 [main] INFO  AV.MCU - VCU_Torque_Commands VCU_Torque_Commands : 17.0 & current time is  5249.0  message time is 5249.0 case 9
01:41:48.092 [main] INFO  AV.MCU - VCU_Torque_Commands VCU_Torque_Commands : 17.0 & current time is  5269.0  message time is 5269.0 case 9
01:41:49.089 [main] INFO  AV.MCU - VCU_Torque_Commands VCU_Torque_Commands : 17.0 & current time is  5289.0  message time is 5289.0 case 9
01:41:50.061 [main] INFO  AV.MCU - VCU_Torque_Commands VCU_Torque_Commands : 17.0 & current time is  5309.0  message time is 5309.0 case 9
01:41:51.064 [main] INFO  AV.MCU - VCU_Torque_Commands VCU_Torque_Commands : 17.0 & current time is  5329.0  message time is 5329.0 case 9
01:41:52.242 [main] INFO  AV.MCU - VCU_Torque_Commands VCU_Torque_Commands : 17.0 & current time is  5349.0  message time is 5349.0 case 9
01:41:53.245 [main] INFO  AV.MCU - VCU_Torque_Commands VCU_Torque_Commands : 17.0 & current time is  5369.0  message time is 5369.0 case 9
01:41:54.216 [main] INFO  AV.MCU - VCU_Torque_Commands VCU_Torque_Commands : 17.0 & current time is  5389.0  message time is 5389.0 case 9
01:41:55.220 [main] INFO  AV.MCU - VCU_Torque_Commands VCU_Torque_Commands : 17.0 & current time is  5409.0  message time is 5409.0 case 9
01:41:56.208 [main] INFO  AV.MCU - VCU_Torque_Commands VCU_Torque_Commands : 17.0 & current time is  5429.0  message time is 5429.0 case 9
01:41:57.221 [main] INFO  AV.MCU - VCU_Torque_Commands VCU_Torque_Commands : 17.0 & current time is  5449.0  message time is 5449.0 case 9
01:41:58.191 [main] INFO  AV.MCU - VCU_Torque_Commands VCU_Torque_Commands : 17.0 & current time is  5469.0  message time is 5469.0 case 9
01:41:59.177 [main] INFO  AV.MCU - VCU_Torque_Commands VCU_Torque_Commands : 17.0 & current time is  5489.0  message time is 5489.0 case 9
01:42:00.162 [main] INFO  AV.MCU - VCU_Torque_Commands VCU_Torque_Commands : 17.0 & current time is  5509.0  message time is 5509.0 case 9
01:42:01.102 [main] INFO  AV.MCU - VCU_Torque_Commands VCU_Torque_Commands : 17.0 & current time is  5529.0  message time is 5529.0 case 9
01:42:02.093 [main] INFO  AV.MCU - VCU_Torque_Commands VCU_Torque_Commands : 17.0 & current time is  5549.0  message time is 5549.0 case 9
01:42:03.073 [main] INFO  AV.MCU - VCU_Torque_Commands VCU_Torque_Commands : 17.0 & current time is  5569.0  message time is 5569.0 case 9
01:42:04.076 [main] INFO  AV.MCU - VCU_Torque_Commands VCU_Torque_Commands : 17.0 & current time is  5589.0  message time is 5589.0 case 9
01:42:05.071 [main] INFO  AV.MCU - VCU_Torque_Commands VCU_Torque_Commands : 17.0 & current time is  5609.0  message time is 5609.0 case 9
01:42:06.061 [main] INFO  AV.MCU - VCU_Torque_Commands VCU_Torque_Commands : 17.0 & current time is  5629.0  message time is 5629.0 case 9
01:42:07.055 [main] INFO  AV.MCU - VCU_Torque_Commands VCU_Torque_Commands : 17.0 & current time is  5649.0  message time is 5649.0 case 9
01:42:07.985 [main] INFO  AV.MCU - VCU_Torque_Commands VCU_Torque_Commands : 17.0 & current time is  5669.0  message time is 5669.0 case 9
01:42:08.983 [main] INFO  AV.MCU - VCU_Torque_Commands VCU_Torque_Commands : 17.0 & current time is  5689.0  message time is 5689.0 case 9
01:42:09.982 [main] INFO  AV.MCU - VCU_Torque_Commands VCU_Torque_Commands : 17.0 & current time is  5709.0  message time is 5709.0 case 9
01:42:10.952 [main] INFO  AV.MCU - VCU_Torque_Commands VCU_Torque_Commands : 17.0 & current time is  5729.0  message time is 5729.0 case 9
01:42:11.946 [main] INFO  AV.MCU - VCU_Torque_Commands VCU_Torque_Commands : 17.0 & current time is  5749.0  message time is 5749.0 case 9
01:42:12.943 [main] INFO  AV.MCU - VCU_Torque_Commands VCU_Torque_Commands : 17.0 & current time is  5769.0  message time is 5769.0 case 9
01:42:14.077 [main] INFO  AV.MCU - VCU_Torque_Commands VCU_Torque_Commands : 17.0 & current time is  5789.0  message time is 5789.0 case 9
01:42:15.050 [main] INFO  AV.MCU - VCU_Torque_Commands VCU_Torque_Commands : 17.0 & current time is  5809.0  message time is 5809.0 case 9
01:42:16.040 [main] INFO  AV.MCU - VCU_Torque_Commands VCU_Torque_Commands : 17.0 & current time is  5829.0  message time is 5829.0 case 9
01:42:17.032 [main] INFO  AV.MCU - VCU_Torque_Commands VCU_Torque_Commands : 17.0 & current time is  5849.0  message time is 5849.0 case 9
01:42:18.025 [main] INFO  AV.MCU - VCU_Torque_Commands VCU_Torque_Commands : 17.0 & current time is  5869.0  message time is 5869.0 case 9
01:42:19.028 [main] INFO  AV.MCU - VCU_Torque_Commands VCU_Torque_Commands : 17.0 & current time is  5889.0  message time is 5889.0 case 9
01:42:20.012 [main] INFO  AV.MCU - VCU_Torque_Commands VCU_Torque_Commands : 17.0 & current time is  5909.0  message time is 5909.0 case 9
01:42:20.987 [main] INFO  AV.MCU - VCU_Torque_Commands VCU_Torque_Commands : 17.0 & current time is  5929.0  message time is 5929.0 case 9
01:42:21.985 [main] INFO  AV.MCU - VCU_Torque_Commands VCU_Torque_Commands : 17.0 & current time is  5949.0  message time is 5949.0 case 9
01:42:22.957 [main] INFO  AV.MCU - VCU_Torque_Commands VCU_Torque_Commands : 17.0 & current time is  5969.0  message time is 5969.0 case 9
01:42:23.964 [main] INFO  AV.MCU - VCU_Torque_Commands VCU_Torque_Commands : 17.0 & current time is  5989.0  message time is 5989.0 case 9
01:42:24.965 [main] INFO  AV.MCU - VCU_Torque_Commands VCU_Torque_Commands : 17.0 & current time is  6009.0  message time is 6009.0 case 9
01:42:25.977 [main] INFO  AV.MCU - VCU_Torque_Commands VCU_Torque_Commands : 17.0 & current time is  6029.0  message time is 6029.0 case 9
01:42:26.953 [main] INFO  AV.MCU - VCU_Torque_Commands VCU_Torque_Commands : 17.0 & current time is  6049.0  message time is 6049.0 case 9
01:42:27.930 [main] INFO  AV.MCU - VCU_Torque_Commands VCU_Torque_Commands : 17.0 & current time is  6069.0  message time is 6069.0 case 9
01:42:28.923 [main] INFO  AV.MCU - VCU_Torque_Commands VCU_Torque_Commands : 17.0 & current time is  6089.0  message time is 6089.0 case 9
01:42:29.895 [main] INFO  AV.MCU - VCU_Torque_Commands VCU_Torque_Commands : 17.0 & current time is  6109.0  message time is 6109.0 case 9
01:42:30.860 [main] INFO  AV.MCU - VCU_Torque_Commands VCU_Torque_Commands : 17.0 & current time is  6129.0  message time is 6129.0 case 9
01:42:31.869 [main] INFO  AV.MCU - VCU_Torque_Commands VCU_Torque_Commands : 17.0 & current time is  6149.0  message time is 6149.0 case 9
01:42:32.686 [main] INFO  AV.MCU - VCU_Torque_Commands VCU_Torque_Commands : 17.0 & current time is  6169.0  message time is 6169.0 case 9
01:42:34.179 [main] INFO  AV.MCU - VCU_Torque_Commands VCU_Torque_Commands : 17.0 & current time is  6189.0  message time is 6189.0 case 9
01:42:35.144 [main] INFO  AV.MCU - VCU_Torque_Commands VCU_Torque_Commands : 17.0 & current time is  6209.0  message time is 6209.0 case 9
01:42:36.141 [main] INFO  AV.MCU - VCU_Torque_Commands VCU_Torque_Commands : 17.0 & current time is  6229.0  message time is 6229.0 case 9
01:42:37.128 [main] INFO  AV.MCU - VCU_Torque_Commands VCU_Torque_Commands : 17.0 & current time is  6249.0  message time is 6249.0 case 9
01:42:38.306 [main] INFO  AV.MCU - VCU_Torque_Commands VCU_Torque_Commands : 17.0 & current time is  6269.0  message time is 6269.0 case 9
01:42:39.347 [main] INFO  AV.MCU - VCU_Torque_Commands VCU_Torque_Commands : 17.0 & current time is  6289.0  message time is 6289.0 case 9
01:42:40.348 [main] INFO  AV.MCU - VCU_Torque_Commands VCU_Torque_Commands : 17.0 & current time is  6309.0  message time is 6309.0 case 9
01:42:41.333 [main] INFO  AV.MCU - VCU_Torque_Commands VCU_Torque_Commands : 17.0 & current time is  6329.0  message time is 6329.0 case 9
01:42:42.323 [main] INFO  AV.MCU - VCU_Torque_Commands VCU_Torque_Commands : 17.0 & current time is  6349.0  message time is 6349.0 case 9
01:42:43.310 [main] INFO  AV.MCU - VCU_Torque_Commands VCU_Torque_Commands : 17.0 & current time is  6369.0  message time is 6369.0 case 9
01:42:44.323 [main] INFO  AV.MCU - VCU_Torque_Commands VCU_Torque_Commands : 17.0 & current time is  6389.0  message time is 6389.0 case 9
01:42:45.289 [main] INFO  AV.MCU - VCU_Torque_Commands VCU_Torque_Commands : 17.0 & current time is  6409.0  message time is 6409.0 case 9
01:42:46.289 [main] INFO  AV.MCU - VCU_Torque_Commands VCU_Torque_Commands : 17.0 & current time is  6429.0  message time is 6429.0 case 9
01:42:47.275 [main] INFO  AV.MCU - VCU_Torque_Commands VCU_Torque_Commands : 17.0 & current time is  6449.0  message time is 6449.0 case 9
01:42:48.301 [main] INFO  AV.MCU - VCU_Torque_Commands VCU_Torque_Commands : 17.0 & current time is  6469.0  message time is 6469.0 case 9
01:42:49.320 [main] INFO  AV.MCU - VCU_Torque_Commands VCU_Torque_Commands : 17.0 & current time is  6489.0  message time is 6489.0 case 9
01:42:50.254 [main] INFO  AV.MCU - VCU_Torque_Commands VCU_Torque_Commands : 17.0 & current time is  6509.0  message time is 6509.0 case 9
01:42:51.264 [main] INFO  AV.MCU - VCU_Torque_Commands VCU_Torque_Commands : 17.0 & current time is  6529.0  message time is 6529.0 case 9
01:42:52.246 [main] INFO  AV.MCU - VCU_Torque_Commands VCU_Torque_Commands : 17.0 & current time is  6549.0  message time is 6549.0 case 9
01:42:53.236 [main] INFO  AV.MCU - VCU_Torque_Commands VCU_Torque_Commands : 17.0 & current time is  6569.0  message time is 6569.0 case 9
01:42:54.230 [main] INFO  AV.MCU - VCU_Torque_Commands VCU_Torque_Commands : 17.0 & current time is  6589.0  message time is 6589.0 case 9
01:42:55.240 [main] INFO  AV.MCU - VCU_Torque_Commands VCU_Torque_Commands : 17.0 & current time is  6609.0  message time is 6609.0 case 9
01:42:56.228 [main] INFO  AV.MCU - VCU_Torque_Commands VCU_Torque_Commands : 17.0 & current time is  6629.0  message time is 6629.0 case 9
01:42:57.188 [main] INFO  AV.MCU - VCU_Torque_Commands VCU_Torque_Commands : 17.0 & current time is  6649.0  message time is 6649.0 case 9
01:42:58.162 [main] INFO  AV.MCU - VCU_Torque_Commands VCU_Torque_Commands : 17.0 & current time is  6669.0  message time is 6669.0 case 9
01:42:59.143 [main] INFO  AV.MCU - VCU_Torque_Commands VCU_Torque_Commands : 17.0 & current time is  6689.0  message time is 6689.0 case 9
01:43:00.111 [main] INFO  AV.MCU - VCU_Torque_Commands VCU_Torque_Commands : 17.0 & current time is  6709.0  message time is 6709.0 case 9
01:43:01.118 [main] INFO  AV.MCU - VCU_Torque_Commands VCU_Torque_Commands : 17.0 & current time is  6729.0  message time is 6729.0 case 9
01:43:02.321 [main] INFO  AV.MCU - VCU_Torque_Commands VCU_Torque_Commands : 17.0 & current time is  6749.0  message time is 6749.0 case 9
01:43:03.796 [main] INFO  AV.MCU - VCU_Torque_Commands VCU_Torque_Commands : 17.0 & current time is  6769.0  message time is 6769.0 case 9
01:43:04.772 [main] INFO  AV.MCU - VCU_Torque_Commands VCU_Torque_Commands : 17.0 & current time is  6789.0  message time is 6789.0 case 9
01:43:05.736 [main] INFO  AV.MCU - VCU_Torque_Commands VCU_Torque_Commands : 17.0 & current time is  6809.0  message time is 6809.0 case 9
01:43:06.684 [main] INFO  AV.MCU - VCU_Torque_Commands VCU_Torque_Commands : 17.0 & current time is  6829.0  message time is 6829.0 case 9
01:43:07.641 [main] INFO  AV.MCU - VCU_Torque_Commands VCU_Torque_Commands : 17.0 & current time is  6849.0  message time is 6849.0 case 9
01:43:08.621 [main] INFO  AV.MCU - VCU_Torque_Commands VCU_Torque_Commands : 17.0 & current time is  6869.0  message time is 6869.0 case 9
01:43:09.574 [main] INFO  AV.MCU - VCU_Torque_Commands VCU_Torque_Commands : 17.0 & current time is  6889.0  message time is 6889.0 case 9
01:43:10.519 [main] INFO  AV.MCU - VCU_Torque_Commands VCU_Torque_Commands : 17.0 & current time is  6909.0  message time is 6909.0 case 9
01:43:11.491 [main] INFO  AV.MCU - VCU_Torque_Commands VCU_Torque_Commands : 17.0 & current time is  6929.0  message time is 6929.0 case 9
01:43:12.476 [main] INFO  AV.MCU - VCU_Torque_Commands VCU_Torque_Commands : 17.0 & current time is  6949.0  message time is 6949.0 case 9
01:43:13.497 [main] INFO  AV.MCU - VCU_Torque_Commands VCU_Torque_Commands : 17.0 & current time is  6969.0  message time is 6969.0 case 9
01:43:14.487 [main] INFO  AV.MCU - VCU_Torque_Commands VCU_Torque_Commands : 17.0 & current time is  6989.0  message time is 6989.0 case 9
01:43:15.502 [main] INFO  AV.MCU - VCU_Torque_Commands VCU_Torque_Commands : 17.0 & current time is  7009.0  message time is 7009.0 case 9
01:43:16.444 [main] INFO  AV.MCU - VCU_Torque_Commands VCU_Torque_Commands : 17.0 & current time is  7029.0  message time is 7029.0 case 9
01:43:17.468 [main] INFO  AV.MCU - VCU_Torque_Commands VCU_Torque_Commands : 17.0 & current time is  7049.0  message time is 7049.0 case 9
01:43:18.396 [main] INFO  AV.MCU - VCU_Torque_Commands VCU_Torque_Commands : 17.0 & current time is  7069.0  message time is 7069.0 case 9
01:43:19.331 [main] INFO  AV.MCU - VCU_Torque_Commands VCU_Torque_Commands : 17.0 & current time is  7089.0  message time is 7089.0 case 9
01:43:20.286 [main] INFO  AV.MCU - VCU_Torque_Commands VCU_Torque_Commands : 17.0 & current time is  7109.0  message time is 7109.0 case 9
01:43:21.279 [main] INFO  AV.MCU - VCU_Torque_Commands VCU_Torque_Commands : 17.0 & current time is  7129.0  message time is 7129.0 case 9
01:43:22.243 [main] INFO  AV.MCU - VCU_Torque_Commands VCU_Torque_Commands : 17.0 & current time is  7149.0  message time is 7149.0 case 9
01:43:23.233 [main] INFO  AV.MCU - VCU_Torque_Commands VCU_Torque_Commands : 17.0 & current time is  7169.0  message time is 7169.0 case 9
01:43:24.160 [main] INFO  AV.MCU - VCU_Torque_Commands VCU_Torque_Commands : 17.0 & current time is  7189.0  message time is 7189.0 case 9
01:43:25.164 [main] INFO  AV.MCU - VCU_Torque_Commands VCU_Torque_Commands : 17.0 & current time is  7209.0  message time is 7209.0 case 9
01:43:26.175 [main] INFO  AV.MCU - VCU_Torque_Commands VCU_Torque_Commands : 17.0 & current time is  7229.0  message time is 7229.0 case 9
01:43:27.364 [main] INFO  AV.MCU - VCU_Torque_Commands VCU_Torque_Commands : 17.0 & current time is  7249.0  message time is 7249.0 case 9
01:43:28.354 [main] INFO  AV.MCU - VCU_Torque_Commands VCU_Torque_Commands : 17.0 & current time is  7269.0  message time is 7269.0 case 9
01:43:29.252 [main] INFO  AV.MCU - VCU_Torque_Commands VCU_Torque_Commands : 17.0 & current time is  7289.0  message time is 7289.0 case 9
01:43:30.233 [main] INFO  AV.MCU - VCU_Torque_Commands VCU_Torque_Commands : 17.0 & current time is  7309.0  message time is 7309.0 case 9
01:43:31.201 [main] INFO  AV.MCU - VCU_Torque_Commands VCU_Torque_Commands : 17.0 & current time is  7329.0  message time is 7329.0 case 9
01:43:32.102 [main] INFO  AV.MCU - VCU_Torque_Commands VCU_Torque_Commands : 17.0 & current time is  7349.0  message time is 7349.0 case 9
01:43:33.052 [main] INFO  AV.MCU - VCU_Torque_Commands VCU_Torque_Commands : 17.0 & current time is  7369.0  message time is 7369.0 case 9
01:43:34.050 [main] INFO  AV.MCU - VCU_Torque_Commands VCU_Torque_Commands : 17.0 & current time is  7389.0  message time is 7389.0 case 9
01:43:35.054 [main] INFO  AV.MCU - VCU_Torque_Commands VCU_Torque_Commands : 17.0 & current time is  7409.0  message time is 7409.0 case 9
01:43:36.049 [main] INFO  AV.MCU - VCU_Torque_Commands VCU_Torque_Commands : 17.0 & current time is  7429.0  message time is 7429.0 case 9
01:43:36.950 [main] INFO  AV.MCU - VCU_Torque_Commands VCU_Torque_Commands : 17.0 & current time is  7449.0  message time is 7449.0 case 9
01:43:37.922 [main] INFO  AV.MCU - VCU_Torque_Commands VCU_Torque_Commands : 17.0 & current time is  7469.0  message time is 7469.0 case 9
01:43:38.948 [main] INFO  AV.MCU - VCU_Torque_Commands VCU_Torque_Commands : 17.0 & current time is  7489.0  message time is 7489.0 case 9
01:43:39.922 [main] INFO  AV.MCU - VCU_Torque_Commands VCU_Torque_Commands : 17.0 & current time is  7509.0  message time is 7509.0 case 9
01:43:40.832 [main] INFO  AV.MCU - VCU_Torque_Commands VCU_Torque_Commands : 17.0 & current time is  7529.0  message time is 7529.0 case 9
01:43:41.845 [main] INFO  AV.MCU - VCU_Torque_Commands VCU_Torque_Commands : 17.0 & current time is  7549.0  message time is 7549.0 case 9
01:43:42.847 [main] INFO  AV.MCU - VCU_Torque_Commands VCU_Torque_Commands : 17.0 & current time is  7569.0  message time is 7569.0 case 9
01:43:43.858 [main] INFO  AV.MCU - VCU_Torque_Commands VCU_Torque_Commands : 17.0 & current time is  7589.0  message time is 7589.0 case 9
01:43:44.832 [main] INFO  AV.MCU - VCU_Torque_Commands VCU_Torque_Commands : 17.0 & current time is  7609.0  message time is 7609.0 case 9
01:43:45.737 [main] INFO  AV.MCU - VCU_Torque_Commands VCU_Torque_Commands : 17.0 & current time is  7629.0  message time is 7629.0 case 9
01:43:46.711 [main] INFO  AV.MCU - VCU_Torque_Commands VCU_Torque_Commands : 17.0 & current time is  7649.0  message time is 7649.0 case 9
01:43:47.670 [main] INFO  AV.MCU - VCU_Torque_Commands VCU_Torque_Commands : 17.0 & current time is  7669.0  message time is 7669.0 case 9
01:43:48.685 [main] INFO  AV.MCU - VCU_Torque_Commands VCU_Torque_Commands : 17.0 & current time is  7689.0  message time is 7689.0 case 9
01:43:49.609 [main] INFO  AV.MCU - VCU_Torque_Commands VCU_Torque_Commands : 17.0 & current time is  7709.0  message time is 7709.0 case 9
01:43:50.580 [main] INFO  AV.MCU - VCU_Torque_Commands VCU_Torque_Commands : 17.0 & current time is  7729.0  message time is 7729.0 case 9
01:43:51.598 [main] INFO  AV.MCU - VCU_Torque_Commands VCU_Torque_Commands : 17.0 & current time is  7749.0  message time is 7749.0 case 9
01:43:52.606 [main] INFO  AV.MCU - VCU_Torque_Commands VCU_Torque_Commands : 17.0 & current time is  7769.0  message time is 7769.0 case 9
01:43:53.504 [main] INFO  AV.MCU - VCU_Torque_Commands VCU_Torque_Commands : 17.0 & current time is  7789.0  message time is 7789.0 case 9
01:43:54.448 [main] INFO  AV.MCU - VCU_Torque_Commands VCU_Torque_Commands : 17.0 & current time is  7809.0  message time is 7809.0 case 9
01:43:55.408 [main] INFO  AV.MCU - VCU_Torque_Commands VCU_Torque_Commands : 17.0 & current time is  7829.0  message time is 7829.0 case 9
01:43:56.407 [main] INFO  AV.MCU - VCU_Torque_Commands VCU_Torque_Commands : 17.0 & current time is  7849.0  message time is 7849.0 case 9
01:43:57.391 [main] INFO  AV.MCU - VCU_Torque_Commands VCU_Torque_Commands : 17.0 & current time is  7869.0  message time is 7869.0 case 9
01:43:58.355 [main] INFO  AV.MCU - VCU_Torque_Commands VCU_Torque_Commands : 17.0 & current time is  7889.0  message time is 7889.0 case 9
01:43:59.381 [main] INFO  AV.MCU - VCU_Torque_Commands VCU_Torque_Commands : 17.0 & current time is  7909.0  message time is 7909.0 case 9
01:44:00.404 [main] INFO  AV.MCU - VCU_Torque_Commands VCU_Torque_Commands : 17.0 & current time is  7929.0  message time is 7929.0 case 9
01:44:01.423 [main] INFO  AV.MCU - VCU_Torque_Commands VCU_Torque_Commands : 17.0 & current time is  7949.0  message time is 7949.0 case 9
01:44:02.395 [main] INFO  AV.MCU - VCU_Torque_Commands VCU_Torque_Commands : 17.0 & current time is  7969.0  message time is 7969.0 case 9
01:44:03.333 [main] INFO  AV.MCU - VCU_Torque_Commands VCU_Torque_Commands : 17.0 & current time is  7989.0  message time is 7989.0 case 9
01:44:04.353 [main] INFO  AV.MCU - VCU_Torque_Commands VCU_Torque_Commands : 17.0 & current time is  8009.0  message time is 8009.0 case 9
01:44:05.383 [main] INFO  AV.MCU - VCU_Torque_Commands VCU_Torque_Commands : 17.0 & current time is  8029.0  message time is 8029.0 case 9
01:44:06.358 [main] INFO  AV.MCU - VCU_Torque_Commands VCU_Torque_Commands : 17.0 & current time is  8049.0  message time is 8049.0 case 9
01:44:07.375 [main] INFO  AV.MCU - VCU_Torque_Commands VCU_Torque_Commands : 17.0 & current time is  8069.0  message time is 8069.0 case 9
01:44:08.385 [main] INFO  AV.MCU - VCU_Torque_Commands VCU_Torque_Commands : 17.0 & current time is  8089.0  message time is 8089.0 case 9
01:44:09.384 [main] INFO  AV.MCU - VCU_Torque_Commands VCU_Torque_Commands : 17.0 & current time is  8109.0  message time is 8109.0 case 9
01:44:10.431 [main] INFO  AV.MCU - VCU_Torque_Commands VCU_Torque_Commands : 17.0 & current time is  8129.0  message time is 8129.0 case 9
01:44:11.417 [main] INFO  AV.MCU - VCU_Torque_Commands VCU_Torque_Commands : 17.0 & current time is  8149.0  message time is 8149.0 case 9
01:44:12.384 [main] INFO  AV.MCU - VCU_Torque_Commands VCU_Torque_Commands : 17.0 & current time is  8169.0  message time is 8169.0 case 9
01:44:13.424 [main] INFO  AV.MCU - VCU_Torque_Commands VCU_Torque_Commands : 17.0 & current time is  8189.0  message time is 8189.0 case 9
01:44:14.422 [main] INFO  AV.MCU - VCU_Torque_Commands VCU_Torque_Commands : 17.0 & current time is  8209.0  message time is 8209.0 case 9
01:44:15.394 [main] INFO  AV.MCU - VCU_Torque_Commands VCU_Torque_Commands : 17.0 & current time is  8229.0  message time is 8229.0 case 9
01:44:16.374 [main] INFO  AV.MCU - VCU_Torque_Commands VCU_Torque_Commands : 17.0 & current time is  8249.0  message time is 8249.0 case 9
01:44:17.347 [main] INFO  AV.MCU - VCU_Torque_Commands VCU_Torque_Commands : 17.0 & current time is  8269.0  message time is 8269.0 case 9
01:44:18.515 [main] INFO  AV.MCU - VCU_Torque_Commands VCU_Torque_Commands : 17.0 & current time is  8289.0  message time is 8289.0 case 9
01:44:19.533 [main] INFO  AV.MCU - VCU_Torque_Commands VCU_Torque_Commands : 17.0 & current time is  8309.0  message time is 8309.0 case 9
01:44:21.023 [main] INFO  AV.MCU - VCU_Torque_Commands VCU_Torque_Commands : 17.0 & current time is  8329.0  message time is 8329.0 case 9
01:44:21.979 [main] INFO  AV.MCU - VCU_Torque_Commands VCU_Torque_Commands : 17.0 & current time is  8349.0  message time is 8349.0 case 9
01:44:22.928 [main] INFO  AV.MCU - VCU_Torque_Commands VCU_Torque_Commands : 17.0 & current time is  8369.0  message time is 8369.0 case 9
01:44:23.931 [main] INFO  AV.MCU - VCU_Torque_Commands VCU_Torque_Commands : 17.0 & current time is  8389.0  message time is 8389.0 case 9
01:44:24.944 [main] INFO  AV.MCU - VCU_Torque_Commands VCU_Torque_Commands : 17.0 & current time is  8409.0  message time is 8409.0 case 9
01:44:25.885 [main] INFO  AV.MCU - VCU_Torque_Commands VCU_Torque_Commands : 17.0 & current time is  8429.0  message time is 8429.0 case 9
01:44:26.826 [main] INFO  AV.MCU - VCU_Torque_Commands VCU_Torque_Commands : 17.0 & current time is  8449.0  message time is 8449.0 case 9
01:44:27.781 [main] INFO  AV.MCU - VCU_Torque_Commands VCU_Torque_Commands : 17.0 & current time is  8469.0  message time is 8469.0 case 9
01:44:28.730 [main] INFO  AV.MCU - VCU_Torque_Commands VCU_Torque_Commands : 17.0 & current time is  8489.0  message time is 8489.0 case 9
01:44:29.673 [main] INFO  AV.MCU - VCU_Torque_Commands VCU_Torque_Commands : 17.0 & current time is  8509.0  message time is 8509.0 case 9
01:44:30.673 [main] INFO  AV.MCU - VCU_Torque_Commands VCU_Torque_Commands : 17.0 & current time is  8529.0  message time is 8529.0 case 9
01:44:31.664 [main] INFO  AV.MCU - VCU_Torque_Commands VCU_Torque_Commands : 17.0 & current time is  8549.0  message time is 8549.0 case 9
01:44:32.617 [main] INFO  AV.MCU - VCU_Torque_Commands VCU_Torque_Commands : 17.0 & current time is  8569.0  message time is 8569.0 case 9
01:44:33.626 [main] INFO  AV.MCU - VCU_Torque_Commands VCU_Torque_Commands : 17.0 & current time is  8589.0  message time is 8589.0 case 9
01:44:34.584 [main] INFO  AV.MCU - VCU_Torque_Commands VCU_Torque_Commands : 17.0 & current time is  8609.0  message time is 8609.0 case 9
01:44:35.512 [main] INFO  AV.MCU - VCU_Torque_Commands VCU_Torque_Commands : 17.0 & current time is  8629.0  message time is 8629.0 case 9
01:44:36.488 [main] INFO  AV.MCU - VCU_Torque_Commands VCU_Torque_Commands : 17.0 & current time is  8649.0  message time is 8649.0 case 9
01:44:37.496 [main] INFO  AV.MCU - VCU_Torque_Commands VCU_Torque_Commands : 17.0 & current time is  8669.0  message time is 8669.0 case 9
01:44:38.446 [main] INFO  AV.MCU - VCU_Torque_Commands VCU_Torque_Commands : 17.0 & current time is  8689.0  message time is 8689.0 case 9
01:44:39.454 [main] INFO  AV.MCU - VCU_Torque_Commands VCU_Torque_Commands : 17.0 & current time is  8709.0  message time is 8709.0 case 9
01:44:40.491 [main] INFO  AV.MCU - VCU_Torque_Commands VCU_Torque_Commands : 17.0 & current time is  8729.0  message time is 8729.0 case 9
01:44:41.500 [main] INFO  AV.MCU - VCU_Torque_Commands VCU_Torque_Commands : 17.0 & current time is  8749.0  message time is 8749.0 case 9
01:44:42.557 [main] INFO  AV.MCU - VCU_Torque_Commands VCU_Torque_Commands : 17.0 & current time is  8769.0  message time is 8769.0 case 9
01:44:43.526 [main] INFO  AV.MCU - VCU_Torque_Commands VCU_Torque_Commands : 17.0 & current time is  8789.0  message time is 8789.0 case 9
01:44:44.565 [main] INFO  AV.MCU - VCU_Torque_Commands VCU_Torque_Commands : 17.0 & current time is  8809.0  message time is 8809.0 case 9
01:44:45.850 [main] INFO  AV.MCU - VCU_Torque_Commands VCU_Torque_Commands : 17.0 & current time is  8829.0  message time is 8829.0 case 9
01:44:46.848 [main] INFO  AV.MCU - VCU_Torque_Commands VCU_Torque_Commands : 17.0 & current time is  8849.0  message time is 8849.0 case 9
01:44:47.855 [main] INFO  AV.MCU - VCU_Torque_Commands VCU_Torque_Commands : 17.0 & current time is  8869.0  message time is 8869.0 case 9
01:44:48.849 [main] INFO  AV.MCU - VCU_Torque_Commands VCU_Torque_Commands : 17.0 & current time is  8889.0  message time is 8889.0 case 9
01:44:49.892 [main] INFO  AV.MCU - VCU_Torque_Commands VCU_Torque_Commands : 17.0 & current time is  8909.0  message time is 8909.0 case 9
01:44:50.864 [main] INFO  AV.MCU - VCU_Torque_Commands VCU_Torque_Commands : 17.0 & current time is  8929.0  message time is 8929.0 case 9
01:44:51.892 [main] INFO  AV.MCU - VCU_Torque_Commands VCU_Torque_Commands : 17.0 & current time is  8949.0  message time is 8949.0 case 9
01:44:52.884 [main] INFO  AV.MCU - VCU_Torque_Commands VCU_Torque_Commands : 17.0 & current time is  8969.0  message time is 8969.0 case 9
01:44:53.915 [main] INFO  AV.MCU - VCU_Torque_Commands VCU_Torque_Commands : 17.0 & current time is  8989.0  message time is 8989.0 case 9
01:44:54.900 [main] INFO  AV.MCU - VCU_Torque_Commands VCU_Torque_Commands : 17.0 & current time is  9009.0  message time is 9009.0 case 9
01:44:55.967 [main] INFO  AV.MCU - VCU_Torque_Commands VCU_Torque_Commands : 17.0 & current time is  9029.0  message time is 9029.0 case 9
01:44:56.853 [main] INFO  AV.MCU - VCU_Torque_Commands VCU_Torque_Commands : 17.0 & current time is  9049.0  message time is 9049.0 case 9
01:44:57.829 [main] INFO  AV.MCU - VCU_Torque_Commands VCU_Torque_Commands : 17.0 & current time is  9069.0  message time is 9069.0 case 9
01:44:58.846 [main] INFO  AV.MCU - VCU_Torque_Commands VCU_Torque_Commands : 17.0 & current time is  9089.0  message time is 9089.0 case 9
01:44:59.896 [main] INFO  AV.MCU - VCU_Torque_Commands VCU_Torque_Commands : 17.0 & current time is  9109.0  message time is 9109.0 case 9
01:45:00.904 [main] INFO  AV.MCU - VCU_Torque_Commands VCU_Torque_Commands : 17.0 & current time is  9129.0  message time is 9129.0 case 9
01:45:01.897 [main] INFO  AV.MCU - VCU_Torque_Commands VCU_Torque_Commands : 17.0 & current time is  9149.0  message time is 9149.0 case 9
01:45:02.913 [main] INFO  AV.MCU - VCU_Torque_Commands VCU_Torque_Commands : 17.0 & current time is  9169.0  message time is 9169.0 case 9
01:45:03.935 [main] INFO  AV.MCU - VCU_Torque_Commands VCU_Torque_Commands : 17.0 & current time is  9189.0  message time is 9189.0 case 9
01:45:04.977 [main] INFO  AV.MCU - VCU_Torque_Commands VCU_Torque_Commands : 17.0 & current time is  9209.0  message time is 9209.0 case 9
01:45:05.964 [main] INFO  AV.MCU - VCU_Torque_Commands VCU_Torque_Commands : 17.0 & current time is  9229.0  message time is 9229.0 case 9
01:45:07.052 [main] INFO  AV.MCU - VCU_Torque_Commands VCU_Torque_Commands : 17.0 & current time is  9249.0  message time is 9249.0 case 9
01:45:08.016 [main] INFO  AV.MCU - VCU_Torque_Commands VCU_Torque_Commands : 17.0 & current time is  9269.0  message time is 9269.0 case 9
01:45:09.042 [main] INFO  AV.MCU - VCU_Torque_Commands VCU_Torque_Commands : 17.0 & current time is  9289.0  message time is 9289.0 case 9
01:45:10.033 [main] INFO  AV.MCU - VCU_Torque_Commands VCU_Torque_Commands : 17.0 & current time is  9309.0  message time is 9309.0 case 9
01:45:11.059 [main] INFO  AV.MCU - VCU_Torque_Commands VCU_Torque_Commands : 17.0 & current time is  9329.0  message time is 9329.0 case 9
01:45:12.083 [main] INFO  AV.MCU - VCU_Torque_Commands VCU_Torque_Commands : 17.0 & current time is  9349.0  message time is 9349.0 case 9
01:45:13.087 [main] INFO  AV.MCU - VCU_Torque_Commands VCU_Torque_Commands : 17.0 & current time is  9369.0  message time is 9369.0 case 9
01:45:14.084 [main] INFO  AV.MCU - VCU_Torque_Commands VCU_Torque_Commands : 17.0 & current time is  9389.0  message time is 9389.0 case 9
01:45:15.350 [main] INFO  AV.MCU - VCU_Torque_Commands VCU_Torque_Commands : 17.0 & current time is  9409.0  message time is 9409.0 case 9
01:45:16.434 [main] INFO  AV.MCU - VCU_Torque_Commands VCU_Torque_Commands : 17.0 & current time is  9429.0  message time is 9429.0 case 9
01:45:17.448 [main] INFO  AV.MCU - VCU_Torque_Commands VCU_Torque_Commands : 17.0 & current time is  9449.0  message time is 9449.0 case 9
01:45:18.372 [main] INFO  AV.MCU - VCU_Torque_Commands VCU_Torque_Commands : 17.0 & current time is  9469.0  message time is 9469.0 case 9
01:45:19.400 [main] INFO  AV.MCU - VCU_Torque_Commands VCU_Torque_Commands : 17.0 & current time is  9489.0  message time is 9489.0 case 9
01:45:20.436 [main] INFO  AV.MCU - VCU_Torque_Commands VCU_Torque_Commands : 17.0 & current time is  9509.0  message time is 9509.0 case 9
01:45:21.454 [main] INFO  AV.MCU - VCU_Torque_Commands VCU_Torque_Commands : 17.0 & current time is  9529.0  message time is 9529.0 case 9
01:45:22.474 [main] INFO  AV.MCU - VCU_Torque_Commands VCU_Torque_Commands : 17.0 & current time is  9549.0  message time is 9549.0 case 9
01:45:23.485 [main] INFO  AV.MCU - VCU_Torque_Commands VCU_Torque_Commands : 17.0 & current time is  9569.0  message time is 9569.0 case 9
01:45:24.485 [main] INFO  AV.MCU - VCU_Torque_Commands VCU_Torque_Commands : 17.0 & current time is  9589.0  message time is 9589.0 case 9
01:45:25.508 [main] INFO  AV.MCU - VCU_Torque_Commands VCU_Torque_Commands : 17.0 & current time is  9609.0  message time is 9609.0 case 9
01:45:26.490 [main] INFO  AV.MCU - VCU_Torque_Commands VCU_Torque_Commands : 17.0 & current time is  9629.0  message time is 9629.0 case 9
01:45:27.457 [main] INFO  AV.MCU - VCU_Torque_Commands VCU_Torque_Commands : 17.0 & current time is  9649.0  message time is 9649.0 case 9
01:45:28.520 [main] INFO  AV.MCU - VCU_Torque_Commands VCU_Torque_Commands : 17.0 & current time is  9669.0  message time is 9669.0 case 9
01:45:29.532 [main] INFO  AV.MCU - VCU_Torque_Commands VCU_Torque_Commands : 17.0 & current time is  9689.0  message time is 9689.0 case 9
01:45:30.561 [main] INFO  AV.MCU - VCU_Torque_Commands VCU_Torque_Commands : 17.0 & current time is  9709.0  message time is 9709.0 case 9
01:45:31.581 [main] INFO  AV.MCU - VCU_Torque_Commands VCU_Torque_Commands : 17.0 & current time is  9729.0  message time is 9729.0 case 9
01:45:32.582 [main] INFO  AV.MCU - VCU_Torque_Commands VCU_Torque_Commands : 17.0 & current time is  9749.0  message time is 9749.0 case 9
01:45:33.570 [main] INFO  AV.MCU - VCU_Torque_Commands VCU_Torque_Commands : 17.0 & current time is  9769.0  message time is 9769.0 case 9
01:45:34.566 [main] INFO  AV.MCU - VCU_Torque_Commands VCU_Torque_Commands : 17.0 & current time is  9789.0  message time is 9789.0 case 9
01:45:35.579 [main] INFO  AV.MCU - VCU_Torque_Commands VCU_Torque_Commands : 17.0 & current time is  9809.0  message time is 9809.0 case 9
01:45:36.585 [main] INFO  AV.MCU - VCU_Torque_Commands VCU_Torque_Commands : 17.0 & current time is  9829.0  message time is 9829.0 case 9
01:45:37.573 [main] INFO  AV.MCU - VCU_Torque_Commands VCU_Torque_Commands : 17.0 & current time is  9849.0  message time is 9849.0 case 9
01:45:38.565 [main] INFO  AV.MCU - VCU_Torque_Commands VCU_Torque_Commands : 17.0 & current time is  9869.0  message time is 9869.0 case 9
01:45:39.569 [main] INFO  AV.MCU - VCU_Torque_Commands VCU_Torque_Commands : 17.0 & current time is  9889.0  message time is 9889.0 case 9
01:45:40.547 [main] INFO  AV.MCU - VCU_Torque_Commands VCU_Torque_Commands : 17.0 & current time is  9909.0  message time is 9909.0 case 9
01:45:41.556 [main] INFO  AV.MCU - VCU_Torque_Commands VCU_Torque_Commands : 17.0 & current time is  9929.0  message time is 9929.0 case 9
01:45:42.545 [main] INFO  AV.MCU - VCU_Torque_Commands VCU_Torque_Commands : 17.0 & current time is  9949.0  message time is 9949.0 case 9
01:45:43.698 [main] INFO  AV.MCU - VCU_Torque_Commands VCU_Torque_Commands : 17.0 & current time is  9969.0  message time is 9969.0 case 9
01:45:44.688 [main] INFO  AV.MCU - VCU_Torque_Commands VCU_Torque_Commands : 17.0 & current time is  9989.0  message time is 9989.0 case 9
01:45:45.779 [main] INFO  AV.MCU - VCU_Torque_Commands VCU_Torque_Commands : 17.0 & current time is  10009.0  message time is 10009.0 case 9
01:45:46.725 [main] INFO  AV.MCU - VCU_Torque_Commands VCU_Torque_Commands : 17.0 & current time is  10029.0  message time is 10029.0 case 9
01:45:47.520 [main] INFO  AV.MCU - VCU_Torque_Commands VCU_Torque_Commands : 17.0 & current time is  10049.0  message time is 10049.0 case 9
01:45:48.525 [main] INFO  AV.MCU - VCU_Torque_Commands VCU_Torque_Commands : 17.0 & current time is  10069.0  message time is 10069.0 case 9
01:45:49.512 [main] INFO  AV.MCU - VCU_Torque_Commands VCU_Torque_Commands : 17.0 & current time is  10089.0  message time is 10089.0 case 9
01:45:50.522 [main] INFO  AV.MCU - VCU_Torque_Commands VCU_Torque_Commands : 17.0 & current time is  10109.0  message time is 10109.0 case 9
01:45:51.522 [main] INFO  AV.MCU - VCU_Torque_Commands VCU_Torque_Commands : 17.0 & current time is  10129.0  message time is 10129.0 case 9
01:45:52.534 [main] INFO  AV.MCU - VCU_Torque_Commands VCU_Torque_Commands : 17.0 & current time is  10149.0  message time is 10149.0 case 9
01:45:53.513 [main] INFO  AV.MCU - VCU_Torque_Commands VCU_Torque_Commands : 17.0 & current time is  10169.0  message time is 10169.0 case 9
01:45:54.512 [main] INFO  AV.MCU - VCU_Torque_Commands VCU_Torque_Commands : 17.0 & current time is  10189.0  message time is 10189.0 case 9
01:45:55.531 [main] INFO  AV.MCU - VCU_Torque_Commands VCU_Torque_Commands : 17.0 & current time is  10209.0  message time is 10209.0 case 9
01:45:56.549 [main] INFO  AV.MCU - VCU_Torque_Commands VCU_Torque_Commands : 17.0 & current time is  10229.0  message time is 10229.0 case 9
01:45:57.560 [main] INFO  AV.MCU - VCU_Torque_Commands VCU_Torque_Commands : 17.0 & current time is  10249.0  message time is 10249.0 case 9
01:45:58.580 [main] INFO  AV.MCU - VCU_Torque_Commands VCU_Torque_Commands : 17.0 & current time is  10269.0  message time is 10269.0 case 9
01:45:59.573 [main] INFO  AV.MCU - VCU_Torque_Commands VCU_Torque_Commands : 17.0 & current time is  10289.0  message time is 10289.0 case 9
01:46:00.582 [main] INFO  AV.MCU - VCU_Torque_Commands VCU_Torque_Commands : 17.0 & current time is  10309.0  message time is 10309.0 case 9
01:46:01.577 [main] INFO  AV.MCU - VCU_Torque_Commands VCU_Torque_Commands : 17.0 & current time is  10329.0  message time is 10329.0 case 9
01:46:02.566 [main] INFO  AV.MCU - VCU_Torque_Commands VCU_Torque_Commands : 17.0 & current time is  10349.0  message time is 10349.0 case 9
01:46:03.581 [main] INFO  AV.MCU - VCU_Torque_Commands VCU_Torque_Commands : 17.0 & current time is  10369.0  message time is 10369.0 case 9
01:46:04.613 [main] INFO  AV.MCU - VCU_Torque_Commands VCU_Torque_Commands : 17.0 & current time is  10389.0  message time is 10389.0 case 9
