
-------------------------------------------------------------------
GMS: address=vagrant-37565, cluster=AV, physical address=10.0.2.15:59286
-------------------------------------------------------------------
02:39:21.925 [main] INFO  AV.MCU - waiting on readyToPopulate...
02:39:35.250 [main] INFO  AV.MCU - ...synchronized on readyToPopulate
02:39:35.251 [main] INFO  AV.MCU - waiting on readyToRun...
02:39:35.509 [main] INFO  AV.MCU - ...synchronized on readyToRun
02:39:35.517 [main] INFO  AV.MCU - started logical time progression
02:39:37.084 [main] INFO  AV.MCU - VCU_Torque_Commands VCU_Torque_Commands : 0.0 & current time is  9.0  message time is 9.0 case 9
02:39:38.606 [main] INFO  AV.MCU - VCU_Torque_Commands VCU_Torque_Commands : 0.0 & current time is  29.0  message time is 29.0 case 9
02:39:39.978 [main] INFO  AV.MCU - VCU_Torque_Commands VCU_Torque_Commands : 0.0 & current time is  49.0  message time is 49.0 case 9
02:39:41.498 [main] INFO  AV.MCU - VCU_Torque_Commands VCU_Torque_Commands : 0.0 & current time is  69.0  message time is 69.0 case 9
02:39:42.791 [main] INFO  AV.MCU - VCU_Torque_Commands VCU_Torque_Commands : 0.0 & current time is  89.0  message time is 89.0 case 9
02:39:43.957 [main] INFO  AV.MCU - VCU_Torque_Commands VCU_Torque_Commands : 0.0 & current time is  109.0  message time is 109.0 case 9
02:39:45.125 [main] INFO  AV.MCU - VCU_Torque_Commands VCU_Torque_Commands : 0.0 & current time is  129.0  message time is 129.0 case 9
02:39:46.245 [main] INFO  AV.MCU - VCU_Torque_Commands VCU_Torque_Commands : 0.0 & current time is  149.0  message time is 149.0 case 9
02:39:47.445 [main] INFO  AV.MCU - VCU_Torque_Commands VCU_Torque_Commands : 0.0 & current time is  169.0  message time is 169.0 case 9
02:39:48.581 [main] INFO  AV.MCU - VCU_Torque_Commands VCU_Torque_Commands : 0.0 & current time is  189.0  message time is 189.0 case 9
02:39:50.419 [main] INFO  AV.MCU - VCU_Torque_Commands VCU_Torque_Commands : 0.0 & current time is  209.0  message time is 209.0 case 9
02:39:51.476 [main] INFO  AV.MCU - VCU_Torque_Commands VCU_Torque_Commands : 0.0 & current time is  229.0  message time is 229.0 case 9
02:39:52.547 [main] INFO  AV.MCU - VCU_Torque_Commands VCU_Torque_Commands : 0.0 & current time is  249.0  message time is 249.0 case 9
02:39:53.690 [main] INFO  AV.MCU - VCU_Torque_Commands VCU_Torque_Commands : 0.0 & current time is  269.0  message time is 269.0 case 9
02:39:54.800 [main] INFO  AV.MCU - VCU_Torque_Commands VCU_Torque_Commands : 0.0 & current time is  289.0  message time is 289.0 case 9
02:39:55.901 [main] INFO  AV.MCU - VCU_Torque_Commands VCU_Torque_Commands : 0.0 & current time is  309.0  message time is 309.0 case 9
02:39:56.908 [main] INFO  AV.MCU - VCU_Torque_Commands VCU_Torque_Commands : 0.0 & current time is  329.0  message time is 329.0 case 9
02:39:57.966 [main] INFO  AV.MCU - VCU_Torque_Commands VCU_Torque_Commands : 0.0 & current time is  349.0  message time is 349.0 case 9
02:39:59.013 [main] INFO  AV.MCU - VCU_Torque_Commands VCU_Torque_Commands : 0.0 & current time is  369.0  message time is 369.0 case 9
02:40:00.044 [main] INFO  AV.MCU - VCU_Torque_Commands VCU_Torque_Commands : 0.0 & current time is  389.0  message time is 389.0 case 9
02:40:01.126 [main] INFO  AV.MCU - VCU_Torque_Commands VCU_Torque_Commands : 0.0 & current time is  409.0  message time is 409.0 case 9
02:40:02.124 [main] INFO  AV.MCU - VCU_Torque_Commands VCU_Torque_Commands : 0.0 & current time is  429.0  message time is 429.0 case 9
02:40:03.138 [main] INFO  AV.MCU - VCU_Torque_Commands VCU_Torque_Commands : 0.0 & current time is  449.0  message time is 449.0 case 9
02:40:04.206 [main] INFO  AV.MCU - VCU_Torque_Commands VCU_Torque_Commands : 0.0 & current time is  469.0  message time is 469.0 case 9
02:40:05.213 [main] INFO  AV.MCU - VCU_Torque_Commands VCU_Torque_Commands : 0.0 & current time is  489.0  message time is 489.0 case 9
02:40:06.238 [main] INFO  AV.MCU - VCU_Torque_Commands VCU_Torque_Commands : 0.0 & current time is  509.0  message time is 509.0 case 9
02:40:07.224 [main] INFO  AV.MCU - VCU_Torque_Commands VCU_Torque_Commands : 0.0 & current time is  529.0  message time is 529.0 case 9
02:40:08.204 [main] INFO  AV.MCU - VCU_Torque_Commands VCU_Torque_Commands : 0.0 & current time is  549.0  message time is 549.0 case 9
02:40:09.201 [main] INFO  AV.MCU - VCU_Torque_Commands VCU_Torque_Commands : 0.0 & current time is  569.0  message time is 569.0 case 9
02:40:10.214 [main] INFO  AV.MCU - VCU_Torque_Commands VCU_Torque_Commands : 0.0 & current time is  589.0  message time is 589.0 case 9
02:40:11.182 [main] INFO  AV.MCU - VCU_Torque_Commands VCU_Torque_Commands : 0.0 & current time is  609.0  message time is 609.0 case 9
02:40:12.216 [main] INFO  AV.MCU - VCU_Torque_Commands VCU_Torque_Commands : 0.0 & current time is  629.0  message time is 629.0 case 9
02:40:13.200 [main] INFO  AV.MCU - VCU_Torque_Commands VCU_Torque_Commands : 0.0 & current time is  649.0  message time is 649.0 case 9
02:40:14.197 [main] INFO  AV.MCU - VCU_Torque_Commands VCU_Torque_Commands : 0.0 & current time is  669.0  message time is 669.0 case 9
02:40:15.180 [main] INFO  AV.MCU - VCU_Torque_Commands VCU_Torque_Commands : 0.0 & current time is  689.0  message time is 689.0 case 9
02:40:16.129 [main] INFO  AV.MCU - VCU_Torque_Commands VCU_Torque_Commands : 0.0 & current time is  709.0  message time is 709.0 case 9
02:40:17.185 [main] INFO  AV.MCU - VCU_Torque_Commands VCU_Torque_Commands : 0.0 & current time is  729.0  message time is 729.0 case 9
02:40:18.194 [main] INFO  AV.MCU - VCU_Torque_Commands VCU_Torque_Commands : 0.0 & current time is  749.0  message time is 749.0 case 9
02:40:18.862 [main] INFO  AV.MCU - VCU_Torque_Commands VCU_Torque_Commands : 0.0 & current time is  769.0  message time is 769.0 case 9
02:40:19.583 [main] INFO  AV.MCU - VCU_Torque_Commands VCU_Torque_Commands : 0.0 & current time is  789.0  message time is 789.0 case 9
02:40:20.559 [main] INFO  AV.MCU - VCU_Torque_Commands VCU_Torque_Commands : 0.0 & current time is  809.0  message time is 809.0 case 9
02:40:21.510 [main] INFO  AV.MCU - VCU_Torque_Commands VCU_Torque_Commands : 0.0 & current time is  829.0  message time is 829.0 case 9
02:40:22.518 [main] INFO  AV.MCU - VCU_Torque_Commands VCU_Torque_Commands : 0.0 & current time is  849.0  message time is 849.0 case 9
02:40:23.549 [main] INFO  AV.MCU - VCU_Torque_Commands VCU_Torque_Commands : 0.0 & current time is  869.0  message time is 869.0 case 9
02:40:24.615 [main] INFO  AV.MCU - VCU_Torque_Commands VCU_Torque_Commands : 0.0 & current time is  889.0  message time is 889.0 case 9
02:40:25.627 [main] INFO  AV.MCU - VCU_Torque_Commands VCU_Torque_Commands : 0.0 & current time is  909.0  message time is 909.0 case 9
02:40:26.637 [main] INFO  AV.MCU - VCU_Torque_Commands VCU_Torque_Commands : 0.0 & current time is  929.0  message time is 929.0 case 9
02:40:27.643 [main] INFO  AV.MCU - VCU_Torque_Commands VCU_Torque_Commands : 0.0 & current time is  949.0  message time is 949.0 case 9
02:40:28.669 [main] INFO  AV.MCU - VCU_Torque_Commands VCU_Torque_Commands : 0.0 & current time is  969.0  message time is 969.0 case 9
02:40:29.647 [main] INFO  AV.MCU - VCU_Torque_Commands VCU_Torque_Commands : 0.0 & current time is  989.0  message time is 989.0 case 9
02:40:30.624 [main] INFO  AV.MCU - VCU_Torque_Commands VCU_Torque_Commands : 0.0 & current time is  1009.0  message time is 1009.0 case 9
02:40:31.753 [main] INFO  AV.MCU - VCU_Torque_Commands VCU_Torque_Commands : 0.0 & current time is  1029.0  message time is 1029.0 case 9
02:40:32.741 [main] INFO  AV.MCU - VCU_Torque_Commands VCU_Torque_Commands : 0.0 & current time is  1049.0  message time is 1049.0 case 9
02:40:33.728 [main] INFO  AV.MCU - VCU_Torque_Commands VCU_Torque_Commands : 0.0 & current time is  1069.0  message time is 1069.0 case 9
02:40:34.712 [main] INFO  AV.MCU - VCU_Torque_Commands VCU_Torque_Commands : 0.0 & current time is  1089.0  message time is 1089.0 case 9
02:40:35.699 [main] INFO  AV.MCU - VCU_Torque_Commands VCU_Torque_Commands : 0.0 & current time is  1109.0  message time is 1109.0 case 9
02:40:36.652 [main] INFO  AV.MCU - VCU_Torque_Commands VCU_Torque_Commands : 0.0 & current time is  1129.0  message time is 1129.0 case 9
02:40:37.621 [main] INFO  AV.MCU - VCU_Torque_Commands VCU_Torque_Commands : 0.0 & current time is  1149.0  message time is 1149.0 case 9
02:40:38.606 [main] INFO  AV.MCU - VCU_Torque_Commands VCU_Torque_Commands : 0.0 & current time is  1169.0  message time is 1169.0 case 9
02:40:39.619 [main] INFO  AV.MCU - VCU_Torque_Commands VCU_Torque_Commands : 0.0 & current time is  1189.0  message time is 1189.0 case 9
02:40:40.650 [main] INFO  AV.MCU - VCU_Torque_Commands VCU_Torque_Commands : 0.0 & current time is  1209.0  message time is 1209.0 case 9
02:40:41.707 [main] INFO  AV.MCU - VCU_Torque_Commands VCU_Torque_Commands : 0.0 & current time is  1229.0  message time is 1229.0 case 9
02:40:42.698 [main] INFO  AV.MCU - VCU_Torque_Commands VCU_Torque_Commands : 0.0 & current time is  1249.0  message time is 1249.0 case 9
02:40:43.726 [main] INFO  AV.MCU - VCU_Torque_Commands VCU_Torque_Commands : 0.0 & current time is  1269.0  message time is 1269.0 case 9
02:40:44.818 [main] INFO  AV.MCU - VCU_Torque_Commands VCU_Torque_Commands : 0.0 & current time is  1289.0  message time is 1289.0 case 9
02:40:45.823 [main] INFO  AV.MCU - VCU_Torque_Commands VCU_Torque_Commands : 0.0 & current time is  1309.0  message time is 1309.0 case 9
02:40:46.800 [main] INFO  AV.MCU - VCU_Torque_Commands VCU_Torque_Commands : 0.0 & current time is  1329.0  message time is 1329.0 case 9
02:40:47.812 [main] INFO  AV.MCU - VCU_Torque_Commands VCU_Torque_Commands : 0.0 & current time is  1349.0  message time is 1349.0 case 9
02:40:48.840 [main] INFO  AV.MCU - VCU_Torque_Commands VCU_Torque_Commands : 0.0 & current time is  1369.0  message time is 1369.0 case 9
02:40:49.862 [main] INFO  AV.MCU - VCU_Torque_Commands VCU_Torque_Commands : 0.0 & current time is  1389.0  message time is 1389.0 case 9
02:40:50.865 [main] INFO  AV.MCU - VCU_Torque_Commands VCU_Torque_Commands : 0.0 & current time is  1409.0  message time is 1409.0 case 9
02:40:51.896 [main] INFO  AV.MCU - VCU_Torque_Commands VCU_Torque_Commands : 0.0 & current time is  1429.0  message time is 1429.0 case 9
02:40:52.877 [main] INFO  AV.MCU - VCU_Torque_Commands VCU_Torque_Commands : 0.0 & current time is  1449.0  message time is 1449.0 case 9
02:40:53.915 [main] INFO  AV.MCU - VCU_Torque_Commands VCU_Torque_Commands : 0.0 & current time is  1469.0  message time is 1469.0 case 9
02:40:54.849 [main] INFO  AV.MCU - VCU_Torque_Commands VCU_Torque_Commands : 0.0 & current time is  1489.0  message time is 1489.0 case 9
02:40:55.889 [main] INFO  AV.MCU - VCU_Torque_Commands VCU_Torque_Commands : 3.0 & current time is  1509.0  message time is 1509.0 case 9
02:40:56.957 [main] INFO  AV.MCU - VCU_Torque_Commands VCU_Torque_Commands : 3.0 & current time is  1529.0  message time is 1529.0 case 9
02:40:57.969 [main] INFO  AV.MCU - VCU_Torque_Commands VCU_Torque_Commands : 3.0 & current time is  1549.0  message time is 1549.0 case 9
02:40:58.973 [main] INFO  AV.MCU - VCU_Torque_Commands VCU_Torque_Commands : 3.0 & current time is  1569.0  message time is 1569.0 case 9
02:40:59.932 [main] INFO  AV.MCU - VCU_Torque_Commands VCU_Torque_Commands : 3.0 & current time is  1589.0  message time is 1589.0 case 9
02:41:00.967 [main] INFO  AV.MCU - VCU_Torque_Commands VCU_Torque_Commands : 3.0 & current time is  1609.0  message time is 1609.0 case 9
02:41:01.983 [main] INFO  AV.MCU - VCU_Torque_Commands VCU_Torque_Commands : 3.0 & current time is  1629.0  message time is 1629.0 case 9
02:41:03.030 [main] INFO  AV.MCU - VCU_Torque_Commands VCU_Torque_Commands : 3.0 & current time is  1649.0  message time is 1649.0 case 9
02:41:04.047 [main] INFO  AV.MCU - VCU_Torque_Commands VCU_Torque_Commands : 3.0 & current time is  1669.0  message time is 1669.0 case 9
02:41:05.090 [main] INFO  AV.MCU - VCU_Torque_Commands VCU_Torque_Commands : 3.0 & current time is  1689.0  message time is 1689.0 case 9
02:41:06.144 [main] INFO  AV.MCU - VCU_Torque_Commands VCU_Torque_Commands : 3.0 & current time is  1709.0  message time is 1709.0 case 9
02:41:07.175 [main] INFO  AV.MCU - VCU_Torque_Commands VCU_Torque_Commands : 3.0 & current time is  1729.0  message time is 1729.0 case 9
02:41:08.259 [main] INFO  AV.MCU - VCU_Torque_Commands VCU_Torque_Commands : 3.0 & current time is  1749.0  message time is 1749.0 case 9
02:41:09.280 [main] INFO  AV.MCU - VCU_Torque_Commands VCU_Torque_Commands : 3.0 & current time is  1769.0  message time is 1769.0 case 9
02:41:10.331 [main] INFO  AV.MCU - VCU_Torque_Commands VCU_Torque_Commands : 3.0 & current time is  1789.0  message time is 1789.0 case 9
02:41:11.449 [main] INFO  AV.MCU - VCU_Torque_Commands VCU_Torque_Commands : 3.0 & current time is  1809.0  message time is 1809.0 case 9
02:41:12.464 [main] INFO  AV.MCU - VCU_Torque_Commands VCU_Torque_Commands : 3.0 & current time is  1829.0  message time is 1829.0 case 9
02:41:13.470 [main] INFO  AV.MCU - VCU_Torque_Commands VCU_Torque_Commands : 3.0 & current time is  1849.0  message time is 1849.0 case 9
02:41:14.526 [main] INFO  AV.MCU - VCU_Torque_Commands VCU_Torque_Commands : 3.0 & current time is  1869.0  message time is 1869.0 case 9
02:41:15.506 [main] INFO  AV.MCU - VCU_Torque_Commands VCU_Torque_Commands : 3.0 & current time is  1889.0  message time is 1889.0 case 9
02:41:16.479 [main] INFO  AV.MCU - VCU_Torque_Commands VCU_Torque_Commands : 3.0 & current time is  1909.0  message time is 1909.0 case 9
02:41:17.503 [main] INFO  AV.MCU - VCU_Torque_Commands VCU_Torque_Commands : 3.0 & current time is  1929.0  message time is 1929.0 case 9
02:41:18.542 [main] INFO  AV.MCU - VCU_Torque_Commands VCU_Torque_Commands : 3.0 & current time is  1949.0  message time is 1949.0 case 9
02:41:19.585 [main] INFO  AV.MCU - VCU_Torque_Commands VCU_Torque_Commands : 3.0 & current time is  1969.0  message time is 1969.0 case 9
02:41:20.531 [main] INFO  AV.MCU - VCU_Torque_Commands VCU_Torque_Commands : 3.0 & current time is  1989.0  message time is 1989.0 case 9
02:41:21.592 [main] INFO  AV.MCU - VCU_Torque_Commands VCU_Torque_Commands : 6.0 & current time is  2009.0  message time is 2009.0 case 9
02:41:22.616 [main] INFO  AV.MCU - VCU_Torque_Commands VCU_Torque_Commands : 6.0 & current time is  2029.0  message time is 2029.0 case 9
02:41:23.612 [main] INFO  AV.MCU - VCU_Torque_Commands VCU_Torque_Commands : 6.0 & current time is  2049.0  message time is 2049.0 case 9
02:41:24.661 [main] INFO  AV.MCU - VCU_Torque_Commands VCU_Torque_Commands : 6.0 & current time is  2069.0  message time is 2069.0 case 9
02:41:25.754 [main] INFO  AV.MCU - VCU_Torque_Commands VCU_Torque_Commands : 6.0 & current time is  2089.0  message time is 2089.0 case 9
02:41:26.809 [main] INFO  AV.MCU - VCU_Torque_Commands VCU_Torque_Commands : 6.0 & current time is  2109.0  message time is 2109.0 case 9
02:41:27.846 [main] INFO  AV.MCU - VCU_Torque_Commands VCU_Torque_Commands : 6.0 & current time is  2129.0  message time is 2129.0 case 9
02:41:28.817 [main] INFO  AV.MCU - VCU_Torque_Commands VCU_Torque_Commands : 6.0 & current time is  2149.0  message time is 2149.0 case 9
02:41:29.889 [main] INFO  AV.MCU - VCU_Torque_Commands VCU_Torque_Commands : 6.0 & current time is  2169.0  message time is 2169.0 case 9
02:41:30.893 [main] INFO  AV.MCU - VCU_Torque_Commands VCU_Torque_Commands : 6.0 & current time is  2189.0  message time is 2189.0 case 9
02:41:31.945 [main] INFO  AV.MCU - VCU_Torque_Commands VCU_Torque_Commands : 6.0 & current time is  2209.0  message time is 2209.0 case 9
02:41:32.983 [main] INFO  AV.MCU - VCU_Torque_Commands VCU_Torque_Commands : 6.0 & current time is  2229.0  message time is 2229.0 case 9
02:41:34.015 [main] INFO  AV.MCU - VCU_Torque_Commands VCU_Torque_Commands : 6.0 & current time is  2249.0  message time is 2249.0 case 9
02:41:35.086 [main] INFO  AV.MCU - VCU_Torque_Commands VCU_Torque_Commands : 6.0 & current time is  2269.0  message time is 2269.0 case 9
02:41:36.084 [main] INFO  AV.MCU - VCU_Torque_Commands VCU_Torque_Commands : 6.0 & current time is  2289.0  message time is 2289.0 case 9
02:41:37.077 [main] INFO  AV.MCU - VCU_Torque_Commands VCU_Torque_Commands : 6.0 & current time is  2309.0  message time is 2309.0 case 9
02:41:38.132 [main] INFO  AV.MCU - VCU_Torque_Commands VCU_Torque_Commands : 6.0 & current time is  2329.0  message time is 2329.0 case 9
02:41:39.145 [main] INFO  AV.MCU - VCU_Torque_Commands VCU_Torque_Commands : 6.0 & current time is  2349.0  message time is 2349.0 case 9
02:41:40.154 [main] INFO  AV.MCU - VCU_Torque_Commands VCU_Torque_Commands : 6.0 & current time is  2369.0  message time is 2369.0 case 9
02:41:41.274 [main] INFO  AV.MCU - VCU_Torque_Commands VCU_Torque_Commands : 6.0 & current time is  2389.0  message time is 2389.0 case 9
02:41:42.237 [main] INFO  AV.MCU - VCU_Torque_Commands VCU_Torque_Commands : 6.0 & current time is  2409.0  message time is 2409.0 case 9
02:41:43.258 [main] INFO  AV.MCU - VCU_Torque_Commands VCU_Torque_Commands : 6.0 & current time is  2429.0  message time is 2429.0 case 9
02:41:44.311 [main] INFO  AV.MCU - VCU_Torque_Commands VCU_Torque_Commands : 6.0 & current time is  2449.0  message time is 2449.0 case 9
02:41:45.427 [main] INFO  AV.MCU - VCU_Torque_Commands VCU_Torque_Commands : 6.0 & current time is  2469.0  message time is 2469.0 case 9
02:41:46.477 [main] INFO  AV.MCU - VCU_Torque_Commands VCU_Torque_Commands : 6.0 & current time is  2489.0  message time is 2489.0 case 9
02:41:47.527 [main] INFO  AV.MCU - VCU_Torque_Commands VCU_Torque_Commands : 9.0 & current time is  2509.0  message time is 2509.0 case 9
02:41:48.544 [main] INFO  AV.MCU - VCU_Torque_Commands VCU_Torque_Commands : 9.0 & current time is  2529.0  message time is 2529.0 case 9
02:41:49.534 [main] INFO  AV.MCU - VCU_Torque_Commands VCU_Torque_Commands : 9.0 & current time is  2549.0  message time is 2549.0 case 9
02:41:50.548 [main] INFO  AV.MCU - VCU_Torque_Commands VCU_Torque_Commands : 9.0 & current time is  2569.0  message time is 2569.0 case 9
02:41:51.559 [main] INFO  AV.MCU - VCU_Torque_Commands VCU_Torque_Commands : 9.0 & current time is  2589.0  message time is 2589.0 case 9
02:41:52.628 [main] INFO  AV.MCU - VCU_Torque_Commands VCU_Torque_Commands : 9.0 & current time is  2609.0  message time is 2609.0 case 9
02:41:53.634 [main] INFO  AV.MCU - VCU_Torque_Commands VCU_Torque_Commands : 9.0 & current time is  2629.0  message time is 2629.0 case 9
02:41:54.279 [main] INFO  org.cpswt.hla.SynchronizedFederate - MCU-1324822b-1c02-4b71-a48f-63d17c0fe8a1: SimEnd interaction received, exiting...
02:41:54.281 [main] INFO  org.cpswt.hla.SynchronizedFederate - Exiting gracefully ....
02:41:59.321 [main] INFO  AV.MCU - Done.
