
-------------------------------------------------------------------
GMS: address=vagrant-54676, cluster=AV, physical address=10.0.2.15:34164
-------------------------------------------------------------------
16:31:43.651 [main] INFO  AV.MCU - waiting on readyToPopulate...
16:31:54.147 [main] INFO  AV.MCU - ...synchronized on readyToPopulate
16:31:54.148 [main] INFO  AV.MCU - waiting on readyToRun...
16:31:54.405 [main] INFO  AV.MCU - ...synchronized on readyToRun
16:31:54.408 [main] INFO  AV.MCU - started logical time progression
16:31:56.121 [main] INFO  AV.MCU - VCU_Torque_Commands VCU_Torque_Commands : 0.0 & current time is  9.0  message time is 9.0 case 9
16:31:57.434 [main] INFO  AV.MCU - VCU_Torque_Commands VCU_Torque_Commands : 0.0 & current time is  29.0  message time is 29.0 case 9
16:31:58.739 [main] INFO  AV.MCU - VCU_Torque_Commands VCU_Torque_Commands : 0.0 & current time is  49.0  message time is 49.0 case 9
16:31:59.983 [main] INFO  AV.MCU - VCU_Torque_Commands VCU_Torque_Commands : 0.0 & current time is  69.0  message time is 69.0 case 9
16:32:01.204 [main] INFO  AV.MCU - VCU_Torque_Commands VCU_Torque_Commands : 0.0 & current time is  89.0  message time is 89.0 case 9
16:32:02.438 [main] INFO  AV.MCU - VCU_Torque_Commands VCU_Torque_Commands : 0.0 & current time is  109.0  message time is 109.0 case 9
16:32:03.597 [main] INFO  AV.MCU - VCU_Torque_Commands VCU_Torque_Commands : 0.0 & current time is  129.0  message time is 129.0 case 9
16:32:04.770 [main] INFO  AV.MCU - VCU_Torque_Commands VCU_Torque_Commands : 0.0 & current time is  149.0  message time is 149.0 case 9
16:32:05.902 [main] INFO  AV.MCU - VCU_Torque_Commands VCU_Torque_Commands : 0.0 & current time is  169.0  message time is 169.0 case 9
16:32:07.205 [main] INFO  AV.MCU - VCU_Torque_Commands VCU_Torque_Commands : 0.0 & current time is  189.0  message time is 189.0 case 9
16:32:08.475 [main] INFO  AV.MCU - VCU_Torque_Commands VCU_Torque_Commands : 0.0 & current time is  209.0  message time is 209.0 case 9
16:32:09.750 [main] INFO  AV.MCU - VCU_Torque_Commands VCU_Torque_Commands : 0.0 & current time is  229.0  message time is 229.0 case 9
16:32:10.875 [main] INFO  AV.MCU - VCU_Torque_Commands VCU_Torque_Commands : 0.0 & current time is  249.0  message time is 249.0 case 9
16:32:11.980 [main] INFO  AV.MCU - VCU_Torque_Commands VCU_Torque_Commands : 0.0 & current time is  269.0  message time is 269.0 case 9
16:32:13.105 [main] INFO  AV.MCU - VCU_Torque_Commands VCU_Torque_Commands : 0.0 & current time is  289.0  message time is 289.0 case 9
16:32:14.122 [main] INFO  AV.MCU - VCU_Torque_Commands VCU_Torque_Commands : 0.0 & current time is  309.0  message time is 309.0 case 9
16:32:15.143 [main] INFO  AV.MCU - VCU_Torque_Commands VCU_Torque_Commands : 0.0 & current time is  329.0  message time is 329.0 case 9
16:32:16.168 [main] INFO  AV.MCU - VCU_Torque_Commands VCU_Torque_Commands : 0.0 & current time is  349.0  message time is 349.0 case 9
16:32:17.207 [main] INFO  AV.MCU - VCU_Torque_Commands VCU_Torque_Commands : 0.0 & current time is  369.0  message time is 369.0 case 9
16:32:18.216 [main] INFO  AV.MCU - VCU_Torque_Commands VCU_Torque_Commands : 0.0 & current time is  389.0  message time is 389.0 case 9
16:32:19.447 [main] INFO  AV.MCU - VCU_Torque_Commands VCU_Torque_Commands : 0.0 & current time is  409.0  message time is 409.0 case 9
16:32:20.335 [main] INFO  AV.MCU - VCU_Torque_Commands VCU_Torque_Commands : 0.0 & current time is  429.0  message time is 429.0 case 9
16:32:21.357 [main] INFO  AV.MCU - VCU_Torque_Commands VCU_Torque_Commands : 0.0 & current time is  449.0  message time is 449.0 case 9
16:32:22.402 [main] INFO  AV.MCU - VCU_Torque_Commands VCU_Torque_Commands : 0.0 & current time is  469.0  message time is 469.0 case 9
16:32:23.466 [main] INFO  AV.MCU - VCU_Torque_Commands VCU_Torque_Commands : 0.0 & current time is  489.0  message time is 489.0 case 9
16:32:24.487 [main] INFO  AV.MCU - VCU_Torque_Commands VCU_Torque_Commands : 0.0 & current time is  509.0  message time is 509.0 case 9
16:32:25.570 [main] INFO  AV.MCU - VCU_Torque_Commands VCU_Torque_Commands : 0.0 & current time is  529.0  message time is 529.0 case 9
16:32:26.593 [main] INFO  AV.MCU - VCU_Torque_Commands VCU_Torque_Commands : 0.0 & current time is  549.0  message time is 549.0 case 9
16:32:27.615 [main] INFO  AV.MCU - VCU_Torque_Commands VCU_Torque_Commands : 0.0 & current time is  569.0  message time is 569.0 case 9
16:32:28.635 [main] INFO  AV.MCU - VCU_Torque_Commands VCU_Torque_Commands : 0.0 & current time is  589.0  message time is 589.0 case 9
16:32:29.651 [main] INFO  AV.MCU - VCU_Torque_Commands VCU_Torque_Commands : 0.0 & current time is  609.0  message time is 609.0 case 9
16:32:30.559 [main] INFO  AV.MCU - VCU_Torque_Commands VCU_Torque_Commands : 0.0 & current time is  629.0  message time is 629.0 case 9
16:32:31.595 [main] INFO  AV.MCU - VCU_Torque_Commands VCU_Torque_Commands : 0.0 & current time is  649.0  message time is 649.0 case 9
16:32:32.630 [main] INFO  AV.MCU - VCU_Torque_Commands VCU_Torque_Commands : 0.0 & current time is  669.0  message time is 669.0 case 9
16:32:33.638 [main] INFO  AV.MCU - VCU_Torque_Commands VCU_Torque_Commands : 0.0 & current time is  689.0  message time is 689.0 case 9
16:32:34.786 [main] INFO  AV.MCU - VCU_Torque_Commands VCU_Torque_Commands : 0.0 & current time is  709.0  message time is 709.0 case 9
16:32:35.843 [main] INFO  AV.MCU - VCU_Torque_Commands VCU_Torque_Commands : 0.0 & current time is  729.0  message time is 729.0 case 9
16:32:36.867 [main] INFO  AV.MCU - VCU_Torque_Commands VCU_Torque_Commands : 0.0 & current time is  749.0  message time is 749.0 case 9
16:32:37.890 [main] INFO  AV.MCU - VCU_Torque_Commands VCU_Torque_Commands : 0.0 & current time is  769.0  message time is 769.0 case 9
16:32:38.903 [main] INFO  AV.MCU - VCU_Torque_Commands VCU_Torque_Commands : 0.0 & current time is  789.0  message time is 789.0 case 9
16:32:39.957 [main] INFO  AV.MCU - VCU_Torque_Commands VCU_Torque_Commands : 0.0 & current time is  809.0  message time is 809.0 case 9
16:32:41.011 [main] INFO  AV.MCU - VCU_Torque_Commands VCU_Torque_Commands : 0.0 & current time is  829.0  message time is 829.0 case 9
16:32:42.045 [main] INFO  AV.MCU - VCU_Torque_Commands VCU_Torque_Commands : 0.0 & current time is  849.0  message time is 849.0 case 9
16:32:43.068 [main] INFO  AV.MCU - VCU_Torque_Commands VCU_Torque_Commands : 0.0 & current time is  869.0  message time is 869.0 case 9
16:32:44.274 [main] INFO  AV.MCU - VCU_Torque_Commands VCU_Torque_Commands : 0.0 & current time is  889.0  message time is 889.0 case 9
16:32:45.288 [main] INFO  AV.MCU - VCU_Torque_Commands VCU_Torque_Commands : 0.0 & current time is  909.0  message time is 909.0 case 9
16:32:46.304 [main] INFO  AV.MCU - VCU_Torque_Commands VCU_Torque_Commands : 0.0 & current time is  929.0  message time is 929.0 case 9
16:32:47.330 [main] INFO  AV.MCU - VCU_Torque_Commands VCU_Torque_Commands : 0.0 & current time is  949.0  message time is 949.0 case 9
16:32:48.310 [main] INFO  AV.MCU - VCU_Torque_Commands VCU_Torque_Commands : 0.0 & current time is  969.0  message time is 969.0 case 9
16:32:49.374 [main] INFO  AV.MCU - VCU_Torque_Commands VCU_Torque_Commands : 0.0 & current time is  989.0  message time is 989.0 case 9
16:32:50.362 [main] INFO  AV.MCU - VCU_Torque_Commands VCU_Torque_Commands : 0.0 & current time is  1009.0  message time is 1009.0 case 9
16:32:51.459 [main] INFO  AV.MCU - VCU_Torque_Commands VCU_Torque_Commands : 0.0 & current time is  1029.0  message time is 1029.0 case 9
16:32:52.475 [main] INFO  AV.MCU - VCU_Torque_Commands VCU_Torque_Commands : 0.0 & current time is  1049.0  message time is 1049.0 case 9
16:32:53.553 [main] INFO  AV.MCU - VCU_Torque_Commands VCU_Torque_Commands : 0.0 & current time is  1069.0  message time is 1069.0 case 9
16:32:54.658 [main] INFO  AV.MCU - VCU_Torque_Commands VCU_Torque_Commands : 0.0 & current time is  1089.0  message time is 1089.0 case 9
16:32:55.678 [main] INFO  AV.MCU - VCU_Torque_Commands VCU_Torque_Commands : 0.0 & current time is  1109.0  message time is 1109.0 case 9
16:32:56.716 [main] INFO  AV.MCU - VCU_Torque_Commands VCU_Torque_Commands : 0.0 & current time is  1129.0  message time is 1129.0 case 9
16:32:57.704 [main] INFO  AV.MCU - VCU_Torque_Commands VCU_Torque_Commands : 0.0 & current time is  1149.0  message time is 1149.0 case 9
16:32:58.701 [main] INFO  AV.MCU - VCU_Torque_Commands VCU_Torque_Commands : 0.0 & current time is  1169.0  message time is 1169.0 case 9
16:32:59.741 [main] INFO  AV.MCU - VCU_Torque_Commands VCU_Torque_Commands : 0.0 & current time is  1189.0  message time is 1189.0 case 9
16:33:00.730 [main] INFO  AV.MCU - VCU_Torque_Commands VCU_Torque_Commands : 0.0 & current time is  1209.0  message time is 1209.0 case 9
16:33:01.775 [main] INFO  AV.MCU - VCU_Torque_Commands VCU_Torque_Commands : 0.0 & current time is  1229.0  message time is 1229.0 case 9
16:33:02.780 [main] INFO  AV.MCU - VCU_Torque_Commands VCU_Torque_Commands : 0.0 & current time is  1249.0  message time is 1249.0 case 9
16:33:03.803 [main] INFO  AV.MCU - VCU_Torque_Commands VCU_Torque_Commands : 0.0 & current time is  1269.0  message time is 1269.0 case 9
16:33:04.750 [main] INFO  AV.MCU - VCU_Torque_Commands VCU_Torque_Commands : 0.0 & current time is  1289.0  message time is 1289.0 case 9
16:33:05.797 [main] INFO  AV.MCU - VCU_Torque_Commands VCU_Torque_Commands : 0.0 & current time is  1309.0  message time is 1309.0 case 9
16:33:06.791 [main] INFO  AV.MCU - VCU_Torque_Commands VCU_Torque_Commands : 0.0 & current time is  1329.0  message time is 1329.0 case 9
16:33:07.787 [main] INFO  AV.MCU - VCU_Torque_Commands VCU_Torque_Commands : 0.0 & current time is  1349.0  message time is 1349.0 case 9
16:33:08.799 [main] INFO  AV.MCU - VCU_Torque_Commands VCU_Torque_Commands : 0.0 & current time is  1369.0  message time is 1369.0 case 9
16:33:09.758 [main] INFO  AV.MCU - VCU_Torque_Commands VCU_Torque_Commands : 0.0 & current time is  1389.0  message time is 1389.0 case 9
16:33:10.743 [main] INFO  AV.MCU - VCU_Torque_Commands VCU_Torque_Commands : 0.0 & current time is  1409.0  message time is 1409.0 case 9
16:33:11.746 [main] INFO  AV.MCU - VCU_Torque_Commands VCU_Torque_Commands : 0.0 & current time is  1429.0  message time is 1429.0 case 9
16:33:12.741 [main] INFO  AV.MCU - VCU_Torque_Commands VCU_Torque_Commands : 0.0 & current time is  1449.0  message time is 1449.0 case 9
16:33:13.691 [main] INFO  AV.MCU - VCU_Torque_Commands VCU_Torque_Commands : 0.0 & current time is  1469.0  message time is 1469.0 case 9
16:33:14.685 [main] INFO  AV.MCU - VCU_Torque_Commands VCU_Torque_Commands : 0.0 & current time is  1489.0  message time is 1489.0 case 9
16:33:15.730 [main] INFO  AV.MCU - VCU_Torque_Commands VCU_Torque_Commands : 3.0 & current time is  1509.0  message time is 1509.0 case 9
16:33:16.754 [main] INFO  AV.MCU - VCU_Torque_Commands VCU_Torque_Commands : 3.0 & current time is  1529.0  message time is 1529.0 case 9
16:33:17.684 [main] INFO  AV.MCU - VCU_Torque_Commands VCU_Torque_Commands : 3.0 & current time is  1549.0  message time is 1549.0 case 9
16:33:18.660 [main] INFO  AV.MCU - VCU_Torque_Commands VCU_Torque_Commands : 3.0 & current time is  1569.0  message time is 1569.0 case 9
16:33:19.642 [main] INFO  AV.MCU - VCU_Torque_Commands VCU_Torque_Commands : 3.0 & current time is  1589.0  message time is 1589.0 case 9
16:33:20.641 [main] INFO  AV.MCU - VCU_Torque_Commands VCU_Torque_Commands : 3.0 & current time is  1609.0  message time is 1609.0 case 9
16:33:21.697 [main] INFO  AV.MCU - VCU_Torque_Commands VCU_Torque_Commands : 3.0 & current time is  1629.0  message time is 1629.0 case 9
16:33:22.741 [main] INFO  AV.MCU - VCU_Torque_Commands VCU_Torque_Commands : 3.0 & current time is  1649.0  message time is 1649.0 case 9
16:33:23.739 [main] INFO  AV.MCU - VCU_Torque_Commands VCU_Torque_Commands : 3.0 & current time is  1669.0  message time is 1669.0 case 9
16:33:24.762 [main] INFO  AV.MCU - VCU_Torque_Commands VCU_Torque_Commands : 3.0 & current time is  1689.0  message time is 1689.0 case 9
16:33:25.794 [main] INFO  AV.MCU - VCU_Torque_Commands VCU_Torque_Commands : 3.0 & current time is  1709.0  message time is 1709.0 case 9
16:33:26.791 [main] INFO  AV.MCU - VCU_Torque_Commands VCU_Torque_Commands : 3.0 & current time is  1729.0  message time is 1729.0 case 9
16:33:27.776 [main] INFO  AV.MCU - VCU_Torque_Commands VCU_Torque_Commands : 3.0 & current time is  1749.0  message time is 1749.0 case 9
16:33:28.661 [main] INFO  AV.MCU - VCU_Torque_Commands VCU_Torque_Commands : 3.0 & current time is  1769.0  message time is 1769.0 case 9
16:33:29.595 [main] INFO  AV.MCU - VCU_Torque_Commands VCU_Torque_Commands : 3.0 & current time is  1789.0  message time is 1789.0 case 9
16:33:30.579 [main] INFO  AV.MCU - VCU_Torque_Commands VCU_Torque_Commands : 3.0 & current time is  1809.0  message time is 1809.0 case 9
16:33:31.603 [main] INFO  AV.MCU - VCU_Torque_Commands VCU_Torque_Commands : 3.0 & current time is  1829.0  message time is 1829.0 case 9
16:33:32.525 [main] INFO  AV.MCU - VCU_Torque_Commands VCU_Torque_Commands : 3.0 & current time is  1849.0  message time is 1849.0 case 9
16:33:33.544 [main] INFO  AV.MCU - VCU_Torque_Commands VCU_Torque_Commands : 3.0 & current time is  1869.0  message time is 1869.0 case 9
16:33:34.522 [main] INFO  AV.MCU - VCU_Torque_Commands VCU_Torque_Commands : 3.0 & current time is  1889.0  message time is 1889.0 case 9
16:33:35.493 [main] INFO  AV.MCU - VCU_Torque_Commands VCU_Torque_Commands : 3.0 & current time is  1909.0  message time is 1909.0 case 9
16:33:36.510 [main] INFO  AV.MCU - VCU_Torque_Commands VCU_Torque_Commands : 3.0 & current time is  1929.0  message time is 1929.0 case 9
16:33:37.606 [main] INFO  AV.MCU - VCU_Torque_Commands VCU_Torque_Commands : 3.0 & current time is  1949.0  message time is 1949.0 case 9
16:33:38.621 [main] INFO  AV.MCU - VCU_Torque_Commands VCU_Torque_Commands : 3.0 & current time is  1969.0  message time is 1969.0 case 9
16:33:39.670 [main] INFO  AV.MCU - VCU_Torque_Commands VCU_Torque_Commands : 3.0 & current time is  1989.0  message time is 1989.0 case 9
16:33:40.708 [main] INFO  AV.MCU - VCU_Torque_Commands VCU_Torque_Commands : 6.0 & current time is  2009.0  message time is 2009.0 case 9
16:33:41.858 [main] INFO  AV.MCU - VCU_Torque_Commands VCU_Torque_Commands : 6.0 & current time is  2029.0  message time is 2029.0 case 9
16:33:42.887 [main] INFO  AV.MCU - VCU_Torque_Commands VCU_Torque_Commands : 6.0 & current time is  2049.0  message time is 2049.0 case 9
16:33:43.899 [main] INFO  AV.MCU - VCU_Torque_Commands VCU_Torque_Commands : 6.0 & current time is  2069.0  message time is 2069.0 case 9
16:33:44.896 [main] INFO  AV.MCU - VCU_Torque_Commands VCU_Torque_Commands : 6.0 & current time is  2089.0  message time is 2089.0 case 9
16:33:45.859 [main] INFO  AV.MCU - VCU_Torque_Commands VCU_Torque_Commands : 6.0 & current time is  2109.0  message time is 2109.0 case 9
16:33:46.878 [main] INFO  AV.MCU - VCU_Torque_Commands VCU_Torque_Commands : 6.0 & current time is  2129.0  message time is 2129.0 case 9
16:33:47.905 [main] INFO  AV.MCU - VCU_Torque_Commands VCU_Torque_Commands : 6.0 & current time is  2149.0  message time is 2149.0 case 9
16:33:48.915 [main] INFO  AV.MCU - VCU_Torque_Commands VCU_Torque_Commands : 6.0 & current time is  2169.0  message time is 2169.0 case 9
16:33:49.898 [main] INFO  AV.MCU - VCU_Torque_Commands VCU_Torque_Commands : 6.0 & current time is  2189.0  message time is 2189.0 case 9
16:33:50.968 [main] INFO  AV.MCU - VCU_Torque_Commands VCU_Torque_Commands : 6.0 & current time is  2209.0  message time is 2209.0 case 9
16:33:52.052 [main] INFO  AV.MCU - VCU_Torque_Commands VCU_Torque_Commands : 6.0 & current time is  2229.0  message time is 2229.0 case 9
16:33:53.078 [main] INFO  AV.MCU - VCU_Torque_Commands VCU_Torque_Commands : 6.0 & current time is  2249.0  message time is 2249.0 case 9
16:33:54.089 [main] INFO  AV.MCU - VCU_Torque_Commands VCU_Torque_Commands : 6.0 & current time is  2269.0  message time is 2269.0 case 9
16:33:55.213 [main] INFO  AV.MCU - VCU_Torque_Commands VCU_Torque_Commands : 6.0 & current time is  2289.0  message time is 2289.0 case 9
16:33:56.211 [main] INFO  AV.MCU - VCU_Torque_Commands VCU_Torque_Commands : 6.0 & current time is  2309.0  message time is 2309.0 case 9
16:33:57.150 [main] INFO  AV.MCU - VCU_Torque_Commands VCU_Torque_Commands : 6.0 & current time is  2329.0  message time is 2329.0 case 9
16:33:58.167 [main] INFO  AV.MCU - VCU_Torque_Commands VCU_Torque_Commands : 6.0 & current time is  2349.0  message time is 2349.0 case 9
16:33:59.138 [main] INFO  AV.MCU - VCU_Torque_Commands VCU_Torque_Commands : 6.0 & current time is  2369.0  message time is 2369.0 case 9
16:34:00.282 [main] INFO  AV.MCU - VCU_Torque_Commands VCU_Torque_Commands : 6.0 & current time is  2389.0  message time is 2389.0 case 9
16:34:01.296 [main] INFO  AV.MCU - VCU_Torque_Commands VCU_Torque_Commands : 6.0 & current time is  2409.0  message time is 2409.0 case 9
16:34:02.280 [main] INFO  AV.MCU - VCU_Torque_Commands VCU_Torque_Commands : 6.0 & current time is  2429.0  message time is 2429.0 case 9
16:34:03.266 [main] INFO  AV.MCU - VCU_Torque_Commands VCU_Torque_Commands : 6.0 & current time is  2449.0  message time is 2449.0 case 9
16:34:04.288 [main] INFO  AV.MCU - VCU_Torque_Commands VCU_Torque_Commands : 6.0 & current time is  2469.0  message time is 2469.0 case 9
16:34:05.268 [main] INFO  AV.MCU - VCU_Torque_Commands VCU_Torque_Commands : 6.0 & current time is  2489.0  message time is 2489.0 case 9
16:34:06.294 [main] INFO  AV.MCU - VCU_Torque_Commands VCU_Torque_Commands : 9.0 & current time is  2509.0  message time is 2509.0 case 9
16:34:07.305 [main] INFO  AV.MCU - VCU_Torque_Commands VCU_Torque_Commands : 9.0 & current time is  2529.0  message time is 2529.0 case 9
16:34:08.278 [main] INFO  AV.MCU - VCU_Torque_Commands VCU_Torque_Commands : 9.0 & current time is  2549.0  message time is 2549.0 case 9
16:34:09.332 [main] INFO  AV.MCU - VCU_Torque_Commands VCU_Torque_Commands : 9.0 & current time is  2569.0  message time is 2569.0 case 9
16:34:10.458 [main] INFO  AV.MCU - VCU_Torque_Commands VCU_Torque_Commands : 9.0 & current time is  2589.0  message time is 2589.0 case 9
16:34:11.461 [main] INFO  AV.MCU - VCU_Torque_Commands VCU_Torque_Commands : 9.0 & current time is  2609.0  message time is 2609.0 case 9
16:34:12.450 [main] INFO  AV.MCU - VCU_Torque_Commands VCU_Torque_Commands : 9.0 & current time is  2629.0  message time is 2629.0 case 9
16:34:13.465 [main] INFO  AV.MCU - VCU_Torque_Commands VCU_Torque_Commands : 9.0 & current time is  2649.0  message time is 2649.0 case 9
16:34:14.504 [main] INFO  AV.MCU - VCU_Torque_Commands VCU_Torque_Commands : 9.0 & current time is  2669.0  message time is 2669.0 case 9
16:34:15.543 [main] INFO  AV.MCU - VCU_Torque_Commands VCU_Torque_Commands : 9.0 & current time is  2689.0  message time is 2689.0 case 9
16:34:16.538 [main] INFO  AV.MCU - VCU_Torque_Commands VCU_Torque_Commands : 9.0 & current time is  2709.0  message time is 2709.0 case 9
16:34:17.539 [main] INFO  AV.MCU - VCU_Torque_Commands VCU_Torque_Commands : 9.0 & current time is  2729.0  message time is 2729.0 case 9
16:34:18.495 [main] INFO  AV.MCU - VCU_Torque_Commands VCU_Torque_Commands : 9.0 & current time is  2749.0  message time is 2749.0 case 9
16:34:19.521 [main] INFO  AV.MCU - VCU_Torque_Commands VCU_Torque_Commands : 9.0 & current time is  2769.0  message time is 2769.0 case 9
16:34:20.516 [main] INFO  AV.MCU - VCU_Torque_Commands VCU_Torque_Commands : 9.0 & current time is  2789.0  message time is 2789.0 case 9
16:34:21.516 [main] INFO  AV.MCU - VCU_Torque_Commands VCU_Torque_Commands : 9.0 & current time is  2809.0  message time is 2809.0 case 9
16:34:22.496 [main] INFO  AV.MCU - VCU_Torque_Commands VCU_Torque_Commands : 9.0 & current time is  2829.0  message time is 2829.0 case 9
16:34:23.509 [main] INFO  AV.MCU - VCU_Torque_Commands VCU_Torque_Commands : 9.0 & current time is  2849.0  message time is 2849.0 case 9
16:34:24.504 [main] INFO  AV.MCU - VCU_Torque_Commands VCU_Torque_Commands : 9.0 & current time is  2869.0  message time is 2869.0 case 9
16:34:25.546 [main] INFO  AV.MCU - VCU_Torque_Commands VCU_Torque_Commands : 9.0 & current time is  2889.0  message time is 2889.0 case 9
16:34:26.543 [main] INFO  AV.MCU - VCU_Torque_Commands VCU_Torque_Commands : 9.0 & current time is  2909.0  message time is 2909.0 case 9
16:34:27.545 [main] INFO  AV.MCU - VCU_Torque_Commands VCU_Torque_Commands : 9.0 & current time is  2929.0  message time is 2929.0 case 9
16:34:28.613 [main] INFO  AV.MCU - VCU_Torque_Commands VCU_Torque_Commands : 9.0 & current time is  2949.0  message time is 2949.0 case 9
16:34:29.621 [main] INFO  AV.MCU - VCU_Torque_Commands VCU_Torque_Commands : 9.0 & current time is  2969.0  message time is 2969.0 case 9
16:34:30.546 [main] INFO  AV.MCU - VCU_Torque_Commands VCU_Torque_Commands : 9.0 & current time is  2989.0  message time is 2989.0 case 9
16:34:31.519 [main] INFO  AV.MCU - VCU_Torque_Commands VCU_Torque_Commands : 13.0 & current time is  3009.0  message time is 3009.0 case 9
16:34:32.497 [main] INFO  AV.MCU - VCU_Torque_Commands VCU_Torque_Commands : 13.0 & current time is  3029.0  message time is 3029.0 case 9
16:34:33.516 [main] INFO  AV.MCU - VCU_Torque_Commands VCU_Torque_Commands : 13.0 & current time is  3049.0  message time is 3049.0 case 9
16:34:34.566 [main] INFO  AV.MCU - VCU_Torque_Commands VCU_Torque_Commands : 13.0 & current time is  3069.0  message time is 3069.0 case 9
16:34:35.591 [main] INFO  AV.MCU - VCU_Torque_Commands VCU_Torque_Commands : 13.0 & current time is  3089.0  message time is 3089.0 case 9
16:34:36.556 [main] INFO  AV.MCU - VCU_Torque_Commands VCU_Torque_Commands : 13.0 & current time is  3109.0  message time is 3109.0 case 9
16:34:37.559 [main] INFO  AV.MCU - VCU_Torque_Commands VCU_Torque_Commands : 13.0 & current time is  3129.0  message time is 3129.0 case 9
16:34:38.546 [main] INFO  AV.MCU - VCU_Torque_Commands VCU_Torque_Commands : 13.0 & current time is  3149.0  message time is 3149.0 case 9
16:34:39.653 [main] INFO  AV.MCU - VCU_Torque_Commands VCU_Torque_Commands : 13.0 & current time is  3169.0  message time is 3169.0 case 9
16:34:40.658 [main] INFO  AV.MCU - VCU_Torque_Commands VCU_Torque_Commands : 13.0 & current time is  3189.0  message time is 3189.0 case 9
16:34:41.634 [main] INFO  AV.MCU - VCU_Torque_Commands VCU_Torque_Commands : 13.0 & current time is  3209.0  message time is 3209.0 case 9
16:34:42.669 [main] INFO  AV.MCU - VCU_Torque_Commands VCU_Torque_Commands : 13.0 & current time is  3229.0  message time is 3229.0 case 9
16:34:43.676 [main] INFO  AV.MCU - VCU_Torque_Commands VCU_Torque_Commands : 13.0 & current time is  3249.0  message time is 3249.0 case 9
16:34:44.655 [main] INFO  AV.MCU - VCU_Torque_Commands VCU_Torque_Commands : 13.0 & current time is  3269.0  message time is 3269.0 case 9
16:34:45.649 [main] INFO  AV.MCU - VCU_Torque_Commands VCU_Torque_Commands : 13.0 & current time is  3289.0  message time is 3289.0 case 9
16:34:46.671 [main] INFO  AV.MCU - VCU_Torque_Commands VCU_Torque_Commands : 13.0 & current time is  3309.0  message time is 3309.0 case 9
16:34:47.676 [main] INFO  AV.MCU - VCU_Torque_Commands VCU_Torque_Commands : 13.0 & current time is  3329.0  message time is 3329.0 case 9
16:34:48.648 [main] INFO  AV.MCU - VCU_Torque_Commands VCU_Torque_Commands : 13.0 & current time is  3349.0  message time is 3349.0 case 9
16:34:49.659 [main] INFO  AV.MCU - VCU_Torque_Commands VCU_Torque_Commands : 13.0 & current time is  3369.0  message time is 3369.0 case 9
16:34:50.678 [main] INFO  AV.MCU - VCU_Torque_Commands VCU_Torque_Commands : 13.0 & current time is  3389.0  message time is 3389.0 case 9
16:34:51.686 [main] INFO  AV.MCU - VCU_Torque_Commands VCU_Torque_Commands : 13.0 & current time is  3409.0  message time is 3409.0 case 9
16:34:52.686 [main] INFO  AV.MCU - VCU_Torque_Commands VCU_Torque_Commands : 13.0 & current time is  3429.0  message time is 3429.0 case 9
16:34:53.683 [main] INFO  AV.MCU - VCU_Torque_Commands VCU_Torque_Commands : 13.0 & current time is  3449.0  message time is 3449.0 case 9
16:34:54.816 [main] INFO  AV.MCU - VCU_Torque_Commands VCU_Torque_Commands : 13.0 & current time is  3469.0  message time is 3469.0 case 9
16:34:55.831 [main] INFO  AV.MCU - VCU_Torque_Commands VCU_Torque_Commands : 13.0 & current time is  3489.0  message time is 3489.0 case 9
16:34:56.836 [main] INFO  AV.MCU - VCU_Torque_Commands VCU_Torque_Commands : 13.0 & current time is  3509.0  message time is 3509.0 case 9
16:34:57.772 [main] INFO  AV.MCU - VCU_Torque_Commands VCU_Torque_Commands : 13.0 & current time is  3529.0  message time is 3529.0 case 9
16:34:58.762 [main] INFO  AV.MCU - VCU_Torque_Commands VCU_Torque_Commands : 13.0 & current time is  3549.0  message time is 3549.0 case 9
16:34:59.708 [main] INFO  AV.MCU - VCU_Torque_Commands VCU_Torque_Commands : 13.0 & current time is  3569.0  message time is 3569.0 case 9
16:35:00.715 [main] INFO  AV.MCU - VCU_Torque_Commands VCU_Torque_Commands : 13.0 & current time is  3589.0  message time is 3589.0 case 9
16:35:01.670 [main] INFO  AV.MCU - VCU_Torque_Commands VCU_Torque_Commands : 13.0 & current time is  3609.0  message time is 3609.0 case 9
16:35:02.661 [main] INFO  AV.MCU - VCU_Torque_Commands VCU_Torque_Commands : 13.0 & current time is  3629.0  message time is 3629.0 case 9
16:35:03.631 [main] INFO  AV.MCU - VCU_Torque_Commands VCU_Torque_Commands : 13.0 & current time is  3649.0  message time is 3649.0 case 9
16:35:04.628 [main] INFO  AV.MCU - VCU_Torque_Commands VCU_Torque_Commands : 13.0 & current time is  3669.0  message time is 3669.0 case 9
16:35:05.613 [main] INFO  AV.MCU - VCU_Torque_Commands VCU_Torque_Commands : 13.0 & current time is  3689.0  message time is 3689.0 case 9
16:35:06.621 [main] INFO  AV.MCU - VCU_Torque_Commands VCU_Torque_Commands : 13.0 & current time is  3709.0  message time is 3709.0 case 9
16:35:07.620 [main] INFO  AV.MCU - VCU_Torque_Commands VCU_Torque_Commands : 13.0 & current time is  3729.0  message time is 3729.0 case 9
16:35:08.617 [main] INFO  AV.MCU - VCU_Torque_Commands VCU_Torque_Commands : 13.0 & current time is  3749.0  message time is 3749.0 case 9
16:35:09.618 [main] INFO  AV.MCU - VCU_Torque_Commands VCU_Torque_Commands : 13.0 & current time is  3769.0  message time is 3769.0 case 9
16:35:10.730 [main] INFO  AV.MCU - VCU_Torque_Commands VCU_Torque_Commands : 13.0 & current time is  3789.0  message time is 3789.0 case 9
16:35:11.712 [main] INFO  AV.MCU - VCU_Torque_Commands VCU_Torque_Commands : 13.0 & current time is  3809.0  message time is 3809.0 case 9
16:35:12.707 [main] INFO  AV.MCU - VCU_Torque_Commands VCU_Torque_Commands : 13.0 & current time is  3829.0  message time is 3829.0 case 9
16:35:13.614 [main] INFO  AV.MCU - VCU_Torque_Commands VCU_Torque_Commands : 13.0 & current time is  3849.0  message time is 3849.0 case 9
16:35:14.646 [main] INFO  AV.MCU - VCU_Torque_Commands VCU_Torque_Commands : 13.0 & current time is  3869.0  message time is 3869.0 case 9
16:35:15.662 [main] INFO  AV.MCU - VCU_Torque_Commands VCU_Torque_Commands : 13.0 & current time is  3889.0  message time is 3889.0 case 9
16:35:16.623 [main] INFO  AV.MCU - VCU_Torque_Commands VCU_Torque_Commands : 13.0 & current time is  3909.0  message time is 3909.0 case 9
16:35:17.419 [main] INFO  AV.MCU - VCU_Torque_Commands VCU_Torque_Commands : 13.0 & current time is  3929.0  message time is 3929.0 case 9
16:35:18.393 [main] INFO  AV.MCU - VCU_Torque_Commands VCU_Torque_Commands : 13.0 & current time is  3949.0  message time is 3949.0 case 9
16:35:19.384 [main] INFO  AV.MCU - VCU_Torque_Commands VCU_Torque_Commands : 13.0 & current time is  3969.0  message time is 3969.0 case 9
16:35:20.359 [main] INFO  AV.MCU - VCU_Torque_Commands VCU_Torque_Commands : 13.0 & current time is  3989.0  message time is 3989.0 case 9
16:35:21.355 [main] INFO  AV.MCU - VCU_Torque_Commands VCU_Torque_Commands : 17.0 & current time is  4009.0  message time is 4009.0 case 9
16:35:22.385 [main] INFO  AV.MCU - VCU_Torque_Commands VCU_Torque_Commands : 17.0 & current time is  4029.0  message time is 4029.0 case 9
16:35:23.402 [main] INFO  AV.MCU - VCU_Torque_Commands VCU_Torque_Commands : 17.0 & current time is  4049.0  message time is 4049.0 case 9
16:35:24.400 [main] INFO  AV.MCU - VCU_Torque_Commands VCU_Torque_Commands : 17.0 & current time is  4069.0  message time is 4069.0 case 9
16:35:25.384 [main] INFO  AV.MCU - VCU_Torque_Commands VCU_Torque_Commands : 17.0 & current time is  4089.0  message time is 4089.0 case 9
16:35:26.462 [main] INFO  AV.MCU - VCU_Torque_Commands VCU_Torque_Commands : 17.0 & current time is  4109.0  message time is 4109.0 case 9
16:35:27.488 [main] INFO  AV.MCU - VCU_Torque_Commands VCU_Torque_Commands : 17.0 & current time is  4129.0  message time is 4129.0 case 9
16:35:28.498 [main] INFO  AV.MCU - VCU_Torque_Commands VCU_Torque_Commands : 17.0 & current time is  4149.0  message time is 4149.0 case 9
16:35:29.451 [main] INFO  AV.MCU - VCU_Torque_Commands VCU_Torque_Commands : 17.0 & current time is  4169.0  message time is 4169.0 case 9
16:35:30.411 [main] INFO  AV.MCU - VCU_Torque_Commands VCU_Torque_Commands : 17.0 & current time is  4189.0  message time is 4189.0 case 9
16:35:31.419 [main] INFO  AV.MCU - VCU_Torque_Commands VCU_Torque_Commands : 17.0 & current time is  4209.0  message time is 4209.0 case 9
16:35:32.426 [main] INFO  AV.MCU - VCU_Torque_Commands VCU_Torque_Commands : 17.0 & current time is  4229.0  message time is 4229.0 case 9
16:35:33.444 [main] INFO  AV.MCU - VCU_Torque_Commands VCU_Torque_Commands : 17.0 & current time is  4249.0  message time is 4249.0 case 9
16:35:34.483 [main] INFO  AV.MCU - VCU_Torque_Commands VCU_Torque_Commands : 17.0 & current time is  4269.0  message time is 4269.0 case 9
16:35:35.455 [main] INFO  AV.MCU - VCU_Torque_Commands VCU_Torque_Commands : 17.0 & current time is  4289.0  message time is 4289.0 case 9
16:35:36.496 [main] INFO  AV.MCU - VCU_Torque_Commands VCU_Torque_Commands : 17.0 & current time is  4309.0  message time is 4309.0 case 9
16:35:37.472 [main] INFO  AV.MCU - VCU_Torque_Commands VCU_Torque_Commands : 17.0 & current time is  4329.0  message time is 4329.0 case 9
16:35:38.482 [main] INFO  AV.MCU - VCU_Torque_Commands VCU_Torque_Commands : 17.0 & current time is  4349.0  message time is 4349.0 case 9
16:35:39.467 [main] INFO  AV.MCU - VCU_Torque_Commands VCU_Torque_Commands : 17.0 & current time is  4369.0  message time is 4369.0 case 9
16:35:40.428 [main] INFO  AV.MCU - VCU_Torque_Commands VCU_Torque_Commands : 17.0 & current time is  4389.0  message time is 4389.0 case 9
16:35:41.390 [main] INFO  AV.MCU - VCU_Torque_Commands VCU_Torque_Commands : 17.0 & current time is  4409.0  message time is 4409.0 case 9
16:35:42.381 [main] INFO  AV.MCU - VCU_Torque_Commands VCU_Torque_Commands : 17.0 & current time is  4429.0  message time is 4429.0 case 9
16:35:43.398 [main] INFO  AV.MCU - VCU_Torque_Commands VCU_Torque_Commands : 17.0 & current time is  4449.0  message time is 4449.0 case 9
16:35:44.450 [main] INFO  AV.MCU - VCU_Torque_Commands VCU_Torque_Commands : 17.0 & current time is  4469.0  message time is 4469.0 case 9
16:35:45.488 [main] INFO  AV.MCU - VCU_Torque_Commands VCU_Torque_Commands : 17.0 & current time is  4489.0  message time is 4489.0 case 9
16:35:46.471 [main] INFO  AV.MCU - VCU_Torque_Commands VCU_Torque_Commands : 17.0 & current time is  4509.0  message time is 4509.0 case 9
16:35:47.480 [main] INFO  AV.MCU - VCU_Torque_Commands VCU_Torque_Commands : 17.0 & current time is  4529.0  message time is 4529.0 case 9
16:35:48.424 [main] INFO  AV.MCU - VCU_Torque_Commands VCU_Torque_Commands : 17.0 & current time is  4549.0  message time is 4549.0 case 9
16:35:49.427 [main] INFO  AV.MCU - VCU_Torque_Commands VCU_Torque_Commands : 17.0 & current time is  4569.0  message time is 4569.0 case 9
16:35:50.456 [main] INFO  AV.MCU - VCU_Torque_Commands VCU_Torque_Commands : 17.0 & current time is  4589.0  message time is 4589.0 case 9
16:35:51.439 [main] INFO  AV.MCU - VCU_Torque_Commands VCU_Torque_Commands : 17.0 & current time is  4609.0  message time is 4609.0 case 9
16:35:52.520 [main] INFO  AV.MCU - VCU_Torque_Commands VCU_Torque_Commands : 17.0 & current time is  4629.0  message time is 4629.0 case 9
16:35:53.521 [main] INFO  AV.MCU - VCU_Torque_Commands VCU_Torque_Commands : 17.0 & current time is  4649.0  message time is 4649.0 case 9
16:35:54.142 [main] INFO  AV.MCU - VCU_Torque_Commands VCU_Torque_Commands : 17.0 & current time is  4669.0  message time is 4669.0 case 9
16:35:54.756 [main] INFO  AV.MCU - VCU_Torque_Commands VCU_Torque_Commands : 17.0 & current time is  4689.0  message time is 4689.0 case 9
16:35:55.609 [main] INFO  AV.MCU - VCU_Torque_Commands VCU_Torque_Commands : 17.0 & current time is  4709.0  message time is 4709.0 case 9
16:35:56.613 [main] INFO  AV.MCU - VCU_Torque_Commands VCU_Torque_Commands : 17.0 & current time is  4729.0  message time is 4729.0 case 9
16:35:57.537 [main] INFO  AV.MCU - VCU_Torque_Commands VCU_Torque_Commands : 17.0 & current time is  4749.0  message time is 4749.0 case 9
16:35:58.577 [main] INFO  AV.MCU - VCU_Torque_Commands VCU_Torque_Commands : 17.0 & current time is  4769.0  message time is 4769.0 case 9
16:35:59.673 [main] INFO  AV.MCU - VCU_Torque_Commands VCU_Torque_Commands : 17.0 & current time is  4789.0  message time is 4789.0 case 9
16:36:00.701 [main] INFO  AV.MCU - VCU_Torque_Commands VCU_Torque_Commands : 17.0 & current time is  4809.0  message time is 4809.0 case 9
16:36:01.726 [main] INFO  AV.MCU - VCU_Torque_Commands VCU_Torque_Commands : 17.0 & current time is  4829.0  message time is 4829.0 case 9
16:36:02.668 [main] INFO  AV.MCU - VCU_Torque_Commands VCU_Torque_Commands : 17.0 & current time is  4849.0  message time is 4849.0 case 9
16:36:03.684 [main] INFO  AV.MCU - VCU_Torque_Commands VCU_Torque_Commands : 17.0 & current time is  4869.0  message time is 4869.0 case 9
16:36:04.684 [main] INFO  AV.MCU - VCU_Torque_Commands VCU_Torque_Commands : 17.0 & current time is  4889.0  message time is 4889.0 case 9
16:36:05.715 [main] INFO  AV.MCU - VCU_Torque_Commands VCU_Torque_Commands : 17.0 & current time is  4909.0  message time is 4909.0 case 9
16:36:06.698 [main] INFO  AV.MCU - VCU_Torque_Commands VCU_Torque_Commands : 17.0 & current time is  4929.0  message time is 4929.0 case 9
16:36:07.742 [main] INFO  AV.MCU - VCU_Torque_Commands VCU_Torque_Commands : 17.0 & current time is  4949.0  message time is 4949.0 case 9
16:36:08.752 [main] INFO  AV.MCU - VCU_Torque_Commands VCU_Torque_Commands : 17.0 & current time is  4969.0  message time is 4969.0 case 9
16:36:09.728 [main] INFO  AV.MCU - VCU_Torque_Commands VCU_Torque_Commands : 17.0 & current time is  4989.0  message time is 4989.0 case 9
16:36:10.734 [main] INFO  AV.MCU - VCU_Torque_Commands VCU_Torque_Commands : 17.0 & current time is  5009.0  message time is 5009.0 case 9
16:36:11.726 [main] INFO  AV.MCU - VCU_Torque_Commands VCU_Torque_Commands : 17.0 & current time is  5029.0  message time is 5029.0 case 9
16:36:12.724 [main] INFO  AV.MCU - VCU_Torque_Commands VCU_Torque_Commands : 17.0 & current time is  5049.0  message time is 5049.0 case 9
16:36:13.760 [main] INFO  AV.MCU - VCU_Torque_Commands VCU_Torque_Commands : 17.0 & current time is  5069.0  message time is 5069.0 case 9
16:36:14.777 [main] INFO  AV.MCU - VCU_Torque_Commands VCU_Torque_Commands : 17.0 & current time is  5089.0  message time is 5089.0 case 9
16:36:15.784 [main] INFO  AV.MCU - VCU_Torque_Commands VCU_Torque_Commands : 17.0 & current time is  5109.0  message time is 5109.0 case 9
16:36:16.793 [main] INFO  AV.MCU - VCU_Torque_Commands VCU_Torque_Commands : 17.0 & current time is  5129.0  message time is 5129.0 case 9
16:36:17.925 [main] INFO  AV.MCU - VCU_Torque_Commands VCU_Torque_Commands : 17.0 & current time is  5149.0  message time is 5149.0 case 9
16:36:18.860 [main] INFO  AV.MCU - VCU_Torque_Commands VCU_Torque_Commands : 17.0 & current time is  5169.0  message time is 5169.0 case 9
16:36:19.837 [main] INFO  AV.MCU - VCU_Torque_Commands VCU_Torque_Commands : 17.0 & current time is  5189.0  message time is 5189.0 case 9
16:36:20.808 [main] INFO  AV.MCU - VCU_Torque_Commands VCU_Torque_Commands : 17.0 & current time is  5209.0  message time is 5209.0 case 9
16:36:21.828 [main] INFO  AV.MCU - VCU_Torque_Commands VCU_Torque_Commands : 17.0 & current time is  5229.0  message time is 5229.0 case 9
16:36:22.784 [main] INFO  AV.MCU - VCU_Torque_Commands VCU_Torque_Commands : 17.0 & current time is  5249.0  message time is 5249.0 case 9
16:36:23.801 [main] INFO  AV.MCU - VCU_Torque_Commands VCU_Torque_Commands : 17.0 & current time is  5269.0  message time is 5269.0 case 9
16:36:24.612 [main] INFO  AV.MCU - VCU_Torque_Commands VCU_Torque_Commands : 17.0 & current time is  5289.0  message time is 5289.0 case 9
16:36:25.615 [main] INFO  AV.MCU - VCU_Torque_Commands VCU_Torque_Commands : 17.0 & current time is  5309.0  message time is 5309.0 case 9
16:36:26.589 [main] INFO  AV.MCU - VCU_Torque_Commands VCU_Torque_Commands : 17.0 & current time is  5329.0  message time is 5329.0 case 9
16:36:27.590 [main] INFO  AV.MCU - VCU_Torque_Commands VCU_Torque_Commands : 17.0 & current time is  5349.0  message time is 5349.0 case 9
16:36:28.611 [main] INFO  AV.MCU - VCU_Torque_Commands VCU_Torque_Commands : 17.0 & current time is  5369.0  message time is 5369.0 case 9
16:36:29.618 [main] INFO  AV.MCU - VCU_Torque_Commands VCU_Torque_Commands : 17.0 & current time is  5389.0  message time is 5389.0 case 9
16:36:30.620 [main] INFO  AV.MCU - VCU_Torque_Commands VCU_Torque_Commands : 17.0 & current time is  5409.0  message time is 5409.0 case 9
16:36:31.611 [main] INFO  AV.MCU - VCU_Torque_Commands VCU_Torque_Commands : 17.0 & current time is  5429.0  message time is 5429.0 case 9
16:36:32.629 [main] INFO  AV.MCU - VCU_Torque_Commands VCU_Torque_Commands : 17.0 & current time is  5449.0  message time is 5449.0 case 9
16:36:33.621 [main] INFO  AV.MCU - VCU_Torque_Commands VCU_Torque_Commands : 17.0 & current time is  5469.0  message time is 5469.0 case 9
16:36:34.634 [main] INFO  AV.MCU - VCU_Torque_Commands VCU_Torque_Commands : 17.0 & current time is  5489.0  message time is 5489.0 case 9
16:36:35.698 [main] INFO  AV.MCU - VCU_Torque_Commands VCU_Torque_Commands : 17.0 & current time is  5509.0  message time is 5509.0 case 9
16:36:36.668 [main] INFO  AV.MCU - VCU_Torque_Commands VCU_Torque_Commands : 17.0 & current time is  5529.0  message time is 5529.0 case 9
16:36:37.719 [main] INFO  AV.MCU - VCU_Torque_Commands VCU_Torque_Commands : 17.0 & current time is  5549.0  message time is 5549.0 case 9
16:36:38.724 [main] INFO  AV.MCU - VCU_Torque_Commands VCU_Torque_Commands : 17.0 & current time is  5569.0  message time is 5569.0 case 9
16:36:39.715 [main] INFO  AV.MCU - VCU_Torque_Commands VCU_Torque_Commands : 17.0 & current time is  5589.0  message time is 5589.0 case 9
16:36:40.683 [main] INFO  AV.MCU - VCU_Torque_Commands VCU_Torque_Commands : 17.0 & current time is  5609.0  message time is 5609.0 case 9
16:36:41.678 [main] INFO  AV.MCU - VCU_Torque_Commands VCU_Torque_Commands : 17.0 & current time is  5629.0  message time is 5629.0 case 9
16:36:42.672 [main] INFO  AV.MCU - VCU_Torque_Commands VCU_Torque_Commands : 17.0 & current time is  5649.0  message time is 5649.0 case 9
16:36:43.705 [main] INFO  AV.MCU - VCU_Torque_Commands VCU_Torque_Commands : 17.0 & current time is  5669.0  message time is 5669.0 case 9
16:36:44.710 [main] INFO  AV.MCU - VCU_Torque_Commands VCU_Torque_Commands : 17.0 & current time is  5689.0  message time is 5689.0 case 9
16:36:45.686 [main] INFO  AV.MCU - VCU_Torque_Commands VCU_Torque_Commands : 17.0 & current time is  5709.0  message time is 5709.0 case 9
16:36:46.681 [main] INFO  AV.MCU - VCU_Torque_Commands VCU_Torque_Commands : 17.0 & current time is  5729.0  message time is 5729.0 case 9
16:36:47.683 [main] INFO  AV.MCU - VCU_Torque_Commands VCU_Torque_Commands : 17.0 & current time is  5749.0  message time is 5749.0 case 9
16:36:48.674 [main] INFO  AV.MCU - VCU_Torque_Commands VCU_Torque_Commands : 17.0 & current time is  5769.0  message time is 5769.0 case 9
16:36:49.640 [main] INFO  AV.MCU - VCU_Torque_Commands VCU_Torque_Commands : 17.0 & current time is  5789.0  message time is 5789.0 case 9
16:36:50.592 [main] INFO  AV.MCU - VCU_Torque_Commands VCU_Torque_Commands : 17.0 & current time is  5809.0  message time is 5809.0 case 9
16:36:51.571 [main] INFO  AV.MCU - VCU_Torque_Commands VCU_Torque_Commands : 17.0 & current time is  5829.0  message time is 5829.0 case 9
16:36:52.568 [main] INFO  AV.MCU - VCU_Torque_Commands VCU_Torque_Commands : 17.0 & current time is  5849.0  message time is 5849.0 case 9
16:36:53.455 [main] INFO  AV.MCU - VCU_Torque_Commands VCU_Torque_Commands : 17.0 & current time is  5869.0  message time is 5869.0 case 9
16:36:54.548 [main] INFO  AV.MCU - VCU_Torque_Commands VCU_Torque_Commands : 17.0 & current time is  5889.0  message time is 5889.0 case 9
16:36:55.180 [main] INFO  AV.MCU - VCU_Torque_Commands VCU_Torque_Commands : 17.0 & current time is  5909.0  message time is 5909.0 case 9
16:36:55.936 [main] INFO  AV.MCU - VCU_Torque_Commands VCU_Torque_Commands : 17.0 & current time is  5929.0  message time is 5929.0 case 9
16:36:56.940 [main] INFO  AV.MCU - VCU_Torque_Commands VCU_Torque_Commands : 17.0 & current time is  5949.0  message time is 5949.0 case 9
16:36:57.934 [main] INFO  AV.MCU - VCU_Torque_Commands VCU_Torque_Commands : 17.0 & current time is  5969.0  message time is 5969.0 case 9
16:36:58.917 [main] INFO  AV.MCU - VCU_Torque_Commands VCU_Torque_Commands : 17.0 & current time is  5989.0  message time is 5989.0 case 9
16:36:59.882 [main] INFO  AV.MCU - VCU_Torque_Commands VCU_Torque_Commands : 17.0 & current time is  6009.0  message time is 6009.0 case 9
16:37:00.880 [main] INFO  AV.MCU - VCU_Torque_Commands VCU_Torque_Commands : 17.0 & current time is  6029.0  message time is 6029.0 case 9
16:37:01.886 [main] INFO  AV.MCU - VCU_Torque_Commands VCU_Torque_Commands : 17.0 & current time is  6049.0  message time is 6049.0 case 9
16:37:02.858 [main] INFO  AV.MCU - VCU_Torque_Commands VCU_Torque_Commands : 17.0 & current time is  6069.0  message time is 6069.0 case 9
16:37:03.830 [main] INFO  AV.MCU - VCU_Torque_Commands VCU_Torque_Commands : 17.0 & current time is  6089.0  message time is 6089.0 case 9
16:37:04.820 [main] INFO  AV.MCU - VCU_Torque_Commands VCU_Torque_Commands : 17.0 & current time is  6109.0  message time is 6109.0 case 9
16:37:05.845 [main] INFO  AV.MCU - VCU_Torque_Commands VCU_Torque_Commands : 17.0 & current time is  6129.0  message time is 6129.0 case 9
16:37:06.861 [main] INFO  AV.MCU - VCU_Torque_Commands VCU_Torque_Commands : 17.0 & current time is  6149.0  message time is 6149.0 case 9
16:37:07.894 [main] INFO  AV.MCU - VCU_Torque_Commands VCU_Torque_Commands : 17.0 & current time is  6169.0  message time is 6169.0 case 9
16:37:08.890 [main] INFO  AV.MCU - VCU_Torque_Commands VCU_Torque_Commands : 17.0 & current time is  6189.0  message time is 6189.0 case 9
16:37:09.872 [main] INFO  AV.MCU - VCU_Torque_Commands VCU_Torque_Commands : 17.0 & current time is  6209.0  message time is 6209.0 case 9
16:37:10.958 [main] INFO  AV.MCU - VCU_Torque_Commands VCU_Torque_Commands : 17.0 & current time is  6229.0  message time is 6229.0 case 9
16:37:11.944 [main] INFO  AV.MCU - VCU_Torque_Commands VCU_Torque_Commands : 17.0 & current time is  6249.0  message time is 6249.0 case 9
16:37:12.935 [main] INFO  AV.MCU - VCU_Torque_Commands VCU_Torque_Commands : 17.0 & current time is  6269.0  message time is 6269.0 case 9
16:37:13.870 [main] INFO  AV.MCU - VCU_Torque_Commands VCU_Torque_Commands : 17.0 & current time is  6289.0  message time is 6289.0 case 9
16:37:14.855 [main] INFO  AV.MCU - VCU_Torque_Commands VCU_Torque_Commands : 17.0 & current time is  6309.0  message time is 6309.0 case 9
16:37:15.863 [main] INFO  AV.MCU - VCU_Torque_Commands VCU_Torque_Commands : 17.0 & current time is  6329.0  message time is 6329.0 case 9
16:37:16.878 [main] INFO  AV.MCU - VCU_Torque_Commands VCU_Torque_Commands : 17.0 & current time is  6349.0  message time is 6349.0 case 9
16:37:17.927 [main] INFO  AV.MCU - VCU_Torque_Commands VCU_Torque_Commands : 17.0 & current time is  6369.0  message time is 6369.0 case 9
16:37:18.931 [main] INFO  AV.MCU - VCU_Torque_Commands VCU_Torque_Commands : 17.0 & current time is  6389.0  message time is 6389.0 case 9
16:37:19.899 [main] INFO  AV.MCU - VCU_Torque_Commands VCU_Torque_Commands : 17.0 & current time is  6409.0  message time is 6409.0 case 9
16:37:20.903 [main] INFO  AV.MCU - VCU_Torque_Commands VCU_Torque_Commands : 17.0 & current time is  6429.0  message time is 6429.0 case 9
16:37:21.901 [main] INFO  AV.MCU - VCU_Torque_Commands VCU_Torque_Commands : 17.0 & current time is  6449.0  message time is 6449.0 case 9
16:37:22.841 [main] INFO  AV.MCU - VCU_Torque_Commands VCU_Torque_Commands : 17.0 & current time is  6469.0  message time is 6469.0 case 9
16:37:23.838 [main] INFO  AV.MCU - VCU_Torque_Commands VCU_Torque_Commands : 17.0 & current time is  6489.0  message time is 6489.0 case 9
16:37:24.830 [main] INFO  AV.MCU - VCU_Torque_Commands VCU_Torque_Commands : 17.0 & current time is  6509.0  message time is 6509.0 case 9
16:37:25.820 [main] INFO  AV.MCU - VCU_Torque_Commands VCU_Torque_Commands : 17.0 & current time is  6529.0  message time is 6529.0 case 9
16:37:26.840 [main] INFO  AV.MCU - VCU_Torque_Commands VCU_Torque_Commands : 17.0 & current time is  6549.0  message time is 6549.0 case 9
16:37:27.829 [main] INFO  AV.MCU - VCU_Torque_Commands VCU_Torque_Commands : 17.0 & current time is  6569.0  message time is 6569.0 case 9
16:37:28.811 [main] INFO  AV.MCU - VCU_Torque_Commands VCU_Torque_Commands : 17.0 & current time is  6589.0  message time is 6589.0 case 9
16:37:29.769 [main] INFO  AV.MCU - VCU_Torque_Commands VCU_Torque_Commands : 17.0 & current time is  6609.0  message time is 6609.0 case 9
16:37:30.747 [main] INFO  AV.MCU - VCU_Torque_Commands VCU_Torque_Commands : 17.0 & current time is  6629.0  message time is 6629.0 case 9
16:37:31.709 [main] INFO  AV.MCU - VCU_Torque_Commands VCU_Torque_Commands : 17.0 & current time is  6649.0  message time is 6649.0 case 9
16:37:32.794 [main] INFO  AV.MCU - VCU_Torque_Commands VCU_Torque_Commands : 17.0 & current time is  6669.0  message time is 6669.0 case 9
16:37:33.775 [main] INFO  AV.MCU - VCU_Torque_Commands VCU_Torque_Commands : 17.0 & current time is  6689.0  message time is 6689.0 case 9
16:37:34.829 [main] INFO  AV.MCU - VCU_Torque_Commands VCU_Torque_Commands : 17.0 & current time is  6709.0  message time is 6709.0 case 9
16:37:35.835 [main] INFO  AV.MCU - VCU_Torque_Commands VCU_Torque_Commands : 17.0 & current time is  6729.0  message time is 6729.0 case 9
16:37:37.347 [main] INFO  AV.MCU - VCU_Torque_Commands VCU_Torque_Commands : 17.0 & current time is  6749.0  message time is 6749.0 case 9
16:37:38.327 [main] INFO  AV.MCU - VCU_Torque_Commands VCU_Torque_Commands : 17.0 & current time is  6769.0  message time is 6769.0 case 9
16:37:39.313 [main] INFO  AV.MCU - VCU_Torque_Commands VCU_Torque_Commands : 17.0 & current time is  6789.0  message time is 6789.0 case 9
16:37:40.333 [main] INFO  AV.MCU - VCU_Torque_Commands VCU_Torque_Commands : 17.0 & current time is  6809.0  message time is 6809.0 case 9
16:37:41.349 [main] INFO  AV.MCU - VCU_Torque_Commands VCU_Torque_Commands : 17.0 & current time is  6829.0  message time is 6829.0 case 9
16:37:42.366 [main] INFO  AV.MCU - VCU_Torque_Commands VCU_Torque_Commands : 17.0 & current time is  6849.0  message time is 6849.0 case 9
16:37:43.384 [main] INFO  AV.MCU - VCU_Torque_Commands VCU_Torque_Commands : 17.0 & current time is  6869.0  message time is 6869.0 case 9
16:37:44.378 [main] INFO  AV.MCU - VCU_Torque_Commands VCU_Torque_Commands : 17.0 & current time is  6889.0  message time is 6889.0 case 9
16:37:45.404 [main] INFO  AV.MCU - VCU_Torque_Commands VCU_Torque_Commands : 17.0 & current time is  6909.0  message time is 6909.0 case 9
16:37:46.424 [main] INFO  AV.MCU - VCU_Torque_Commands VCU_Torque_Commands : 17.0 & current time is  6929.0  message time is 6929.0 case 9
16:37:47.436 [main] INFO  AV.MCU - VCU_Torque_Commands VCU_Torque_Commands : 17.0 & current time is  6949.0  message time is 6949.0 case 9
16:37:48.462 [main] INFO  AV.MCU - VCU_Torque_Commands VCU_Torque_Commands : 17.0 & current time is  6969.0  message time is 6969.0 case 9
16:37:49.474 [main] INFO  AV.MCU - VCU_Torque_Commands VCU_Torque_Commands : 17.0 & current time is  6989.0  message time is 6989.0 case 9
16:37:50.448 [main] INFO  AV.MCU - VCU_Torque_Commands VCU_Torque_Commands : 17.0 & current time is  7009.0  message time is 7009.0 case 9
16:37:51.382 [main] INFO  AV.MCU - VCU_Torque_Commands VCU_Torque_Commands : 17.0 & current time is  7029.0  message time is 7029.0 case 9
16:37:52.272 [main] INFO  AV.MCU - VCU_Torque_Commands VCU_Torque_Commands : 17.0 & current time is  7049.0  message time is 7049.0 case 9
16:37:53.420 [main] INFO  AV.MCU - VCU_Torque_Commands VCU_Torque_Commands : 17.0 & current time is  7069.0  message time is 7069.0 case 9
16:37:54.047 [main] INFO  AV.MCU - VCU_Torque_Commands VCU_Torque_Commands : 17.0 & current time is  7089.0  message time is 7089.0 case 9
16:37:54.661 [main] INFO  AV.MCU - VCU_Torque_Commands VCU_Torque_Commands : 17.0 & current time is  7109.0  message time is 7109.0 case 9
16:37:55.286 [main] INFO  AV.MCU - VCU_Torque_Commands VCU_Torque_Commands : 17.0 & current time is  7129.0  message time is 7129.0 case 9
16:37:56.131 [main] INFO  AV.MCU - VCU_Torque_Commands VCU_Torque_Commands : 17.0 & current time is  7149.0  message time is 7149.0 case 9
16:37:57.128 [main] INFO  AV.MCU - VCU_Torque_Commands VCU_Torque_Commands : 17.0 & current time is  7169.0  message time is 7169.0 case 9
16:37:58.056 [main] INFO  AV.MCU - VCU_Torque_Commands VCU_Torque_Commands : 17.0 & current time is  7189.0  message time is 7189.0 case 9
16:37:59.027 [main] INFO  AV.MCU - VCU_Torque_Commands VCU_Torque_Commands : 17.0 & current time is  7209.0  message time is 7209.0 case 9
16:37:59.992 [main] INFO  AV.MCU - VCU_Torque_Commands VCU_Torque_Commands : 17.0 & current time is  7229.0  message time is 7229.0 case 9
16:38:01.009 [main] INFO  AV.MCU - VCU_Torque_Commands VCU_Torque_Commands : 17.0 & current time is  7249.0  message time is 7249.0 case 9
16:38:01.970 [main] INFO  AV.MCU - VCU_Torque_Commands VCU_Torque_Commands : 17.0 & current time is  7269.0  message time is 7269.0 case 9
16:38:02.917 [main] INFO  AV.MCU - VCU_Torque_Commands VCU_Torque_Commands : 17.0 & current time is  7289.0  message time is 7289.0 case 9
16:38:03.892 [main] INFO  AV.MCU - VCU_Torque_Commands VCU_Torque_Commands : 17.0 & current time is  7309.0  message time is 7309.0 case 9
16:38:04.880 [main] INFO  AV.MCU - VCU_Torque_Commands VCU_Torque_Commands : 17.0 & current time is  7329.0  message time is 7329.0 case 9
16:38:05.818 [main] INFO  AV.MCU - VCU_Torque_Commands VCU_Torque_Commands : 17.0 & current time is  7349.0  message time is 7349.0 case 9
16:38:06.811 [main] INFO  AV.MCU - VCU_Torque_Commands VCU_Torque_Commands : 17.0 & current time is  7369.0  message time is 7369.0 case 9
16:38:07.805 [main] INFO  AV.MCU - VCU_Torque_Commands VCU_Torque_Commands : 17.0 & current time is  7389.0  message time is 7389.0 case 9
16:38:08.796 [main] INFO  AV.MCU - VCU_Torque_Commands VCU_Torque_Commands : 17.0 & current time is  7409.0  message time is 7409.0 case 9
16:38:09.782 [main] INFO  AV.MCU - VCU_Torque_Commands VCU_Torque_Commands : 17.0 & current time is  7429.0  message time is 7429.0 case 9
16:38:10.769 [main] INFO  AV.MCU - VCU_Torque_Commands VCU_Torque_Commands : 17.0 & current time is  7449.0  message time is 7449.0 case 9
16:38:11.802 [main] INFO  AV.MCU - VCU_Torque_Commands VCU_Torque_Commands : 17.0 & current time is  7469.0  message time is 7469.0 case 9
16:38:12.966 [main] INFO  AV.MCU - VCU_Torque_Commands VCU_Torque_Commands : 17.0 & current time is  7489.0  message time is 7489.0 case 9
16:38:13.992 [main] INFO  AV.MCU - VCU_Torque_Commands VCU_Torque_Commands : 17.0 & current time is  7509.0  message time is 7509.0 case 9
16:38:14.761 [main] INFO  AV.MCU - VCU_Torque_Commands VCU_Torque_Commands : 17.0 & current time is  7529.0  message time is 7529.0 case 9
16:38:15.823 [main] INFO  AV.MCU - VCU_Torque_Commands VCU_Torque_Commands : 17.0 & current time is  7549.0  message time is 7549.0 case 9
16:38:16.820 [main] INFO  AV.MCU - VCU_Torque_Commands VCU_Torque_Commands : 17.0 & current time is  7569.0  message time is 7569.0 case 9
16:38:17.808 [main] INFO  AV.MCU - VCU_Torque_Commands VCU_Torque_Commands : 17.0 & current time is  7589.0  message time is 7589.0 case 9
16:38:18.773 [main] INFO  AV.MCU - VCU_Torque_Commands VCU_Torque_Commands : 17.0 & current time is  7609.0  message time is 7609.0 case 9
16:38:19.767 [main] INFO  AV.MCU - VCU_Torque_Commands VCU_Torque_Commands : 17.0 & current time is  7629.0  message time is 7629.0 case 9
16:38:20.780 [main] INFO  AV.MCU - VCU_Torque_Commands VCU_Torque_Commands : 17.0 & current time is  7649.0  message time is 7649.0 case 9
16:38:21.748 [main] INFO  AV.MCU - VCU_Torque_Commands VCU_Torque_Commands : 17.0 & current time is  7669.0  message time is 7669.0 case 9
16:38:22.764 [main] INFO  AV.MCU - VCU_Torque_Commands VCU_Torque_Commands : 17.0 & current time is  7689.0  message time is 7689.0 case 9
16:38:23.741 [main] INFO  AV.MCU - VCU_Torque_Commands VCU_Torque_Commands : 17.0 & current time is  7709.0  message time is 7709.0 case 9
16:38:24.739 [main] INFO  AV.MCU - VCU_Torque_Commands VCU_Torque_Commands : 17.0 & current time is  7729.0  message time is 7729.0 case 9
16:38:25.762 [main] INFO  AV.MCU - VCU_Torque_Commands VCU_Torque_Commands : 17.0 & current time is  7749.0  message time is 7749.0 case 9
16:38:26.731 [main] INFO  AV.MCU - VCU_Torque_Commands VCU_Torque_Commands : 17.0 & current time is  7769.0  message time is 7769.0 case 9
16:38:27.771 [main] INFO  AV.MCU - VCU_Torque_Commands VCU_Torque_Commands : 17.0 & current time is  7789.0  message time is 7789.0 case 9
16:38:28.810 [main] INFO  AV.MCU - VCU_Torque_Commands VCU_Torque_Commands : 17.0 & current time is  7809.0  message time is 7809.0 case 9
16:38:29.826 [main] INFO  AV.MCU - VCU_Torque_Commands VCU_Torque_Commands : 17.0 & current time is  7829.0  message time is 7829.0 case 9
16:38:30.803 [main] INFO  AV.MCU - VCU_Torque_Commands VCU_Torque_Commands : 17.0 & current time is  7849.0  message time is 7849.0 case 9
16:38:31.806 [main] INFO  AV.MCU - VCU_Torque_Commands VCU_Torque_Commands : 17.0 & current time is  7869.0  message time is 7869.0 case 9
16:38:32.781 [main] INFO  AV.MCU - VCU_Torque_Commands VCU_Torque_Commands : 17.0 & current time is  7889.0  message time is 7889.0 case 9
16:38:34.011 [main] INFO  AV.MCU - VCU_Torque_Commands VCU_Torque_Commands : 17.0 & current time is  7909.0  message time is 7909.0 case 9
16:38:34.936 [main] INFO  AV.MCU - VCU_Torque_Commands VCU_Torque_Commands : 17.0 & current time is  7929.0  message time is 7929.0 case 9
16:38:35.940 [main] INFO  AV.MCU - VCU_Torque_Commands VCU_Torque_Commands : 17.0 & current time is  7949.0  message time is 7949.0 case 9
16:38:36.969 [main] INFO  AV.MCU - VCU_Torque_Commands VCU_Torque_Commands : 17.0 & current time is  7969.0  message time is 7969.0 case 9
16:38:37.950 [main] INFO  AV.MCU - VCU_Torque_Commands VCU_Torque_Commands : 17.0 & current time is  7989.0  message time is 7989.0 case 9
16:38:38.944 [main] INFO  AV.MCU - VCU_Torque_Commands VCU_Torque_Commands : 17.0 & current time is  8009.0  message time is 8009.0 case 9
16:38:39.946 [main] INFO  AV.MCU - VCU_Torque_Commands VCU_Torque_Commands : 17.0 & current time is  8029.0  message time is 8029.0 case 9
16:38:40.903 [main] INFO  AV.MCU - VCU_Torque_Commands VCU_Torque_Commands : 17.0 & current time is  8049.0  message time is 8049.0 case 9
16:38:41.905 [main] INFO  AV.MCU - VCU_Torque_Commands VCU_Torque_Commands : 17.0 & current time is  8069.0  message time is 8069.0 case 9
16:38:42.916 [main] INFO  AV.MCU - VCU_Torque_Commands VCU_Torque_Commands : 17.0 & current time is  8089.0  message time is 8089.0 case 9
16:38:43.899 [main] INFO  AV.MCU - VCU_Torque_Commands VCU_Torque_Commands : 17.0 & current time is  8109.0  message time is 8109.0 case 9
16:38:44.896 [main] INFO  AV.MCU - VCU_Torque_Commands VCU_Torque_Commands : 17.0 & current time is  8129.0  message time is 8129.0 case 9
16:38:45.798 [main] INFO  AV.MCU - VCU_Torque_Commands VCU_Torque_Commands : 17.0 & current time is  8149.0  message time is 8149.0 case 9
16:38:46.808 [main] INFO  AV.MCU - VCU_Torque_Commands VCU_Torque_Commands : 17.0 & current time is  8169.0  message time is 8169.0 case 9
16:38:47.762 [main] INFO  AV.MCU - VCU_Torque_Commands VCU_Torque_Commands : 17.0 & current time is  8189.0  message time is 8189.0 case 9
16:38:48.777 [main] INFO  AV.MCU - VCU_Torque_Commands VCU_Torque_Commands : 17.0 & current time is  8209.0  message time is 8209.0 case 9
16:38:49.765 [main] INFO  AV.MCU - VCU_Torque_Commands VCU_Torque_Commands : 17.0 & current time is  8229.0  message time is 8229.0 case 9
16:38:50.772 [main] INFO  AV.MCU - VCU_Torque_Commands VCU_Torque_Commands : 17.0 & current time is  8249.0  message time is 8249.0 case 9
16:38:51.745 [main] INFO  AV.MCU - VCU_Torque_Commands VCU_Torque_Commands : 17.0 & current time is  8269.0  message time is 8269.0 case 9
16:38:52.731 [main] INFO  AV.MCU - VCU_Torque_Commands VCU_Torque_Commands : 17.0 & current time is  8289.0  message time is 8289.0 case 9
16:38:53.750 [main] INFO  AV.MCU - VCU_Torque_Commands VCU_Torque_Commands : 17.0 & current time is  8309.0  message time is 8309.0 case 9
16:38:54.762 [main] INFO  AV.MCU - VCU_Torque_Commands VCU_Torque_Commands : 17.0 & current time is  8329.0  message time is 8329.0 case 9
16:38:55.918 [main] INFO  AV.MCU - VCU_Torque_Commands VCU_Torque_Commands : 17.0 & current time is  8349.0  message time is 8349.0 case 9
16:38:56.917 [main] INFO  AV.MCU - VCU_Torque_Commands VCU_Torque_Commands : 17.0 & current time is  8369.0  message time is 8369.0 case 9
16:38:57.853 [main] INFO  AV.MCU - VCU_Torque_Commands VCU_Torque_Commands : 17.0 & current time is  8389.0  message time is 8389.0 case 9
16:38:58.836 [main] INFO  AV.MCU - VCU_Torque_Commands VCU_Torque_Commands : 17.0 & current time is  8409.0  message time is 8409.0 case 9
16:38:59.845 [main] INFO  AV.MCU - VCU_Torque_Commands VCU_Torque_Commands : 17.0 & current time is  8429.0  message time is 8429.0 case 9
16:39:00.881 [main] INFO  AV.MCU - VCU_Torque_Commands VCU_Torque_Commands : 17.0 & current time is  8449.0  message time is 8449.0 case 9
16:39:01.845 [main] INFO  AV.MCU - VCU_Torque_Commands VCU_Torque_Commands : 17.0 & current time is  8469.0  message time is 8469.0 case 9
16:39:02.907 [main] INFO  AV.MCU - VCU_Torque_Commands VCU_Torque_Commands : 17.0 & current time is  8489.0  message time is 8489.0 case 9
16:39:03.947 [main] INFO  AV.MCU - VCU_Torque_Commands VCU_Torque_Commands : 17.0 & current time is  8509.0  message time is 8509.0 case 9
16:39:04.954 [main] INFO  AV.MCU - VCU_Torque_Commands VCU_Torque_Commands : 17.0 & current time is  8529.0  message time is 8529.0 case 9
16:39:05.949 [main] INFO  AV.MCU - VCU_Torque_Commands VCU_Torque_Commands : 17.0 & current time is  8549.0  message time is 8549.0 case 9
16:39:06.956 [main] INFO  AV.MCU - VCU_Torque_Commands VCU_Torque_Commands : 17.0 & current time is  8569.0  message time is 8569.0 case 9
16:39:07.930 [main] INFO  AV.MCU - VCU_Torque_Commands VCU_Torque_Commands : 17.0 & current time is  8589.0  message time is 8589.0 case 9
16:39:08.937 [main] INFO  AV.MCU - VCU_Torque_Commands VCU_Torque_Commands : 17.0 & current time is  8609.0  message time is 8609.0 case 9
16:39:09.932 [main] INFO  AV.MCU - VCU_Torque_Commands VCU_Torque_Commands : 17.0 & current time is  8629.0  message time is 8629.0 case 9
16:39:10.920 [main] INFO  AV.MCU - VCU_Torque_Commands VCU_Torque_Commands : 17.0 & current time is  8649.0  message time is 8649.0 case 9
16:39:11.904 [main] INFO  AV.MCU - VCU_Torque_Commands VCU_Torque_Commands : 17.0 & current time is  8669.0  message time is 8669.0 case 9
16:39:12.903 [main] INFO  AV.MCU - VCU_Torque_Commands VCU_Torque_Commands : 17.0 & current time is  8689.0  message time is 8689.0 case 9
16:39:13.960 [main] INFO  AV.MCU - VCU_Torque_Commands VCU_Torque_Commands : 17.0 & current time is  8709.0  message time is 8709.0 case 9
16:39:14.982 [main] INFO  AV.MCU - VCU_Torque_Commands VCU_Torque_Commands : 17.0 & current time is  8729.0  message time is 8729.0 case 9
16:39:15.991 [main] INFO  AV.MCU - VCU_Torque_Commands VCU_Torque_Commands : 17.0 & current time is  8749.0  message time is 8749.0 case 9
16:39:17.157 [main] INFO  AV.MCU - VCU_Torque_Commands VCU_Torque_Commands : 17.0 & current time is  8769.0  message time is 8769.0 case 9
16:39:18.143 [main] INFO  AV.MCU - VCU_Torque_Commands VCU_Torque_Commands : 17.0 & current time is  8789.0  message time is 8789.0 case 9
16:39:19.030 [main] INFO  AV.MCU - VCU_Torque_Commands VCU_Torque_Commands : 17.0 & current time is  8809.0  message time is 8809.0 case 9
16:39:20.025 [main] INFO  AV.MCU - VCU_Torque_Commands VCU_Torque_Commands : 17.0 & current time is  8829.0  message time is 8829.0 case 9
16:39:21.031 [main] INFO  AV.MCU - VCU_Torque_Commands VCU_Torque_Commands : 17.0 & current time is  8849.0  message time is 8849.0 case 9
16:39:22.038 [main] INFO  AV.MCU - VCU_Torque_Commands VCU_Torque_Commands : 17.0 & current time is  8869.0  message time is 8869.0 case 9
16:39:23.084 [main] INFO  AV.MCU - VCU_Torque_Commands VCU_Torque_Commands : 17.0 & current time is  8889.0  message time is 8889.0 case 9
16:39:24.123 [main] INFO  AV.MCU - VCU_Torque_Commands VCU_Torque_Commands : 17.0 & current time is  8909.0  message time is 8909.0 case 9
16:39:25.198 [main] INFO  AV.MCU - VCU_Torque_Commands VCU_Torque_Commands : 17.0 & current time is  8929.0  message time is 8929.0 case 9
16:39:26.155 [main] INFO  AV.MCU - VCU_Torque_Commands VCU_Torque_Commands : 17.0 & current time is  8949.0  message time is 8949.0 case 9
16:39:27.093 [main] INFO  AV.MCU - VCU_Torque_Commands VCU_Torque_Commands : 17.0 & current time is  8969.0  message time is 8969.0 case 9
16:39:28.125 [main] INFO  AV.MCU - VCU_Torque_Commands VCU_Torque_Commands : 17.0 & current time is  8989.0  message time is 8989.0 case 9
16:39:29.128 [main] INFO  AV.MCU - VCU_Torque_Commands VCU_Torque_Commands : 17.0 & current time is  9009.0  message time is 9009.0 case 9
16:39:30.152 [main] INFO  AV.MCU - VCU_Torque_Commands VCU_Torque_Commands : 17.0 & current time is  9029.0  message time is 9029.0 case 9
16:39:31.220 [main] INFO  AV.MCU - VCU_Torque_Commands VCU_Torque_Commands : 17.0 & current time is  9049.0  message time is 9049.0 case 9
16:39:32.269 [main] INFO  AV.MCU - VCU_Torque_Commands VCU_Torque_Commands : 17.0 & current time is  9069.0  message time is 9069.0 case 9
16:39:33.032 [main] INFO  AV.MCU - VCU_Torque_Commands VCU_Torque_Commands : 17.0 & current time is  9089.0  message time is 9089.0 case 9
16:39:34.084 [main] INFO  AV.MCU - VCU_Torque_Commands VCU_Torque_Commands : 17.0 & current time is  9109.0  message time is 9109.0 case 9
16:39:35.073 [main] INFO  AV.MCU - VCU_Torque_Commands VCU_Torque_Commands : 17.0 & current time is  9129.0  message time is 9129.0 case 9
16:39:36.078 [main] INFO  AV.MCU - VCU_Torque_Commands VCU_Torque_Commands : 17.0 & current time is  9149.0  message time is 9149.0 case 9
16:39:37.120 [main] INFO  AV.MCU - VCU_Torque_Commands VCU_Torque_Commands : 17.0 & current time is  9169.0  message time is 9169.0 case 9
16:39:38.127 [main] INFO  AV.MCU - VCU_Torque_Commands VCU_Torque_Commands : 17.0 & current time is  9189.0  message time is 9189.0 case 9
16:39:39.130 [main] INFO  AV.MCU - VCU_Torque_Commands VCU_Torque_Commands : 17.0 & current time is  9209.0  message time is 9209.0 case 9
16:39:40.338 [main] INFO  AV.MCU - VCU_Torque_Commands VCU_Torque_Commands : 17.0 & current time is  9229.0  message time is 9229.0 case 9
16:39:41.004 [main] INFO  AV.MCU - VCU_Torque_Commands VCU_Torque_Commands : 17.0 & current time is  9249.0  message time is 9249.0 case 9
16:39:42.019 [main] INFO  AV.MCU - VCU_Torque_Commands VCU_Torque_Commands : 17.0 & current time is  9269.0  message time is 9269.0 case 9
16:39:43.066 [main] INFO  AV.MCU - VCU_Torque_Commands VCU_Torque_Commands : 17.0 & current time is  9289.0  message time is 9289.0 case 9
16:39:44.037 [main] INFO  AV.MCU - VCU_Torque_Commands VCU_Torque_Commands : 17.0 & current time is  9309.0  message time is 9309.0 case 9
16:39:45.042 [main] INFO  AV.MCU - VCU_Torque_Commands VCU_Torque_Commands : 17.0 & current time is  9329.0  message time is 9329.0 case 9
16:39:46.092 [main] INFO  AV.MCU - VCU_Torque_Commands VCU_Torque_Commands : 17.0 & current time is  9349.0  message time is 9349.0 case 9
16:39:46.998 [main] INFO  AV.MCU - VCU_Torque_Commands VCU_Torque_Commands : 17.0 & current time is  9369.0  message time is 9369.0 case 9
16:39:47.753 [main] INFO  AV.MCU - VCU_Torque_Commands VCU_Torque_Commands : 17.0 & current time is  9389.0  message time is 9389.0 case 9
16:39:48.738 [main] INFO  AV.MCU - VCU_Torque_Commands VCU_Torque_Commands : 17.0 & current time is  9409.0  message time is 9409.0 case 9
16:39:49.709 [main] INFO  AV.MCU - VCU_Torque_Commands VCU_Torque_Commands : 17.0 & current time is  9429.0  message time is 9429.0 case 9
16:39:50.690 [main] INFO  AV.MCU - VCU_Torque_Commands VCU_Torque_Commands : 17.0 & current time is  9449.0  message time is 9449.0 case 9
16:39:51.760 [main] INFO  AV.MCU - VCU_Torque_Commands VCU_Torque_Commands : 17.0 & current time is  9469.0  message time is 9469.0 case 9
16:39:52.761 [main] INFO  AV.MCU - VCU_Torque_Commands VCU_Torque_Commands : 17.0 & current time is  9489.0  message time is 9489.0 case 9
16:39:53.763 [main] INFO  AV.MCU - VCU_Torque_Commands VCU_Torque_Commands : 17.0 & current time is  9509.0  message time is 9509.0 case 9
16:39:54.744 [main] INFO  AV.MCU - VCU_Torque_Commands VCU_Torque_Commands : 17.0 & current time is  9529.0  message time is 9529.0 case 9
16:39:55.752 [main] INFO  AV.MCU - VCU_Torque_Commands VCU_Torque_Commands : 17.0 & current time is  9549.0  message time is 9549.0 case 9
16:39:56.735 [main] INFO  AV.MCU - VCU_Torque_Commands VCU_Torque_Commands : 17.0 & current time is  9569.0  message time is 9569.0 case 9
16:39:57.676 [main] INFO  AV.MCU - VCU_Torque_Commands VCU_Torque_Commands : 17.0 & current time is  9589.0  message time is 9589.0 case 9
16:39:58.678 [main] INFO  AV.MCU - VCU_Torque_Commands VCU_Torque_Commands : 17.0 & current time is  9609.0  message time is 9609.0 case 9
16:39:59.613 [main] INFO  AV.MCU - VCU_Torque_Commands VCU_Torque_Commands : 17.0 & current time is  9629.0  message time is 9629.0 case 9
16:40:00.621 [main] INFO  AV.MCU - VCU_Torque_Commands VCU_Torque_Commands : 17.0 & current time is  9649.0  message time is 9649.0 case 9
16:40:01.825 [main] INFO  AV.MCU - VCU_Torque_Commands VCU_Torque_Commands : 17.0 & current time is  9669.0  message time is 9669.0 case 9
16:40:02.829 [main] INFO  AV.MCU - VCU_Torque_Commands VCU_Torque_Commands : 17.0 & current time is  9689.0  message time is 9689.0 case 9
16:40:03.820 [main] INFO  AV.MCU - VCU_Torque_Commands VCU_Torque_Commands : 17.0 & current time is  9709.0  message time is 9709.0 case 9
16:40:04.782 [main] INFO  AV.MCU - VCU_Torque_Commands VCU_Torque_Commands : 17.0 & current time is  9729.0  message time is 9729.0 case 9
16:40:05.584 [main] INFO  AV.MCU - VCU_Torque_Commands VCU_Torque_Commands : 17.0 & current time is  9749.0  message time is 9749.0 case 9
16:40:06.608 [main] INFO  AV.MCU - VCU_Torque_Commands VCU_Torque_Commands : 17.0 & current time is  9769.0  message time is 9769.0 case 9
16:40:07.641 [main] INFO  AV.MCU - VCU_Torque_Commands VCU_Torque_Commands : 17.0 & current time is  9789.0  message time is 9789.0 case 9
16:40:08.786 [main] INFO  AV.MCU - VCU_Torque_Commands VCU_Torque_Commands : 17.0 & current time is  9809.0  message time is 9809.0 case 9
16:40:09.840 [main] INFO  AV.MCU - VCU_Torque_Commands VCU_Torque_Commands : 17.0 & current time is  9829.0  message time is 9829.0 case 9
16:40:10.925 [main] INFO  AV.MCU - VCU_Torque_Commands VCU_Torque_Commands : 17.0 & current time is  9849.0  message time is 9849.0 case 9
16:40:11.916 [main] INFO  AV.MCU - VCU_Torque_Commands VCU_Torque_Commands : 17.0 & current time is  9869.0  message time is 9869.0 case 9
16:40:12.938 [main] INFO  AV.MCU - VCU_Torque_Commands VCU_Torque_Commands : 17.0 & current time is  9889.0  message time is 9889.0 case 9
16:40:13.940 [main] INFO  AV.MCU - VCU_Torque_Commands VCU_Torque_Commands : 17.0 & current time is  9909.0  message time is 9909.0 case 9
16:40:14.980 [main] INFO  AV.MCU - VCU_Torque_Commands VCU_Torque_Commands : 17.0 & current time is  9929.0  message time is 9929.0 case 9
16:40:16.019 [main] INFO  AV.MCU - VCU_Torque_Commands VCU_Torque_Commands : 17.0 & current time is  9949.0  message time is 9949.0 case 9
16:40:17.022 [main] INFO  AV.MCU - VCU_Torque_Commands VCU_Torque_Commands : 17.0 & current time is  9969.0  message time is 9969.0 case 9
16:40:18.023 [main] INFO  AV.MCU - VCU_Torque_Commands VCU_Torque_Commands : 17.0 & current time is  9989.0  message time is 9989.0 case 9
16:40:18.992 [main] INFO  AV.MCU - VCU_Torque_Commands VCU_Torque_Commands : 17.0 & current time is  10009.0  message time is 10009.0 case 9
16:40:19.947 [main] INFO  AV.MCU - VCU_Torque_Commands VCU_Torque_Commands : 17.0 & current time is  10029.0  message time is 10029.0 case 9
16:40:20.964 [main] INFO  AV.MCU - VCU_Torque_Commands VCU_Torque_Commands : 17.0 & current time is  10049.0  message time is 10049.0 case 9
16:40:21.993 [main] INFO  AV.MCU - VCU_Torque_Commands VCU_Torque_Commands : 17.0 & current time is  10069.0  message time is 10069.0 case 9
16:40:22.994 [main] INFO  AV.MCU - VCU_Torque_Commands VCU_Torque_Commands : 17.0 & current time is  10089.0  message time is 10089.0 case 9
16:40:24.002 [main] INFO  AV.MCU - VCU_Torque_Commands VCU_Torque_Commands : 17.0 & current time is  10109.0  message time is 10109.0 case 9
16:40:24.930 [main] INFO  AV.MCU - VCU_Torque_Commands VCU_Torque_Commands : 17.0 & current time is  10129.0  message time is 10129.0 case 9
16:40:25.954 [main] INFO  AV.MCU - VCU_Torque_Commands VCU_Torque_Commands : 17.0 & current time is  10149.0  message time is 10149.0 case 9
16:40:26.876 [main] INFO  AV.MCU - VCU_Torque_Commands VCU_Torque_Commands : 17.0 & current time is  10169.0  message time is 10169.0 case 9
16:40:27.823 [main] INFO  AV.MCU - VCU_Torque_Commands VCU_Torque_Commands : 17.0 & current time is  10189.0  message time is 10189.0 case 9
16:40:28.804 [main] INFO  AV.MCU - VCU_Torque_Commands VCU_Torque_Commands : 17.0 & current time is  10209.0  message time is 10209.0 case 9
16:40:29.744 [main] INFO  AV.MCU - VCU_Torque_Commands VCU_Torque_Commands : 17.0 & current time is  10229.0  message time is 10229.0 case 9
16:40:30.790 [main] INFO  AV.MCU - VCU_Torque_Commands VCU_Torque_Commands : 17.0 & current time is  10249.0  message time is 10249.0 case 9
16:40:31.815 [main] INFO  AV.MCU - VCU_Torque_Commands VCU_Torque_Commands : 17.0 & current time is  10269.0  message time is 10269.0 case 9
16:40:32.836 [main] INFO  AV.MCU - VCU_Torque_Commands VCU_Torque_Commands : 17.0 & current time is  10289.0  message time is 10289.0 case 9
16:40:33.834 [main] INFO  AV.MCU - VCU_Torque_Commands VCU_Torque_Commands : 17.0 & current time is  10309.0  message time is 10309.0 case 9
16:40:34.842 [main] INFO  AV.MCU - VCU_Torque_Commands VCU_Torque_Commands : 17.0 & current time is  10329.0  message time is 10329.0 case 9
16:40:35.856 [main] INFO  AV.MCU - VCU_Torque_Commands VCU_Torque_Commands : 17.0 & current time is  10349.0  message time is 10349.0 case 9
16:40:36.849 [main] INFO  AV.MCU - VCU_Torque_Commands VCU_Torque_Commands : 17.0 & current time is  10369.0  message time is 10369.0 case 9
16:40:37.787 [main] INFO  AV.MCU - VCU_Torque_Commands VCU_Torque_Commands : 17.0 & current time is  10389.0  message time is 10389.0 case 9
16:40:38.762 [main] INFO  AV.MCU - VCU_Torque_Commands VCU_Torque_Commands : 17.0 & current time is  10409.0  message time is 10409.0 case 9
16:40:39.773 [main] INFO  AV.MCU - VCU_Torque_Commands VCU_Torque_Commands : 17.0 & current time is  10429.0  message time is 10429.0 case 9
16:40:40.878 [main] INFO  AV.MCU - VCU_Torque_Commands VCU_Torque_Commands : 17.0 & current time is  10449.0  message time is 10449.0 case 9
16:40:41.809 [main] INFO  AV.MCU - VCU_Torque_Commands VCU_Torque_Commands : 17.0 & current time is  10469.0  message time is 10469.0 case 9
16:40:42.841 [main] INFO  AV.MCU - VCU_Torque_Commands VCU_Torque_Commands : 17.0 & current time is  10489.0  message time is 10489.0 case 9
16:40:43.891 [main] INFO  AV.MCU - VCU_Torque_Commands VCU_Torque_Commands : 17.0 & current time is  10509.0  message time is 10509.0 case 9
16:40:45.047 [main] INFO  AV.MCU - VCU_Torque_Commands VCU_Torque_Commands : 17.0 & current time is  10529.0  message time is 10529.0 case 9
16:40:46.065 [main] INFO  AV.MCU - VCU_Torque_Commands VCU_Torque_Commands : 17.0 & current time is  10549.0  message time is 10549.0 case 9
16:40:47.134 [main] INFO  AV.MCU - VCU_Torque_Commands VCU_Torque_Commands : 17.0 & current time is  10569.0  message time is 10569.0 case 9
16:40:48.160 [main] INFO  AV.MCU - VCU_Torque_Commands VCU_Torque_Commands : 17.0 & current time is  10589.0  message time is 10589.0 case 9
16:40:49.428 [main] INFO  AV.MCU - VCU_Torque_Commands VCU_Torque_Commands : 17.0 & current time is  10609.0  message time is 10609.0 case 9
16:40:50.459 [main] INFO  AV.MCU - VCU_Torque_Commands VCU_Torque_Commands : 17.0 & current time is  10629.0  message time is 10629.0 case 9
16:40:51.520 [main] INFO  AV.MCU - VCU_Torque_Commands VCU_Torque_Commands : 17.0 & current time is  10649.0  message time is 10649.0 case 9
16:40:52.614 [main] INFO  AV.MCU - VCU_Torque_Commands VCU_Torque_Commands : 17.0 & current time is  10669.0  message time is 10669.0 case 9
16:40:53.590 [main] INFO  AV.MCU - VCU_Torque_Commands VCU_Torque_Commands : 17.0 & current time is  10689.0  message time is 10689.0 case 9
16:40:54.545 [main] INFO  AV.MCU - VCU_Torque_Commands VCU_Torque_Commands : 17.0 & current time is  10709.0  message time is 10709.0 case 9
16:40:55.602 [main] INFO  AV.MCU - VCU_Torque_Commands VCU_Torque_Commands : 17.0 & current time is  10729.0  message time is 10729.0 case 9
16:40:56.675 [main] INFO  AV.MCU - VCU_Torque_Commands VCU_Torque_Commands : 17.0 & current time is  10749.0  message time is 10749.0 case 9
16:40:57.729 [main] INFO  AV.MCU - VCU_Torque_Commands VCU_Torque_Commands : 17.0 & current time is  10769.0  message time is 10769.0 case 9
16:40:58.754 [main] INFO  AV.MCU - VCU_Torque_Commands VCU_Torque_Commands : 17.0 & current time is  10789.0  message time is 10789.0 case 9
16:40:59.712 [main] INFO  AV.MCU - VCU_Torque_Commands VCU_Torque_Commands : 17.0 & current time is  10809.0  message time is 10809.0 case 9
16:41:00.718 [main] INFO  AV.MCU - VCU_Torque_Commands VCU_Torque_Commands : 17.0 & current time is  10829.0  message time is 10829.0 case 9
16:41:01.709 [main] INFO  AV.MCU - VCU_Torque_Commands VCU_Torque_Commands : 17.0 & current time is  10849.0  message time is 10849.0 case 9
16:41:02.680 [main] INFO  AV.MCU - VCU_Torque_Commands VCU_Torque_Commands : 17.0 & current time is  10869.0  message time is 10869.0 case 9
16:41:03.723 [main] INFO  AV.MCU - VCU_Torque_Commands VCU_Torque_Commands : 17.0 & current time is  10889.0  message time is 10889.0 case 9
16:41:04.742 [main] INFO  AV.MCU - VCU_Torque_Commands VCU_Torque_Commands : 17.0 & current time is  10909.0  message time is 10909.0 case 9
16:41:05.787 [main] INFO  AV.MCU - VCU_Torque_Commands VCU_Torque_Commands : 17.0 & current time is  10929.0  message time is 10929.0 case 9
16:41:06.740 [main] INFO  AV.MCU - VCU_Torque_Commands VCU_Torque_Commands : 17.0 & current time is  10949.0  message time is 10949.0 case 9
16:41:07.744 [main] INFO  AV.MCU - VCU_Torque_Commands VCU_Torque_Commands : 17.0 & current time is  10969.0  message time is 10969.0 case 9
16:41:08.789 [main] INFO  AV.MCU - VCU_Torque_Commands VCU_Torque_Commands : 17.0 & current time is  10989.0  message time is 10989.0 case 9
16:41:09.821 [main] INFO  AV.MCU - VCU_Torque_Commands VCU_Torque_Commands : 16.0 & current time is  11009.0  message time is 11009.0 case 9
16:41:10.747 [main] INFO  AV.MCU - VCU_Torque_Commands VCU_Torque_Commands : 16.0 & current time is  11029.0  message time is 11029.0 case 9
16:41:11.810 [main] INFO  AV.MCU - VCU_Torque_Commands VCU_Torque_Commands : 16.0 & current time is  11049.0  message time is 11049.0 case 9
16:41:12.873 [main] INFO  AV.MCU - VCU_Torque_Commands VCU_Torque_Commands : 16.0 & current time is  11069.0  message time is 11069.0 case 9
16:41:14.109 [main] INFO  AV.MCU - VCU_Torque_Commands VCU_Torque_Commands : 16.0 & current time is  11089.0  message time is 11089.0 case 9
16:41:15.136 [main] INFO  AV.MCU - VCU_Torque_Commands VCU_Torque_Commands : 16.0 & current time is  11109.0  message time is 11109.0 case 9
16:41:16.128 [main] INFO  AV.MCU - VCU_Torque_Commands VCU_Torque_Commands : 16.0 & current time is  11129.0  message time is 11129.0 case 9
16:41:17.159 [main] INFO  AV.MCU - VCU_Torque_Commands VCU_Torque_Commands : 16.0 & current time is  11149.0  message time is 11149.0 case 9
16:41:18.169 [main] INFO  AV.MCU - VCU_Torque_Commands VCU_Torque_Commands : 16.0 & current time is  11169.0  message time is 11169.0 case 9
16:41:19.160 [main] INFO  AV.MCU - VCU_Torque_Commands VCU_Torque_Commands : 16.0 & current time is  11189.0  message time is 11189.0 case 9
16:41:20.150 [main] INFO  AV.MCU - VCU_Torque_Commands VCU_Torque_Commands : 16.0 & current time is  11209.0  message time is 11209.0 case 9
16:41:21.147 [main] INFO  AV.MCU - VCU_Torque_Commands VCU_Torque_Commands : 16.0 & current time is  11229.0  message time is 11229.0 case 9
16:41:22.159 [main] INFO  AV.MCU - VCU_Torque_Commands VCU_Torque_Commands : 16.0 & current time is  11249.0  message time is 11249.0 case 9
16:41:23.133 [main] INFO  AV.MCU - VCU_Torque_Commands VCU_Torque_Commands : 16.0 & current time is  11269.0  message time is 11269.0 case 9
16:41:24.040 [main] INFO  AV.MCU - VCU_Torque_Commands VCU_Torque_Commands : 16.0 & current time is  11289.0  message time is 11289.0 case 9
16:41:25.049 [main] INFO  AV.MCU - VCU_Torque_Commands VCU_Torque_Commands : 16.0 & current time is  11309.0  message time is 11309.0 case 9
16:41:26.027 [main] INFO  AV.MCU - VCU_Torque_Commands VCU_Torque_Commands : 16.0 & current time is  11329.0  message time is 11329.0 case 9
16:41:27.025 [main] INFO  AV.MCU - VCU_Torque_Commands VCU_Torque_Commands : 16.0 & current time is  11349.0  message time is 11349.0 case 9
16:41:28.025 [main] INFO  AV.MCU - VCU_Torque_Commands VCU_Torque_Commands : 16.0 & current time is  11369.0  message time is 11369.0 case 9
16:41:29.018 [main] INFO  AV.MCU - VCU_Torque_Commands VCU_Torque_Commands : 16.0 & current time is  11389.0  message time is 11389.0 case 9
16:41:29.958 [main] INFO  AV.MCU - VCU_Torque_Commands VCU_Torque_Commands : 16.0 & current time is  11409.0  message time is 11409.0 case 9
16:41:30.993 [main] INFO  AV.MCU - VCU_Torque_Commands VCU_Torque_Commands : 16.0 & current time is  11429.0  message time is 11429.0 case 9
16:41:31.977 [main] INFO  AV.MCU - VCU_Torque_Commands VCU_Torque_Commands : 16.0 & current time is  11449.0  message time is 11449.0 case 9
16:41:33.004 [main] INFO  AV.MCU - VCU_Torque_Commands VCU_Torque_Commands : 16.0 & current time is  11469.0  message time is 11469.0 case 9
16:41:33.982 [main] INFO  AV.MCU - VCU_Torque_Commands VCU_Torque_Commands : 16.0 & current time is  11489.0  message time is 11489.0 case 9
16:41:35.021 [main] INFO  AV.MCU - VCU_Torque_Commands VCU_Torque_Commands : 16.0 & current time is  11509.0  message time is 11509.0 case 9
16:41:35.942 [main] INFO  AV.MCU - VCU_Torque_Commands VCU_Torque_Commands : 16.0 & current time is  11529.0  message time is 11529.0 case 9
16:41:36.926 [main] INFO  AV.MCU - VCU_Torque_Commands VCU_Torque_Commands : 16.0 & current time is  11549.0  message time is 11549.0 case 9
16:41:37.899 [main] INFO  AV.MCU - VCU_Torque_Commands VCU_Torque_Commands : 16.0 & current time is  11569.0  message time is 11569.0 case 9
16:41:38.846 [main] INFO  AV.MCU - VCU_Torque_Commands VCU_Torque_Commands : 16.0 & current time is  11589.0  message time is 11589.0 case 9
16:41:39.640 [main] INFO  AV.MCU - VCU_Torque_Commands VCU_Torque_Commands : 16.0 & current time is  11609.0  message time is 11609.0 case 9
16:41:40.636 [main] INFO  AV.MCU - VCU_Torque_Commands VCU_Torque_Commands : 16.0 & current time is  11629.0  message time is 11629.0 case 9
16:41:41.643 [main] INFO  AV.MCU - VCU_Torque_Commands VCU_Torque_Commands : 16.0 & current time is  11649.0  message time is 11649.0 case 9
16:41:42.657 [main] INFO  AV.MCU - VCU_Torque_Commands VCU_Torque_Commands : 16.0 & current time is  11669.0  message time is 11669.0 case 9
16:41:43.647 [main] INFO  AV.MCU - VCU_Torque_Commands VCU_Torque_Commands : 16.0 & current time is  11689.0  message time is 11689.0 case 9
16:41:44.628 [main] INFO  AV.MCU - VCU_Torque_Commands VCU_Torque_Commands : 16.0 & current time is  11709.0  message time is 11709.0 case 9
16:41:45.641 [main] INFO  AV.MCU - VCU_Torque_Commands VCU_Torque_Commands : 16.0 & current time is  11729.0  message time is 11729.0 case 9
16:41:46.633 [main] INFO  AV.MCU - VCU_Torque_Commands VCU_Torque_Commands : 16.0 & current time is  11749.0  message time is 11749.0 case 9
16:41:47.645 [main] INFO  AV.MCU - VCU_Torque_Commands VCU_Torque_Commands : 16.0 & current time is  11769.0  message time is 11769.0 case 9
16:41:48.630 [main] INFO  AV.MCU - VCU_Torque_Commands VCU_Torque_Commands : 16.0 & current time is  11789.0  message time is 11789.0 case 9
16:41:49.553 [main] INFO  AV.MCU - VCU_Torque_Commands VCU_Torque_Commands : 16.0 & current time is  11809.0  message time is 11809.0 case 9
16:41:50.564 [main] INFO  AV.MCU - VCU_Torque_Commands VCU_Torque_Commands : 16.0 & current time is  11829.0  message time is 11829.0 case 9
16:41:51.607 [main] INFO  AV.MCU - VCU_Torque_Commands VCU_Torque_Commands : 16.0 & current time is  11849.0  message time is 11849.0 case 9
16:41:52.561 [main] INFO  AV.MCU - VCU_Torque_Commands VCU_Torque_Commands : 16.0 & current time is  11869.0  message time is 11869.0 case 9
16:41:53.580 [main] INFO  AV.MCU - VCU_Torque_Commands VCU_Torque_Commands : 16.0 & current time is  11889.0  message time is 11889.0 case 9
16:41:54.543 [main] INFO  AV.MCU - VCU_Torque_Commands VCU_Torque_Commands : 16.0 & current time is  11909.0  message time is 11909.0 case 9
16:41:55.539 [main] INFO  AV.MCU - VCU_Torque_Commands VCU_Torque_Commands : 16.0 & current time is  11929.0  message time is 11929.0 case 9
16:41:56.522 [main] INFO  AV.MCU - VCU_Torque_Commands VCU_Torque_Commands : 16.0 & current time is  11949.0  message time is 11949.0 case 9
16:41:57.516 [main] INFO  AV.MCU - VCU_Torque_Commands VCU_Torque_Commands : 16.0 & current time is  11969.0  message time is 11969.0 case 9
16:41:58.507 [main] INFO  AV.MCU - VCU_Torque_Commands VCU_Torque_Commands : 16.0 & current time is  11989.0  message time is 11989.0 case 9
16:41:59.450 [main] INFO  AV.MCU - VCU_Torque_Commands VCU_Torque_Commands : 16.0 & current time is  12009.0  message time is 12009.0 case 9
16:42:00.379 [main] INFO  AV.MCU - VCU_Torque_Commands VCU_Torque_Commands : 16.0 & current time is  12029.0  message time is 12029.0 case 9
16:42:01.426 [main] INFO  AV.MCU - VCU_Torque_Commands VCU_Torque_Commands : 16.0 & current time is  12049.0  message time is 12049.0 case 9
16:42:02.327 [main] INFO  AV.MCU - VCU_Torque_Commands VCU_Torque_Commands : 16.0 & current time is  12069.0  message time is 12069.0 case 9
16:42:03.544 [main] INFO  AV.MCU - VCU_Torque_Commands VCU_Torque_Commands : 16.0 & current time is  12089.0  message time is 12089.0 case 9
16:42:04.533 [main] INFO  AV.MCU - VCU_Torque_Commands VCU_Torque_Commands : 16.0 & current time is  12109.0  message time is 12109.0 case 9
16:42:05.496 [main] INFO  AV.MCU - VCU_Torque_Commands VCU_Torque_Commands : 16.0 & current time is  12129.0  message time is 12129.0 case 9
16:42:06.466 [main] INFO  AV.MCU - VCU_Torque_Commands VCU_Torque_Commands : 16.0 & current time is  12149.0  message time is 12149.0 case 9
16:42:07.379 [main] INFO  AV.MCU - VCU_Torque_Commands VCU_Torque_Commands : 16.0 & current time is  12169.0  message time is 12169.0 case 9
16:42:08.187 [main] INFO  AV.MCU - VCU_Torque_Commands VCU_Torque_Commands : 16.0 & current time is  12189.0  message time is 12189.0 case 9
16:42:09.160 [main] INFO  AV.MCU - VCU_Torque_Commands VCU_Torque_Commands : 16.0 & current time is  12209.0  message time is 12209.0 case 9
16:42:10.168 [main] INFO  AV.MCU - VCU_Torque_Commands VCU_Torque_Commands : 16.0 & current time is  12229.0  message time is 12229.0 case 9
16:42:11.148 [main] INFO  AV.MCU - VCU_Torque_Commands VCU_Torque_Commands : 16.0 & current time is  12249.0  message time is 12249.0 case 9
16:42:11.830 [main] INFO  AV.MCU - VCU_Torque_Commands VCU_Torque_Commands : 16.0 & current time is  12269.0  message time is 12269.0 case 9
16:42:12.438 [main] INFO  AV.MCU - VCU_Torque_Commands VCU_Torque_Commands : 16.0 & current time is  12289.0  message time is 12289.0 case 9
16:42:13.045 [main] INFO  AV.MCU - VCU_Torque_Commands VCU_Torque_Commands : 16.0 & current time is  12309.0  message time is 12309.0 case 9
16:42:13.848 [main] INFO  AV.MCU - VCU_Torque_Commands VCU_Torque_Commands : 16.0 & current time is  12329.0  message time is 12329.0 case 9
16:42:14.809 [main] INFO  AV.MCU - VCU_Torque_Commands VCU_Torque_Commands : 16.0 & current time is  12349.0  message time is 12349.0 case 9
16:42:15.774 [main] INFO  AV.MCU - VCU_Torque_Commands VCU_Torque_Commands : 16.0 & current time is  12369.0  message time is 12369.0 case 9
16:42:16.676 [main] INFO  AV.MCU - VCU_Torque_Commands VCU_Torque_Commands : 16.0 & current time is  12389.0  message time is 12389.0 case 9
16:42:17.631 [main] INFO  AV.MCU - VCU_Torque_Commands VCU_Torque_Commands : 16.0 & current time is  12409.0  message time is 12409.0 case 9
16:42:18.619 [main] INFO  AV.MCU - VCU_Torque_Commands VCU_Torque_Commands : 16.0 & current time is  12429.0  message time is 12429.0 case 9
16:42:19.582 [main] INFO  AV.MCU - VCU_Torque_Commands VCU_Torque_Commands : 16.0 & current time is  12449.0  message time is 12449.0 case 9
16:42:20.504 [main] INFO  AV.MCU - VCU_Torque_Commands VCU_Torque_Commands : 16.0 & current time is  12469.0  message time is 12469.0 case 9
16:42:21.391 [main] INFO  AV.MCU - VCU_Torque_Commands VCU_Torque_Commands : 16.0 & current time is  12489.0  message time is 12489.0 case 9
16:42:22.424 [main] INFO  AV.MCU - VCU_Torque_Commands VCU_Torque_Commands : 16.0 & current time is  12509.0  message time is 12509.0 case 9
16:42:23.398 [main] INFO  AV.MCU - VCU_Torque_Commands VCU_Torque_Commands : 16.0 & current time is  12529.0  message time is 12529.0 case 9
16:42:24.392 [main] INFO  AV.MCU - VCU_Torque_Commands VCU_Torque_Commands : 16.0 & current time is  12549.0  message time is 12549.0 case 9
16:42:25.334 [main] INFO  AV.MCU - VCU_Torque_Commands VCU_Torque_Commands : 16.0 & current time is  12569.0  message time is 12569.0 case 9
16:42:26.539 [main] INFO  AV.MCU - VCU_Torque_Commands VCU_Torque_Commands : 16.0 & current time is  12589.0  message time is 12589.0 case 9
16:42:27.539 [main] INFO  AV.MCU - VCU_Torque_Commands VCU_Torque_Commands : 16.0 & current time is  12609.0  message time is 12609.0 case 9
16:42:28.540 [main] INFO  AV.MCU - VCU_Torque_Commands VCU_Torque_Commands : 16.0 & current time is  12629.0  message time is 12629.0 case 9
16:42:29.511 [main] INFO  AV.MCU - VCU_Torque_Commands VCU_Torque_Commands : 16.0 & current time is  12649.0  message time is 12649.0 case 9
16:42:30.495 [main] INFO  AV.MCU - VCU_Torque_Commands VCU_Torque_Commands : 16.0 & current time is  12669.0  message time is 12669.0 case 9
16:42:31.464 [main] INFO  AV.MCU - VCU_Torque_Commands VCU_Torque_Commands : 16.0 & current time is  12689.0  message time is 12689.0 case 9
16:42:32.442 [main] INFO  AV.MCU - VCU_Torque_Commands VCU_Torque_Commands : 16.0 & current time is  12709.0  message time is 12709.0 case 9
16:42:33.408 [main] INFO  AV.MCU - VCU_Torque_Commands VCU_Torque_Commands : 16.0 & current time is  12729.0  message time is 12729.0 case 9
16:42:34.372 [main] INFO  AV.MCU - VCU_Torque_Commands VCU_Torque_Commands : 16.0 & current time is  12749.0  message time is 12749.0 case 9
16:42:35.347 [main] INFO  AV.MCU - VCU_Torque_Commands VCU_Torque_Commands : 16.0 & current time is  12769.0  message time is 12769.0 case 9
16:42:36.334 [main] INFO  AV.MCU - VCU_Torque_Commands VCU_Torque_Commands : 16.0 & current time is  12789.0  message time is 12789.0 case 9
16:42:37.800 [main] INFO  AV.MCU - VCU_Torque_Commands VCU_Torque_Commands : 16.0 & current time is  12809.0  message time is 12809.0 case 9
16:42:38.739 [main] INFO  AV.MCU - VCU_Torque_Commands VCU_Torque_Commands : 16.0 & current time is  12829.0  message time is 12829.0 case 9
16:42:39.717 [main] INFO  AV.MCU - VCU_Torque_Commands VCU_Torque_Commands : 16.0 & current time is  12849.0  message time is 12849.0 case 9
16:42:40.709 [main] INFO  AV.MCU - VCU_Torque_Commands VCU_Torque_Commands : 16.0 & current time is  12869.0  message time is 12869.0 case 9
16:42:41.702 [main] INFO  AV.MCU - VCU_Torque_Commands VCU_Torque_Commands : 16.0 & current time is  12889.0  message time is 12889.0 case 9
16:42:42.720 [main] INFO  AV.MCU - VCU_Torque_Commands VCU_Torque_Commands : 16.0 & current time is  12909.0  message time is 12909.0 case 9
16:42:43.716 [main] INFO  AV.MCU - VCU_Torque_Commands VCU_Torque_Commands : 16.0 & current time is  12929.0  message time is 12929.0 case 9
16:42:44.681 [main] INFO  AV.MCU - VCU_Torque_Commands VCU_Torque_Commands : 16.0 & current time is  12949.0  message time is 12949.0 case 9
16:42:45.679 [main] INFO  AV.MCU - VCU_Torque_Commands VCU_Torque_Commands : 16.0 & current time is  12969.0  message time is 12969.0 case 9
16:42:46.646 [main] INFO  AV.MCU - VCU_Torque_Commands VCU_Torque_Commands : 16.0 & current time is  12989.0  message time is 12989.0 case 9
16:42:47.658 [main] INFO  AV.MCU - VCU_Torque_Commands VCU_Torque_Commands : 17.0 & current time is  13009.0  message time is 13009.0 case 9
16:42:48.637 [main] INFO  AV.MCU - VCU_Torque_Commands VCU_Torque_Commands : 17.0 & current time is  13029.0  message time is 13029.0 case 9
16:42:49.617 [main] INFO  AV.MCU - VCU_Torque_Commands VCU_Torque_Commands : 17.0 & current time is  13049.0  message time is 13049.0 case 9
16:42:50.610 [main] INFO  AV.MCU - VCU_Torque_Commands VCU_Torque_Commands : 17.0 & current time is  13069.0  message time is 13069.0 case 9
16:42:51.558 [main] INFO  AV.MCU - VCU_Torque_Commands VCU_Torque_Commands : 17.0 & current time is  13089.0  message time is 13089.0 case 9
16:42:52.685 [main] INFO  AV.MCU - VCU_Torque_Commands VCU_Torque_Commands : 17.0 & current time is  13109.0  message time is 13109.0 case 9
16:42:53.712 [main] INFO  AV.MCU - VCU_Torque_Commands VCU_Torque_Commands : 17.0 & current time is  13129.0  message time is 13129.0 case 9
16:42:54.717 [main] INFO  AV.MCU - VCU_Torque_Commands VCU_Torque_Commands : 17.0 & current time is  13149.0  message time is 13149.0 case 9
16:42:55.677 [main] INFO  AV.MCU - VCU_Torque_Commands VCU_Torque_Commands : 17.0 & current time is  13169.0  message time is 13169.0 case 9
16:42:56.645 [main] INFO  AV.MCU - VCU_Torque_Commands VCU_Torque_Commands : 17.0 & current time is  13189.0  message time is 13189.0 case 9
16:42:57.598 [main] INFO  AV.MCU - VCU_Torque_Commands VCU_Torque_Commands : 17.0 & current time is  13209.0  message time is 13209.0 case 9
16:42:58.585 [main] INFO  AV.MCU - VCU_Torque_Commands VCU_Torque_Commands : 17.0 & current time is  13229.0  message time is 13229.0 case 9
16:42:59.495 [main] INFO  AV.MCU - VCU_Torque_Commands VCU_Torque_Commands : 17.0 & current time is  13249.0  message time is 13249.0 case 9
16:43:00.478 [main] INFO  AV.MCU - VCU_Torque_Commands VCU_Torque_Commands : 17.0 & current time is  13269.0  message time is 13269.0 case 9
16:43:01.467 [main] INFO  AV.MCU - VCU_Torque_Commands VCU_Torque_Commands : 17.0 & current time is  13289.0  message time is 13289.0 case 9
16:43:02.461 [main] INFO  AV.MCU - VCU_Torque_Commands VCU_Torque_Commands : 17.0 & current time is  13309.0  message time is 13309.0 case 9
16:43:03.414 [main] INFO  AV.MCU - VCU_Torque_Commands VCU_Torque_Commands : 17.0 & current time is  13329.0  message time is 13329.0 case 9
16:43:04.377 [main] INFO  AV.MCU - VCU_Torque_Commands VCU_Torque_Commands : 17.0 & current time is  13349.0  message time is 13349.0 case 9
16:43:05.376 [main] INFO  AV.MCU - VCU_Torque_Commands VCU_Torque_Commands : 17.0 & current time is  13369.0  message time is 13369.0 case 9
16:43:06.362 [main] INFO  AV.MCU - VCU_Torque_Commands VCU_Torque_Commands : 17.0 & current time is  13389.0  message time is 13389.0 case 9
16:43:07.327 [main] INFO  AV.MCU - VCU_Torque_Commands VCU_Torque_Commands : 17.0 & current time is  13409.0  message time is 13409.0 case 9
16:43:08.297 [main] INFO  AV.MCU - VCU_Torque_Commands VCU_Torque_Commands : 17.0 & current time is  13429.0  message time is 13429.0 case 9
16:43:09.350 [main] INFO  AV.MCU - VCU_Torque_Commands VCU_Torque_Commands : 17.0 & current time is  13449.0  message time is 13449.0 case 9
16:43:10.364 [main] INFO  AV.MCU - VCU_Torque_Commands VCU_Torque_Commands : 17.0 & current time is  13469.0  message time is 13469.0 case 9
16:43:11.377 [main] INFO  AV.MCU - VCU_Torque_Commands VCU_Torque_Commands : 17.0 & current time is  13489.0  message time is 13489.0 case 9
16:43:12.343 [main] INFO  AV.MCU - VCU_Torque_Commands VCU_Torque_Commands : 17.0 & current time is  13509.0  message time is 13509.0 case 9
16:43:13.328 [main] INFO  AV.MCU - VCU_Torque_Commands VCU_Torque_Commands : 17.0 & current time is  13529.0  message time is 13529.0 case 9
16:43:14.339 [main] INFO  AV.MCU - VCU_Torque_Commands VCU_Torque_Commands : 17.0 & current time is  13549.0  message time is 13549.0 case 9
16:43:15.343 [main] INFO  AV.MCU - VCU_Torque_Commands VCU_Torque_Commands : 17.0 & current time is  13569.0  message time is 13569.0 case 9
16:43:16.388 [main] INFO  AV.MCU - VCU_Torque_Commands VCU_Torque_Commands : 17.0 & current time is  13589.0  message time is 13589.0 case 9
16:43:17.380 [main] INFO  AV.MCU - VCU_Torque_Commands VCU_Torque_Commands : 17.0 & current time is  13609.0  message time is 13609.0 case 9
16:43:18.600 [main] INFO  AV.MCU - VCU_Torque_Commands VCU_Torque_Commands : 17.0 & current time is  13629.0  message time is 13629.0 case 9
16:43:19.596 [main] INFO  AV.MCU - VCU_Torque_Commands VCU_Torque_Commands : 17.0 & current time is  13649.0  message time is 13649.0 case 9
16:43:20.613 [main] INFO  AV.MCU - VCU_Torque_Commands VCU_Torque_Commands : 17.0 & current time is  13669.0  message time is 13669.0 case 9
16:43:21.601 [main] INFO  AV.MCU - VCU_Torque_Commands VCU_Torque_Commands : 17.0 & current time is  13689.0  message time is 13689.0 case 9
16:43:22.569 [main] INFO  AV.MCU - VCU_Torque_Commands VCU_Torque_Commands : 17.0 & current time is  13709.0  message time is 13709.0 case 9
16:43:23.527 [main] INFO  AV.MCU - VCU_Torque_Commands VCU_Torque_Commands : 17.0 & current time is  13729.0  message time is 13729.0 case 9
16:43:24.502 [main] INFO  AV.MCU - VCU_Torque_Commands VCU_Torque_Commands : 17.0 & current time is  13749.0  message time is 13749.0 case 9
16:43:25.480 [main] INFO  AV.MCU - VCU_Torque_Commands VCU_Torque_Commands : 17.0 & current time is  13769.0  message time is 13769.0 case 9
16:43:26.475 [main] INFO  AV.MCU - VCU_Torque_Commands VCU_Torque_Commands : 17.0 & current time is  13789.0  message time is 13789.0 case 9
16:43:27.460 [main] INFO  AV.MCU - VCU_Torque_Commands VCU_Torque_Commands : 17.0 & current time is  13809.0  message time is 13809.0 case 9
16:43:28.457 [main] INFO  AV.MCU - VCU_Torque_Commands VCU_Torque_Commands : 17.0 & current time is  13829.0  message time is 13829.0 case 9
16:43:29.463 [main] INFO  AV.MCU - VCU_Torque_Commands VCU_Torque_Commands : 17.0 & current time is  13849.0  message time is 13849.0 case 9
16:43:30.433 [main] INFO  AV.MCU - VCU_Torque_Commands VCU_Torque_Commands : 17.0 & current time is  13869.0  message time is 13869.0 case 9
16:43:31.397 [main] INFO  AV.MCU - VCU_Torque_Commands VCU_Torque_Commands : 17.0 & current time is  13889.0  message time is 13889.0 case 9
16:43:32.391 [main] INFO  AV.MCU - VCU_Torque_Commands VCU_Torque_Commands : 17.0 & current time is  13909.0  message time is 13909.0 case 9
16:43:33.372 [main] INFO  AV.MCU - VCU_Torque_Commands VCU_Torque_Commands : 17.0 & current time is  13929.0  message time is 13929.0 case 9
16:43:34.286 [main] INFO  AV.MCU - VCU_Torque_Commands VCU_Torque_Commands : 17.0 & current time is  13949.0  message time is 13949.0 case 9
16:43:35.146 [main] INFO  AV.MCU - VCU_Torque_Commands VCU_Torque_Commands : 17.0 & current time is  13969.0  message time is 13969.0 case 9
16:43:36.221 [main] INFO  AV.MCU - VCU_Torque_Commands VCU_Torque_Commands : 17.0 & current time is  13989.0  message time is 13989.0 case 9
16:43:37.239 [main] INFO  AV.MCU - VCU_Torque_Commands VCU_Torque_Commands : 19.0 & current time is  14009.0  message time is 14009.0 case 9
