
-------------------------------------------------------------------
GMS: address=vagrant-55036, cluster=AV, physical address=10.0.2.15:47423
-------------------------------------------------------------------
02:27:00.061 [main] INFO  AV.MCU - waiting on readyToPopulate...
02:27:10.843 [main] INFO  AV.MCU - ...synchronized on readyToPopulate
02:27:10.844 [main] INFO  AV.MCU - waiting on readyToRun...
02:27:11.096 [main] INFO  AV.MCU - ...synchronized on readyToRun
02:27:11.099 [main] INFO  AV.MCU - started logical time progression
02:27:12.594 [main] INFO  AV.MCU - VCU_Torque_Commands VCU_Torque_Commands : 0.0 & current time is  9.0  message time is 9.0 case 9
02:27:14.105 [main] INFO  AV.MCU - VCU_Torque_Commands VCU_Torque_Commands : 0.0 & current time is  29.0  message time is 29.0 case 9
02:27:15.357 [main] INFO  AV.MCU - VCU_Torque_Commands VCU_Torque_Commands : 0.0 & current time is  49.0  message time is 49.0 case 9
02:27:16.574 [main] INFO  AV.MCU - VCU_Torque_Commands VCU_Torque_Commands : 0.0 & current time is  69.0  message time is 69.0 case 9
02:27:17.822 [main] INFO  AV.MCU - VCU_Torque_Commands VCU_Torque_Commands : 0.0 & current time is  89.0  message time is 89.0 case 9
02:27:18.898 [main] INFO  AV.MCU - VCU_Torque_Commands VCU_Torque_Commands : 0.0 & current time is  109.0  message time is 109.0 case 9
02:27:20.012 [main] INFO  AV.MCU - VCU_Torque_Commands VCU_Torque_Commands : 0.0 & current time is  129.0  message time is 129.0 case 9
02:27:21.079 [main] INFO  AV.MCU - VCU_Torque_Commands VCU_Torque_Commands : 0.0 & current time is  149.0  message time is 149.0 case 9
02:27:22.123 [main] INFO  AV.MCU - VCU_Torque_Commands VCU_Torque_Commands : 0.0 & current time is  169.0  message time is 169.0 case 9
02:27:23.690 [main] INFO  AV.MCU - VCU_Torque_Commands VCU_Torque_Commands : 0.0 & current time is  189.0  message time is 189.0 case 9
02:27:24.934 [main] INFO  AV.MCU - VCU_Torque_Commands VCU_Torque_Commands : 0.0 & current time is  209.0  message time is 209.0 case 9
02:27:26.049 [main] INFO  AV.MCU - VCU_Torque_Commands VCU_Torque_Commands : 0.0 & current time is  229.0  message time is 229.0 case 9
02:27:27.154 [main] INFO  AV.MCU - VCU_Torque_Commands VCU_Torque_Commands : 0.0 & current time is  249.0  message time is 249.0 case 9
02:27:28.208 [main] INFO  AV.MCU - VCU_Torque_Commands VCU_Torque_Commands : 0.0 & current time is  269.0  message time is 269.0 case 9
02:27:29.454 [main] INFO  AV.MCU - VCU_Torque_Commands VCU_Torque_Commands : 0.0 & current time is  289.0  message time is 289.0 case 9
02:27:30.487 [main] INFO  AV.MCU - VCU_Torque_Commands VCU_Torque_Commands : 0.0 & current time is  309.0  message time is 309.0 case 9
02:27:31.530 [main] INFO  AV.MCU - VCU_Torque_Commands VCU_Torque_Commands : 0.0 & current time is  329.0  message time is 329.0 case 9
02:27:32.617 [main] INFO  AV.MCU - VCU_Torque_Commands VCU_Torque_Commands : 0.0 & current time is  349.0  message time is 349.0 case 9
02:27:33.688 [main] INFO  AV.MCU - VCU_Torque_Commands VCU_Torque_Commands : 0.0 & current time is  369.0  message time is 369.0 case 9
02:27:34.737 [main] INFO  AV.MCU - VCU_Torque_Commands VCU_Torque_Commands : 0.0 & current time is  389.0  message time is 389.0 case 9
02:27:35.840 [main] INFO  AV.MCU - VCU_Torque_Commands VCU_Torque_Commands : 0.0 & current time is  409.0  message time is 409.0 case 9
02:27:36.861 [main] INFO  AV.MCU - VCU_Torque_Commands VCU_Torque_Commands : 0.0 & current time is  429.0  message time is 429.0 case 9
02:27:37.945 [main] INFO  AV.MCU - VCU_Torque_Commands VCU_Torque_Commands : 0.0 & current time is  449.0  message time is 449.0 case 9
02:27:38.954 [main] INFO  AV.MCU - VCU_Torque_Commands VCU_Torque_Commands : 0.0 & current time is  469.0  message time is 469.0 case 9
02:27:39.958 [main] INFO  AV.MCU - VCU_Torque_Commands VCU_Torque_Commands : 0.0 & current time is  489.0  message time is 489.0 case 9
02:27:40.981 [main] INFO  AV.MCU - VCU_Torque_Commands VCU_Torque_Commands : 0.0 & current time is  509.0  message time is 509.0 case 9
02:27:42.024 [main] INFO  AV.MCU - VCU_Torque_Commands VCU_Torque_Commands : 0.0 & current time is  529.0  message time is 529.0 case 9
02:27:43.115 [main] INFO  AV.MCU - VCU_Torque_Commands VCU_Torque_Commands : 0.0 & current time is  549.0  message time is 549.0 case 9
02:27:44.182 [main] INFO  AV.MCU - VCU_Torque_Commands VCU_Torque_Commands : 0.0 & current time is  569.0  message time is 569.0 case 9
02:27:45.237 [main] INFO  AV.MCU - VCU_Torque_Commands VCU_Torque_Commands : 0.0 & current time is  589.0  message time is 589.0 case 9
02:27:46.235 [main] INFO  AV.MCU - VCU_Torque_Commands VCU_Torque_Commands : 0.0 & current time is  609.0  message time is 609.0 case 9
02:27:47.261 [main] INFO  AV.MCU - VCU_Torque_Commands VCU_Torque_Commands : 0.0 & current time is  629.0  message time is 629.0 case 9
02:27:48.315 [main] INFO  AV.MCU - VCU_Torque_Commands VCU_Torque_Commands : 0.0 & current time is  649.0  message time is 649.0 case 9
02:27:49.360 [main] INFO  AV.MCU - VCU_Torque_Commands VCU_Torque_Commands : 0.0 & current time is  669.0  message time is 669.0 case 9
02:27:50.415 [main] INFO  AV.MCU - VCU_Torque_Commands VCU_Torque_Commands : 0.0 & current time is  689.0  message time is 689.0 case 9
02:27:51.420 [main] INFO  AV.MCU - VCU_Torque_Commands VCU_Torque_Commands : 0.0 & current time is  709.0  message time is 709.0 case 9
02:27:52.488 [main] INFO  AV.MCU - VCU_Torque_Commands VCU_Torque_Commands : 0.0 & current time is  729.0  message time is 729.0 case 9
02:27:53.678 [main] INFO  AV.MCU - VCU_Torque_Commands VCU_Torque_Commands : 0.0 & current time is  749.0  message time is 749.0 case 9
02:27:54.655 [main] INFO  AV.MCU - VCU_Torque_Commands VCU_Torque_Commands : 0.0 & current time is  769.0  message time is 769.0 case 9
02:27:55.575 [main] INFO  AV.MCU - VCU_Torque_Commands VCU_Torque_Commands : 0.0 & current time is  789.0  message time is 789.0 case 9
02:27:56.510 [main] INFO  AV.MCU - VCU_Torque_Commands VCU_Torque_Commands : 0.0 & current time is  809.0  message time is 809.0 case 9
02:27:57.496 [main] INFO  AV.MCU - VCU_Torque_Commands VCU_Torque_Commands : 0.0 & current time is  829.0  message time is 829.0 case 9
02:27:58.503 [main] INFO  AV.MCU - VCU_Torque_Commands VCU_Torque_Commands : 0.0 & current time is  849.0  message time is 849.0 case 9
02:27:59.400 [main] INFO  AV.MCU - VCU_Torque_Commands VCU_Torque_Commands : 0.0 & current time is  869.0  message time is 869.0 case 9
02:28:00.426 [main] INFO  AV.MCU - VCU_Torque_Commands VCU_Torque_Commands : 0.0 & current time is  889.0  message time is 889.0 case 9
02:28:01.422 [main] INFO  AV.MCU - VCU_Torque_Commands VCU_Torque_Commands : 0.0 & current time is  909.0  message time is 909.0 case 9
02:28:02.400 [main] INFO  AV.MCU - VCU_Torque_Commands VCU_Torque_Commands : 0.0 & current time is  929.0  message time is 929.0 case 9
02:28:03.477 [main] INFO  AV.MCU - VCU_Torque_Commands VCU_Torque_Commands : 0.0 & current time is  949.0  message time is 949.0 case 9
02:28:04.576 [main] INFO  AV.MCU - VCU_Torque_Commands VCU_Torque_Commands : 0.0 & current time is  969.0  message time is 969.0 case 9
02:28:05.582 [main] INFO  AV.MCU - VCU_Torque_Commands VCU_Torque_Commands : 0.0 & current time is  989.0  message time is 989.0 case 9
02:28:06.539 [main] INFO  AV.MCU - VCU_Torque_Commands VCU_Torque_Commands : 0.0 & current time is  1009.0  message time is 1009.0 case 9
02:28:07.523 [main] INFO  AV.MCU - VCU_Torque_Commands VCU_Torque_Commands : 0.0 & current time is  1029.0  message time is 1029.0 case 9
02:28:08.523 [main] INFO  AV.MCU - VCU_Torque_Commands VCU_Torque_Commands : 0.0 & current time is  1049.0  message time is 1049.0 case 9
02:28:09.465 [main] INFO  AV.MCU - VCU_Torque_Commands VCU_Torque_Commands : 0.0 & current time is  1069.0  message time is 1069.0 case 9
02:28:10.478 [main] INFO  AV.MCU - VCU_Torque_Commands VCU_Torque_Commands : 0.0 & current time is  1089.0  message time is 1089.0 case 9
02:28:11.529 [main] INFO  AV.MCU - VCU_Torque_Commands VCU_Torque_Commands : 0.0 & current time is  1109.0  message time is 1109.0 case 9
02:28:12.558 [main] INFO  AV.MCU - VCU_Torque_Commands VCU_Torque_Commands : 0.0 & current time is  1129.0  message time is 1129.0 case 9
02:28:13.579 [main] INFO  AV.MCU - VCU_Torque_Commands VCU_Torque_Commands : 0.0 & current time is  1149.0  message time is 1149.0 case 9
02:28:14.573 [main] INFO  AV.MCU - VCU_Torque_Commands VCU_Torque_Commands : 0.0 & current time is  1169.0  message time is 1169.0 case 9
02:28:15.553 [main] INFO  AV.MCU - VCU_Torque_Commands VCU_Torque_Commands : 0.0 & current time is  1189.0  message time is 1189.0 case 9
02:28:16.649 [main] INFO  AV.MCU - VCU_Torque_Commands VCU_Torque_Commands : 0.0 & current time is  1209.0  message time is 1209.0 case 9
02:28:17.651 [main] INFO  AV.MCU - VCU_Torque_Commands VCU_Torque_Commands : 0.0 & current time is  1229.0  message time is 1229.0 case 9
02:28:18.614 [main] INFO  AV.MCU - VCU_Torque_Commands VCU_Torque_Commands : 0.0 & current time is  1249.0  message time is 1249.0 case 9
02:28:19.657 [main] INFO  AV.MCU - VCU_Torque_Commands VCU_Torque_Commands : 0.0 & current time is  1269.0  message time is 1269.0 case 9
02:28:20.614 [main] INFO  AV.MCU - VCU_Torque_Commands VCU_Torque_Commands : 0.0 & current time is  1289.0  message time is 1289.0 case 9
02:28:21.603 [main] INFO  AV.MCU - VCU_Torque_Commands VCU_Torque_Commands : 0.0 & current time is  1309.0  message time is 1309.0 case 9
02:28:22.583 [main] INFO  AV.MCU - VCU_Torque_Commands VCU_Torque_Commands : 0.0 & current time is  1329.0  message time is 1329.0 case 9
02:28:23.597 [main] INFO  AV.MCU - VCU_Torque_Commands VCU_Torque_Commands : 0.0 & current time is  1349.0  message time is 1349.0 case 9
02:28:24.565 [main] INFO  AV.MCU - VCU_Torque_Commands VCU_Torque_Commands : 0.0 & current time is  1369.0  message time is 1369.0 case 9
02:28:25.581 [main] INFO  AV.MCU - VCU_Torque_Commands VCU_Torque_Commands : 0.0 & current time is  1389.0  message time is 1389.0 case 9
02:28:26.573 [main] INFO  AV.MCU - VCU_Torque_Commands VCU_Torque_Commands : 0.0 & current time is  1409.0  message time is 1409.0 case 9
02:28:27.587 [main] INFO  AV.MCU - VCU_Torque_Commands VCU_Torque_Commands : 0.0 & current time is  1429.0  message time is 1429.0 case 9
02:28:28.701 [main] INFO  AV.MCU - VCU_Torque_Commands VCU_Torque_Commands : 0.0 & current time is  1449.0  message time is 1449.0 case 9
02:28:29.672 [main] INFO  AV.MCU - VCU_Torque_Commands VCU_Torque_Commands : 0.0 & current time is  1469.0  message time is 1469.0 case 9
02:28:30.685 [main] INFO  AV.MCU - VCU_Torque_Commands VCU_Torque_Commands : 0.0 & current time is  1489.0  message time is 1489.0 case 9
02:28:31.656 [main] INFO  AV.MCU - VCU_Torque_Commands VCU_Torque_Commands : 3.0 & current time is  1509.0  message time is 1509.0 case 9
02:28:32.664 [main] INFO  AV.MCU - VCU_Torque_Commands VCU_Torque_Commands : 3.0 & current time is  1529.0  message time is 1529.0 case 9
02:28:33.646 [main] INFO  AV.MCU - VCU_Torque_Commands VCU_Torque_Commands : 3.0 & current time is  1549.0  message time is 1549.0 case 9
02:28:34.635 [main] INFO  AV.MCU - VCU_Torque_Commands VCU_Torque_Commands : 3.0 & current time is  1569.0  message time is 1569.0 case 9
02:28:35.635 [main] INFO  AV.MCU - VCU_Torque_Commands VCU_Torque_Commands : 3.0 & current time is  1589.0  message time is 1589.0 case 9
02:28:36.622 [main] INFO  AV.MCU - VCU_Torque_Commands VCU_Torque_Commands : 3.0 & current time is  1609.0  message time is 1609.0 case 9
02:28:37.574 [main] INFO  AV.MCU - VCU_Torque_Commands VCU_Torque_Commands : 3.0 & current time is  1629.0  message time is 1629.0 case 9
02:28:38.584 [main] INFO  AV.MCU - VCU_Torque_Commands VCU_Torque_Commands : 3.0 & current time is  1649.0  message time is 1649.0 case 9
02:28:39.504 [main] INFO  AV.MCU - VCU_Torque_Commands VCU_Torque_Commands : 3.0 & current time is  1669.0  message time is 1669.0 case 9
02:28:40.470 [main] INFO  AV.MCU - VCU_Torque_Commands VCU_Torque_Commands : 3.0 & current time is  1689.0  message time is 1689.0 case 9
02:28:41.485 [main] INFO  AV.MCU - VCU_Torque_Commands VCU_Torque_Commands : 3.0 & current time is  1709.0  message time is 1709.0 case 9
02:28:42.586 [main] INFO  AV.MCU - VCU_Torque_Commands VCU_Torque_Commands : 3.0 & current time is  1729.0  message time is 1729.0 case 9
02:28:43.601 [main] INFO  AV.MCU - VCU_Torque_Commands VCU_Torque_Commands : 3.0 & current time is  1749.0  message time is 1749.0 case 9
02:28:44.597 [main] INFO  AV.MCU - VCU_Torque_Commands VCU_Torque_Commands : 3.0 & current time is  1769.0  message time is 1769.0 case 9
02:28:45.623 [main] INFO  AV.MCU - VCU_Torque_Commands VCU_Torque_Commands : 3.0 & current time is  1789.0  message time is 1789.0 case 9
02:28:46.622 [main] INFO  AV.MCU - VCU_Torque_Commands VCU_Torque_Commands : 3.0 & current time is  1809.0  message time is 1809.0 case 9
02:28:47.606 [main] INFO  AV.MCU - VCU_Torque_Commands VCU_Torque_Commands : 3.0 & current time is  1829.0  message time is 1829.0 case 9
02:28:48.590 [main] INFO  AV.MCU - VCU_Torque_Commands VCU_Torque_Commands : 3.0 & current time is  1849.0  message time is 1849.0 case 9
02:28:49.426 [main] INFO  AV.MCU - VCU_Torque_Commands VCU_Torque_Commands : 3.0 & current time is  1869.0  message time is 1869.0 case 9
02:28:50.415 [main] INFO  AV.MCU - VCU_Torque_Commands VCU_Torque_Commands : 3.0 & current time is  1889.0  message time is 1889.0 case 9
02:28:51.396 [main] INFO  AV.MCU - VCU_Torque_Commands VCU_Torque_Commands : 3.0 & current time is  1909.0  message time is 1909.0 case 9
02:28:52.367 [main] INFO  AV.MCU - VCU_Torque_Commands VCU_Torque_Commands : 3.0 & current time is  1929.0  message time is 1929.0 case 9
02:28:53.334 [main] INFO  AV.MCU - VCU_Torque_Commands VCU_Torque_Commands : 3.0 & current time is  1949.0  message time is 1949.0 case 9
02:28:54.328 [main] INFO  AV.MCU - VCU_Torque_Commands VCU_Torque_Commands : 3.0 & current time is  1969.0  message time is 1969.0 case 9
02:28:55.318 [main] INFO  AV.MCU - VCU_Torque_Commands VCU_Torque_Commands : 3.0 & current time is  1989.0  message time is 1989.0 case 9
02:28:56.366 [main] INFO  AV.MCU - VCU_Torque_Commands VCU_Torque_Commands : 6.0 & current time is  2009.0  message time is 2009.0 case 9
02:28:57.363 [main] INFO  AV.MCU - VCU_Torque_Commands VCU_Torque_Commands : 6.0 & current time is  2029.0  message time is 2029.0 case 9
02:28:58.373 [main] INFO  AV.MCU - VCU_Torque_Commands VCU_Torque_Commands : 6.0 & current time is  2049.0  message time is 2049.0 case 9
02:28:59.379 [main] INFO  AV.MCU - VCU_Torque_Commands VCU_Torque_Commands : 6.0 & current time is  2069.0  message time is 2069.0 case 9
02:29:00.405 [main] INFO  AV.MCU - VCU_Torque_Commands VCU_Torque_Commands : 6.0 & current time is  2089.0  message time is 2089.0 case 9
02:29:01.341 [main] INFO  AV.MCU - VCU_Torque_Commands VCU_Torque_Commands : 6.0 & current time is  2109.0  message time is 2109.0 case 9
02:29:02.366 [main] INFO  AV.MCU - VCU_Torque_Commands VCU_Torque_Commands : 6.0 & current time is  2129.0  message time is 2129.0 case 9
02:29:03.362 [main] INFO  AV.MCU - VCU_Torque_Commands VCU_Torque_Commands : 6.0 & current time is  2149.0  message time is 2149.0 case 9
02:29:04.381 [main] INFO  AV.MCU - VCU_Torque_Commands VCU_Torque_Commands : 6.0 & current time is  2169.0  message time is 2169.0 case 9
02:29:05.392 [main] INFO  AV.MCU - VCU_Torque_Commands VCU_Torque_Commands : 6.0 & current time is  2189.0  message time is 2189.0 case 9
02:29:06.410 [main] INFO  AV.MCU - VCU_Torque_Commands VCU_Torque_Commands : 6.0 & current time is  2209.0  message time is 2209.0 case 9
02:29:07.403 [main] INFO  AV.MCU - VCU_Torque_Commands VCU_Torque_Commands : 6.0 & current time is  2229.0  message time is 2229.0 case 9
02:29:08.404 [main] INFO  AV.MCU - VCU_Torque_Commands VCU_Torque_Commands : 6.0 & current time is  2249.0  message time is 2249.0 case 9
02:29:09.409 [main] INFO  AV.MCU - VCU_Torque_Commands VCU_Torque_Commands : 6.0 & current time is  2269.0  message time is 2269.0 case 9
02:29:10.458 [main] INFO  AV.MCU - VCU_Torque_Commands VCU_Torque_Commands : 6.0 & current time is  2289.0  message time is 2289.0 case 9
02:29:11.583 [main] INFO  AV.MCU - VCU_Torque_Commands VCU_Torque_Commands : 6.0 & current time is  2309.0  message time is 2309.0 case 9
02:29:12.564 [main] INFO  AV.MCU - VCU_Torque_Commands VCU_Torque_Commands : 6.0 & current time is  2329.0  message time is 2329.0 case 9
02:29:13.565 [main] INFO  AV.MCU - VCU_Torque_Commands VCU_Torque_Commands : 6.0 & current time is  2349.0  message time is 2349.0 case 9
02:29:14.597 [main] INFO  AV.MCU - VCU_Torque_Commands VCU_Torque_Commands : 6.0 & current time is  2369.0  message time is 2369.0 case 9
02:29:15.702 [main] INFO  AV.MCU - VCU_Torque_Commands VCU_Torque_Commands : 6.0 & current time is  2389.0  message time is 2389.0 case 9
02:29:16.689 [main] INFO  AV.MCU - VCU_Torque_Commands VCU_Torque_Commands : 6.0 & current time is  2409.0  message time is 2409.0 case 9
02:29:17.724 [main] INFO  AV.MCU - VCU_Torque_Commands VCU_Torque_Commands : 6.0 & current time is  2429.0  message time is 2429.0 case 9
02:29:18.725 [main] INFO  AV.MCU - VCU_Torque_Commands VCU_Torque_Commands : 6.0 & current time is  2449.0  message time is 2449.0 case 9
02:29:19.707 [main] INFO  AV.MCU - VCU_Torque_Commands VCU_Torque_Commands : 6.0 & current time is  2469.0  message time is 2469.0 case 9
02:29:20.714 [main] INFO  AV.MCU - VCU_Torque_Commands VCU_Torque_Commands : 6.0 & current time is  2489.0  message time is 2489.0 case 9
02:29:21.751 [main] INFO  AV.MCU - VCU_Torque_Commands VCU_Torque_Commands : 9.0 & current time is  2509.0  message time is 2509.0 case 9
02:29:22.730 [main] INFO  AV.MCU - VCU_Torque_Commands VCU_Torque_Commands : 9.0 & current time is  2529.0  message time is 2529.0 case 9
02:29:23.763 [main] INFO  AV.MCU - VCU_Torque_Commands VCU_Torque_Commands : 9.0 & current time is  2549.0  message time is 2549.0 case 9
02:29:24.781 [main] INFO  AV.MCU - VCU_Torque_Commands VCU_Torque_Commands : 9.0 & current time is  2569.0  message time is 2569.0 case 9
02:29:25.834 [main] INFO  AV.MCU - VCU_Torque_Commands VCU_Torque_Commands : 9.0 & current time is  2589.0  message time is 2589.0 case 9
02:29:27.005 [main] INFO  AV.MCU - VCU_Torque_Commands VCU_Torque_Commands : 9.0 & current time is  2609.0  message time is 2609.0 case 9
02:29:28.014 [main] INFO  AV.MCU - VCU_Torque_Commands VCU_Torque_Commands : 9.0 & current time is  2629.0  message time is 2629.0 case 9
02:29:29.067 [main] INFO  AV.MCU - VCU_Torque_Commands VCU_Torque_Commands : 9.0 & current time is  2649.0  message time is 2649.0 case 9
02:29:30.046 [main] INFO  AV.MCU - VCU_Torque_Commands VCU_Torque_Commands : 9.0 & current time is  2669.0  message time is 2669.0 case 9
02:29:31.070 [main] INFO  AV.MCU - VCU_Torque_Commands VCU_Torque_Commands : 9.0 & current time is  2689.0  message time is 2689.0 case 9
02:29:32.066 [main] INFO  AV.MCU - VCU_Torque_Commands VCU_Torque_Commands : 9.0 & current time is  2709.0  message time is 2709.0 case 9
02:29:33.101 [main] INFO  AV.MCU - VCU_Torque_Commands VCU_Torque_Commands : 9.0 & current time is  2729.0  message time is 2729.0 case 9
02:29:34.070 [main] INFO  AV.MCU - VCU_Torque_Commands VCU_Torque_Commands : 9.0 & current time is  2749.0  message time is 2749.0 case 9
02:29:35.006 [main] INFO  AV.MCU - VCU_Torque_Commands VCU_Torque_Commands : 9.0 & current time is  2769.0  message time is 2769.0 case 9
02:29:35.982 [main] INFO  AV.MCU - VCU_Torque_Commands VCU_Torque_Commands : 9.0 & current time is  2789.0  message time is 2789.0 case 9
02:29:36.968 [main] INFO  AV.MCU - VCU_Torque_Commands VCU_Torque_Commands : 9.0 & current time is  2809.0  message time is 2809.0 case 9
02:29:37.926 [main] INFO  AV.MCU - VCU_Torque_Commands VCU_Torque_Commands : 9.0 & current time is  2829.0  message time is 2829.0 case 9
02:29:38.904 [main] INFO  AV.MCU - VCU_Torque_Commands VCU_Torque_Commands : 9.0 & current time is  2849.0  message time is 2849.0 case 9
