
-------------------------------------------------------------------
GMS: address=vagrant-24574, cluster=AV, physical address=10.0.2.15:50732
-------------------------------------------------------------------
16:01:01.080 [main] INFO  AV.MCU - waiting on readyToPopulate...
16:01:10.540 [main] INFO  AV.MCU - ...synchronized on readyToPopulate
16:01:10.540 [main] INFO  AV.MCU - waiting on readyToRun...
16:01:10.792 [main] INFO  AV.MCU - ...synchronized on readyToRun
16:01:10.804 [main] INFO  AV.MCU - started logical time progression
16:01:12.158 [main] INFO  AV.MCU - VCU_Torque_Commands VCU_Torque_Commands : 0.0 & current time is  9.0  message time is 9.0 case 9
16:01:13.590 [main] INFO  AV.MCU - VCU_Torque_Commands VCU_Torque_Commands : 0.0 & current time is  29.0  message time is 29.0 case 9
16:01:14.953 [main] INFO  AV.MCU - VCU_Torque_Commands VCU_Torque_Commands : 0.0 & current time is  49.0  message time is 49.0 case 9
16:01:16.126 [main] INFO  AV.MCU - VCU_Torque_Commands VCU_Torque_Commands : 0.0 & current time is  69.0  message time is 69.0 case 9
16:01:17.197 [main] INFO  AV.MCU - VCU_Torque_Commands VCU_Torque_Commands : 0.0 & current time is  89.0  message time is 89.0 case 9
16:01:18.284 [main] INFO  AV.MCU - VCU_Torque_Commands VCU_Torque_Commands : 0.0 & current time is  109.0  message time is 109.0 case 9
16:01:19.330 [main] INFO  AV.MCU - VCU_Torque_Commands VCU_Torque_Commands : 0.0 & current time is  129.0  message time is 129.0 case 9
16:01:20.455 [main] INFO  AV.MCU - VCU_Torque_Commands VCU_Torque_Commands : 0.0 & current time is  149.0  message time is 149.0 case 9
16:01:21.492 [main] INFO  AV.MCU - VCU_Torque_Commands VCU_Torque_Commands : 0.0 & current time is  169.0  message time is 169.0 case 9
16:01:22.824 [main] INFO  AV.MCU - VCU_Torque_Commands VCU_Torque_Commands : 0.0 & current time is  189.0  message time is 189.0 case 9
16:01:24.224 [main] INFO  AV.MCU - VCU_Torque_Commands VCU_Torque_Commands : 0.0 & current time is  209.0  message time is 209.0 case 9
16:01:25.248 [main] INFO  AV.MCU - VCU_Torque_Commands VCU_Torque_Commands : 0.0 & current time is  229.0  message time is 229.0 case 9
16:01:26.299 [main] INFO  AV.MCU - VCU_Torque_Commands VCU_Torque_Commands : 0.0 & current time is  249.0  message time is 249.0 case 9
16:01:27.286 [main] INFO  AV.MCU - VCU_Torque_Commands VCU_Torque_Commands : 0.0 & current time is  269.0  message time is 269.0 case 9
16:01:28.302 [main] INFO  AV.MCU - VCU_Torque_Commands VCU_Torque_Commands : 0.0 & current time is  289.0  message time is 289.0 case 9
16:01:29.353 [main] INFO  AV.MCU - VCU_Torque_Commands VCU_Torque_Commands : 0.0 & current time is  309.0  message time is 309.0 case 9
16:01:30.379 [main] INFO  AV.MCU - VCU_Torque_Commands VCU_Torque_Commands : 0.0 & current time is  329.0  message time is 329.0 case 9
16:01:31.391 [main] INFO  AV.MCU - VCU_Torque_Commands VCU_Torque_Commands : 0.0 & current time is  349.0  message time is 349.0 case 9
16:01:32.413 [main] INFO  AV.MCU - VCU_Torque_Commands VCU_Torque_Commands : 0.0 & current time is  369.0  message time is 369.0 case 9
16:01:33.411 [main] INFO  AV.MCU - VCU_Torque_Commands VCU_Torque_Commands : 0.0 & current time is  389.0  message time is 389.0 case 9
16:01:34.435 [main] INFO  AV.MCU - VCU_Torque_Commands VCU_Torque_Commands : 0.0 & current time is  409.0  message time is 409.0 case 9
16:01:35.455 [main] INFO  AV.MCU - VCU_Torque_Commands VCU_Torque_Commands : 0.0 & current time is  429.0  message time is 429.0 case 9
16:01:36.404 [main] INFO  AV.MCU - VCU_Torque_Commands VCU_Torque_Commands : 0.0 & current time is  449.0  message time is 449.0 case 9
16:01:37.393 [main] INFO  AV.MCU - VCU_Torque_Commands VCU_Torque_Commands : 0.0 & current time is  469.0  message time is 469.0 case 9
16:01:38.357 [main] INFO  AV.MCU - VCU_Torque_Commands VCU_Torque_Commands : 0.0 & current time is  489.0  message time is 489.0 case 9
16:01:39.360 [main] INFO  AV.MCU - VCU_Torque_Commands VCU_Torque_Commands : 0.0 & current time is  509.0  message time is 509.0 case 9
16:01:40.358 [main] INFO  AV.MCU - VCU_Torque_Commands VCU_Torque_Commands : 0.0 & current time is  529.0  message time is 529.0 case 9
16:01:41.352 [main] INFO  AV.MCU - VCU_Torque_Commands VCU_Torque_Commands : 0.0 & current time is  549.0  message time is 549.0 case 9
16:01:42.390 [main] INFO  AV.MCU - VCU_Torque_Commands VCU_Torque_Commands : 0.0 & current time is  569.0  message time is 569.0 case 9
16:01:43.407 [main] INFO  AV.MCU - VCU_Torque_Commands VCU_Torque_Commands : 0.0 & current time is  589.0  message time is 589.0 case 9
16:01:44.419 [main] INFO  AV.MCU - VCU_Torque_Commands VCU_Torque_Commands : 0.0 & current time is  609.0  message time is 609.0 case 9
16:01:45.428 [main] INFO  AV.MCU - VCU_Torque_Commands VCU_Torque_Commands : 0.0 & current time is  629.0  message time is 629.0 case 9
16:01:46.415 [main] INFO  AV.MCU - VCU_Torque_Commands VCU_Torque_Commands : 0.0 & current time is  649.0  message time is 649.0 case 9
16:01:47.465 [main] INFO  AV.MCU - VCU_Torque_Commands VCU_Torque_Commands : 0.0 & current time is  669.0  message time is 669.0 case 9
16:01:48.491 [main] INFO  AV.MCU - VCU_Torque_Commands VCU_Torque_Commands : 0.0 & current time is  689.0  message time is 689.0 case 9
16:01:49.445 [main] INFO  AV.MCU - VCU_Torque_Commands VCU_Torque_Commands : 0.0 & current time is  709.0  message time is 709.0 case 9
16:01:50.478 [main] INFO  AV.MCU - VCU_Torque_Commands VCU_Torque_Commands : 0.0 & current time is  729.0  message time is 729.0 case 9
16:01:51.493 [main] INFO  AV.MCU - VCU_Torque_Commands VCU_Torque_Commands : 0.0 & current time is  749.0  message time is 749.0 case 9
16:01:52.619 [main] INFO  AV.MCU - VCU_Torque_Commands VCU_Torque_Commands : 0.0 & current time is  769.0  message time is 769.0 case 9
16:01:53.622 [main] INFO  AV.MCU - VCU_Torque_Commands VCU_Torque_Commands : 0.0 & current time is  789.0  message time is 789.0 case 9
16:01:54.616 [main] INFO  AV.MCU - VCU_Torque_Commands VCU_Torque_Commands : 0.0 & current time is  809.0  message time is 809.0 case 9
16:01:55.599 [main] INFO  AV.MCU - VCU_Torque_Commands VCU_Torque_Commands : 0.0 & current time is  829.0  message time is 829.0 case 9
16:01:56.580 [main] INFO  AV.MCU - VCU_Torque_Commands VCU_Torque_Commands : 0.0 & current time is  849.0  message time is 849.0 case 9
16:01:57.574 [main] INFO  AV.MCU - VCU_Torque_Commands VCU_Torque_Commands : 0.0 & current time is  869.0  message time is 869.0 case 9
16:01:58.562 [main] INFO  AV.MCU - VCU_Torque_Commands VCU_Torque_Commands : 0.0 & current time is  889.0  message time is 889.0 case 9
16:01:59.547 [main] INFO  AV.MCU - VCU_Torque_Commands VCU_Torque_Commands : 0.0 & current time is  909.0  message time is 909.0 case 9
16:02:00.522 [main] INFO  AV.MCU - VCU_Torque_Commands VCU_Torque_Commands : 0.0 & current time is  929.0  message time is 929.0 case 9
16:02:01.485 [main] INFO  AV.MCU - VCU_Torque_Commands VCU_Torque_Commands : 0.0 & current time is  949.0  message time is 949.0 case 9
16:02:02.456 [main] INFO  AV.MCU - VCU_Torque_Commands VCU_Torque_Commands : 0.0 & current time is  969.0  message time is 969.0 case 9
16:02:03.430 [main] INFO  AV.MCU - VCU_Torque_Commands VCU_Torque_Commands : 0.0 & current time is  989.0  message time is 989.0 case 9
16:02:04.431 [main] INFO  AV.MCU - VCU_Torque_Commands VCU_Torque_Commands : 0.0 & current time is  1009.0  message time is 1009.0 case 9
16:02:05.383 [main] INFO  AV.MCU - VCU_Torque_Commands VCU_Torque_Commands : 0.0 & current time is  1029.0  message time is 1029.0 case 9
16:02:06.362 [main] INFO  AV.MCU - VCU_Torque_Commands VCU_Torque_Commands : 0.0 & current time is  1049.0  message time is 1049.0 case 9
16:02:07.321 [main] INFO  AV.MCU - VCU_Torque_Commands VCU_Torque_Commands : 0.0 & current time is  1069.0  message time is 1069.0 case 9
16:02:08.103 [main] INFO  AV.MCU - VCU_Torque_Commands VCU_Torque_Commands : 0.0 & current time is  1089.0  message time is 1089.0 case 9
16:02:09.087 [main] INFO  AV.MCU - VCU_Torque_Commands VCU_Torque_Commands : 0.0 & current time is  1109.0  message time is 1109.0 case 9
16:02:10.079 [main] INFO  AV.MCU - VCU_Torque_Commands VCU_Torque_Commands : 0.0 & current time is  1129.0  message time is 1129.0 case 9
16:02:11.074 [main] INFO  AV.MCU - VCU_Torque_Commands VCU_Torque_Commands : 0.0 & current time is  1149.0  message time is 1149.0 case 9
16:02:12.057 [main] INFO  AV.MCU - VCU_Torque_Commands VCU_Torque_Commands : 0.0 & current time is  1169.0  message time is 1169.0 case 9
16:02:13.067 [main] INFO  AV.MCU - VCU_Torque_Commands VCU_Torque_Commands : 0.0 & current time is  1189.0  message time is 1189.0 case 9
16:02:14.080 [main] INFO  AV.MCU - VCU_Torque_Commands VCU_Torque_Commands : 0.0 & current time is  1209.0  message time is 1209.0 case 9
16:02:15.093 [main] INFO  AV.MCU - VCU_Torque_Commands VCU_Torque_Commands : 0.0 & current time is  1229.0  message time is 1229.0 case 9
16:02:16.060 [main] INFO  AV.MCU - VCU_Torque_Commands VCU_Torque_Commands : 0.0 & current time is  1249.0  message time is 1249.0 case 9
16:02:16.984 [main] INFO  AV.MCU - VCU_Torque_Commands VCU_Torque_Commands : 0.0 & current time is  1269.0  message time is 1269.0 case 9
16:02:17.996 [main] INFO  AV.MCU - VCU_Torque_Commands VCU_Torque_Commands : 0.0 & current time is  1289.0  message time is 1289.0 case 9
16:02:18.934 [main] INFO  AV.MCU - VCU_Torque_Commands VCU_Torque_Commands : 0.0 & current time is  1309.0  message time is 1309.0 case 9
16:02:19.898 [main] INFO  AV.MCU - VCU_Torque_Commands VCU_Torque_Commands : 0.0 & current time is  1329.0  message time is 1329.0 case 9
16:02:20.889 [main] INFO  AV.MCU - VCU_Torque_Commands VCU_Torque_Commands : 0.0 & current time is  1349.0  message time is 1349.0 case 9
16:02:21.882 [main] INFO  AV.MCU - VCU_Torque_Commands VCU_Torque_Commands : 0.0 & current time is  1369.0  message time is 1369.0 case 9
16:02:22.873 [main] INFO  AV.MCU - VCU_Torque_Commands VCU_Torque_Commands : 0.0 & current time is  1389.0  message time is 1389.0 case 9
16:02:23.854 [main] INFO  AV.MCU - VCU_Torque_Commands VCU_Torque_Commands : 0.0 & current time is  1409.0  message time is 1409.0 case 9
16:02:24.882 [main] INFO  AV.MCU - VCU_Torque_Commands VCU_Torque_Commands : 0.0 & current time is  1429.0  message time is 1429.0 case 9
16:02:25.723 [main] INFO  AV.MCU - VCU_Torque_Commands VCU_Torque_Commands : 0.0 & current time is  1449.0  message time is 1449.0 case 9
16:02:26.333 [main] INFO  AV.MCU - VCU_Torque_Commands VCU_Torque_Commands : 0.0 & current time is  1469.0  message time is 1469.0 case 9
16:02:26.942 [main] INFO  AV.MCU - VCU_Torque_Commands VCU_Torque_Commands : 0.0 & current time is  1489.0  message time is 1489.0 case 9
16:02:27.883 [main] INFO  AV.MCU - VCU_Torque_Commands VCU_Torque_Commands : 3.0 & current time is  1509.0  message time is 1509.0 case 9
16:02:28.875 [main] INFO  AV.MCU - VCU_Torque_Commands VCU_Torque_Commands : 3.0 & current time is  1529.0  message time is 1529.0 case 9
16:02:29.819 [main] INFO  AV.MCU - VCU_Torque_Commands VCU_Torque_Commands : 3.0 & current time is  1549.0  message time is 1549.0 case 9
16:02:30.807 [main] INFO  AV.MCU - VCU_Torque_Commands VCU_Torque_Commands : 3.0 & current time is  1569.0  message time is 1569.0 case 9
16:02:31.722 [main] INFO  AV.MCU - VCU_Torque_Commands VCU_Torque_Commands : 3.0 & current time is  1589.0  message time is 1589.0 case 9
16:02:32.710 [main] INFO  AV.MCU - VCU_Torque_Commands VCU_Torque_Commands : 3.0 & current time is  1609.0  message time is 1609.0 case 9
16:02:33.735 [main] INFO  AV.MCU - VCU_Torque_Commands VCU_Torque_Commands : 3.0 & current time is  1629.0  message time is 1629.0 case 9
16:02:34.740 [main] INFO  AV.MCU - VCU_Torque_Commands VCU_Torque_Commands : 3.0 & current time is  1649.0  message time is 1649.0 case 9
16:02:35.709 [main] INFO  AV.MCU - VCU_Torque_Commands VCU_Torque_Commands : 3.0 & current time is  1669.0  message time is 1669.0 case 9
16:02:36.703 [main] INFO  AV.MCU - VCU_Torque_Commands VCU_Torque_Commands : 3.0 & current time is  1689.0  message time is 1689.0 case 9
16:02:37.709 [main] INFO  AV.MCU - VCU_Torque_Commands VCU_Torque_Commands : 3.0 & current time is  1709.0  message time is 1709.0 case 9
16:02:38.596 [main] INFO  AV.MCU - VCU_Torque_Commands VCU_Torque_Commands : 3.0 & current time is  1729.0  message time is 1729.0 case 9
16:02:39.599 [main] INFO  AV.MCU - VCU_Torque_Commands VCU_Torque_Commands : 3.0 & current time is  1749.0  message time is 1749.0 case 9
16:02:40.601 [main] INFO  AV.MCU - VCU_Torque_Commands VCU_Torque_Commands : 3.0 & current time is  1769.0  message time is 1769.0 case 9
16:02:41.576 [main] INFO  AV.MCU - VCU_Torque_Commands VCU_Torque_Commands : 3.0 & current time is  1789.0  message time is 1789.0 case 9
16:02:42.519 [main] INFO  AV.MCU - VCU_Torque_Commands VCU_Torque_Commands : 3.0 & current time is  1809.0  message time is 1809.0 case 9
16:02:43.495 [main] INFO  AV.MCU - VCU_Torque_Commands VCU_Torque_Commands : 3.0 & current time is  1829.0  message time is 1829.0 case 9
16:02:44.431 [main] INFO  AV.MCU - VCU_Torque_Commands VCU_Torque_Commands : 3.0 & current time is  1849.0  message time is 1849.0 case 9
16:02:45.428 [main] INFO  AV.MCU - VCU_Torque_Commands VCU_Torque_Commands : 3.0 & current time is  1869.0  message time is 1869.0 case 9
16:02:46.399 [main] INFO  AV.MCU - VCU_Torque_Commands VCU_Torque_Commands : 3.0 & current time is  1889.0  message time is 1889.0 case 9
16:02:47.352 [main] INFO  AV.MCU - VCU_Torque_Commands VCU_Torque_Commands : 3.0 & current time is  1909.0  message time is 1909.0 case 9
16:02:48.355 [main] INFO  AV.MCU - VCU_Torque_Commands VCU_Torque_Commands : 3.0 & current time is  1929.0  message time is 1929.0 case 9
16:02:49.344 [main] INFO  AV.MCU - VCU_Torque_Commands VCU_Torque_Commands : 3.0 & current time is  1949.0  message time is 1949.0 case 9
16:02:50.229 [main] INFO  AV.MCU - VCU_Torque_Commands VCU_Torque_Commands : 3.0 & current time is  1969.0  message time is 1969.0 case 9
16:02:50.930 [main] INFO  AV.MCU - VCU_Torque_Commands VCU_Torque_Commands : 3.0 & current time is  1989.0  message time is 1989.0 case 9
16:02:51.892 [main] INFO  AV.MCU - VCU_Torque_Commands VCU_Torque_Commands : 6.0 & current time is  2009.0  message time is 2009.0 case 9
16:02:52.899 [main] INFO  AV.MCU - VCU_Torque_Commands VCU_Torque_Commands : 6.0 & current time is  2029.0  message time is 2029.0 case 9
16:02:53.870 [main] INFO  AV.MCU - VCU_Torque_Commands VCU_Torque_Commands : 6.0 & current time is  2049.0  message time is 2049.0 case 9
16:02:54.780 [main] INFO  AV.MCU - VCU_Torque_Commands VCU_Torque_Commands : 6.0 & current time is  2069.0  message time is 2069.0 case 9
16:02:55.772 [main] INFO  AV.MCU - VCU_Torque_Commands VCU_Torque_Commands : 6.0 & current time is  2089.0  message time is 2089.0 case 9
16:02:56.762 [main] INFO  AV.MCU - VCU_Torque_Commands VCU_Torque_Commands : 6.0 & current time is  2109.0  message time is 2109.0 case 9
16:02:57.752 [main] INFO  AV.MCU - VCU_Torque_Commands VCU_Torque_Commands : 6.0 & current time is  2129.0  message time is 2129.0 case 9
16:02:58.756 [main] INFO  AV.MCU - VCU_Torque_Commands VCU_Torque_Commands : 6.0 & current time is  2149.0  message time is 2149.0 case 9
16:02:59.664 [main] INFO  AV.MCU - VCU_Torque_Commands VCU_Torque_Commands : 6.0 & current time is  2169.0  message time is 2169.0 case 9
16:03:00.666 [main] INFO  AV.MCU - VCU_Torque_Commands VCU_Torque_Commands : 6.0 & current time is  2189.0  message time is 2189.0 case 9
16:03:01.606 [main] INFO  AV.MCU - VCU_Torque_Commands VCU_Torque_Commands : 6.0 & current time is  2209.0  message time is 2209.0 case 9
16:03:02.367 [main] INFO  AV.MCU - VCU_Torque_Commands VCU_Torque_Commands : 6.0 & current time is  2229.0  message time is 2229.0 case 9
16:03:03.339 [main] INFO  AV.MCU - VCU_Torque_Commands VCU_Torque_Commands : 6.0 & current time is  2249.0  message time is 2249.0 case 9
16:03:04.347 [main] INFO  AV.MCU - VCU_Torque_Commands VCU_Torque_Commands : 6.0 & current time is  2269.0  message time is 2269.0 case 9
16:03:05.383 [main] INFO  AV.MCU - VCU_Torque_Commands VCU_Torque_Commands : 6.0 & current time is  2289.0  message time is 2289.0 case 9
16:03:06.390 [main] INFO  AV.MCU - VCU_Torque_Commands VCU_Torque_Commands : 6.0 & current time is  2309.0  message time is 2309.0 case 9
16:03:07.322 [main] INFO  AV.MCU - VCU_Torque_Commands VCU_Torque_Commands : 6.0 & current time is  2329.0  message time is 2329.0 case 9
16:03:08.380 [main] INFO  AV.MCU - VCU_Torque_Commands VCU_Torque_Commands : 6.0 & current time is  2349.0  message time is 2349.0 case 9
16:03:09.108 [main] INFO  AV.MCU - VCU_Torque_Commands VCU_Torque_Commands : 6.0 & current time is  2369.0  message time is 2369.0 case 9
16:03:10.093 [main] INFO  AV.MCU - VCU_Torque_Commands VCU_Torque_Commands : 6.0 & current time is  2389.0  message time is 2389.0 case 9
16:03:11.107 [main] INFO  AV.MCU - VCU_Torque_Commands VCU_Torque_Commands : 6.0 & current time is  2409.0  message time is 2409.0 case 9
16:03:12.104 [main] INFO  AV.MCU - VCU_Torque_Commands VCU_Torque_Commands : 6.0 & current time is  2429.0  message time is 2429.0 case 9
16:03:13.120 [main] INFO  AV.MCU - VCU_Torque_Commands VCU_Torque_Commands : 6.0 & current time is  2449.0  message time is 2449.0 case 9
16:03:14.079 [main] INFO  AV.MCU - VCU_Torque_Commands VCU_Torque_Commands : 6.0 & current time is  2469.0  message time is 2469.0 case 9
16:03:15.077 [main] INFO  AV.MCU - VCU_Torque_Commands VCU_Torque_Commands : 6.0 & current time is  2489.0  message time is 2489.0 case 9
16:03:16.066 [main] INFO  AV.MCU - VCU_Torque_Commands VCU_Torque_Commands : 9.0 & current time is  2509.0  message time is 2509.0 case 9
16:03:17.018 [main] INFO  AV.MCU - VCU_Torque_Commands VCU_Torque_Commands : 9.0 & current time is  2529.0  message time is 2529.0 case 9
16:03:18.066 [main] INFO  AV.MCU - VCU_Torque_Commands VCU_Torque_Commands : 9.0 & current time is  2549.0  message time is 2549.0 case 9
16:03:19.033 [main] INFO  AV.MCU - VCU_Torque_Commands VCU_Torque_Commands : 9.0 & current time is  2569.0  message time is 2569.0 case 9
16:03:20.261 [main] INFO  AV.MCU - VCU_Torque_Commands VCU_Torque_Commands : 9.0 & current time is  2589.0  message time is 2589.0 case 9
16:03:21.227 [main] INFO  AV.MCU - VCU_Torque_Commands VCU_Torque_Commands : 9.0 & current time is  2609.0  message time is 2609.0 case 9
16:03:22.268 [main] INFO  AV.MCU - VCU_Torque_Commands VCU_Torque_Commands : 9.0 & current time is  2629.0  message time is 2629.0 case 9
16:03:23.275 [main] INFO  AV.MCU - VCU_Torque_Commands VCU_Torque_Commands : 9.0 & current time is  2649.0  message time is 2649.0 case 9
16:03:24.239 [main] INFO  AV.MCU - VCU_Torque_Commands VCU_Torque_Commands : 9.0 & current time is  2669.0  message time is 2669.0 case 9
16:03:25.223 [main] INFO  AV.MCU - VCU_Torque_Commands VCU_Torque_Commands : 9.0 & current time is  2689.0  message time is 2689.0 case 9
16:03:26.203 [main] INFO  AV.MCU - VCU_Torque_Commands VCU_Torque_Commands : 9.0 & current time is  2709.0  message time is 2709.0 case 9
16:03:27.219 [main] INFO  AV.MCU - VCU_Torque_Commands VCU_Torque_Commands : 9.0 & current time is  2729.0  message time is 2729.0 case 9
16:03:28.208 [main] INFO  AV.MCU - VCU_Torque_Commands VCU_Torque_Commands : 9.0 & current time is  2749.0  message time is 2749.0 case 9
16:03:29.178 [main] INFO  AV.MCU - VCU_Torque_Commands VCU_Torque_Commands : 9.0 & current time is  2769.0  message time is 2769.0 case 9
16:03:30.159 [main] INFO  AV.MCU - VCU_Torque_Commands VCU_Torque_Commands : 9.0 & current time is  2789.0  message time is 2789.0 case 9
16:03:31.164 [main] INFO  AV.MCU - VCU_Torque_Commands VCU_Torque_Commands : 9.0 & current time is  2809.0  message time is 2809.0 case 9
16:03:32.163 [main] INFO  AV.MCU - VCU_Torque_Commands VCU_Torque_Commands : 9.0 & current time is  2829.0  message time is 2829.0 case 9
16:03:33.185 [main] INFO  AV.MCU - VCU_Torque_Commands VCU_Torque_Commands : 9.0 & current time is  2849.0  message time is 2849.0 case 9
16:03:34.206 [main] INFO  AV.MCU - VCU_Torque_Commands VCU_Torque_Commands : 9.0 & current time is  2869.0  message time is 2869.0 case 9
16:03:35.178 [main] INFO  AV.MCU - VCU_Torque_Commands VCU_Torque_Commands : 9.0 & current time is  2889.0  message time is 2889.0 case 9
16:03:36.178 [main] INFO  AV.MCU - VCU_Torque_Commands VCU_Torque_Commands : 9.0 & current time is  2909.0  message time is 2909.0 case 9
16:03:36.934 [main] INFO  AV.MCU - VCU_Torque_Commands VCU_Torque_Commands : 9.0 & current time is  2929.0  message time is 2929.0 case 9
16:03:37.957 [main] INFO  AV.MCU - VCU_Torque_Commands VCU_Torque_Commands : 9.0 & current time is  2949.0  message time is 2949.0 case 9
16:03:38.892 [main] INFO  AV.MCU - VCU_Torque_Commands VCU_Torque_Commands : 9.0 & current time is  2969.0  message time is 2969.0 case 9
16:03:39.859 [main] INFO  AV.MCU - VCU_Torque_Commands VCU_Torque_Commands : 9.0 & current time is  2989.0  message time is 2989.0 case 9
16:03:40.869 [main] INFO  AV.MCU - VCU_Torque_Commands VCU_Torque_Commands : 13.0 & current time is  3009.0  message time is 3009.0 case 9
16:03:41.914 [main] INFO  AV.MCU - VCU_Torque_Commands VCU_Torque_Commands : 13.0 & current time is  3029.0  message time is 3029.0 case 9
16:03:42.863 [main] INFO  AV.MCU - VCU_Torque_Commands VCU_Torque_Commands : 13.0 & current time is  3049.0  message time is 3049.0 case 9
16:03:43.844 [main] INFO  AV.MCU - VCU_Torque_Commands VCU_Torque_Commands : 13.0 & current time is  3069.0  message time is 3069.0 case 9
16:03:44.713 [main] INFO  AV.MCU - VCU_Torque_Commands VCU_Torque_Commands : 13.0 & current time is  3089.0  message time is 3089.0 case 9
16:03:45.720 [main] INFO  AV.MCU - VCU_Torque_Commands VCU_Torque_Commands : 13.0 & current time is  3109.0  message time is 3109.0 case 9
16:03:46.578 [main] INFO  AV.MCU - VCU_Torque_Commands VCU_Torque_Commands : 13.0 & current time is  3129.0  message time is 3129.0 case 9
16:03:47.535 [main] INFO  AV.MCU - VCU_Torque_Commands VCU_Torque_Commands : 13.0 & current time is  3149.0  message time is 3149.0 case 9
16:03:48.530 [main] INFO  AV.MCU - VCU_Torque_Commands VCU_Torque_Commands : 13.0 & current time is  3169.0  message time is 3169.0 case 9
16:03:49.509 [main] INFO  AV.MCU - VCU_Torque_Commands VCU_Torque_Commands : 13.0 & current time is  3189.0  message time is 3189.0 case 9
16:03:50.445 [main] INFO  AV.MCU - VCU_Torque_Commands VCU_Torque_Commands : 13.0 & current time is  3209.0  message time is 3209.0 case 9
16:03:51.385 [main] INFO  AV.MCU - VCU_Torque_Commands VCU_Torque_Commands : 13.0 & current time is  3229.0  message time is 3229.0 case 9
16:03:52.318 [main] INFO  AV.MCU - VCU_Torque_Commands VCU_Torque_Commands : 13.0 & current time is  3249.0  message time is 3249.0 case 9
16:03:53.362 [main] INFO  AV.MCU - VCU_Torque_Commands VCU_Torque_Commands : 13.0 & current time is  3269.0  message time is 3269.0 case 9
16:03:54.428 [main] INFO  AV.MCU - VCU_Torque_Commands VCU_Torque_Commands : 13.0 & current time is  3289.0  message time is 3289.0 case 9
16:03:55.442 [main] INFO  AV.MCU - VCU_Torque_Commands VCU_Torque_Commands : 13.0 & current time is  3309.0  message time is 3309.0 case 9
16:03:56.431 [main] INFO  AV.MCU - VCU_Torque_Commands VCU_Torque_Commands : 13.0 & current time is  3329.0  message time is 3329.0 case 9
16:03:57.417 [main] INFO  AV.MCU - VCU_Torque_Commands VCU_Torque_Commands : 13.0 & current time is  3349.0  message time is 3349.0 case 9
16:03:58.410 [main] INFO  AV.MCU - VCU_Torque_Commands VCU_Torque_Commands : 13.0 & current time is  3369.0  message time is 3369.0 case 9
16:03:59.421 [main] INFO  AV.MCU - VCU_Torque_Commands VCU_Torque_Commands : 13.0 & current time is  3389.0  message time is 3389.0 case 9
16:04:00.490 [main] INFO  AV.MCU - VCU_Torque_Commands VCU_Torque_Commands : 13.0 & current time is  3409.0  message time is 3409.0 case 9
16:04:01.405 [main] INFO  AV.MCU - VCU_Torque_Commands VCU_Torque_Commands : 13.0 & current time is  3429.0  message time is 3429.0 case 9
16:04:02.368 [main] INFO  AV.MCU - VCU_Torque_Commands VCU_Torque_Commands : 13.0 & current time is  3449.0  message time is 3449.0 case 9
16:04:03.353 [main] INFO  AV.MCU - VCU_Torque_Commands VCU_Torque_Commands : 13.0 & current time is  3469.0  message time is 3469.0 case 9
16:04:04.809 [main] INFO  AV.MCU - VCU_Torque_Commands VCU_Torque_Commands : 13.0 & current time is  3489.0  message time is 3489.0 case 9
16:04:05.759 [main] INFO  AV.MCU - VCU_Torque_Commands VCU_Torque_Commands : 13.0 & current time is  3509.0  message time is 3509.0 case 9
16:04:06.741 [main] INFO  AV.MCU - VCU_Torque_Commands VCU_Torque_Commands : 13.0 & current time is  3529.0  message time is 3529.0 case 9
16:04:07.729 [main] INFO  AV.MCU - VCU_Torque_Commands VCU_Torque_Commands : 13.0 & current time is  3549.0  message time is 3549.0 case 9
16:04:08.720 [main] INFO  AV.MCU - VCU_Torque_Commands VCU_Torque_Commands : 13.0 & current time is  3569.0  message time is 3569.0 case 9
16:04:09.759 [main] INFO  AV.MCU - VCU_Torque_Commands VCU_Torque_Commands : 13.0 & current time is  3589.0  message time is 3589.0 case 9
16:04:10.554 [main] INFO  AV.MCU - VCU_Torque_Commands VCU_Torque_Commands : 13.0 & current time is  3609.0  message time is 3609.0 case 9
16:04:11.536 [main] INFO  AV.MCU - VCU_Torque_Commands VCU_Torque_Commands : 13.0 & current time is  3629.0  message time is 3629.0 case 9
16:04:12.553 [main] INFO  AV.MCU - VCU_Torque_Commands VCU_Torque_Commands : 13.0 & current time is  3649.0  message time is 3649.0 case 9
16:04:13.537 [main] INFO  AV.MCU - VCU_Torque_Commands VCU_Torque_Commands : 13.0 & current time is  3669.0  message time is 3669.0 case 9
16:04:14.522 [main] INFO  AV.MCU - VCU_Torque_Commands VCU_Torque_Commands : 13.0 & current time is  3689.0  message time is 3689.0 case 9
16:04:15.495 [main] INFO  AV.MCU - VCU_Torque_Commands VCU_Torque_Commands : 13.0 & current time is  3709.0  message time is 3709.0 case 9
16:04:16.474 [main] INFO  AV.MCU - VCU_Torque_Commands VCU_Torque_Commands : 13.0 & current time is  3729.0  message time is 3729.0 case 9
16:04:17.398 [main] INFO  AV.MCU - VCU_Torque_Commands VCU_Torque_Commands : 13.0 & current time is  3749.0  message time is 3749.0 case 9
16:04:18.437 [main] INFO  AV.MCU - VCU_Torque_Commands VCU_Torque_Commands : 13.0 & current time is  3769.0  message time is 3769.0 case 9
16:04:19.451 [main] INFO  AV.MCU - VCU_Torque_Commands VCU_Torque_Commands : 13.0 & current time is  3789.0  message time is 3789.0 case 9
16:04:20.377 [main] INFO  AV.MCU - VCU_Torque_Commands VCU_Torque_Commands : 13.0 & current time is  3809.0  message time is 3809.0 case 9
16:04:21.349 [main] INFO  AV.MCU - VCU_Torque_Commands VCU_Torque_Commands : 13.0 & current time is  3829.0  message time is 3829.0 case 9
16:04:22.358 [main] INFO  AV.MCU - VCU_Torque_Commands VCU_Torque_Commands : 13.0 & current time is  3849.0  message time is 3849.0 case 9
16:04:23.324 [main] INFO  AV.MCU - VCU_Torque_Commands VCU_Torque_Commands : 13.0 & current time is  3869.0  message time is 3869.0 case 9
16:04:24.336 [main] INFO  AV.MCU - VCU_Torque_Commands VCU_Torque_Commands : 13.0 & current time is  3889.0  message time is 3889.0 case 9
16:04:25.291 [main] INFO  AV.MCU - VCU_Torque_Commands VCU_Torque_Commands : 13.0 & current time is  3909.0  message time is 3909.0 case 9
16:04:26.076 [main] INFO  AV.MCU - VCU_Torque_Commands VCU_Torque_Commands : 13.0 & current time is  3929.0  message time is 3929.0 case 9
16:04:27.137 [main] INFO  AV.MCU - VCU_Torque_Commands VCU_Torque_Commands : 13.0 & current time is  3949.0  message time is 3949.0 case 9
16:04:28.109 [main] INFO  AV.MCU - VCU_Torque_Commands VCU_Torque_Commands : 13.0 & current time is  3969.0  message time is 3969.0 case 9
16:04:29.135 [main] INFO  AV.MCU - VCU_Torque_Commands VCU_Torque_Commands : 13.0 & current time is  3989.0  message time is 3989.0 case 9
16:04:30.148 [main] INFO  AV.MCU - VCU_Torque_Commands VCU_Torque_Commands : 17.0 & current time is  4009.0  message time is 4009.0 case 9
16:04:31.065 [main] INFO  AV.MCU - VCU_Torque_Commands VCU_Torque_Commands : 17.0 & current time is  4029.0  message time is 4029.0 case 9
16:04:31.667 [main] INFO  AV.MCU - VCU_Torque_Commands VCU_Torque_Commands : 17.0 & current time is  4049.0  message time is 4049.0 case 9
16:04:32.663 [main] INFO  AV.MCU - VCU_Torque_Commands VCU_Torque_Commands : 17.0 & current time is  4069.0  message time is 4069.0 case 9
16:04:33.627 [main] INFO  AV.MCU - VCU_Torque_Commands VCU_Torque_Commands : 17.0 & current time is  4089.0  message time is 4089.0 case 9
16:04:34.615 [main] INFO  AV.MCU - VCU_Torque_Commands VCU_Torque_Commands : 17.0 & current time is  4109.0  message time is 4109.0 case 9
16:04:35.609 [main] INFO  AV.MCU - VCU_Torque_Commands VCU_Torque_Commands : 17.0 & current time is  4129.0  message time is 4129.0 case 9
16:04:36.572 [main] INFO  AV.MCU - VCU_Torque_Commands VCU_Torque_Commands : 17.0 & current time is  4149.0  message time is 4149.0 case 9
16:04:37.561 [main] INFO  AV.MCU - VCU_Torque_Commands VCU_Torque_Commands : 17.0 & current time is  4169.0  message time is 4169.0 case 9
16:04:38.520 [main] INFO  AV.MCU - VCU_Torque_Commands VCU_Torque_Commands : 17.0 & current time is  4189.0  message time is 4189.0 case 9
16:04:39.466 [main] INFO  AV.MCU - VCU_Torque_Commands VCU_Torque_Commands : 17.0 & current time is  4209.0  message time is 4209.0 case 9
16:04:40.437 [main] INFO  AV.MCU - VCU_Torque_Commands VCU_Torque_Commands : 17.0 & current time is  4229.0  message time is 4229.0 case 9
16:04:41.442 [main] INFO  AV.MCU - VCU_Torque_Commands VCU_Torque_Commands : 17.0 & current time is  4249.0  message time is 4249.0 case 9
16:04:42.481 [main] INFO  AV.MCU - VCU_Torque_Commands VCU_Torque_Commands : 17.0 & current time is  4269.0  message time is 4269.0 case 9
16:04:43.496 [main] INFO  AV.MCU - VCU_Torque_Commands VCU_Torque_Commands : 17.0 & current time is  4289.0  message time is 4289.0 case 9
16:04:44.475 [main] INFO  AV.MCU - VCU_Torque_Commands VCU_Torque_Commands : 17.0 & current time is  4309.0  message time is 4309.0 case 9
16:04:45.408 [main] INFO  AV.MCU - VCU_Torque_Commands VCU_Torque_Commands : 17.0 & current time is  4329.0  message time is 4329.0 case 9
16:04:46.425 [main] INFO  AV.MCU - VCU_Torque_Commands VCU_Torque_Commands : 17.0 & current time is  4349.0  message time is 4349.0 case 9
16:04:47.393 [main] INFO  AV.MCU - VCU_Torque_Commands VCU_Torque_Commands : 17.0 & current time is  4369.0  message time is 4369.0 case 9
16:04:48.385 [main] INFO  AV.MCU - VCU_Torque_Commands VCU_Torque_Commands : 17.0 & current time is  4389.0  message time is 4389.0 case 9
16:04:49.394 [main] INFO  AV.MCU - VCU_Torque_Commands VCU_Torque_Commands : 17.0 & current time is  4409.0  message time is 4409.0 case 9
16:04:50.508 [main] INFO  AV.MCU - VCU_Torque_Commands VCU_Torque_Commands : 17.0 & current time is  4429.0  message time is 4429.0 case 9
16:04:51.479 [main] INFO  AV.MCU - VCU_Torque_Commands VCU_Torque_Commands : 17.0 & current time is  4449.0  message time is 4449.0 case 9
16:04:52.444 [main] INFO  AV.MCU - VCU_Torque_Commands VCU_Torque_Commands : 17.0 & current time is  4469.0  message time is 4469.0 case 9
16:04:53.455 [main] INFO  AV.MCU - VCU_Torque_Commands VCU_Torque_Commands : 17.0 & current time is  4489.0  message time is 4489.0 case 9
16:04:54.399 [main] INFO  AV.MCU - VCU_Torque_Commands VCU_Torque_Commands : 17.0 & current time is  4509.0  message time is 4509.0 case 9
16:04:55.324 [main] INFO  AV.MCU - VCU_Torque_Commands VCU_Torque_Commands : 17.0 & current time is  4529.0  message time is 4529.0 case 9
16:04:56.332 [main] INFO  AV.MCU - VCU_Torque_Commands VCU_Torque_Commands : 17.0 & current time is  4549.0  message time is 4549.0 case 9
16:04:57.206 [main] INFO  AV.MCU - VCU_Torque_Commands VCU_Torque_Commands : 17.0 & current time is  4569.0  message time is 4569.0 case 9
16:04:58.206 [main] INFO  AV.MCU - VCU_Torque_Commands VCU_Torque_Commands : 17.0 & current time is  4589.0  message time is 4589.0 case 9
16:04:59.192 [main] INFO  AV.MCU - VCU_Torque_Commands VCU_Torque_Commands : 17.0 & current time is  4609.0  message time is 4609.0 case 9
16:05:00.086 [main] INFO  AV.MCU - VCU_Torque_Commands VCU_Torque_Commands : 17.0 & current time is  4629.0  message time is 4629.0 case 9
16:05:01.052 [main] INFO  AV.MCU - VCU_Torque_Commands VCU_Torque_Commands : 17.0 & current time is  4649.0  message time is 4649.0 case 9
16:05:01.995 [main] INFO  AV.MCU - VCU_Torque_Commands VCU_Torque_Commands : 17.0 & current time is  4669.0  message time is 4669.0 case 9
16:05:03.012 [main] INFO  AV.MCU - VCU_Torque_Commands VCU_Torque_Commands : 17.0 & current time is  4689.0  message time is 4689.0 case 9
16:05:04.008 [main] INFO  AV.MCU - VCU_Torque_Commands VCU_Torque_Commands : 17.0 & current time is  4709.0  message time is 4709.0 case 9
16:05:05.021 [main] INFO  AV.MCU - VCU_Torque_Commands VCU_Torque_Commands : 17.0 & current time is  4729.0  message time is 4729.0 case 9
16:05:05.994 [main] INFO  AV.MCU - VCU_Torque_Commands VCU_Torque_Commands : 17.0 & current time is  4749.0  message time is 4749.0 case 9
16:05:06.993 [main] INFO  AV.MCU - VCU_Torque_Commands VCU_Torque_Commands : 17.0 & current time is  4769.0  message time is 4769.0 case 9
16:05:07.972 [main] INFO  AV.MCU - VCU_Torque_Commands VCU_Torque_Commands : 17.0 & current time is  4789.0  message time is 4789.0 case 9
16:05:08.954 [main] INFO  AV.MCU - VCU_Torque_Commands VCU_Torque_Commands : 17.0 & current time is  4809.0  message time is 4809.0 case 9
16:05:10.131 [main] INFO  AV.MCU - VCU_Torque_Commands VCU_Torque_Commands : 17.0 & current time is  4829.0  message time is 4829.0 case 9
16:05:11.098 [main] INFO  AV.MCU - VCU_Torque_Commands VCU_Torque_Commands : 17.0 & current time is  4849.0  message time is 4849.0 case 9
16:05:12.079 [main] INFO  AV.MCU - VCU_Torque_Commands VCU_Torque_Commands : 17.0 & current time is  4869.0  message time is 4869.0 case 9
16:05:13.083 [main] INFO  AV.MCU - VCU_Torque_Commands VCU_Torque_Commands : 17.0 & current time is  4889.0  message time is 4889.0 case 9
16:05:14.115 [main] INFO  AV.MCU - VCU_Torque_Commands VCU_Torque_Commands : 17.0 & current time is  4909.0  message time is 4909.0 case 9
16:05:15.073 [main] INFO  AV.MCU - VCU_Torque_Commands VCU_Torque_Commands : 17.0 & current time is  4929.0  message time is 4929.0 case 9
16:05:16.024 [main] INFO  AV.MCU - VCU_Torque_Commands VCU_Torque_Commands : 17.0 & current time is  4949.0  message time is 4949.0 case 9
16:05:16.971 [main] INFO  AV.MCU - VCU_Torque_Commands VCU_Torque_Commands : 17.0 & current time is  4969.0  message time is 4969.0 case 9
16:05:17.968 [main] INFO  AV.MCU - VCU_Torque_Commands VCU_Torque_Commands : 17.0 & current time is  4989.0  message time is 4989.0 case 9
16:05:18.975 [main] INFO  AV.MCU - VCU_Torque_Commands VCU_Torque_Commands : 17.0 & current time is  5009.0  message time is 5009.0 case 9
16:05:19.959 [main] INFO  AV.MCU - VCU_Torque_Commands VCU_Torque_Commands : 17.0 & current time is  5029.0  message time is 5029.0 case 9
16:05:20.951 [main] INFO  AV.MCU - VCU_Torque_Commands VCU_Torque_Commands : 17.0 & current time is  5049.0  message time is 5049.0 case 9
16:05:21.891 [main] INFO  AV.MCU - VCU_Torque_Commands VCU_Torque_Commands : 17.0 & current time is  5069.0  message time is 5069.0 case 9
16:05:22.887 [main] INFO  AV.MCU - VCU_Torque_Commands VCU_Torque_Commands : 17.0 & current time is  5089.0  message time is 5089.0 case 9
16:05:23.893 [main] INFO  AV.MCU - VCU_Torque_Commands VCU_Torque_Commands : 17.0 & current time is  5109.0  message time is 5109.0 case 9
16:05:24.798 [main] INFO  AV.MCU - VCU_Torque_Commands VCU_Torque_Commands : 17.0 & current time is  5129.0  message time is 5129.0 case 9
16:05:25.790 [main] INFO  AV.MCU - VCU_Torque_Commands VCU_Torque_Commands : 17.0 & current time is  5149.0  message time is 5149.0 case 9
16:05:26.715 [main] INFO  AV.MCU - VCU_Torque_Commands VCU_Torque_Commands : 17.0 & current time is  5169.0  message time is 5169.0 case 9
16:05:27.625 [main] INFO  AV.MCU - VCU_Torque_Commands VCU_Torque_Commands : 17.0 & current time is  5189.0  message time is 5189.0 case 9
16:05:28.630 [main] INFO  AV.MCU - VCU_Torque_Commands VCU_Torque_Commands : 17.0 & current time is  5209.0  message time is 5209.0 case 9
16:05:29.591 [main] INFO  AV.MCU - VCU_Torque_Commands VCU_Torque_Commands : 17.0 & current time is  5229.0  message time is 5229.0 case 9
16:05:30.564 [main] INFO  AV.MCU - VCU_Torque_Commands VCU_Torque_Commands : 17.0 & current time is  5249.0  message time is 5249.0 case 9
16:05:31.728 [main] INFO  AV.MCU - VCU_Torque_Commands VCU_Torque_Commands : 17.0 & current time is  5269.0  message time is 5269.0 case 9
16:05:32.681 [main] INFO  AV.MCU - VCU_Torque_Commands VCU_Torque_Commands : 17.0 & current time is  5289.0  message time is 5289.0 case 9
16:05:33.647 [main] INFO  AV.MCU - VCU_Torque_Commands VCU_Torque_Commands : 17.0 & current time is  5309.0  message time is 5309.0 case 9
16:05:34.628 [main] INFO  AV.MCU - VCU_Torque_Commands VCU_Torque_Commands : 17.0 & current time is  5329.0  message time is 5329.0 case 9
16:05:35.603 [main] INFO  AV.MCU - VCU_Torque_Commands VCU_Torque_Commands : 17.0 & current time is  5349.0  message time is 5349.0 case 9
16:05:36.569 [main] INFO  AV.MCU - VCU_Torque_Commands VCU_Torque_Commands : 17.0 & current time is  5369.0  message time is 5369.0 case 9
16:05:37.542 [main] INFO  AV.MCU - VCU_Torque_Commands VCU_Torque_Commands : 17.0 & current time is  5389.0  message time is 5389.0 case 9
16:05:38.500 [main] INFO  AV.MCU - VCU_Torque_Commands VCU_Torque_Commands : 17.0 & current time is  5409.0  message time is 5409.0 case 9
16:05:39.469 [main] INFO  AV.MCU - VCU_Torque_Commands VCU_Torque_Commands : 17.0 & current time is  5429.0  message time is 5429.0 case 9
16:05:40.450 [main] INFO  AV.MCU - VCU_Torque_Commands VCU_Torque_Commands : 17.0 & current time is  5449.0  message time is 5449.0 case 9
16:05:41.470 [main] INFO  AV.MCU - VCU_Torque_Commands VCU_Torque_Commands : 17.0 & current time is  5469.0  message time is 5469.0 case 9
16:05:42.452 [main] INFO  AV.MCU - VCU_Torque_Commands VCU_Torque_Commands : 17.0 & current time is  5489.0  message time is 5489.0 case 9
16:05:43.468 [main] INFO  AV.MCU - VCU_Torque_Commands VCU_Torque_Commands : 17.0 & current time is  5509.0  message time is 5509.0 case 9
16:05:44.442 [main] INFO  AV.MCU - VCU_Torque_Commands VCU_Torque_Commands : 17.0 & current time is  5529.0  message time is 5529.0 case 9
16:05:45.440 [main] INFO  AV.MCU - VCU_Torque_Commands VCU_Torque_Commands : 17.0 & current time is  5549.0  message time is 5549.0 case 9
16:05:46.423 [main] INFO  AV.MCU - VCU_Torque_Commands VCU_Torque_Commands : 17.0 & current time is  5569.0  message time is 5569.0 case 9
16:05:47.419 [main] INFO  AV.MCU - VCU_Torque_Commands VCU_Torque_Commands : 17.0 & current time is  5589.0  message time is 5589.0 case 9
16:05:48.389 [main] INFO  AV.MCU - VCU_Torque_Commands VCU_Torque_Commands : 17.0 & current time is  5609.0  message time is 5609.0 case 9
16:05:49.353 [main] INFO  AV.MCU - VCU_Torque_Commands VCU_Torque_Commands : 17.0 & current time is  5629.0  message time is 5629.0 case 9
16:05:50.303 [main] INFO  AV.MCU - VCU_Torque_Commands VCU_Torque_Commands : 17.0 & current time is  5649.0  message time is 5649.0 case 9
16:05:51.309 [main] INFO  AV.MCU - VCU_Torque_Commands VCU_Torque_Commands : 17.0 & current time is  5669.0  message time is 5669.0 case 9
16:05:52.270 [main] INFO  AV.MCU - VCU_Torque_Commands VCU_Torque_Commands : 17.0 & current time is  5689.0  message time is 5689.0 case 9
16:05:53.232 [main] INFO  AV.MCU - VCU_Torque_Commands VCU_Torque_Commands : 17.0 & current time is  5709.0  message time is 5709.0 case 9
16:05:54.021 [main] INFO  AV.MCU - VCU_Torque_Commands VCU_Torque_Commands : 17.0 & current time is  5729.0  message time is 5729.0 case 9
16:05:54.993 [main] INFO  AV.MCU - VCU_Torque_Commands VCU_Torque_Commands : 17.0 & current time is  5749.0  message time is 5749.0 case 9
16:05:55.976 [main] INFO  AV.MCU - VCU_Torque_Commands VCU_Torque_Commands : 17.0 & current time is  5769.0  message time is 5769.0 case 9
16:05:56.930 [main] INFO  AV.MCU - VCU_Torque_Commands VCU_Torque_Commands : 17.0 & current time is  5789.0  message time is 5789.0 case 9
16:05:57.907 [main] INFO  AV.MCU - VCU_Torque_Commands VCU_Torque_Commands : 17.0 & current time is  5809.0  message time is 5809.0 case 9
16:05:58.896 [main] INFO  AV.MCU - VCU_Torque_Commands VCU_Torque_Commands : 17.0 & current time is  5829.0  message time is 5829.0 case 9
16:05:59.874 [main] INFO  AV.MCU - VCU_Torque_Commands VCU_Torque_Commands : 17.0 & current time is  5849.0  message time is 5849.0 case 9
16:06:00.849 [main] INFO  AV.MCU - VCU_Torque_Commands VCU_Torque_Commands : 17.0 & current time is  5869.0  message time is 5869.0 case 9
16:06:01.784 [main] INFO  AV.MCU - VCU_Torque_Commands VCU_Torque_Commands : 17.0 & current time is  5889.0  message time is 5889.0 case 9
16:06:02.758 [main] INFO  AV.MCU - VCU_Torque_Commands VCU_Torque_Commands : 17.0 & current time is  5909.0  message time is 5909.0 case 9
16:06:03.730 [main] INFO  AV.MCU - VCU_Torque_Commands VCU_Torque_Commands : 17.0 & current time is  5929.0  message time is 5929.0 case 9
16:06:04.679 [main] INFO  AV.MCU - VCU_Torque_Commands VCU_Torque_Commands : 17.0 & current time is  5949.0  message time is 5949.0 case 9
16:06:05.662 [main] INFO  AV.MCU - VCU_Torque_Commands VCU_Torque_Commands : 17.0 & current time is  5969.0  message time is 5969.0 case 9
16:06:06.667 [main] INFO  AV.MCU - VCU_Torque_Commands VCU_Torque_Commands : 17.0 & current time is  5989.0  message time is 5989.0 case 9
16:06:07.661 [main] INFO  AV.MCU - VCU_Torque_Commands VCU_Torque_Commands : 17.0 & current time is  6009.0  message time is 6009.0 case 9
16:06:08.661 [main] INFO  AV.MCU - VCU_Torque_Commands VCU_Torque_Commands : 17.0 & current time is  6029.0  message time is 6029.0 case 9
16:06:09.642 [main] INFO  AV.MCU - VCU_Torque_Commands VCU_Torque_Commands : 17.0 & current time is  6049.0  message time is 6049.0 case 9
16:06:10.601 [main] INFO  AV.MCU - VCU_Torque_Commands VCU_Torque_Commands : 17.0 & current time is  6069.0  message time is 6069.0 case 9
16:06:11.592 [main] INFO  AV.MCU - VCU_Torque_Commands VCU_Torque_Commands : 17.0 & current time is  6089.0  message time is 6089.0 case 9
16:06:12.592 [main] INFO  AV.MCU - VCU_Torque_Commands VCU_Torque_Commands : 17.0 & current time is  6109.0  message time is 6109.0 case 9
