
-------------------------------------------------------------------
GMS: address=vagrant-16400, cluster=AV, physical address=10.0.2.15:33907
-------------------------------------------------------------------
01:16:31.142 [main] INFO  AV.MCU - waiting on readyToPopulate...
01:16:41.899 [main] INFO  AV.MCU - ...synchronized on readyToPopulate
01:16:41.899 [main] INFO  AV.MCU - waiting on readyToRun...
01:16:42.153 [main] INFO  AV.MCU - ...synchronized on readyToRun
01:16:42.163 [main] INFO  AV.MCU - started logical time progression
01:16:43.725 [main] INFO  AV.MCU - VCU_Torque_Commands VCU_Torque_Commands : 0.0 & current time is  9.0  message time is 9.0 case 9
01:16:44.629 [main] INFO  AV.MCU - VCU_Torque_Commands VCU_Torque_Commands : 0.0 & current time is  19.0  message time is 19.0 case 9
01:16:45.211 [main] INFO  AV.MCU - VCU_Torque_Commands VCU_Torque_Commands : 0.0 & current time is  29.0  message time is 29.0 case 9
01:16:45.838 [main] INFO  AV.MCU - VCU_Torque_Commands VCU_Torque_Commands : 0.0 & current time is  39.0  message time is 39.0 case 9
01:16:46.392 [main] INFO  AV.MCU - VCU_Torque_Commands VCU_Torque_Commands : 0.0 & current time is  49.0  message time is 49.0 case 9
01:16:47.010 [main] INFO  AV.MCU - VCU_Torque_Commands VCU_Torque_Commands : 0.0 & current time is  59.0  message time is 59.0 case 9
01:16:47.624 [main] INFO  AV.MCU - VCU_Torque_Commands VCU_Torque_Commands : 0.0 & current time is  69.0  message time is 69.0 case 9
01:16:48.387 [main] INFO  AV.MCU - VCU_Torque_Commands VCU_Torque_Commands : 0.0 & current time is  79.0  message time is 79.0 case 9
01:16:48.958 [main] INFO  AV.MCU - VCU_Torque_Commands VCU_Torque_Commands : 0.0 & current time is  89.0  message time is 89.0 case 9
01:16:49.547 [main] INFO  AV.MCU - VCU_Torque_Commands VCU_Torque_Commands : 0.0 & current time is  99.0  message time is 99.0 case 9
01:16:50.204 [main] INFO  AV.MCU - VCU_Torque_Commands VCU_Torque_Commands : 0.0 & current time is  109.0  message time is 109.0 case 9
01:16:50.763 [main] INFO  AV.MCU - VCU_Torque_Commands VCU_Torque_Commands : 0.0 & current time is  119.0  message time is 119.0 case 9
01:16:51.271 [main] INFO  AV.MCU - VCU_Torque_Commands VCU_Torque_Commands : 0.0 & current time is  129.0  message time is 129.0 case 9
01:16:51.829 [main] INFO  AV.MCU - VCU_Torque_Commands VCU_Torque_Commands : 0.0 & current time is  139.0  message time is 139.0 case 9
01:16:52.368 [main] INFO  AV.MCU - VCU_Torque_Commands VCU_Torque_Commands : 0.0 & current time is  149.0  message time is 149.0 case 9
01:16:52.994 [main] INFO  AV.MCU - VCU_Torque_Commands VCU_Torque_Commands : 0.0 & current time is  159.0  message time is 159.0 case 9
01:16:54.004 [main] INFO  AV.MCU - VCU_Torque_Commands VCU_Torque_Commands : 0.0 & current time is  169.0  message time is 169.0 case 9
01:16:54.621 [main] INFO  AV.MCU - VCU_Torque_Commands VCU_Torque_Commands : 0.0 & current time is  179.0  message time is 179.0 case 9
01:16:55.201 [main] INFO  AV.MCU - VCU_Torque_Commands VCU_Torque_Commands : 0.0 & current time is  189.0  message time is 189.0 case 9
01:16:55.736 [main] INFO  AV.MCU - VCU_Torque_Commands VCU_Torque_Commands : 0.0 & current time is  199.0  message time is 199.0 case 9
01:16:56.282 [main] INFO  AV.MCU - VCU_Torque_Commands VCU_Torque_Commands : 0.0 & current time is  209.0  message time is 209.0 case 9
01:16:56.846 [main] INFO  AV.MCU - VCU_Torque_Commands VCU_Torque_Commands : 0.0 & current time is  219.0  message time is 219.0 case 9
01:16:57.434 [main] INFO  AV.MCU - VCU_Torque_Commands VCU_Torque_Commands : 0.0 & current time is  229.0  message time is 229.0 case 9
01:16:58.079 [main] INFO  AV.MCU - VCU_Torque_Commands VCU_Torque_Commands : 0.0 & current time is  239.0  message time is 239.0 case 9
01:16:58.626 [main] INFO  AV.MCU - VCU_Torque_Commands VCU_Torque_Commands : 0.0 & current time is  249.0  message time is 249.0 case 9
01:16:59.157 [main] INFO  AV.MCU - VCU_Torque_Commands VCU_Torque_Commands : 0.0 & current time is  259.0  message time is 259.0 case 9
01:16:59.723 [main] INFO  AV.MCU - VCU_Torque_Commands VCU_Torque_Commands : 0.0 & current time is  269.0  message time is 269.0 case 9
01:17:00.221 [main] INFO  AV.MCU - VCU_Torque_Commands VCU_Torque_Commands : 0.0 & current time is  279.0  message time is 279.0 case 9
01:17:00.709 [main] INFO  AV.MCU - VCU_Torque_Commands VCU_Torque_Commands : 0.0 & current time is  289.0  message time is 289.0 case 9
01:17:01.246 [main] INFO  AV.MCU - VCU_Torque_Commands VCU_Torque_Commands : 0.0 & current time is  299.0  message time is 299.0 case 9
01:17:01.790 [main] INFO  AV.MCU - VCU_Torque_Commands VCU_Torque_Commands : 0.0 & current time is  309.0  message time is 309.0 case 9
01:17:02.316 [main] INFO  AV.MCU - VCU_Torque_Commands VCU_Torque_Commands : 0.0 & current time is  319.0  message time is 319.0 case 9
01:17:02.821 [main] INFO  AV.MCU - VCU_Torque_Commands VCU_Torque_Commands : 0.0 & current time is  329.0  message time is 329.0 case 9
01:17:03.331 [main] INFO  AV.MCU - VCU_Torque_Commands VCU_Torque_Commands : 0.0 & current time is  339.0  message time is 339.0 case 9
01:17:03.885 [main] INFO  AV.MCU - VCU_Torque_Commands VCU_Torque_Commands : 0.0 & current time is  349.0  message time is 349.0 case 9
01:17:04.390 [main] INFO  AV.MCU - VCU_Torque_Commands VCU_Torque_Commands : 0.0 & current time is  359.0  message time is 359.0 case 9
01:17:04.936 [main] INFO  AV.MCU - VCU_Torque_Commands VCU_Torque_Commands : 0.0 & current time is  369.0  message time is 369.0 case 9
01:17:05.444 [main] INFO  AV.MCU - VCU_Torque_Commands VCU_Torque_Commands : 0.0 & current time is  379.0  message time is 379.0 case 9
01:17:05.951 [main] INFO  AV.MCU - VCU_Torque_Commands VCU_Torque_Commands : 0.0 & current time is  389.0  message time is 389.0 case 9
01:17:06.459 [main] INFO  AV.MCU - VCU_Torque_Commands VCU_Torque_Commands : 0.0 & current time is  399.0  message time is 399.0 case 9
01:17:06.967 [main] INFO  AV.MCU - VCU_Torque_Commands VCU_Torque_Commands : 0.0 & current time is  409.0  message time is 409.0 case 9
01:17:07.519 [main] INFO  AV.MCU - VCU_Torque_Commands VCU_Torque_Commands : 0.0 & current time is  419.0  message time is 419.0 case 9
01:17:08.028 [main] INFO  AV.MCU - VCU_Torque_Commands VCU_Torque_Commands : 0.0 & current time is  429.0  message time is 429.0 case 9
01:17:08.674 [main] INFO  AV.MCU - VCU_Torque_Commands VCU_Torque_Commands : 0.0 & current time is  439.0  message time is 439.0 case 9
01:17:09.190 [main] INFO  AV.MCU - VCU_Torque_Commands VCU_Torque_Commands : 0.0 & current time is  449.0  message time is 449.0 case 9
01:17:09.736 [main] INFO  AV.MCU - VCU_Torque_Commands VCU_Torque_Commands : 0.0 & current time is  459.0  message time is 459.0 case 9
01:17:10.235 [main] INFO  AV.MCU - VCU_Torque_Commands VCU_Torque_Commands : 0.0 & current time is  469.0  message time is 469.0 case 9
01:17:10.757 [main] INFO  AV.MCU - VCU_Torque_Commands VCU_Torque_Commands : 0.0 & current time is  479.0  message time is 479.0 case 9
01:17:11.283 [main] INFO  AV.MCU - VCU_Torque_Commands VCU_Torque_Commands : 0.0 & current time is  489.0  message time is 489.0 case 9
01:17:11.832 [main] INFO  AV.MCU - VCU_Torque_Commands VCU_Torque_Commands : 0.0 & current time is  499.0  message time is 499.0 case 9
01:17:12.372 [main] INFO  AV.MCU - VCU_Torque_Commands VCU_Torque_Commands : 0.0 & current time is  509.0  message time is 509.0 case 9
01:17:12.860 [main] INFO  AV.MCU - VCU_Torque_Commands VCU_Torque_Commands : 0.0 & current time is  519.0  message time is 519.0 case 9
01:17:13.388 [main] INFO  AV.MCU - VCU_Torque_Commands VCU_Torque_Commands : 0.0 & current time is  529.0  message time is 529.0 case 9
01:17:13.914 [main] INFO  AV.MCU - VCU_Torque_Commands VCU_Torque_Commands : 0.0 & current time is  539.0  message time is 539.0 case 9
01:17:14.489 [main] INFO  AV.MCU - VCU_Torque_Commands VCU_Torque_Commands : 0.0 & current time is  549.0  message time is 549.0 case 9
01:17:15.010 [main] INFO  AV.MCU - VCU_Torque_Commands VCU_Torque_Commands : 0.0 & current time is  559.0  message time is 559.0 case 9
01:17:15.545 [main] INFO  AV.MCU - VCU_Torque_Commands VCU_Torque_Commands : 0.0 & current time is  569.0  message time is 569.0 case 9
01:17:16.064 [main] INFO  AV.MCU - VCU_Torque_Commands VCU_Torque_Commands : 0.0 & current time is  579.0  message time is 579.0 case 9
01:17:16.559 [main] INFO  AV.MCU - VCU_Torque_Commands VCU_Torque_Commands : 0.0 & current time is  589.0  message time is 589.0 case 9
01:17:17.111 [main] INFO  AV.MCU - VCU_Torque_Commands VCU_Torque_Commands : 0.0 & current time is  599.0  message time is 599.0 case 9
01:17:17.545 [main] INFO  AV.MCU - VCU_Torque_Commands VCU_Torque_Commands : 0.0 & current time is  609.0  message time is 609.0 case 9
01:17:18.094 [main] INFO  AV.MCU - VCU_Torque_Commands VCU_Torque_Commands : 0.0 & current time is  619.0  message time is 619.0 case 9
01:17:18.602 [main] INFO  AV.MCU - VCU_Torque_Commands VCU_Torque_Commands : 0.0 & current time is  629.0  message time is 629.0 case 9
01:17:19.141 [main] INFO  AV.MCU - VCU_Torque_Commands VCU_Torque_Commands : 0.0 & current time is  639.0  message time is 639.0 case 9
01:17:19.666 [main] INFO  AV.MCU - VCU_Torque_Commands VCU_Torque_Commands : 0.0 & current time is  649.0  message time is 649.0 case 9
01:17:20.349 [main] INFO  AV.MCU - VCU_Torque_Commands VCU_Torque_Commands : 0.0 & current time is  659.0  message time is 659.0 case 9
01:17:20.887 [main] INFO  AV.MCU - VCU_Torque_Commands VCU_Torque_Commands : 0.0 & current time is  669.0  message time is 669.0 case 9
01:17:21.390 [main] INFO  AV.MCU - VCU_Torque_Commands VCU_Torque_Commands : 0.0 & current time is  679.0  message time is 679.0 case 9
01:17:21.933 [main] INFO  AV.MCU - VCU_Torque_Commands VCU_Torque_Commands : 0.0 & current time is  689.0  message time is 689.0 case 9
01:17:22.481 [main] INFO  AV.MCU - VCU_Torque_Commands VCU_Torque_Commands : 0.0 & current time is  699.0  message time is 699.0 case 9
01:17:23.007 [main] INFO  AV.MCU - VCU_Torque_Commands VCU_Torque_Commands : 0.0 & current time is  709.0  message time is 709.0 case 9
01:17:23.571 [main] INFO  AV.MCU - VCU_Torque_Commands VCU_Torque_Commands : 0.0 & current time is  719.0  message time is 719.0 case 9
01:17:24.061 [main] INFO  AV.MCU - VCU_Torque_Commands VCU_Torque_Commands : 0.0 & current time is  729.0  message time is 729.0 case 9
01:17:24.543 [main] INFO  AV.MCU - VCU_Torque_Commands VCU_Torque_Commands : 0.0 & current time is  739.0  message time is 739.0 case 9
01:17:25.007 [main] INFO  AV.MCU - VCU_Torque_Commands VCU_Torque_Commands : 0.0 & current time is  749.0  message time is 749.0 case 9
01:17:25.531 [main] INFO  AV.MCU - VCU_Torque_Commands VCU_Torque_Commands : 0.0 & current time is  759.0  message time is 759.0 case 9
01:17:26.023 [main] INFO  AV.MCU - VCU_Torque_Commands VCU_Torque_Commands : 0.0 & current time is  769.0  message time is 769.0 case 9
01:17:26.526 [main] INFO  AV.MCU - VCU_Torque_Commands VCU_Torque_Commands : 0.0 & current time is  779.0  message time is 779.0 case 9
01:17:27.016 [main] INFO  AV.MCU - VCU_Torque_Commands VCU_Torque_Commands : 0.0 & current time is  789.0  message time is 789.0 case 9
01:17:27.456 [main] INFO  AV.MCU - VCU_Torque_Commands VCU_Torque_Commands : 0.0 & current time is  799.0  message time is 799.0 case 9
01:17:27.948 [main] INFO  AV.MCU - VCU_Torque_Commands VCU_Torque_Commands : 0.0 & current time is  809.0  message time is 809.0 case 9
01:17:28.436 [main] INFO  AV.MCU - VCU_Torque_Commands VCU_Torque_Commands : 0.0 & current time is  819.0  message time is 819.0 case 9
01:17:28.920 [main] INFO  AV.MCU - VCU_Torque_Commands VCU_Torque_Commands : 0.0 & current time is  829.0  message time is 829.0 case 9
01:17:29.426 [main] INFO  AV.MCU - VCU_Torque_Commands VCU_Torque_Commands : 0.0 & current time is  839.0  message time is 839.0 case 9
01:17:29.935 [main] INFO  AV.MCU - VCU_Torque_Commands VCU_Torque_Commands : 0.0 & current time is  849.0  message time is 849.0 case 9
01:17:30.425 [main] INFO  AV.MCU - VCU_Torque_Commands VCU_Torque_Commands : 0.0 & current time is  859.0  message time is 859.0 case 9
01:17:30.923 [main] INFO  AV.MCU - VCU_Torque_Commands VCU_Torque_Commands : 0.0 & current time is  869.0  message time is 869.0 case 9
01:17:31.461 [main] INFO  AV.MCU - VCU_Torque_Commands VCU_Torque_Commands : 0.0 & current time is  879.0  message time is 879.0 case 9
01:17:31.999 [main] INFO  AV.MCU - VCU_Torque_Commands VCU_Torque_Commands : 0.0 & current time is  889.0  message time is 889.0 case 9
01:17:32.553 [main] INFO  AV.MCU - VCU_Torque_Commands VCU_Torque_Commands : 0.0 & current time is  899.0  message time is 899.0 case 9
01:17:33.049 [main] INFO  AV.MCU - VCU_Torque_Commands VCU_Torque_Commands : 0.0 & current time is  909.0  message time is 909.0 case 9
01:17:33.565 [main] INFO  AV.MCU - VCU_Torque_Commands VCU_Torque_Commands : 0.0 & current time is  919.0  message time is 919.0 case 9
01:17:34.054 [main] INFO  AV.MCU - VCU_Torque_Commands VCU_Torque_Commands : 0.0 & current time is  929.0  message time is 929.0 case 9
01:17:34.573 [main] INFO  AV.MCU - VCU_Torque_Commands VCU_Torque_Commands : 0.0 & current time is  939.0  message time is 939.0 case 9
01:17:35.929 [main] INFO  AV.MCU - VCU_Torque_Commands VCU_Torque_Commands : 0.0 & current time is  949.0  message time is 949.0 case 9
01:17:36.433 [main] INFO  AV.MCU - VCU_Torque_Commands VCU_Torque_Commands : 0.0 & current time is  959.0  message time is 959.0 case 9
01:17:36.928 [main] INFO  AV.MCU - VCU_Torque_Commands VCU_Torque_Commands : 0.0 & current time is  969.0  message time is 969.0 case 9
01:17:37.473 [main] INFO  AV.MCU - VCU_Torque_Commands VCU_Torque_Commands : 0.0 & current time is  979.0  message time is 979.0 case 9
01:17:37.963 [main] INFO  AV.MCU - VCU_Torque_Commands VCU_Torque_Commands : 0.0 & current time is  989.0  message time is 989.0 case 9
01:17:38.480 [main] INFO  AV.MCU - VCU_Torque_Commands VCU_Torque_Commands : 0.0 & current time is  999.0  message time is 999.0 case 9
01:17:38.990 [main] INFO  AV.MCU - VCU_Torque_Commands VCU_Torque_Commands : 0.0 & current time is  1009.0  message time is 1009.0 case 9
01:17:39.516 [main] INFO  AV.MCU - VCU_Torque_Commands VCU_Torque_Commands : 0.0 & current time is  1019.0  message time is 1019.0 case 9
01:17:40.005 [main] INFO  AV.MCU - VCU_Torque_Commands VCU_Torque_Commands : 0.0 & current time is  1029.0  message time is 1029.0 case 9
01:17:40.513 [main] INFO  AV.MCU - VCU_Torque_Commands VCU_Torque_Commands : 0.0 & current time is  1039.0  message time is 1039.0 case 9
01:17:41.473 [main] INFO  AV.MCU - VCU_Torque_Commands VCU_Torque_Commands : 0.0 & current time is  1049.0  message time is 1049.0 case 9
01:17:42.028 [main] INFO  AV.MCU - VCU_Torque_Commands VCU_Torque_Commands : 0.0 & current time is  1059.0  message time is 1059.0 case 9
01:17:42.500 [main] INFO  AV.MCU - VCU_Torque_Commands VCU_Torque_Commands : 0.0 & current time is  1069.0  message time is 1069.0 case 9
01:17:42.989 [main] INFO  AV.MCU - VCU_Torque_Commands VCU_Torque_Commands : 0.0 & current time is  1079.0  message time is 1079.0 case 9
01:17:43.474 [main] INFO  AV.MCU - VCU_Torque_Commands VCU_Torque_Commands : 0.0 & current time is  1089.0  message time is 1089.0 case 9
01:17:43.992 [main] INFO  AV.MCU - VCU_Torque_Commands VCU_Torque_Commands : 0.0 & current time is  1099.0  message time is 1099.0 case 9
01:17:44.494 [main] INFO  AV.MCU - VCU_Torque_Commands VCU_Torque_Commands : 0.0 & current time is  1109.0  message time is 1109.0 case 9
01:17:45.033 [main] INFO  AV.MCU - VCU_Torque_Commands VCU_Torque_Commands : 0.0 & current time is  1119.0  message time is 1119.0 case 9
01:17:45.532 [main] INFO  AV.MCU - VCU_Torque_Commands VCU_Torque_Commands : 0.0 & current time is  1129.0  message time is 1129.0 case 9
01:17:46.038 [main] INFO  AV.MCU - VCU_Torque_Commands VCU_Torque_Commands : 0.0 & current time is  1139.0  message time is 1139.0 case 9
01:17:46.527 [main] INFO  AV.MCU - VCU_Torque_Commands VCU_Torque_Commands : 0.0 & current time is  1149.0  message time is 1149.0 case 9
01:17:47.019 [main] INFO  AV.MCU - VCU_Torque_Commands VCU_Torque_Commands : 0.0 & current time is  1159.0  message time is 1159.0 case 9
01:17:47.510 [main] INFO  AV.MCU - VCU_Torque_Commands VCU_Torque_Commands : 0.0 & current time is  1169.0  message time is 1169.0 case 9
01:17:48.028 [main] INFO  AV.MCU - VCU_Torque_Commands VCU_Torque_Commands : 0.0 & current time is  1179.0  message time is 1179.0 case 9
01:17:48.525 [main] INFO  AV.MCU - VCU_Torque_Commands VCU_Torque_Commands : 0.0 & current time is  1189.0  message time is 1189.0 case 9
01:17:49.001 [main] INFO  AV.MCU - VCU_Torque_Commands VCU_Torque_Commands : 0.0 & current time is  1199.0  message time is 1199.0 case 9
01:17:49.518 [main] INFO  AV.MCU - VCU_Torque_Commands VCU_Torque_Commands : 0.0 & current time is  1209.0  message time is 1209.0 case 9
01:17:50.017 [main] INFO  AV.MCU - VCU_Torque_Commands VCU_Torque_Commands : 0.0 & current time is  1219.0  message time is 1219.0 case 9
01:17:50.539 [main] INFO  AV.MCU - VCU_Torque_Commands VCU_Torque_Commands : 0.0 & current time is  1229.0  message time is 1229.0 case 9
01:17:51.210 [main] INFO  AV.MCU - VCU_Torque_Commands VCU_Torque_Commands : 0.0 & current time is  1239.0  message time is 1239.0 case 9
01:17:51.725 [main] INFO  AV.MCU - VCU_Torque_Commands VCU_Torque_Commands : 0.0 & current time is  1249.0  message time is 1249.0 case 9
01:17:52.206 [main] INFO  AV.MCU - VCU_Torque_Commands VCU_Torque_Commands : 0.0 & current time is  1259.0  message time is 1259.0 case 9
01:17:52.681 [main] INFO  AV.MCU - VCU_Torque_Commands VCU_Torque_Commands : 0.0 & current time is  1269.0  message time is 1269.0 case 9
01:17:53.208 [main] INFO  AV.MCU - VCU_Torque_Commands VCU_Torque_Commands : 0.0 & current time is  1279.0  message time is 1279.0 case 9
01:17:53.719 [main] INFO  AV.MCU - VCU_Torque_Commands VCU_Torque_Commands : 0.0 & current time is  1289.0  message time is 1289.0 case 9
01:17:54.226 [main] INFO  AV.MCU - VCU_Torque_Commands VCU_Torque_Commands : 0.0 & current time is  1299.0  message time is 1299.0 case 9
01:17:54.702 [main] INFO  AV.MCU - VCU_Torque_Commands VCU_Torque_Commands : 0.0 & current time is  1309.0  message time is 1309.0 case 9
01:17:55.193 [main] INFO  AV.MCU - VCU_Torque_Commands VCU_Torque_Commands : 0.0 & current time is  1319.0  message time is 1319.0 case 9
01:17:55.651 [main] INFO  AV.MCU - VCU_Torque_Commands VCU_Torque_Commands : 0.0 & current time is  1329.0  message time is 1329.0 case 9
01:17:56.128 [main] INFO  AV.MCU - VCU_Torque_Commands VCU_Torque_Commands : 0.0 & current time is  1339.0  message time is 1339.0 case 9
01:17:56.480 [main] INFO  AV.MCU - VCU_Torque_Commands VCU_Torque_Commands : 0.0 & current time is  1349.0  message time is 1349.0 case 9
01:17:56.984 [main] INFO  AV.MCU - VCU_Torque_Commands VCU_Torque_Commands : 0.0 & current time is  1359.0  message time is 1359.0 case 9
01:17:57.463 [main] INFO  AV.MCU - VCU_Torque_Commands VCU_Torque_Commands : 0.0 & current time is  1369.0  message time is 1369.0 case 9
01:17:57.979 [main] INFO  AV.MCU - VCU_Torque_Commands VCU_Torque_Commands : 0.0 & current time is  1379.0  message time is 1379.0 case 9
01:17:58.460 [main] INFO  AV.MCU - VCU_Torque_Commands VCU_Torque_Commands : 0.0 & current time is  1389.0  message time is 1389.0 case 9
01:17:58.974 [main] INFO  AV.MCU - VCU_Torque_Commands VCU_Torque_Commands : 0.0 & current time is  1399.0  message time is 1399.0 case 9
01:17:59.501 [main] INFO  AV.MCU - VCU_Torque_Commands VCU_Torque_Commands : 0.0 & current time is  1409.0  message time is 1409.0 case 9
01:18:00.048 [main] INFO  AV.MCU - VCU_Torque_Commands VCU_Torque_Commands : 0.0 & current time is  1419.0  message time is 1419.0 case 9
01:18:00.553 [main] INFO  AV.MCU - VCU_Torque_Commands VCU_Torque_Commands : 0.0 & current time is  1429.0  message time is 1429.0 case 9
01:18:01.048 [main] INFO  AV.MCU - VCU_Torque_Commands VCU_Torque_Commands : 0.0 & current time is  1439.0  message time is 1439.0 case 9
01:18:01.546 [main] INFO  AV.MCU - VCU_Torque_Commands VCU_Torque_Commands : 0.0 & current time is  1449.0  message time is 1449.0 case 9
01:18:02.066 [main] INFO  AV.MCU - VCU_Torque_Commands VCU_Torque_Commands : 0.0 & current time is  1459.0  message time is 1459.0 case 9
01:18:02.551 [main] INFO  AV.MCU - VCU_Torque_Commands VCU_Torque_Commands : 0.0 & current time is  1469.0  message time is 1469.0 case 9
01:18:03.061 [main] INFO  AV.MCU - VCU_Torque_Commands VCU_Torque_Commands : 0.0 & current time is  1479.0  message time is 1479.0 case 9
01:18:03.596 [main] INFO  AV.MCU - VCU_Torque_Commands VCU_Torque_Commands : 0.0 & current time is  1489.0  message time is 1489.0 case 9
01:18:04.103 [main] INFO  AV.MCU - VCU_Torque_Commands VCU_Torque_Commands : 0.0 & current time is  1499.0  message time is 1499.0 case 9
01:18:04.606 [main] INFO  AV.MCU - VCU_Torque_Commands VCU_Torque_Commands : 3.0 & current time is  1509.0  message time is 1509.0 case 9
01:18:05.136 [main] INFO  AV.MCU - VCU_Torque_Commands VCU_Torque_Commands : 3.0 & current time is  1519.0  message time is 1519.0 case 9
01:18:05.598 [main] INFO  AV.MCU - VCU_Torque_Commands VCU_Torque_Commands : 3.0 & current time is  1529.0  message time is 1529.0 case 9
01:18:06.102 [main] INFO  AV.MCU - VCU_Torque_Commands VCU_Torque_Commands : 3.0 & current time is  1539.0  message time is 1539.0 case 9
01:18:06.630 [main] INFO  AV.MCU - VCU_Torque_Commands VCU_Torque_Commands : 3.0 & current time is  1549.0  message time is 1549.0 case 9
01:18:07.136 [main] INFO  AV.MCU - VCU_Torque_Commands VCU_Torque_Commands : 3.0 & current time is  1559.0  message time is 1559.0 case 9
01:18:07.653 [main] INFO  AV.MCU - VCU_Torque_Commands VCU_Torque_Commands : 3.0 & current time is  1569.0  message time is 1569.0 case 9
01:18:08.140 [main] INFO  AV.MCU - VCU_Torque_Commands VCU_Torque_Commands : 3.0 & current time is  1579.0  message time is 1579.0 case 9
01:18:08.638 [main] INFO  AV.MCU - VCU_Torque_Commands VCU_Torque_Commands : 3.0 & current time is  1589.0  message time is 1589.0 case 9
01:18:09.144 [main] INFO  AV.MCU - VCU_Torque_Commands VCU_Torque_Commands : 3.0 & current time is  1599.0  message time is 1599.0 case 9
01:18:09.764 [main] INFO  AV.MCU - VCU_Torque_Commands VCU_Torque_Commands : 3.0 & current time is  1609.0  message time is 1609.0 case 9
01:18:10.279 [main] INFO  AV.MCU - VCU_Torque_Commands VCU_Torque_Commands : 3.0 & current time is  1619.0  message time is 1619.0 case 9
01:18:10.775 [main] INFO  AV.MCU - VCU_Torque_Commands VCU_Torque_Commands : 3.0 & current time is  1629.0  message time is 1629.0 case 9
01:18:11.284 [main] INFO  AV.MCU - VCU_Torque_Commands VCU_Torque_Commands : 3.0 & current time is  1639.0  message time is 1639.0 case 9
01:18:11.794 [main] INFO  AV.MCU - VCU_Torque_Commands VCU_Torque_Commands : 3.0 & current time is  1649.0  message time is 1649.0 case 9
01:18:12.316 [main] INFO  AV.MCU - VCU_Torque_Commands VCU_Torque_Commands : 3.0 & current time is  1659.0  message time is 1659.0 case 9
01:18:12.826 [main] INFO  AV.MCU - VCU_Torque_Commands VCU_Torque_Commands : 3.0 & current time is  1669.0  message time is 1669.0 case 9
01:18:13.337 [main] INFO  AV.MCU - VCU_Torque_Commands VCU_Torque_Commands : 3.0 & current time is  1679.0  message time is 1679.0 case 9
01:18:13.828 [main] INFO  AV.MCU - VCU_Torque_Commands VCU_Torque_Commands : 3.0 & current time is  1689.0  message time is 1689.0 case 9
01:18:14.325 [main] INFO  AV.MCU - VCU_Torque_Commands VCU_Torque_Commands : 3.0 & current time is  1699.0  message time is 1699.0 case 9
01:18:14.826 [main] INFO  AV.MCU - VCU_Torque_Commands VCU_Torque_Commands : 3.0 & current time is  1709.0  message time is 1709.0 case 9
01:18:15.381 [main] INFO  AV.MCU - VCU_Torque_Commands VCU_Torque_Commands : 3.0 & current time is  1719.0  message time is 1719.0 case 9
01:18:15.906 [main] INFO  AV.MCU - VCU_Torque_Commands VCU_Torque_Commands : 3.0 & current time is  1729.0  message time is 1729.0 case 9
01:18:16.379 [main] INFO  AV.MCU - VCU_Torque_Commands VCU_Torque_Commands : 3.0 & current time is  1739.0  message time is 1739.0 case 9
01:18:16.892 [main] INFO  AV.MCU - VCU_Torque_Commands VCU_Torque_Commands : 3.0 & current time is  1749.0  message time is 1749.0 case 9
01:18:17.395 [main] INFO  AV.MCU - VCU_Torque_Commands VCU_Torque_Commands : 3.0 & current time is  1759.0  message time is 1759.0 case 9
01:18:17.935 [main] INFO  AV.MCU - VCU_Torque_Commands VCU_Torque_Commands : 3.0 & current time is  1769.0  message time is 1769.0 case 9
01:18:18.410 [main] INFO  AV.MCU - VCU_Torque_Commands VCU_Torque_Commands : 3.0 & current time is  1779.0  message time is 1779.0 case 9
01:18:18.948 [main] INFO  AV.MCU - VCU_Torque_Commands VCU_Torque_Commands : 3.0 & current time is  1789.0  message time is 1789.0 case 9
01:18:19.467 [main] INFO  AV.MCU - VCU_Torque_Commands VCU_Torque_Commands : 3.0 & current time is  1799.0  message time is 1799.0 case 9
01:18:19.965 [main] INFO  AV.MCU - VCU_Torque_Commands VCU_Torque_Commands : 3.0 & current time is  1809.0  message time is 1809.0 case 9
01:18:20.484 [main] INFO  AV.MCU - VCU_Torque_Commands VCU_Torque_Commands : 3.0 & current time is  1819.0  message time is 1819.0 case 9
01:18:20.989 [main] INFO  AV.MCU - VCU_Torque_Commands VCU_Torque_Commands : 3.0 & current time is  1829.0  message time is 1829.0 case 9
01:18:21.488 [main] INFO  AV.MCU - VCU_Torque_Commands VCU_Torque_Commands : 3.0 & current time is  1839.0  message time is 1839.0 case 9
01:18:22.007 [main] INFO  AV.MCU - VCU_Torque_Commands VCU_Torque_Commands : 3.0 & current time is  1849.0  message time is 1849.0 case 9
01:18:22.510 [main] INFO  AV.MCU - VCU_Torque_Commands VCU_Torque_Commands : 3.0 & current time is  1859.0  message time is 1859.0 case 9
01:18:23.014 [main] INFO  AV.MCU - VCU_Torque_Commands VCU_Torque_Commands : 3.0 & current time is  1869.0  message time is 1869.0 case 9
01:18:23.537 [main] INFO  AV.MCU - VCU_Torque_Commands VCU_Torque_Commands : 3.0 & current time is  1879.0  message time is 1879.0 case 9
01:18:24.053 [main] INFO  AV.MCU - VCU_Torque_Commands VCU_Torque_Commands : 3.0 & current time is  1889.0  message time is 1889.0 case 9
01:18:24.536 [main] INFO  AV.MCU - VCU_Torque_Commands VCU_Torque_Commands : 3.0 & current time is  1899.0  message time is 1899.0 case 9
01:18:25.020 [main] INFO  AV.MCU - VCU_Torque_Commands VCU_Torque_Commands : 3.0 & current time is  1909.0  message time is 1909.0 case 9
01:18:25.531 [main] INFO  AV.MCU - VCU_Torque_Commands VCU_Torque_Commands : 3.0 & current time is  1919.0  message time is 1919.0 case 9
01:18:26.031 [main] INFO  AV.MCU - VCU_Torque_Commands VCU_Torque_Commands : 3.0 & current time is  1929.0  message time is 1929.0 case 9
01:18:26.535 [main] INFO  AV.MCU - VCU_Torque_Commands VCU_Torque_Commands : 3.0 & current time is  1939.0  message time is 1939.0 case 9
01:18:27.036 [main] INFO  AV.MCU - VCU_Torque_Commands VCU_Torque_Commands : 3.0 & current time is  1949.0  message time is 1949.0 case 9
01:18:27.502 [main] INFO  AV.MCU - VCU_Torque_Commands VCU_Torque_Commands : 3.0 & current time is  1959.0  message time is 1959.0 case 9
01:18:28.018 [main] INFO  AV.MCU - VCU_Torque_Commands VCU_Torque_Commands : 3.0 & current time is  1969.0  message time is 1969.0 case 9
01:18:28.709 [main] INFO  AV.MCU - VCU_Torque_Commands VCU_Torque_Commands : 3.0 & current time is  1979.0  message time is 1979.0 case 9
01:18:29.217 [main] INFO  AV.MCU - VCU_Torque_Commands VCU_Torque_Commands : 3.0 & current time is  1989.0  message time is 1989.0 case 9
01:18:29.694 [main] INFO  AV.MCU - VCU_Torque_Commands VCU_Torque_Commands : 3.0 & current time is  1999.0  message time is 1999.0 case 9
01:18:30.225 [main] INFO  AV.MCU - VCU_Torque_Commands VCU_Torque_Commands : 6.0 & current time is  2009.0  message time is 2009.0 case 9
01:18:30.697 [main] INFO  AV.MCU - VCU_Torque_Commands VCU_Torque_Commands : 6.0 & current time is  2019.0  message time is 2019.0 case 9
01:18:31.201 [main] INFO  AV.MCU - VCU_Torque_Commands VCU_Torque_Commands : 6.0 & current time is  2029.0  message time is 2029.0 case 9
01:18:31.719 [main] INFO  AV.MCU - VCU_Torque_Commands VCU_Torque_Commands : 6.0 & current time is  2039.0  message time is 2039.0 case 9
01:18:32.172 [main] INFO  AV.MCU - VCU_Torque_Commands VCU_Torque_Commands : 6.0 & current time is  2049.0  message time is 2049.0 case 9
01:18:32.667 [main] INFO  AV.MCU - VCU_Torque_Commands VCU_Torque_Commands : 6.0 & current time is  2059.0  message time is 2059.0 case 9
01:18:33.173 [main] INFO  AV.MCU - VCU_Torque_Commands VCU_Torque_Commands : 6.0 & current time is  2069.0  message time is 2069.0 case 9
01:18:33.648 [main] INFO  AV.MCU - VCU_Torque_Commands VCU_Torque_Commands : 6.0 & current time is  2079.0  message time is 2079.0 case 9
01:18:34.134 [main] INFO  AV.MCU - VCU_Torque_Commands VCU_Torque_Commands : 6.0 & current time is  2089.0  message time is 2089.0 case 9
01:18:34.629 [main] INFO  AV.MCU - VCU_Torque_Commands VCU_Torque_Commands : 6.0 & current time is  2099.0  message time is 2099.0 case 9
01:18:35.127 [main] INFO  AV.MCU - VCU_Torque_Commands VCU_Torque_Commands : 6.0 & current time is  2109.0  message time is 2109.0 case 9
01:18:35.603 [main] INFO  AV.MCU - VCU_Torque_Commands VCU_Torque_Commands : 6.0 & current time is  2119.0  message time is 2119.0 case 9
01:18:36.095 [main] INFO  AV.MCU - VCU_Torque_Commands VCU_Torque_Commands : 6.0 & current time is  2129.0  message time is 2129.0 case 9
01:18:36.540 [main] INFO  AV.MCU - VCU_Torque_Commands VCU_Torque_Commands : 6.0 & current time is  2139.0  message time is 2139.0 case 9
01:18:37.061 [main] INFO  AV.MCU - VCU_Torque_Commands VCU_Torque_Commands : 6.0 & current time is  2149.0  message time is 2149.0 case 9
01:18:37.625 [main] INFO  AV.MCU - VCU_Torque_Commands VCU_Torque_Commands : 6.0 & current time is  2159.0  message time is 2159.0 case 9
01:18:38.094 [main] INFO  AV.MCU - VCU_Torque_Commands VCU_Torque_Commands : 6.0 & current time is  2169.0  message time is 2169.0 case 9
01:18:38.601 [main] INFO  AV.MCU - VCU_Torque_Commands VCU_Torque_Commands : 6.0 & current time is  2179.0  message time is 2179.0 case 9
01:18:39.127 [main] INFO  AV.MCU - VCU_Torque_Commands VCU_Torque_Commands : 6.0 & current time is  2189.0  message time is 2189.0 case 9
01:18:39.617 [main] INFO  AV.MCU - VCU_Torque_Commands VCU_Torque_Commands : 6.0 & current time is  2199.0  message time is 2199.0 case 9
01:18:40.116 [main] INFO  AV.MCU - VCU_Torque_Commands VCU_Torque_Commands : 6.0 & current time is  2209.0  message time is 2209.0 case 9
01:18:40.638 [main] INFO  AV.MCU - VCU_Torque_Commands VCU_Torque_Commands : 6.0 & current time is  2219.0  message time is 2219.0 case 9
01:18:41.135 [main] INFO  AV.MCU - VCU_Torque_Commands VCU_Torque_Commands : 6.0 & current time is  2229.0  message time is 2229.0 case 9
01:18:41.632 [main] INFO  AV.MCU - VCU_Torque_Commands VCU_Torque_Commands : 6.0 & current time is  2239.0  message time is 2239.0 case 9
01:18:42.130 [main] INFO  AV.MCU - VCU_Torque_Commands VCU_Torque_Commands : 6.0 & current time is  2249.0  message time is 2249.0 case 9
01:18:42.640 [main] INFO  AV.MCU - VCU_Torque_Commands VCU_Torque_Commands : 6.0 & current time is  2259.0  message time is 2259.0 case 9
01:18:43.153 [main] INFO  AV.MCU - VCU_Torque_Commands VCU_Torque_Commands : 6.0 & current time is  2269.0  message time is 2269.0 case 9
01:18:43.650 [main] INFO  AV.MCU - VCU_Torque_Commands VCU_Torque_Commands : 6.0 & current time is  2279.0  message time is 2279.0 case 9
01:18:44.165 [main] INFO  AV.MCU - VCU_Torque_Commands VCU_Torque_Commands : 6.0 & current time is  2289.0  message time is 2289.0 case 9
01:18:44.683 [main] INFO  AV.MCU - VCU_Torque_Commands VCU_Torque_Commands : 6.0 & current time is  2299.0  message time is 2299.0 case 9
01:18:45.141 [main] INFO  AV.MCU - VCU_Torque_Commands VCU_Torque_Commands : 6.0 & current time is  2309.0  message time is 2309.0 case 9
01:18:45.654 [main] INFO  AV.MCU - VCU_Torque_Commands VCU_Torque_Commands : 6.0 & current time is  2319.0  message time is 2319.0 case 9
01:18:46.162 [main] INFO  AV.MCU - VCU_Torque_Commands VCU_Torque_Commands : 6.0 & current time is  2329.0  message time is 2329.0 case 9
01:18:46.655 [main] INFO  AV.MCU - VCU_Torque_Commands VCU_Torque_Commands : 6.0 & current time is  2339.0  message time is 2339.0 case 9
01:18:47.171 [main] INFO  AV.MCU - VCU_Torque_Commands VCU_Torque_Commands : 6.0 & current time is  2349.0  message time is 2349.0 case 9
01:18:47.670 [main] INFO  AV.MCU - VCU_Torque_Commands VCU_Torque_Commands : 6.0 & current time is  2359.0  message time is 2359.0 case 9
01:18:48.174 [main] INFO  AV.MCU - VCU_Torque_Commands VCU_Torque_Commands : 6.0 & current time is  2369.0  message time is 2369.0 case 9
01:18:48.680 [main] INFO  AV.MCU - VCU_Torque_Commands VCU_Torque_Commands : 6.0 & current time is  2379.0  message time is 2379.0 case 9
01:18:49.209 [main] INFO  AV.MCU - VCU_Torque_Commands VCU_Torque_Commands : 6.0 & current time is  2389.0  message time is 2389.0 case 9
01:18:49.699 [main] INFO  AV.MCU - VCU_Torque_Commands VCU_Torque_Commands : 6.0 & current time is  2399.0  message time is 2399.0 case 9
01:18:50.358 [main] INFO  AV.MCU - VCU_Torque_Commands VCU_Torque_Commands : 6.0 & current time is  2409.0  message time is 2409.0 case 9
01:18:50.860 [main] INFO  AV.MCU - VCU_Torque_Commands VCU_Torque_Commands : 6.0 & current time is  2419.0  message time is 2419.0 case 9
01:18:51.396 [main] INFO  AV.MCU - VCU_Torque_Commands VCU_Torque_Commands : 6.0 & current time is  2429.0  message time is 2429.0 case 9
01:18:51.902 [main] INFO  AV.MCU - VCU_Torque_Commands VCU_Torque_Commands : 6.0 & current time is  2439.0  message time is 2439.0 case 9
01:18:52.390 [main] INFO  AV.MCU - VCU_Torque_Commands VCU_Torque_Commands : 6.0 & current time is  2449.0  message time is 2449.0 case 9
01:18:52.896 [main] INFO  AV.MCU - VCU_Torque_Commands VCU_Torque_Commands : 6.0 & current time is  2459.0  message time is 2459.0 case 9
01:18:53.388 [main] INFO  AV.MCU - VCU_Torque_Commands VCU_Torque_Commands : 6.0 & current time is  2469.0  message time is 2469.0 case 9
01:18:53.861 [main] INFO  AV.MCU - VCU_Torque_Commands VCU_Torque_Commands : 6.0 & current time is  2479.0  message time is 2479.0 case 9
01:18:54.367 [main] INFO  AV.MCU - VCU_Torque_Commands VCU_Torque_Commands : 6.0 & current time is  2489.0  message time is 2489.0 case 9
01:18:54.886 [main] INFO  AV.MCU - VCU_Torque_Commands VCU_Torque_Commands : 6.0 & current time is  2499.0  message time is 2499.0 case 9
01:18:55.391 [main] INFO  AV.MCU - VCU_Torque_Commands VCU_Torque_Commands : 9.0 & current time is  2509.0  message time is 2509.0 case 9
01:18:55.874 [main] INFO  AV.MCU - VCU_Torque_Commands VCU_Torque_Commands : 9.0 & current time is  2519.0  message time is 2519.0 case 9
01:18:56.370 [main] INFO  AV.MCU - VCU_Torque_Commands VCU_Torque_Commands : 9.0 & current time is  2529.0  message time is 2529.0 case 9
01:18:56.883 [main] INFO  AV.MCU - VCU_Torque_Commands VCU_Torque_Commands : 9.0 & current time is  2539.0  message time is 2539.0 case 9
01:18:57.382 [main] INFO  AV.MCU - VCU_Torque_Commands VCU_Torque_Commands : 9.0 & current time is  2549.0  message time is 2549.0 case 9
01:18:57.901 [main] INFO  AV.MCU - VCU_Torque_Commands VCU_Torque_Commands : 9.0 & current time is  2559.0  message time is 2559.0 case 9
01:18:58.418 [main] INFO  AV.MCU - VCU_Torque_Commands VCU_Torque_Commands : 9.0 & current time is  2569.0  message time is 2569.0 case 9
01:18:58.923 [main] INFO  AV.MCU - VCU_Torque_Commands VCU_Torque_Commands : 9.0 & current time is  2579.0  message time is 2579.0 case 9
01:18:59.464 [main] INFO  AV.MCU - VCU_Torque_Commands VCU_Torque_Commands : 9.0 & current time is  2589.0  message time is 2589.0 case 9
01:18:59.939 [main] INFO  AV.MCU - VCU_Torque_Commands VCU_Torque_Commands : 9.0 & current time is  2599.0  message time is 2599.0 case 9
01:19:00.459 [main] INFO  AV.MCU - VCU_Torque_Commands VCU_Torque_Commands : 9.0 & current time is  2609.0  message time is 2609.0 case 9
01:19:00.983 [main] INFO  AV.MCU - VCU_Torque_Commands VCU_Torque_Commands : 9.0 & current time is  2619.0  message time is 2619.0 case 9
01:19:01.467 [main] INFO  AV.MCU - VCU_Torque_Commands VCU_Torque_Commands : 9.0 & current time is  2629.0  message time is 2629.0 case 9
01:19:01.973 [main] INFO  AV.MCU - VCU_Torque_Commands VCU_Torque_Commands : 9.0 & current time is  2639.0  message time is 2639.0 case 9
01:19:02.481 [main] INFO  AV.MCU - VCU_Torque_Commands VCU_Torque_Commands : 9.0 & current time is  2649.0  message time is 2649.0 case 9
01:19:02.991 [main] INFO  AV.MCU - VCU_Torque_Commands VCU_Torque_Commands : 9.0 & current time is  2659.0  message time is 2659.0 case 9
01:19:03.498 [main] INFO  AV.MCU - VCU_Torque_Commands VCU_Torque_Commands : 9.0 & current time is  2669.0  message time is 2669.0 case 9
01:19:04.001 [main] INFO  AV.MCU - VCU_Torque_Commands VCU_Torque_Commands : 9.0 & current time is  2679.0  message time is 2679.0 case 9
01:19:04.485 [main] INFO  AV.MCU - VCU_Torque_Commands VCU_Torque_Commands : 9.0 & current time is  2689.0  message time is 2689.0 case 9
01:19:04.986 [main] INFO  AV.MCU - VCU_Torque_Commands VCU_Torque_Commands : 9.0 & current time is  2699.0  message time is 2699.0 case 9
01:19:05.479 [main] INFO  AV.MCU - VCU_Torque_Commands VCU_Torque_Commands : 9.0 & current time is  2709.0  message time is 2709.0 case 9
01:19:05.990 [main] INFO  AV.MCU - VCU_Torque_Commands VCU_Torque_Commands : 9.0 & current time is  2719.0  message time is 2719.0 case 9
01:19:06.489 [main] INFO  AV.MCU - VCU_Torque_Commands VCU_Torque_Commands : 9.0 & current time is  2729.0  message time is 2729.0 case 9
01:19:07.004 [main] INFO  AV.MCU - VCU_Torque_Commands VCU_Torque_Commands : 9.0 & current time is  2739.0  message time is 2739.0 case 9
01:19:07.489 [main] INFO  AV.MCU - VCU_Torque_Commands VCU_Torque_Commands : 9.0 & current time is  2749.0  message time is 2749.0 case 9
01:19:07.997 [main] INFO  AV.MCU - VCU_Torque_Commands VCU_Torque_Commands : 9.0 & current time is  2759.0  message time is 2759.0 case 9
01:19:08.501 [main] INFO  AV.MCU - VCU_Torque_Commands VCU_Torque_Commands : 9.0 & current time is  2769.0  message time is 2769.0 case 9
01:19:08.986 [main] INFO  AV.MCU - VCU_Torque_Commands VCU_Torque_Commands : 9.0 & current time is  2779.0  message time is 2779.0 case 9
01:19:09.479 [main] INFO  AV.MCU - VCU_Torque_Commands VCU_Torque_Commands : 9.0 & current time is  2789.0  message time is 2789.0 case 9
01:19:09.962 [main] INFO  AV.MCU - VCU_Torque_Commands VCU_Torque_Commands : 9.0 & current time is  2799.0  message time is 2799.0 case 9
01:19:10.445 [main] INFO  AV.MCU - VCU_Torque_Commands VCU_Torque_Commands : 9.0 & current time is  2809.0  message time is 2809.0 case 9
01:19:10.942 [main] INFO  AV.MCU - VCU_Torque_Commands VCU_Torque_Commands : 9.0 & current time is  2819.0  message time is 2819.0 case 9
01:19:11.449 [main] INFO  AV.MCU - VCU_Torque_Commands VCU_Torque_Commands : 9.0 & current time is  2829.0  message time is 2829.0 case 9
01:19:12.156 [main] INFO  AV.MCU - VCU_Torque_Commands VCU_Torque_Commands : 9.0 & current time is  2839.0  message time is 2839.0 case 9
01:19:12.588 [main] INFO  AV.MCU - VCU_Torque_Commands VCU_Torque_Commands : 9.0 & current time is  2849.0  message time is 2849.0 case 9
01:19:13.067 [main] INFO  AV.MCU - VCU_Torque_Commands VCU_Torque_Commands : 9.0 & current time is  2859.0  message time is 2859.0 case 9
01:19:13.565 [main] INFO  AV.MCU - VCU_Torque_Commands VCU_Torque_Commands : 9.0 & current time is  2869.0  message time is 2869.0 case 9
01:19:14.062 [main] INFO  AV.MCU - VCU_Torque_Commands VCU_Torque_Commands : 9.0 & current time is  2879.0  message time is 2879.0 case 9
01:19:14.555 [main] INFO  AV.MCU - VCU_Torque_Commands VCU_Torque_Commands : 9.0 & current time is  2889.0  message time is 2889.0 case 9
01:19:15.048 [main] INFO  AV.MCU - VCU_Torque_Commands VCU_Torque_Commands : 9.0 & current time is  2899.0  message time is 2899.0 case 9
01:19:15.561 [main] INFO  AV.MCU - VCU_Torque_Commands VCU_Torque_Commands : 9.0 & current time is  2909.0  message time is 2909.0 case 9
01:19:16.063 [main] INFO  AV.MCU - VCU_Torque_Commands VCU_Torque_Commands : 9.0 & current time is  2919.0  message time is 2919.0 case 9
01:19:16.569 [main] INFO  AV.MCU - VCU_Torque_Commands VCU_Torque_Commands : 9.0 & current time is  2929.0  message time is 2929.0 case 9
01:19:17.085 [main] INFO  AV.MCU - VCU_Torque_Commands VCU_Torque_Commands : 9.0 & current time is  2939.0  message time is 2939.0 case 9
01:19:17.558 [main] INFO  AV.MCU - VCU_Torque_Commands VCU_Torque_Commands : 9.0 & current time is  2949.0  message time is 2949.0 case 9
01:19:18.052 [main] INFO  AV.MCU - VCU_Torque_Commands VCU_Torque_Commands : 9.0 & current time is  2959.0  message time is 2959.0 case 9
01:19:18.554 [main] INFO  AV.MCU - VCU_Torque_Commands VCU_Torque_Commands : 9.0 & current time is  2969.0  message time is 2969.0 case 9
01:19:19.047 [main] INFO  AV.MCU - VCU_Torque_Commands VCU_Torque_Commands : 9.0 & current time is  2979.0  message time is 2979.0 case 9
01:19:19.549 [main] INFO  AV.MCU - VCU_Torque_Commands VCU_Torque_Commands : 9.0 & current time is  2989.0  message time is 2989.0 case 9
01:19:20.074 [main] INFO  AV.MCU - VCU_Torque_Commands VCU_Torque_Commands : 9.0 & current time is  2999.0  message time is 2999.0 case 9
01:19:20.559 [main] INFO  AV.MCU - VCU_Torque_Commands VCU_Torque_Commands : 13.0 & current time is  3009.0  message time is 3009.0 case 9
01:19:21.072 [main] INFO  AV.MCU - VCU_Torque_Commands VCU_Torque_Commands : 13.0 & current time is  3019.0  message time is 3019.0 case 9
01:19:21.562 [main] INFO  AV.MCU - VCU_Torque_Commands VCU_Torque_Commands : 13.0 & current time is  3029.0  message time is 3029.0 case 9
01:19:22.048 [main] INFO  AV.MCU - VCU_Torque_Commands VCU_Torque_Commands : 13.0 & current time is  3039.0  message time is 3039.0 case 9
01:19:22.539 [main] INFO  AV.MCU - VCU_Torque_Commands VCU_Torque_Commands : 13.0 & current time is  3049.0  message time is 3049.0 case 9
01:19:23.047 [main] INFO  AV.MCU - VCU_Torque_Commands VCU_Torque_Commands : 13.0 & current time is  3059.0  message time is 3059.0 case 9
01:19:23.573 [main] INFO  AV.MCU - VCU_Torque_Commands VCU_Torque_Commands : 13.0 & current time is  3069.0  message time is 3069.0 case 9
01:19:24.056 [main] INFO  AV.MCU - VCU_Torque_Commands VCU_Torque_Commands : 13.0 & current time is  3079.0  message time is 3079.0 case 9
01:19:24.560 [main] INFO  AV.MCU - VCU_Torque_Commands VCU_Torque_Commands : 13.0 & current time is  3089.0  message time is 3089.0 case 9
01:19:25.003 [main] INFO  AV.MCU - VCU_Torque_Commands VCU_Torque_Commands : 13.0 & current time is  3099.0  message time is 3099.0 case 9
01:19:25.503 [main] INFO  AV.MCU - VCU_Torque_Commands VCU_Torque_Commands : 13.0 & current time is  3109.0  message time is 3109.0 case 9
01:19:26.022 [main] INFO  AV.MCU - VCU_Torque_Commands VCU_Torque_Commands : 13.0 & current time is  3119.0  message time is 3119.0 case 9
01:19:26.541 [main] INFO  AV.MCU - VCU_Torque_Commands VCU_Torque_Commands : 13.0 & current time is  3129.0  message time is 3129.0 case 9
01:19:27.020 [main] INFO  AV.MCU - VCU_Torque_Commands VCU_Torque_Commands : 13.0 & current time is  3139.0  message time is 3139.0 case 9
01:19:27.534 [main] INFO  AV.MCU - VCU_Torque_Commands VCU_Torque_Commands : 13.0 & current time is  3149.0  message time is 3149.0 case 9
01:19:28.060 [main] INFO  AV.MCU - VCU_Torque_Commands VCU_Torque_Commands : 13.0 & current time is  3159.0  message time is 3159.0 case 9
01:19:28.554 [main] INFO  AV.MCU - VCU_Torque_Commands VCU_Torque_Commands : 13.0 & current time is  3169.0  message time is 3169.0 case 9
01:19:29.072 [main] INFO  AV.MCU - VCU_Torque_Commands VCU_Torque_Commands : 13.0 & current time is  3179.0  message time is 3179.0 case 9
01:19:29.576 [main] INFO  AV.MCU - VCU_Torque_Commands VCU_Torque_Commands : 13.0 & current time is  3189.0  message time is 3189.0 case 9
01:19:30.116 [main] INFO  AV.MCU - VCU_Torque_Commands VCU_Torque_Commands : 13.0 & current time is  3199.0  message time is 3199.0 case 9
01:19:30.611 [main] INFO  AV.MCU - VCU_Torque_Commands VCU_Torque_Commands : 13.0 & current time is  3209.0  message time is 3209.0 case 9
01:19:31.103 [main] INFO  AV.MCU - VCU_Torque_Commands VCU_Torque_Commands : 13.0 & current time is  3219.0  message time is 3219.0 case 9
01:19:31.611 [main] INFO  AV.MCU - VCU_Torque_Commands VCU_Torque_Commands : 13.0 & current time is  3229.0  message time is 3229.0 case 9
01:19:32.107 [main] INFO  AV.MCU - VCU_Torque_Commands VCU_Torque_Commands : 13.0 & current time is  3239.0  message time is 3239.0 case 9
01:19:32.609 [main] INFO  AV.MCU - VCU_Torque_Commands VCU_Torque_Commands : 13.0 & current time is  3249.0  message time is 3249.0 case 9
01:19:33.110 [main] INFO  AV.MCU - VCU_Torque_Commands VCU_Torque_Commands : 13.0 & current time is  3259.0  message time is 3259.0 case 9
01:19:33.613 [main] INFO  AV.MCU - VCU_Torque_Commands VCU_Torque_Commands : 13.0 & current time is  3269.0  message time is 3269.0 case 9
01:19:34.128 [main] INFO  AV.MCU - VCU_Torque_Commands VCU_Torque_Commands : 13.0 & current time is  3279.0  message time is 3279.0 case 9
01:19:34.644 [main] INFO  AV.MCU - VCU_Torque_Commands VCU_Torque_Commands : 13.0 & current time is  3289.0  message time is 3289.0 case 9
01:19:35.144 [main] INFO  AV.MCU - VCU_Torque_Commands VCU_Torque_Commands : 13.0 & current time is  3299.0  message time is 3299.0 case 9
01:19:35.638 [main] INFO  AV.MCU - VCU_Torque_Commands VCU_Torque_Commands : 13.0 & current time is  3309.0  message time is 3309.0 case 9
01:19:36.160 [main] INFO  AV.MCU - VCU_Torque_Commands VCU_Torque_Commands : 13.0 & current time is  3319.0  message time is 3319.0 case 9
01:19:36.672 [main] INFO  AV.MCU - VCU_Torque_Commands VCU_Torque_Commands : 13.0 & current time is  3329.0  message time is 3329.0 case 9
01:19:37.387 [main] INFO  AV.MCU - VCU_Torque_Commands VCU_Torque_Commands : 13.0 & current time is  3339.0  message time is 3339.0 case 9
01:19:37.853 [main] INFO  AV.MCU - VCU_Torque_Commands VCU_Torque_Commands : 13.0 & current time is  3349.0  message time is 3349.0 case 9
01:19:38.346 [main] INFO  AV.MCU - VCU_Torque_Commands VCU_Torque_Commands : 13.0 & current time is  3359.0  message time is 3359.0 case 9
01:19:38.833 [main] INFO  AV.MCU - VCU_Torque_Commands VCU_Torque_Commands : 13.0 & current time is  3369.0  message time is 3369.0 case 9
01:19:39.350 [main] INFO  AV.MCU - VCU_Torque_Commands VCU_Torque_Commands : 13.0 & current time is  3379.0  message time is 3379.0 case 9
01:19:39.762 [main] INFO  AV.MCU - VCU_Torque_Commands VCU_Torque_Commands : 13.0 & current time is  3389.0  message time is 3389.0 case 9
01:19:40.268 [main] INFO  AV.MCU - VCU_Torque_Commands VCU_Torque_Commands : 13.0 & current time is  3399.0  message time is 3399.0 case 9
01:19:40.767 [main] INFO  AV.MCU - VCU_Torque_Commands VCU_Torque_Commands : 13.0 & current time is  3409.0  message time is 3409.0 case 9
01:19:41.251 [main] INFO  AV.MCU - VCU_Torque_Commands VCU_Torque_Commands : 13.0 & current time is  3419.0  message time is 3419.0 case 9
01:19:41.758 [main] INFO  AV.MCU - VCU_Torque_Commands VCU_Torque_Commands : 13.0 & current time is  3429.0  message time is 3429.0 case 9
01:19:42.253 [main] INFO  AV.MCU - VCU_Torque_Commands VCU_Torque_Commands : 13.0 & current time is  3439.0  message time is 3439.0 case 9
01:19:42.747 [main] INFO  AV.MCU - VCU_Torque_Commands VCU_Torque_Commands : 13.0 & current time is  3449.0  message time is 3449.0 case 9
01:19:43.237 [main] INFO  AV.MCU - VCU_Torque_Commands VCU_Torque_Commands : 13.0 & current time is  3459.0  message time is 3459.0 case 9
01:19:43.779 [main] INFO  AV.MCU - VCU_Torque_Commands VCU_Torque_Commands : 13.0 & current time is  3469.0  message time is 3469.0 case 9
01:19:44.286 [main] INFO  AV.MCU - VCU_Torque_Commands VCU_Torque_Commands : 13.0 & current time is  3479.0  message time is 3479.0 case 9
01:19:44.806 [main] INFO  AV.MCU - VCU_Torque_Commands VCU_Torque_Commands : 13.0 & current time is  3489.0  message time is 3489.0 case 9
01:19:45.299 [main] INFO  AV.MCU - VCU_Torque_Commands VCU_Torque_Commands : 13.0 & current time is  3499.0  message time is 3499.0 case 9
01:19:45.812 [main] INFO  AV.MCU - VCU_Torque_Commands VCU_Torque_Commands : 13.0 & current time is  3509.0  message time is 3509.0 case 9
01:19:46.314 [main] INFO  AV.MCU - VCU_Torque_Commands VCU_Torque_Commands : 13.0 & current time is  3519.0  message time is 3519.0 case 9
01:19:46.800 [main] INFO  AV.MCU - VCU_Torque_Commands VCU_Torque_Commands : 13.0 & current time is  3529.0  message time is 3529.0 case 9
01:19:47.319 [main] INFO  AV.MCU - VCU_Torque_Commands VCU_Torque_Commands : 13.0 & current time is  3539.0  message time is 3539.0 case 9
01:19:47.840 [main] INFO  AV.MCU - VCU_Torque_Commands VCU_Torque_Commands : 13.0 & current time is  3549.0  message time is 3549.0 case 9
01:19:48.334 [main] INFO  AV.MCU - VCU_Torque_Commands VCU_Torque_Commands : 13.0 & current time is  3559.0  message time is 3559.0 case 9
01:19:48.818 [main] INFO  AV.MCU - VCU_Torque_Commands VCU_Torque_Commands : 13.0 & current time is  3569.0  message time is 3569.0 case 9
01:19:49.340 [main] INFO  AV.MCU - VCU_Torque_Commands VCU_Torque_Commands : 13.0 & current time is  3579.0  message time is 3579.0 case 9
01:19:49.812 [main] INFO  AV.MCU - VCU_Torque_Commands VCU_Torque_Commands : 13.0 & current time is  3589.0  message time is 3589.0 case 9
01:19:50.256 [main] INFO  AV.MCU - VCU_Torque_Commands VCU_Torque_Commands : 13.0 & current time is  3599.0  message time is 3599.0 case 9
01:19:50.743 [main] INFO  AV.MCU - VCU_Torque_Commands VCU_Torque_Commands : 13.0 & current time is  3609.0  message time is 3609.0 case 9
01:19:51.248 [main] INFO  AV.MCU - VCU_Torque_Commands VCU_Torque_Commands : 13.0 & current time is  3619.0  message time is 3619.0 case 9
01:19:51.747 [main] INFO  AV.MCU - VCU_Torque_Commands VCU_Torque_Commands : 13.0 & current time is  3629.0  message time is 3629.0 case 9
01:19:52.267 [main] INFO  AV.MCU - VCU_Torque_Commands VCU_Torque_Commands : 13.0 & current time is  3639.0  message time is 3639.0 case 9
01:19:52.775 [main] INFO  AV.MCU - VCU_Torque_Commands VCU_Torque_Commands : 13.0 & current time is  3649.0  message time is 3649.0 case 9
01:19:53.287 [main] INFO  AV.MCU - VCU_Torque_Commands VCU_Torque_Commands : 13.0 & current time is  3659.0  message time is 3659.0 case 9
01:19:53.797 [main] INFO  AV.MCU - VCU_Torque_Commands VCU_Torque_Commands : 13.0 & current time is  3669.0  message time is 3669.0 case 9
01:19:54.363 [main] INFO  AV.MCU - VCU_Torque_Commands VCU_Torque_Commands : 13.0 & current time is  3679.0  message time is 3679.0 case 9
01:19:54.869 [main] INFO  AV.MCU - VCU_Torque_Commands VCU_Torque_Commands : 13.0 & current time is  3689.0  message time is 3689.0 case 9
01:19:55.368 [main] INFO  AV.MCU - VCU_Torque_Commands VCU_Torque_Commands : 13.0 & current time is  3699.0  message time is 3699.0 case 9
01:19:55.858 [main] INFO  AV.MCU - VCU_Torque_Commands VCU_Torque_Commands : 13.0 & current time is  3709.0  message time is 3709.0 case 9
01:19:56.401 [main] INFO  AV.MCU - VCU_Torque_Commands VCU_Torque_Commands : 13.0 & current time is  3719.0  message time is 3719.0 case 9
01:19:56.923 [main] INFO  AV.MCU - VCU_Torque_Commands VCU_Torque_Commands : 13.0 & current time is  3729.0  message time is 3729.0 case 9
01:19:57.447 [main] INFO  AV.MCU - VCU_Torque_Commands VCU_Torque_Commands : 13.0 & current time is  3739.0  message time is 3739.0 case 9
01:19:57.958 [main] INFO  AV.MCU - VCU_Torque_Commands VCU_Torque_Commands : 13.0 & current time is  3749.0  message time is 3749.0 case 9
01:19:58.448 [main] INFO  AV.MCU - VCU_Torque_Commands VCU_Torque_Commands : 13.0 & current time is  3759.0  message time is 3759.0 case 9
01:19:58.978 [main] INFO  AV.MCU - VCU_Torque_Commands VCU_Torque_Commands : 13.0 & current time is  3769.0  message time is 3769.0 case 9
01:19:59.450 [main] INFO  AV.MCU - VCU_Torque_Commands VCU_Torque_Commands : 13.0 & current time is  3779.0  message time is 3779.0 case 9
01:19:59.944 [main] INFO  AV.MCU - VCU_Torque_Commands VCU_Torque_Commands : 13.0 & current time is  3789.0  message time is 3789.0 case 9
01:20:00.453 [main] INFO  AV.MCU - VCU_Torque_Commands VCU_Torque_Commands : 13.0 & current time is  3799.0  message time is 3799.0 case 9
01:20:00.962 [main] INFO  AV.MCU - VCU_Torque_Commands VCU_Torque_Commands : 13.0 & current time is  3809.0  message time is 3809.0 case 9
01:20:01.492 [main] INFO  AV.MCU - VCU_Torque_Commands VCU_Torque_Commands : 13.0 & current time is  3819.0  message time is 3819.0 case 9
01:20:01.973 [main] INFO  AV.MCU - VCU_Torque_Commands VCU_Torque_Commands : 13.0 & current time is  3829.0  message time is 3829.0 case 9
01:20:02.711 [main] INFO  AV.MCU - VCU_Torque_Commands VCU_Torque_Commands : 13.0 & current time is  3839.0  message time is 3839.0 case 9
01:20:03.206 [main] INFO  AV.MCU - VCU_Torque_Commands VCU_Torque_Commands : 13.0 & current time is  3849.0  message time is 3849.0 case 9
01:20:03.709 [main] INFO  AV.MCU - VCU_Torque_Commands VCU_Torque_Commands : 13.0 & current time is  3859.0  message time is 3859.0 case 9
01:20:04.215 [main] INFO  AV.MCU - VCU_Torque_Commands VCU_Torque_Commands : 13.0 & current time is  3869.0  message time is 3869.0 case 9
01:20:04.678 [main] INFO  AV.MCU - VCU_Torque_Commands VCU_Torque_Commands : 13.0 & current time is  3879.0  message time is 3879.0 case 9
01:20:05.183 [main] INFO  AV.MCU - VCU_Torque_Commands VCU_Torque_Commands : 13.0 & current time is  3889.0  message time is 3889.0 case 9
01:20:05.681 [main] INFO  AV.MCU - VCU_Torque_Commands VCU_Torque_Commands : 13.0 & current time is  3899.0  message time is 3899.0 case 9
01:20:06.179 [main] INFO  AV.MCU - VCU_Torque_Commands VCU_Torque_Commands : 13.0 & current time is  3909.0  message time is 3909.0 case 9
01:20:06.684 [main] INFO  AV.MCU - VCU_Torque_Commands VCU_Torque_Commands : 13.0 & current time is  3919.0  message time is 3919.0 case 9
01:20:07.190 [main] INFO  AV.MCU - VCU_Torque_Commands VCU_Torque_Commands : 13.0 & current time is  3929.0  message time is 3929.0 case 9
01:20:07.680 [main] INFO  AV.MCU - VCU_Torque_Commands VCU_Torque_Commands : 13.0 & current time is  3939.0  message time is 3939.0 case 9
01:20:08.192 [main] INFO  AV.MCU - VCU_Torque_Commands VCU_Torque_Commands : 13.0 & current time is  3949.0  message time is 3949.0 case 9
01:20:08.706 [main] INFO  AV.MCU - VCU_Torque_Commands VCU_Torque_Commands : 13.0 & current time is  3959.0  message time is 3959.0 case 9
01:20:09.227 [main] INFO  AV.MCU - VCU_Torque_Commands VCU_Torque_Commands : 13.0 & current time is  3969.0  message time is 3969.0 case 9
01:20:09.748 [main] INFO  AV.MCU - VCU_Torque_Commands VCU_Torque_Commands : 13.0 & current time is  3979.0  message time is 3979.0 case 9
01:20:10.204 [main] INFO  AV.MCU - VCU_Torque_Commands VCU_Torque_Commands : 13.0 & current time is  3989.0  message time is 3989.0 case 9
01:20:10.708 [main] INFO  AV.MCU - VCU_Torque_Commands VCU_Torque_Commands : 13.0 & current time is  3999.0  message time is 3999.0 case 9
01:20:11.217 [main] INFO  AV.MCU - VCU_Torque_Commands VCU_Torque_Commands : 17.0 & current time is  4009.0  message time is 4009.0 case 9
01:20:11.718 [main] INFO  AV.MCU - VCU_Torque_Commands VCU_Torque_Commands : 17.0 & current time is  4019.0  message time is 4019.0 case 9
01:20:12.184 [main] INFO  AV.MCU - VCU_Torque_Commands VCU_Torque_Commands : 17.0 & current time is  4029.0  message time is 4029.0 case 9
01:20:12.581 [main] INFO  AV.MCU - VCU_Torque_Commands VCU_Torque_Commands : 17.0 & current time is  4039.0  message time is 4039.0 case 9
01:20:13.103 [main] INFO  AV.MCU - VCU_Torque_Commands VCU_Torque_Commands : 17.0 & current time is  4049.0  message time is 4049.0 case 9
01:20:13.626 [main] INFO  AV.MCU - VCU_Torque_Commands VCU_Torque_Commands : 17.0 & current time is  4059.0  message time is 4059.0 case 9
01:20:14.131 [main] INFO  AV.MCU - VCU_Torque_Commands VCU_Torque_Commands : 17.0 & current time is  4069.0  message time is 4069.0 case 9
01:20:14.619 [main] INFO  AV.MCU - VCU_Torque_Commands VCU_Torque_Commands : 17.0 & current time is  4079.0  message time is 4079.0 case 9
01:20:15.135 [main] INFO  AV.MCU - VCU_Torque_Commands VCU_Torque_Commands : 17.0 & current time is  4089.0  message time is 4089.0 case 9
01:20:15.634 [main] INFO  AV.MCU - VCU_Torque_Commands VCU_Torque_Commands : 17.0 & current time is  4099.0  message time is 4099.0 case 9
01:20:16.134 [main] INFO  AV.MCU - VCU_Torque_Commands VCU_Torque_Commands : 17.0 & current time is  4109.0  message time is 4109.0 case 9
01:20:16.552 [main] INFO  AV.MCU - VCU_Torque_Commands VCU_Torque_Commands : 17.0 & current time is  4119.0  message time is 4119.0 case 9
01:20:17.027 [main] INFO  AV.MCU - VCU_Torque_Commands VCU_Torque_Commands : 17.0 & current time is  4129.0  message time is 4129.0 case 9
01:20:17.547 [main] INFO  AV.MCU - VCU_Torque_Commands VCU_Torque_Commands : 17.0 & current time is  4139.0  message time is 4139.0 case 9
01:20:18.059 [main] INFO  AV.MCU - VCU_Torque_Commands VCU_Torque_Commands : 17.0 & current time is  4149.0  message time is 4149.0 case 9
01:20:18.574 [main] INFO  AV.MCU - VCU_Torque_Commands VCU_Torque_Commands : 17.0 & current time is  4159.0  message time is 4159.0 case 9
01:20:19.056 [main] INFO  AV.MCU - VCU_Torque_Commands VCU_Torque_Commands : 17.0 & current time is  4169.0  message time is 4169.0 case 9
01:20:19.574 [main] INFO  AV.MCU - VCU_Torque_Commands VCU_Torque_Commands : 17.0 & current time is  4179.0  message time is 4179.0 case 9
01:20:20.076 [main] INFO  AV.MCU - VCU_Torque_Commands VCU_Torque_Commands : 17.0 & current time is  4189.0  message time is 4189.0 case 9
01:20:20.564 [main] INFO  AV.MCU - VCU_Torque_Commands VCU_Torque_Commands : 17.0 & current time is  4199.0  message time is 4199.0 case 9
01:20:21.056 [main] INFO  AV.MCU - VCU_Torque_Commands VCU_Torque_Commands : 17.0 & current time is  4209.0  message time is 4209.0 case 9
01:20:21.557 [main] INFO  AV.MCU - VCU_Torque_Commands VCU_Torque_Commands : 17.0 & current time is  4219.0  message time is 4219.0 case 9
01:20:22.050 [main] INFO  AV.MCU - VCU_Torque_Commands VCU_Torque_Commands : 17.0 & current time is  4229.0  message time is 4229.0 case 9
01:20:22.547 [main] INFO  AV.MCU - VCU_Torque_Commands VCU_Torque_Commands : 17.0 & current time is  4239.0  message time is 4239.0 case 9
01:20:23.057 [main] INFO  AV.MCU - VCU_Torque_Commands VCU_Torque_Commands : 17.0 & current time is  4249.0  message time is 4249.0 case 9
01:20:23.581 [main] INFO  AV.MCU - VCU_Torque_Commands VCU_Torque_Commands : 17.0 & current time is  4259.0  message time is 4259.0 case 9
01:20:24.073 [main] INFO  AV.MCU - VCU_Torque_Commands VCU_Torque_Commands : 17.0 & current time is  4269.0  message time is 4269.0 case 9
01:20:24.542 [main] INFO  AV.MCU - VCU_Torque_Commands VCU_Torque_Commands : 17.0 & current time is  4279.0  message time is 4279.0 case 9
01:20:25.103 [main] INFO  AV.MCU - VCU_Torque_Commands VCU_Torque_Commands : 17.0 & current time is  4289.0  message time is 4289.0 case 9
01:20:25.600 [main] INFO  AV.MCU - VCU_Torque_Commands VCU_Torque_Commands : 17.0 & current time is  4299.0  message time is 4299.0 case 9
01:20:26.062 [main] INFO  AV.MCU - VCU_Torque_Commands VCU_Torque_Commands : 17.0 & current time is  4309.0  message time is 4309.0 case 9
01:20:26.488 [main] INFO  AV.MCU - VCU_Torque_Commands VCU_Torque_Commands : 17.0 & current time is  4319.0  message time is 4319.0 case 9
01:20:27.002 [main] INFO  AV.MCU - VCU_Torque_Commands VCU_Torque_Commands : 17.0 & current time is  4329.0  message time is 4329.0 case 9
01:20:27.579 [main] INFO  AV.MCU - VCU_Torque_Commands VCU_Torque_Commands : 17.0 & current time is  4339.0  message time is 4339.0 case 9
01:20:28.076 [main] INFO  AV.MCU - VCU_Torque_Commands VCU_Torque_Commands : 17.0 & current time is  4349.0  message time is 4349.0 case 9
01:20:28.571 [main] INFO  AV.MCU - VCU_Torque_Commands VCU_Torque_Commands : 17.0 & current time is  4359.0  message time is 4359.0 case 9
01:20:29.072 [main] INFO  AV.MCU - VCU_Torque_Commands VCU_Torque_Commands : 17.0 & current time is  4369.0  message time is 4369.0 case 9
01:20:29.597 [main] INFO  AV.MCU - VCU_Torque_Commands VCU_Torque_Commands : 17.0 & current time is  4379.0  message time is 4379.0 case 9
01:20:30.088 [main] INFO  AV.MCU - VCU_Torque_Commands VCU_Torque_Commands : 17.0 & current time is  4389.0  message time is 4389.0 case 9
01:20:30.612 [main] INFO  AV.MCU - VCU_Torque_Commands VCU_Torque_Commands : 17.0 & current time is  4399.0  message time is 4399.0 case 9
01:20:31.410 [main] INFO  AV.MCU - VCU_Torque_Commands VCU_Torque_Commands : 17.0 & current time is  4409.0  message time is 4409.0 case 9
01:20:31.959 [main] INFO  AV.MCU - VCU_Torque_Commands VCU_Torque_Commands : 17.0 & current time is  4419.0  message time is 4419.0 case 9
01:20:32.469 [main] INFO  AV.MCU - VCU_Torque_Commands VCU_Torque_Commands : 17.0 & current time is  4429.0  message time is 4429.0 case 9
01:20:32.971 [main] INFO  AV.MCU - VCU_Torque_Commands VCU_Torque_Commands : 17.0 & current time is  4439.0  message time is 4439.0 case 9
01:20:33.453 [main] INFO  AV.MCU - VCU_Torque_Commands VCU_Torque_Commands : 17.0 & current time is  4449.0  message time is 4449.0 case 9
01:20:33.963 [main] INFO  AV.MCU - VCU_Torque_Commands VCU_Torque_Commands : 17.0 & current time is  4459.0  message time is 4459.0 case 9
01:20:34.487 [main] INFO  AV.MCU - VCU_Torque_Commands VCU_Torque_Commands : 17.0 & current time is  4469.0  message time is 4469.0 case 9
01:20:35.040 [main] INFO  AV.MCU - VCU_Torque_Commands VCU_Torque_Commands : 17.0 & current time is  4479.0  message time is 4479.0 case 9
01:20:35.494 [main] INFO  AV.MCU - VCU_Torque_Commands VCU_Torque_Commands : 17.0 & current time is  4489.0  message time is 4489.0 case 9
01:20:36.020 [main] INFO  AV.MCU - VCU_Torque_Commands VCU_Torque_Commands : 17.0 & current time is  4499.0  message time is 4499.0 case 9
01:20:36.517 [main] INFO  AV.MCU - VCU_Torque_Commands VCU_Torque_Commands : 17.0 & current time is  4509.0  message time is 4509.0 case 9
01:20:37.028 [main] INFO  AV.MCU - VCU_Torque_Commands VCU_Torque_Commands : 17.0 & current time is  4519.0  message time is 4519.0 case 9
01:20:37.548 [main] INFO  AV.MCU - VCU_Torque_Commands VCU_Torque_Commands : 17.0 & current time is  4529.0  message time is 4529.0 case 9
01:20:38.077 [main] INFO  AV.MCU - VCU_Torque_Commands VCU_Torque_Commands : 17.0 & current time is  4539.0  message time is 4539.0 case 9
01:20:38.606 [main] INFO  AV.MCU - VCU_Torque_Commands VCU_Torque_Commands : 17.0 & current time is  4549.0  message time is 4549.0 case 9
01:20:39.098 [main] INFO  AV.MCU - VCU_Torque_Commands VCU_Torque_Commands : 17.0 & current time is  4559.0  message time is 4559.0 case 9
01:20:39.657 [main] INFO  AV.MCU - VCU_Torque_Commands VCU_Torque_Commands : 17.0 & current time is  4569.0  message time is 4569.0 case 9
01:20:40.141 [main] INFO  AV.MCU - VCU_Torque_Commands VCU_Torque_Commands : 17.0 & current time is  4579.0  message time is 4579.0 case 9
01:20:40.659 [main] INFO  AV.MCU - VCU_Torque_Commands VCU_Torque_Commands : 17.0 & current time is  4589.0  message time is 4589.0 case 9
01:20:41.187 [main] INFO  AV.MCU - VCU_Torque_Commands VCU_Torque_Commands : 17.0 & current time is  4599.0  message time is 4599.0 case 9
01:20:41.696 [main] INFO  AV.MCU - VCU_Torque_Commands VCU_Torque_Commands : 17.0 & current time is  4609.0  message time is 4609.0 case 9
01:20:42.218 [main] INFO  AV.MCU - VCU_Torque_Commands VCU_Torque_Commands : 17.0 & current time is  4619.0  message time is 4619.0 case 9
01:20:42.719 [main] INFO  AV.MCU - VCU_Torque_Commands VCU_Torque_Commands : 17.0 & current time is  4629.0  message time is 4629.0 case 9
01:20:43.265 [main] INFO  AV.MCU - VCU_Torque_Commands VCU_Torque_Commands : 17.0 & current time is  4639.0  message time is 4639.0 case 9
01:20:43.763 [main] INFO  AV.MCU - VCU_Torque_Commands VCU_Torque_Commands : 17.0 & current time is  4649.0  message time is 4649.0 case 9
01:20:44.288 [main] INFO  AV.MCU - VCU_Torque_Commands VCU_Torque_Commands : 17.0 & current time is  4659.0  message time is 4659.0 case 9
01:20:44.792 [main] INFO  AV.MCU - VCU_Torque_Commands VCU_Torque_Commands : 17.0 & current time is  4669.0  message time is 4669.0 case 9
01:20:45.307 [main] INFO  AV.MCU - VCU_Torque_Commands VCU_Torque_Commands : 17.0 & current time is  4679.0  message time is 4679.0 case 9
01:20:45.820 [main] INFO  AV.MCU - VCU_Torque_Commands VCU_Torque_Commands : 17.0 & current time is  4689.0  message time is 4689.0 case 9
01:20:46.271 [main] INFO  AV.MCU - VCU_Torque_Commands VCU_Torque_Commands : 17.0 & current time is  4699.0  message time is 4699.0 case 9
01:20:46.788 [main] INFO  AV.MCU - VCU_Torque_Commands VCU_Torque_Commands : 17.0 & current time is  4709.0  message time is 4709.0 case 9
01:20:47.304 [main] INFO  AV.MCU - VCU_Torque_Commands VCU_Torque_Commands : 17.0 & current time is  4719.0  message time is 4719.0 case 9
01:20:47.815 [main] INFO  AV.MCU - VCU_Torque_Commands VCU_Torque_Commands : 17.0 & current time is  4729.0  message time is 4729.0 case 9
01:20:48.318 [main] INFO  AV.MCU - VCU_Torque_Commands VCU_Torque_Commands : 17.0 & current time is  4739.0  message time is 4739.0 case 9
01:20:48.823 [main] INFO  AV.MCU - VCU_Torque_Commands VCU_Torque_Commands : 17.0 & current time is  4749.0  message time is 4749.0 case 9
01:20:49.324 [main] INFO  AV.MCU - VCU_Torque_Commands VCU_Torque_Commands : 17.0 & current time is  4759.0  message time is 4759.0 case 9
01:20:49.806 [main] INFO  AV.MCU - VCU_Torque_Commands VCU_Torque_Commands : 17.0 & current time is  4769.0  message time is 4769.0 case 9
01:20:50.324 [main] INFO  AV.MCU - VCU_Torque_Commands VCU_Torque_Commands : 17.0 & current time is  4779.0  message time is 4779.0 case 9
01:20:50.802 [main] INFO  AV.MCU - VCU_Torque_Commands VCU_Torque_Commands : 17.0 & current time is  4789.0  message time is 4789.0 case 9
01:20:51.316 [main] INFO  AV.MCU - VCU_Torque_Commands VCU_Torque_Commands : 17.0 & current time is  4799.0  message time is 4799.0 case 9
01:20:51.836 [main] INFO  AV.MCU - VCU_Torque_Commands VCU_Torque_Commands : 17.0 & current time is  4809.0  message time is 4809.0 case 9
01:20:52.343 [main] INFO  AV.MCU - VCU_Torque_Commands VCU_Torque_Commands : 17.0 & current time is  4819.0  message time is 4819.0 case 9
01:20:52.824 [main] INFO  AV.MCU - VCU_Torque_Commands VCU_Torque_Commands : 17.0 & current time is  4829.0  message time is 4829.0 case 9
01:20:53.326 [main] INFO  AV.MCU - VCU_Torque_Commands VCU_Torque_Commands : 17.0 & current time is  4839.0  message time is 4839.0 case 9
01:20:53.812 [main] INFO  AV.MCU - VCU_Torque_Commands VCU_Torque_Commands : 17.0 & current time is  4849.0  message time is 4849.0 case 9
01:20:54.299 [main] INFO  AV.MCU - VCU_Torque_Commands VCU_Torque_Commands : 17.0 & current time is  4859.0  message time is 4859.0 case 9
01:20:54.775 [main] INFO  AV.MCU - VCU_Torque_Commands VCU_Torque_Commands : 17.0 & current time is  4869.0  message time is 4869.0 case 9
01:20:55.286 [main] INFO  AV.MCU - VCU_Torque_Commands VCU_Torque_Commands : 17.0 & current time is  4879.0  message time is 4879.0 case 9
01:20:55.799 [main] INFO  AV.MCU - VCU_Torque_Commands VCU_Torque_Commands : 17.0 & current time is  4889.0  message time is 4889.0 case 9
01:20:56.280 [main] INFO  AV.MCU - VCU_Torque_Commands VCU_Torque_Commands : 17.0 & current time is  4899.0  message time is 4899.0 case 9
01:20:56.756 [main] INFO  AV.MCU - VCU_Torque_Commands VCU_Torque_Commands : 17.0 & current time is  4909.0  message time is 4909.0 case 9
01:20:57.293 [main] INFO  AV.MCU - VCU_Torque_Commands VCU_Torque_Commands : 17.0 & current time is  4919.0  message time is 4919.0 case 9
01:20:57.812 [main] INFO  AV.MCU - VCU_Torque_Commands VCU_Torque_Commands : 17.0 & current time is  4929.0  message time is 4929.0 case 9
01:20:58.334 [main] INFO  AV.MCU - VCU_Torque_Commands VCU_Torque_Commands : 17.0 & current time is  4939.0  message time is 4939.0 case 9
01:20:58.823 [main] INFO  AV.MCU - VCU_Torque_Commands VCU_Torque_Commands : 17.0 & current time is  4949.0  message time is 4949.0 case 9
01:20:59.355 [main] INFO  AV.MCU - VCU_Torque_Commands VCU_Torque_Commands : 17.0 & current time is  4959.0  message time is 4959.0 case 9
01:21:00.053 [main] INFO  AV.MCU - VCU_Torque_Commands VCU_Torque_Commands : 17.0 & current time is  4969.0  message time is 4969.0 case 9
01:21:00.584 [main] INFO  AV.MCU - VCU_Torque_Commands VCU_Torque_Commands : 17.0 & current time is  4979.0  message time is 4979.0 case 9
01:21:01.082 [main] INFO  AV.MCU - VCU_Torque_Commands VCU_Torque_Commands : 17.0 & current time is  4989.0  message time is 4989.0 case 9
01:21:01.590 [main] INFO  AV.MCU - VCU_Torque_Commands VCU_Torque_Commands : 17.0 & current time is  4999.0  message time is 4999.0 case 9
01:21:02.093 [main] INFO  AV.MCU - VCU_Torque_Commands VCU_Torque_Commands : 17.0 & current time is  5009.0  message time is 5009.0 case 9
01:21:02.571 [main] INFO  AV.MCU - VCU_Torque_Commands VCU_Torque_Commands : 17.0 & current time is  5019.0  message time is 5019.0 case 9
01:21:03.092 [main] INFO  AV.MCU - VCU_Torque_Commands VCU_Torque_Commands : 17.0 & current time is  5029.0  message time is 5029.0 case 9
01:21:03.591 [main] INFO  AV.MCU - VCU_Torque_Commands VCU_Torque_Commands : 17.0 & current time is  5039.0  message time is 5039.0 case 9
01:21:04.068 [main] INFO  AV.MCU - VCU_Torque_Commands VCU_Torque_Commands : 17.0 & current time is  5049.0  message time is 5049.0 case 9
01:21:04.588 [main] INFO  AV.MCU - VCU_Torque_Commands VCU_Torque_Commands : 17.0 & current time is  5059.0  message time is 5059.0 case 9
01:21:05.123 [main] INFO  AV.MCU - VCU_Torque_Commands VCU_Torque_Commands : 17.0 & current time is  5069.0  message time is 5069.0 case 9
01:21:05.667 [main] INFO  AV.MCU - VCU_Torque_Commands VCU_Torque_Commands : 17.0 & current time is  5079.0  message time is 5079.0 case 9
01:21:06.143 [main] INFO  AV.MCU - VCU_Torque_Commands VCU_Torque_Commands : 17.0 & current time is  5089.0  message time is 5089.0 case 9
01:21:06.636 [main] INFO  AV.MCU - VCU_Torque_Commands VCU_Torque_Commands : 17.0 & current time is  5099.0  message time is 5099.0 case 9
01:21:07.150 [main] INFO  AV.MCU - VCU_Torque_Commands VCU_Torque_Commands : 17.0 & current time is  5109.0  message time is 5109.0 case 9
01:21:07.631 [main] INFO  AV.MCU - VCU_Torque_Commands VCU_Torque_Commands : 17.0 & current time is  5119.0  message time is 5119.0 case 9
01:21:08.126 [main] INFO  AV.MCU - VCU_Torque_Commands VCU_Torque_Commands : 17.0 & current time is  5129.0  message time is 5129.0 case 9
01:21:08.640 [main] INFO  AV.MCU - VCU_Torque_Commands VCU_Torque_Commands : 17.0 & current time is  5139.0  message time is 5139.0 case 9
01:21:09.138 [main] INFO  AV.MCU - VCU_Torque_Commands VCU_Torque_Commands : 17.0 & current time is  5149.0  message time is 5149.0 case 9
01:21:09.660 [main] INFO  AV.MCU - VCU_Torque_Commands VCU_Torque_Commands : 17.0 & current time is  5159.0  message time is 5159.0 case 9
01:21:10.212 [main] INFO  AV.MCU - VCU_Torque_Commands VCU_Torque_Commands : 17.0 & current time is  5169.0  message time is 5169.0 case 9
01:21:10.731 [main] INFO  AV.MCU - VCU_Torque_Commands VCU_Torque_Commands : 17.0 & current time is  5179.0  message time is 5179.0 case 9
01:21:11.220 [main] INFO  AV.MCU - VCU_Torque_Commands VCU_Torque_Commands : 17.0 & current time is  5189.0  message time is 5189.0 case 9
01:21:11.692 [main] INFO  AV.MCU - VCU_Torque_Commands VCU_Torque_Commands : 17.0 & current time is  5199.0  message time is 5199.0 case 9
01:21:12.210 [main] INFO  AV.MCU - VCU_Torque_Commands VCU_Torque_Commands : 17.0 & current time is  5209.0  message time is 5209.0 case 9
01:21:12.729 [main] INFO  AV.MCU - VCU_Torque_Commands VCU_Torque_Commands : 17.0 & current time is  5219.0  message time is 5219.0 case 9
01:21:13.256 [main] INFO  AV.MCU - VCU_Torque_Commands VCU_Torque_Commands : 17.0 & current time is  5229.0  message time is 5229.0 case 9
01:21:13.767 [main] INFO  AV.MCU - VCU_Torque_Commands VCU_Torque_Commands : 17.0 & current time is  5239.0  message time is 5239.0 case 9
01:21:14.258 [main] INFO  AV.MCU - VCU_Torque_Commands VCU_Torque_Commands : 17.0 & current time is  5249.0  message time is 5249.0 case 9
01:21:14.762 [main] INFO  AV.MCU - VCU_Torque_Commands VCU_Torque_Commands : 17.0 & current time is  5259.0  message time is 5259.0 case 9
01:21:15.262 [main] INFO  AV.MCU - VCU_Torque_Commands VCU_Torque_Commands : 17.0 & current time is  5269.0  message time is 5269.0 case 9
01:21:15.760 [main] INFO  AV.MCU - VCU_Torque_Commands VCU_Torque_Commands : 17.0 & current time is  5279.0  message time is 5279.0 case 9
01:21:16.264 [main] INFO  AV.MCU - VCU_Torque_Commands VCU_Torque_Commands : 17.0 & current time is  5289.0  message time is 5289.0 case 9
01:21:16.773 [main] INFO  AV.MCU - VCU_Torque_Commands VCU_Torque_Commands : 17.0 & current time is  5299.0  message time is 5299.0 case 9
01:21:17.264 [main] INFO  AV.MCU - VCU_Torque_Commands VCU_Torque_Commands : 17.0 & current time is  5309.0  message time is 5309.0 case 9
01:21:17.790 [main] INFO  AV.MCU - VCU_Torque_Commands VCU_Torque_Commands : 17.0 & current time is  5319.0  message time is 5319.0 case 9
01:21:18.274 [main] INFO  AV.MCU - VCU_Torque_Commands VCU_Torque_Commands : 17.0 & current time is  5329.0  message time is 5329.0 case 9
01:21:18.787 [main] INFO  AV.MCU - VCU_Torque_Commands VCU_Torque_Commands : 17.0 & current time is  5339.0  message time is 5339.0 case 9
01:21:19.268 [main] INFO  AV.MCU - VCU_Torque_Commands VCU_Torque_Commands : 17.0 & current time is  5349.0  message time is 5349.0 case 9
01:21:19.758 [main] INFO  AV.MCU - VCU_Torque_Commands VCU_Torque_Commands : 17.0 & current time is  5359.0  message time is 5359.0 case 9
01:21:20.264 [main] INFO  AV.MCU - VCU_Torque_Commands VCU_Torque_Commands : 17.0 & current time is  5369.0  message time is 5369.0 case 9
01:21:20.781 [main] INFO  AV.MCU - VCU_Torque_Commands VCU_Torque_Commands : 17.0 & current time is  5379.0  message time is 5379.0 case 9
01:21:21.277 [main] INFO  AV.MCU - VCU_Torque_Commands VCU_Torque_Commands : 17.0 & current time is  5389.0  message time is 5389.0 case 9
01:21:21.782 [main] INFO  AV.MCU - VCU_Torque_Commands VCU_Torque_Commands : 17.0 & current time is  5399.0  message time is 5399.0 case 9
01:21:22.289 [main] INFO  AV.MCU - VCU_Torque_Commands VCU_Torque_Commands : 17.0 & current time is  5409.0  message time is 5409.0 case 9
01:21:22.761 [main] INFO  AV.MCU - VCU_Torque_Commands VCU_Torque_Commands : 17.0 & current time is  5419.0  message time is 5419.0 case 9
01:21:23.249 [main] INFO  AV.MCU - VCU_Torque_Commands VCU_Torque_Commands : 17.0 & current time is  5429.0  message time is 5429.0 case 9
01:21:23.757 [main] INFO  AV.MCU - VCU_Torque_Commands VCU_Torque_Commands : 17.0 & current time is  5439.0  message time is 5439.0 case 9
01:21:24.267 [main] INFO  AV.MCU - VCU_Torque_Commands VCU_Torque_Commands : 17.0 & current time is  5449.0  message time is 5449.0 case 9
01:21:24.755 [main] INFO  AV.MCU - VCU_Torque_Commands VCU_Torque_Commands : 17.0 & current time is  5459.0  message time is 5459.0 case 9
01:21:25.249 [main] INFO  AV.MCU - VCU_Torque_Commands VCU_Torque_Commands : 17.0 & current time is  5469.0  message time is 5469.0 case 9
01:21:25.759 [main] INFO  AV.MCU - VCU_Torque_Commands VCU_Torque_Commands : 17.0 & current time is  5479.0  message time is 5479.0 case 9
01:21:26.256 [main] INFO  AV.MCU - VCU_Torque_Commands VCU_Torque_Commands : 17.0 & current time is  5489.0  message time is 5489.0 case 9
01:21:26.777 [main] INFO  AV.MCU - VCU_Torque_Commands VCU_Torque_Commands : 17.0 & current time is  5499.0  message time is 5499.0 case 9
01:21:27.271 [main] INFO  AV.MCU - VCU_Torque_Commands VCU_Torque_Commands : 17.0 & current time is  5509.0  message time is 5509.0 case 9
01:21:27.773 [main] INFO  AV.MCU - VCU_Torque_Commands VCU_Torque_Commands : 17.0 & current time is  5519.0  message time is 5519.0 case 9
01:21:28.247 [main] INFO  AV.MCU - VCU_Torque_Commands VCU_Torque_Commands : 17.0 & current time is  5529.0  message time is 5529.0 case 9
01:21:28.769 [main] INFO  AV.MCU - VCU_Torque_Commands VCU_Torque_Commands : 17.0 & current time is  5539.0  message time is 5539.0 case 9
01:21:29.268 [main] INFO  AV.MCU - VCU_Torque_Commands VCU_Torque_Commands : 17.0 & current time is  5549.0  message time is 5549.0 case 9
01:21:29.780 [main] INFO  AV.MCU - VCU_Torque_Commands VCU_Torque_Commands : 17.0 & current time is  5559.0  message time is 5559.0 case 9
01:21:30.287 [main] INFO  AV.MCU - VCU_Torque_Commands VCU_Torque_Commands : 17.0 & current time is  5569.0  message time is 5569.0 case 9
01:21:30.787 [main] INFO  AV.MCU - VCU_Torque_Commands VCU_Torque_Commands : 17.0 & current time is  5579.0  message time is 5579.0 case 9
01:21:31.302 [main] INFO  AV.MCU - VCU_Torque_Commands VCU_Torque_Commands : 17.0 & current time is  5589.0  message time is 5589.0 case 9
01:21:31.808 [main] INFO  AV.MCU - VCU_Torque_Commands VCU_Torque_Commands : 17.0 & current time is  5599.0  message time is 5599.0 case 9
01:21:32.322 [main] INFO  AV.MCU - VCU_Torque_Commands VCU_Torque_Commands : 17.0 & current time is  5609.0  message time is 5609.0 case 9
01:21:32.822 [main] INFO  AV.MCU - VCU_Torque_Commands VCU_Torque_Commands : 17.0 & current time is  5619.0  message time is 5619.0 case 9
01:21:33.611 [main] INFO  AV.MCU - VCU_Torque_Commands VCU_Torque_Commands : 17.0 & current time is  5629.0  message time is 5629.0 case 9
01:21:34.117 [main] INFO  AV.MCU - VCU_Torque_Commands VCU_Torque_Commands : 17.0 & current time is  5639.0  message time is 5639.0 case 9
01:21:34.588 [main] INFO  AV.MCU - VCU_Torque_Commands VCU_Torque_Commands : 17.0 & current time is  5649.0  message time is 5649.0 case 9
01:21:35.089 [main] INFO  AV.MCU - VCU_Torque_Commands VCU_Torque_Commands : 17.0 & current time is  5659.0  message time is 5659.0 case 9
01:21:35.591 [main] INFO  AV.MCU - VCU_Torque_Commands VCU_Torque_Commands : 17.0 & current time is  5669.0  message time is 5669.0 case 9
01:21:36.109 [main] INFO  AV.MCU - VCU_Torque_Commands VCU_Torque_Commands : 17.0 & current time is  5679.0  message time is 5679.0 case 9
01:21:36.615 [main] INFO  AV.MCU - VCU_Torque_Commands VCU_Torque_Commands : 17.0 & current time is  5689.0  message time is 5689.0 case 9
01:21:37.103 [main] INFO  AV.MCU - VCU_Torque_Commands VCU_Torque_Commands : 17.0 & current time is  5699.0  message time is 5699.0 case 9
01:21:37.634 [main] INFO  AV.MCU - VCU_Torque_Commands VCU_Torque_Commands : 17.0 & current time is  5709.0  message time is 5709.0 case 9
01:21:38.122 [main] INFO  AV.MCU - VCU_Torque_Commands VCU_Torque_Commands : 17.0 & current time is  5719.0  message time is 5719.0 case 9
01:21:38.610 [main] INFO  AV.MCU - VCU_Torque_Commands VCU_Torque_Commands : 17.0 & current time is  5729.0  message time is 5729.0 case 9
01:21:39.119 [main] INFO  AV.MCU - VCU_Torque_Commands VCU_Torque_Commands : 17.0 & current time is  5739.0  message time is 5739.0 case 9
01:21:39.624 [main] INFO  AV.MCU - VCU_Torque_Commands VCU_Torque_Commands : 17.0 & current time is  5749.0  message time is 5749.0 case 9
01:21:40.117 [main] INFO  AV.MCU - VCU_Torque_Commands VCU_Torque_Commands : 17.0 & current time is  5759.0  message time is 5759.0 case 9
01:21:40.597 [main] INFO  AV.MCU - VCU_Torque_Commands VCU_Torque_Commands : 17.0 & current time is  5769.0  message time is 5769.0 case 9
01:21:41.099 [main] INFO  AV.MCU - VCU_Torque_Commands VCU_Torque_Commands : 17.0 & current time is  5779.0  message time is 5779.0 case 9
01:21:41.597 [main] INFO  AV.MCU - VCU_Torque_Commands VCU_Torque_Commands : 17.0 & current time is  5789.0  message time is 5789.0 case 9
01:21:42.100 [main] INFO  AV.MCU - VCU_Torque_Commands VCU_Torque_Commands : 17.0 & current time is  5799.0  message time is 5799.0 case 9
01:21:42.598 [main] INFO  AV.MCU - VCU_Torque_Commands VCU_Torque_Commands : 17.0 & current time is  5809.0  message time is 5809.0 case 9
01:21:43.117 [main] INFO  AV.MCU - VCU_Torque_Commands VCU_Torque_Commands : 17.0 & current time is  5819.0  message time is 5819.0 case 9
01:21:43.530 [main] INFO  AV.MCU - VCU_Torque_Commands VCU_Torque_Commands : 17.0 & current time is  5829.0  message time is 5829.0 case 9
01:21:44.053 [main] INFO  AV.MCU - VCU_Torque_Commands VCU_Torque_Commands : 17.0 & current time is  5839.0  message time is 5839.0 case 9
01:21:44.552 [main] INFO  AV.MCU - VCU_Torque_Commands VCU_Torque_Commands : 17.0 & current time is  5849.0  message time is 5849.0 case 9
01:21:45.086 [main] INFO  AV.MCU - VCU_Torque_Commands VCU_Torque_Commands : 17.0 & current time is  5859.0  message time is 5859.0 case 9
01:21:45.578 [main] INFO  AV.MCU - VCU_Torque_Commands VCU_Torque_Commands : 17.0 & current time is  5869.0  message time is 5869.0 case 9
01:21:46.083 [main] INFO  AV.MCU - VCU_Torque_Commands VCU_Torque_Commands : 17.0 & current time is  5879.0  message time is 5879.0 case 9
01:21:46.580 [main] INFO  AV.MCU - VCU_Torque_Commands VCU_Torque_Commands : 17.0 & current time is  5889.0  message time is 5889.0 case 9
01:21:47.114 [main] INFO  AV.MCU - VCU_Torque_Commands VCU_Torque_Commands : 17.0 & current time is  5899.0  message time is 5899.0 case 9
01:21:47.441 [main] INFO  AV.MCU - VCU_Torque_Commands VCU_Torque_Commands : 17.0 & current time is  5909.0  message time is 5909.0 case 9
01:21:47.866 [main] INFO  AV.MCU - VCU_Torque_Commands VCU_Torque_Commands : 17.0 & current time is  5919.0  message time is 5919.0 case 9
01:21:48.266 [main] INFO  AV.MCU - VCU_Torque_Commands VCU_Torque_Commands : 17.0 & current time is  5929.0  message time is 5929.0 case 9
01:21:48.783 [main] INFO  AV.MCU - VCU_Torque_Commands VCU_Torque_Commands : 17.0 & current time is  5939.0  message time is 5939.0 case 9
01:21:49.296 [main] INFO  AV.MCU - VCU_Torque_Commands VCU_Torque_Commands : 17.0 & current time is  5949.0  message time is 5949.0 case 9
01:21:49.805 [main] INFO  AV.MCU - VCU_Torque_Commands VCU_Torque_Commands : 17.0 & current time is  5959.0  message time is 5959.0 case 9
01:21:50.320 [main] INFO  AV.MCU - VCU_Torque_Commands VCU_Torque_Commands : 17.0 & current time is  5969.0  message time is 5969.0 case 9
01:21:50.824 [main] INFO  AV.MCU - VCU_Torque_Commands VCU_Torque_Commands : 17.0 & current time is  5979.0  message time is 5979.0 case 9
01:21:51.319 [main] INFO  AV.MCU - VCU_Torque_Commands VCU_Torque_Commands : 17.0 & current time is  5989.0  message time is 5989.0 case 9
01:21:51.836 [main] INFO  AV.MCU - VCU_Torque_Commands VCU_Torque_Commands : 17.0 & current time is  5999.0  message time is 5999.0 case 9
01:21:52.337 [main] INFO  AV.MCU - VCU_Torque_Commands VCU_Torque_Commands : 17.0 & current time is  6009.0  message time is 6009.0 case 9
01:21:52.852 [main] INFO  AV.MCU - VCU_Torque_Commands VCU_Torque_Commands : 17.0 & current time is  6019.0  message time is 6019.0 case 9
01:21:53.361 [main] INFO  AV.MCU - VCU_Torque_Commands VCU_Torque_Commands : 17.0 & current time is  6029.0  message time is 6029.0 case 9
01:21:53.890 [main] INFO  AV.MCU - VCU_Torque_Commands VCU_Torque_Commands : 17.0 & current time is  6039.0  message time is 6039.0 case 9
01:21:54.402 [main] INFO  AV.MCU - VCU_Torque_Commands VCU_Torque_Commands : 17.0 & current time is  6049.0  message time is 6049.0 case 9
01:21:54.935 [main] INFO  AV.MCU - VCU_Torque_Commands VCU_Torque_Commands : 17.0 & current time is  6059.0  message time is 6059.0 case 9
01:21:55.399 [main] INFO  AV.MCU - VCU_Torque_Commands VCU_Torque_Commands : 17.0 & current time is  6069.0  message time is 6069.0 case 9
01:21:55.896 [main] INFO  AV.MCU - VCU_Torque_Commands VCU_Torque_Commands : 17.0 & current time is  6079.0  message time is 6079.0 case 9
01:21:56.357 [main] INFO  AV.MCU - VCU_Torque_Commands VCU_Torque_Commands : 17.0 & current time is  6089.0  message time is 6089.0 case 9
01:21:56.846 [main] INFO  AV.MCU - VCU_Torque_Commands VCU_Torque_Commands : 17.0 & current time is  6099.0  message time is 6099.0 case 9
01:21:57.347 [main] INFO  AV.MCU - VCU_Torque_Commands VCU_Torque_Commands : 17.0 & current time is  6109.0  message time is 6109.0 case 9
01:21:57.868 [main] INFO  AV.MCU - VCU_Torque_Commands VCU_Torque_Commands : 17.0 & current time is  6119.0  message time is 6119.0 case 9
01:21:58.363 [main] INFO  AV.MCU - VCU_Torque_Commands VCU_Torque_Commands : 17.0 & current time is  6129.0  message time is 6129.0 case 9
01:21:58.836 [main] INFO  AV.MCU - VCU_Torque_Commands VCU_Torque_Commands : 17.0 & current time is  6139.0  message time is 6139.0 case 9
01:21:59.361 [main] INFO  AV.MCU - VCU_Torque_Commands VCU_Torque_Commands : 17.0 & current time is  6149.0  message time is 6149.0 case 9
01:21:59.884 [main] INFO  AV.MCU - VCU_Torque_Commands VCU_Torque_Commands : 17.0 & current time is  6159.0  message time is 6159.0 case 9
01:22:00.385 [main] INFO  AV.MCU - VCU_Torque_Commands VCU_Torque_Commands : 17.0 & current time is  6169.0  message time is 6169.0 case 9
01:22:00.873 [main] INFO  AV.MCU - VCU_Torque_Commands VCU_Torque_Commands : 17.0 & current time is  6179.0  message time is 6179.0 case 9
01:22:01.359 [main] INFO  AV.MCU - VCU_Torque_Commands VCU_Torque_Commands : 17.0 & current time is  6189.0  message time is 6189.0 case 9
01:22:01.865 [main] INFO  AV.MCU - VCU_Torque_Commands VCU_Torque_Commands : 17.0 & current time is  6199.0  message time is 6199.0 case 9
01:22:02.356 [main] INFO  AV.MCU - VCU_Torque_Commands VCU_Torque_Commands : 17.0 & current time is  6209.0  message time is 6209.0 case 9
01:22:02.842 [main] INFO  AV.MCU - VCU_Torque_Commands VCU_Torque_Commands : 17.0 & current time is  6219.0  message time is 6219.0 case 9
01:22:03.338 [main] INFO  AV.MCU - VCU_Torque_Commands VCU_Torque_Commands : 17.0 & current time is  6229.0  message time is 6229.0 case 9
01:22:03.858 [main] INFO  AV.MCU - VCU_Torque_Commands VCU_Torque_Commands : 17.0 & current time is  6239.0  message time is 6239.0 case 9
01:22:04.373 [main] INFO  AV.MCU - VCU_Torque_Commands VCU_Torque_Commands : 17.0 & current time is  6249.0  message time is 6249.0 case 9
01:22:04.851 [main] INFO  AV.MCU - VCU_Torque_Commands VCU_Torque_Commands : 17.0 & current time is  6259.0  message time is 6259.0 case 9
01:22:05.316 [main] INFO  AV.MCU - VCU_Torque_Commands VCU_Torque_Commands : 17.0 & current time is  6269.0  message time is 6269.0 case 9
01:22:05.801 [main] INFO  AV.MCU - VCU_Torque_Commands VCU_Torque_Commands : 17.0 & current time is  6279.0  message time is 6279.0 case 9
01:22:06.470 [main] INFO  AV.MCU - VCU_Torque_Commands VCU_Torque_Commands : 17.0 & current time is  6289.0  message time is 6289.0 case 9
01:22:06.978 [main] INFO  AV.MCU - VCU_Torque_Commands VCU_Torque_Commands : 17.0 & current time is  6299.0  message time is 6299.0 case 9
01:22:07.453 [main] INFO  AV.MCU - VCU_Torque_Commands VCU_Torque_Commands : 17.0 & current time is  6309.0  message time is 6309.0 case 9
01:22:07.965 [main] INFO  AV.MCU - VCU_Torque_Commands VCU_Torque_Commands : 17.0 & current time is  6319.0  message time is 6319.0 case 9
01:22:08.480 [main] INFO  AV.MCU - VCU_Torque_Commands VCU_Torque_Commands : 17.0 & current time is  6329.0  message time is 6329.0 case 9
01:22:08.995 [main] INFO  AV.MCU - VCU_Torque_Commands VCU_Torque_Commands : 17.0 & current time is  6339.0  message time is 6339.0 case 9
01:22:09.501 [main] INFO  AV.MCU - VCU_Torque_Commands VCU_Torque_Commands : 17.0 & current time is  6349.0  message time is 6349.0 case 9
01:22:10.009 [main] INFO  AV.MCU - VCU_Torque_Commands VCU_Torque_Commands : 17.0 & current time is  6359.0  message time is 6359.0 case 9
01:22:10.513 [main] INFO  AV.MCU - VCU_Torque_Commands VCU_Torque_Commands : 17.0 & current time is  6369.0  message time is 6369.0 case 9
01:22:11.044 [main] INFO  AV.MCU - VCU_Torque_Commands VCU_Torque_Commands : 17.0 & current time is  6379.0  message time is 6379.0 case 9
01:22:11.538 [main] INFO  AV.MCU - VCU_Torque_Commands VCU_Torque_Commands : 17.0 & current time is  6389.0  message time is 6389.0 case 9
01:22:12.030 [main] INFO  AV.MCU - VCU_Torque_Commands VCU_Torque_Commands : 17.0 & current time is  6399.0  message time is 6399.0 case 9
01:22:12.159 [main] INFO  org.cpswt.hla.SynchronizedFederate - MCU-a90549d5-db7e-4f50-bf28-83bc6d5c2f11: SimEnd interaction received, exiting...
01:22:12.161 [main] INFO  org.cpswt.hla.SynchronizedFederate - Exiting gracefully ....
