
-------------------------------------------------------------------
GMS: address=vagrant-6674, cluster=AV, physical address=10.0.2.15:60284
-------------------------------------------------------------------
01:47:59.259 [main] INFO  AV.VCU - waiting on readyToRun...
01:47:59.521 [main] INFO  AV.VCU - ...synchronized on readyToRun
01:47:59.524 [main] INFO  AV.VCU - started logical time progression
speed0 time 1.0
speed1999 time 11.0
speed1999 time 21.0
speed1998 time 31.0
speed1998 time 41.0
speed1997 time 51.0
speed1997 time 61.0
speed1996 time 71.0
speed1996 time 81.0
speed1995 time 91.0
speed1995 time 101.0
speed1994 time 111.0
speed1994 time 121.0
speed1993 time 131.0
speed1993 time 141.0
speed1992 time 151.0
speed1992 time 161.0
speed1991 time 171.0
speed1991 time 181.0
speed1990 time 191.0
speed1990 time 201.0
speed1989 time 211.0
speed1989 time 221.0
speed1988 time 231.0
speed1988 time 241.0
speed1987 time 251.0
speed1987 time 261.0
speed1986 time 271.0
speed1986 time 281.0
speed1985 time 291.0
speed1985 time 301.0
speed1984 time 311.0
speed1984 time 321.0
speed1983 time 331.0
speed1983 time 341.0
speed1982 time 351.0
speed1982 time 361.0
speed1981 time 371.0
speed1981 time 381.0
speed1980 time 391.0
speed1980 time 401.0
speed1979 time 411.0
speed1979 time 421.0
speed1978 time 431.0
speed1978 time 441.0
speed1977 time 451.0
speed1977 time 461.0
speed1976 time 471.0
speed1976 time 481.0
speed1975 time 491.0
speed1975 time 501.0
speed1974 time 511.0
speed1974 time 521.0
speed1973 time 531.0
speed1973 time 541.0
speed1972 time 551.0
speed1972 time 561.0
speed1971 time 571.0
speed1971 time 581.0
speed1970 time 591.0
speed1970 time 601.0
speed1969 time 611.0
speed1969 time 621.0
speed1968 time 631.0
speed1968 time 641.0
speed1967 time 651.0
speed1967 time 661.0
speed1966 time 671.0
speed1966 time 681.0
speed1965 time 691.0
speed1965 time 701.0
speed1964 time 711.0
speed1964 time 721.0
speed1963 time 731.0
speed1963 time 741.0
speed1962 time 751.0
speed1962 time 761.0
speed1961 time 771.0
speed1961 time 781.0
speed1960 time 791.0
speed1960 time 801.0
speed1959 time 811.0
speed1959 time 821.0
speed1958 time 831.0
speed1958 time 841.0
speed1957 time 851.0
speed1957 time 861.0
speed1956 time 871.0
speed1956 time 881.0
speed1955 time 891.0
speed1955 time 901.0
speed1954 time 911.0
speed1954 time 921.0
speed1953 time 931.0
speed1953 time 941.0
speed1952 time 951.0
speed1952 time 961.0
speed1951 time 971.0
speed1951 time 981.0
speed1950 time 991.0
speed1950 time 1001.0
speed1949 time 1011.0
speed1949 time 1021.0
speed1948 time 1031.0
speed1948 time 1041.0
speed1947 time 1051.0
speed1947 time 1061.0
speed1946 time 1071.0
speed1946 time 1081.0
speed1945 time 1091.0
speed1945 time 1101.0
speed1944 time 1111.0
speed1944 time 1121.0
speed1943 time 1131.0
speed1943 time 1141.0
speed1942 time 1151.0
speed1942 time 1161.0
speed1941 time 1171.0
speed1941 time 1181.0
speed1940 time 1191.0
speed1940 time 1201.0
speed1939 time 1211.0
speed1939 time 1221.0
speed1938 time 1231.0
speed1938 time 1241.0
speed1937 time 1251.0
speed1937 time 1261.0
speed1936 time 1271.0
speed1936 time 1281.0
speed1935 time 1291.0
speed1935 time 1301.0
speed1934 time 1311.0
speed1934 time 1321.0
speed1933 time 1331.0
speed1933 time 1341.0
speed1932 time 1351.0
speed1932 time 1361.0
speed1931 time 1371.0
speed1931 time 1381.0
speed1930 time 1391.0
speed1930 time 1401.0
speed1929 time 1411.0
speed1929 time 1421.0
speed1928 time 1431.0
speed1928 time 1441.0
speed1927 time 1451.0
speed1927 time 1461.0
speed1926 time 1471.0
speed1926 time 1481.0
speed1925 time 1491.0
speed1925 time 1501.0
speed1924 time 1511.0
speed1924 time 1521.0
speed1923 time 1531.0
speed1923 time 1541.0
speed1922 time 1551.0
speed1922 time 1561.0
speed1921 time 1571.0
speed1921 time 1581.0
speed1920 time 1591.0
speed1920 time 1601.0
speed1919 time 1611.0
speed1919 time 1621.0
speed1918 time 1631.0
speed1918 time 1641.0
speed1917 time 1651.0
speed1917 time 1661.0
speed1916 time 1671.0
speed1916 time 1681.0
speed1915 time 1691.0
speed1915 time 1701.0
speed1914 time 1711.0
speed1914 time 1721.0
speed1913 time 1731.0
speed1913 time 1741.0
speed1912 time 1751.0
speed1912 time 1761.0
speed1911 time 1771.0
speed1911 time 1781.0
speed1910 time 1791.0
speed1910 time 1801.0
speed1909 time 1811.0
speed1909 time 1821.0
speed1908 time 1831.0
speed1908 time 1841.0
speed1907 time 1851.0
speed1907 time 1861.0
speed1906 time 1871.0
speed1906 time 1881.0
speed1905 time 1891.0
speed1905 time 1901.0
speed1904 time 1911.0
speed1904 time 1921.0
speed1903 time 1931.0
speed1903 time 1941.0
speed1902 time 1951.0
speed1902 time 1961.0
speed1901 time 1971.0
speed1901 time 1981.0
speed1900 time 1991.0
speed1900 time 2001.0
speed1899 time 2011.0
speed1899 time 2021.0
speed1898 time 2031.0
speed1898 time 2041.0
speed1897 time 2051.0
speed1897 time 2061.0
speed1896 time 2071.0
speed1896 time 2081.0
speed1895 time 2091.0
speed1895 time 2101.0
speed1894 time 2111.0
speed1894 time 2121.0
speed1893 time 2131.0
speed1893 time 2141.0
speed1892 time 2151.0
speed1892 time 2161.0
speed1891 time 2171.0
speed1891 time 2181.0
speed1890 time 2191.0
speed1890 time 2201.0
speed1889 time 2211.0
speed1889 time 2221.0
speed1888 time 2231.0
speed1888 time 2241.0
speed1887 time 2251.0
speed1887 time 2261.0
speed1886 time 2271.0
speed1886 time 2281.0
speed1885 time 2291.0
speed1885 time 2301.0
speed1884 time 2311.0
speed1884 time 2321.0
speed1883 time 2331.0
speed1883 time 2341.0
speed1882 time 2351.0
speed1882 time 2361.0
speed1881 time 2371.0
speed1881 time 2381.0
01:50:04.732 [main] INFO  org.cpswt.hla.SynchronizedFederate - VCU-bcc88d69-22a1-4626-b843-61a221f76141: SimEnd interaction received, exiting...
speed1880 time 2391.0
01:50:04.741 [main] INFO  org.cpswt.hla.SynchronizedFederate - Exiting gracefully ....
