
-------------------------------------------------------------------
GMS: address=vagrant-11055, cluster=AV, physical address=10.0.2.15:43793
-------------------------------------------------------------------
00:41:17.928 [main] INFO  AV.VCU - waiting on readyToRun...
00:41:18.190 [main] INFO  AV.VCU - ...synchronized on readyToRun
00:41:18.193 [main] INFO  AV.VCU - started logical time progression
speed0 time 2.0
speed0 time 3.0
speed0 time 4.0
speed1999 time 5.0
speed1998 time 22.0
speed1998 time 23.0
speed1998 time 24.0
speed1997 time 25.0
speed1996 time 42.0
speed1996 time 43.0
speed1996 time 44.0
speed1995 time 45.0
speed1994 time 62.0
speed1994 time 63.0
speed1994 time 64.0
speed1993 time 65.0
speed1992 time 82.0
speed1992 time 83.0
speed1992 time 84.0
speed1991 time 85.0
speed1990 time 102.0
speed1990 time 103.0
speed1990 time 104.0
speed1989 time 105.0
speed1988 time 122.0
speed1988 time 123.0
speed1988 time 124.0
speed1987 time 125.0
speed1986 time 142.0
speed1986 time 143.0
speed1986 time 144.0
speed1985 time 145.0
speed1984 time 162.0
speed1984 time 163.0
speed1984 time 164.0
speed1983 time 165.0
speed1982 time 182.0
speed1982 time 183.0
speed1982 time 184.0
speed1981 time 185.0
speed1980 time 202.0
speed1980 time 203.0
speed1980 time 204.0
speed1979 time 205.0
speed1978 time 222.0
speed1978 time 223.0
speed1978 time 224.0
speed1977 time 225.0
speed1976 time 242.0
speed1976 time 243.0
speed1976 time 244.0
speed1975 time 245.0
speed1974 time 262.0
speed1974 time 263.0
speed1974 time 264.0
speed1973 time 265.0
speed1972 time 282.0
speed1972 time 283.0
speed1972 time 284.0
speed1971 time 285.0
speed1970 time 302.0
speed1970 time 303.0
speed1970 time 304.0
speed1969 time 305.0
speed1968 time 322.0
speed1968 time 323.0
speed1968 time 324.0
speed1967 time 325.0
speed1966 time 342.0
speed1966 time 343.0
speed1966 time 344.0
speed1965 time 345.0
speed1964 time 362.0
speed1964 time 363.0
speed1964 time 364.0
speed1963 time 365.0
speed1962 time 382.0
speed1962 time 383.0
speed1962 time 384.0
speed1961 time 385.0
speed1960 time 402.0
speed1960 time 403.0
speed1960 time 404.0
speed1959 time 405.0
speed1958 time 422.0
speed1958 time 423.0
speed1958 time 424.0
speed1957 time 425.0
speed1956 time 442.0
speed1956 time 443.0
speed1956 time 444.0
speed1955 time 445.0
speed1954 time 462.0
speed1954 time 463.0
speed1954 time 464.0
speed1953 time 465.0
speed1952 time 482.0
speed1952 time 483.0
speed1952 time 484.0
speed1951 time 485.0
speed1950 time 502.0
speed1950 time 503.0
speed1950 time 504.0
speed1949 time 505.0
speed1948 time 522.0
speed1948 time 523.0
speed1948 time 524.0
speed1947 time 525.0
speed1946 time 542.0
speed1946 time 543.0
speed1946 time 544.0
speed1945 time 545.0
speed1944 time 562.0
speed1944 time 563.0
speed1944 time 564.0
speed1943 time 565.0
speed1942 time 582.0
speed1942 time 583.0
speed1942 time 584.0
speed1941 time 585.0
speed1940 time 602.0
speed1940 time 603.0
speed1940 time 604.0
speed1939 time 605.0
speed1938 time 622.0
speed1938 time 623.0
speed1938 time 624.0
speed1937 time 625.0
speed1936 time 642.0
speed1936 time 643.0
speed1936 time 644.0
speed1935 time 645.0
speed1934 time 662.0
speed1934 time 663.0
speed1934 time 664.0
speed1933 time 665.0
speed1932 time 682.0
speed1932 time 683.0
speed1932 time 684.0
speed1931 time 685.0
speed1930 time 702.0
speed1930 time 703.0
speed1930 time 704.0
speed1929 time 705.0
speed1928 time 722.0
speed1928 time 723.0
speed1928 time 724.0
speed1927 time 725.0
speed1926 time 742.0
speed1926 time 743.0
speed1926 time 744.0
speed1925 time 745.0
speed1924 time 762.0
speed1924 time 763.0
speed1924 time 764.0
speed1923 time 765.0
speed1922 time 782.0
speed1922 time 783.0
speed1922 time 784.0
speed1921 time 785.0
speed1920 time 802.0
speed1920 time 803.0
speed1920 time 804.0
speed1919 time 805.0
speed1918 time 822.0
speed1918 time 823.0
speed1918 time 824.0
speed1917 time 825.0
speed1916 time 842.0
speed1916 time 843.0
speed1916 time 844.0
speed1915 time 845.0
speed1914 time 862.0
speed1914 time 863.0
speed1914 time 864.0
speed1913 time 865.0
speed1912 time 882.0
speed1912 time 883.0
speed1912 time 884.0
speed1911 time 885.0
speed1910 time 902.0
speed1910 time 903.0
speed1910 time 904.0
speed1909 time 905.0
speed1908 time 922.0
speed1908 time 923.0
speed1908 time 924.0
speed1907 time 925.0
speed1906 time 942.0
speed1906 time 943.0
speed1906 time 944.0
speed1905 time 945.0
speed1904 time 962.0
speed1904 time 963.0
speed1904 time 964.0
speed1903 time 965.0
speed1902 time 982.0
speed1902 time 983.0
speed1902 time 984.0
speed1901 time 985.0
speed1900 time 1002.0
speed1900 time 1003.0
speed1900 time 1004.0
speed1899 time 1005.0
speed1898 time 1022.0
speed1898 time 1023.0
speed1898 time 1024.0
speed1897 time 1025.0
speed1896 time 1042.0
speed1896 time 1043.0
speed1896 time 1044.0
speed1895 time 1045.0
speed1894 time 1062.0
speed1894 time 1063.0
speed1894 time 1064.0
speed1893 time 1065.0
speed1892 time 1082.0
speed1892 time 1083.0
speed1892 time 1084.0
speed1891 time 1085.0
speed1890 time 1102.0
speed1890 time 1103.0
speed1890 time 1104.0
speed1889 time 1105.0
speed1888 time 1122.0
speed1888 time 1123.0
speed1888 time 1124.0
speed1887 time 1125.0
speed1886 time 1142.0
speed1886 time 1143.0
speed1886 time 1144.0
speed1885 time 1145.0
speed1884 time 1162.0
speed1884 time 1163.0
speed1884 time 1164.0
speed1883 time 1165.0
speed1882 time 1182.0
speed1882 time 1183.0
speed1882 time 1184.0
speed1881 time 1185.0
speed1880 time 1202.0
speed1880 time 1203.0
speed1880 time 1204.0
speed1879 time 1205.0
speed1878 time 1222.0
speed1878 time 1223.0
speed1878 time 1224.0
speed1877 time 1225.0
speed1876 time 1242.0
speed1876 time 1243.0
speed1876 time 1244.0
speed1875 time 1245.0
speed1874 time 1262.0
speed1874 time 1263.0
speed1874 time 1264.0
speed1873 time 1265.0
speed1872 time 1282.0
speed1872 time 1283.0
speed1872 time 1284.0
speed1871 time 1285.0
speed1870 time 1302.0
speed1870 time 1303.0
speed1870 time 1304.0
speed1869 time 1305.0
speed1868 time 1322.0
speed1868 time 1323.0
speed1868 time 1324.0
speed1867 time 1325.0
speed1866 time 1342.0
speed1866 time 1343.0
speed1866 time 1344.0
speed1865 time 1345.0
speed1864 time 1362.0
speed1864 time 1363.0
speed1864 time 1364.0
speed1863 time 1365.0
speed1862 time 1382.0
speed1862 time 1383.0
speed1862 time 1384.0
speed1861 time 1385.0
speed1860 time 1402.0
speed1860 time 1403.0
speed1860 time 1404.0
speed1859 time 1405.0
speed1858 time 1422.0
speed1858 time 1423.0
speed1858 time 1424.0
speed1857 time 1425.0
speed1856 time 1442.0
speed1856 time 1443.0
speed1856 time 1444.0
speed1855 time 1445.0
speed1854 time 1462.0
speed1854 time 1463.0
speed1854 time 1464.0
speed1853 time 1465.0
speed1852 time 1482.0
speed1852 time 1483.0
speed1852 time 1484.0
speed1851 time 1485.0
speed1850 time 1502.0
speed1850 time 1503.0
speed1850 time 1504.0
speed1849 time 1505.0
speed1848 time 1522.0
speed1848 time 1523.0
speed1848 time 1524.0
speed1847 time 1525.0
speed1846 time 1542.0
speed1846 time 1543.0
speed1846 time 1544.0
speed1845 time 1545.0
speed1844 time 1562.0
speed1844 time 1563.0
speed1844 time 1564.0
speed1843 time 1565.0
speed1842 time 1582.0
speed1842 time 1583.0
speed1842 time 1584.0
speed1841 time 1585.0
speed1840 time 1602.0
speed1840 time 1603.0
speed1840 time 1604.0
speed1839 time 1605.0
speed1838 time 1622.0
speed1838 time 1623.0
speed1838 time 1624.0
speed1837 time 1625.0
speed1836 time 1642.0
speed1836 time 1643.0
speed1836 time 1644.0
speed1835 time 1645.0
speed1834 time 1662.0
speed1834 time 1663.0
speed1834 time 1664.0
speed1833 time 1665.0
speed1832 time 1682.0
speed1832 time 1683.0
speed1832 time 1684.0
speed1831 time 1685.0
speed1830 time 1702.0
speed1830 time 1703.0
speed1830 time 1704.0
speed1829 time 1705.0
speed1828 time 1722.0
speed1828 time 1723.0
speed1828 time 1724.0
speed1827 time 1725.0
speed1826 time 1742.0
speed1826 time 1743.0
speed1826 time 1744.0
speed1825 time 1745.0
speed1824 time 1762.0
speed1824 time 1763.0
speed1824 time 1764.0
speed1823 time 1765.0
speed1822 time 1782.0
speed1822 time 1783.0
speed1822 time 1784.0
speed1821 time 1785.0
speed1820 time 1802.0
speed1820 time 1803.0
speed1820 time 1804.0
speed1819 time 1805.0
speed1818 time 1822.0
speed1818 time 1823.0
speed1818 time 1824.0
speed1817 time 1825.0
speed1816 time 1842.0
speed1816 time 1843.0
speed1816 time 1844.0
speed1815 time 1845.0
speed1814 time 1862.0
speed1814 time 1863.0
speed1814 time 1864.0
speed1813 time 1865.0
speed1812 time 1882.0
speed1812 time 1883.0
speed1812 time 1884.0
speed1811 time 1885.0
speed1810 time 1902.0
speed1810 time 1903.0
speed1810 time 1904.0
speed1809 time 1905.0
speed1808 time 1922.0
speed1808 time 1923.0
speed1808 time 1924.0
speed1807 time 1925.0
speed1806 time 1942.0
speed1806 time 1943.0
speed1806 time 1944.0
speed1805 time 1945.0
speed1804 time 1962.0
speed1804 time 1963.0
speed1804 time 1964.0
speed1803 time 1965.0
speed1802 time 1982.0
speed1802 time 1983.0
speed1802 time 1984.0
speed1801 time 1985.0
speed1800 time 2002.0
speed1800 time 2003.0
speed1800 time 2004.0
speed1799 time 2005.0
speed1798 time 2022.0
speed1798 time 2023.0
speed1798 time 2024.0
speed1797 time 2025.0
speed1796 time 2042.0
speed1796 time 2043.0
speed1796 time 2044.0
speed1795 time 2045.0
speed1794 time 2062.0
speed1794 time 2063.0
speed1794 time 2064.0
speed1793 time 2065.0
speed1792 time 2082.0
speed1792 time 2083.0
speed1792 time 2084.0
speed1791 time 2085.0
speed1790 time 2102.0
speed1790 time 2103.0
speed1790 time 2104.0
speed1789 time 2105.0
speed1788 time 2122.0
speed1788 time 2123.0
speed1788 time 2124.0
speed1787 time 2125.0
speed1786 time 2142.0
speed1786 time 2143.0
speed1786 time 2144.0
speed1785 time 2145.0
speed1784 time 2162.0
speed1784 time 2163.0
speed1784 time 2164.0
speed1783 time 2165.0
speed1782 time 2182.0
speed1782 time 2183.0
speed1782 time 2184.0
speed1781 time 2185.0
speed1780 time 2202.0
speed1780 time 2203.0
speed1780 time 2204.0
speed1779 time 2205.0
speed1778 time 2222.0
speed1778 time 2223.0
speed1778 time 2224.0
speed1777 time 2225.0
speed1776 time 2242.0
speed1776 time 2243.0
speed1776 time 2244.0
speed1775 time 2245.0
speed1774 time 2262.0
speed1774 time 2263.0
speed1774 time 2264.0
speed1773 time 2265.0
speed1772 time 2282.0
speed1772 time 2283.0
speed1772 time 2284.0
speed1771 time 2285.0
speed1770 time 2302.0
speed1770 time 2303.0
speed1770 time 2304.0
speed1769 time 2305.0
speed1768 time 2322.0
speed1768 time 2323.0
speed1768 time 2324.0
speed1767 time 2325.0
speed1766 time 2342.0
speed1766 time 2343.0
speed1766 time 2344.0
speed1765 time 2345.0
speed1764 time 2362.0
speed1764 time 2363.0
speed1764 time 2364.0
speed1763 time 2365.0
speed1762 time 2382.0
speed1762 time 2383.0
speed1762 time 2384.0
speed1761 time 2385.0
speed1760 time 2402.0
speed1760 time 2403.0
speed1760 time 2404.0
speed1759 time 2405.0
speed1758 time 2422.0
speed1758 time 2423.0
speed1758 time 2424.0
speed1757 time 2425.0
speed1756 time 2442.0
speed1756 time 2443.0
speed1756 time 2444.0
speed1755 time 2445.0
speed1754 time 2462.0
speed1754 time 2463.0
speed1754 time 2464.0
speed1753 time 2465.0
speed1752 time 2482.0
speed1752 time 2483.0
speed1752 time 2484.0
speed1751 time 2485.0
speed1750 time 2502.0
speed1750 time 2503.0
speed1750 time 2504.0
speed1749 time 2505.0
speed1748 time 2522.0
speed1748 time 2523.0
speed1748 time 2524.0
speed1747 time 2525.0
speed1746 time 2542.0
speed1746 time 2543.0
speed1746 time 2544.0
speed1745 time 2545.0
speed1744 time 2562.0
speed1744 time 2563.0
speed1744 time 2564.0
speed1743 time 2565.0
speed1742 time 2582.0
speed1742 time 2583.0
speed1742 time 2584.0
speed1741 time 2585.0
speed1740 time 2602.0
speed1740 time 2603.0
speed1740 time 2604.0
speed1739 time 2605.0
speed1738 time 2622.0
speed1738 time 2623.0
speed1738 time 2624.0
speed1737 time 2625.0
speed1736 time 2642.0
speed1736 time 2643.0
speed1736 time 2644.0
speed1735 time 2645.0
speed1734 time 2662.0
speed1734 time 2663.0
speed1734 time 2664.0
speed1733 time 2665.0
speed1732 time 2682.0
speed1732 time 2683.0
speed1732 time 2684.0
speed1731 time 2685.0
speed1730 time 2702.0
speed1730 time 2703.0
speed1730 time 2704.0
speed1729 time 2705.0
speed1728 time 2722.0
speed1728 time 2723.0
speed1728 time 2724.0
speed1727 time 2725.0
speed1726 time 2742.0
speed1726 time 2743.0
speed1726 time 2744.0
speed1725 time 2745.0
speed1724 time 2762.0
speed1724 time 2763.0
speed1724 time 2764.0
speed1723 time 2765.0
