
-------------------------------------------------------------------
GMS: address=vagrant-16826, cluster=AV, physical address=10.0.2.15:34955
-------------------------------------------------------------------
13:58:43.056 [main] INFO  AV.VCU - waiting on readyToRun...
13:58:43.317 [main] INFO  AV.VCU - ...synchronized on readyToRun
13:58:43.319 [main] INFO  AV.VCU - started logical time progression
speed0 time 1
speed0 time 2
speed0 time 3
speed0 time 4
speed0 time 5
speed0 time 6
speed0 time 7
speed0 time 8
speed0 time 9
speed0 time 10
speed0 time 11
speed0 time 12
speed0 time 13
speed0 time 14
speed0 time 15
speed0 time 16
speed0 time 17
speed0 time 18
speed0 time 19
speed0 time 20
speed0 time 21
speed4.83 time 22
speed9.49 time 23
speed13.84 time 24
speed18.51 time 25
speed23.01 time 26
speed27.2 time 27
speed27.84 time 28
speed29.13 time 29
speed33.31 time 30
speed34.92 time 31
speed36.05 time 32
speed36.21 time 33
speed35.57 time 34
speed34.6 time 35
speed33.63 time 36
speed32.83 time 37
speed31.86 time 38
speed27.36 time 39
speed23.98 time 40
speed23.98 time 41
speed24.46 time 42
speed24.95 time 43
speed25.75 time 44
speed27.52 time 45
speed30.74 time 46
speed33.96 time 47
speed36.53 time 48
speed36.85 time 49
speed36.53 time 50
speed36.37 time 51
speed34.28 time 52
speed30.58 time 53
speed27.52 time 54
speed25.43 time 55
speed25.43 time 56
speed28.48 time 57
speed31.86 time 58
speed34.76 time 59
speed37.34 time 60
speed38.95 time 61
speed39.59 time 62
speed40.07 time 63
speed40.23 time 64
speed39.59 time 65
speed39.43 time 66
speed39.75 time 67
speed39.91 time 68
speed39.75 time 69
speed39.59 time 70
speed39.59 time 71
speed40.4 time 72
speed41.2 time 73
speed41.36 time 74
speed40.88 time 75
speed40.07 time 76
speed40.23 time 77
speed40.88 time 78
speed41.84 time 79
speed41.84 time 80
speed41.36 time 81
speed42 time 82
speed42.97 time 83
speed44.26 time 84
speed46.03 time 85
speed47.15 time 86
speed47.96 time 87
speed48.44 time 88
speed48.92 time 89
speed49.41 time 90
speed49.41 time 91
speed49.09 time 92
speed48.92 time 93
speed48.76 time 94
speed48.92 time 95
speed49.57 time 96
speed48.92 time 97
speed48.12 time 98
speed47.48 time 99
speed47.96 time 100
speed48.76 time 101
speed49.41 time 102
speed49.73 time 103
speed49.89 time 104
speed49.73 time 105
speed48.92 time 106
speed47.96 time 107
speed48.12 time 108
speed48.6 time 109
speed49.41 time 110
speed50.21 time 111
speed51.18 time 112
speed51.82 time 113
speed52.14 time 114
speed51.82 time 115
speed51.02 time 116
speed46.03 time 117
speed40.72 time 118
speed35.41 time 119
speed30.09 time 120
speed24.78 time 121
speed19.47 time 122
speed14.16 time 123
speed8.85 time 124
speed3.54 time 125
speed0 time 126
speed0 time 127
speed0 time 128
speed0 time 129
speed0 time 130
speed0 time 131
speed0 time 132
speed0 time 133
speed0 time 134
speed0 time 135
speed0 time 136
speed0 time 137
speed0 time 138
speed0 time 139
speed0 time 140
speed0 time 141
speed0 time 142
speed0 time 143
speed0 time 144
speed0 time 145
speed0 time 146
speed0 time 147
speed0 time 148
speed0 time 149
speed0 time 150
speed0 time 151
speed0 time 152
speed0 time 153
speed0 time 154
speed0 time 155
speed0 time 156
speed0 time 157
speed0 time 158
speed0 time 159
speed0 time 160
speed0 time 161
speed0 time 162
speed0 time 163
speed0 time 164
speed5.31 time 165
speed10.62 time 166
speed15.93 time 167
speed21.24 time 168
speed26.55 time 169
speed31.86 time 170
speed35.73 time 171
speed39.11 time 172
speed41.52 time 173
speed42.49 time 174
speed41.36 time 175
speed40.4 time 176
speed39.75 time 177
speed40.23 time 178
speed40.55 time 179
speed40.88 time 180
speed41.52 time 181
speed43.77 time 182
speed42.65 time 183
speed38.62 time 184
speed36.53 time 185
speed31.22 time 186
speed28.48 time 187
speed27.68 time 188
speed29.13 time 189
speed29.93 time 190
speed32.19 time 191
speed35.73 time 192
speed39.43 time 193
speed43.94 time 194
speed49.09 time 195
speed53.91 time 196
speed58.26 time 197
speed60.03 time 198
speed63.25 time 199
speed65.18 time 200
speed67.75 time 201
speed70.01 time 202
speed72.58 time 203
speed74.03 time 204
speed75.32 time 205
speed76.44 time 206
speed76.44 time 207
speed76.12 time 208
speed75.96 time 209
speed75.64 time 210
speed75.64 time 211
speed75.64 time 212
speed75.64 time 213
speed75.64 time 214
speed75.96 time 215
speed76.28 time 216
speed77.09 time 217
speed78.05 time 218
speed79.02 time 219
speed79.66 time 220
speed80.47 time 221
speed81.43 time 222
speed82.08 time 223
speed82.88 time 224
speed84.01 time 225
speed85.62 time 226
speed87.07 time 227
speed87.87 time 228
speed88.35 time 229
speed88.51 time 230
speed88.35 time 231
speed87.87 time 232
speed87.87 time 233
speed88.19 time 234
speed88.67 time 235
speed89.32 time 236
speed89.64 time 237
speed90.28 time 238
speed90.61 time 239
