
-------------------------------------------------------------------
GMS: address=vagrant-64360, cluster=AV, physical address=10.0.2.15:53030
-------------------------------------------------------------------
01:12:56.720 [main] INFO  AV.VCU - waiting on readyToRun...
01:12:56.977 [main] INFO  AV.VCU - ...synchronized on readyToRun
01:12:56.981 [main] INFO  AV.VCU - started logical time progression
speed0 time 2.0
speed1999 time 3.0
speed1998 time 22.0
speed1997 time 23.0
speed1996 time 42.0
speed1995 time 43.0
speed1994 time 62.0
speed1993 time 63.0
speed1992 time 82.0
speed1991 time 83.0
speed1990 time 102.0
speed1989 time 103.0
speed1988 time 122.0
speed1987 time 123.0
speed1986 time 142.0
speed1985 time 143.0
speed1984 time 162.0
speed1983 time 163.0
speed1982 time 182.0
speed1981 time 183.0
speed1980 time 202.0
speed1979 time 203.0
speed1978 time 222.0
speed1977 time 223.0
speed1976 time 242.0
speed1975 time 243.0
speed1974 time 262.0
speed1973 time 263.0
speed1972 time 282.0
speed1971 time 283.0
speed1970 time 302.0
speed1969 time 303.0
speed1968 time 322.0
speed1967 time 323.0
speed1966 time 342.0
speed1965 time 343.0
speed1964 time 362.0
speed1963 time 363.0
speed1962 time 382.0
speed1961 time 383.0
speed1960 time 402.0
speed1959 time 403.0
speed1958 time 422.0
speed1957 time 423.0
speed1956 time 442.0
speed1955 time 443.0
speed1954 time 462.0
speed1953 time 463.0
speed1952 time 482.0
speed1951 time 483.0
speed1950 time 502.0
speed1949 time 503.0
speed1948 time 522.0
speed1947 time 523.0
speed1946 time 542.0
speed1945 time 543.0
speed1944 time 562.0
speed1943 time 563.0
speed1942 time 582.0
speed1941 time 583.0
speed1940 time 602.0
speed1939 time 603.0
speed1938 time 622.0
speed1937 time 623.0
speed1936 time 642.0
speed1935 time 643.0
speed1934 time 662.0
speed1933 time 663.0
speed1932 time 682.0
speed1931 time 683.0
speed1930 time 702.0
speed1929 time 703.0
speed1928 time 722.0
speed1927 time 723.0
speed1926 time 742.0
speed1925 time 743.0
speed1924 time 762.0
speed1923 time 763.0
speed1922 time 782.0
speed1921 time 783.0
speed1920 time 802.0
speed1919 time 803.0
speed1918 time 822.0
speed1917 time 823.0
speed1916 time 842.0
speed1915 time 843.0
speed1914 time 862.0
speed1913 time 863.0
speed1912 time 882.0
speed1911 time 883.0
speed1910 time 902.0
speed1909 time 903.0
speed1908 time 922.0
speed1907 time 923.0
speed1906 time 942.0
speed1905 time 943.0
speed1904 time 962.0
speed1903 time 963.0
speed1902 time 982.0
speed1901 time 983.0
speed1900 time 1002.0
speed1899 time 1003.0
speed1898 time 1022.0
speed1897 time 1023.0
speed1896 time 1042.0
speed1895 time 1043.0
speed1894 time 1062.0
speed1893 time 1063.0
speed1892 time 1082.0
speed1891 time 1083.0
speed1890 time 1102.0
speed1889 time 1103.0
speed1888 time 1122.0
speed1887 time 1123.0
speed1886 time 1142.0
speed1885 time 1143.0
speed1884 time 1162.0
speed1883 time 1163.0
speed1882 time 1182.0
speed1881 time 1183.0
speed1880 time 1202.0
speed1879 time 1203.0
speed1878 time 1222.0
speed1877 time 1223.0
speed1876 time 1242.0
speed1875 time 1243.0
speed1874 time 1262.0
speed1873 time 1263.0
speed1872 time 1282.0
speed1871 time 1283.0
speed1870 time 1302.0
speed1869 time 1303.0
speed1868 time 1322.0
speed1867 time 1323.0
speed1866 time 1342.0
speed1865 time 1343.0
speed1864 time 1362.0
speed1863 time 1363.0
speed1862 time 1382.0
speed1861 time 1383.0
speed1860 time 1402.0
speed1859 time 1403.0
speed1858 time 1422.0
speed1857 time 1423.0
speed1856 time 1442.0
speed1855 time 1443.0
speed1854 time 1462.0
speed1853 time 1463.0
speed1852 time 1482.0
speed1851 time 1483.0
speed1850 time 1502.0
speed1849 time 1503.0
speed1848 time 1522.0
speed1847 time 1523.0
speed1846 time 1542.0
speed1845 time 1543.0
speed1844 time 1562.0
speed1843 time 1563.0
speed1842 time 1582.0
speed1841 time 1583.0
speed1840 time 1602.0
speed1839 time 1603.0
speed1838 time 1622.0
speed1837 time 1623.0
speed1836 time 1642.0
speed1835 time 1643.0
speed1834 time 1662.0
speed1833 time 1663.0
speed1832 time 1682.0
speed1831 time 1683.0
speed1830 time 1702.0
speed1829 time 1703.0
speed1828 time 1722.0
speed1827 time 1723.0
speed1826 time 1742.0
speed1825 time 1743.0
speed1824 time 1762.0
speed1823 time 1763.0
speed1822 time 1782.0
speed1821 time 1783.0
speed1820 time 1802.0
speed1819 time 1803.0
speed1818 time 1822.0
speed1817 time 1823.0
speed1816 time 1842.0
speed1815 time 1843.0
speed1814 time 1862.0
speed1813 time 1863.0
speed1812 time 1882.0
speed1811 time 1883.0
speed1810 time 1902.0
speed1809 time 1903.0
speed1808 time 1922.0
speed1807 time 1923.0
speed1806 time 1942.0
speed1805 time 1943.0
speed1804 time 1962.0
speed1803 time 1963.0
speed1802 time 1982.0
speed1801 time 1983.0
01:14:44.251 [main] INFO  org.cpswt.hla.SynchronizedFederate - VCU-f1e3376b-2d4c-4dbe-8b6a-0448056f6d97: SimEnd interaction received, exiting...
01:14:44.257 [main] INFO  org.cpswt.hla.SynchronizedFederate - Exiting gracefully ....
