
-------------------------------------------------------------------
GMS: address=vagrant-42322, cluster=AV, physical address=10.0.2.15:48112
-------------------------------------------------------------------
02:27:10.897 [main] INFO  AV.VCU - waiting on readyToRun...
02:27:11.153 [main] INFO  AV.VCU - ...synchronized on readyToRun
02:27:11.156 [main] INFO  AV.VCU - started logical time progression
speed0 time 0.0
02:27:11.160 [main] INFO  AV.VCU -  OSD 00 currentime 0.0
speed0 time 1.0
02:27:11.365 [main] INFO  AV.VCU -  OSD 11 currentime 1.0
speed0 time 2.0
02:27:12.153 [main] INFO  AV.VCU -  OSD 22 currentime 2.0
speed0 time 3.0
02:27:12.216 [main] INFO  AV.VCU -  OSD 33 currentime 3.0
speed0 time 10.0
02:27:12.710 [main] INFO  AV.VCU -  OSD 00 currentime 10.0
speed0 time 11.0
02:27:12.768 [main] INFO  AV.VCU -  OSD 11 currentime 11.0
speed0 time 12.0
02:27:12.846 [main] INFO  AV.VCU -  OSD 22 currentime 12.0
speed0 time 13.0
02:27:12.909 [main] INFO  AV.VCU -  OSD 33 currentime 13.0
speed0 time 20.0
02:27:13.469 [main] INFO  AV.VCU -  OSD 00 currentime 20.0
speed0 time 21.0
02:27:13.515 [main] INFO  AV.VCU -  OSD 11 currentime 21.0
speed0 time 22.0
02:27:13.655 [main] INFO  AV.VCU -  OSD 22 currentime 22.0
speed0 time 23.0
02:27:13.708 [main] INFO  AV.VCU -  OSD 33 currentime 23.0
speed0 time 30.0
02:27:14.197 [main] INFO  AV.VCU -  OSD 00 currentime 30.0
speed0 time 31.0
02:27:14.239 [main] INFO  AV.VCU -  OSD 11 currentime 31.0
speed0 time 32.0
02:27:14.316 [main] INFO  AV.VCU -  OSD 22 currentime 32.0
speed0 time 33.0
02:27:14.379 [main] INFO  AV.VCU -  OSD 33 currentime 33.0
speed0 time 40.0
02:27:14.831 [main] INFO  AV.VCU -  OSD 00 currentime 40.0
speed0 time 41.0
02:27:14.885 [main] INFO  AV.VCU -  OSD 11 currentime 41.0
speed0 time 42.0
02:27:14.980 [main] INFO  AV.VCU -  OSD 22 currentime 42.0
speed0 time 43.0
02:27:15.031 [main] INFO  AV.VCU -  OSD 33 currentime 43.0
speed0 time 50.0
02:27:15.420 [main] INFO  AV.VCU -  OSD 00 currentime 50.0
speed0 time 51.0
02:27:15.475 [main] INFO  AV.VCU -  OSD 11 currentime 51.0
speed0 time 52.0
02:27:15.549 [main] INFO  AV.VCU -  OSD 22 currentime 52.0
speed0 time 53.0
02:27:15.601 [main] INFO  AV.VCU -  OSD 33 currentime 53.0
speed0 time 60.0
02:27:16.027 [main] INFO  AV.VCU -  OSD 00 currentime 60.0
speed0 time 61.0
02:27:16.082 [main] INFO  AV.VCU -  OSD 11 currentime 61.0
speed0 time 62.0
02:27:16.139 [main] INFO  AV.VCU -  OSD 22 currentime 62.0
speed0 time 63.0
02:27:16.190 [main] INFO  AV.VCU -  OSD 33 currentime 63.0
speed0 time 70.0
02:27:16.623 [main] INFO  AV.VCU -  OSD 00 currentime 70.0
speed0 time 71.0
02:27:16.718 [main] INFO  AV.VCU -  OSD 11 currentime 71.0
speed0 time 72.0
02:27:16.771 [main] INFO  AV.VCU -  OSD 22 currentime 72.0
speed0 time 73.0
02:27:16.821 [main] INFO  AV.VCU -  OSD 33 currentime 73.0
speed0 time 80.0
02:27:17.293 [main] INFO  AV.VCU -  OSD 00 currentime 80.0
speed0 time 81.0
02:27:17.398 [main] INFO  AV.VCU -  OSD 11 currentime 81.0
speed0 time 82.0
02:27:17.459 [main] INFO  AV.VCU -  OSD 22 currentime 82.0
speed0 time 83.0
02:27:17.498 [main] INFO  AV.VCU -  OSD 33 currentime 83.0
speed0 time 90.0
02:27:17.903 [main] INFO  AV.VCU -  OSD 00 currentime 90.0
speed0 time 91.0
02:27:17.952 [main] INFO  AV.VCU -  OSD 11 currentime 91.0
speed0 time 92.0
02:27:18.018 [main] INFO  AV.VCU -  OSD 22 currentime 92.0
speed0 time 93.0
02:27:18.070 [main] INFO  AV.VCU -  OSD 33 currentime 93.0
speed0 time 100.0
02:27:18.439 [main] INFO  AV.VCU -  OSD 00 currentime 100.0
speed0 time 101.0
02:27:18.493 [main] INFO  AV.VCU -  OSD 11 currentime 101.0
speed0 time 102.0
02:27:18.542 [main] INFO  AV.VCU -  OSD 22 currentime 102.0
speed0 time 103.0
02:27:18.587 [main] INFO  AV.VCU -  OSD 33 currentime 103.0
speed0 time 110.0
02:27:18.954 [main] INFO  AV.VCU -  OSD 00 currentime 110.0
speed0 time 111.0
02:27:19.010 [main] INFO  AV.VCU -  OSD 11 currentime 111.0
speed0 time 112.0
02:27:19.066 [main] INFO  AV.VCU -  OSD 22 currentime 112.0
speed0 time 113.0
02:27:19.123 [main] INFO  AV.VCU -  OSD 33 currentime 113.0
speed0 time 120.0
02:27:19.516 [main] INFO  AV.VCU -  OSD 00 currentime 120.0
speed0 time 121.0
02:27:19.572 [main] INFO  AV.VCU -  OSD 11 currentime 121.0
speed0 time 122.0
02:27:19.653 [main] INFO  AV.VCU -  OSD 22 currentime 122.0
speed0 time 123.0
02:27:19.708 [main] INFO  AV.VCU -  OSD 33 currentime 123.0
speed0 time 130.0
02:27:20.070 [main] INFO  AV.VCU -  OSD 00 currentime 130.0
speed0 time 131.0
02:27:20.125 [main] INFO  AV.VCU -  OSD 11 currentime 131.0
speed0 time 132.0
02:27:20.170 [main] INFO  AV.VCU -  OSD 22 currentime 132.0
speed0 time 133.0
02:27:20.222 [main] INFO  AV.VCU -  OSD 33 currentime 133.0
speed0 time 140.0
02:27:20.512 [main] INFO  AV.VCU -  OSD 00 currentime 140.0
speed0 time 141.0
02:27:20.559 [main] INFO  AV.VCU -  OSD 11 currentime 141.0
speed0 time 142.0
02:27:20.622 [main] INFO  AV.VCU -  OSD 22 currentime 142.0
speed0 time 143.0
02:27:20.675 [main] INFO  AV.VCU -  OSD 33 currentime 143.0
speed0 time 150.0
02:27:21.137 [main] INFO  AV.VCU -  OSD 00 currentime 150.0
speed0 time 151.0
02:27:21.174 [main] INFO  AV.VCU -  OSD 11 currentime 151.0
speed0 time 152.0
02:27:21.225 [main] INFO  AV.VCU -  OSD 22 currentime 152.0
speed0 time 153.0
02:27:21.271 [main] INFO  AV.VCU -  OSD 33 currentime 153.0
speed0 time 160.0
02:27:21.662 [main] INFO  AV.VCU -  OSD 00 currentime 160.0
speed0 time 161.0
02:27:21.717 [main] INFO  AV.VCU -  OSD 11 currentime 161.0
speed0 time 162.0
02:27:21.753 [main] INFO  AV.VCU -  OSD 22 currentime 162.0
speed0 time 163.0
02:27:21.799 [main] INFO  AV.VCU -  OSD 33 currentime 163.0
speed0 time 170.0
02:27:22.173 [main] INFO  AV.VCU -  OSD 00 currentime 170.0
speed0 time 171.0
02:27:22.231 [main] INFO  AV.VCU -  OSD 11 currentime 171.0
speed0 time 172.0
02:27:22.279 [main] INFO  AV.VCU -  OSD 22 currentime 172.0
speed0 time 173.0
02:27:22.335 [main] INFO  AV.VCU -  OSD 33 currentime 173.0
speed0 time 180.0
02:27:22.720 [main] INFO  AV.VCU -  OSD 00 currentime 180.0
speed0 time 181.0
02:27:22.786 [main] INFO  AV.VCU -  OSD 11 currentime 181.0
speed0 time 182.0
02:27:22.838 [main] INFO  AV.VCU -  OSD 22 currentime 182.0
speed0 time 183.0
02:27:22.881 [main] INFO  AV.VCU -  OSD 33 currentime 183.0
speed0 time 190.0
02:27:23.738 [main] INFO  AV.VCU -  OSD 00 currentime 190.0
speed0 time 191.0
02:27:23.993 [main] INFO  AV.VCU -  OSD 11 currentime 191.0
speed0 time 192.0
02:27:24.050 [main] INFO  AV.VCU -  OSD 22 currentime 192.0
speed0 time 193.0
02:27:24.099 [main] INFO  AV.VCU -  OSD 33 currentime 193.0
speed0 time 200.0
02:27:24.473 [main] INFO  AV.VCU -  OSD 00 currentime 200.0
speed0 time 201.0
02:27:24.517 [main] INFO  AV.VCU -  OSD 11 currentime 201.0
speed0 time 202.0
02:27:24.571 [main] INFO  AV.VCU -  OSD 22 currentime 202.0
speed0 time 203.0
02:27:24.619 [main] INFO  AV.VCU -  OSD 33 currentime 203.0
speed0 time 210.0
02:27:25.016 [main] INFO  AV.VCU -  OSD 00 currentime 210.0
speed0 time 211.0
02:27:25.068 [main] INFO  AV.VCU -  OSD 11 currentime 211.0
speed0 time 212.0
02:27:25.128 [main] INFO  AV.VCU -  OSD 22 currentime 212.0
speed0 time 213.0
02:27:25.166 [main] INFO  AV.VCU -  OSD 33 currentime 213.0
speed0 time 220.0
02:27:25.537 [main] INFO  AV.VCU -  OSD 00 currentime 220.0
speed0 time 221.0
02:27:25.599 [main] INFO  AV.VCU -  OSD 11 currentime 221.0
speed0 time 222.0
02:27:25.669 [main] INFO  AV.VCU -  OSD 22 currentime 222.0
speed0 time 223.0
02:27:25.727 [main] INFO  AV.VCU -  OSD 33 currentime 223.0
speed0 time 230.0
02:27:26.113 [main] INFO  AV.VCU -  OSD 00 currentime 230.0
speed0 time 231.0
02:27:26.169 [main] INFO  AV.VCU -  OSD 11 currentime 231.0
speed0 time 232.0
02:27:26.226 [main] INFO  AV.VCU -  OSD 22 currentime 232.0
speed0 time 233.0
02:27:26.278 [main] INFO  AV.VCU -  OSD 33 currentime 233.0
speed0 time 240.0
02:27:26.666 [main] INFO  AV.VCU -  OSD 00 currentime 240.0
speed0 time 241.0
02:27:26.715 [main] INFO  AV.VCU -  OSD 11 currentime 241.0
speed0 time 242.0
02:27:26.794 [main] INFO  AV.VCU -  OSD 22 currentime 242.0
speed0 time 243.0
02:27:26.844 [main] INFO  AV.VCU -  OSD 33 currentime 243.0
speed0 time 250.0
02:27:27.206 [main] INFO  AV.VCU -  OSD 00 currentime 250.0
speed0 time 251.0
02:27:27.255 [main] INFO  AV.VCU -  OSD 11 currentime 251.0
speed0 time 252.0
02:27:27.311 [main] INFO  AV.VCU -  OSD 22 currentime 252.0
speed0 time 253.0
02:27:27.362 [main] INFO  AV.VCU -  OSD 33 currentime 253.0
speed0 time 260.0
02:27:27.732 [main] INFO  AV.VCU -  OSD 00 currentime 260.0
speed0 time 261.0
02:27:27.779 [main] INFO  AV.VCU -  OSD 11 currentime 261.0
speed0 time 262.0
02:27:27.845 [main] INFO  AV.VCU -  OSD 22 currentime 262.0
speed0 time 263.0
02:27:27.895 [main] INFO  AV.VCU -  OSD 33 currentime 263.0
speed0 time 270.0
02:27:28.286 [main] INFO  AV.VCU -  OSD 00 currentime 270.0
speed0 time 271.0
02:27:28.342 [main] INFO  AV.VCU -  OSD 11 currentime 271.0
speed0 time 272.0
02:27:28.410 [main] INFO  AV.VCU -  OSD 22 currentime 272.0
speed0 time 273.0
02:27:28.465 [main] INFO  AV.VCU -  OSD 33 currentime 273.0
speed0 time 280.0
02:27:28.876 [main] INFO  AV.VCU -  OSD 00 currentime 280.0
speed0 time 281.0
02:27:28.930 [main] INFO  AV.VCU -  OSD 11 currentime 281.0
speed0 time 282.0
02:27:28.990 [main] INFO  AV.VCU -  OSD 22 currentime 282.0
speed0 time 283.0
02:27:29.040 [main] INFO  AV.VCU -  OSD 33 currentime 283.0
speed0 time 290.0
02:27:29.525 [main] INFO  AV.VCU -  OSD 00 currentime 290.0
speed0 time 291.0
02:27:29.575 [main] INFO  AV.VCU -  OSD 11 currentime 291.0
speed0 time 292.0
02:27:29.630 [main] INFO  AV.VCU -  OSD 22 currentime 292.0
speed0 time 293.0
02:27:29.684 [main] INFO  AV.VCU -  OSD 33 currentime 293.0
speed0 time 300.0
02:27:30.034 [main] INFO  AV.VCU -  OSD 00 currentime 300.0
speed0 time 301.0
02:27:30.087 [main] INFO  AV.VCU -  OSD 11 currentime 301.0
speed0 time 302.0
02:27:30.150 [main] INFO  AV.VCU -  OSD 22 currentime 302.0
speed0 time 303.0
02:27:30.201 [main] INFO  AV.VCU -  OSD 33 currentime 303.0
speed0 time 310.0
02:27:30.547 [main] INFO  AV.VCU -  OSD 00 currentime 310.0
speed0 time 311.0
02:27:30.586 [main] INFO  AV.VCU -  OSD 11 currentime 311.0
speed0 time 312.0
02:27:30.649 [main] INFO  AV.VCU -  OSD 22 currentime 312.0
speed0 time 313.0
02:27:30.694 [main] INFO  AV.VCU -  OSD 33 currentime 313.0
speed0 time 320.0
02:27:31.027 [main] INFO  AV.VCU -  OSD 00 currentime 320.0
speed0 time 321.0
02:27:31.115 [main] INFO  AV.VCU -  OSD 11 currentime 321.0
speed0 time 322.0
02:27:31.166 [main] INFO  AV.VCU -  OSD 22 currentime 322.0
speed0 time 323.0
02:27:31.225 [main] INFO  AV.VCU -  OSD 33 currentime 323.0
speed0 time 330.0
02:27:31.590 [main] INFO  AV.VCU -  OSD 00 currentime 330.0
speed0 time 331.0
02:27:31.649 [main] INFO  AV.VCU -  OSD 11 currentime 331.0
speed0 time 332.0
02:27:31.689 [main] INFO  AV.VCU -  OSD 22 currentime 332.0
speed0 time 333.0
02:27:31.755 [main] INFO  AV.VCU -  OSD 33 currentime 333.0
speed0 time 340.0
02:27:32.114 [main] INFO  AV.VCU -  OSD 00 currentime 340.0
speed0 time 341.0
02:27:32.201 [main] INFO  AV.VCU -  OSD 11 currentime 341.0
speed0 time 342.0
02:27:32.257 [main] INFO  AV.VCU -  OSD 22 currentime 342.0
speed0 time 343.0
02:27:32.310 [main] INFO  AV.VCU -  OSD 33 currentime 343.0
speed0 time 350.0
02:27:32.689 [main] INFO  AV.VCU -  OSD 00 currentime 350.0
speed0 time 351.0
02:27:32.741 [main] INFO  AV.VCU -  OSD 11 currentime 351.0
speed0 time 352.0
02:27:32.785 [main] INFO  AV.VCU -  OSD 22 currentime 352.0
speed0 time 353.0
02:27:32.837 [main] INFO  AV.VCU -  OSD 33 currentime 353.0
speed0 time 360.0
02:27:33.181 [main] INFO  AV.VCU -  OSD 00 currentime 360.0
speed0 time 361.0
02:27:33.234 [main] INFO  AV.VCU -  OSD 11 currentime 361.0
speed0 time 362.0
02:27:33.316 [main] INFO  AV.VCU -  OSD 22 currentime 362.0
speed0 time 363.0
02:27:33.374 [main] INFO  AV.VCU -  OSD 33 currentime 363.0
speed0 time 370.0
02:27:33.732 [main] INFO  AV.VCU -  OSD 00 currentime 370.0
speed0 time 371.0
02:27:33.784 [main] INFO  AV.VCU -  OSD 11 currentime 371.0
speed0 time 372.0
02:27:33.844 [main] INFO  AV.VCU -  OSD 22 currentime 372.0
speed0 time 373.0
02:27:33.890 [main] INFO  AV.VCU -  OSD 33 currentime 373.0
speed0 time 380.0
02:27:34.289 [main] INFO  AV.VCU -  OSD 00 currentime 380.0
speed0 time 381.0
02:27:34.347 [main] INFO  AV.VCU -  OSD 11 currentime 381.0
speed0 time 382.0
02:27:34.390 [main] INFO  AV.VCU -  OSD 22 currentime 382.0
speed0 time 383.0
02:27:34.447 [main] INFO  AV.VCU -  OSD 33 currentime 383.0
speed0 time 390.0
02:27:34.800 [main] INFO  AV.VCU -  OSD 00 currentime 390.0
speed0 time 391.0
02:27:34.843 [main] INFO  AV.VCU -  OSD 11 currentime 391.0
speed0 time 392.0
02:27:34.910 [main] INFO  AV.VCU -  OSD 22 currentime 392.0
speed0 time 393.0
02:27:34.954 [main] INFO  AV.VCU -  OSD 33 currentime 393.0
speed0 time 400.0
02:27:35.357 [main] INFO  AV.VCU -  OSD 00 currentime 400.0
speed0 time 401.0
02:27:35.415 [main] INFO  AV.VCU -  OSD 11 currentime 401.0
speed0 time 402.0
02:27:35.451 [main] INFO  AV.VCU -  OSD 22 currentime 402.0
speed0 time 403.0
02:27:35.499 [main] INFO  AV.VCU -  OSD 33 currentime 403.0
speed0 time 410.0
02:27:35.893 [main] INFO  AV.VCU -  OSD 00 currentime 410.0
speed0 time 411.0
02:27:35.936 [main] INFO  AV.VCU -  OSD 11 currentime 411.0
speed0 time 412.0
02:27:36.000 [main] INFO  AV.VCU -  OSD 22 currentime 412.0
speed0 time 413.0
02:27:36.052 [main] INFO  AV.VCU -  OSD 33 currentime 413.0
speed0 time 420.0
02:27:36.426 [main] INFO  AV.VCU -  OSD 00 currentime 420.0
speed0 time 421.0
02:27:36.485 [main] INFO  AV.VCU -  OSD 11 currentime 421.0
speed0 time 422.0
02:27:36.599 [main] INFO  AV.VCU -  OSD 22 currentime 422.0
speed0 time 423.0
02:27:36.654 [main] INFO  AV.VCU -  OSD 33 currentime 423.0
speed0 time 430.0
02:27:36.919 [main] INFO  AV.VCU -  OSD 00 currentime 430.0
speed0 time 431.0
02:27:36.973 [main] INFO  AV.VCU -  OSD 11 currentime 431.0
speed0 time 432.0
02:27:37.018 [main] INFO  AV.VCU -  OSD 22 currentime 432.0
speed0 time 433.0
02:27:37.085 [main] INFO  AV.VCU -  OSD 33 currentime 433.0
speed0 time 440.0
02:27:37.425 [main] INFO  AV.VCU -  OSD 00 currentime 440.0
speed0 time 441.0
02:27:37.503 [main] INFO  AV.VCU -  OSD 11 currentime 441.0
speed0 time 442.0
02:27:37.570 [main] INFO  AV.VCU -  OSD 22 currentime 442.0
speed0 time 443.0
02:27:37.623 [main] INFO  AV.VCU -  OSD 33 currentime 443.0
speed0 time 450.0
02:27:38.003 [main] INFO  AV.VCU -  OSD 00 currentime 450.0
speed0 time 451.0
02:27:38.056 [main] INFO  AV.VCU -  OSD 11 currentime 451.0
speed0 time 452.0
02:27:38.099 [main] INFO  AV.VCU -  OSD 22 currentime 452.0
speed0 time 453.0
02:27:38.140 [main] INFO  AV.VCU -  OSD 33 currentime 453.0
speed0 time 460.0
02:27:38.509 [main] INFO  AV.VCU -  OSD 00 currentime 460.0
speed0 time 461.0
02:27:38.555 [main] INFO  AV.VCU -  OSD 11 currentime 461.0
speed0 time 462.0
02:27:38.602 [main] INFO  AV.VCU -  OSD 22 currentime 462.0
speed0 time 463.0
02:27:38.633 [main] INFO  AV.VCU -  OSD 33 currentime 463.0
speed0 time 470.0
02:27:39.004 [main] INFO  AV.VCU -  OSD 00 currentime 470.0
speed0 time 471.0
02:27:39.031 [main] INFO  AV.VCU -  OSD 11 currentime 471.0
speed0 time 472.0
02:27:39.112 [main] INFO  AV.VCU -  OSD 22 currentime 472.0
speed0 time 473.0
02:27:39.173 [main] INFO  AV.VCU -  OSD 33 currentime 473.0
speed0 time 480.0
02:27:39.515 [main] INFO  AV.VCU -  OSD 00 currentime 480.0
speed0 time 481.0
02:27:39.571 [main] INFO  AV.VCU -  OSD 11 currentime 481.0
speed0 time 482.0
02:27:39.611 [main] INFO  AV.VCU -  OSD 22 currentime 482.0
speed0 time 483.0
02:27:39.654 [main] INFO  AV.VCU -  OSD 33 currentime 483.0
speed0 time 490.0
02:27:40.006 [main] INFO  AV.VCU -  OSD 00 currentime 490.0
speed0 time 491.0
02:27:40.045 [main] INFO  AV.VCU -  OSD 11 currentime 491.0
speed0 time 492.0
02:27:40.109 [main] INFO  AV.VCU -  OSD 22 currentime 492.0
speed0 time 493.0
02:27:40.150 [main] INFO  AV.VCU -  OSD 33 currentime 493.0
speed0 time 500.0
02:27:40.517 [main] INFO  AV.VCU -  OSD 00 currentime 500.0
speed0 time 501.0
02:27:40.560 [main] INFO  AV.VCU -  OSD 11 currentime 501.0
speed0 time 502.0
02:27:40.619 [main] INFO  AV.VCU -  OSD 22 currentime 502.0
speed0 time 503.0
02:27:40.671 [main] INFO  AV.VCU -  OSD 33 currentime 503.0
speed0 time 510.0
02:27:41.041 [main] INFO  AV.VCU -  OSD 00 currentime 510.0
speed0 time 511.0
02:27:41.096 [main] INFO  AV.VCU -  OSD 11 currentime 511.0
speed0 time 512.0
02:27:41.189 [main] INFO  AV.VCU -  OSD 22 currentime 512.0
speed0 time 513.0
02:27:41.234 [main] INFO  AV.VCU -  OSD 33 currentime 513.0
speed0 time 520.0
02:27:41.571 [main] INFO  AV.VCU -  OSD 00 currentime 520.0
speed0 time 521.0
02:27:41.616 [main] INFO  AV.VCU -  OSD 11 currentime 521.0
speed0 time 522.0
02:27:41.665 [main] INFO  AV.VCU -  OSD 22 currentime 522.0
speed0 time 523.0
02:27:41.723 [main] INFO  AV.VCU -  OSD 33 currentime 523.0
speed0 time 530.0
02:27:42.067 [main] INFO  AV.VCU -  OSD 00 currentime 530.0
speed0 time 531.0
02:27:42.130 [main] INFO  AV.VCU -  OSD 11 currentime 531.0
speed0 time 532.0
02:27:42.193 [main] INFO  AV.VCU -  OSD 22 currentime 532.0
speed0 time 533.0
02:27:42.248 [main] INFO  AV.VCU -  OSD 33 currentime 533.0
speed0 time 540.0
02:27:42.625 [main] INFO  AV.VCU -  OSD 00 currentime 540.0
speed0 time 541.0
02:27:42.680 [main] INFO  AV.VCU -  OSD 11 currentime 541.0
speed0 time 542.0
02:27:42.739 [main] INFO  AV.VCU -  OSD 22 currentime 542.0
speed0 time 543.0
02:27:42.783 [main] INFO  AV.VCU -  OSD 33 currentime 543.0
speed0 time 550.0
02:27:43.181 [main] INFO  AV.VCU -  OSD 00 currentime 550.0
speed0 time 551.0
02:27:43.208 [main] INFO  AV.VCU -  OSD 11 currentime 551.0
speed0 time 552.0
02:27:43.298 [main] INFO  AV.VCU -  OSD 22 currentime 552.0
speed0 time 553.0
02:27:43.320 [main] INFO  AV.VCU -  OSD 33 currentime 553.0
speed0 time 560.0
02:27:43.730 [main] INFO  AV.VCU -  OSD 00 currentime 560.0
speed0 time 561.0
02:27:43.770 [main] INFO  AV.VCU -  OSD 11 currentime 561.0
speed0 time 562.0
02:27:43.832 [main] INFO  AV.VCU -  OSD 22 currentime 562.0
speed0 time 563.0
02:27:43.877 [main] INFO  AV.VCU -  OSD 33 currentime 563.0
speed0 time 570.0
02:27:44.249 [main] INFO  AV.VCU -  OSD 00 currentime 570.0
speed0 time 571.0
02:27:44.304 [main] INFO  AV.VCU -  OSD 11 currentime 571.0
speed0 time 572.0
02:27:44.344 [main] INFO  AV.VCU -  OSD 22 currentime 572.0
speed0 time 573.0
02:27:44.405 [main] INFO  AV.VCU -  OSD 33 currentime 573.0
speed0 time 580.0
02:27:44.770 [main] INFO  AV.VCU -  OSD 00 currentime 580.0
speed0 time 581.0
02:27:44.814 [main] INFO  AV.VCU -  OSD 11 currentime 581.0
speed0 time 582.0
02:27:44.868 [main] INFO  AV.VCU -  OSD 22 currentime 582.0
speed0 time 583.0
02:27:44.925 [main] INFO  AV.VCU -  OSD 33 currentime 583.0
speed0 time 590.0
02:27:45.285 [main] INFO  AV.VCU -  OSD 00 currentime 590.0
speed0 time 591.0
02:27:45.342 [main] INFO  AV.VCU -  OSD 11 currentime 591.0
speed0 time 592.0
02:27:45.390 [main] INFO  AV.VCU -  OSD 22 currentime 592.0
speed0 time 593.0
02:27:45.433 [main] INFO  AV.VCU -  OSD 33 currentime 593.0
speed0 time 600.0
02:27:45.795 [main] INFO  AV.VCU -  OSD 00 currentime 600.0
speed0 time 601.0
02:27:45.850 [main] INFO  AV.VCU -  OSD 11 currentime 601.0
speed0 time 602.0
02:27:45.900 [main] INFO  AV.VCU -  OSD 22 currentime 602.0
speed0 time 603.0
02:27:45.944 [main] INFO  AV.VCU -  OSD 33 currentime 603.0
speed0 time 610.0
02:27:46.297 [main] INFO  AV.VCU -  OSD 00 currentime 610.0
speed0 time 611.0
02:27:46.343 [main] INFO  AV.VCU -  OSD 11 currentime 611.0
speed0 time 612.0
02:27:46.391 [main] INFO  AV.VCU -  OSD 22 currentime 612.0
speed0 time 613.0
02:27:46.445 [main] INFO  AV.VCU -  OSD 33 currentime 613.0
speed0 time 620.0
02:27:46.807 [main] INFO  AV.VCU -  OSD 00 currentime 620.0
speed0 time 621.0
02:27:46.857 [main] INFO  AV.VCU -  OSD 11 currentime 621.0
speed0 time 622.0
02:27:46.917 [main] INFO  AV.VCU -  OSD 22 currentime 622.0
speed0 time 623.0
02:27:46.957 [main] INFO  AV.VCU -  OSD 33 currentime 623.0
speed0 time 630.0
02:27:47.293 [main] INFO  AV.VCU -  OSD 00 currentime 630.0
speed0 time 631.0
02:27:47.379 [main] INFO  AV.VCU -  OSD 11 currentime 631.0
speed0 time 632.0
02:27:47.404 [main] INFO  AV.VCU -  OSD 22 currentime 632.0
speed0 time 633.0
02:27:47.478 [main] INFO  AV.VCU -  OSD 33 currentime 633.0
speed0 time 640.0
02:27:47.813 [main] INFO  AV.VCU -  OSD 00 currentime 640.0
speed0 time 641.0
02:27:47.883 [main] INFO  AV.VCU -  OSD 11 currentime 641.0
speed0 time 642.0
02:27:47.918 [main] INFO  AV.VCU -  OSD 22 currentime 642.0
speed0 time 643.0
02:27:47.992 [main] INFO  AV.VCU -  OSD 33 currentime 643.0
speed0 time 650.0
02:27:48.396 [main] INFO  AV.VCU -  OSD 00 currentime 650.0
speed0 time 651.0
02:27:48.451 [main] INFO  AV.VCU -  OSD 11 currentime 651.0
speed0 time 652.0
02:27:48.507 [main] INFO  AV.VCU -  OSD 22 currentime 652.0
speed0 time 653.0
02:27:48.566 [main] INFO  AV.VCU -  OSD 33 currentime 653.0
speed0 time 660.0
02:27:48.917 [main] INFO  AV.VCU -  OSD 00 currentime 660.0
speed0 time 661.0
02:27:48.967 [main] INFO  AV.VCU -  OSD 11 currentime 661.0
speed0 time 662.0
02:27:49.021 [main] INFO  AV.VCU -  OSD 22 currentime 662.0
speed0 time 663.0
02:27:49.073 [main] INFO  AV.VCU -  OSD 33 currentime 663.0
speed0 time 670.0
02:27:49.395 [main] INFO  AV.VCU -  OSD 00 currentime 670.0
speed0 time 671.0
02:27:49.466 [main] INFO  AV.VCU -  OSD 11 currentime 671.0
speed0 time 672.0
02:27:49.522 [main] INFO  AV.VCU -  OSD 22 currentime 672.0
speed0 time 673.0
02:27:49.573 [main] INFO  AV.VCU -  OSD 33 currentime 673.0
speed0 time 680.0
02:27:49.933 [main] INFO  AV.VCU -  OSD 00 currentime 680.0
speed0 time 681.0
02:27:49.999 [main] INFO  AV.VCU -  OSD 11 currentime 681.0
speed0 time 682.0
02:27:50.060 [main] INFO  AV.VCU -  OSD 22 currentime 682.0
speed0 time 683.0
02:27:50.110 [main] INFO  AV.VCU -  OSD 33 currentime 683.0
speed0 time 690.0
02:27:50.496 [main] INFO  AV.VCU -  OSD 00 currentime 690.0
speed0 time 691.0
02:27:50.547 [main] INFO  AV.VCU -  OSD 11 currentime 691.0
speed0 time 692.0
02:27:50.593 [main] INFO  AV.VCU -  OSD 22 currentime 692.0
speed0 time 693.0
02:27:50.650 [main] INFO  AV.VCU -  OSD 33 currentime 693.0
speed0 time 700.0
02:27:50.978 [main] INFO  AV.VCU -  OSD 00 currentime 700.0
speed0 time 701.0
02:27:51.022 [main] INFO  AV.VCU -  OSD 11 currentime 701.0
speed0 time 702.0
02:27:51.081 [main] INFO  AV.VCU -  OSD 22 currentime 702.0
speed0 time 703.0
02:27:51.136 [main] INFO  AV.VCU -  OSD 33 currentime 703.0
speed0 time 710.0
02:27:51.504 [main] INFO  AV.VCU -  OSD 00 currentime 710.0
speed0 time 711.0
02:27:51.567 [main] INFO  AV.VCU -  OSD 11 currentime 711.0
speed0 time 712.0
02:27:51.617 [main] INFO  AV.VCU -  OSD 22 currentime 712.0
speed0 time 713.0
02:27:51.674 [main] INFO  AV.VCU -  OSD 33 currentime 713.0
speed0 time 720.0
02:27:52.038 [main] INFO  AV.VCU -  OSD 00 currentime 720.0
speed0 time 721.0
02:27:52.086 [main] INFO  AV.VCU -  OSD 11 currentime 721.0
speed0 time 722.0
02:27:52.138 [main] INFO  AV.VCU -  OSD 22 currentime 722.0
speed0 time 723.0
02:27:52.194 [main] INFO  AV.VCU -  OSD 33 currentime 723.0
speed0 time 730.0
02:27:52.549 [main] INFO  AV.VCU -  OSD 00 currentime 730.0
speed0 time 731.0
02:27:52.594 [main] INFO  AV.VCU -  OSD 11 currentime 731.0
speed0 time 732.0
02:27:52.654 [main] INFO  AV.VCU -  OSD 22 currentime 732.0
speed0 time 733.0
02:27:52.699 [main] INFO  AV.VCU -  OSD 33 currentime 733.0
speed0 time 740.0
02:27:53.084 [main] INFO  AV.VCU -  OSD 00 currentime 740.0
speed0 time 741.0
02:27:53.131 [main] INFO  AV.VCU -  OSD 11 currentime 741.0
speed0 time 742.0
02:27:53.189 [main] INFO  AV.VCU -  OSD 22 currentime 742.0
speed0 time 743.0
02:27:53.248 [main] INFO  AV.VCU -  OSD 33 currentime 743.0
speed0 time 750.0
02:27:53.727 [main] INFO  AV.VCU -  OSD 00 currentime 750.0
speed0 time 751.0
02:27:53.769 [main] INFO  AV.VCU -  OSD 11 currentime 751.0
speed0 time 752.0
02:27:53.822 [main] INFO  AV.VCU -  OSD 22 currentime 752.0
speed0 time 753.0
02:27:53.865 [main] INFO  AV.VCU -  OSD 33 currentime 753.0
speed0 time 760.0
02:27:54.211 [main] INFO  AV.VCU -  OSD 00 currentime 760.0
speed0 time 761.0
02:27:54.258 [main] INFO  AV.VCU -  OSD 11 currentime 761.0
speed0 time 762.0
02:27:54.312 [main] INFO  AV.VCU -  OSD 22 currentime 762.0
speed0 time 763.0
02:27:54.355 [main] INFO  AV.VCU -  OSD 33 currentime 763.0
speed0 time 770.0
02:27:54.723 [main] INFO  AV.VCU -  OSD 00 currentime 770.0
speed0 time 771.0
02:27:54.779 [main] INFO  AV.VCU -  OSD 11 currentime 771.0
speed0 time 772.0
02:27:54.822 [main] INFO  AV.VCU -  OSD 22 currentime 772.0
speed0 time 773.0
02:27:54.873 [main] INFO  AV.VCU -  OSD 33 currentime 773.0
speed0 time 780.0
02:27:55.256 [main] INFO  AV.VCU -  OSD 00 currentime 780.0
speed0 time 781.0
02:27:55.296 [main] INFO  AV.VCU -  OSD 11 currentime 781.0
speed0 time 782.0
02:27:55.345 [main] INFO  AV.VCU -  OSD 22 currentime 782.0
speed0 time 783.0
02:27:55.397 [main] INFO  AV.VCU -  OSD 33 currentime 783.0
speed0 time 790.0
02:27:55.608 [main] INFO  AV.VCU -  OSD 00 currentime 790.0
speed0 time 791.0
02:27:55.639 [main] INFO  AV.VCU -  OSD 11 currentime 791.0
speed0 time 792.0
02:27:55.669 [main] INFO  AV.VCU -  OSD 22 currentime 792.0
speed0 time 793.0
02:27:55.698 [main] INFO  AV.VCU -  OSD 33 currentime 793.0
speed0 time 800.0
02:27:56.044 [main] INFO  AV.VCU -  OSD 00 currentime 800.0
speed0 time 801.0
02:27:56.084 [main] INFO  AV.VCU -  OSD 11 currentime 801.0
speed0 time 802.0
02:27:56.138 [main] INFO  AV.VCU -  OSD 22 currentime 802.0
speed0 time 803.0
02:27:56.181 [main] INFO  AV.VCU -  OSD 33 currentime 803.0
speed0 time 810.0
02:27:56.561 [main] INFO  AV.VCU -  OSD 00 currentime 810.0
speed0 time 811.0
02:27:56.612 [main] INFO  AV.VCU -  OSD 11 currentime 811.0
speed0 time 812.0
02:27:56.661 [main] INFO  AV.VCU -  OSD 22 currentime 812.0
speed0 time 813.0
02:27:56.718 [main] INFO  AV.VCU -  OSD 33 currentime 813.0
speed0 time 820.0
02:27:57.059 [main] INFO  AV.VCU -  OSD 00 currentime 820.0
speed0 time 821.0
02:27:57.114 [main] INFO  AV.VCU -  OSD 11 currentime 821.0
speed0 time 822.0
02:27:57.155 [main] INFO  AV.VCU -  OSD 22 currentime 822.0
speed0 time 823.0
02:27:57.212 [main] INFO  AV.VCU -  OSD 33 currentime 823.0
speed0 time 830.0
02:27:57.545 [main] INFO  AV.VCU -  OSD 00 currentime 830.0
speed0 time 831.0
02:27:57.578 [main] INFO  AV.VCU -  OSD 11 currentime 831.0
speed0 time 832.0
02:27:57.649 [main] INFO  AV.VCU -  OSD 22 currentime 832.0
speed0 time 833.0
02:27:57.702 [main] INFO  AV.VCU -  OSD 33 currentime 833.0
speed0 time 840.0
02:27:58.056 [main] INFO  AV.VCU -  OSD 00 currentime 840.0
speed0 time 841.0
02:27:58.105 [main] INFO  AV.VCU -  OSD 11 currentime 841.0
speed0 time 842.0
02:27:58.154 [main] INFO  AV.VCU -  OSD 22 currentime 842.0
speed0 time 843.0
02:27:58.206 [main] INFO  AV.VCU -  OSD 33 currentime 843.0
speed0 time 850.0
02:27:58.550 [main] INFO  AV.VCU -  OSD 00 currentime 850.0
speed0 time 851.0
02:27:58.596 [main] INFO  AV.VCU -  OSD 11 currentime 851.0
speed0 time 852.0
02:27:58.661 [main] INFO  AV.VCU -  OSD 22 currentime 852.0
speed0 time 853.0
02:27:58.702 [main] INFO  AV.VCU -  OSD 33 currentime 853.0
speed0 time 860.0
02:27:58.969 [main] INFO  AV.VCU -  OSD 00 currentime 860.0
speed0 time 861.0
02:27:59.027 [main] INFO  AV.VCU -  OSD 11 currentime 861.0
speed0 time 862.0
02:27:59.065 [main] INFO  AV.VCU -  OSD 22 currentime 862.0
speed0 time 863.0
02:27:59.104 [main] INFO  AV.VCU -  OSD 33 currentime 863.0
speed0 time 870.0
02:27:59.454 [main] INFO  AV.VCU -  OSD 00 currentime 870.0
speed0 time 871.0
02:27:59.500 [main] INFO  AV.VCU -  OSD 11 currentime 871.0
speed0 time 872.0
02:27:59.550 [main] INFO  AV.VCU -  OSD 22 currentime 872.0
speed0 time 873.0
02:27:59.594 [main] INFO  AV.VCU -  OSD 33 currentime 873.0
speed0 time 880.0
02:27:59.953 [main] INFO  AV.VCU -  OSD 00 currentime 880.0
speed0 time 881.0
02:28:00.005 [main] INFO  AV.VCU -  OSD 11 currentime 881.0
speed0 time 882.0
02:28:00.068 [main] INFO  AV.VCU -  OSD 22 currentime 882.0
speed0 time 883.0
02:28:00.117 [main] INFO  AV.VCU -  OSD 33 currentime 883.0
speed0 time 890.0
02:28:00.471 [main] INFO  AV.VCU -  OSD 00 currentime 890.0
speed0 time 891.0
02:28:00.519 [main] INFO  AV.VCU -  OSD 11 currentime 891.0
speed0 time 892.0
02:28:00.563 [main] INFO  AV.VCU -  OSD 22 currentime 892.0
speed0 time 893.0
02:28:00.612 [main] INFO  AV.VCU -  OSD 33 currentime 893.0
speed0 time 900.0
02:28:00.962 [main] INFO  AV.VCU -  OSD 00 currentime 900.0
speed0 time 901.0
02:28:01.023 [main] INFO  AV.VCU -  OSD 11 currentime 901.0
speed0 time 902.0
02:28:01.065 [main] INFO  AV.VCU -  OSD 22 currentime 902.0
speed0 time 903.0
02:28:01.121 [main] INFO  AV.VCU -  OSD 33 currentime 903.0
speed0 time 910.0
02:28:01.468 [main] INFO  AV.VCU -  OSD 00 currentime 910.0
speed0 time 911.0
02:28:01.525 [main] INFO  AV.VCU -  OSD 11 currentime 911.0
speed0 time 912.0
02:28:01.567 [main] INFO  AV.VCU -  OSD 22 currentime 912.0
speed0 time 913.0
02:28:01.627 [main] INFO  AV.VCU -  OSD 33 currentime 913.0
speed0 time 920.0
02:28:01.958 [main] INFO  AV.VCU -  OSD 00 currentime 920.0
speed0 time 921.0
02:28:02.015 [main] INFO  AV.VCU -  OSD 11 currentime 921.0
speed0 time 922.0
02:28:02.050 [main] INFO  AV.VCU -  OSD 22 currentime 922.0
speed0 time 923.0
02:28:02.109 [main] INFO  AV.VCU -  OSD 33 currentime 923.0
speed0 time 930.0
02:28:02.453 [main] INFO  AV.VCU -  OSD 00 currentime 930.0
speed0 time 931.0
02:28:02.506 [main] INFO  AV.VCU -  OSD 11 currentime 931.0
speed0 time 932.0
02:28:02.564 [main] INFO  AV.VCU -  OSD 22 currentime 932.0
speed0 time 933.0
02:28:02.609 [main] INFO  AV.VCU -  OSD 33 currentime 933.0
speed0 time 940.0
02:28:03.021 [main] INFO  AV.VCU -  OSD 00 currentime 940.0
speed0 time 941.0
02:28:03.077 [main] INFO  AV.VCU -  OSD 11 currentime 941.0
speed0 time 942.0
02:28:03.116 [main] INFO  AV.VCU -  OSD 22 currentime 942.0
speed0 time 943.0
02:28:03.162 [main] INFO  AV.VCU -  OSD 33 currentime 943.0
speed0 time 950.0
02:28:03.533 [main] INFO  AV.VCU -  OSD 00 currentime 950.0
speed0 time 951.0
02:28:03.581 [main] INFO  AV.VCU -  OSD 11 currentime 951.0
speed0 time 952.0
02:28:03.624 [main] INFO  AV.VCU -  OSD 22 currentime 952.0
speed0 time 953.0
02:28:03.666 [main] INFO  AV.VCU -  OSD 33 currentime 953.0
speed0 time 960.0
02:28:04.115 [main] INFO  AV.VCU -  OSD 00 currentime 960.0
speed0 time 961.0
02:28:04.164 [main] INFO  AV.VCU -  OSD 11 currentime 961.0
speed0 time 962.0
02:28:04.206 [main] INFO  AV.VCU -  OSD 22 currentime 962.0
speed0 time 963.0
02:28:04.258 [main] INFO  AV.VCU -  OSD 33 currentime 963.0
speed0 time 970.0
02:28:04.630 [main] INFO  AV.VCU -  OSD 00 currentime 970.0
speed0 time 971.0
02:28:04.678 [main] INFO  AV.VCU -  OSD 11 currentime 971.0
speed0 time 972.0
02:28:04.728 [main] INFO  AV.VCU -  OSD 22 currentime 972.0
speed0 time 973.0
02:28:04.770 [main] INFO  AV.VCU -  OSD 33 currentime 973.0
speed0 time 980.0
02:28:05.140 [main] INFO  AV.VCU -  OSD 00 currentime 980.0
speed0 time 981.0
02:28:05.191 [main] INFO  AV.VCU -  OSD 11 currentime 981.0
speed0 time 982.0
02:28:05.249 [main] INFO  AV.VCU -  OSD 22 currentime 982.0
speed0 time 983.0
02:28:05.279 [main] INFO  AV.VCU -  OSD 33 currentime 983.0
speed0 time 990.0
02:28:05.640 [main] INFO  AV.VCU -  OSD 00 currentime 990.0
speed0 time 991.0
02:28:05.682 [main] INFO  AV.VCU -  OSD 11 currentime 991.0
speed0 time 992.0
02:28:05.731 [main] INFO  AV.VCU -  OSD 22 currentime 992.0
speed0 time 993.0
02:28:05.774 [main] INFO  AV.VCU -  OSD 33 currentime 993.0
speed0 time 1000.0
02:28:06.100 [main] INFO  AV.VCU -  OSD 00 currentime 1000.0
speed0 time 1001.0
02:28:06.149 [main] INFO  AV.VCU -  OSD 11 currentime 1001.0
speed0 time 1002.0
02:28:06.197 [main] INFO  AV.VCU -  OSD 22 currentime 1002.0
speed0 time 1003.0
02:28:06.250 [main] INFO  AV.VCU -  OSD 33 currentime 1003.0
speed0 time 1010.0
02:28:06.582 [main] INFO  AV.VCU -  OSD 00 currentime 1010.0
speed0 time 1011.0
02:28:06.635 [main] INFO  AV.VCU -  OSD 11 currentime 1011.0
speed0 time 1012.0
02:28:06.678 [main] INFO  AV.VCU -  OSD 22 currentime 1012.0
speed0 time 1013.0
02:28:06.738 [main] INFO  AV.VCU -  OSD 33 currentime 1013.0
speed0 time 1020.0
02:28:07.074 [main] INFO  AV.VCU -  OSD 00 currentime 1020.0
speed0 time 1021.0
02:28:07.130 [main] INFO  AV.VCU -  OSD 11 currentime 1021.0
speed0 time 1022.0
02:28:07.180 [main] INFO  AV.VCU -  OSD 22 currentime 1022.0
speed0 time 1023.0
02:28:07.225 [main] INFO  AV.VCU -  OSD 33 currentime 1023.0
speed0 time 1030.0
02:28:07.575 [main] INFO  AV.VCU -  OSD 00 currentime 1030.0
speed0 time 1031.0
02:28:07.626 [main] INFO  AV.VCU -  OSD 11 currentime 1031.0
speed0 time 1032.0
02:28:07.685 [main] INFO  AV.VCU -  OSD 22 currentime 1032.0
speed0 time 1033.0
02:28:07.725 [main] INFO  AV.VCU -  OSD 33 currentime 1033.0
speed0 time 1040.0
02:28:08.080 [main] INFO  AV.VCU -  OSD 00 currentime 1040.0
speed0 time 1041.0
02:28:08.130 [main] INFO  AV.VCU -  OSD 11 currentime 1041.0
speed0 time 1042.0
02:28:08.149 [main] INFO  AV.VCU -  OSD 22 currentime 1042.0
speed0 time 1043.0
02:28:08.223 [main] INFO  AV.VCU -  OSD 33 currentime 1043.0
speed0 time 1050.0
02:28:08.567 [main] INFO  AV.VCU -  OSD 00 currentime 1050.0
speed0 time 1051.0
02:28:08.619 [main] INFO  AV.VCU -  OSD 11 currentime 1051.0
speed0 time 1052.0
02:28:08.665 [main] INFO  AV.VCU -  OSD 22 currentime 1052.0
speed0 time 1053.0
02:28:08.715 [main] INFO  AV.VCU -  OSD 33 currentime 1053.0
speed0 time 1060.0
02:28:09.022 [main] INFO  AV.VCU -  OSD 00 currentime 1060.0
speed0 time 1061.0
02:28:09.076 [main] INFO  AV.VCU -  OSD 11 currentime 1061.0
speed0 time 1062.0
02:28:09.118 [main] INFO  AV.VCU -  OSD 22 currentime 1062.0
speed0 time 1063.0
02:28:09.181 [main] INFO  AV.VCU -  OSD 33 currentime 1063.0
speed0 time 1070.0
02:28:09.519 [main] INFO  AV.VCU -  OSD 00 currentime 1070.0
speed0 time 1071.0
02:28:09.580 [main] INFO  AV.VCU -  OSD 11 currentime 1071.0
speed0 time 1072.0
02:28:09.639 [main] INFO  AV.VCU -  OSD 22 currentime 1072.0
speed0 time 1073.0
02:28:09.693 [main] INFO  AV.VCU -  OSD 33 currentime 1073.0
speed0 time 1080.0
02:28:10.035 [main] INFO  AV.VCU -  OSD 00 currentime 1080.0
speed0 time 1081.0
02:28:10.088 [main] INFO  AV.VCU -  OSD 11 currentime 1081.0
speed0 time 1082.0
02:28:10.126 [main] INFO  AV.VCU -  OSD 22 currentime 1082.0
speed0 time 1083.0
02:28:10.156 [main] INFO  AV.VCU -  OSD 33 currentime 1083.0
speed0 time 1090.0
02:28:10.524 [main] INFO  AV.VCU -  OSD 00 currentime 1090.0
speed0 time 1091.0
02:28:10.553 [main] INFO  AV.VCU -  OSD 11 currentime 1091.0
speed0 time 1092.0
02:28:10.627 [main] INFO  AV.VCU -  OSD 22 currentime 1092.0
speed0 time 1093.0
02:28:10.655 [main] INFO  AV.VCU -  OSD 33 currentime 1093.0
speed0 time 1100.0
02:28:11.014 [main] INFO  AV.VCU -  OSD 00 currentime 1100.0
speed0 time 1101.0
02:28:11.072 [main] INFO  AV.VCU -  OSD 11 currentime 1101.0
speed0 time 1102.0
02:28:11.125 [main] INFO  AV.VCU -  OSD 22 currentime 1102.0
speed0 time 1103.0
02:28:11.175 [main] INFO  AV.VCU -  OSD 33 currentime 1103.0
speed0 time 1110.0
02:28:11.626 [main] INFO  AV.VCU -  OSD 00 currentime 1110.0
speed0 time 1111.0
02:28:11.655 [main] INFO  AV.VCU -  OSD 11 currentime 1111.0
speed0 time 1112.0
02:28:11.723 [main] INFO  AV.VCU -  OSD 22 currentime 1112.0
speed0 time 1113.0
02:28:11.760 [main] INFO  AV.VCU -  OSD 33 currentime 1113.0
speed0 time 1120.0
02:28:12.102 [main] INFO  AV.VCU -  OSD 00 currentime 1120.0
speed0 time 1121.0
02:28:12.164 [main] INFO  AV.VCU -  OSD 11 currentime 1121.0
speed0 time 1122.0
02:28:12.205 [main] INFO  AV.VCU -  OSD 22 currentime 1122.0
speed0 time 1123.0
02:28:12.255 [main] INFO  AV.VCU -  OSD 33 currentime 1123.0
speed0 time 1130.0
02:28:12.609 [main] INFO  AV.VCU -  OSD 00 currentime 1130.0
speed0 time 1131.0
02:28:12.670 [main] INFO  AV.VCU -  OSD 11 currentime 1131.0
speed0 time 1132.0
02:28:12.709 [main] INFO  AV.VCU -  OSD 22 currentime 1132.0
speed0 time 1133.0
02:28:12.784 [main] INFO  AV.VCU -  OSD 33 currentime 1133.0
speed0 time 1140.0
02:28:13.113 [main] INFO  AV.VCU -  OSD 00 currentime 1140.0
speed0 time 1141.0
02:28:13.168 [main] INFO  AV.VCU -  OSD 11 currentime 1141.0
speed0 time 1142.0
02:28:13.222 [main] INFO  AV.VCU -  OSD 22 currentime 1142.0
speed0 time 1143.0
02:28:13.249 [main] INFO  AV.VCU -  OSD 33 currentime 1143.0
speed0 time 1150.0
02:28:13.627 [main] INFO  AV.VCU -  OSD 00 currentime 1150.0
speed0 time 1151.0
02:28:13.669 [main] INFO  AV.VCU -  OSD 11 currentime 1151.0
speed0 time 1152.0
02:28:13.704 [main] INFO  AV.VCU -  OSD 22 currentime 1152.0
speed0 time 1153.0
02:28:13.773 [main] INFO  AV.VCU -  OSD 33 currentime 1153.0
speed0 time 1160.0
02:28:14.103 [main] INFO  AV.VCU -  OSD 00 currentime 1160.0
speed0 time 1161.0
02:28:14.170 [main] INFO  AV.VCU -  OSD 11 currentime 1161.0
speed0 time 1162.0
02:28:14.214 [main] INFO  AV.VCU -  OSD 22 currentime 1162.0
speed0 time 1163.0
02:28:14.270 [main] INFO  AV.VCU -  OSD 33 currentime 1163.0
speed0 time 1170.0
02:28:14.620 [main] INFO  AV.VCU -  OSD 00 currentime 1170.0
speed0 time 1171.0
02:28:14.673 [main] INFO  AV.VCU -  OSD 11 currentime 1171.0
speed0 time 1172.0
02:28:14.717 [main] INFO  AV.VCU -  OSD 22 currentime 1172.0
speed0 time 1173.0
02:28:14.765 [main] INFO  AV.VCU -  OSD 33 currentime 1173.0
speed0 time 1180.0
02:28:15.093 [main] INFO  AV.VCU -  OSD 00 currentime 1180.0
speed0 time 1181.0
02:28:15.162 [main] INFO  AV.VCU -  OSD 11 currentime 1181.0
speed0 time 1182.0
02:28:15.196 [main] INFO  AV.VCU -  OSD 22 currentime 1182.0
speed0 time 1183.0
02:28:15.261 [main] INFO  AV.VCU -  OSD 33 currentime 1183.0
speed0 time 1190.0
02:28:15.579 [main] INFO  AV.VCU -  OSD 00 currentime 1190.0
speed0 time 1191.0
02:28:15.649 [main] INFO  AV.VCU -  OSD 11 currentime 1191.0
speed0 time 1192.0
02:28:15.675 [main] INFO  AV.VCU -  OSD 22 currentime 1192.0
speed0 time 1193.0
02:28:15.752 [main] INFO  AV.VCU -  OSD 33 currentime 1193.0
speed0 time 1200.0
02:28:16.205 [main] INFO  AV.VCU -  OSD 00 currentime 1200.0
speed0 time 1201.0
02:28:16.258 [main] INFO  AV.VCU -  OSD 11 currentime 1201.0
speed0 time 1202.0
02:28:16.301 [main] INFO  AV.VCU -  OSD 22 currentime 1202.0
speed0 time 1203.0
02:28:16.356 [main] INFO  AV.VCU -  OSD 33 currentime 1203.0
speed0 time 1210.0
02:28:16.703 [main] INFO  AV.VCU -  OSD 00 currentime 1210.0
speed0 time 1211.0
02:28:16.742 [main] INFO  AV.VCU -  OSD 11 currentime 1211.0
speed0 time 1212.0
02:28:16.809 [main] INFO  AV.VCU -  OSD 22 currentime 1212.0
speed0 time 1213.0
02:28:16.851 [main] INFO  AV.VCU -  OSD 33 currentime 1213.0
speed0 time 1220.0
02:28:17.199 [main] INFO  AV.VCU -  OSD 00 currentime 1220.0
speed0 time 1221.0
02:28:17.251 [main] INFO  AV.VCU -  OSD 11 currentime 1221.0
speed0 time 1222.0
02:28:17.294 [main] INFO  AV.VCU -  OSD 22 currentime 1222.0
speed0 time 1223.0
02:28:17.348 [main] INFO  AV.VCU -  OSD 33 currentime 1223.0
speed0 time 1230.0
02:28:17.697 [main] INFO  AV.VCU -  OSD 00 currentime 1230.0
speed0 time 1231.0
02:28:17.728 [main] INFO  AV.VCU -  OSD 11 currentime 1231.0
speed0 time 1232.0
02:28:17.801 [main] INFO  AV.VCU -  OSD 22 currentime 1232.0
speed0 time 1233.0
02:28:17.861 [main] INFO  AV.VCU -  OSD 33 currentime 1233.0
speed0 time 1240.0
02:28:18.205 [main] INFO  AV.VCU -  OSD 00 currentime 1240.0
speed0 time 1241.0
02:28:18.238 [main] INFO  AV.VCU -  OSD 11 currentime 1241.0
speed0 time 1242.0
02:28:18.282 [main] INFO  AV.VCU -  OSD 22 currentime 1242.0
speed0 time 1243.0
02:28:18.336 [main] INFO  AV.VCU -  OSD 33 currentime 1243.0
speed0 time 1250.0
02:28:18.668 [main] INFO  AV.VCU -  OSD 00 currentime 1250.0
speed0 time 1251.0
02:28:18.717 [main] INFO  AV.VCU -  OSD 11 currentime 1251.0
speed0 time 1252.0
02:28:18.773 [main] INFO  AV.VCU -  OSD 22 currentime 1252.0
speed0 time 1253.0
02:28:18.823 [main] INFO  AV.VCU -  OSD 33 currentime 1253.0
speed0 time 1260.0
02:28:19.165 [main] INFO  AV.VCU -  OSD 00 currentime 1260.0
speed0 time 1261.0
02:28:19.223 [main] INFO  AV.VCU -  OSD 11 currentime 1261.0
speed0 time 1262.0
02:28:19.272 [main] INFO  AV.VCU -  OSD 22 currentime 1262.0
speed0 time 1263.0
02:28:19.329 [main] INFO  AV.VCU -  OSD 33 currentime 1263.0
speed0 time 1270.0
02:28:19.710 [main] INFO  AV.VCU -  OSD 00 currentime 1270.0
speed0 time 1271.0
02:28:19.754 [main] INFO  AV.VCU -  OSD 11 currentime 1271.0
speed0 time 1272.0
02:28:19.794 [main] INFO  AV.VCU -  OSD 22 currentime 1272.0
speed0 time 1273.0
02:28:19.854 [main] INFO  AV.VCU -  OSD 33 currentime 1273.0
speed0 time 1280.0
02:28:20.188 [main] INFO  AV.VCU -  OSD 00 currentime 1280.0
speed0 time 1281.0
02:28:20.242 [main] INFO  AV.VCU -  OSD 11 currentime 1281.0
speed0 time 1282.0
02:28:20.285 [main] INFO  AV.VCU -  OSD 22 currentime 1282.0
speed0 time 1283.0
02:28:20.333 [main] INFO  AV.VCU -  OSD 33 currentime 1283.0
speed0 time 1290.0
02:28:20.669 [main] INFO  AV.VCU -  OSD 00 currentime 1290.0
speed0 time 1291.0
02:28:20.723 [main] INFO  AV.VCU -  OSD 11 currentime 1291.0
speed0 time 1292.0
02:28:20.770 [main] INFO  AV.VCU -  OSD 22 currentime 1292.0
speed0 time 1293.0
02:28:20.812 [main] INFO  AV.VCU -  OSD 33 currentime 1293.0
speed0 time 1300.0
02:28:21.122 [main] INFO  AV.VCU -  OSD 00 currentime 1300.0
speed0 time 1301.0
02:28:21.171 [main] INFO  AV.VCU -  OSD 11 currentime 1301.0
speed0 time 1302.0
02:28:21.215 [main] INFO  AV.VCU -  OSD 22 currentime 1302.0
speed0 time 1303.0
02:28:21.270 [main] INFO  AV.VCU -  OSD 33 currentime 1303.0
speed0 time 1310.0
02:28:21.650 [main] INFO  AV.VCU -  OSD 00 currentime 1310.0
speed0 time 1311.0
02:28:21.697 [main] INFO  AV.VCU -  OSD 11 currentime 1311.0
speed0 time 1312.0
02:28:21.759 [main] INFO  AV.VCU -  OSD 22 currentime 1312.0
speed0 time 1313.0
02:28:21.807 [main] INFO  AV.VCU -  OSD 33 currentime 1313.0
speed0 time 1320.0
02:28:22.176 [main] INFO  AV.VCU -  OSD 00 currentime 1320.0
speed0 time 1321.0
02:28:22.230 [main] INFO  AV.VCU -  OSD 11 currentime 1321.0
speed0 time 1322.0
02:28:22.272 [main] INFO  AV.VCU -  OSD 22 currentime 1322.0
speed0 time 1323.0
02:28:22.317 [main] INFO  AV.VCU -  OSD 33 currentime 1323.0
speed0 time 1330.0
02:28:22.627 [main] INFO  AV.VCU -  OSD 00 currentime 1330.0
speed0 time 1331.0
02:28:22.677 [main] INFO  AV.VCU -  OSD 11 currentime 1331.0
speed0 time 1332.0
02:28:22.720 [main] INFO  AV.VCU -  OSD 22 currentime 1332.0
speed0 time 1333.0
02:28:22.772 [main] INFO  AV.VCU -  OSD 33 currentime 1333.0
speed0 time 1340.0
02:28:23.112 [main] INFO  AV.VCU -  OSD 00 currentime 1340.0
speed0 time 1341.0
02:28:23.169 [main] INFO  AV.VCU -  OSD 11 currentime 1341.0
speed0 time 1342.0
02:28:23.191 [main] INFO  AV.VCU -  OSD 22 currentime 1342.0
speed0 time 1343.0
02:28:23.289 [main] INFO  AV.VCU -  OSD 33 currentime 1343.0
speed0 time 1350.0
02:28:23.639 [main] INFO  AV.VCU -  OSD 00 currentime 1350.0
speed0 time 1351.0
02:28:23.692 [main] INFO  AV.VCU -  OSD 11 currentime 1351.0
speed0 time 1352.0
02:28:23.734 [main] INFO  AV.VCU -  OSD 22 currentime 1352.0
speed0 time 1353.0
02:28:23.787 [main] INFO  AV.VCU -  OSD 33 currentime 1353.0
speed0 time 1360.0
02:28:24.130 [main] INFO  AV.VCU -  OSD 00 currentime 1360.0
speed0 time 1361.0
02:28:24.167 [main] INFO  AV.VCU -  OSD 11 currentime 1361.0
speed0 time 1362.0
02:28:24.217 [main] INFO  AV.VCU -  OSD 22 currentime 1362.0
speed0 time 1363.0
02:28:24.271 [main] INFO  AV.VCU -  OSD 33 currentime 1363.0
speed0 time 1370.0
02:28:24.611 [main] INFO  AV.VCU -  OSD 00 currentime 1370.0
speed0 time 1371.0
02:28:24.671 [main] INFO  AV.VCU -  OSD 11 currentime 1371.0
speed0 time 1372.0
02:28:24.719 [main] INFO  AV.VCU -  OSD 22 currentime 1372.0
speed0 time 1373.0
02:28:24.774 [main] INFO  AV.VCU -  OSD 33 currentime 1373.0
speed0 time 1380.0
02:28:25.127 [main] INFO  AV.VCU -  OSD 00 currentime 1380.0
speed0 time 1381.0
02:28:25.172 [main] INFO  AV.VCU -  OSD 11 currentime 1381.0
speed0 time 1382.0
02:28:25.216 [main] INFO  AV.VCU -  OSD 22 currentime 1382.0
speed0 time 1383.0
02:28:25.274 [main] INFO  AV.VCU -  OSD 33 currentime 1383.0
speed0 time 1390.0
02:28:25.628 [main] INFO  AV.VCU -  OSD 00 currentime 1390.0
speed0 time 1391.0
02:28:25.658 [main] INFO  AV.VCU -  OSD 11 currentime 1391.0
speed0 time 1392.0
02:28:25.727 [main] INFO  AV.VCU -  OSD 22 currentime 1392.0
speed0 time 1393.0
02:28:25.753 [main] INFO  AV.VCU -  OSD 33 currentime 1393.0
speed0 time 1400.0
02:28:26.132 [main] INFO  AV.VCU -  OSD 00 currentime 1400.0
speed0 time 1401.0
02:28:26.167 [main] INFO  AV.VCU -  OSD 11 currentime 1401.0
speed0 time 1402.0
02:28:26.226 [main] INFO  AV.VCU -  OSD 22 currentime 1402.0
speed0 time 1403.0
02:28:26.277 [main] INFO  AV.VCU -  OSD 33 currentime 1403.0
speed0 time 1410.0
02:28:26.623 [main] INFO  AV.VCU -  OSD 00 currentime 1410.0
speed0 time 1411.0
02:28:26.665 [main] INFO  AV.VCU -  OSD 11 currentime 1411.0
speed0 time 1412.0
02:28:26.721 [main] INFO  AV.VCU -  OSD 22 currentime 1412.0
speed0 time 1413.0
02:28:26.771 [main] INFO  AV.VCU -  OSD 33 currentime 1413.0
speed0 time 1420.0
02:28:27.115 [main] INFO  AV.VCU -  OSD 00 currentime 1420.0
speed0 time 1421.0
02:28:27.169 [main] INFO  AV.VCU -  OSD 11 currentime 1421.0
speed0 time 1422.0
02:28:27.221 [main] INFO  AV.VCU -  OSD 22 currentime 1422.0
speed0 time 1423.0
02:28:27.271 [main] INFO  AV.VCU -  OSD 33 currentime 1423.0
speed0 time 1430.0
02:28:27.636 [main] INFO  AV.VCU -  OSD 00 currentime 1430.0
speed0 time 1431.0
02:28:27.680 [main] INFO  AV.VCU -  OSD 11 currentime 1431.0
speed0 time 1432.0
02:28:27.739 [main] INFO  AV.VCU -  OSD 22 currentime 1432.0
speed0 time 1433.0
02:28:27.777 [main] INFO  AV.VCU -  OSD 33 currentime 1433.0
speed0 time 1440.0
02:28:28.249 [main] INFO  AV.VCU -  OSD 00 currentime 1440.0
speed0 time 1441.0
02:28:28.297 [main] INFO  AV.VCU -  OSD 11 currentime 1441.0
speed0 time 1442.0
02:28:28.342 [main] INFO  AV.VCU -  OSD 22 currentime 1442.0
speed0 time 1443.0
02:28:28.396 [main] INFO  AV.VCU -  OSD 33 currentime 1443.0
speed0 time 1450.0
02:28:28.746 [main] INFO  AV.VCU -  OSD 00 currentime 1450.0
speed0 time 1451.0
02:28:28.807 [main] INFO  AV.VCU -  OSD 11 currentime 1451.0
speed0 time 1452.0
02:28:28.845 [main] INFO  AV.VCU -  OSD 22 currentime 1452.0
speed0 time 1453.0
02:28:28.909 [main] INFO  AV.VCU -  OSD 33 currentime 1453.0
speed0 time 1460.0
02:28:29.259 [main] INFO  AV.VCU -  OSD 00 currentime 1460.0
speed0 time 1461.0
02:28:29.311 [main] INFO  AV.VCU -  OSD 11 currentime 1461.0
speed0 time 1462.0
02:28:29.375 [main] INFO  AV.VCU -  OSD 22 currentime 1462.0
speed0 time 1463.0
02:28:29.404 [main] INFO  AV.VCU -  OSD 33 currentime 1463.0
speed0 time 1470.0
02:28:29.717 [main] INFO  AV.VCU -  OSD 00 currentime 1470.0
speed0 time 1471.0
02:28:29.784 [main] INFO  AV.VCU -  OSD 11 currentime 1471.0
speed0 time 1472.0
02:28:29.816 [main] INFO  AV.VCU -  OSD 22 currentime 1472.0
speed0 time 1473.0
02:28:29.881 [main] INFO  AV.VCU -  OSD 33 currentime 1473.0
speed0 time 1480.0
02:28:30.221 [main] INFO  AV.VCU -  OSD 00 currentime 1480.0
speed0 time 1481.0
02:28:30.280 [main] INFO  AV.VCU -  OSD 11 currentime 1481.0
speed0 time 1482.0
02:28:30.327 [main] INFO  AV.VCU -  OSD 22 currentime 1482.0
speed0 time 1483.0
02:28:30.384 [main] INFO  AV.VCU -  OSD 33 currentime 1483.0
speed0 time 1490.0
02:28:30.729 [main] INFO  AV.VCU -  OSD 00 currentime 1490.0
speed0 time 1491.0
02:28:30.780 [main] INFO  AV.VCU -  OSD 11 currentime 1491.0
speed0 time 1492.0
02:28:30.833 [main] INFO  AV.VCU -  OSD 22 currentime 1492.0
speed0 time 1493.0
02:28:30.890 [main] INFO  AV.VCU -  OSD 33 currentime 1493.0
speed0 time 1500.0
02:28:31.218 [main] INFO  AV.VCU -  OSD 00 currentime 1500.0
speed0 time 1501.0
02:28:31.310 [main] INFO  AV.VCU -  OSD 11 currentime 1501.0
speed0 time 1502.0
02:28:31.350 [main] INFO  AV.VCU -  OSD 22 currentime 1502.0
speed0 time 1503.0
02:28:31.403 [main] INFO  AV.VCU -  OSD 33 currentime 1503.0
speed0 time 1510.0
02:28:31.715 [main] INFO  AV.VCU -  OSD 00 currentime 1510.0
speed0 time 1511.0
02:28:31.762 [main] INFO  AV.VCU -  OSD 11 currentime 1511.0
speed0 time 1512.0
02:28:31.805 [main] INFO  AV.VCU -  OSD 22 currentime 1512.0
speed0 time 1513.0
02:28:31.852 [main] INFO  AV.VCU -  OSD 33 currentime 1513.0
speed0 time 1520.0
02:28:32.208 [main] INFO  AV.VCU -  OSD 00 currentime 1520.0
speed0 time 1521.0
02:28:32.265 [main] INFO  AV.VCU -  OSD 11 currentime 1521.0
speed0 time 1522.0
02:28:32.308 [main] INFO  AV.VCU -  OSD 22 currentime 1522.0
speed0 time 1523.0
02:28:32.363 [main] INFO  AV.VCU -  OSD 33 currentime 1523.0
speed0 time 1530.0
02:28:32.716 [main] INFO  AV.VCU -  OSD 00 currentime 1530.0
speed0 time 1531.0
02:28:32.765 [main] INFO  AV.VCU -  OSD 11 currentime 1531.0
speed0 time 1532.0
02:28:32.808 [main] INFO  AV.VCU -  OSD 22 currentime 1532.0
speed0 time 1533.0
02:28:32.863 [main] INFO  AV.VCU -  OSD 33 currentime 1533.0
speed0 time 1540.0
02:28:33.205 [main] INFO  AV.VCU -  OSD 00 currentime 1540.0
speed0 time 1541.0
02:28:33.256 [main] INFO  AV.VCU -  OSD 11 currentime 1541.0
speed0 time 1542.0
02:28:33.303 [main] INFO  AV.VCU -  OSD 22 currentime 1542.0
speed0 time 1543.0
02:28:33.357 [main] INFO  AV.VCU -  OSD 33 currentime 1543.0
speed0 time 1550.0
02:28:33.701 [main] INFO  AV.VCU -  OSD 00 currentime 1550.0
speed0 time 1551.0
02:28:33.746 [main] INFO  AV.VCU -  OSD 11 currentime 1551.0
speed0 time 1552.0
02:28:33.791 [main] INFO  AV.VCU -  OSD 22 currentime 1552.0
speed0 time 1553.0
02:28:33.842 [main] INFO  AV.VCU -  OSD 33 currentime 1553.0
speed0 time 1560.0
02:28:34.180 [main] INFO  AV.VCU -  OSD 00 currentime 1560.0
speed0 time 1561.0
02:28:34.218 [main] INFO  AV.VCU -  OSD 11 currentime 1561.0
speed0 time 1562.0
02:28:34.284 [main] INFO  AV.VCU -  OSD 22 currentime 1562.0
speed0 time 1563.0
02:28:34.329 [main] INFO  AV.VCU -  OSD 33 currentime 1563.0
speed0 time 1570.0
02:28:34.687 [main] INFO  AV.VCU -  OSD 00 currentime 1570.0
speed0 time 1571.0
02:28:34.725 [main] INFO  AV.VCU -  OSD 11 currentime 1571.0
speed0 time 1572.0
02:28:34.787 [main] INFO  AV.VCU -  OSD 22 currentime 1572.0
speed0 time 1573.0
02:28:34.831 [main] INFO  AV.VCU -  OSD 33 currentime 1573.0
speed0 time 1580.0
02:28:35.197 [main] INFO  AV.VCU -  OSD 00 currentime 1580.0
speed0 time 1581.0
02:28:35.240 [main] INFO  AV.VCU -  OSD 11 currentime 1581.0
speed0 time 1582.0
02:28:35.305 [main] INFO  AV.VCU -  OSD 22 currentime 1582.0
speed0 time 1583.0
02:28:35.336 [main] INFO  AV.VCU -  OSD 33 currentime 1583.0
speed0 time 1590.0
02:28:35.690 [main] INFO  AV.VCU -  OSD 00 currentime 1590.0
speed0 time 1591.0
02:28:35.737 [main] INFO  AV.VCU -  OSD 11 currentime 1591.0
speed0 time 1592.0
02:28:35.793 [main] INFO  AV.VCU -  OSD 22 currentime 1592.0
speed0 time 1593.0
02:28:35.842 [main] INFO  AV.VCU -  OSD 33 currentime 1593.0
speed0 time 1600.0
02:28:36.177 [main] INFO  AV.VCU -  OSD 00 currentime 1600.0
speed0 time 1601.0
02:28:36.229 [main] INFO  AV.VCU -  OSD 11 currentime 1601.0
speed0 time 1602.0
02:28:36.270 [main] INFO  AV.VCU -  OSD 22 currentime 1602.0
speed0 time 1603.0
02:28:36.323 [main] INFO  AV.VCU -  OSD 33 currentime 1603.0
speed0 time 1610.0
02:28:36.672 [main] INFO  AV.VCU -  OSD 00 currentime 1610.0
speed0 time 1611.0
02:28:36.713 [main] INFO  AV.VCU -  OSD 11 currentime 1611.0
speed0 time 1612.0
02:28:36.764 [main] INFO  AV.VCU -  OSD 22 currentime 1612.0
speed0 time 1613.0
02:28:36.815 [main] INFO  AV.VCU -  OSD 33 currentime 1613.0
speed0 time 1620.0
02:28:37.127 [main] INFO  AV.VCU -  OSD 00 currentime 1620.0
speed0 time 1621.0
02:28:37.179 [main] INFO  AV.VCU -  OSD 11 currentime 1621.0
speed0 time 1622.0
02:28:37.232 [main] INFO  AV.VCU -  OSD 22 currentime 1622.0
speed0 time 1623.0
02:28:37.273 [main] INFO  AV.VCU -  OSD 33 currentime 1623.0
speed0 time 1630.0
02:28:37.634 [main] INFO  AV.VCU -  OSD 00 currentime 1630.0
speed0 time 1631.0
02:28:37.673 [main] INFO  AV.VCU -  OSD 11 currentime 1631.0
speed0 time 1632.0
02:28:37.718 [main] INFO  AV.VCU -  OSD 22 currentime 1632.0
speed0 time 1633.0
02:28:37.775 [main] INFO  AV.VCU -  OSD 33 currentime 1633.0
speed0 time 1640.0
02:28:38.118 [main] INFO  AV.VCU -  OSD 00 currentime 1640.0
speed0 time 1641.0
02:28:38.172 [main] INFO  AV.VCU -  OSD 11 currentime 1641.0
speed0 time 1642.0
02:28:38.218 [main] INFO  AV.VCU -  OSD 22 currentime 1642.0
speed0 time 1643.0
02:28:38.277 [main] INFO  AV.VCU -  OSD 33 currentime 1643.0
speed0 time 1650.0
02:28:38.625 [main] INFO  AV.VCU -  OSD 00 currentime 1650.0
speed0 time 1651.0
02:28:38.679 [main] INFO  AV.VCU -  OSD 11 currentime 1651.0
speed0 time 1652.0
02:28:38.730 [main] INFO  AV.VCU -  OSD 22 currentime 1652.0
speed0 time 1653.0
02:28:38.770 [main] INFO  AV.VCU -  OSD 33 currentime 1653.0
speed0 time 1660.0
02:28:39.084 [main] INFO  AV.VCU -  OSD 00 currentime 1660.0
speed0 time 1661.0
02:28:39.121 [main] INFO  AV.VCU -  OSD 11 currentime 1661.0
speed0 time 1662.0
02:28:39.173 [main] INFO  AV.VCU -  OSD 22 currentime 1662.0
speed0 time 1663.0
02:28:39.218 [main] INFO  AV.VCU -  OSD 33 currentime 1663.0
speed0 time 1670.0
02:28:39.556 [main] INFO  AV.VCU -  OSD 00 currentime 1670.0
speed0 time 1671.0
02:28:39.594 [main] INFO  AV.VCU -  OSD 11 currentime 1671.0
speed0 time 1672.0
02:28:39.649 [main] INFO  AV.VCU -  OSD 22 currentime 1672.0
speed0 time 1673.0
02:28:39.679 [main] INFO  AV.VCU -  OSD 33 currentime 1673.0
speed0 time 1680.0
02:28:40.035 [main] INFO  AV.VCU -  OSD 00 currentime 1680.0
speed0 time 1681.0
02:28:40.090 [main] INFO  AV.VCU -  OSD 11 currentime 1681.0
speed0 time 1682.0
02:28:40.128 [main] INFO  AV.VCU -  OSD 22 currentime 1682.0
speed0 time 1683.0
02:28:40.191 [main] INFO  AV.VCU -  OSD 33 currentime 1683.0
speed0 time 1690.0
02:28:40.516 [main] INFO  AV.VCU -  OSD 00 currentime 1690.0
speed0 time 1691.0
02:28:40.572 [main] INFO  AV.VCU -  OSD 11 currentime 1691.0
speed0 time 1692.0
02:28:40.613 [main] INFO  AV.VCU -  OSD 22 currentime 1692.0
speed0 time 1693.0
02:28:40.658 [main] INFO  AV.VCU -  OSD 33 currentime 1693.0
speed0 time 1700.0
02:28:41.022 [main] INFO  AV.VCU -  OSD 00 currentime 1700.0
speed0 time 1701.0
02:28:41.077 [main] INFO  AV.VCU -  OSD 11 currentime 1701.0
speed0 time 1702.0
02:28:41.130 [main] INFO  AV.VCU -  OSD 22 currentime 1702.0
speed0 time 1703.0
02:28:41.182 [main] INFO  AV.VCU -  OSD 33 currentime 1703.0
speed0 time 1710.0
02:28:41.533 [main] INFO  AV.VCU -  OSD 00 currentime 1710.0
speed0 time 1711.0
02:28:41.580 [main] INFO  AV.VCU -  OSD 11 currentime 1711.0
speed0 time 1712.0
02:28:41.678 [main] INFO  AV.VCU -  OSD 22 currentime 1712.0
speed0 time 1713.0
02:28:41.730 [main] INFO  AV.VCU -  OSD 33 currentime 1713.0
speed0 time 1720.0
02:28:42.159 [main] INFO  AV.VCU -  OSD 00 currentime 1720.0
speed0 time 1721.0
02:28:42.189 [main] INFO  AV.VCU -  OSD 11 currentime 1721.0
speed0 time 1722.0
02:28:42.235 [main] INFO  AV.VCU -  OSD 22 currentime 1722.0
speed0 time 1723.0
02:28:42.293 [main] INFO  AV.VCU -  OSD 33 currentime 1723.0
speed0 time 1730.0
02:28:42.628 [main] INFO  AV.VCU -  OSD 00 currentime 1730.0
speed0 time 1731.0
02:28:42.681 [main] INFO  AV.VCU -  OSD 11 currentime 1731.0
speed0 time 1732.0
02:28:42.729 [main] INFO  AV.VCU -  OSD 22 currentime 1732.0
speed0 time 1733.0
02:28:42.784 [main] INFO  AV.VCU -  OSD 33 currentime 1733.0
speed0 time 1740.0
02:28:43.123 [main] INFO  AV.VCU -  OSD 00 currentime 1740.0
speed0 time 1741.0
02:28:43.198 [main] INFO  AV.VCU -  OSD 11 currentime 1741.0
speed0 time 1742.0
02:28:43.222 [main] INFO  AV.VCU -  OSD 22 currentime 1742.0
speed0 time 1743.0
02:28:43.302 [main] INFO  AV.VCU -  OSD 33 currentime 1743.0
speed0 time 1750.0
02:28:43.662 [main] INFO  AV.VCU -  OSD 00 currentime 1750.0
speed0 time 1751.0
02:28:43.721 [main] INFO  AV.VCU -  OSD 11 currentime 1751.0
speed0 time 1752.0
02:28:43.758 [main] INFO  AV.VCU -  OSD 22 currentime 1752.0
speed0 time 1753.0
02:28:43.815 [main] INFO  AV.VCU -  OSD 33 currentime 1753.0
speed0 time 1760.0
02:28:44.137 [main] INFO  AV.VCU -  OSD 00 currentime 1760.0
speed0 time 1761.0
02:28:44.212 [main] INFO  AV.VCU -  OSD 11 currentime 1761.0
speed0 time 1762.0
02:28:44.242 [main] INFO  AV.VCU -  OSD 22 currentime 1762.0
speed0 time 1763.0
02:28:44.305 [main] INFO  AV.VCU -  OSD 33 currentime 1763.0
speed0 time 1770.0
02:28:44.651 [main] INFO  AV.VCU -  OSD 00 currentime 1770.0
speed0 time 1771.0
02:28:44.700 [main] INFO  AV.VCU -  OSD 11 currentime 1771.0
speed0 time 1772.0
02:28:44.789 [main] INFO  AV.VCU -  OSD 22 currentime 1772.0
speed0 time 1773.0
02:28:44.838 [main] INFO  AV.VCU -  OSD 33 currentime 1773.0
speed0 time 1780.0
02:28:45.203 [main] INFO  AV.VCU -  OSD 00 currentime 1780.0
speed0 time 1781.0
02:28:45.255 [main] INFO  AV.VCU -  OSD 11 currentime 1781.0
speed0 time 1782.0
02:28:45.298 [main] INFO  AV.VCU -  OSD 22 currentime 1782.0
speed0 time 1783.0
02:28:45.337 [main] INFO  AV.VCU -  OSD 33 currentime 1783.0
speed0 time 1790.0
02:28:45.652 [main] INFO  AV.VCU -  OSD 00 currentime 1790.0
speed0 time 1791.0
02:28:45.706 [main] INFO  AV.VCU -  OSD 11 currentime 1791.0
speed0 time 1792.0
02:28:45.745 [main] INFO  AV.VCU -  OSD 22 currentime 1792.0
speed0 time 1793.0
02:28:45.827 [main] INFO  AV.VCU -  OSD 33 currentime 1793.0
speed0 time 1800.0
02:28:46.169 [main] INFO  AV.VCU -  OSD 00 currentime 1800.0
speed0 time 1801.0
02:28:46.220 [main] INFO  AV.VCU -  OSD 11 currentime 1801.0
speed0 time 1802.0
02:28:46.278 [main] INFO  AV.VCU -  OSD 22 currentime 1802.0
speed0 time 1803.0
02:28:46.326 [main] INFO  AV.VCU -  OSD 33 currentime 1803.0
speed0 time 1810.0
02:28:46.661 [main] INFO  AV.VCU -  OSD 00 currentime 1810.0
speed0 time 1811.0
02:28:46.734 [main] INFO  AV.VCU -  OSD 11 currentime 1811.0
speed0 time 1812.0
02:28:46.777 [main] INFO  AV.VCU -  OSD 22 currentime 1812.0
speed0 time 1813.0
02:28:46.834 [main] INFO  AV.VCU -  OSD 33 currentime 1813.0
speed0 time 1820.0
02:28:47.176 [main] INFO  AV.VCU -  OSD 00 currentime 1820.0
speed0 time 1821.0
02:28:47.214 [main] INFO  AV.VCU -  OSD 11 currentime 1821.0
speed0 time 1822.0
02:28:47.260 [main] INFO  AV.VCU -  OSD 22 currentime 1822.0
speed0 time 1823.0
02:28:47.303 [main] INFO  AV.VCU -  OSD 33 currentime 1823.0
speed0 time 1830.0
02:28:47.649 [main] INFO  AV.VCU -  OSD 00 currentime 1830.0
speed0 time 1831.0
02:28:47.686 [main] INFO  AV.VCU -  OSD 11 currentime 1831.0
speed0 time 1832.0
02:28:47.742 [main] INFO  AV.VCU -  OSD 22 currentime 1832.0
speed0 time 1833.0
02:28:47.797 [main] INFO  AV.VCU -  OSD 33 currentime 1833.0
speed0 time 1840.0
02:28:48.152 [main] INFO  AV.VCU -  OSD 00 currentime 1840.0
speed0 time 1841.0
02:28:48.195 [main] INFO  AV.VCU -  OSD 11 currentime 1841.0
speed0 time 1842.0
02:28:48.242 [main] INFO  AV.VCU -  OSD 22 currentime 1842.0
speed0 time 1843.0
02:28:48.272 [main] INFO  AV.VCU -  OSD 33 currentime 1843.0
speed0 time 1850.0
02:28:48.633 [main] INFO  AV.VCU -  OSD 00 currentime 1850.0
speed0 time 1851.0
02:28:48.676 [main] INFO  AV.VCU -  OSD 11 currentime 1851.0
speed0 time 1852.0
02:28:48.709 [main] INFO  AV.VCU -  OSD 22 currentime 1852.0
speed0 time 1853.0
02:28:48.748 [main] INFO  AV.VCU -  OSD 33 currentime 1853.0
speed0 time 1860.0
02:28:49.007 [main] INFO  AV.VCU -  OSD 00 currentime 1860.0
speed0 time 1861.0
02:28:49.062 [main] INFO  AV.VCU -  OSD 11 currentime 1861.0
speed0 time 1862.0
02:28:49.105 [main] INFO  AV.VCU -  OSD 22 currentime 1862.0
speed0 time 1863.0
02:28:49.156 [main] INFO  AV.VCU -  OSD 33 currentime 1863.0
speed0 time 1870.0
02:28:49.474 [main] INFO  AV.VCU -  OSD 00 currentime 1870.0
speed0 time 1871.0
02:28:49.520 [main] INFO  AV.VCU -  OSD 11 currentime 1871.0
speed0 time 1872.0
02:28:49.574 [main] INFO  AV.VCU -  OSD 22 currentime 1872.0
speed0 time 1873.0
02:28:49.617 [main] INFO  AV.VCU -  OSD 33 currentime 1873.0
speed0 time 1880.0
02:28:49.961 [main] INFO  AV.VCU -  OSD 00 currentime 1880.0
speed0 time 1881.0
02:28:50.005 [main] INFO  AV.VCU -  OSD 11 currentime 1881.0
speed0 time 1882.0
02:28:50.063 [main] INFO  AV.VCU -  OSD 22 currentime 1882.0
speed0 time 1883.0
02:28:50.116 [main] INFO  AV.VCU -  OSD 33 currentime 1883.0
speed0 time 1890.0
02:28:50.454 [main] INFO  AV.VCU -  OSD 00 currentime 1890.0
speed0 time 1891.0
02:28:50.512 [main] INFO  AV.VCU -  OSD 11 currentime 1891.0
speed0 time 1892.0
02:28:50.556 [main] INFO  AV.VCU -  OSD 22 currentime 1892.0
speed0 time 1893.0
02:28:50.611 [main] INFO  AV.VCU -  OSD 33 currentime 1893.0
speed0 time 1900.0
02:28:50.952 [main] INFO  AV.VCU -  OSD 00 currentime 1900.0
speed0 time 1901.0
02:28:51.009 [main] INFO  AV.VCU -  OSD 11 currentime 1901.0
speed0 time 1902.0
02:28:51.052 [main] INFO  AV.VCU -  OSD 22 currentime 1902.0
speed0 time 1903.0
02:28:51.109 [main] INFO  AV.VCU -  OSD 33 currentime 1903.0
speed0 time 1910.0
02:28:51.433 [main] INFO  AV.VCU -  OSD 00 currentime 1910.0
speed0 time 1911.0
02:28:51.488 [main] INFO  AV.VCU -  OSD 11 currentime 1911.0
speed0 time 1912.0
02:28:51.537 [main] INFO  AV.VCU -  OSD 22 currentime 1912.0
speed0 time 1913.0
02:28:51.580 [main] INFO  AV.VCU -  OSD 33 currentime 1913.0
speed0 time 1920.0
02:28:51.934 [main] INFO  AV.VCU -  OSD 00 currentime 1920.0
speed0 time 1921.0
02:28:51.989 [main] INFO  AV.VCU -  OSD 11 currentime 1921.0
speed0 time 1922.0
02:28:52.031 [main] INFO  AV.VCU -  OSD 22 currentime 1922.0
speed0 time 1923.0
02:28:52.083 [main] INFO  AV.VCU -  OSD 33 currentime 1923.0
speed0 time 1930.0
02:28:52.432 [main] INFO  AV.VCU -  OSD 00 currentime 1930.0
speed0 time 1931.0
02:28:52.478 [main] INFO  AV.VCU -  OSD 11 currentime 1931.0
speed0 time 1932.0
02:28:52.522 [main] INFO  AV.VCU -  OSD 22 currentime 1932.0
speed0 time 1933.0
02:28:52.580 [main] INFO  AV.VCU -  OSD 33 currentime 1933.0
speed0 time 1940.0
02:28:52.933 [main] INFO  AV.VCU -  OSD 00 currentime 1940.0
speed0 time 1941.0
02:28:52.978 [main] INFO  AV.VCU -  OSD 11 currentime 1941.0
speed0 time 1942.0
02:28:53.008 [main] INFO  AV.VCU -  OSD 22 currentime 1942.0
speed0 time 1943.0
02:28:53.055 [main] INFO  AV.VCU -  OSD 33 currentime 1943.0
speed0 time 1950.0
02:28:53.395 [main] INFO  AV.VCU -  OSD 00 currentime 1950.0
speed0 time 1951.0
02:28:53.450 [main] INFO  AV.VCU -  OSD 11 currentime 1951.0
speed0 time 1952.0
02:28:53.488 [main] INFO  AV.VCU -  OSD 22 currentime 1952.0
speed0 time 1953.0
02:28:53.548 [main] INFO  AV.VCU -  OSD 33 currentime 1953.0
speed0 time 1960.0
02:28:53.891 [main] INFO  AV.VCU -  OSD 00 currentime 1960.0
speed0 time 1961.0
02:28:53.936 [main] INFO  AV.VCU -  OSD 11 currentime 1961.0
speed0 time 1962.0
02:28:53.985 [main] INFO  AV.VCU -  OSD 22 currentime 1962.0
speed0 time 1963.0
02:28:54.046 [main] INFO  AV.VCU -  OSD 33 currentime 1963.0
speed0 time 1970.0
02:28:54.376 [main] INFO  AV.VCU -  OSD 00 currentime 1970.0
speed0 time 1971.0
02:28:54.429 [main] INFO  AV.VCU -  OSD 11 currentime 1971.0
speed0 time 1972.0
02:28:54.476 [main] INFO  AV.VCU -  OSD 22 currentime 1972.0
speed0 time 1973.0
02:28:54.523 [main] INFO  AV.VCU -  OSD 33 currentime 1973.0
speed0 time 1980.0
02:28:54.868 [main] INFO  AV.VCU -  OSD 00 currentime 1980.0
speed0 time 1981.0
02:28:54.918 [main] INFO  AV.VCU -  OSD 11 currentime 1981.0
speed0 time 1982.0
02:28:54.966 [main] INFO  AV.VCU -  OSD 22 currentime 1982.0
speed0 time 1983.0
02:28:55.013 [main] INFO  AV.VCU -  OSD 33 currentime 1983.0
speed0 time 1990.0
02:28:55.351 [main] INFO  AV.VCU -  OSD 00 currentime 1990.0
speed0 time 1991.0
02:28:55.577 [main] INFO  AV.VCU -  OSD 11 currentime 1991.0
speed0 time 1992.0
02:28:55.629 [main] INFO  AV.VCU -  OSD 22 currentime 1992.0
speed0 time 1993.0
02:28:55.657 [main] INFO  AV.VCU -  OSD 33 currentime 1993.0
speed0 time 2000.0
02:28:55.924 [main] INFO  AV.VCU -  OSD 00 currentime 2000.0
speed0 time 2001.0
02:28:55.976 [main] INFO  AV.VCU -  OSD 11 currentime 2001.0
speed0 time 2002.0
02:28:56.022 [main] INFO  AV.VCU -  OSD 22 currentime 2002.0
speed0 time 2003.0
02:28:56.073 [main] INFO  AV.VCU -  OSD 33 currentime 2003.0
speed0 time 2010.0
02:28:56.409 [main] INFO  AV.VCU -  OSD 00 currentime 2010.0
speed0 time 2011.0
02:28:56.466 [main] INFO  AV.VCU -  OSD 11 currentime 2011.0
speed0 time 2012.0
02:28:56.515 [main] INFO  AV.VCU -  OSD 22 currentime 2012.0
speed0 time 2013.0
02:28:56.555 [main] INFO  AV.VCU -  OSD 33 currentime 2013.0
speed0 time 2020.0
02:28:56.915 [main] INFO  AV.VCU -  OSD 00 currentime 2020.0
speed0 time 2021.0
02:28:56.945 [main] INFO  AV.VCU -  OSD 11 currentime 2021.0
speed0 time 2022.0
02:28:57.010 [main] INFO  AV.VCU -  OSD 22 currentime 2022.0
speed0 time 2023.0
02:28:57.047 [main] INFO  AV.VCU -  OSD 33 currentime 2023.0
speed0 time 2030.0
02:28:57.422 [main] INFO  AV.VCU -  OSD 00 currentime 2030.0
speed0 time 2031.0
02:28:57.481 [main] INFO  AV.VCU -  OSD 11 currentime 2031.0
speed0 time 2032.0
02:28:57.525 [main] INFO  AV.VCU -  OSD 22 currentime 2032.0
speed0 time 2033.0
02:28:57.568 [main] INFO  AV.VCU -  OSD 33 currentime 2033.0
speed0 time 2040.0
02:28:57.923 [main] INFO  AV.VCU -  OSD 00 currentime 2040.0
speed0 time 2041.0
02:28:57.976 [main] INFO  AV.VCU -  OSD 11 currentime 2041.0
speed0 time 2042.0
02:28:58.014 [main] INFO  AV.VCU -  OSD 22 currentime 2042.0
speed0 time 2043.0
02:28:58.073 [main] INFO  AV.VCU -  OSD 33 currentime 2043.0
speed0 time 2050.0
02:28:58.421 [main] INFO  AV.VCU -  OSD 00 currentime 2050.0
speed0 time 2051.0
02:28:58.475 [main] INFO  AV.VCU -  OSD 11 currentime 2051.0
speed0 time 2052.0
02:28:58.516 [main] INFO  AV.VCU -  OSD 22 currentime 2052.0
speed0 time 2053.0
02:28:58.574 [main] INFO  AV.VCU -  OSD 33 currentime 2053.0
speed0 time 2060.0
02:28:58.923 [main] INFO  AV.VCU -  OSD 00 currentime 2060.0
speed0 time 2061.0
02:28:58.969 [main] INFO  AV.VCU -  OSD 11 currentime 2061.0
speed0 time 2062.0
02:28:59.029 [main] INFO  AV.VCU -  OSD 22 currentime 2062.0
speed0 time 2063.0
02:28:59.064 [main] INFO  AV.VCU -  OSD 33 currentime 2063.0
speed0 time 2070.0
02:28:59.442 [main] INFO  AV.VCU -  OSD 00 currentime 2070.0
speed0 time 2071.0
02:28:59.498 [main] INFO  AV.VCU -  OSD 11 currentime 2071.0
speed0 time 2072.0
02:28:59.548 [main] INFO  AV.VCU -  OSD 22 currentime 2072.0
speed0 time 2073.0
02:28:59.614 [main] INFO  AV.VCU -  OSD 33 currentime 2073.0
speed0 time 2080.0
02:28:59.949 [main] INFO  AV.VCU -  OSD 00 currentime 2080.0
speed0 time 2081.0
02:29:00.023 [main] INFO  AV.VCU -  OSD 11 currentime 2081.0
speed0 time 2082.0
02:29:00.064 [main] INFO  AV.VCU -  OSD 22 currentime 2082.0
speed0 time 2083.0
02:29:00.125 [main] INFO  AV.VCU -  OSD 33 currentime 2083.0
speed0 time 2090.0
02:29:00.449 [main] INFO  AV.VCU -  OSD 00 currentime 2090.0
speed0 time 2091.0
02:29:00.502 [main] INFO  AV.VCU -  OSD 11 currentime 2091.0
speed0 time 2092.0
02:29:00.561 [main] INFO  AV.VCU -  OSD 22 currentime 2092.0
speed0 time 2093.0
02:29:00.611 [main] INFO  AV.VCU -  OSD 33 currentime 2093.0
speed0 time 2100.0
02:29:00.902 [main] INFO  AV.VCU -  OSD 00 currentime 2100.0
speed0 time 2101.0
02:29:00.955 [main] INFO  AV.VCU -  OSD 11 currentime 2101.0
speed0 time 2102.0
02:29:00.998 [main] INFO  AV.VCU -  OSD 22 currentime 2102.0
speed0 time 2103.0
02:29:01.028 [main] INFO  AV.VCU -  OSD 33 currentime 2103.0
speed0 time 2110.0
02:29:01.393 [main] INFO  AV.VCU -  OSD 00 currentime 2110.0
speed0 time 2111.0
02:29:01.445 [main] INFO  AV.VCU -  OSD 11 currentime 2111.0
speed0 time 2112.0
02:29:01.487 [main] INFO  AV.VCU -  OSD 22 currentime 2112.0
speed0 time 2113.0
02:29:01.546 [main] INFO  AV.VCU -  OSD 33 currentime 2113.0
speed0 time 2120.0
02:29:01.876 [main] INFO  AV.VCU -  OSD 00 currentime 2120.0
speed0 time 2121.0
02:29:01.959 [main] INFO  AV.VCU -  OSD 11 currentime 2121.0
speed0 time 2122.0
02:29:01.988 [main] INFO  AV.VCU -  OSD 22 currentime 2122.0
speed0 time 2123.0
02:29:02.067 [main] INFO  AV.VCU -  OSD 33 currentime 2123.0
speed0 time 2130.0
02:29:02.419 [main] INFO  AV.VCU -  OSD 00 currentime 2130.0
speed0 time 2131.0
02:29:02.461 [main] INFO  AV.VCU -  OSD 11 currentime 2131.0
speed0 time 2132.0
02:29:02.517 [main] INFO  AV.VCU -  OSD 22 currentime 2132.0
speed0 time 2133.0
02:29:02.559 [main] INFO  AV.VCU -  OSD 33 currentime 2133.0
speed0 time 2140.0
02:29:02.901 [main] INFO  AV.VCU -  OSD 00 currentime 2140.0
speed0 time 2141.0
02:29:02.951 [main] INFO  AV.VCU -  OSD 11 currentime 2141.0
speed0 time 2142.0
02:29:03.004 [main] INFO  AV.VCU -  OSD 22 currentime 2142.0
speed0 time 2143.0
02:29:03.057 [main] INFO  AV.VCU -  OSD 33 currentime 2143.0
speed0 time 2150.0
02:29:03.402 [main] INFO  AV.VCU -  OSD 00 currentime 2150.0
speed0 time 2151.0
02:29:03.458 [main] INFO  AV.VCU -  OSD 11 currentime 2151.0
speed0 time 2152.0
02:29:03.506 [main] INFO  AV.VCU -  OSD 22 currentime 2152.0
speed0 time 2153.0
02:29:03.560 [main] INFO  AV.VCU -  OSD 33 currentime 2153.0
speed0 time 2160.0
02:29:03.896 [main] INFO  AV.VCU -  OSD 00 currentime 2160.0
speed0 time 2161.0
02:29:03.984 [main] INFO  AV.VCU -  OSD 11 currentime 2161.0
speed0 time 2162.0
02:29:04.008 [main] INFO  AV.VCU -  OSD 22 currentime 2162.0
speed0 time 2163.0
02:29:04.096 [main] INFO  AV.VCU -  OSD 33 currentime 2163.0
speed0 time 2170.0
02:29:04.443 [main] INFO  AV.VCU -  OSD 00 currentime 2170.0
speed0 time 2171.0
02:29:04.495 [main] INFO  AV.VCU -  OSD 11 currentime 2171.0
speed0 time 2172.0
02:29:04.543 [main] INFO  AV.VCU -  OSD 22 currentime 2172.0
speed0 time 2173.0
02:29:04.596 [main] INFO  AV.VCU -  OSD 33 currentime 2173.0
speed0 time 2180.0
02:29:04.951 [main] INFO  AV.VCU -  OSD 00 currentime 2180.0
speed0 time 2181.0
02:29:05.004 [main] INFO  AV.VCU -  OSD 11 currentime 2181.0
speed0 time 2182.0
02:29:05.042 [main] INFO  AV.VCU -  OSD 22 currentime 2182.0
speed0 time 2183.0
02:29:05.102 [main] INFO  AV.VCU -  OSD 33 currentime 2183.0
speed0 time 2190.0
02:29:05.439 [main] INFO  AV.VCU -  OSD 00 currentime 2190.0
speed0 time 2191.0
02:29:05.488 [main] INFO  AV.VCU -  OSD 11 currentime 2191.0
speed0 time 2192.0
02:29:05.536 [main] INFO  AV.VCU -  OSD 22 currentime 2192.0
speed0 time 2193.0
02:29:05.567 [main] INFO  AV.VCU -  OSD 33 currentime 2193.0
speed0 time 2200.0
02:29:05.936 [main] INFO  AV.VCU -  OSD 00 currentime 2200.0
speed0 time 2201.0
02:29:05.987 [main] INFO  AV.VCU -  OSD 11 currentime 2201.0
speed0 time 2202.0
02:29:06.037 [main] INFO  AV.VCU -  OSD 22 currentime 2202.0
speed0 time 2203.0
02:29:06.091 [main] INFO  AV.VCU -  OSD 33 currentime 2203.0
speed0 time 2210.0
02:29:06.455 [main] INFO  AV.VCU -  OSD 00 currentime 2210.0
speed0 time 2211.0
02:29:06.509 [main] INFO  AV.VCU -  OSD 11 currentime 2211.0
speed0 time 2212.0
02:29:06.548 [main] INFO  AV.VCU -  OSD 22 currentime 2212.0
speed0 time 2213.0
02:29:06.600 [main] INFO  AV.VCU -  OSD 33 currentime 2213.0
speed0 time 2220.0
02:29:06.952 [main] INFO  AV.VCU -  OSD 00 currentime 2220.0
speed0 time 2221.0
02:29:06.989 [main] INFO  AV.VCU -  OSD 11 currentime 2221.0
speed0 time 2222.0
02:29:07.048 [main] INFO  AV.VCU -  OSD 22 currentime 2222.0
speed0 time 2223.0
02:29:07.111 [main] INFO  AV.VCU -  OSD 33 currentime 2223.0
speed0 time 2230.0
02:29:07.454 [main] INFO  AV.VCU -  OSD 00 currentime 2230.0
speed0 time 2231.0
02:29:07.508 [main] INFO  AV.VCU -  OSD 11 currentime 2231.0
speed0 time 2232.0
02:29:07.552 [main] INFO  AV.VCU -  OSD 22 currentime 2232.0
speed0 time 2233.0
02:29:07.611 [main] INFO  AV.VCU -  OSD 33 currentime 2233.0
speed0 time 2240.0
02:29:07.944 [main] INFO  AV.VCU -  OSD 00 currentime 2240.0
speed0 time 2241.0
02:29:07.997 [main] INFO  AV.VCU -  OSD 11 currentime 2241.0
speed0 time 2242.0
02:29:08.041 [main] INFO  AV.VCU -  OSD 22 currentime 2242.0
speed0 time 2243.0
02:29:08.105 [main] INFO  AV.VCU -  OSD 33 currentime 2243.0
speed0 time 2250.0
02:29:08.459 [main] INFO  AV.VCU -  OSD 00 currentime 2250.0
speed0 time 2251.0
02:29:08.512 [main] INFO  AV.VCU -  OSD 11 currentime 2251.0
speed0 time 2252.0
02:29:08.551 [main] INFO  AV.VCU -  OSD 22 currentime 2252.0
speed0 time 2253.0
02:29:08.610 [main] INFO  AV.VCU -  OSD 33 currentime 2253.0
speed0 time 2260.0
02:29:08.950 [main] INFO  AV.VCU -  OSD 00 currentime 2260.0
speed0 time 2261.0
02:29:08.993 [main] INFO  AV.VCU -  OSD 11 currentime 2261.0
speed0 time 2262.0
02:29:09.050 [main] INFO  AV.VCU -  OSD 22 currentime 2262.0
speed0 time 2263.0
02:29:09.100 [main] INFO  AV.VCU -  OSD 33 currentime 2263.0
speed0 time 2270.0
02:29:09.433 [main] INFO  AV.VCU -  OSD 00 currentime 2270.0
speed0 time 2271.0
02:29:09.512 [main] INFO  AV.VCU -  OSD 11 currentime 2271.0
speed0 time 2272.0
02:29:09.576 [main] INFO  AV.VCU -  OSD 22 currentime 2272.0
speed0 time 2273.0
02:29:09.618 [main] INFO  AV.VCU -  OSD 33 currentime 2273.0
speed0 time 2280.0
02:29:09.986 [main] INFO  AV.VCU -  OSD 00 currentime 2280.0
speed0 time 2281.0
02:29:10.021 [main] INFO  AV.VCU -  OSD 11 currentime 2281.0
speed0 time 2282.0
02:29:10.089 [main] INFO  AV.VCU -  OSD 22 currentime 2282.0
speed0 time 2283.0
02:29:10.116 [main] INFO  AV.VCU -  OSD 33 currentime 2283.0
speed0 time 2290.0
02:29:10.523 [main] INFO  AV.VCU -  OSD 00 currentime 2290.0
speed0 time 2291.0
02:29:10.572 [main] INFO  AV.VCU -  OSD 11 currentime 2291.0
speed0 time 2292.0
02:29:10.625 [main] INFO  AV.VCU -  OSD 22 currentime 2292.0
speed0 time 2293.0
02:29:10.669 [main] INFO  AV.VCU -  OSD 33 currentime 2293.0
speed0 time 2300.0
02:29:11.124 [main] INFO  AV.VCU -  OSD 00 currentime 2300.0
speed0 time 2301.0
02:29:11.146 [main] INFO  AV.VCU -  OSD 11 currentime 2301.0
speed0 time 2302.0
02:29:11.225 [main] INFO  AV.VCU -  OSD 22 currentime 2302.0
speed0 time 2303.0
02:29:11.253 [main] INFO  AV.VCU -  OSD 33 currentime 2303.0
speed0 time 2310.0
02:29:11.630 [main] INFO  AV.VCU -  OSD 00 currentime 2310.0
speed0 time 2311.0
02:29:11.672 [main] INFO  AV.VCU -  OSD 11 currentime 2311.0
speed0 time 2312.0
02:29:11.728 [main] INFO  AV.VCU -  OSD 22 currentime 2312.0
speed0 time 2313.0
02:29:11.769 [main] INFO  AV.VCU -  OSD 33 currentime 2313.0
speed0 time 2320.0
02:29:12.109 [main] INFO  AV.VCU -  OSD 00 currentime 2320.0
speed0 time 2321.0
02:29:12.167 [main] INFO  AV.VCU -  OSD 11 currentime 2321.0
speed0 time 2322.0
02:29:12.210 [main] INFO  AV.VCU -  OSD 22 currentime 2322.0
speed0 time 2323.0
02:29:12.270 [main] INFO  AV.VCU -  OSD 33 currentime 2323.0
speed0 time 2330.0
02:29:12.615 [main] INFO  AV.VCU -  OSD 00 currentime 2330.0
speed0 time 2331.0
02:29:12.661 [main] INFO  AV.VCU -  OSD 11 currentime 2331.0
speed0 time 2332.0
02:29:12.719 [main] INFO  AV.VCU -  OSD 22 currentime 2332.0
speed0 time 2333.0
02:29:12.773 [main] INFO  AV.VCU -  OSD 33 currentime 2333.0
speed0 time 2340.0
02:29:13.116 [main] INFO  AV.VCU -  OSD 00 currentime 2340.0
speed0 time 2341.0
02:29:13.164 [main] INFO  AV.VCU -  OSD 11 currentime 2341.0
speed0 time 2342.0
02:29:13.208 [main] INFO  AV.VCU -  OSD 22 currentime 2342.0
speed0 time 2343.0
02:29:13.267 [main] INFO  AV.VCU -  OSD 33 currentime 2343.0
speed0 time 2350.0
02:29:13.617 [main] INFO  AV.VCU -  OSD 00 currentime 2350.0
speed0 time 2351.0
02:29:13.676 [main] INFO  AV.VCU -  OSD 11 currentime 2351.0
speed0 time 2352.0
02:29:13.723 [main] INFO  AV.VCU -  OSD 22 currentime 2352.0
speed0 time 2353.0
02:29:13.780 [main] INFO  AV.VCU -  OSD 33 currentime 2353.0
speed0 time 2360.0
02:29:14.150 [main] INFO  AV.VCU -  OSD 00 currentime 2360.0
speed0 time 2361.0
02:29:14.205 [main] INFO  AV.VCU -  OSD 11 currentime 2361.0
speed0 time 2362.0
02:29:14.247 [main] INFO  AV.VCU -  OSD 22 currentime 2362.0
speed0 time 2363.0
02:29:14.299 [main] INFO  AV.VCU -  OSD 33 currentime 2363.0
speed0 time 2370.0
02:29:14.656 [main] INFO  AV.VCU -  OSD 00 currentime 2370.0
speed0 time 2371.0
02:29:14.697 [main] INFO  AV.VCU -  OSD 11 currentime 2371.0
speed0 time 2372.0
02:29:14.759 [main] INFO  AV.VCU -  OSD 22 currentime 2372.0
speed0 time 2373.0
02:29:14.803 [main] INFO  AV.VCU -  OSD 33 currentime 2373.0
speed0 time 2380.0
02:29:15.203 [main] INFO  AV.VCU -  OSD 00 currentime 2380.0
speed0 time 2381.0
02:29:15.258 [main] INFO  AV.VCU -  OSD 11 currentime 2381.0
speed0 time 2382.0
02:29:15.317 [main] INFO  AV.VCU -  OSD 22 currentime 2382.0
speed0 time 2383.0
02:29:15.372 [main] INFO  AV.VCU -  OSD 33 currentime 2383.0
speed0 time 2390.0
02:29:15.772 [main] INFO  AV.VCU -  OSD 00 currentime 2390.0
speed0 time 2391.0
02:29:15.828 [main] INFO  AV.VCU -  OSD 11 currentime 2391.0
speed0 time 2392.0
02:29:15.887 [main] INFO  AV.VCU -  OSD 22 currentime 2392.0
speed0 time 2393.0
02:29:15.936 [main] INFO  AV.VCU -  OSD 33 currentime 2393.0
speed0 time 2400.0
02:29:16.269 [main] INFO  AV.VCU -  OSD 00 currentime 2400.0
speed0 time 2401.0
02:29:16.317 [main] INFO  AV.VCU -  OSD 11 currentime 2401.0
speed0 time 2402.0
02:29:16.363 [main] INFO  AV.VCU -  OSD 22 currentime 2402.0
speed0 time 2403.0
02:29:16.406 [main] INFO  AV.VCU -  OSD 33 currentime 2403.0
speed0 time 2410.0
02:29:16.755 [main] INFO  AV.VCU -  OSD 00 currentime 2410.0
speed0 time 2411.0
02:29:16.793 [main] INFO  AV.VCU -  OSD 11 currentime 2411.0
speed0 time 2412.0
02:29:16.826 [main] INFO  AV.VCU -  OSD 22 currentime 2412.0
speed0 time 2413.0
02:29:16.891 [main] INFO  AV.VCU -  OSD 33 currentime 2413.0
speed0 time 2420.0
02:29:17.240 [main] INFO  AV.VCU -  OSD 00 currentime 2420.0
speed0 time 2421.0
02:29:17.305 [main] INFO  AV.VCU -  OSD 11 currentime 2421.0
speed0 time 2422.0
02:29:17.355 [main] INFO  AV.VCU -  OSD 22 currentime 2422.0
speed0 time 2423.0
02:29:17.410 [main] INFO  AV.VCU -  OSD 33 currentime 2423.0
speed0 time 2430.0
02:29:17.778 [main] INFO  AV.VCU -  OSD 00 currentime 2430.0
speed0 time 2431.0
02:29:17.817 [main] INFO  AV.VCU -  OSD 11 currentime 2431.0
speed0 time 2432.0
02:29:17.881 [main] INFO  AV.VCU -  OSD 22 currentime 2432.0
speed0 time 2433.0
02:29:17.921 [main] INFO  AV.VCU -  OSD 33 currentime 2433.0
speed0 time 2440.0
02:29:18.272 [main] INFO  AV.VCU -  OSD 00 currentime 2440.0
speed0 time 2441.0
02:29:18.320 [main] INFO  AV.VCU -  OSD 11 currentime 2441.0
speed0 time 2442.0
02:29:18.364 [main] INFO  AV.VCU -  OSD 22 currentime 2442.0
speed0 time 2443.0
02:29:18.408 [main] INFO  AV.VCU -  OSD 33 currentime 2443.0
speed0 time 2450.0
02:29:18.777 [main] INFO  AV.VCU -  OSD 00 currentime 2450.0
speed0 time 2451.0
02:29:18.817 [main] INFO  AV.VCU -  OSD 11 currentime 2451.0
speed0 time 2452.0
02:29:18.876 [main] INFO  AV.VCU -  OSD 22 currentime 2452.0
speed0 time 2453.0
02:29:18.918 [main] INFO  AV.VCU -  OSD 33 currentime 2453.0
speed0 time 2460.0
02:29:19.265 [main] INFO  AV.VCU -  OSD 00 currentime 2460.0
speed0 time 2461.0
02:29:19.323 [main] INFO  AV.VCU -  OSD 11 currentime 2461.0
speed0 time 2462.0
02:29:19.364 [main] INFO  AV.VCU -  OSD 22 currentime 2462.0
speed0 time 2463.0
02:29:19.415 [main] INFO  AV.VCU -  OSD 33 currentime 2463.0
speed0 time 2470.0
02:29:19.763 [main] INFO  AV.VCU -  OSD 00 currentime 2470.0
speed0 time 2471.0
02:29:19.820 [main] INFO  AV.VCU -  OSD 11 currentime 2471.0
speed0 time 2472.0
02:29:19.859 [main] INFO  AV.VCU -  OSD 22 currentime 2472.0
speed0 time 2473.0
02:29:19.918 [main] INFO  AV.VCU -  OSD 33 currentime 2473.0
speed0 time 2480.0
02:29:20.275 [main] INFO  AV.VCU -  OSD 00 currentime 2480.0
speed0 time 2481.0
02:29:20.323 [main] INFO  AV.VCU -  OSD 11 currentime 2481.0
speed0 time 2482.0
02:29:20.365 [main] INFO  AV.VCU -  OSD 22 currentime 2482.0
speed0 time 2483.0
02:29:20.420 [main] INFO  AV.VCU -  OSD 33 currentime 2483.0
speed0 time 2490.0
02:29:20.768 [main] INFO  AV.VCU -  OSD 00 currentime 2490.0
speed0 time 2491.0
02:29:20.824 [main] INFO  AV.VCU -  OSD 11 currentime 2491.0
speed0 time 2492.0
02:29:20.868 [main] INFO  AV.VCU -  OSD 22 currentime 2492.0
speed0 time 2493.0
02:29:20.924 [main] INFO  AV.VCU -  OSD 33 currentime 2493.0
speed0 time 2500.0
02:29:21.282 [main] INFO  AV.VCU -  OSD 00 currentime 2500.0
speed0 time 2501.0
02:29:21.343 [main] INFO  AV.VCU -  OSD 11 currentime 2501.0
speed0 time 2502.0
02:29:21.397 [main] INFO  AV.VCU -  OSD 22 currentime 2502.0
speed0 time 2503.0
02:29:21.444 [main] INFO  AV.VCU -  OSD 33 currentime 2503.0
speed0 time 2510.0
02:29:21.801 [main] INFO  AV.VCU -  OSD 00 currentime 2510.0
speed0 time 2511.0
02:29:21.857 [main] INFO  AV.VCU -  OSD 11 currentime 2511.0
speed0 time 2512.0
02:29:21.903 [main] INFO  AV.VCU -  OSD 22 currentime 2512.0
speed0 time 2513.0
02:29:21.950 [main] INFO  AV.VCU -  OSD 33 currentime 2513.0
speed0 time 2520.0
02:29:22.296 [main] INFO  AV.VCU -  OSD 00 currentime 2520.0
speed0 time 2521.0
02:29:22.337 [main] INFO  AV.VCU -  OSD 11 currentime 2521.0
speed0 time 2522.0
02:29:22.377 [main] INFO  AV.VCU -  OSD 22 currentime 2522.0
speed0 time 2523.0
02:29:22.433 [main] INFO  AV.VCU -  OSD 33 currentime 2523.0
speed0 time 2530.0
02:29:22.776 [main] INFO  AV.VCU -  OSD 00 currentime 2530.0
speed0 time 2531.0
02:29:22.829 [main] INFO  AV.VCU -  OSD 11 currentime 2531.0
speed0 time 2532.0
02:29:22.883 [main] INFO  AV.VCU -  OSD 22 currentime 2532.0
speed0 time 2533.0
02:29:22.923 [main] INFO  AV.VCU -  OSD 33 currentime 2533.0
speed0 time 2540.0
02:29:23.281 [main] INFO  AV.VCU -  OSD 00 currentime 2540.0
speed0 time 2541.0
02:29:23.311 [main] INFO  AV.VCU -  OSD 11 currentime 2541.0
speed0 time 2542.0
02:29:23.374 [main] INFO  AV.VCU -  OSD 22 currentime 2542.0
speed0 time 2543.0
02:29:23.418 [main] INFO  AV.VCU -  OSD 33 currentime 2543.0
speed0 time 2550.0
02:29:23.841 [main] INFO  AV.VCU -  OSD 00 currentime 2550.0
speed0 time 2551.0
02:29:23.897 [main] INFO  AV.VCU -  OSD 11 currentime 2551.0
speed0 time 2552.0
02:29:23.937 [main] INFO  AV.VCU -  OSD 22 currentime 2552.0
speed0 time 2553.0
02:29:23.991 [main] INFO  AV.VCU -  OSD 33 currentime 2553.0
speed0 time 2560.0
02:29:24.337 [main] INFO  AV.VCU -  OSD 00 currentime 2560.0
speed0 time 2561.0
02:29:24.376 [main] INFO  AV.VCU -  OSD 11 currentime 2561.0
speed0 time 2562.0
02:29:24.434 [main] INFO  AV.VCU -  OSD 22 currentime 2562.0
speed0 time 2563.0
02:29:24.473 [main] INFO  AV.VCU -  OSD 33 currentime 2563.0
speed0 time 2570.0
02:29:24.808 [main] INFO  AV.VCU -  OSD 00 currentime 2570.0
speed0 time 2571.0
02:29:24.883 [main] INFO  AV.VCU -  OSD 11 currentime 2571.0
speed0 time 2572.0
02:29:24.907 [main] INFO  AV.VCU -  OSD 22 currentime 2572.0
speed0 time 2573.0
02:29:24.993 [main] INFO  AV.VCU -  OSD 33 currentime 2573.0
speed0 time 2580.0
02:29:25.349 [main] INFO  AV.VCU -  OSD 00 currentime 2580.0
speed0 time 2581.0
02:29:25.412 [main] INFO  AV.VCU -  OSD 11 currentime 2581.0
speed0 time 2582.0
02:29:25.445 [main] INFO  AV.VCU -  OSD 22 currentime 2582.0
speed0 time 2583.0
02:29:25.517 [main] INFO  AV.VCU -  OSD 33 currentime 2583.0
speed0 time 2590.0
02:29:25.884 [main] INFO  AV.VCU -  OSD 00 currentime 2590.0
speed0 time 2591.0
02:29:25.938 [main] INFO  AV.VCU -  OSD 11 currentime 2591.0
speed0 time 2592.0
02:29:25.975 [main] INFO  AV.VCU -  OSD 22 currentime 2592.0
speed0 time 2593.0
02:29:26.046 [main] INFO  AV.VCU -  OSD 33 currentime 2593.0
speed0 time 2600.0
02:29:26.424 [main] INFO  AV.VCU -  OSD 00 currentime 2600.0
speed0 time 2601.0
02:29:26.493 [main] INFO  AV.VCU -  OSD 11 currentime 2601.0
speed0 time 2602.0
02:29:26.535 [main] INFO  AV.VCU -  OSD 22 currentime 2602.0
speed0 time 2603.0
02:29:26.590 [main] INFO  AV.VCU -  OSD 33 currentime 2603.0
speed0 time 2610.0
02:29:27.060 [main] INFO  AV.VCU -  OSD 00 currentime 2610.0
speed0 time 2611.0
02:29:27.099 [main] INFO  AV.VCU -  OSD 11 currentime 2611.0
speed0 time 2612.0
02:29:27.158 [main] INFO  AV.VCU -  OSD 22 currentime 2612.0
speed0 time 2613.0
02:29:27.198 [main] INFO  AV.VCU -  OSD 33 currentime 2613.0
speed0 time 2620.0
02:29:27.569 [main] INFO  AV.VCU -  OSD 00 currentime 2620.0
speed0 time 2621.0
02:29:27.621 [main] INFO  AV.VCU -  OSD 11 currentime 2621.0
speed0 time 2622.0
02:29:27.673 [main] INFO  AV.VCU -  OSD 22 currentime 2622.0
speed0 time 2623.0
02:29:27.717 [main] INFO  AV.VCU -  OSD 33 currentime 2623.0
speed0 time 2630.0
02:29:28.075 [main] INFO  AV.VCU -  OSD 00 currentime 2630.0
speed0 time 2631.0
02:29:28.115 [main] INFO  AV.VCU -  OSD 11 currentime 2631.0
speed0 time 2632.0
02:29:28.182 [main] INFO  AV.VCU -  OSD 22 currentime 2632.0
speed0 time 2633.0
02:29:28.238 [main] INFO  AV.VCU -  OSD 33 currentime 2633.0
speed0 time 2640.0
02:29:28.595 [main] INFO  AV.VCU -  OSD 00 currentime 2640.0
speed0 time 2641.0
02:29:28.649 [main] INFO  AV.VCU -  OSD 11 currentime 2641.0
speed0 time 2642.0
02:29:28.700 [main] INFO  AV.VCU -  OSD 22 currentime 2642.0
speed0 time 2643.0
02:29:28.738 [main] INFO  AV.VCU -  OSD 33 currentime 2643.0
speed0 time 2650.0
02:29:29.111 [main] INFO  AV.VCU -  OSD 00 currentime 2650.0
speed0 time 2651.0
02:29:29.156 [main] INFO  AV.VCU -  OSD 11 currentime 2651.0
speed0 time 2652.0
02:29:29.215 [main] INFO  AV.VCU -  OSD 22 currentime 2652.0
speed0 time 2653.0
02:29:29.258 [main] INFO  AV.VCU -  OSD 33 currentime 2653.0
speed0 time 2660.0
02:29:29.626 [main] INFO  AV.VCU -  OSD 00 currentime 2660.0
speed0 time 2661.0
02:29:29.674 [main] INFO  AV.VCU -  OSD 11 currentime 2661.0
speed0 time 2662.0
02:29:29.717 [main] INFO  AV.VCU -  OSD 22 currentime 2662.0
speed0 time 2663.0
02:29:29.757 [main] INFO  AV.VCU -  OSD 33 currentime 2663.0
speed0 time 2670.0
02:29:30.098 [main] INFO  AV.VCU -  OSD 00 currentime 2670.0
speed0 time 2671.0
02:29:30.141 [main] INFO  AV.VCU -  OSD 11 currentime 2671.0
speed0 time 2672.0
02:29:30.199 [main] INFO  AV.VCU -  OSD 22 currentime 2672.0
speed0 time 2673.0
02:29:30.246 [main] INFO  AV.VCU -  OSD 33 currentime 2673.0
speed0 time 2680.0
02:29:30.593 [main] INFO  AV.VCU -  OSD 00 currentime 2680.0
speed0 time 2681.0
02:29:30.655 [main] INFO  AV.VCU -  OSD 11 currentime 2681.0
speed0 time 2682.0
02:29:30.712 [main] INFO  AV.VCU -  OSD 22 currentime 2682.0
speed0 time 2683.0
02:29:30.755 [main] INFO  AV.VCU -  OSD 33 currentime 2683.0
speed0 time 2690.0
02:29:31.099 [main] INFO  AV.VCU -  OSD 00 currentime 2690.0
speed0 time 2691.0
02:29:31.173 [main] INFO  AV.VCU -  OSD 11 currentime 2691.0
speed0 time 2692.0
02:29:31.208 [main] INFO  AV.VCU -  OSD 22 currentime 2692.0
speed0 time 2693.0
02:29:31.278 [main] INFO  AV.VCU -  OSD 33 currentime 2693.0
speed0 time 2700.0
02:29:31.643 [main] INFO  AV.VCU -  OSD 00 currentime 2700.0
speed0 time 2701.0
02:29:31.693 [main] INFO  AV.VCU -  OSD 11 currentime 2701.0
speed0 time 2702.0
02:29:31.737 [main] INFO  AV.VCU -  OSD 22 currentime 2702.0
speed0 time 2703.0
02:29:31.791 [main] INFO  AV.VCU -  OSD 33 currentime 2703.0
speed0 time 2710.0
02:29:32.120 [main] INFO  AV.VCU -  OSD 00 currentime 2710.0
speed0 time 2711.0
02:29:32.177 [main] INFO  AV.VCU -  OSD 11 currentime 2711.0
speed0 time 2712.0
02:29:32.223 [main] INFO  AV.VCU -  OSD 22 currentime 2712.0
speed0 time 2713.0
02:29:32.280 [main] INFO  AV.VCU -  OSD 33 currentime 2713.0
speed0 time 2720.0
02:29:32.630 [main] INFO  AV.VCU -  OSD 00 currentime 2720.0
speed0 time 2721.0
02:29:32.684 [main] INFO  AV.VCU -  OSD 11 currentime 2721.0
speed0 time 2722.0
02:29:32.728 [main] INFO  AV.VCU -  OSD 22 currentime 2722.0
speed0 time 2723.0
02:29:32.789 [main] INFO  AV.VCU -  OSD 33 currentime 2723.0
speed0 time 2730.0
02:29:33.146 [main] INFO  AV.VCU -  OSD 00 currentime 2730.0
speed0 time 2731.0
02:29:33.210 [main] INFO  AV.VCU -  OSD 11 currentime 2731.0
speed0 time 2732.0
02:29:33.267 [main] INFO  AV.VCU -  OSD 22 currentime 2732.0
speed0 time 2733.0
02:29:33.314 [main] INFO  AV.VCU -  OSD 33 currentime 2733.0
speed0 time 2740.0
02:29:33.650 [main] INFO  AV.VCU -  OSD 00 currentime 2740.0
speed0 time 2741.0
02:29:33.666 [main] INFO  AV.VCU -  OSD 11 currentime 2741.0
speed0 time 2742.0
02:29:33.751 [main] INFO  AV.VCU -  OSD 22 currentime 2742.0
speed0 time 2743.0
02:29:33.786 [main] INFO  AV.VCU -  OSD 33 currentime 2743.0
speed0 time 2750.0
02:29:34.122 [main] INFO  AV.VCU -  OSD 00 currentime 2750.0
speed0 time 2751.0
02:29:34.164 [main] INFO  AV.VCU -  OSD 11 currentime 2751.0
speed0 time 2752.0
02:29:34.220 [main] INFO  AV.VCU -  OSD 22 currentime 2752.0
speed0 time 2753.0
02:29:34.275 [main] INFO  AV.VCU -  OSD 33 currentime 2753.0
speed0 time 2760.0
02:29:34.580 [main] INFO  AV.VCU -  OSD 00 currentime 2760.0
speed0 time 2761.0
02:29:34.634 [main] INFO  AV.VCU -  OSD 11 currentime 2761.0
speed0 time 2762.0
02:29:34.682 [main] INFO  AV.VCU -  OSD 22 currentime 2762.0
speed0 time 2763.0
02:29:34.726 [main] INFO  AV.VCU -  OSD 33 currentime 2763.0
speed0 time 2770.0
02:29:35.059 [main] INFO  AV.VCU -  OSD 00 currentime 2770.0
speed0 time 2771.0
02:29:35.095 [main] INFO  AV.VCU -  OSD 11 currentime 2771.0
speed0 time 2772.0
02:29:35.152 [main] INFO  AV.VCU -  OSD 22 currentime 2772.0
speed0 time 2773.0
02:29:35.189 [main] INFO  AV.VCU -  OSD 33 currentime 2773.0
speed0 time 2780.0
02:29:35.531 [main] INFO  AV.VCU -  OSD 00 currentime 2780.0
speed0 time 2781.0
02:29:35.586 [main] INFO  AV.VCU -  OSD 11 currentime 2781.0
speed0 time 2782.0
02:29:35.630 [main] INFO  AV.VCU -  OSD 22 currentime 2782.0
speed0 time 2783.0
02:29:35.678 [main] INFO  AV.VCU -  OSD 33 currentime 2783.0
speed0 time 2790.0
02:29:36.025 [main] INFO  AV.VCU -  OSD 00 currentime 2790.0
speed0 time 2791.0
02:29:36.083 [main] INFO  AV.VCU -  OSD 11 currentime 2791.0
speed0 time 2792.0
02:29:36.130 [main] INFO  AV.VCU -  OSD 22 currentime 2792.0
speed0 time 2793.0
02:29:36.192 [main] INFO  AV.VCU -  OSD 33 currentime 2793.0
speed0 time 2800.0
02:29:36.527 [main] INFO  AV.VCU -  OSD 00 currentime 2800.0
speed0 time 2801.0
02:29:36.587 [main] INFO  AV.VCU -  OSD 11 currentime 2801.0
speed0 time 2802.0
02:29:36.631 [main] INFO  AV.VCU -  OSD 22 currentime 2802.0
speed0 time 2803.0
02:29:36.672 [main] INFO  AV.VCU -  OSD 33 currentime 2803.0
speed0 time 2810.0
02:29:37.017 [main] INFO  AV.VCU -  OSD 00 currentime 2810.0
speed0 time 2811.0
02:29:37.061 [main] INFO  AV.VCU -  OSD 11 currentime 2811.0
speed0 time 2812.0
02:29:37.111 [main] INFO  AV.VCU -  OSD 22 currentime 2812.0
speed0 time 2813.0
02:29:37.140 [main] INFO  AV.VCU -  OSD 33 currentime 2813.0
speed0 time 2820.0
02:29:37.473 [main] INFO  AV.VCU -  OSD 00 currentime 2820.0
speed0 time 2821.0
02:29:37.547 [main] INFO  AV.VCU -  OSD 11 currentime 2821.0
speed0 time 2822.0
02:29:37.573 [main] INFO  AV.VCU -  OSD 22 currentime 2822.0
speed0 time 2823.0
02:29:37.647 [main] INFO  AV.VCU -  OSD 33 currentime 2823.0
speed0 time 2830.0
02:29:37.962 [main] INFO  AV.VCU -  OSD 00 currentime 2830.0
speed0 time 2831.0
02:29:38.011 [main] INFO  AV.VCU -  OSD 11 currentime 2831.0
speed0 time 2832.0
02:29:38.044 [main] INFO  AV.VCU -  OSD 22 currentime 2832.0
speed0 time 2833.0
02:29:38.103 [main] INFO  AV.VCU -  OSD 33 currentime 2833.0
speed0 time 2840.0
02:29:38.449 [main] INFO  AV.VCU -  OSD 00 currentime 2840.0
speed0 time 2841.0
02:29:38.505 [main] INFO  AV.VCU -  OSD 11 currentime 2841.0
speed0 time 2842.0
02:29:38.554 [main] INFO  AV.VCU -  OSD 22 currentime 2842.0
speed0 time 2843.0
02:29:38.607 [main] INFO  AV.VCU -  OSD 33 currentime 2843.0
speed0 time 2850.0
02:29:38.957 [main] INFO  AV.VCU -  OSD 00 currentime 2850.0
speed0 time 2851.0
02:29:39.003 [main] INFO  AV.VCU -  OSD 11 currentime 2851.0
speed0 time 2852.0
02:29:39.046 [main] INFO  AV.VCU -  OSD 22 currentime 2852.0
speed0 time 2853.0
02:29:39.101 [main] INFO  AV.VCU -  OSD 33 currentime 2853.0
speed0 time 2860.0
02:29:39.463 [main] INFO  AV.VCU -  OSD 00 currentime 2860.0
speed0 time 2861.0
02:29:39.507 [main] INFO  AV.VCU -  OSD 11 currentime 2861.0
speed0 time 2862.0
02:29:39.553 [main] INFO  AV.VCU -  OSD 22 currentime 2862.0
speed0 time 2863.0
02:29:39.613 [main] INFO  AV.VCU -  OSD 33 currentime 2863.0
