
-------------------------------------------------------------------
GMS: address=vagrant-39894, cluster=AV, physical address=10.0.2.15:37048
-------------------------------------------------------------------
00:22:44.567 [main] INFO  AV.VCU - waiting on readyToRun...
00:22:44.830 [main] INFO  AV.VCU - ...synchronized on readyToRun
00:22:44.834 [main] INFO  AV.VCU - started logical time progression
speed0 time 2.0
speed0 time 3.0
speed0 time 4.0
speed0 time 5.0
speed0 time 6.0
speed0 time 7.0
speed0 time 8.0
speed0 time 9.0
speed0 time 10.0
speed0 time 11.0
speed0 time 12.0
speed0 time 13.0
speed0 time 22.0
speed0 time 23.0
speed0 time 24.0
speed0 time 25.0
speed0 time 26.0
speed0 time 27.0
speed0 time 28.0
speed0 time 29.0
speed0 time 30.0
speed0 time 31.0
speed0 time 32.0
speed0 time 33.0
speed0 time 42.0
speed0 time 43.0
speed0 time 44.0
speed0 time 45.0
speed0 time 46.0
speed0 time 47.0
speed0 time 48.0
speed0 time 49.0
speed0 time 50.0
speed0 time 51.0
speed0 time 52.0
speed0 time 53.0
speed0 time 62.0
speed0 time 63.0
speed0 time 64.0
speed0 time 65.0
speed0 time 66.0
speed0 time 67.0
speed0 time 68.0
speed0 time 69.0
speed0 time 70.0
speed0 time 71.0
speed0 time 72.0
speed0 time 73.0
speed0 time 82.0
speed0 time 83.0
speed0 time 84.0
speed0 time 85.0
speed0 time 86.0
speed0 time 87.0
speed0 time 88.0
speed0 time 89.0
speed0 time 90.0
speed0 time 91.0
speed0 time 92.0
speed0 time 93.0
speed0 time 102.0
speed0 time 103.0
speed0 time 104.0
speed0 time 105.0
speed0 time 106.0
speed0 time 107.0
speed0 time 108.0
speed0 time 109.0
speed0 time 110.0
speed0 time 111.0
speed0 time 112.0
speed0 time 113.0
speed0 time 122.0
speed0 time 123.0
speed0 time 124.0
speed0 time 125.0
speed0 time 126.0
speed0 time 127.0
speed0 time 128.0
speed0 time 129.0
speed0 time 130.0
speed0 time 131.0
speed0 time 132.0
speed0 time 133.0
speed0 time 142.0
speed0 time 143.0
speed0 time 144.0
speed0 time 145.0
speed0 time 146.0
speed0 time 147.0
speed0 time 148.0
speed0 time 149.0
speed0 time 150.0
speed0 time 151.0
speed0 time 152.0
speed0 time 153.0
speed0 time 162.0
speed0 time 163.0
speed0 time 164.0
speed0 time 165.0
speed0 time 166.0
speed0 time 167.0
speed0 time 168.0
speed0 time 169.0
speed0 time 170.0
speed0 time 171.0
speed0 time 172.0
speed0 time 173.0
speed0 time 182.0
speed0 time 183.0
speed0 time 184.0
speed0 time 185.0
speed0 time 186.0
speed0 time 187.0
speed0 time 188.0
speed0 time 189.0
speed0 time 190.0
speed0 time 191.0
speed0 time 192.0
speed0 time 193.0
speed0 time 202.0
speed0 time 203.0
speed0 time 204.0
speed0 time 205.0
speed0 time 206.0
speed0 time 207.0
speed0 time 208.0
speed0 time 209.0
speed0 time 210.0
speed0 time 211.0
speed0 time 212.0
speed0 time 213.0
speed0 time 222.0
speed0 time 223.0
speed0 time 224.0
speed0 time 225.0
speed0 time 226.0
speed0 time 227.0
speed0 time 228.0
speed0 time 229.0
speed0 time 230.0
speed0 time 231.0
speed0 time 232.0
speed0 time 233.0
speed0 time 242.0
speed0 time 243.0
speed0 time 244.0
speed0 time 245.0
speed0 time 246.0
speed0 time 247.0
speed0 time 248.0
speed0 time 249.0
speed0 time 250.0
speed0 time 251.0
speed0 time 252.0
speed0 time 253.0
speed0 time 262.0
speed0 time 263.0
speed0 time 264.0
speed0 time 265.0
speed0 time 266.0
speed0 time 267.0
speed0 time 268.0
speed0 time 269.0
speed0 time 270.0
speed0 time 271.0
speed0 time 272.0
speed0 time 273.0
speed0 time 282.0
speed0 time 283.0
speed0 time 284.0
speed0 time 285.0
speed0 time 286.0
speed0 time 287.0
speed0 time 288.0
speed0 time 289.0
speed0 time 290.0
speed0 time 291.0
speed0 time 292.0
speed0 time 293.0
speed0 time 302.0
speed0 time 303.0
speed0 time 304.0
speed0 time 305.0
speed0 time 306.0
speed0 time 307.0
speed0 time 308.0
speed0 time 309.0
speed0 time 310.0
speed0 time 311.0
speed0 time 312.0
speed0 time 313.0
speed0 time 322.0
speed0 time 323.0
speed0 time 324.0
speed0 time 325.0
speed0 time 326.0
speed0 time 327.0
speed0 time 328.0
speed0 time 329.0
speed0 time 330.0
speed0 time 331.0
speed0 time 332.0
speed0 time 333.0
speed0 time 342.0
speed0 time 343.0
speed0 time 344.0
speed0 time 345.0
speed0 time 346.0
speed0 time 347.0
speed0 time 348.0
speed0 time 349.0
speed0 time 350.0
speed0 time 351.0
speed0 time 352.0
speed0 time 353.0
speed0 time 362.0
speed0 time 363.0
speed0 time 364.0
speed0 time 365.0
speed0 time 366.0
speed0 time 367.0
speed0 time 368.0
speed0 time 369.0
speed0 time 370.0
speed0 time 371.0
speed0 time 372.0
speed0 time 373.0
speed0 time 382.0
speed0 time 383.0
speed0 time 384.0
speed0 time 385.0
speed0 time 386.0
speed0 time 387.0
speed0 time 388.0
speed0 time 389.0
speed0 time 390.0
speed0 time 391.0
speed0 time 392.0
speed0 time 393.0
speed0 time 402.0
speed0 time 403.0
speed0 time 404.0
speed0 time 405.0
speed0 time 406.0
speed0 time 407.0
speed0 time 408.0
speed0 time 409.0
speed0 time 410.0
speed0 time 411.0
speed0 time 412.0
speed0 time 413.0
speed0 time 422.0
speed0 time 423.0
speed0 time 424.0
speed0 time 425.0
speed0 time 426.0
speed0 time 427.0
speed0 time 428.0
speed0 time 429.0
speed0 time 430.0
speed0 time 431.0
speed0 time 432.0
speed0 time 433.0
speed0 time 442.0
speed0 time 443.0
speed0 time 444.0
speed0 time 445.0
speed0 time 446.0
speed0 time 447.0
speed0 time 448.0
speed0 time 449.0
speed0 time 450.0
speed0 time 451.0
speed0 time 452.0
speed0 time 453.0
speed0 time 462.0
speed0 time 463.0
speed0 time 464.0
speed0 time 465.0
speed0 time 466.0
speed0 time 467.0
speed0 time 468.0
speed0 time 469.0
speed0 time 470.0
speed0 time 471.0
speed0 time 472.0
speed0 time 473.0
speed0 time 482.0
speed0 time 483.0
speed0 time 484.0
speed0 time 485.0
speed0 time 486.0
speed0 time 487.0
speed0 time 488.0
speed0 time 489.0
speed0 time 490.0
speed0 time 491.0
speed0 time 492.0
speed0 time 493.0
speed0 time 502.0
speed0 time 503.0
speed0 time 504.0
speed0 time 505.0
speed0 time 506.0
speed0 time 507.0
speed0 time 508.0
speed0 time 509.0
speed0 time 510.0
speed0 time 511.0
speed0 time 512.0
speed0 time 513.0
speed0 time 522.0
speed0 time 523.0
speed0 time 524.0
speed0 time 525.0
speed0 time 526.0
speed0 time 527.0
speed0 time 528.0
speed0 time 529.0
speed0 time 530.0
speed0 time 531.0
speed0 time 532.0
speed0 time 533.0
speed0 time 542.0
speed0 time 543.0
speed0 time 544.0
speed0 time 545.0
speed0 time 546.0
speed0 time 547.0
speed0 time 548.0
speed0 time 549.0
speed0 time 550.0
speed0 time 551.0
speed0 time 552.0
speed0 time 553.0
speed0 time 562.0
speed0 time 563.0
speed0 time 564.0
speed0 time 565.0
speed0 time 566.0
speed0 time 567.0
speed0 time 568.0
speed0 time 569.0
speed0 time 570.0
speed0 time 571.0
speed0 time 572.0
speed0 time 573.0
speed0 time 582.0
speed0 time 583.0
speed0 time 584.0
speed0 time 585.0
speed0 time 586.0
speed0 time 587.0
speed0 time 588.0
speed0 time 589.0
speed0 time 590.0
speed0 time 591.0
speed0 time 592.0
speed0 time 593.0
speed0 time 602.0
speed0 time 603.0
speed0 time 604.0
speed0 time 605.0
speed0 time 606.0
speed0 time 607.0
speed0 time 608.0
speed0 time 609.0
speed0 time 610.0
speed0 time 611.0
speed0 time 612.0
speed0 time 613.0
speed0 time 622.0
speed0 time 623.0
speed0 time 624.0
speed0 time 625.0
speed0 time 626.0
speed0 time 627.0
speed0 time 628.0
speed0 time 629.0
speed0 time 630.0
speed0 time 631.0
speed0 time 632.0
speed0 time 633.0
speed0 time 642.0
speed0 time 643.0
speed0 time 644.0
speed0 time 645.0
speed0 time 646.0
speed0 time 647.0
speed0 time 648.0
speed0 time 649.0
speed0 time 650.0
speed0 time 651.0
speed0 time 652.0
speed0 time 653.0
speed0 time 662.0
speed0 time 663.0
speed0 time 664.0
speed0 time 665.0
speed0 time 666.0
speed0 time 667.0
speed0 time 668.0
speed0 time 669.0
speed0 time 670.0
speed0 time 671.0
speed0 time 672.0
speed0 time 673.0
speed0 time 682.0
speed0 time 683.0
speed0 time 684.0
speed0 time 685.0
speed0 time 686.0
speed0 time 687.0
speed0 time 688.0
speed0 time 689.0
speed0 time 690.0
speed0 time 691.0
speed0 time 692.0
speed0 time 693.0
speed0 time 702.0
speed0 time 703.0
speed0 time 704.0
speed0 time 705.0
speed0 time 706.0
speed0 time 707.0
speed0 time 708.0
speed0 time 709.0
speed0 time 710.0
speed0 time 711.0
speed0 time 712.0
speed0 time 713.0
speed0 time 722.0
speed0 time 723.0
speed0 time 724.0
speed0 time 725.0
speed0 time 726.0
speed0 time 727.0
speed0 time 728.0
speed0 time 729.0
speed0 time 730.0
speed0 time 731.0
speed0 time 732.0
speed0 time 733.0
speed0 time 742.0
speed0 time 743.0
speed0 time 744.0
speed0 time 745.0
speed0 time 746.0
speed0 time 747.0
speed0 time 748.0
speed0 time 749.0
speed0 time 750.0
speed0 time 751.0
speed0 time 752.0
speed0 time 753.0
speed0 time 762.0
speed0 time 763.0
speed0 time 764.0
speed0 time 765.0
speed0 time 766.0
speed0 time 767.0
speed0 time 768.0
speed0 time 769.0
speed0 time 770.0
speed0 time 771.0
speed0 time 772.0
speed0 time 773.0
speed0 time 782.0
speed0 time 783.0
speed0 time 784.0
speed0 time 785.0
speed0 time 786.0
speed0 time 787.0
speed0 time 788.0
speed0 time 789.0
speed0 time 790.0
speed0 time 791.0
speed0 time 792.0
speed0 time 793.0
speed0 time 802.0
speed0 time 803.0
speed0 time 804.0
speed0 time 805.0
speed0 time 806.0
speed0 time 807.0
speed0 time 808.0
speed0 time 809.0
speed0 time 810.0
speed0 time 811.0
speed0 time 812.0
speed0 time 813.0
speed0 time 822.0
speed0 time 823.0
speed0 time 824.0
speed0 time 825.0
speed0 time 826.0
speed0 time 827.0
speed0 time 828.0
speed0 time 829.0
speed0 time 830.0
speed0 time 831.0
speed0 time 832.0
speed0 time 833.0
speed0 time 842.0
speed0 time 843.0
speed0 time 844.0
speed0 time 845.0
speed0 time 846.0
speed0 time 847.0
speed0 time 848.0
speed0 time 849.0
speed0 time 850.0
speed0 time 851.0
speed0 time 852.0
speed0 time 853.0
speed0 time 862.0
speed0 time 863.0
speed0 time 864.0
speed0 time 865.0
speed0 time 866.0
speed0 time 867.0
speed0 time 868.0
speed0 time 869.0
speed0 time 870.0
speed0 time 871.0
speed0 time 872.0
speed0 time 873.0
speed0 time 882.0
speed0 time 883.0
speed0 time 884.0
speed0 time 885.0
speed0 time 886.0
speed0 time 887.0
speed0 time 888.0
speed0 time 889.0
speed0 time 890.0
speed0 time 891.0
speed0 time 892.0
speed0 time 893.0
speed0 time 902.0
speed0 time 903.0
speed0 time 904.0
speed0 time 905.0
speed0 time 906.0
speed0 time 907.0
speed0 time 908.0
speed0 time 909.0
speed0 time 910.0
speed0 time 911.0
speed0 time 912.0
speed0 time 913.0
speed0 time 922.0
speed0 time 923.0
speed0 time 924.0
speed0 time 925.0
speed0 time 926.0
speed0 time 927.0
speed0 time 928.0
speed0 time 929.0
speed0 time 930.0
speed0 time 931.0
speed0 time 932.0
speed0 time 933.0
speed0 time 942.0
speed0 time 943.0
speed0 time 944.0
speed0 time 945.0
speed0 time 946.0
speed0 time 947.0
speed0 time 948.0
speed0 time 949.0
speed0 time 950.0
speed0 time 951.0
speed0 time 952.0
speed0 time 953.0
speed0 time 962.0
speed0 time 963.0
speed0 time 964.0
speed0 time 965.0
speed0 time 966.0
speed0 time 967.0
speed0 time 968.0
speed0 time 969.0
speed0 time 970.0
speed0 time 971.0
speed0 time 972.0
speed0 time 973.0
speed0 time 982.0
speed0 time 983.0
speed0 time 984.0
speed0 time 985.0
speed0 time 986.0
speed0 time 987.0
speed0 time 988.0
speed0 time 989.0
speed0 time 990.0
speed0 time 991.0
speed0 time 992.0
speed0 time 993.0
speed0 time 1002.0
speed0 time 1003.0
speed0 time 1004.0
speed0 time 1005.0
speed0 time 1006.0
speed0 time 1007.0
speed0 time 1008.0
speed0 time 1009.0
speed0 time 1010.0
speed0 time 1011.0
speed0 time 1012.0
speed0 time 1013.0
speed0 time 1022.0
speed0 time 1023.0
speed0 time 1024.0
speed0 time 1025.0
speed0 time 1026.0
speed0 time 1027.0
speed0 time 1028.0
speed0 time 1029.0
speed0 time 1030.0
speed0 time 1031.0
speed0 time 1032.0
speed0 time 1033.0
speed0 time 1042.0
speed0 time 1043.0
speed0 time 1044.0
speed0 time 1045.0
speed0 time 1046.0
speed0 time 1047.0
speed0 time 1048.0
speed0 time 1049.0
speed0 time 1050.0
speed0 time 1051.0
speed0 time 1052.0
speed0 time 1053.0
speed0 time 1062.0
speed0 time 1063.0
speed0 time 1064.0
speed0 time 1065.0
speed0 time 1066.0
speed0 time 1067.0
speed0 time 1068.0
speed0 time 1069.0
speed0 time 1070.0
speed0 time 1071.0
speed0 time 1072.0
speed0 time 1073.0
speed0 time 1082.0
speed0 time 1083.0
speed0 time 1084.0
speed0 time 1085.0
speed0 time 1086.0
speed0 time 1087.0
speed0 time 1088.0
speed0 time 1089.0
speed0 time 1090.0
speed0 time 1091.0
speed0 time 1092.0
speed0 time 1093.0
speed0 time 1102.0
speed0 time 1103.0
speed0 time 1104.0
speed0 time 1105.0
speed0 time 1106.0
speed0 time 1107.0
speed0 time 1108.0
speed0 time 1109.0
speed0 time 1110.0
speed0 time 1111.0
speed0 time 1112.0
speed0 time 1113.0
speed0 time 1122.0
speed0 time 1123.0
speed0 time 1124.0
speed0 time 1125.0
speed0 time 1126.0
speed0 time 1127.0
speed0 time 1128.0
speed0 time 1129.0
speed0 time 1130.0
speed0 time 1131.0
speed0 time 1132.0
speed0 time 1133.0
speed0 time 1142.0
speed0 time 1143.0
speed0 time 1144.0
speed0 time 1145.0
speed0 time 1146.0
speed0 time 1147.0
speed0 time 1148.0
speed0 time 1149.0
speed0 time 1150.0
speed0 time 1151.0
speed0 time 1152.0
speed0 time 1153.0
speed0 time 1162.0
speed0 time 1163.0
speed0 time 1164.0
speed0 time 1165.0
speed0 time 1166.0
speed0 time 1167.0
speed0 time 1168.0
speed0 time 1169.0
speed0 time 1170.0
speed0 time 1171.0
speed0 time 1172.0
speed0 time 1173.0
speed0 time 1182.0
speed0 time 1183.0
speed0 time 1184.0
speed0 time 1185.0
speed0 time 1186.0
speed0 time 1187.0
speed0 time 1188.0
speed0 time 1189.0
speed0 time 1190.0
speed0 time 1191.0
speed0 time 1192.0
speed0 time 1193.0
speed0 time 1202.0
speed0 time 1203.0
speed0 time 1204.0
speed0 time 1205.0
speed0 time 1206.0
speed0 time 1207.0
speed0 time 1208.0
speed0 time 1209.0
speed0 time 1210.0
speed0 time 1211.0
speed0 time 1212.0
speed0 time 1213.0
speed0 time 1222.0
speed0 time 1223.0
speed0 time 1224.0
speed0 time 1225.0
speed0 time 1226.0
speed0 time 1227.0
speed0 time 1228.0
speed0 time 1229.0
speed0 time 1230.0
speed0 time 1231.0
speed0 time 1232.0
speed0 time 1233.0
speed0 time 1242.0
speed0 time 1243.0
speed0 time 1244.0
speed0 time 1245.0
speed0 time 1246.0
speed0 time 1247.0
speed0 time 1248.0
speed0 time 1249.0
speed0 time 1250.0
speed0 time 1251.0
speed0 time 1252.0
speed0 time 1253.0
speed0 time 1262.0
speed0 time 1263.0
speed0 time 1264.0
speed0 time 1265.0
speed0 time 1266.0
speed0 time 1267.0
speed0 time 1268.0
speed0 time 1269.0
speed0 time 1270.0
speed0 time 1271.0
speed0 time 1272.0
speed0 time 1273.0
speed0 time 1282.0
speed0 time 1283.0
speed0 time 1284.0
speed0 time 1285.0
speed0 time 1286.0
speed0 time 1287.0
speed0 time 1288.0
speed0 time 1289.0
speed0 time 1290.0
speed0 time 1291.0
speed0 time 1292.0
speed0 time 1293.0
speed0 time 1302.0
speed0 time 1303.0
speed0 time 1304.0
speed0 time 1305.0
speed0 time 1306.0
speed0 time 1307.0
speed0 time 1308.0
speed0 time 1309.0
speed0 time 1310.0
speed0 time 1311.0
speed0 time 1312.0
speed0 time 1313.0
speed0 time 1322.0
speed0 time 1323.0
speed0 time 1324.0
speed0 time 1325.0
speed0 time 1326.0
speed0 time 1327.0
speed0 time 1328.0
speed0 time 1329.0
speed0 time 1330.0
speed0 time 1331.0
speed0 time 1332.0
speed0 time 1333.0
speed0 time 1342.0
speed0 time 1343.0
speed0 time 1344.0
speed0 time 1345.0
speed0 time 1346.0
speed0 time 1347.0
speed0 time 1348.0
speed0 time 1349.0
speed0 time 1350.0
speed0 time 1351.0
speed0 time 1352.0
speed0 time 1353.0
speed0 time 1362.0
speed0 time 1363.0
speed0 time 1364.0
speed0 time 1365.0
speed0 time 1366.0
speed0 time 1367.0
speed0 time 1368.0
speed0 time 1369.0
speed0 time 1370.0
speed0 time 1371.0
speed0 time 1372.0
speed0 time 1373.0
speed0 time 1382.0
speed0 time 1383.0
speed0 time 1384.0
speed0 time 1385.0
speed0 time 1386.0
speed0 time 1387.0
speed0 time 1388.0
speed0 time 1389.0
speed0 time 1390.0
speed0 time 1391.0
speed0 time 1392.0
speed0 time 1393.0
speed0 time 1402.0
speed0 time 1403.0
speed0 time 1404.0
speed0 time 1405.0
speed0 time 1406.0
speed0 time 1407.0
speed0 time 1408.0
speed0 time 1409.0
speed0 time 1410.0
speed0 time 1411.0
speed0 time 1412.0
speed0 time 1413.0
speed0 time 1422.0
speed0 time 1423.0
speed0 time 1424.0
speed0 time 1425.0
speed0 time 1426.0
speed0 time 1427.0
speed0 time 1428.0
speed0 time 1429.0
speed0 time 1430.0
speed0 time 1431.0
speed0 time 1432.0
speed0 time 1433.0
speed0 time 1442.0
speed0 time 1443.0
speed0 time 1444.0
speed0 time 1445.0
speed0 time 1446.0
speed0 time 1447.0
speed0 time 1448.0
speed0 time 1449.0
speed0 time 1450.0
speed0 time 1451.0
speed0 time 1452.0
speed0 time 1453.0
speed0 time 1462.0
speed0 time 1463.0
speed0 time 1464.0
speed0 time 1465.0
speed0 time 1466.0
speed0 time 1467.0
speed0 time 1468.0
speed0 time 1469.0
speed0 time 1470.0
speed0 time 1471.0
speed0 time 1472.0
speed0 time 1473.0
speed0 time 1482.0
speed0 time 1483.0
speed0 time 1484.0
speed0 time 1485.0
speed0 time 1486.0
speed0 time 1487.0
speed0 time 1488.0
speed0 time 1489.0
speed0 time 1490.0
speed0 time 1491.0
speed0 time 1492.0
speed0 time 1493.0
speed0 time 1502.0
speed0 time 1503.0
speed0 time 1504.0
speed0 time 1505.0
speed0 time 1506.0
speed0 time 1507.0
speed0 time 1508.0
speed0 time 1509.0
speed0 time 1510.0
speed0 time 1511.0
speed0 time 1512.0
speed0 time 1513.0
speed0 time 1522.0
speed0 time 1523.0
speed0 time 1524.0
speed0 time 1525.0
speed0 time 1526.0
speed0 time 1527.0
speed0 time 1528.0
speed0 time 1529.0
speed0 time 1530.0
speed0 time 1531.0
speed0 time 1532.0
speed0 time 1533.0
speed0 time 1542.0
speed0 time 1543.0
speed0 time 1544.0
speed0 time 1545.0
speed0 time 1546.0
speed0 time 1547.0
speed0 time 1548.0
speed0 time 1549.0
speed0 time 1550.0
speed0 time 1551.0
speed0 time 1552.0
speed0 time 1553.0
speed0 time 1562.0
speed0 time 1563.0
speed0 time 1564.0
speed0 time 1565.0
speed0 time 1566.0
speed0 time 1567.0
speed0 time 1568.0
speed0 time 1569.0
speed0 time 1570.0
speed0 time 1571.0
speed0 time 1572.0
speed0 time 1573.0
speed0 time 1582.0
speed0 time 1583.0
speed0 time 1584.0
speed0 time 1585.0
speed0 time 1586.0
speed0 time 1587.0
speed0 time 1588.0
speed0 time 1589.0
speed0 time 1590.0
speed0 time 1591.0
speed0 time 1592.0
speed0 time 1593.0
speed0 time 1602.0
speed0 time 1603.0
speed0 time 1604.0
speed0 time 1605.0
speed0 time 1606.0
speed0 time 1607.0
speed0 time 1608.0
speed0 time 1609.0
speed0 time 1610.0
speed0 time 1611.0
speed0 time 1612.0
speed0 time 1613.0
speed0 time 1622.0
speed0 time 1623.0
speed0 time 1624.0
speed0 time 1625.0
speed0 time 1626.0
speed0 time 1627.0
speed0 time 1628.0
speed0 time 1629.0
speed0 time 1630.0
speed0 time 1631.0
speed0 time 1632.0
speed0 time 1633.0
speed0 time 1642.0
speed0 time 1643.0
speed0 time 1644.0
speed0 time 1645.0
speed0 time 1646.0
speed0 time 1647.0
speed0 time 1648.0
speed0 time 1649.0
speed0 time 1650.0
speed0 time 1651.0
speed0 time 1652.0
speed0 time 1653.0
speed0 time 1662.0
speed0 time 1663.0
speed0 time 1664.0
speed0 time 1665.0
speed0 time 1666.0
speed0 time 1667.0
speed0 time 1668.0
speed0 time 1669.0
speed0 time 1670.0
speed0 time 1671.0
speed0 time 1672.0
speed0 time 1673.0
speed0 time 1682.0
speed0 time 1683.0
speed0 time 1684.0
speed0 time 1685.0
speed0 time 1686.0
speed0 time 1687.0
speed0 time 1688.0
speed0 time 1689.0
speed0 time 1690.0
speed0 time 1691.0
speed0 time 1692.0
speed0 time 1693.0
speed0 time 1702.0
speed0 time 1703.0
speed0 time 1704.0
speed0 time 1705.0
speed0 time 1706.0
speed0 time 1707.0
speed0 time 1708.0
speed0 time 1709.0
speed0 time 1710.0
speed0 time 1711.0
speed0 time 1712.0
speed0 time 1713.0
speed0 time 1722.0
speed0 time 1723.0
speed0 time 1724.0
speed0 time 1725.0
speed0 time 1726.0
speed0 time 1727.0
speed0 time 1728.0
speed0 time 1729.0
