
-------------------------------------------------------------------
GMS: address=vagrant-28665, cluster=AV, physical address=10.0.2.15:36434
-------------------------------------------------------------------
02:01:07.189 [main] INFO  AV.VCU - waiting on readyToPopulate...
02:01:25.380 [main] INFO  AV.VCU - ...synchronized on readyToPopulate
02:01:25.380 [main] INFO  AV.VCU - waiting on readyToRun...
02:01:25.632 [main] INFO  AV.VCU - ...synchronized on readyToRun
02:01:25.635 [main] INFO  AV.VCU - started logical time progression
02:01:25.883 [main] INFO  AV.VCU - speed(t-1)=  0 time(t-1)= 0.0  speed(t)=  0 time(t)= 0.10001  Scenario  PARKED current logical time  1.0 current simulation time  0.002
02:01:26.936 [main] INFO  AV.VCU - ABS Speed : 72 ABS_Event_Status    : placeholder & current time is  2.0  message time is 0.2 case 0
02:01:27.006 [main] INFO  AV.VCU - ABS Speed : 87 ABS_Event_Status    : placeholder & current time is  3.0  message time is 1.2 case 1
02:01:27.063 [main] INFO  AV.VCU - speed(t-1)=  0 time(t-1)= 0.10001  speed(t)=  0 time(t)= 0.10001  Scenario  PARKED current logical time  4.0 current simulation time  0.008
02:01:27.304 [main] INFO  AV.VCU - speed(t-1)=  0 time(t-1)= 0.10001  speed(t)=  0 time(t)= 0.10001  Scenario  PARKED current logical time  7.0 current simulation time  0.014
02:01:27.407 [main] INFO  AV.VCU - speed(t-1)=  0 time(t-1)= 0.10001  speed(t)=  0 time(t)= 0.10001  Scenario  PARKED current logical time  8.0 current simulation time  0.016
02:01:27.680 [main] INFO  AV.VCU - speed(t-1)=  0 time(t-1)= 0.10001  speed(t)=  0 time(t)= 0.10001  Scenario  PARKED current logical time  11.0 current simulation time  0.022
02:01:27.741 [main] INFO  AV.VCU - speed(t-1)=  0 time(t-1)= 0.10001  speed(t)=  0 time(t)= 0.10001  Scenario  PARKED current logical time  12.0 current simulation time  0.024
02:01:27.931 [main] INFO  AV.VCU - ABS Speed : 87 ABS_Event_Status    : XEPlnAQTDs & current time is  14.0  message time is 13.2 case 3
02:01:28.022 [main] INFO  AV.VCU - speed(t-1)=  0 time(t-1)= 0.10001  speed(t)=  0 time(t)= 0.10001  Scenario  PARKED current logical time  15.0 current simulation time  0.03
02:01:28.023 [main] INFO  AV.VCU - ABS Speed : 87 ABS_Event_Status    : XEPlnAQTDs & current time is  15.0  message time is 13.2 case 3
02:01:28.091 [main] INFO  AV.VCU - speed(t-1)=  0 time(t-1)= 0.10001  speed(t)=  0 time(t)= 0.10001  Scenario  PARKED current logical time  16.0 current simulation time  0.032
02:01:28.147 [main] INFO  AV.VCU - speed(t-1)=  0 time(t-1)= 0.10001  speed(t)=  0 time(t)= 0.10001  Scenario  PARKED current logical time  17.0 current simulation time  0.034
02:01:28.230 [main] INFO  AV.VCU - speed(t-1)=  0 time(t-1)= 0.10001  speed(t)=  0 time(t)= 0.10001  Scenario  PARKED current logical time  18.0 current simulation time  0.036000000000000004
02:01:28.288 [main] INFO  AV.VCU - speed(t-1)=  0 time(t-1)= 0.10001  speed(t)=  0 time(t)= 0.10001  Scenario  PARKED current logical time  19.0 current simulation time  0.038
02:01:28.345 [main] INFO  AV.VCU - speed(t-1)=  0 time(t-1)= 0.10001  speed(t)=  0 time(t)= 0.10001  Scenario  PARKED current logical time  20.0 current simulation time  0.04
02:01:28.510 [main] INFO  AV.VCU - ABS Speed : 53 ABS_Event_Status    : XEPlnAQTDs & current time is  22.0  message time is 21.2 case 1
02:01:28.571 [main] INFO  AV.VCU - speed(t-1)=  0 time(t-1)= 0.10001  speed(t)=  0 time(t)= 0.10001  Scenario  PARKED current logical time  23.0 current simulation time  0.046
02:01:28.572 [main] INFO  AV.VCU - ABS Speed : 53 ABS_Event_Status    : XEPlnAQTDs & current time is  23.0  message time is 21.2 case 1
02:01:28.660 [main] INFO  AV.VCU - speed(t-1)=  0 time(t-1)= 0.10001  speed(t)=  0 time(t)= 0.10001  Scenario  PARKED current logical time  24.0 current simulation time  0.048
02:01:28.915 [main] INFO  AV.VCU - speed(t-1)=  0 time(t-1)= 0.10001  speed(t)=  0 time(t)= 0.10001  Scenario  PARKED current logical time  27.0 current simulation time  0.054
02:01:28.970 [main] INFO  AV.VCU - speed(t-1)=  0 time(t-1)= 0.10001  speed(t)=  0 time(t)= 0.10001  Scenario  PARKED current logical time  28.0 current simulation time  0.056
02:01:29.173 [main] INFO  AV.VCU - speed(t-1)=  0 time(t-1)= 0.10001  speed(t)=  0 time(t)= 0.10001  Scenario  PARKED current logical time  31.0 current simulation time  0.062
02:01:29.259 [main] INFO  AV.VCU - speed(t-1)=  0 time(t-1)= 0.10001  speed(t)=  0 time(t)= 0.10001  Scenario  PARKED current logical time  32.0 current simulation time  0.064
02:01:29.418 [main] INFO  AV.VCU - ABS Speed : 53 ABS_Event_Status    : aIZtNVmGAL & current time is  34.0  message time is 33.2 case 3
02:01:29.461 [main] INFO  AV.VCU - speed(t-1)=  0 time(t-1)= 0.10001  speed(t)=  0 time(t)= 0.10001  Scenario  PARKED current logical time  35.0 current simulation time  0.07
02:01:29.462 [main] INFO  AV.VCU - ABS Speed : 53 ABS_Event_Status    : aIZtNVmGAL & current time is  35.0  message time is 33.2 case 3
02:01:29.533 [main] INFO  AV.VCU - speed(t-1)=  0 time(t-1)= 0.10001  speed(t)=  0 time(t)= 0.10001  Scenario  PARKED current logical time  36.0 current simulation time  0.07200000000000001
02:01:29.596 [main] INFO  AV.VCU - speed(t-1)=  0 time(t-1)= 0.10001  speed(t)=  0 time(t)= 0.10001  Scenario  PARKED current logical time  37.0 current simulation time  0.074
02:01:29.671 [main] INFO  AV.VCU - speed(t-1)=  0 time(t-1)= 0.10001  speed(t)=  0 time(t)= 0.10001  Scenario  PARKED current logical time  38.0 current simulation time  0.076
02:01:29.733 [main] INFO  AV.VCU - speed(t-1)=  0 time(t-1)= 0.10001  speed(t)=  0 time(t)= 0.10001  Scenario  PARKED current logical time  39.0 current simulation time  0.078
02:01:29.799 [main] INFO  AV.VCU - speed(t-1)=  0 time(t-1)= 0.10001  speed(t)=  0 time(t)= 0.10001  Scenario  PARKED current logical time  40.0 current simulation time  0.08
02:01:29.936 [main] INFO  AV.VCU - ABS Speed : 76 ABS_Event_Status    : aIZtNVmGAL & current time is  42.0  message time is 41.2 case 1
02:01:29.991 [main] INFO  AV.VCU - speed(t-1)=  0 time(t-1)= 0.10001  speed(t)=  0 time(t)= 0.10001  Scenario  PARKED current logical time  43.0 current simulation time  0.08600000000000001
02:01:29.995 [main] INFO  AV.VCU - ABS Speed : 76 ABS_Event_Status    : aIZtNVmGAL & current time is  43.0  message time is 41.2 case 1
02:01:30.065 [main] INFO  AV.VCU - speed(t-1)=  0 time(t-1)= 0.10001  speed(t)=  0 time(t)= 0.10001  Scenario  PARKED current logical time  44.0 current simulation time  0.088
02:01:30.254 [main] INFO  AV.VCU - speed(t-1)=  0 time(t-1)= 0.10001  speed(t)=  0 time(t)= 0.10001  Scenario  PARKED current logical time  47.0 current simulation time  0.094
02:01:30.311 [main] INFO  AV.VCU - speed(t-1)=  0 time(t-1)= 0.10001  speed(t)=  0 time(t)= 0.10001  Scenario  PARKED current logical time  48.0 current simulation time  0.096
02:01:30.491 [main] INFO  AV.VCU - speed(t-1)=  0 time(t-1)= 0.10001  speed(t)=  0 time(t)= 0.10001  Scenario  PARKED current logical time  51.0 current simulation time  0.10200000000000001
02:01:30.565 [main] INFO  AV.VCU - speed(t-1)=  0 time(t-1)= 0.10001  speed(t)=  0 time(t)= 0.10001  Scenario  PARKED current logical time  52.0 current simulation time  0.10400000000000001
02:01:30.695 [main] INFO  AV.VCU - ABS Speed : 76 ABS_Event_Status    : SmlWEaitSy & current time is  54.0  message time is 53.2 case 3
02:01:30.755 [main] INFO  AV.VCU - speed(t-1)=  0 time(t-1)= 0.10001  speed(t)=  0 time(t)= 0.10001  Scenario  PARKED current logical time  55.0 current simulation time  0.11
02:01:30.758 [main] INFO  AV.VCU - ABS Speed : 76 ABS_Event_Status    : SmlWEaitSy & current time is  55.0  message time is 53.2 case 3
02:01:30.808 [main] INFO  AV.VCU - speed(t-1)=  0 time(t-1)= 0.10001  speed(t)=  0 time(t)= 0.10001  Scenario  PARKED current logical time  56.0 current simulation time  0.112
02:01:30.865 [main] INFO  AV.VCU - speed(t-1)=  0 time(t-1)= 0.10001  speed(t)=  0 time(t)= 0.10001  Scenario  PARKED current logical time  57.0 current simulation time  0.114
02:01:30.921 [main] INFO  AV.VCU - speed(t-1)=  0 time(t-1)= 0.10001  speed(t)=  0 time(t)= 0.10001  Scenario  PARKED current logical time  58.0 current simulation time  0.116
02:01:31.017 [main] INFO  AV.VCU - speed(t-1)=  0 time(t-1)= 0.10001  speed(t)=  0 time(t)= 0.10001  Scenario  PARKED current logical time  59.0 current simulation time  0.11800000000000001
02:01:31.070 [main] INFO  AV.VCU - speed(t-1)=  0 time(t-1)= 0.10001  speed(t)=  0 time(t)= 0.10001  Scenario  PARKED current logical time  60.0 current simulation time  0.12
02:01:31.171 [main] INFO  AV.VCU - ABS Speed : 66 ABS_Event_Status    : SmlWEaitSy & current time is  62.0  message time is 61.2 case 1
02:01:31.210 [main] INFO  AV.VCU - speed(t-1)=  0 time(t-1)= 0.10001  speed(t)=  0 time(t)= 0.10001  Scenario  PARKED current logical time  63.0 current simulation time  0.126
02:01:31.211 [main] INFO  AV.VCU - ABS Speed : 66 ABS_Event_Status    : SmlWEaitSy & current time is  63.0  message time is 61.2 case 1
02:01:31.313 [main] INFO  AV.VCU - speed(t-1)=  0 time(t-1)= 0.10001  speed(t)=  0 time(t)= 0.10001  Scenario  PARKED current logical time  64.0 current simulation time  0.128
02:01:31.517 [main] INFO  AV.VCU - speed(t-1)=  0 time(t-1)= 0.10001  speed(t)=  0 time(t)= 0.10001  Scenario  PARKED current logical time  67.0 current simulation time  0.134
02:01:31.570 [main] INFO  AV.VCU - speed(t-1)=  0 time(t-1)= 0.10001  speed(t)=  0 time(t)= 0.10001  Scenario  PARKED current logical time  68.0 current simulation time  0.136
02:01:31.876 [main] INFO  AV.VCU - speed(t-1)=  0 time(t-1)= 0.10001  speed(t)=  0 time(t)= 0.10001  Scenario  PARKED current logical time  71.0 current simulation time  0.14200000000000002
02:01:31.931 [main] INFO  AV.VCU - speed(t-1)=  0 time(t-1)= 0.10001  speed(t)=  0 time(t)= 0.10001  Scenario  PARKED current logical time  72.0 current simulation time  0.14400000000000002
02:01:32.131 [main] INFO  AV.VCU - ABS Speed : 66 ABS_Event_Status    : ayBEbeoAYf & current time is  74.0  message time is 73.2 case 3
02:01:32.199 [main] INFO  AV.VCU - speed(t-1)=  0 time(t-1)= 0.10001  speed(t)=  0 time(t)= 0.10001  Scenario  PARKED current logical time  75.0 current simulation time  0.15
02:01:32.203 [main] INFO  AV.VCU - ABS Speed : 66 ABS_Event_Status    : ayBEbeoAYf & current time is  75.0  message time is 73.2 case 3
02:01:32.246 [main] INFO  AV.VCU - speed(t-1)=  0 time(t-1)= 0.10001  speed(t)=  0 time(t)= 0.10001  Scenario  PARKED current logical time  76.0 current simulation time  0.152
02:01:32.301 [main] INFO  AV.VCU - speed(t-1)=  0 time(t-1)= 0.10001  speed(t)=  0 time(t)= 0.10001  Scenario  PARKED current logical time  77.0 current simulation time  0.154
02:01:32.352 [main] INFO  AV.VCU - speed(t-1)=  0 time(t-1)= 0.10001  speed(t)=  0 time(t)= 0.10001  Scenario  PARKED current logical time  78.0 current simulation time  0.156
02:01:32.439 [main] INFO  AV.VCU - speed(t-1)=  0 time(t-1)= 0.10001  speed(t)=  0 time(t)= 0.10001  Scenario  PARKED current logical time  79.0 current simulation time  0.158
02:01:32.488 [main] INFO  AV.VCU - speed(t-1)=  0 time(t-1)= 0.10001  speed(t)=  0 time(t)= 0.10001  Scenario  PARKED current logical time  80.0 current simulation time  0.16
02:01:32.608 [main] INFO  AV.VCU - ABS Speed : 76 ABS_Event_Status    : ayBEbeoAYf & current time is  82.0  message time is 81.2 case 1
02:01:32.685 [main] INFO  AV.VCU - speed(t-1)=  0 time(t-1)= 0.10001  speed(t)=  0 time(t)= 0.10001  Scenario  PARKED current logical time  83.0 current simulation time  0.166
02:01:32.687 [main] INFO  AV.VCU - ABS Speed : 76 ABS_Event_Status    : ayBEbeoAYf & current time is  83.0  message time is 81.2 case 1
02:01:32.727 [main] INFO  AV.VCU - speed(t-1)=  0 time(t-1)= 0.10001  speed(t)=  0 time(t)= 0.10001  Scenario  PARKED current logical time  84.0 current simulation time  0.168
02:01:32.928 [main] INFO  AV.VCU - speed(t-1)=  0 time(t-1)= 0.10001  speed(t)=  0 time(t)= 0.10001  Scenario  PARKED current logical time  87.0 current simulation time  0.17400000000000002
02:01:32.973 [main] INFO  AV.VCU - speed(t-1)=  0 time(t-1)= 0.10001  speed(t)=  0 time(t)= 0.10001  Scenario  PARKED current logical time  88.0 current simulation time  0.176
02:01:33.155 [main] INFO  AV.VCU - speed(t-1)=  0 time(t-1)= 0.10001  speed(t)=  0 time(t)= 0.10001  Scenario  PARKED current logical time  91.0 current simulation time  0.182
02:01:33.214 [main] INFO  AV.VCU - speed(t-1)=  0 time(t-1)= 0.10001  speed(t)=  0 time(t)= 0.10001  Scenario  PARKED current logical time  92.0 current simulation time  0.184
02:01:33.329 [main] INFO  AV.VCU - ABS Speed : 76 ABS_Event_Status    : tEsNyzADOt & current time is  94.0  message time is 93.2 case 3
02:01:33.412 [main] INFO  AV.VCU - speed(t-1)=  0 time(t-1)= 0.10001  speed(t)=  0 time(t)= 0.10001  Scenario  PARKED current logical time  95.0 current simulation time  0.19
02:01:33.417 [main] INFO  AV.VCU - ABS Speed : 76 ABS_Event_Status    : tEsNyzADOt & current time is  95.0  message time is 93.2 case 3
02:01:33.470 [main] INFO  AV.VCU - speed(t-1)=  0 time(t-1)= 0.10001  speed(t)=  0 time(t)= 0.10001  Scenario  PARKED current logical time  96.0 current simulation time  0.192
02:01:33.508 [main] INFO  AV.VCU - speed(t-1)=  0 time(t-1)= 0.10001  speed(t)=  0 time(t)= 0.10001  Scenario  PARKED current logical time  97.0 current simulation time  0.194
02:01:33.575 [main] INFO  AV.VCU - speed(t-1)=  0 time(t-1)= 0.10001  speed(t)=  0 time(t)= 0.10001  Scenario  PARKED current logical time  98.0 current simulation time  0.196
02:01:33.739 [main] INFO  AV.VCU - speed(t-1)=  0 time(t-1)= 0.10001  speed(t)=  0 time(t)= 0.10001  Scenario  PARKED current logical time  99.0 current simulation time  0.198
02:01:33.786 [main] INFO  AV.VCU - speed(t-1)=  0 time(t-1)= 0.10001  speed(t)=  0 time(t)= 0.10001  Scenario  PARKED current logical time  100.0 current simulation time  0.2
02:01:33.891 [main] INFO  AV.VCU - ABS Speed : 81 ABS_Event_Status    : tEsNyzADOt & current time is  102.0  message time is 101.2 case 1
02:01:33.933 [main] INFO  AV.VCU - speed(t-1)=  0 time(t-1)= 0.10001  speed(t)=  0 time(t)= 0.10001  Scenario  PARKED current logical time  103.0 current simulation time  0.20600000000000002
02:01:33.936 [main] INFO  AV.VCU - ABS Speed : 81 ABS_Event_Status    : tEsNyzADOt & current time is  103.0  message time is 101.2 case 1
02:01:33.984 [main] INFO  AV.VCU - speed(t-1)=  0 time(t-1)= 0.10001  speed(t)=  0 time(t)= 0.10001  Scenario  PARKED current logical time  104.0 current simulation time  0.20800000000000002
02:01:34.139 [main] INFO  AV.VCU - speed(t-1)=  0 time(t-1)= 0.10001  speed(t)=  0 time(t)= 0.10001  Scenario  PARKED current logical time  107.0 current simulation time  0.214
02:01:34.204 [main] INFO  AV.VCU - speed(t-1)=  0 time(t-1)= 0.10001  speed(t)=  0 time(t)= 0.10001  Scenario  PARKED current logical time  108.0 current simulation time  0.216
02:01:34.357 [main] INFO  AV.VCU - speed(t-1)=  0 time(t-1)= 0.10001  speed(t)=  0 time(t)= 0.10001  Scenario  PARKED current logical time  111.0 current simulation time  0.222
02:01:34.417 [main] INFO  AV.VCU - speed(t-1)=  0 time(t-1)= 0.10001  speed(t)=  0 time(t)= 0.10001  Scenario  PARKED current logical time  112.0 current simulation time  0.224
02:01:34.527 [main] INFO  AV.VCU - ABS Speed : 81 ABS_Event_Status    : sDblknkIyl & current time is  114.0  message time is 113.2 case 3
02:01:34.584 [main] INFO  AV.VCU - speed(t-1)=  0 time(t-1)= 0.10001  speed(t)=  0 time(t)= 0.10001  Scenario  PARKED current logical time  115.0 current simulation time  0.23
02:01:34.586 [main] INFO  AV.VCU - ABS Speed : 81 ABS_Event_Status    : sDblknkIyl & current time is  115.0  message time is 113.2 case 3
02:01:34.659 [main] INFO  AV.VCU - speed(t-1)=  0 time(t-1)= 0.10001  speed(t)=  0 time(t)= 0.10001  Scenario  PARKED current logical time  116.0 current simulation time  0.232
02:01:34.712 [main] INFO  AV.VCU - speed(t-1)=  0 time(t-1)= 0.10001  speed(t)=  0 time(t)= 0.10001  Scenario  PARKED current logical time  117.0 current simulation time  0.234
02:01:34.776 [main] INFO  AV.VCU - speed(t-1)=  0 time(t-1)= 0.10001  speed(t)=  0 time(t)= 0.10001  Scenario  PARKED current logical time  118.0 current simulation time  0.23600000000000002
02:01:34.829 [main] INFO  AV.VCU - speed(t-1)=  0 time(t-1)= 0.10001  speed(t)=  0 time(t)= 0.10001  Scenario  PARKED current logical time  119.0 current simulation time  0.23800000000000002
02:01:34.875 [main] INFO  AV.VCU - speed(t-1)=  0 time(t-1)= 0.10001  speed(t)=  0 time(t)= 0.10001  Scenario  PARKED current logical time  120.0 current simulation time  0.24
02:01:35.008 [main] INFO  AV.VCU - ABS Speed : 65 ABS_Event_Status    : sDblknkIyl & current time is  122.0  message time is 121.2 case 1
02:01:35.063 [main] INFO  AV.VCU - speed(t-1)=  0 time(t-1)= 0.10001  speed(t)=  0 time(t)= 0.10001  Scenario  PARKED current logical time  123.0 current simulation time  0.246
02:01:35.064 [main] INFO  AV.VCU - ABS Speed : 65 ABS_Event_Status    : sDblknkIyl & current time is  123.0  message time is 121.2 case 1
02:01:35.138 [main] INFO  AV.VCU - speed(t-1)=  0 time(t-1)= 0.10001  speed(t)=  0 time(t)= 0.10001  Scenario  PARKED current logical time  124.0 current simulation time  0.248
02:01:35.304 [main] INFO  AV.VCU - speed(t-1)=  0 time(t-1)= 0.10001  speed(t)=  0 time(t)= 0.10001  Scenario  PARKED current logical time  127.0 current simulation time  0.254
02:01:35.358 [main] INFO  AV.VCU - speed(t-1)=  0 time(t-1)= 0.10001  speed(t)=  0 time(t)= 0.10001  Scenario  PARKED current logical time  128.0 current simulation time  0.256
02:01:35.563 [main] INFO  AV.VCU - speed(t-1)=  0 time(t-1)= 0.10001  speed(t)=  0 time(t)= 0.10001  Scenario  PARKED current logical time  131.0 current simulation time  0.262
02:01:35.599 [main] INFO  AV.VCU - speed(t-1)=  0 time(t-1)= 0.10001  speed(t)=  0 time(t)= 0.10001  Scenario  PARKED current logical time  132.0 current simulation time  0.264
02:01:35.734 [main] INFO  AV.VCU - ABS Speed : 65 ABS_Event_Status    : jSVwjCSguJ & current time is  134.0  message time is 133.2 case 3
02:01:35.785 [main] INFO  AV.VCU - speed(t-1)=  0 time(t-1)= 0.10001  speed(t)=  0 time(t)= 0.10001  Scenario  PARKED current logical time  135.0 current simulation time  0.27
02:01:35.786 [main] INFO  AV.VCU - ABS Speed : 65 ABS_Event_Status    : jSVwjCSguJ & current time is  135.0  message time is 133.2 case 3
02:01:35.828 [main] INFO  AV.VCU - speed(t-1)=  0 time(t-1)= 0.10001  speed(t)=  0 time(t)= 0.10001  Scenario  PARKED current logical time  136.0 current simulation time  0.272
02:01:35.876 [main] INFO  AV.VCU - speed(t-1)=  0 time(t-1)= 0.10001  speed(t)=  0 time(t)= 0.10001  Scenario  PARKED current logical time  137.0 current simulation time  0.274
02:01:35.958 [main] INFO  AV.VCU - speed(t-1)=  0 time(t-1)= 0.10001  speed(t)=  0 time(t)= 0.10001  Scenario  PARKED current logical time  138.0 current simulation time  0.276
02:01:36.012 [main] INFO  AV.VCU - speed(t-1)=  0 time(t-1)= 0.10001  speed(t)=  0 time(t)= 0.10001  Scenario  PARKED current logical time  139.0 current simulation time  0.278
02:01:36.068 [main] INFO  AV.VCU - speed(t-1)=  0 time(t-1)= 0.10001  speed(t)=  0 time(t)= 0.10001  Scenario  PARKED current logical time  140.0 current simulation time  0.28
02:01:36.209 [main] INFO  AV.VCU - ABS Speed : 51 ABS_Event_Status    : jSVwjCSguJ & current time is  142.0  message time is 141.2 case 1
02:01:36.257 [main] INFO  AV.VCU - speed(t-1)=  0 time(t-1)= 0.10001  speed(t)=  0 time(t)= 0.10001  Scenario  PARKED current logical time  143.0 current simulation time  0.28600000000000003
02:01:36.258 [main] INFO  AV.VCU - ABS Speed : 51 ABS_Event_Status    : jSVwjCSguJ & current time is  143.0  message time is 141.2 case 1
02:01:36.317 [main] INFO  AV.VCU - speed(t-1)=  0 time(t-1)= 0.10001  speed(t)=  0 time(t)= 0.10001  Scenario  PARKED current logical time  144.0 current simulation time  0.28800000000000003
02:01:36.488 [main] INFO  AV.VCU - speed(t-1)=  0 time(t-1)= 0.10001  speed(t)=  0 time(t)= 0.10001  Scenario  PARKED current logical time  147.0 current simulation time  0.294
02:01:36.536 [main] INFO  AV.VCU - speed(t-1)=  0 time(t-1)= 0.10001  speed(t)=  0 time(t)= 0.10001  Scenario  PARKED current logical time  148.0 current simulation time  0.296
02:01:36.685 [main] INFO  AV.VCU - speed(t-1)=  0 time(t-1)= 0.10001  speed(t)=  0 time(t)= 0.10001  Scenario  PARKED current logical time  151.0 current simulation time  0.302
02:01:36.738 [main] INFO  AV.VCU - speed(t-1)=  0 time(t-1)= 0.10001  speed(t)=  0 time(t)= 0.10001  Scenario  PARKED current logical time  152.0 current simulation time  0.304
02:01:36.888 [main] INFO  AV.VCU - ABS Speed : 51 ABS_Event_Status    : BIrdxWxTcA & current time is  154.0  message time is 153.2 case 3
02:01:36.947 [main] INFO  AV.VCU - speed(t-1)=  0 time(t-1)= 0.10001  speed(t)=  0 time(t)= 0.10001  Scenario  PARKED current logical time  155.0 current simulation time  0.31
02:01:36.949 [main] INFO  AV.VCU - ABS Speed : 51 ABS_Event_Status    : BIrdxWxTcA & current time is  155.0  message time is 153.2 case 3
02:01:36.986 [main] INFO  AV.VCU - speed(t-1)=  0 time(t-1)= 0.10001  speed(t)=  0 time(t)= 0.10001  Scenario  PARKED current logical time  156.0 current simulation time  0.312
02:01:37.046 [main] INFO  AV.VCU - speed(t-1)=  0 time(t-1)= 0.10001  speed(t)=  0 time(t)= 0.10001  Scenario  PARKED current logical time  157.0 current simulation time  0.314
02:01:37.079 [main] INFO  AV.VCU - speed(t-1)=  0 time(t-1)= 0.10001  speed(t)=  0 time(t)= 0.10001  Scenario  PARKED current logical time  158.0 current simulation time  0.316
02:01:37.168 [main] INFO  AV.VCU - speed(t-1)=  0 time(t-1)= 0.10001  speed(t)=  0 time(t)= 0.10001  Scenario  PARKED current logical time  159.0 current simulation time  0.318
02:01:37.219 [main] INFO  AV.VCU - speed(t-1)=  0 time(t-1)= 0.10001  speed(t)=  0 time(t)= 0.10001  Scenario  PARKED current logical time  160.0 current simulation time  0.32
02:01:37.528 [main] INFO  AV.VCU - ABS Speed : 61 ABS_Event_Status    : BIrdxWxTcA & current time is  162.0  message time is 161.2 case 1
02:01:37.609 [main] INFO  AV.VCU - speed(t-1)=  0 time(t-1)= 0.10001  speed(t)=  0 time(t)= 0.10001  Scenario  PARKED current logical time  163.0 current simulation time  0.326
02:01:37.613 [main] INFO  AV.VCU - ABS Speed : 61 ABS_Event_Status    : BIrdxWxTcA & current time is  163.0  message time is 161.2 case 1
02:01:37.671 [main] INFO  AV.VCU - speed(t-1)=  0 time(t-1)= 0.10001  speed(t)=  0 time(t)= 0.10001  Scenario  PARKED current logical time  164.0 current simulation time  0.328
02:01:37.831 [main] INFO  AV.VCU - speed(t-1)=  0 time(t-1)= 0.10001  speed(t)=  0 time(t)= 0.10001  Scenario  PARKED current logical time  167.0 current simulation time  0.334
02:01:37.886 [main] INFO  AV.VCU - speed(t-1)=  0 time(t-1)= 0.10001  speed(t)=  0 time(t)= 0.10001  Scenario  PARKED current logical time  168.0 current simulation time  0.336
02:01:38.352 [main] INFO  AV.VCU - speed(t-1)=  0 time(t-1)= 0.10001  speed(t)=  0 time(t)= 0.10001  Scenario  PARKED current logical time  171.0 current simulation time  0.342
02:01:38.406 [main] INFO  AV.VCU - speed(t-1)=  0 time(t-1)= 0.10001  speed(t)=  0 time(t)= 0.10001  Scenario  PARKED current logical time  172.0 current simulation time  0.34400000000000003
02:01:38.508 [main] INFO  AV.VCU - ABS Speed : 61 ABS_Event_Status    : HmYfecQQZi & current time is  174.0  message time is 173.2 case 3
02:01:38.555 [main] INFO  AV.VCU - speed(t-1)=  0 time(t-1)= 0.10001  speed(t)=  0 time(t)= 0.10001  Scenario  PARKED current logical time  175.0 current simulation time  0.35000000000000003
02:01:38.556 [main] INFO  AV.VCU - ABS Speed : 61 ABS_Event_Status    : HmYfecQQZi & current time is  175.0  message time is 173.2 case 3
02:01:38.606 [main] INFO  AV.VCU - speed(t-1)=  0 time(t-1)= 0.10001  speed(t)=  0 time(t)= 0.10001  Scenario  PARKED current logical time  176.0 current simulation time  0.352
02:01:38.664 [main] INFO  AV.VCU - speed(t-1)=  0 time(t-1)= 0.10001  speed(t)=  0 time(t)= 0.10001  Scenario  PARKED current logical time  177.0 current simulation time  0.354
02:01:38.725 [main] INFO  AV.VCU - speed(t-1)=  0 time(t-1)= 0.10001  speed(t)=  0 time(t)= 0.10001  Scenario  PARKED current logical time  178.0 current simulation time  0.356
02:01:38.782 [main] INFO  AV.VCU - speed(t-1)=  0 time(t-1)= 0.10001  speed(t)=  0 time(t)= 0.10001  Scenario  PARKED current logical time  179.0 current simulation time  0.358
02:01:38.837 [main] INFO  AV.VCU - speed(t-1)=  0 time(t-1)= 0.10001  speed(t)=  0 time(t)= 0.10001  Scenario  PARKED current logical time  180.0 current simulation time  0.36
02:01:38.951 [main] INFO  AV.VCU - ABS Speed : 72 ABS_Event_Status    : HmYfecQQZi & current time is  182.0  message time is 181.2 case 1
02:01:39.004 [main] INFO  AV.VCU - speed(t-1)=  0 time(t-1)= 0.10001  speed(t)=  0 time(t)= 0.10001  Scenario  PARKED current logical time  183.0 current simulation time  0.366
02:01:39.006 [main] INFO  AV.VCU - ABS Speed : 72 ABS_Event_Status    : HmYfecQQZi & current time is  183.0  message time is 181.2 case 1
02:01:39.062 [main] INFO  AV.VCU - speed(t-1)=  0 time(t-1)= 0.10001  speed(t)=  0 time(t)= 0.10001  Scenario  PARKED current logical time  184.0 current simulation time  0.368
02:01:39.280 [main] INFO  AV.VCU - speed(t-1)=  0 time(t-1)= 0.10001  speed(t)=  0 time(t)= 0.10001  Scenario  PARKED current logical time  187.0 current simulation time  0.374
02:01:39.344 [main] INFO  AV.VCU - speed(t-1)=  0 time(t-1)= 0.10001  speed(t)=  0 time(t)= 0.10001  Scenario  PARKED current logical time  188.0 current simulation time  0.376
02:01:39.505 [main] INFO  AV.VCU - speed(t-1)=  0 time(t-1)= 0.10001  speed(t)=  0 time(t)= 0.10001  Scenario  PARKED current logical time  191.0 current simulation time  0.382
02:01:39.557 [main] INFO  AV.VCU - speed(t-1)=  0 time(t-1)= 0.10001  speed(t)=  0 time(t)= 0.10001  Scenario  PARKED current logical time  192.0 current simulation time  0.384
02:01:39.731 [main] INFO  AV.VCU - ABS Speed : 72 ABS_Event_Status    : EIFDXkBlOE & current time is  194.0  message time is 193.2 case 3
02:01:39.789 [main] INFO  AV.VCU - speed(t-1)=  0 time(t-1)= 0.10001  speed(t)=  0 time(t)= 0.10001  Scenario  PARKED current logical time  195.0 current simulation time  0.39
02:01:39.789 [main] INFO  AV.VCU - ABS Speed : 72 ABS_Event_Status    : EIFDXkBlOE & current time is  195.0  message time is 193.2 case 3
02:01:39.818 [main] INFO  AV.VCU - speed(t-1)=  0 time(t-1)= 0.10001  speed(t)=  0 time(t)= 0.10001  Scenario  PARKED current logical time  196.0 current simulation time  0.392
02:01:39.847 [main] INFO  AV.VCU - speed(t-1)=  0 time(t-1)= 0.10001  speed(t)=  0 time(t)= 0.10001  Scenario  PARKED current logical time  197.0 current simulation time  0.394
02:01:39.887 [main] INFO  AV.VCU - speed(t-1)=  0 time(t-1)= 0.10001  speed(t)=  0 time(t)= 0.10001  Scenario  PARKED current logical time  198.0 current simulation time  0.396
02:01:39.906 [main] INFO  AV.VCU - speed(t-1)=  0 time(t-1)= 0.10001  speed(t)=  0 time(t)= 0.10001  Scenario  PARKED current logical time  199.0 current simulation time  0.398
02:01:39.996 [main] INFO  AV.VCU - speed(t-1)=  0 time(t-1)= 0.10001  speed(t)=  0 time(t)= 0.10001  Scenario  PARKED current logical time  200.0 current simulation time  0.4
02:01:40.113 [main] INFO  AV.VCU - ABS Speed : 63 ABS_Event_Status    : EIFDXkBlOE & current time is  202.0  message time is 201.2 case 1
02:01:40.170 [main] INFO  AV.VCU - speed(t-1)=  0 time(t-1)= 0.10001  speed(t)=  0 time(t)= 0.10001  Scenario  PARKED current logical time  203.0 current simulation time  0.406
02:01:40.171 [main] INFO  AV.VCU - ABS Speed : 63 ABS_Event_Status    : EIFDXkBlOE & current time is  203.0  message time is 201.2 case 1
02:01:40.230 [main] INFO  AV.VCU - speed(t-1)=  0 time(t-1)= 0.10001  speed(t)=  0 time(t)= 0.10001  Scenario  PARKED current logical time  204.0 current simulation time  0.40800000000000003
02:01:40.598 [main] INFO  AV.VCU - speed(t-1)=  0 time(t-1)= 0.10001  speed(t)=  0 time(t)= 0.10001  Scenario  PARKED current logical time  207.0 current simulation time  0.41400000000000003
02:01:40.649 [main] INFO  AV.VCU - speed(t-1)=  0 time(t-1)= 0.10001  speed(t)=  0 time(t)= 0.10001  Scenario  PARKED current logical time  208.0 current simulation time  0.41600000000000004
02:01:40.840 [main] INFO  AV.VCU - speed(t-1)=  0 time(t-1)= 0.10001  speed(t)=  0 time(t)= 0.10001  Scenario  PARKED current logical time  211.0 current simulation time  0.422
02:01:40.885 [main] INFO  AV.VCU - speed(t-1)=  0 time(t-1)= 0.10001  speed(t)=  0 time(t)= 0.10001  Scenario  PARKED current logical time  212.0 current simulation time  0.424
02:01:40.997 [main] INFO  AV.VCU - ABS Speed : 63 ABS_Event_Status    : mcqVENyQzo & current time is  214.0  message time is 213.2 case 3
02:01:41.055 [main] INFO  AV.VCU - speed(t-1)=  0 time(t-1)= 0.10001  speed(t)=  0 time(t)= 0.10001  Scenario  PARKED current logical time  215.0 current simulation time  0.43
02:01:41.056 [main] INFO  AV.VCU - ABS Speed : 63 ABS_Event_Status    : mcqVENyQzo & current time is  215.0  message time is 213.2 case 3
02:01:41.112 [main] INFO  AV.VCU - speed(t-1)=  0 time(t-1)= 0.10001  speed(t)=  0 time(t)= 0.10001  Scenario  PARKED current logical time  216.0 current simulation time  0.432
02:01:41.159 [main] INFO  AV.VCU - speed(t-1)=  0 time(t-1)= 0.10001  speed(t)=  0 time(t)= 0.10001  Scenario  PARKED current logical time  217.0 current simulation time  0.434
02:01:41.227 [main] INFO  AV.VCU - speed(t-1)=  0 time(t-1)= 0.10001  speed(t)=  0 time(t)= 0.10001  Scenario  PARKED current logical time  218.0 current simulation time  0.436
02:01:41.289 [main] INFO  AV.VCU - speed(t-1)=  0 time(t-1)= 0.10001  speed(t)=  0 time(t)= 0.10001  Scenario  PARKED current logical time  219.0 current simulation time  0.438
02:01:41.330 [main] INFO  AV.VCU - speed(t-1)=  0 time(t-1)= 0.10001  speed(t)=  0 time(t)= 0.10001  Scenario  PARKED current logical time  220.0 current simulation time  0.44
02:01:41.453 [main] INFO  AV.VCU - ABS Speed : 79 ABS_Event_Status    : mcqVENyQzo & current time is  222.0  message time is 221.2 case 1
02:01:41.510 [main] INFO  AV.VCU - speed(t-1)=  0 time(t-1)= 0.10001  speed(t)=  0 time(t)= 0.10001  Scenario  PARKED current logical time  223.0 current simulation time  0.446
02:01:41.511 [main] INFO  AV.VCU - ABS Speed : 79 ABS_Event_Status    : mcqVENyQzo & current time is  223.0  message time is 221.2 case 1
02:01:41.556 [main] INFO  AV.VCU - speed(t-1)=  0 time(t-1)= 0.10001  speed(t)=  0 time(t)= 0.10001  Scenario  PARKED current logical time  224.0 current simulation time  0.448
02:01:41.713 [main] INFO  AV.VCU - speed(t-1)=  0 time(t-1)= 0.10001  speed(t)=  0 time(t)= 0.10001  Scenario  PARKED current logical time  227.0 current simulation time  0.454
02:01:41.771 [main] INFO  AV.VCU - speed(t-1)=  0 time(t-1)= 0.10001  speed(t)=  0 time(t)= 0.10001  Scenario  PARKED current logical time  228.0 current simulation time  0.456
02:01:41.917 [main] INFO  AV.VCU - speed(t-1)=  0 time(t-1)= 0.10001  speed(t)=  0 time(t)= 0.10001  Scenario  PARKED current logical time  231.0 current simulation time  0.462
02:01:41.975 [main] INFO  AV.VCU - speed(t-1)=  0 time(t-1)= 0.10001  speed(t)=  0 time(t)= 0.10001  Scenario  PARKED current logical time  232.0 current simulation time  0.464
02:01:42.316 [main] INFO  AV.VCU - ABS Speed : 79 ABS_Event_Status    : XBWUwXXaAx & current time is  234.0  message time is 233.2 case 3
02:01:42.369 [main] INFO  AV.VCU - speed(t-1)=  0 time(t-1)= 0.10001  speed(t)=  0 time(t)= 0.10001  Scenario  PARKED current logical time  235.0 current simulation time  0.47000000000000003
02:01:42.369 [main] INFO  AV.VCU - ABS Speed : 79 ABS_Event_Status    : XBWUwXXaAx & current time is  235.0  message time is 233.2 case 3
02:01:42.405 [main] INFO  AV.VCU - speed(t-1)=  0 time(t-1)= 0.10001  speed(t)=  0 time(t)= 0.10001  Scenario  PARKED current logical time  236.0 current simulation time  0.47200000000000003
02:01:42.472 [main] INFO  AV.VCU - speed(t-1)=  0 time(t-1)= 0.10001  speed(t)=  0 time(t)= 0.10001  Scenario  PARKED current logical time  237.0 current simulation time  0.47400000000000003
02:01:42.535 [main] INFO  AV.VCU - speed(t-1)=  0 time(t-1)= 0.10001  speed(t)=  0 time(t)= 0.10001  Scenario  PARKED current logical time  238.0 current simulation time  0.47600000000000003
02:01:42.595 [main] INFO  AV.VCU - speed(t-1)=  0 time(t-1)= 0.10001  speed(t)=  0 time(t)= 0.10001  Scenario  PARKED current logical time  239.0 current simulation time  0.47800000000000004
02:01:42.653 [main] INFO  AV.VCU - speed(t-1)=  0 time(t-1)= 0.10001  speed(t)=  0 time(t)= 0.10001  Scenario  PARKED current logical time  240.0 current simulation time  0.48
02:01:42.771 [main] INFO  AV.VCU - ABS Speed : 57 ABS_Event_Status    : XBWUwXXaAx & current time is  242.0  message time is 241.2 case 1
02:01:42.818 [main] INFO  AV.VCU - speed(t-1)=  0 time(t-1)= 0.10001  speed(t)=  0 time(t)= 0.10001  Scenario  PARKED current logical time  243.0 current simulation time  0.486
02:01:42.818 [main] INFO  AV.VCU - ABS Speed : 57 ABS_Event_Status    : XBWUwXXaAx & current time is  243.0  message time is 241.2 case 1
02:01:42.876 [main] INFO  AV.VCU - speed(t-1)=  0 time(t-1)= 0.10001  speed(t)=  0 time(t)= 0.10001  Scenario  PARKED current logical time  244.0 current simulation time  0.488
02:01:43.033 [main] INFO  AV.VCU - speed(t-1)=  0 time(t-1)= 0.10001  speed(t)=  0 time(t)= 0.10001  Scenario  PARKED current logical time  247.0 current simulation time  0.494
02:01:43.097 [main] INFO  AV.VCU - speed(t-1)=  0 time(t-1)= 0.10001  speed(t)=  0 time(t)= 0.10001  Scenario  PARKED current logical time  248.0 current simulation time  0.496
02:01:43.250 [main] INFO  AV.VCU - speed(t-1)=  0 time(t-1)= 0.10001  speed(t)=  0 time(t)= 0.10001  Scenario  PARKED current logical time  251.0 current simulation time  0.502
02:01:43.337 [main] INFO  AV.VCU - speed(t-1)=  0 time(t-1)= 0.10001  speed(t)=  0 time(t)= 0.10001  Scenario  PARKED current logical time  252.0 current simulation time  0.504
02:01:43.517 [main] INFO  AV.VCU - ABS Speed : 57 ABS_Event_Status    : VqFXbrHDlW & current time is  254.0  message time is 253.2 case 3
02:01:43.602 [main] INFO  AV.VCU - speed(t-1)=  0 time(t-1)= 0.10001  speed(t)=  0 time(t)= 0.10001  Scenario  PARKED current logical time  255.0 current simulation time  0.51
02:01:43.607 [main] INFO  AV.VCU - ABS Speed : 57 ABS_Event_Status    : VqFXbrHDlW & current time is  255.0  message time is 253.2 case 3
02:01:43.655 [main] INFO  AV.VCU - speed(t-1)=  0 time(t-1)= 0.10001  speed(t)=  0 time(t)= 0.10001  Scenario  PARKED current logical time  256.0 current simulation time  0.512
02:01:43.701 [main] INFO  AV.VCU - speed(t-1)=  0 time(t-1)= 0.10001  speed(t)=  0 time(t)= 0.10001  Scenario  PARKED current logical time  257.0 current simulation time  0.514
02:01:43.768 [main] INFO  AV.VCU - speed(t-1)=  0 time(t-1)= 0.10001  speed(t)=  0 time(t)= 0.10001  Scenario  PARKED current logical time  258.0 current simulation time  0.516
02:01:43.798 [main] INFO  AV.VCU - speed(t-1)=  0 time(t-1)= 0.10001  speed(t)=  0 time(t)= 0.10001  Scenario  PARKED current logical time  259.0 current simulation time  0.518
02:01:43.875 [main] INFO  AV.VCU - speed(t-1)=  0 time(t-1)= 0.10001  speed(t)=  0 time(t)= 0.10001  Scenario  PARKED current logical time  260.0 current simulation time  0.52
02:01:43.971 [main] INFO  AV.VCU - ABS Speed : 82 ABS_Event_Status    : VqFXbrHDlW & current time is  262.0  message time is 261.2 case 1
02:01:44.016 [main] INFO  AV.VCU - speed(t-1)=  0 time(t-1)= 0.10001  speed(t)=  0 time(t)= 0.10001  Scenario  PARKED current logical time  263.0 current simulation time  0.526
02:01:44.017 [main] INFO  AV.VCU - ABS Speed : 82 ABS_Event_Status    : VqFXbrHDlW & current time is  263.0  message time is 261.2 case 1
02:01:44.077 [main] INFO  AV.VCU - speed(t-1)=  0 time(t-1)= 0.10001  speed(t)=  0 time(t)= 0.10001  Scenario  PARKED current logical time  264.0 current simulation time  0.528
02:01:44.229 [main] INFO  AV.VCU - speed(t-1)=  0 time(t-1)= 0.10001  speed(t)=  0 time(t)= 0.10001  Scenario  PARKED current logical time  267.0 current simulation time  0.534
02:01:44.292 [main] INFO  AV.VCU - speed(t-1)=  0 time(t-1)= 0.10001  speed(t)=  0 time(t)= 0.10001  Scenario  PARKED current logical time  268.0 current simulation time  0.536
02:01:44.451 [main] INFO  AV.VCU - speed(t-1)=  0 time(t-1)= 0.10001  speed(t)=  0 time(t)= 0.10001  Scenario  PARKED current logical time  271.0 current simulation time  0.542
02:01:44.491 [main] INFO  AV.VCU - speed(t-1)=  0 time(t-1)= 0.10001  speed(t)=  0 time(t)= 0.10001  Scenario  PARKED current logical time  272.0 current simulation time  0.544
02:01:44.594 [main] INFO  AV.VCU - ABS Speed : 82 ABS_Event_Status    : UWjajBSuHy & current time is  274.0  message time is 273.2 case 3
02:01:44.651 [main] INFO  AV.VCU - speed(t-1)=  0 time(t-1)= 0.10001  speed(t)=  0 time(t)= 0.10001  Scenario  PARKED current logical time  275.0 current simulation time  0.55
02:01:44.652 [main] INFO  AV.VCU - ABS Speed : 82 ABS_Event_Status    : UWjajBSuHy & current time is  275.0  message time is 273.2 case 3
02:01:44.694 [main] INFO  AV.VCU - speed(t-1)=  0 time(t-1)= 0.10001  speed(t)=  0 time(t)= 0.10001  Scenario  PARKED current logical time  276.0 current simulation time  0.552
02:01:44.741 [main] INFO  AV.VCU - speed(t-1)=  0 time(t-1)= 0.10001  speed(t)=  0 time(t)= 0.10001  Scenario  PARKED current logical time  277.0 current simulation time  0.554
02:01:44.822 [main] INFO  AV.VCU - speed(t-1)=  0 time(t-1)= 0.10001  speed(t)=  0 time(t)= 0.10001  Scenario  PARKED current logical time  278.0 current simulation time  0.556
02:01:44.876 [main] INFO  AV.VCU - speed(t-1)=  0 time(t-1)= 0.10001  speed(t)=  0 time(t)= 0.10001  Scenario  PARKED current logical time  279.0 current simulation time  0.558
02:01:44.925 [main] INFO  AV.VCU - speed(t-1)=  0 time(t-1)= 0.10001  speed(t)=  0 time(t)= 0.10001  Scenario  PARKED current logical time  280.0 current simulation time  0.56
02:01:45.025 [main] INFO  AV.VCU - ABS Speed : 83 ABS_Event_Status    : UWjajBSuHy & current time is  282.0  message time is 281.2 case 1
02:01:45.076 [main] INFO  AV.VCU - speed(t-1)=  0 time(t-1)= 0.10001  speed(t)=  0 time(t)= 0.10001  Scenario  PARKED current logical time  283.0 current simulation time  0.5660000000000001
02:01:45.076 [main] INFO  AV.VCU - ABS Speed : 83 ABS_Event_Status    : UWjajBSuHy & current time is  283.0  message time is 281.2 case 1
02:01:45.108 [main] INFO  AV.VCU - speed(t-1)=  0 time(t-1)= 0.10001  speed(t)=  0 time(t)= 0.10001  Scenario  PARKED current logical time  284.0 current simulation time  0.5680000000000001
02:01:45.235 [main] INFO  AV.VCU - speed(t-1)=  0 time(t-1)= 0.10001  speed(t)=  0 time(t)= 0.10001  Scenario  PARKED current logical time  287.0 current simulation time  0.5740000000000001
02:01:45.290 [main] INFO  AV.VCU - speed(t-1)=  0 time(t-1)= 0.10001  speed(t)=  0 time(t)= 0.10001  Scenario  PARKED current logical time  288.0 current simulation time  0.5760000000000001
02:01:45.459 [main] INFO  AV.VCU - speed(t-1)=  0 time(t-1)= 0.10001  speed(t)=  0 time(t)= 0.10001  Scenario  PARKED current logical time  291.0 current simulation time  0.582
02:01:45.519 [main] INFO  AV.VCU - speed(t-1)=  0 time(t-1)= 0.10001  speed(t)=  0 time(t)= 0.10001  Scenario  PARKED current logical time  292.0 current simulation time  0.584
02:01:45.621 [main] INFO  AV.VCU - ABS Speed : 83 ABS_Event_Status    : BnDGRrWkbM & current time is  294.0  message time is 293.2 case 3
02:01:45.673 [main] INFO  AV.VCU - speed(t-1)=  0 time(t-1)= 0.10001  speed(t)=  0 time(t)= 0.10001  Scenario  PARKED current logical time  295.0 current simulation time  0.59
02:01:45.674 [main] INFO  AV.VCU - ABS Speed : 83 ABS_Event_Status    : BnDGRrWkbM & current time is  295.0  message time is 293.2 case 3
02:01:45.709 [main] INFO  AV.VCU - speed(t-1)=  0 time(t-1)= 0.10001  speed(t)=  0 time(t)= 0.10001  Scenario  PARKED current logical time  296.0 current simulation time  0.592
02:01:45.776 [main] INFO  AV.VCU - speed(t-1)=  0 time(t-1)= 0.10001  speed(t)=  0 time(t)= 0.10001  Scenario  PARKED current logical time  297.0 current simulation time  0.594
02:01:45.799 [main] INFO  AV.VCU - speed(t-1)=  0 time(t-1)= 0.10001  speed(t)=  0 time(t)= 0.10001  Scenario  PARKED current logical time  298.0 current simulation time  0.596
02:01:45.896 [main] INFO  AV.VCU - speed(t-1)=  0 time(t-1)= 0.10001  speed(t)=  0 time(t)= 0.10001  Scenario  PARKED current logical time  299.0 current simulation time  0.598
02:01:45.945 [main] INFO  AV.VCU - speed(t-1)=  0 time(t-1)= 0.10001  speed(t)=  0 time(t)= 0.10001  Scenario  PARKED current logical time  300.0 current simulation time  0.6
02:01:46.052 [main] INFO  AV.VCU - ABS Speed : 82 ABS_Event_Status    : BnDGRrWkbM & current time is  302.0  message time is 301.2 case 1
02:01:46.109 [main] INFO  AV.VCU - speed(t-1)=  0 time(t-1)= 0.10001  speed(t)=  0 time(t)= 0.10001  Scenario  PARKED current logical time  303.0 current simulation time  0.606
02:01:46.116 [main] INFO  AV.VCU - ABS Speed : 82 ABS_Event_Status    : BnDGRrWkbM & current time is  303.0  message time is 301.2 case 1
02:01:46.166 [main] INFO  AV.VCU - speed(t-1)=  0 time(t-1)= 0.10001  speed(t)=  0 time(t)= 0.10001  Scenario  PARKED current logical time  304.0 current simulation time  0.608
02:01:46.304 [main] INFO  AV.VCU - speed(t-1)=  0 time(t-1)= 0.10001  speed(t)=  0 time(t)= 0.10001  Scenario  PARKED current logical time  307.0 current simulation time  0.614
02:01:46.360 [main] INFO  AV.VCU - speed(t-1)=  0 time(t-1)= 0.10001  speed(t)=  0 time(t)= 0.10001  Scenario  PARKED current logical time  308.0 current simulation time  0.616
02:01:46.495 [main] INFO  AV.VCU - speed(t-1)=  0 time(t-1)= 0.10001  speed(t)=  0 time(t)= 0.10001  Scenario  PARKED current logical time  311.0 current simulation time  0.622
02:01:46.524 [main] INFO  AV.VCU - speed(t-1)=  0 time(t-1)= 0.10001  speed(t)=  0 time(t)= 0.10001  Scenario  PARKED current logical time  312.0 current simulation time  0.624
02:01:46.642 [main] INFO  AV.VCU - ABS Speed : 82 ABS_Event_Status    : WRadtUUWNx & current time is  314.0  message time is 313.2 case 3
02:01:46.703 [main] INFO  AV.VCU - speed(t-1)=  0 time(t-1)= 0.10001  speed(t)=  0 time(t)= 0.10001  Scenario  PARKED current logical time  315.0 current simulation time  0.63
02:01:46.705 [main] INFO  AV.VCU - ABS Speed : 82 ABS_Event_Status    : WRadtUUWNx & current time is  315.0  message time is 313.2 case 3
02:01:46.733 [main] INFO  AV.VCU - speed(t-1)=  0 time(t-1)= 0.10001  speed(t)=  0 time(t)= 0.10001  Scenario  PARKED current logical time  316.0 current simulation time  0.632
02:01:46.808 [main] INFO  AV.VCU - speed(t-1)=  0 time(t-1)= 0.10001  speed(t)=  0 time(t)= 0.10001  Scenario  PARKED current logical time  317.0 current simulation time  0.634
02:01:46.844 [main] INFO  AV.VCU - speed(t-1)=  0 time(t-1)= 0.10001  speed(t)=  0 time(t)= 0.10001  Scenario  PARKED current logical time  318.0 current simulation time  0.636
02:01:46.923 [main] INFO  AV.VCU - speed(t-1)=  0 time(t-1)= 0.10001  speed(t)=  0 time(t)= 0.10001  Scenario  PARKED current logical time  319.0 current simulation time  0.638
02:01:46.982 [main] INFO  AV.VCU - speed(t-1)=  0 time(t-1)= 0.10001  speed(t)=  0 time(t)= 0.10001  Scenario  PARKED current logical time  320.0 current simulation time  0.64
02:01:47.097 [main] INFO  AV.VCU - ABS Speed : 83 ABS_Event_Status    : WRadtUUWNx & current time is  322.0  message time is 321.2 case 1
02:01:47.148 [main] INFO  AV.VCU - speed(t-1)=  0 time(t-1)= 0.10001  speed(t)=  0 time(t)= 0.10001  Scenario  PARKED current logical time  323.0 current simulation time  0.646
02:01:47.149 [main] INFO  AV.VCU - ABS Speed : 83 ABS_Event_Status    : WRadtUUWNx & current time is  323.0  message time is 321.2 case 1
02:01:47.205 [main] INFO  AV.VCU - speed(t-1)=  0 time(t-1)= 0.10001  speed(t)=  0 time(t)= 0.10001  Scenario  PARKED current logical time  324.0 current simulation time  0.648
02:01:47.383 [main] INFO  AV.VCU - speed(t-1)=  0 time(t-1)= 0.10001  speed(t)=  0 time(t)= 0.10001  Scenario  PARKED current logical time  327.0 current simulation time  0.654
02:01:47.404 [main] INFO  AV.VCU - speed(t-1)=  0 time(t-1)= 0.10001  speed(t)=  0 time(t)= 0.10001  Scenario  PARKED current logical time  328.0 current simulation time  0.656
02:01:47.544 [main] INFO  AV.VCU - speed(t-1)=  0 time(t-1)= 0.10001  speed(t)=  0 time(t)= 0.10001  Scenario  PARKED current logical time  331.0 current simulation time  0.662
02:01:47.602 [main] INFO  AV.VCU - speed(t-1)=  0 time(t-1)= 0.10001  speed(t)=  0 time(t)= 0.10001  Scenario  PARKED current logical time  332.0 current simulation time  0.664
02:01:47.706 [main] INFO  AV.VCU - ABS Speed : 83 ABS_Event_Status    : TnJIRijFVx & current time is  334.0  message time is 333.2 case 3
02:01:47.764 [main] INFO  AV.VCU - speed(t-1)=  0 time(t-1)= 0.10001  speed(t)=  0 time(t)= 0.10001  Scenario  PARKED current logical time  335.0 current simulation time  0.67
02:01:47.764 [main] INFO  AV.VCU - ABS Speed : 83 ABS_Event_Status    : TnJIRijFVx & current time is  335.0  message time is 333.2 case 3
02:01:47.811 [main] INFO  AV.VCU - speed(t-1)=  0 time(t-1)= 0.10001  speed(t)=  0 time(t)= 0.10001  Scenario  PARKED current logical time  336.0 current simulation time  0.672
02:01:47.875 [main] INFO  AV.VCU - speed(t-1)=  0 time(t-1)= 0.10001  speed(t)=  0 time(t)= 0.10001  Scenario  PARKED current logical time  337.0 current simulation time  0.674
02:01:47.934 [main] INFO  AV.VCU - speed(t-1)=  0 time(t-1)= 0.10001  speed(t)=  0 time(t)= 0.10001  Scenario  PARKED current logical time  338.0 current simulation time  0.676
02:01:47.981 [main] INFO  AV.VCU - speed(t-1)=  0 time(t-1)= 0.10001  speed(t)=  0 time(t)= 0.10001  Scenario  PARKED current logical time  339.0 current simulation time  0.678
02:01:48.039 [main] INFO  AV.VCU - speed(t-1)=  0 time(t-1)= 0.10001  speed(t)=  0 time(t)= 0.10001  Scenario  PARKED current logical time  340.0 current simulation time  0.68
02:01:48.159 [main] INFO  AV.VCU - ABS Speed : 74 ABS_Event_Status    : TnJIRijFVx & current time is  342.0  message time is 341.2 case 1
02:01:48.203 [main] INFO  AV.VCU - speed(t-1)=  0 time(t-1)= 0.10001  speed(t)=  0 time(t)= 0.10001  Scenario  PARKED current logical time  343.0 current simulation time  0.686
02:01:48.203 [main] INFO  AV.VCU - ABS Speed : 74 ABS_Event_Status    : TnJIRijFVx & current time is  343.0  message time is 341.2 case 1
02:01:48.252 [main] INFO  AV.VCU - speed(t-1)=  0 time(t-1)= 0.10001  speed(t)=  0 time(t)= 0.10001  Scenario  PARKED current logical time  344.0 current simulation time  0.6880000000000001
02:01:48.417 [main] INFO  AV.VCU - speed(t-1)=  0 time(t-1)= 0.10001  speed(t)=  0 time(t)= 0.10001  Scenario  PARKED current logical time  347.0 current simulation time  0.6940000000000001
02:01:48.490 [main] INFO  AV.VCU - speed(t-1)=  0 time(t-1)= 0.10001  speed(t)=  0 time(t)= 0.10001  Scenario  PARKED current logical time  348.0 current simulation time  0.6960000000000001
02:01:48.660 [main] INFO  AV.VCU - speed(t-1)=  0 time(t-1)= 0.10001  speed(t)=  0 time(t)= 0.10001  Scenario  PARKED current logical time  351.0 current simulation time  0.7020000000000001
02:01:48.702 [main] INFO  AV.VCU - speed(t-1)=  0 time(t-1)= 0.10001  speed(t)=  0 time(t)= 0.10001  Scenario  PARKED current logical time  352.0 current simulation time  0.704
02:01:48.833 [main] INFO  AV.VCU - ABS Speed : 74 ABS_Event_Status    : nRSTLsZuKM & current time is  354.0  message time is 353.2 case 3
02:01:48.888 [main] INFO  AV.VCU - speed(t-1)=  0 time(t-1)= 0.10001  speed(t)=  0 time(t)= 0.10001  Scenario  PARKED current logical time  355.0 current simulation time  0.71
02:01:48.888 [main] INFO  AV.VCU - ABS Speed : 74 ABS_Event_Status    : nRSTLsZuKM & current time is  355.0  message time is 353.2 case 3
02:01:48.938 [main] INFO  AV.VCU - speed(t-1)=  0 time(t-1)= 0.10001  speed(t)=  0 time(t)= 0.10001  Scenario  PARKED current logical time  356.0 current simulation time  0.712
02:01:49.001 [main] INFO  AV.VCU - speed(t-1)=  0 time(t-1)= 0.10001  speed(t)=  0 time(t)= 0.10001  Scenario  PARKED current logical time  357.0 current simulation time  0.714
02:01:49.066 [main] INFO  AV.VCU - speed(t-1)=  0 time(t-1)= 0.10001  speed(t)=  0 time(t)= 0.10001  Scenario  PARKED current logical time  358.0 current simulation time  0.716
02:01:49.119 [main] INFO  AV.VCU - speed(t-1)=  0 time(t-1)= 0.10001  speed(t)=  0 time(t)= 0.10001  Scenario  PARKED current logical time  359.0 current simulation time  0.718
02:01:49.180 [main] INFO  AV.VCU - speed(t-1)=  0 time(t-1)= 0.10001  speed(t)=  0 time(t)= 0.10001  Scenario  PARKED current logical time  360.0 current simulation time  0.72
02:01:49.296 [main] INFO  AV.VCU - ABS Speed : 72 ABS_Event_Status    : nRSTLsZuKM & current time is  362.0  message time is 361.2 case 1
02:01:49.349 [main] INFO  AV.VCU - speed(t-1)=  0 time(t-1)= 0.10001  speed(t)=  0 time(t)= 0.10001  Scenario  PARKED current logical time  363.0 current simulation time  0.726
02:01:49.350 [main] INFO  AV.VCU - ABS Speed : 72 ABS_Event_Status    : nRSTLsZuKM & current time is  363.0  message time is 361.2 case 1
02:01:49.397 [main] INFO  AV.VCU - speed(t-1)=  0 time(t-1)= 0.10001  speed(t)=  0 time(t)= 0.10001  Scenario  PARKED current logical time  364.0 current simulation time  0.728
02:01:49.562 [main] INFO  AV.VCU - speed(t-1)=  0 time(t-1)= 0.10001  speed(t)=  0 time(t)= 0.10001  Scenario  PARKED current logical time  367.0 current simulation time  0.734
02:01:49.600 [main] INFO  AV.VCU - speed(t-1)=  0 time(t-1)= 0.10001  speed(t)=  0 time(t)= 0.10001  Scenario  PARKED current logical time  368.0 current simulation time  0.736
02:01:49.766 [main] INFO  AV.VCU - speed(t-1)=  0 time(t-1)= 0.10001  speed(t)=  0 time(t)= 0.10001  Scenario  PARKED current logical time  371.0 current simulation time  0.742
02:01:49.803 [main] INFO  AV.VCU - speed(t-1)=  0 time(t-1)= 0.10001  speed(t)=  0 time(t)= 0.10001  Scenario  PARKED current logical time  372.0 current simulation time  0.744
02:01:49.922 [main] INFO  AV.VCU - ABS Speed : 72 ABS_Event_Status    : AaQLsmFdzf & current time is  374.0  message time is 373.2 case 3
02:01:49.972 [main] INFO  AV.VCU - speed(t-1)=  0 time(t-1)= 0.10001  speed(t)=  0 time(t)= 0.10001  Scenario  PARKED current logical time  375.0 current simulation time  0.75
02:01:49.972 [main] INFO  AV.VCU - ABS Speed : 72 ABS_Event_Status    : AaQLsmFdzf & current time is  375.0  message time is 373.2 case 3
02:01:50.048 [main] INFO  AV.VCU - speed(t-1)=  0 time(t-1)= 0.10001  speed(t)=  0 time(t)= 0.10001  Scenario  PARKED current logical time  376.0 current simulation time  0.752
02:01:50.107 [main] INFO  AV.VCU - speed(t-1)=  0 time(t-1)= 0.10001  speed(t)=  0 time(t)= 0.10001  Scenario  PARKED current logical time  377.0 current simulation time  0.754
02:01:50.161 [main] INFO  AV.VCU - speed(t-1)=  0 time(t-1)= 0.10001  speed(t)=  0 time(t)= 0.10001  Scenario  PARKED current logical time  378.0 current simulation time  0.756
02:01:50.242 [main] INFO  AV.VCU - speed(t-1)=  0 time(t-1)= 0.10001  speed(t)=  0 time(t)= 0.10001  Scenario  PARKED current logical time  379.0 current simulation time  0.758
02:01:50.288 [main] INFO  AV.VCU - speed(t-1)=  0 time(t-1)= 0.10001  speed(t)=  0 time(t)= 0.10001  Scenario  PARKED current logical time  380.0 current simulation time  0.76
02:01:50.396 [main] INFO  AV.VCU - ABS Speed : 63 ABS_Event_Status    : AaQLsmFdzf & current time is  382.0  message time is 381.2 case 1
02:01:50.463 [main] INFO  AV.VCU - speed(t-1)=  0 time(t-1)= 0.10001  speed(t)=  0 time(t)= 0.10001  Scenario  PARKED current logical time  383.0 current simulation time  0.766
02:01:50.463 [main] INFO  AV.VCU - ABS Speed : 63 ABS_Event_Status    : AaQLsmFdzf & current time is  383.0  message time is 381.2 case 1
02:01:50.517 [main] INFO  AV.VCU - speed(t-1)=  0 time(t-1)= 0.10001  speed(t)=  0 time(t)= 0.10001  Scenario  PARKED current logical time  384.0 current simulation time  0.768
02:01:50.667 [main] INFO  AV.VCU - speed(t-1)=  0 time(t-1)= 0.10001  speed(t)=  0 time(t)= 0.10001  Scenario  PARKED current logical time  387.0 current simulation time  0.774
02:01:50.731 [main] INFO  AV.VCU - speed(t-1)=  0 time(t-1)= 0.10001  speed(t)=  0 time(t)= 0.10001  Scenario  PARKED current logical time  388.0 current simulation time  0.776
02:01:50.872 [main] INFO  AV.VCU - speed(t-1)=  0 time(t-1)= 0.10001  speed(t)=  0 time(t)= 0.10001  Scenario  PARKED current logical time  391.0 current simulation time  0.782
02:01:50.926 [main] INFO  AV.VCU - speed(t-1)=  0 time(t-1)= 0.10001  speed(t)=  0 time(t)= 0.10001  Scenario  PARKED current logical time  392.0 current simulation time  0.784
02:01:51.031 [main] INFO  AV.VCU - ABS Speed : 63 ABS_Event_Status    : mKPkwjjduh & current time is  394.0  message time is 393.2 case 3
02:01:51.072 [main] INFO  AV.VCU - speed(t-1)=  0 time(t-1)= 0.10001  speed(t)=  0 time(t)= 0.10001  Scenario  PARKED current logical time  395.0 current simulation time  0.79
02:01:51.072 [main] INFO  AV.VCU - ABS Speed : 63 ABS_Event_Status    : mKPkwjjduh & current time is  395.0  message time is 393.2 case 3
02:01:51.142 [main] INFO  AV.VCU - speed(t-1)=  0 time(t-1)= 0.10001  speed(t)=  0 time(t)= 0.10001  Scenario  PARKED current logical time  396.0 current simulation time  0.792
02:01:51.191 [main] INFO  AV.VCU - speed(t-1)=  0 time(t-1)= 0.10001  speed(t)=  0 time(t)= 0.10001  Scenario  PARKED current logical time  397.0 current simulation time  0.794
02:01:51.255 [main] INFO  AV.VCU - speed(t-1)=  0 time(t-1)= 0.10001  speed(t)=  0 time(t)= 0.10001  Scenario  PARKED current logical time  398.0 current simulation time  0.796
02:01:51.302 [main] INFO  AV.VCU - speed(t-1)=  0 time(t-1)= 0.10001  speed(t)=  0 time(t)= 0.10001  Scenario  PARKED current logical time  399.0 current simulation time  0.798
02:01:51.350 [main] INFO  AV.VCU - speed(t-1)=  0 time(t-1)= 0.10001  speed(t)=  0 time(t)= 0.10001  Scenario  PARKED current logical time  400.0 current simulation time  0.8
02:01:51.466 [main] INFO  AV.VCU - ABS Speed : 51 ABS_Event_Status    : mKPkwjjduh & current time is  402.0  message time is 401.2 case 1
02:01:51.523 [main] INFO  AV.VCU - speed(t-1)=  0 time(t-1)= 0.10001  speed(t)=  0 time(t)= 0.10001  Scenario  PARKED current logical time  403.0 current simulation time  0.806
02:01:51.524 [main] INFO  AV.VCU - ABS Speed : 51 ABS_Event_Status    : mKPkwjjduh & current time is  403.0  message time is 401.2 case 1
02:01:51.580 [main] INFO  AV.VCU - speed(t-1)=  0 time(t-1)= 0.10001  speed(t)=  0 time(t)= 0.10001  Scenario  PARKED current logical time  404.0 current simulation time  0.808
02:01:51.737 [main] INFO  AV.VCU - speed(t-1)=  0 time(t-1)= 0.10001  speed(t)=  0 time(t)= 0.10001  Scenario  PARKED current logical time  407.0 current simulation time  0.8140000000000001
02:01:51.836 [main] INFO  org.cpswt.hla.SynchronizedFederate - VCU-cae82896-f439-4779-b4cb-08443d3b0186: SimEnd interaction received, exiting...
02:01:51.836 [main] INFO  org.cpswt.hla.SynchronizedFederate - Exiting gracefully ....
02:01:56.980 [main] INFO  AV.VCU - Done.
