
-------------------------------------------------------------------
GMS: address=vagrant-58714, cluster=AV, physical address=10.0.2.15:55719
-------------------------------------------------------------------
01:07:22.296 [main] INFO  AV.VCU - waiting on readyToRun...
01:07:22.553 [main] INFO  AV.VCU - ...synchronized on readyToRun
01:07:22.558 [main] INFO  AV.VCU - started logical time progression
speed0 time 2.0
speed1999 time 12.0
speed1998 time 22.0
speed1997 time 32.0
speed1996 time 42.0
speed1995 time 52.0
speed1994 time 62.0
speed1993 time 72.0
speed1992 time 82.0
speed1991 time 92.0
speed1990 time 102.0
speed1989 time 112.0
speed1988 time 122.0
speed1987 time 132.0
speed1986 time 142.0
speed1985 time 152.0
speed1984 time 162.0
speed1983 time 172.0
speed1982 time 182.0
speed1981 time 192.0
speed1980 time 202.0
speed1979 time 212.0
speed1978 time 222.0
speed1977 time 232.0
speed1976 time 242.0
speed1975 time 252.0
speed1974 time 262.0
speed1973 time 272.0
speed1972 time 282.0
speed1971 time 292.0
speed1970 time 302.0
speed1969 time 312.0
speed1968 time 322.0
speed1967 time 332.0
speed1966 time 342.0
speed1965 time 352.0
speed1964 time 362.0
speed1963 time 372.0
speed1962 time 382.0
speed1961 time 392.0
speed1960 time 402.0
speed1959 time 412.0
speed1958 time 422.0
speed1957 time 432.0
speed1956 time 442.0
speed1955 time 452.0
speed1954 time 462.0
speed1953 time 472.0
speed1952 time 482.0
speed1951 time 492.0
speed1950 time 502.0
speed1949 time 512.0
speed1948 time 522.0
speed1947 time 532.0
speed1946 time 542.0
speed1945 time 552.0
speed1944 time 562.0
speed1943 time 572.0
speed1942 time 582.0
speed1941 time 592.0
speed1940 time 602.0
speed1939 time 612.0
speed1938 time 622.0
speed1937 time 632.0
speed1936 time 642.0
speed1935 time 652.0
speed1934 time 662.0
speed1933 time 672.0
speed1932 time 682.0
speed1931 time 692.0
speed1930 time 702.0
speed1929 time 712.0
speed1928 time 722.0
speed1927 time 732.0
speed1926 time 742.0
speed1925 time 752.0
speed1924 time 762.0
speed1923 time 772.0
speed1922 time 782.0
speed1921 time 792.0
speed1920 time 802.0
speed1919 time 812.0
speed1918 time 822.0
speed1917 time 832.0
speed1916 time 842.0
speed1915 time 852.0
speed1914 time 862.0
speed1913 time 872.0
speed1912 time 882.0
speed1911 time 892.0
speed1910 time 902.0
speed1909 time 912.0
speed1908 time 922.0
speed1907 time 932.0
speed1906 time 942.0
speed1905 time 952.0
speed1904 time 962.0
speed1903 time 972.0
speed1902 time 982.0
speed1901 time 992.0
speed1900 time 1002.0
speed1899 time 1012.0
speed1898 time 1022.0
speed1897 time 1032.0
speed1896 time 1042.0
speed1895 time 1052.0
speed1894 time 1062.0
speed1893 time 1072.0
speed1892 time 1082.0
speed1891 time 1092.0
speed1890 time 1102.0
speed1889 time 1112.0
speed1888 time 1122.0
speed1887 time 1132.0
speed1886 time 1142.0
speed1885 time 1152.0
speed1884 time 1162.0
speed1883 time 1172.0
speed1882 time 1182.0
speed1881 time 1192.0
speed1880 time 1202.0
speed1879 time 1212.0
speed1878 time 1222.0
speed1877 time 1232.0
speed1876 time 1242.0
speed1875 time 1252.0
speed1874 time 1262.0
speed1873 time 1272.0
speed1872 time 1282.0
speed1871 time 1292.0
speed1870 time 1302.0
speed1869 time 1312.0
speed1868 time 1322.0
speed1867 time 1332.0
speed1866 time 1342.0
