
-------------------------------------------------------------------
GMS: address=vagrant-13876, cluster=AV, physical address=10.0.2.15:32947
-------------------------------------------------------------------
01:01:46.274 [main] INFO  AV.VCU - waiting on readyToRun...
01:01:46.537 [main] INFO  AV.VCU - ...synchronized on readyToRun
01:01:46.540 [main] INFO  AV.VCU - started logical time progression
speed0 time 2.0
speed1999 time 12.0
speed1998 time 22.0
speed1997 time 32.0
speed1996 time 42.0
speed1995 time 52.0
speed1994 time 62.0
speed1993 time 72.0
speed1992 time 82.0
speed1991 time 92.0
speed1990 time 102.0
speed1989 time 112.0
speed1988 time 122.0
speed1987 time 132.0
speed1986 time 142.0
speed1985 time 152.0
speed1984 time 162.0
speed1983 time 172.0
speed1982 time 182.0
speed1981 time 192.0
speed1980 time 202.0
speed1979 time 212.0
speed1978 time 222.0
speed1977 time 232.0
speed1976 time 242.0
speed1975 time 252.0
speed1974 time 262.0
speed1973 time 272.0
speed1972 time 282.0
speed1971 time 292.0
speed1970 time 302.0
speed1969 time 312.0
speed1968 time 322.0
speed1967 time 332.0
speed1966 time 342.0
speed1965 time 352.0
speed1964 time 362.0
speed1963 time 372.0
speed1962 time 382.0
speed1961 time 392.0
speed1960 time 402.0
speed1959 time 412.0
speed1958 time 422.0
speed1957 time 432.0
speed1956 time 442.0
speed1955 time 452.0
speed1954 time 462.0
speed1953 time 472.0
speed1952 time 482.0
speed1951 time 492.0
speed1950 time 502.0
speed1949 time 512.0
speed1948 time 522.0
speed1947 time 532.0
speed1946 time 542.0
speed1945 time 552.0
speed1944 time 562.0
speed1943 time 572.0
speed1942 time 582.0
speed1941 time 592.0
speed1940 time 602.0
speed1939 time 612.0
speed1938 time 622.0
speed1937 time 632.0
speed1936 time 642.0
speed1935 time 652.0
speed1934 time 662.0
speed1933 time 672.0
speed1932 time 682.0
speed1931 time 692.0
speed1930 time 702.0
speed1929 time 712.0
speed1928 time 722.0
speed1927 time 732.0
speed1926 time 742.0
speed1925 time 752.0
speed1924 time 762.0
speed1923 time 772.0
speed1922 time 782.0
speed1921 time 792.0
speed1920 time 802.0
speed1919 time 812.0
speed1918 time 822.0
speed1917 time 832.0
speed1916 time 842.0
speed1915 time 852.0
speed1914 time 862.0
speed1913 time 872.0
speed1912 time 882.0
speed1911 time 892.0
speed1910 time 902.0
speed1909 time 912.0
speed1908 time 922.0
speed1907 time 932.0
speed1906 time 942.0
speed1905 time 952.0
speed1904 time 962.0
speed1903 time 972.0
speed1902 time 982.0
speed1901 time 992.0
speed1900 time 1002.0
speed1899 time 1012.0
speed1898 time 1022.0
speed1897 time 1032.0
speed1896 time 1042.0
speed1895 time 1052.0
speed1894 time 1062.0
speed1893 time 1072.0
speed1892 time 1082.0
speed1891 time 1092.0
speed1890 time 1102.0
speed1889 time 1112.0
speed1888 time 1122.0
speed1887 time 1132.0
speed1886 time 1142.0
speed1885 time 1152.0
speed1884 time 1162.0
speed1883 time 1172.0
speed1882 time 1182.0
speed1881 time 1192.0
speed1880 time 1202.0
speed1879 time 1212.0
speed1878 time 1222.0
speed1877 time 1232.0
speed1876 time 1242.0
speed1875 time 1252.0
speed1874 time 1262.0
speed1873 time 1272.0
speed1872 time 1282.0
speed1871 time 1292.0
speed1870 time 1302.0
speed1869 time 1312.0
speed1868 time 1322.0
speed1867 time 1332.0
speed1866 time 1342.0
speed1865 time 1352.0
speed1864 time 1362.0
speed1863 time 1372.0
speed1862 time 1382.0
speed1861 time 1392.0
speed1860 time 1402.0
speed1859 time 1412.0
speed1858 time 1422.0
speed1857 time 1432.0
speed1856 time 1442.0
speed1855 time 1452.0
speed1854 time 1462.0
speed1853 time 1472.0
speed1852 time 1482.0
speed1851 time 1492.0
speed1850 time 1502.0
speed1849 time 1512.0
speed1848 time 1522.0
speed1847 time 1532.0
speed1846 time 1542.0
speed1845 time 1552.0
speed1844 time 1562.0
speed1843 time 1572.0
speed1842 time 1582.0
speed1841 time 1592.0
speed1840 time 1602.0
speed1839 time 1612.0
speed1838 time 1622.0
speed1837 time 1632.0
speed1836 time 1642.0
speed1835 time 1652.0
speed1834 time 1662.0
speed1833 time 1672.0
speed1832 time 1682.0
speed1831 time 1692.0
speed1830 time 1702.0
speed1829 time 1712.0
speed1828 time 1722.0
speed1827 time 1732.0
speed1826 time 1742.0
speed1825 time 1752.0
speed1824 time 1762.0
speed1823 time 1772.0
speed1822 time 1782.0
speed1821 time 1792.0
speed1820 time 1802.0
speed1819 time 1812.0
speed1818 time 1822.0
speed1817 time 1832.0
speed1816 time 1842.0
speed1815 time 1852.0
speed1814 time 1862.0
speed1813 time 1872.0
speed1812 time 1882.0
speed1811 time 1892.0
speed1810 time 1902.0
speed1809 time 1912.0
speed1808 time 1922.0
speed1807 time 1932.0
speed1806 time 1942.0
speed1805 time 1952.0
speed1804 time 1962.0
speed1803 time 1972.0
speed1802 time 1982.0
speed1801 time 1992.0
speed1800 time 2002.0
speed1799 time 2012.0
speed1798 time 2022.0
speed1797 time 2032.0
speed1796 time 2042.0
speed1795 time 2052.0
speed1794 time 2062.0
speed1793 time 2072.0
speed1792 time 2082.0
speed1791 time 2092.0
speed1790 time 2102.0
speed1789 time 2112.0
speed1788 time 2122.0
speed1787 time 2132.0
speed1786 time 2142.0
speed1785 time 2152.0
speed1784 time 2162.0
speed1783 time 2172.0
speed1782 time 2182.0
speed1781 time 2192.0
speed1780 time 2202.0
speed1779 time 2212.0
speed1778 time 2222.0
speed1777 time 2232.0
speed1776 time 2242.0
speed1775 time 2252.0
speed1774 time 2262.0
speed1773 time 2272.0
speed1772 time 2282.0
speed1771 time 2292.0
speed1770 time 2302.0
speed1769 time 2312.0
speed1768 time 2322.0
speed1767 time 2332.0
speed1766 time 2342.0
speed1765 time 2352.0
speed1764 time 2362.0
speed1763 time 2372.0
speed1762 time 2382.0
speed1761 time 2392.0
speed1760 time 2402.0
speed1759 time 2412.0
speed1758 time 2422.0
speed1757 time 2432.0
speed1756 time 2442.0
speed1755 time 2452.0
speed1754 time 2462.0
speed1753 time 2472.0
speed1752 time 2482.0
speed1751 time 2492.0
speed1750 time 2502.0
speed1749 time 2512.0
speed1748 time 2522.0
speed1747 time 2532.0
speed1746 time 2542.0
speed1745 time 2552.0
speed1744 time 2562.0
speed1743 time 2572.0
speed1742 time 2582.0
speed1741 time 2592.0
speed1740 time 2602.0
speed1739 time 2612.0
speed1738 time 2622.0
speed1737 time 2632.0
speed1736 time 2642.0
speed1735 time 2652.0
speed1734 time 2662.0
speed1733 time 2672.0
speed1732 time 2682.0
speed1731 time 2692.0
speed1730 time 2702.0
speed1729 time 2712.0
speed1728 time 2722.0
speed1727 time 2732.0
speed1726 time 2742.0
speed1725 time 2752.0
speed1724 time 2762.0
speed1723 time 2772.0
speed1722 time 2782.0
speed1721 time 2792.0
speed1720 time 2802.0
speed1719 time 2812.0
speed1718 time 2822.0
speed1717 time 2832.0
speed1716 time 2842.0
speed1715 time 2852.0
speed1714 time 2862.0
speed1713 time 2872.0
speed1712 time 2882.0
speed1711 time 2892.0
speed1710 time 2902.0
speed1709 time 2912.0
speed1708 time 2922.0
speed1707 time 2932.0
speed1706 time 2942.0
speed1705 time 2952.0
speed1704 time 2962.0
speed1703 time 2972.0
speed1702 time 2982.0
speed1701 time 2992.0
speed1700 time 3002.0
speed1699 time 3012.0
speed1698 time 3022.0
speed1697 time 3032.0
speed1696 time 3042.0
speed1695 time 3052.0
speed1694 time 3062.0
speed1693 time 3072.0
speed1692 time 3082.0
speed1691 time 3092.0
speed1690 time 3102.0
speed1689 time 3112.0
speed1688 time 3122.0
speed1687 time 3132.0
speed1686 time 3142.0
speed1685 time 3152.0
speed1684 time 3162.0
speed1683 time 3172.0
speed1682 time 3182.0
speed1681 time 3192.0
speed1680 time 3202.0
speed1679 time 3212.0
speed1678 time 3222.0
speed1677 time 3232.0
speed1676 time 3242.0
speed1675 time 3252.0
speed1674 time 3262.0
speed1673 time 3272.0
speed1672 time 3282.0
speed1671 time 3292.0
speed1670 time 3302.0
speed1669 time 3312.0
speed1668 time 3322.0
speed1667 time 3332.0
speed1666 time 3342.0
speed1665 time 3352.0
speed1664 time 3362.0
speed1663 time 3372.0
speed1662 time 3382.0
speed1661 time 3392.0
speed1660 time 3402.0
speed1659 time 3412.0
speed1658 time 3422.0
speed1657 time 3432.0
speed1656 time 3442.0
speed1655 time 3452.0
speed1654 time 3462.0
speed1653 time 3472.0
speed1652 time 3482.0
speed1651 time 3492.0
speed1650 time 3502.0
speed1649 time 3512.0
speed1648 time 3522.0
speed1647 time 3532.0
speed1646 time 3542.0
speed1645 time 3552.0
speed1644 time 3562.0
speed1643 time 3572.0
speed1642 time 3582.0
speed1641 time 3592.0
speed1640 time 3602.0
speed1639 time 3612.0
speed1638 time 3622.0
speed1637 time 3632.0
speed1636 time 3642.0
speed1635 time 3652.0
speed1634 time 3662.0
speed1633 time 3672.0
speed1632 time 3682.0
speed1631 time 3692.0
speed1630 time 3702.0
speed1629 time 3712.0
speed1628 time 3722.0
speed1627 time 3732.0
speed1626 time 3742.0
speed1625 time 3752.0
speed1624 time 3762.0
speed1623 time 3772.0
speed1622 time 3782.0
speed1621 time 3792.0
speed1620 time 3802.0
speed1619 time 3812.0
speed1618 time 3822.0
speed1617 time 3832.0
speed1616 time 3842.0
speed1615 time 3852.0
speed1614 time 3862.0
speed1613 time 3872.0
speed1612 time 3882.0
speed1611 time 3892.0
speed1610 time 3902.0
speed1609 time 3912.0
speed1608 time 3922.0
speed1607 time 3932.0
speed1606 time 3942.0
speed1605 time 3952.0
speed1604 time 3962.0
speed1603 time 3972.0
speed1602 time 3982.0
speed1601 time 3992.0
speed1600 time 4002.0
speed1599 time 4012.0
speed1598 time 4022.0
speed1597 time 4032.0
speed1596 time 4042.0
speed1595 time 4052.0
speed1594 time 4062.0
speed1593 time 4072.0
speed1592 time 4082.0
speed1591 time 4092.0
speed1590 time 4102.0
speed1589 time 4112.0
speed1588 time 4122.0
speed1587 time 4132.0
speed1586 time 4142.0
speed1585 time 4152.0
speed1584 time 4162.0
speed1583 time 4172.0
speed1582 time 4182.0
speed1581 time 4192.0
speed1580 time 4202.0
speed1579 time 4212.0
speed1578 time 4222.0
speed1577 time 4232.0
speed1576 time 4242.0
speed1575 time 4252.0
speed1574 time 4262.0
speed1573 time 4272.0
speed1572 time 4282.0
speed1571 time 4292.0
speed1570 time 4302.0
speed1569 time 4312.0
speed1568 time 4322.0
speed1567 time 4332.0
speed1566 time 4342.0
01:05:31.431 [main] INFO  org.cpswt.hla.SynchronizedFederate - VCU-d69f42d3-2755-497b-a198-f06982d392db: SimEnd interaction received, exiting...
01:05:31.442 [main] INFO  org.cpswt.hla.SynchronizedFederate - Exiting gracefully ....
