
-------------------------------------------------------------------
GMS: address=vagrant-8078, cluster=AV, physical address=10.0.2.15:48171
-------------------------------------------------------------------
20:13:57.636 [main] INFO  AV.VCU - waiting on readyToPopulate...
20:14:09.107 [main] INFO  AV.VCU - ...synchronized on readyToPopulate
20:14:09.107 [main] INFO  AV.VCU - waiting on readyToRun...
20:14:09.364 [main] INFO  AV.VCU - ...synchronized on readyToRun
20:14:09.366 [main] INFO  AV.VCU - started logical time progression
20:14:09.489 [main] INFO  AV.VCU - speed(t-1)=  0 time(t-1)= 0.0  speed(t)=  0 time(t)= 0.10001  Scenario  PARKED current logical time  1.0 current simulation time  0.002
20:14:09.884 [main] INFO  AV.VCU - ABS Speed : 90 ABS_Event_Status    : placeholder & current time is  2.0  message time is 0.2 case 0
20:14:09.931 [main] INFO  AV.VCU - ABS Speed : 88 ABS_Event_Status    : placeholder & current time is  3.0  message time is 1.2 case 1
20:14:09.975 [main] INFO  AV.VCU - speed(t-1)=  0 time(t-1)= 0.10001  speed(t)=  0 time(t)= 0.10001  Scenario  PARKED current logical time  4.0 current simulation time  0.008
20:14:10.126 [main] INFO  AV.VCU - speed(t-1)=  0 time(t-1)= 0.10001  speed(t)=  0 time(t)= 0.10001  Scenario  PARKED current logical time  7.0 current simulation time  0.014
20:14:10.169 [main] INFO  AV.VCU - speed(t-1)=  0 time(t-1)= 0.10001  speed(t)=  0 time(t)= 0.10001  Scenario  PARKED current logical time  8.0 current simulation time  0.016
20:14:10.325 [main] INFO  AV.VCU - speed(t-1)=  0 time(t-1)= 0.10001  speed(t)=  0 time(t)= 0.10001  Scenario  PARKED current logical time  11.0 current simulation time  0.022
20:14:10.373 [main] INFO  AV.VCU - speed(t-1)=  0 time(t-1)= 0.10001  speed(t)=  0 time(t)= 0.10001  Scenario  PARKED current logical time  12.0 current simulation time  0.024
20:14:10.502 [main] INFO  AV.VCU - ABS Speed : 88 ABS_Event_Status    : sjQWKfyWHe & current time is  14.0  message time is 13.2 case 3
20:14:10.549 [main] INFO  AV.VCU - speed(t-1)=  0 time(t-1)= 0.10001  speed(t)=  0 time(t)= 0.10001  Scenario  PARKED current logical time  15.0 current simulation time  0.03
20:14:10.550 [main] INFO  AV.VCU - ABS Speed : 88 ABS_Event_Status    : sjQWKfyWHe & current time is  15.0  message time is 13.2 case 3
20:14:10.604 [main] INFO  AV.VCU - speed(t-1)=  0 time(t-1)= 0.10001  speed(t)=  0 time(t)= 0.10001  Scenario  PARKED current logical time  16.0 current simulation time  0.032
20:14:10.653 [main] INFO  AV.VCU - speed(t-1)=  0 time(t-1)= 0.10001  speed(t)=  0 time(t)= 0.10001  Scenario  PARKED current logical time  17.0 current simulation time  0.034
20:14:10.710 [main] INFO  AV.VCU - speed(t-1)=  0 time(t-1)= 0.10001  speed(t)=  0 time(t)= 0.10001  Scenario  PARKED current logical time  18.0 current simulation time  0.036000000000000004
20:14:10.750 [main] INFO  AV.VCU - speed(t-1)=  0 time(t-1)= 0.10001  speed(t)=  0 time(t)= 0.10001  Scenario  PARKED current logical time  19.0 current simulation time  0.038
20:14:10.807 [main] INFO  AV.VCU - speed(t-1)=  0 time(t-1)= 0.10001  speed(t)=  0 time(t)= 0.10001  Scenario  PARKED current logical time  20.0 current simulation time  0.04
20:14:10.902 [main] INFO  AV.VCU - ABS Speed : 69 ABS_Event_Status    : sjQWKfyWHe & current time is  22.0  message time is 21.2 case 1
20:14:10.954 [main] INFO  AV.VCU - speed(t-1)=  0 time(t-1)= 0.10001  speed(t)=  0 time(t)= 0.10001  Scenario  PARKED current logical time  23.0 current simulation time  0.046
20:14:10.954 [main] INFO  AV.VCU - ABS Speed : 69 ABS_Event_Status    : sjQWKfyWHe & current time is  23.0  message time is 21.2 case 1
20:14:10.997 [main] INFO  AV.VCU - speed(t-1)=  0 time(t-1)= 0.10001  speed(t)=  0 time(t)= 0.10001  Scenario  PARKED current logical time  24.0 current simulation time  0.048
20:14:11.163 [main] INFO  AV.VCU - speed(t-1)=  0 time(t-1)= 0.10001  speed(t)=  0 time(t)= 0.10001  Scenario  PARKED current logical time  27.0 current simulation time  0.054
20:14:11.211 [main] INFO  AV.VCU - speed(t-1)=  0 time(t-1)= 0.10001  speed(t)=  0 time(t)= 0.10001  Scenario  PARKED current logical time  28.0 current simulation time  0.056
20:14:11.362 [main] INFO  AV.VCU - speed(t-1)=  0 time(t-1)= 0.10001  speed(t)=  0 time(t)= 0.10001  Scenario  PARKED current logical time  31.0 current simulation time  0.062
20:14:11.404 [main] INFO  AV.VCU - speed(t-1)=  0 time(t-1)= 0.10001  speed(t)=  0 time(t)= 0.10001  Scenario  PARKED current logical time  32.0 current simulation time  0.064
20:14:11.491 [main] INFO  AV.VCU - ABS Speed : 69 ABS_Event_Status    : fiNrpBEqjg & current time is  34.0  message time is 33.2 case 3
20:14:11.526 [main] INFO  AV.VCU - speed(t-1)=  0 time(t-1)= 0.10001  speed(t)=  0 time(t)= 0.10001  Scenario  PARKED current logical time  35.0 current simulation time  0.07
20:14:11.527 [main] INFO  AV.VCU - ABS Speed : 69 ABS_Event_Status    : fiNrpBEqjg & current time is  35.0  message time is 33.2 case 3
20:14:11.581 [main] INFO  AV.VCU - speed(t-1)=  0 time(t-1)= 0.10001  speed(t)=  0 time(t)= 0.10001  Scenario  PARKED current logical time  36.0 current simulation time  0.07200000000000001
20:14:11.620 [main] INFO  AV.VCU - speed(t-1)=  0 time(t-1)= 0.10001  speed(t)=  0 time(t)= 0.10001  Scenario  PARKED current logical time  37.0 current simulation time  0.074
20:14:11.662 [main] INFO  AV.VCU - speed(t-1)=  0 time(t-1)= 0.10001  speed(t)=  0 time(t)= 0.10001  Scenario  PARKED current logical time  38.0 current simulation time  0.076
20:14:11.724 [main] INFO  AV.VCU - speed(t-1)=  0 time(t-1)= 0.10001  speed(t)=  0 time(t)= 0.10001  Scenario  PARKED current logical time  39.0 current simulation time  0.078
20:14:11.772 [main] INFO  AV.VCU - speed(t-1)=  0 time(t-1)= 0.10001  speed(t)=  0 time(t)= 0.10001  Scenario  PARKED current logical time  40.0 current simulation time  0.08
20:14:11.873 [main] INFO  AV.VCU - ABS Speed : 61 ABS_Event_Status    : fiNrpBEqjg & current time is  42.0  message time is 41.2 case 1
20:14:11.914 [main] INFO  AV.VCU - speed(t-1)=  0 time(t-1)= 0.10001  speed(t)=  0 time(t)= 0.10001  Scenario  PARKED current logical time  43.0 current simulation time  0.08600000000000001
20:14:11.914 [main] INFO  AV.VCU - ABS Speed : 61 ABS_Event_Status    : fiNrpBEqjg & current time is  43.0  message time is 41.2 case 1
20:14:11.972 [main] INFO  AV.VCU - speed(t-1)=  0 time(t-1)= 0.10001  speed(t)=  0 time(t)= 0.10001  Scenario  PARKED current logical time  44.0 current simulation time  0.088
20:14:12.112 [main] INFO  AV.VCU - speed(t-1)=  0 time(t-1)= 0.10001  speed(t)=  0 time(t)= 0.10001  Scenario  PARKED current logical time  47.0 current simulation time  0.094
20:14:12.170 [main] INFO  AV.VCU - speed(t-1)=  0 time(t-1)= 0.10001  speed(t)=  0 time(t)= 0.10001  Scenario  PARKED current logical time  48.0 current simulation time  0.096
20:14:12.314 [main] INFO  AV.VCU - speed(t-1)=  0 time(t-1)= 0.10001  speed(t)=  0 time(t)= 0.10001  Scenario  PARKED current logical time  51.0 current simulation time  0.10200000000000001
20:14:12.367 [main] INFO  AV.VCU - speed(t-1)=  0 time(t-1)= 0.10001  speed(t)=  0 time(t)= 0.10001  Scenario  PARKED current logical time  52.0 current simulation time  0.10400000000000001
20:14:12.461 [main] INFO  AV.VCU - ABS Speed : 61 ABS_Event_Status    : DMoHorhUWl & current time is  54.0  message time is 53.2 case 3
20:14:12.514 [main] INFO  AV.VCU - speed(t-1)=  0 time(t-1)= 0.10001  speed(t)=  0 time(t)= 0.10001  Scenario  PARKED current logical time  55.0 current simulation time  0.11
20:14:12.515 [main] INFO  AV.VCU - ABS Speed : 61 ABS_Event_Status    : DMoHorhUWl & current time is  55.0  message time is 53.2 case 3
20:14:12.558 [main] INFO  AV.VCU - speed(t-1)=  0 time(t-1)= 0.10001  speed(t)=  0 time(t)= 0.10001  Scenario  PARKED current logical time  56.0 current simulation time  0.112
20:14:12.612 [main] INFO  AV.VCU - speed(t-1)=  0 time(t-1)= 0.10001  speed(t)=  0 time(t)= 0.10001  Scenario  PARKED current logical time  57.0 current simulation time  0.114
20:14:12.654 [main] INFO  AV.VCU - speed(t-1)=  0 time(t-1)= 0.10001  speed(t)=  0 time(t)= 0.10001  Scenario  PARKED current logical time  58.0 current simulation time  0.116
20:14:12.709 [main] INFO  AV.VCU - speed(t-1)=  0 time(t-1)= 0.10001  speed(t)=  0 time(t)= 0.10001  Scenario  PARKED current logical time  59.0 current simulation time  0.11800000000000001
20:14:12.749 [main] INFO  AV.VCU - speed(t-1)=  0 time(t-1)= 0.10001  speed(t)=  0 time(t)= 0.10001  Scenario  PARKED current logical time  60.0 current simulation time  0.12
20:14:12.848 [main] INFO  AV.VCU - ABS Speed : 57 ABS_Event_Status    : DMoHorhUWl & current time is  62.0  message time is 61.2 case 1
20:14:12.904 [main] INFO  AV.VCU - speed(t-1)=  0 time(t-1)= 0.10001  speed(t)=  0 time(t)= 0.10001  Scenario  PARKED current logical time  63.0 current simulation time  0.126
20:14:12.904 [main] INFO  AV.VCU - ABS Speed : 57 ABS_Event_Status    : DMoHorhUWl & current time is  63.0  message time is 61.2 case 1
20:14:12.952 [main] INFO  AV.VCU - speed(t-1)=  0 time(t-1)= 0.10001  speed(t)=  0 time(t)= 0.10001  Scenario  PARKED current logical time  64.0 current simulation time  0.128
20:14:13.078 [main] INFO  AV.VCU - speed(t-1)=  0 time(t-1)= 0.10001  speed(t)=  0 time(t)= 0.10001  Scenario  PARKED current logical time  67.0 current simulation time  0.134
20:14:13.135 [main] INFO  AV.VCU - speed(t-1)=  0 time(t-1)= 0.10001  speed(t)=  0 time(t)= 0.10001  Scenario  PARKED current logical time  68.0 current simulation time  0.136
20:14:13.280 [main] INFO  AV.VCU - speed(t-1)=  0 time(t-1)= 0.10001  speed(t)=  0 time(t)= 0.10001  Scenario  PARKED current logical time  71.0 current simulation time  0.14200000000000002
20:14:13.308 [main] INFO  AV.VCU - speed(t-1)=  0 time(t-1)= 0.10001  speed(t)=  0 time(t)= 0.10001  Scenario  PARKED current logical time  72.0 current simulation time  0.14400000000000002
20:14:13.406 [main] INFO  AV.VCU - ABS Speed : 57 ABS_Event_Status    : RuQPstIjlO & current time is  74.0  message time is 73.2 case 3
20:14:13.489 [main] INFO  AV.VCU - speed(t-1)=  0 time(t-1)= 0.10001  speed(t)=  0 time(t)= 0.10001  Scenario  PARKED current logical time  75.0 current simulation time  0.15
20:14:13.489 [main] INFO  AV.VCU - ABS Speed : 57 ABS_Event_Status    : RuQPstIjlO & current time is  75.0  message time is 73.2 case 3
20:14:13.510 [main] INFO  AV.VCU - speed(t-1)=  0 time(t-1)= 0.10001  speed(t)=  0 time(t)= 0.10001  Scenario  PARKED current logical time  76.0 current simulation time  0.152
20:14:13.595 [main] INFO  AV.VCU - speed(t-1)=  0 time(t-1)= 0.10001  speed(t)=  0 time(t)= 0.10001  Scenario  PARKED current logical time  77.0 current simulation time  0.154
20:14:13.627 [main] INFO  AV.VCU - speed(t-1)=  0 time(t-1)= 0.10001  speed(t)=  0 time(t)= 0.10001  Scenario  PARKED current logical time  78.0 current simulation time  0.156
20:14:13.698 [main] INFO  AV.VCU - speed(t-1)=  0 time(t-1)= 0.10001  speed(t)=  0 time(t)= 0.10001  Scenario  PARKED current logical time  79.0 current simulation time  0.158
20:14:13.724 [main] INFO  AV.VCU - speed(t-1)=  0 time(t-1)= 0.10001  speed(t)=  0 time(t)= 0.10001  Scenario  PARKED current logical time  80.0 current simulation time  0.16
20:14:13.827 [main] INFO  AV.VCU - ABS Speed : 65 ABS_Event_Status    : RuQPstIjlO & current time is  82.0  message time is 81.2 case 1
20:14:13.893 [main] INFO  AV.VCU - speed(t-1)=  0 time(t-1)= 0.10001  speed(t)=  0 time(t)= 0.10001  Scenario  PARKED current logical time  83.0 current simulation time  0.166
20:14:13.893 [main] INFO  AV.VCU - ABS Speed : 65 ABS_Event_Status    : RuQPstIjlO & current time is  83.0  message time is 81.2 case 1
20:14:13.919 [main] INFO  AV.VCU - speed(t-1)=  0 time(t-1)= 0.10001  speed(t)=  0 time(t)= 0.10001  Scenario  PARKED current logical time  84.0 current simulation time  0.168
20:14:14.093 [main] INFO  AV.VCU - speed(t-1)=  0 time(t-1)= 0.10001  speed(t)=  0 time(t)= 0.10001  Scenario  PARKED current logical time  87.0 current simulation time  0.17400000000000002
20:14:14.126 [main] INFO  AV.VCU - speed(t-1)=  0 time(t-1)= 0.10001  speed(t)=  0 time(t)= 0.10001  Scenario  PARKED current logical time  88.0 current simulation time  0.176
20:14:14.280 [main] INFO  AV.VCU - speed(t-1)=  0 time(t-1)= 0.10001  speed(t)=  0 time(t)= 0.10001  Scenario  PARKED current logical time  91.0 current simulation time  0.182
20:14:14.323 [main] INFO  AV.VCU - speed(t-1)=  0 time(t-1)= 0.10001  speed(t)=  0 time(t)= 0.10001  Scenario  PARKED current logical time  92.0 current simulation time  0.184
20:14:14.414 [main] INFO  AV.VCU - ABS Speed : 65 ABS_Event_Status    : NncrnvdiDE & current time is  94.0  message time is 93.2 case 3
20:14:14.470 [main] INFO  AV.VCU - speed(t-1)=  0 time(t-1)= 0.10001  speed(t)=  0 time(t)= 0.10001  Scenario  PARKED current logical time  95.0 current simulation time  0.19
20:14:14.471 [main] INFO  AV.VCU - ABS Speed : 65 ABS_Event_Status    : NncrnvdiDE & current time is  95.0  message time is 93.2 case 3
20:14:14.512 [main] INFO  AV.VCU - speed(t-1)=  0 time(t-1)= 0.10001  speed(t)=  0 time(t)= 0.10001  Scenario  PARKED current logical time  96.0 current simulation time  0.192
20:14:14.569 [main] INFO  AV.VCU - speed(t-1)=  0 time(t-1)= 0.10001  speed(t)=  0 time(t)= 0.10001  Scenario  PARKED current logical time  97.0 current simulation time  0.194
20:14:14.597 [main] INFO  AV.VCU - speed(t-1)=  0 time(t-1)= 0.10001  speed(t)=  0 time(t)= 0.10001  Scenario  PARKED current logical time  98.0 current simulation time  0.196
20:14:14.677 [main] INFO  AV.VCU - speed(t-1)=  0 time(t-1)= 0.10001  speed(t)=  0 time(t)= 0.10001  Scenario  PARKED current logical time  99.0 current simulation time  0.198
20:14:14.709 [main] INFO  AV.VCU - speed(t-1)=  0 time(t-1)= 0.10001  speed(t)=  0 time(t)= 0.10001  Scenario  PARKED current logical time  100.0 current simulation time  0.2
20:14:14.808 [main] INFO  AV.VCU - ABS Speed : 82 ABS_Event_Status    : NncrnvdiDE & current time is  102.0  message time is 101.2 case 1
20:14:14.877 [main] INFO  AV.VCU - speed(t-1)=  0 time(t-1)= 0.10001  speed(t)=  0 time(t)= 0.10001  Scenario  PARKED current logical time  103.0 current simulation time  0.20600000000000002
20:14:14.877 [main] INFO  AV.VCU - ABS Speed : 82 ABS_Event_Status    : NncrnvdiDE & current time is  103.0  message time is 101.2 case 1
20:14:14.907 [main] INFO  AV.VCU - speed(t-1)=  0 time(t-1)= 0.10001  speed(t)=  0 time(t)= 0.10001  Scenario  PARKED current logical time  104.0 current simulation time  0.20800000000000002
20:14:15.086 [main] INFO  AV.VCU - speed(t-1)=  0 time(t-1)= 0.10001  speed(t)=  0 time(t)= 0.10001  Scenario  PARKED current logical time  107.0 current simulation time  0.214
20:14:15.117 [main] INFO  AV.VCU - speed(t-1)=  0 time(t-1)= 0.10001  speed(t)=  0 time(t)= 0.10001  Scenario  PARKED current logical time  108.0 current simulation time  0.216
20:14:15.284 [main] INFO  AV.VCU - speed(t-1)=  0 time(t-1)= 0.10001  speed(t)=  0 time(t)= 0.10001  Scenario  PARKED current logical time  111.0 current simulation time  0.222
20:14:15.315 [main] INFO  AV.VCU - speed(t-1)=  0 time(t-1)= 0.10001  speed(t)=  0 time(t)= 0.10001  Scenario  PARKED current logical time  112.0 current simulation time  0.224
20:14:15.404 [main] INFO  AV.VCU - ABS Speed : 82 ABS_Event_Status    : hqfkOTOVlC & current time is  114.0  message time is 113.2 case 3
20:14:15.434 [main] INFO  AV.VCU - speed(t-1)=  0 time(t-1)= 0.10001  speed(t)=  0 time(t)= 0.10001  Scenario  PARKED current logical time  115.0 current simulation time  0.23
20:14:15.434 [main] INFO  AV.VCU - ABS Speed : 82 ABS_Event_Status    : hqfkOTOVlC & current time is  115.0  message time is 113.2 case 3
20:14:15.496 [main] INFO  AV.VCU - speed(t-1)=  0 time(t-1)= 0.10001  speed(t)=  0 time(t)= 0.10001  Scenario  PARKED current logical time  116.0 current simulation time  0.232
20:14:15.526 [main] INFO  AV.VCU - speed(t-1)=  0 time(t-1)= 0.10001  speed(t)=  0 time(t)= 0.10001  Scenario  PARKED current logical time  117.0 current simulation time  0.234
20:14:15.587 [main] INFO  AV.VCU - speed(t-1)=  0 time(t-1)= 0.10001  speed(t)=  0 time(t)= 0.10001  Scenario  PARKED current logical time  118.0 current simulation time  0.23600000000000002
20:14:15.618 [main] INFO  AV.VCU - speed(t-1)=  0 time(t-1)= 0.10001  speed(t)=  0 time(t)= 0.10001  Scenario  PARKED current logical time  119.0 current simulation time  0.23800000000000002
20:14:15.647 [main] INFO  AV.VCU - speed(t-1)=  0 time(t-1)= 0.10001  speed(t)=  0 time(t)= 0.10001  Scenario  PARKED current logical time  120.0 current simulation time  0.24
20:14:15.751 [main] INFO  AV.VCU - ABS Speed : 52 ABS_Event_Status    : hqfkOTOVlC & current time is  122.0  message time is 121.2 case 1
20:14:15.807 [main] INFO  AV.VCU - speed(t-1)=  0 time(t-1)= 0.10001  speed(t)=  0 time(t)= 0.10001  Scenario  PARKED current logical time  123.0 current simulation time  0.246
20:14:15.808 [main] INFO  AV.VCU - ABS Speed : 52 ABS_Event_Status    : hqfkOTOVlC & current time is  123.0  message time is 121.2 case 1
20:14:15.837 [main] INFO  AV.VCU - speed(t-1)=  0 time(t-1)= 0.10001  speed(t)=  0 time(t)= 0.10001  Scenario  PARKED current logical time  124.0 current simulation time  0.248
20:14:15.976 [main] INFO  AV.VCU - speed(t-1)=  0 time(t-1)= 0.10001  speed(t)=  0 time(t)= 0.10001  Scenario  PARKED current logical time  127.0 current simulation time  0.254
20:14:16.033 [main] INFO  AV.VCU - speed(t-1)=  0 time(t-1)= 0.10001  speed(t)=  0 time(t)= 0.10001  Scenario  PARKED current logical time  128.0 current simulation time  0.256
20:14:16.171 [main] INFO  AV.VCU - speed(t-1)=  0 time(t-1)= 0.10001  speed(t)=  0 time(t)= 0.10001  Scenario  PARKED current logical time  131.0 current simulation time  0.262
20:14:16.214 [main] INFO  AV.VCU - speed(t-1)=  0 time(t-1)= 0.10001  speed(t)=  0 time(t)= 0.10001  Scenario  PARKED current logical time  132.0 current simulation time  0.264
20:14:16.305 [main] INFO  AV.VCU - ABS Speed : 52 ABS_Event_Status    : TOCezyGkfR & current time is  134.0  message time is 133.2 case 3
20:14:16.355 [main] INFO  AV.VCU - speed(t-1)=  0 time(t-1)= 0.10001  speed(t)=  0 time(t)= 0.10001  Scenario  PARKED current logical time  135.0 current simulation time  0.27
20:14:16.355 [main] INFO  AV.VCU - ABS Speed : 52 ABS_Event_Status    : TOCezyGkfR & current time is  135.0  message time is 133.2 case 3
20:14:16.413 [main] INFO  AV.VCU - speed(t-1)=  0 time(t-1)= 0.10001  speed(t)=  0 time(t)= 0.10001  Scenario  PARKED current logical time  136.0 current simulation time  0.272
20:14:16.450 [main] INFO  AV.VCU - speed(t-1)=  0 time(t-1)= 0.10001  speed(t)=  0 time(t)= 0.10001  Scenario  PARKED current logical time  137.0 current simulation time  0.274
20:14:16.481 [main] INFO  AV.VCU - speed(t-1)=  0 time(t-1)= 0.10001  speed(t)=  0 time(t)= 0.10001  Scenario  PARKED current logical time  138.0 current simulation time  0.276
20:14:16.551 [main] INFO  AV.VCU - speed(t-1)=  0 time(t-1)= 0.10001  speed(t)=  0 time(t)= 0.10001  Scenario  PARKED current logical time  139.0 current simulation time  0.278
20:14:16.578 [main] INFO  AV.VCU - speed(t-1)=  0 time(t-1)= 0.10001  speed(t)=  0 time(t)= 0.10001  Scenario  PARKED current logical time  140.0 current simulation time  0.28
20:14:16.676 [main] INFO  AV.VCU - ABS Speed : 50 ABS_Event_Status    : TOCezyGkfR & current time is  142.0  message time is 141.2 case 1
20:14:16.756 [main] INFO  AV.VCU - speed(t-1)=  0 time(t-1)= 0.10001  speed(t)=  0 time(t)= 0.10001  Scenario  PARKED current logical time  143.0 current simulation time  0.28600000000000003
20:14:16.757 [main] INFO  AV.VCU - ABS Speed : 50 ABS_Event_Status    : TOCezyGkfR & current time is  143.0  message time is 141.2 case 1
20:14:16.799 [main] INFO  AV.VCU - speed(t-1)=  0 time(t-1)= 0.10001  speed(t)=  0 time(t)= 0.10001  Scenario  PARKED current logical time  144.0 current simulation time  0.28800000000000003
20:14:16.949 [main] INFO  AV.VCU - speed(t-1)=  0 time(t-1)= 0.10001  speed(t)=  0 time(t)= 0.10001  Scenario  PARKED current logical time  147.0 current simulation time  0.294
20:14:16.996 [main] INFO  AV.VCU - speed(t-1)=  0 time(t-1)= 0.10001  speed(t)=  0 time(t)= 0.10001  Scenario  PARKED current logical time  148.0 current simulation time  0.296
20:14:17.143 [main] INFO  AV.VCU - speed(t-1)=  0 time(t-1)= 0.10001  speed(t)=  0 time(t)= 0.10001  Scenario  PARKED current logical time  151.0 current simulation time  0.302
20:14:17.199 [main] INFO  AV.VCU - speed(t-1)=  0 time(t-1)= 0.10001  speed(t)=  0 time(t)= 0.10001  Scenario  PARKED current logical time  152.0 current simulation time  0.304
20:14:17.294 [main] INFO  AV.VCU - ABS Speed : 50 ABS_Event_Status    : KAOUFAFjJh & current time is  154.0  message time is 153.2 case 3
20:14:17.350 [main] INFO  AV.VCU - speed(t-1)=  0 time(t-1)= 0.10001  speed(t)=  0 time(t)= 0.10001  Scenario  PARKED current logical time  155.0 current simulation time  0.31
20:14:17.350 [main] INFO  AV.VCU - ABS Speed : 50 ABS_Event_Status    : KAOUFAFjJh & current time is  155.0  message time is 153.2 case 3
20:14:17.388 [main] INFO  AV.VCU - speed(t-1)=  0 time(t-1)= 0.10001  speed(t)=  0 time(t)= 0.10001  Scenario  PARKED current logical time  156.0 current simulation time  0.312
20:14:17.419 [main] INFO  AV.VCU - speed(t-1)=  0 time(t-1)= 0.10001  speed(t)=  0 time(t)= 0.10001  Scenario  PARKED current logical time  157.0 current simulation time  0.314
20:14:17.477 [main] INFO  AV.VCU - speed(t-1)=  0 time(t-1)= 0.10001  speed(t)=  0 time(t)= 0.10001  Scenario  PARKED current logical time  158.0 current simulation time  0.316
20:14:17.506 [main] INFO  AV.VCU - speed(t-1)=  0 time(t-1)= 0.10001  speed(t)=  0 time(t)= 0.10001  Scenario  PARKED current logical time  159.0 current simulation time  0.318
20:14:17.537 [main] INFO  AV.VCU - speed(t-1)=  0 time(t-1)= 0.10001  speed(t)=  0 time(t)= 0.10001  Scenario  PARKED current logical time  160.0 current simulation time  0.32
20:14:17.625 [main] INFO  AV.VCU - ABS Speed : 78 ABS_Event_Status    : KAOUFAFjJh & current time is  162.0  message time is 161.2 case 1
20:14:17.665 [main] INFO  AV.VCU - speed(t-1)=  0 time(t-1)= 0.10001  speed(t)=  0 time(t)= 0.10001  Scenario  PARKED current logical time  163.0 current simulation time  0.326
20:14:17.666 [main] INFO  AV.VCU - ABS Speed : 78 ABS_Event_Status    : KAOUFAFjJh & current time is  163.0  message time is 161.2 case 1
20:14:17.731 [main] INFO  AV.VCU - speed(t-1)=  0 time(t-1)= 0.10001  speed(t)=  0 time(t)= 0.10001  Scenario  PARKED current logical time  164.0 current simulation time  0.328
20:14:17.886 [main] INFO  AV.VCU - speed(t-1)=  0 time(t-1)= 0.10001  speed(t)=  0 time(t)= 0.10001  Scenario  PARKED current logical time  167.0 current simulation time  0.334
20:14:17.922 [main] INFO  AV.VCU - speed(t-1)=  0 time(t-1)= 0.10001  speed(t)=  0 time(t)= 0.10001  Scenario  PARKED current logical time  168.0 current simulation time  0.336
20:14:18.081 [main] INFO  AV.VCU - speed(t-1)=  0 time(t-1)= 0.10001  speed(t)=  0 time(t)= 0.10001  Scenario  PARKED current logical time  171.0 current simulation time  0.342
20:14:18.127 [main] INFO  AV.VCU - speed(t-1)=  0 time(t-1)= 0.10001  speed(t)=  0 time(t)= 0.10001  Scenario  PARKED current logical time  172.0 current simulation time  0.34400000000000003
20:14:18.227 [main] INFO  AV.VCU - ABS Speed : 78 ABS_Event_Status    : DilGJquUgm & current time is  174.0  message time is 173.2 case 3
20:14:18.286 [main] INFO  AV.VCU - speed(t-1)=  0 time(t-1)= 0.10001  speed(t)=  0 time(t)= 0.10001  Scenario  PARKED current logical time  175.0 current simulation time  0.35000000000000003
20:14:18.286 [main] INFO  AV.VCU - ABS Speed : 78 ABS_Event_Status    : DilGJquUgm & current time is  175.0  message time is 173.2 case 3
20:14:18.325 [main] INFO  AV.VCU - speed(t-1)=  0 time(t-1)= 0.10001  speed(t)=  0 time(t)= 0.10001  Scenario  PARKED current logical time  176.0 current simulation time  0.352
20:14:18.405 [main] INFO  AV.VCU - speed(t-1)=  0 time(t-1)= 0.10001  speed(t)=  0 time(t)= 0.10001  Scenario  PARKED current logical time  177.0 current simulation time  0.354
20:14:18.460 [main] INFO  AV.VCU - speed(t-1)=  0 time(t-1)= 0.10001  speed(t)=  0 time(t)= 0.10001  Scenario  PARKED current logical time  178.0 current simulation time  0.356
20:14:18.501 [main] INFO  AV.VCU - speed(t-1)=  0 time(t-1)= 0.10001  speed(t)=  0 time(t)= 0.10001  Scenario  PARKED current logical time  179.0 current simulation time  0.358
20:14:18.553 [main] INFO  AV.VCU - speed(t-1)=  0 time(t-1)= 0.10001  speed(t)=  0 time(t)= 0.10001  Scenario  PARKED current logical time  180.0 current simulation time  0.36
20:14:18.640 [main] INFO  AV.VCU - ABS Speed : 80 ABS_Event_Status    : DilGJquUgm & current time is  182.0  message time is 181.2 case 1
20:14:18.686 [main] INFO  AV.VCU - speed(t-1)=  0 time(t-1)= 0.10001  speed(t)=  0 time(t)= 0.10001  Scenario  PARKED current logical time  183.0 current simulation time  0.366
20:14:18.686 [main] INFO  AV.VCU - ABS Speed : 80 ABS_Event_Status    : DilGJquUgm & current time is  183.0  message time is 181.2 case 1
20:14:18.738 [main] INFO  AV.VCU - speed(t-1)=  0 time(t-1)= 0.10001  speed(t)=  0 time(t)= 0.10001  Scenario  PARKED current logical time  184.0 current simulation time  0.368
20:14:18.879 [main] INFO  AV.VCU - speed(t-1)=  0 time(t-1)= 0.10001  speed(t)=  0 time(t)= 0.10001  Scenario  PARKED current logical time  187.0 current simulation time  0.374
20:14:18.921 [main] INFO  AV.VCU - speed(t-1)=  0 time(t-1)= 0.10001  speed(t)=  0 time(t)= 0.10001  Scenario  PARKED current logical time  188.0 current simulation time  0.376
20:14:19.083 [main] INFO  AV.VCU - speed(t-1)=  0 time(t-1)= 0.10001  speed(t)=  0 time(t)= 0.10001  Scenario  PARKED current logical time  191.0 current simulation time  0.382
20:14:19.112 [main] INFO  AV.VCU - speed(t-1)=  0 time(t-1)= 0.10001  speed(t)=  0 time(t)= 0.10001  Scenario  PARKED current logical time  192.0 current simulation time  0.384
20:14:19.213 [main] INFO  AV.VCU - ABS Speed : 80 ABS_Event_Status    : HlNMNIHVOh & current time is  194.0  message time is 193.2 case 3
20:14:19.278 [main] INFO  AV.VCU - speed(t-1)=  0 time(t-1)= 0.10001  speed(t)=  0 time(t)= 0.10001  Scenario  PARKED current logical time  195.0 current simulation time  0.39
20:14:19.278 [main] INFO  AV.VCU - ABS Speed : 80 ABS_Event_Status    : HlNMNIHVOh & current time is  195.0  message time is 193.2 case 3
20:14:19.306 [main] INFO  AV.VCU - speed(t-1)=  0 time(t-1)= 0.10001  speed(t)=  0 time(t)= 0.10001  Scenario  PARKED current logical time  196.0 current simulation time  0.392
20:14:19.378 [main] INFO  AV.VCU - speed(t-1)=  0 time(t-1)= 0.10001  speed(t)=  0 time(t)= 0.10001  Scenario  PARKED current logical time  197.0 current simulation time  0.394
20:14:19.400 [main] INFO  AV.VCU - speed(t-1)=  0 time(t-1)= 0.10001  speed(t)=  0 time(t)= 0.10001  Scenario  PARKED current logical time  198.0 current simulation time  0.396
20:14:19.482 [main] INFO  AV.VCU - speed(t-1)=  0 time(t-1)= 0.10001  speed(t)=  0 time(t)= 0.10001  Scenario  PARKED current logical time  199.0 current simulation time  0.398
20:14:19.515 [main] INFO  AV.VCU - speed(t-1)=  0 time(t-1)= 0.10001  speed(t)=  0 time(t)= 0.10001  Scenario  PARKED current logical time  200.0 current simulation time  0.4
20:14:19.626 [main] INFO  AV.VCU - ABS Speed : 80 ABS_Event_Status    : HlNMNIHVOh & current time is  202.0  message time is 201.2 case 1
20:14:19.682 [main] INFO  AV.VCU - speed(t-1)=  0 time(t-1)= 0.10001  speed(t)=  0 time(t)= 0.10001  Scenario  PARKED current logical time  203.0 current simulation time  0.406
20:14:19.683 [main] INFO  AV.VCU - ABS Speed : 80 ABS_Event_Status    : HlNMNIHVOh & current time is  203.0  message time is 201.2 case 1
20:14:19.730 [main] INFO  AV.VCU - speed(t-1)=  0 time(t-1)= 0.10001  speed(t)=  0 time(t)= 0.10001  Scenario  PARKED current logical time  204.0 current simulation time  0.40800000000000003
20:14:19.878 [main] INFO  AV.VCU - speed(t-1)=  0 time(t-1)= 0.10001  speed(t)=  0 time(t)= 0.10001  Scenario  PARKED current logical time  207.0 current simulation time  0.41400000000000003
20:14:19.909 [main] INFO  AV.VCU - speed(t-1)=  0 time(t-1)= 0.10001  speed(t)=  0 time(t)= 0.10001  Scenario  PARKED current logical time  208.0 current simulation time  0.41600000000000004
20:14:20.107 [main] INFO  AV.VCU - speed(t-1)=  0 time(t-1)= 0.10001  speed(t)=  0 time(t)= 0.10001  Scenario  PARKED current logical time  211.0 current simulation time  0.422
20:14:20.138 [main] INFO  AV.VCU - speed(t-1)=  0 time(t-1)= 0.10001  speed(t)=  0 time(t)= 0.10001  Scenario  PARKED current logical time  212.0 current simulation time  0.424
20:14:20.201 [main] INFO  AV.VCU - ABS Speed : 80 ABS_Event_Status    : icjPjyZsGX & current time is  214.0  message time is 213.2 case 3
20:14:20.232 [main] INFO  AV.VCU - speed(t-1)=  0 time(t-1)= 0.10001  speed(t)=  0 time(t)= 0.10001  Scenario  PARKED current logical time  215.0 current simulation time  0.43
20:14:20.233 [main] INFO  AV.VCU - ABS Speed : 80 ABS_Event_Status    : icjPjyZsGX & current time is  215.0  message time is 213.2 case 3
20:14:20.254 [main] INFO  AV.VCU - speed(t-1)=  0 time(t-1)= 0.10001  speed(t)=  0 time(t)= 0.10001  Scenario  PARKED current logical time  216.0 current simulation time  0.432
20:14:20.288 [main] INFO  AV.VCU - speed(t-1)=  0 time(t-1)= 0.10001  speed(t)=  0 time(t)= 0.10001  Scenario  PARKED current logical time  217.0 current simulation time  0.434
20:14:20.320 [main] INFO  AV.VCU - speed(t-1)=  0 time(t-1)= 0.10001  speed(t)=  0 time(t)= 0.10001  Scenario  PARKED current logical time  218.0 current simulation time  0.436
20:14:20.363 [main] INFO  AV.VCU - speed(t-1)=  0 time(t-1)= 0.10001  speed(t)=  0 time(t)= 0.10001  Scenario  PARKED current logical time  219.0 current simulation time  0.438
20:14:20.416 [main] INFO  AV.VCU - speed(t-1)=  0 time(t-1)= 0.10001  speed(t)=  0 time(t)= 0.10001  Scenario  PARKED current logical time  220.0 current simulation time  0.44
20:14:20.475 [main] INFO  AV.VCU - ABS Speed : 65 ABS_Event_Status    : icjPjyZsGX & current time is  222.0  message time is 221.2 case 1
20:14:20.504 [main] INFO  AV.VCU - speed(t-1)=  0 time(t-1)= 0.10001  speed(t)=  0 time(t)= 0.10001  Scenario  PARKED current logical time  223.0 current simulation time  0.446
20:14:20.505 [main] INFO  AV.VCU - ABS Speed : 65 ABS_Event_Status    : icjPjyZsGX & current time is  223.0  message time is 221.2 case 1
20:14:20.537 [main] INFO  AV.VCU - speed(t-1)=  0 time(t-1)= 0.10001  speed(t)=  0 time(t)= 0.10001  Scenario  PARKED current logical time  224.0 current simulation time  0.448
20:14:20.650 [main] INFO  AV.VCU - speed(t-1)=  0 time(t-1)= 0.10001  speed(t)=  0 time(t)= 0.10001  Scenario  PARKED current logical time  227.0 current simulation time  0.454
20:14:20.693 [main] INFO  AV.VCU - speed(t-1)=  0 time(t-1)= 0.10001  speed(t)=  0 time(t)= 0.10001  Scenario  PARKED current logical time  228.0 current simulation time  0.456
20:14:20.847 [main] INFO  AV.VCU - speed(t-1)=  0 time(t-1)= 0.10001  speed(t)=  0 time(t)= 0.10001  Scenario  PARKED current logical time  231.0 current simulation time  0.462
20:14:20.901 [main] INFO  AV.VCU - speed(t-1)=  0 time(t-1)= 0.10001  speed(t)=  0 time(t)= 0.10001  Scenario  PARKED current logical time  232.0 current simulation time  0.464
20:14:20.995 [main] INFO  AV.VCU - ABS Speed : 65 ABS_Event_Status    : jntXWRYeYP & current time is  234.0  message time is 233.2 case 3
20:14:21.037 [main] INFO  AV.VCU - speed(t-1)=  0 time(t-1)= 0.10001  speed(t)=  0 time(t)= 0.10001  Scenario  PARKED current logical time  235.0 current simulation time  0.47000000000000003
20:14:21.037 [main] INFO  AV.VCU - ABS Speed : 65 ABS_Event_Status    : jntXWRYeYP & current time is  235.0  message time is 233.2 case 3
20:14:21.093 [main] INFO  AV.VCU - speed(t-1)=  0 time(t-1)= 0.10001  speed(t)=  0 time(t)= 0.10001  Scenario  PARKED current logical time  236.0 current simulation time  0.47200000000000003
20:14:21.131 [main] INFO  AV.VCU - speed(t-1)=  0 time(t-1)= 0.10001  speed(t)=  0 time(t)= 0.10001  Scenario  PARKED current logical time  237.0 current simulation time  0.47400000000000003
20:14:21.165 [main] INFO  AV.VCU - speed(t-1)=  0 time(t-1)= 0.10001  speed(t)=  0 time(t)= 0.10001  Scenario  PARKED current logical time  238.0 current simulation time  0.47600000000000003
20:14:21.228 [main] INFO  AV.VCU - speed(t-1)=  0 time(t-1)= 0.10001  speed(t)=  0 time(t)= 0.10001  Scenario  PARKED current logical time  239.0 current simulation time  0.47800000000000004
20:14:21.249 [main] INFO  AV.VCU - speed(t-1)=  0 time(t-1)= 0.10001  speed(t)=  0 time(t)= 0.10001  Scenario  PARKED current logical time  240.0 current simulation time  0.48
20:14:21.360 [main] INFO  AV.VCU - ABS Speed : 58 ABS_Event_Status    : jntXWRYeYP & current time is  242.0  message time is 241.2 case 1
20:14:21.435 [main] INFO  AV.VCU - speed(t-1)=  0 time(t-1)= 0.10001  speed(t)=  0 time(t)= 0.10001  Scenario  PARKED current logical time  243.0 current simulation time  0.486
20:14:21.436 [main] INFO  AV.VCU - ABS Speed : 58 ABS_Event_Status    : jntXWRYeYP & current time is  243.0  message time is 241.2 case 1
20:14:21.471 [main] INFO  AV.VCU - speed(t-1)=  0 time(t-1)= 0.10001  speed(t)=  0 time(t)= 0.10001  Scenario  PARKED current logical time  244.0 current simulation time  0.488
20:14:21.623 [main] INFO  AV.VCU - speed(t-1)=  0 time(t-1)= 0.10001  speed(t)=  0 time(t)= 0.10001  Scenario  PARKED current logical time  247.0 current simulation time  0.494
20:14:21.670 [main] INFO  AV.VCU - speed(t-1)=  0 time(t-1)= 0.10001  speed(t)=  0 time(t)= 0.10001  Scenario  PARKED current logical time  248.0 current simulation time  0.496
20:14:21.809 [main] INFO  AV.VCU - speed(t-1)=  0 time(t-1)= 0.10001  speed(t)=  0 time(t)= 0.10001  Scenario  PARKED current logical time  251.0 current simulation time  0.502
20:14:21.849 [main] INFO  AV.VCU - speed(t-1)=  0 time(t-1)= 0.10001  speed(t)=  0 time(t)= 0.10001  Scenario  PARKED current logical time  252.0 current simulation time  0.504
20:14:21.946 [main] INFO  AV.VCU - ABS Speed : 58 ABS_Event_Status    : uiCxhygVJn & current time is  254.0  message time is 253.2 case 3
20:14:22.004 [main] INFO  AV.VCU - speed(t-1)=  0 time(t-1)= 0.10001  speed(t)=  0 time(t)= 0.10001  Scenario  PARKED current logical time  255.0 current simulation time  0.51
20:14:22.004 [main] INFO  AV.VCU - ABS Speed : 58 ABS_Event_Status    : uiCxhygVJn & current time is  255.0  message time is 253.2 case 3
20:14:22.047 [main] INFO  AV.VCU - speed(t-1)=  0 time(t-1)= 0.10001  speed(t)=  0 time(t)= 0.10001  Scenario  PARKED current logical time  256.0 current simulation time  0.512
20:14:22.093 [main] INFO  AV.VCU - speed(t-1)=  0 time(t-1)= 0.10001  speed(t)=  0 time(t)= 0.10001  Scenario  PARKED current logical time  257.0 current simulation time  0.514
20:14:22.132 [main] INFO  AV.VCU - speed(t-1)=  0 time(t-1)= 0.10001  speed(t)=  0 time(t)= 0.10001  Scenario  PARKED current logical time  258.0 current simulation time  0.516
20:14:22.159 [main] INFO  AV.VCU - speed(t-1)=  0 time(t-1)= 0.10001  speed(t)=  0 time(t)= 0.10001  Scenario  PARKED current logical time  259.0 current simulation time  0.518
20:14:22.185 [main] INFO  AV.VCU - speed(t-1)=  0 time(t-1)= 0.10001  speed(t)=  0 time(t)= 0.10001  Scenario  PARKED current logical time  260.0 current simulation time  0.52
20:14:22.254 [main] INFO  AV.VCU - ABS Speed : 54 ABS_Event_Status    : uiCxhygVJn & current time is  262.0  message time is 261.2 case 1
20:14:22.282 [main] INFO  AV.VCU - speed(t-1)=  0 time(t-1)= 0.10001  speed(t)=  0 time(t)= 0.10001  Scenario  PARKED current logical time  263.0 current simulation time  0.526
20:14:22.282 [main] INFO  AV.VCU - ABS Speed : 54 ABS_Event_Status    : uiCxhygVJn & current time is  263.0  message time is 261.2 case 1
20:14:22.309 [main] INFO  AV.VCU - speed(t-1)=  0 time(t-1)= 0.10001  speed(t)=  0 time(t)= 0.10001  Scenario  PARKED current logical time  264.0 current simulation time  0.528
20:14:22.402 [main] INFO  AV.VCU - speed(t-1)=  0 time(t-1)= 0.10001  speed(t)=  0 time(t)= 0.10001  Scenario  PARKED current logical time  267.0 current simulation time  0.534
20:14:22.428 [main] INFO  AV.VCU - speed(t-1)=  0 time(t-1)= 0.10001  speed(t)=  0 time(t)= 0.10001  Scenario  PARKED current logical time  268.0 current simulation time  0.536
20:14:22.528 [main] INFO  AV.VCU - speed(t-1)=  0 time(t-1)= 0.10001  speed(t)=  0 time(t)= 0.10001  Scenario  PARKED current logical time  271.0 current simulation time  0.542
20:14:22.556 [main] INFO  AV.VCU - speed(t-1)=  0 time(t-1)= 0.10001  speed(t)=  0 time(t)= 0.10001  Scenario  PARKED current logical time  272.0 current simulation time  0.544
20:14:22.610 [main] INFO  AV.VCU - ABS Speed : 54 ABS_Event_Status    : bjjceJAmrP & current time is  274.0  message time is 273.2 case 3
20:14:22.649 [main] INFO  AV.VCU - speed(t-1)=  0 time(t-1)= 0.10001  speed(t)=  0 time(t)= 0.10001  Scenario  PARKED current logical time  275.0 current simulation time  0.55
20:14:22.650 [main] INFO  AV.VCU - ABS Speed : 54 ABS_Event_Status    : bjjceJAmrP & current time is  275.0  message time is 273.2 case 3
20:14:22.677 [main] INFO  AV.VCU - speed(t-1)=  0 time(t-1)= 0.10001  speed(t)=  0 time(t)= 0.10001  Scenario  PARKED current logical time  276.0 current simulation time  0.552
20:14:22.711 [main] INFO  AV.VCU - speed(t-1)=  0 time(t-1)= 0.10001  speed(t)=  0 time(t)= 0.10001  Scenario  PARKED current logical time  277.0 current simulation time  0.554
20:14:22.737 [main] INFO  AV.VCU - speed(t-1)=  0 time(t-1)= 0.10001  speed(t)=  0 time(t)= 0.10001  Scenario  PARKED current logical time  278.0 current simulation time  0.556
20:14:22.764 [main] INFO  AV.VCU - speed(t-1)=  0 time(t-1)= 0.10001  speed(t)=  0 time(t)= 0.10001  Scenario  PARKED current logical time  279.0 current simulation time  0.558
20:14:22.791 [main] INFO  AV.VCU - speed(t-1)=  0 time(t-1)= 0.10001  speed(t)=  0 time(t)= 0.10001  Scenario  PARKED current logical time  280.0 current simulation time  0.56
20:14:22.856 [main] INFO  AV.VCU - ABS Speed : 54 ABS_Event_Status    : bjjceJAmrP & current time is  282.0  message time is 281.2 case 1
20:14:22.882 [main] INFO  AV.VCU - speed(t-1)=  0 time(t-1)= 0.10001  speed(t)=  0 time(t)= 0.10001  Scenario  PARKED current logical time  283.0 current simulation time  0.5660000000000001
20:14:22.883 [main] INFO  AV.VCU - ABS Speed : 54 ABS_Event_Status    : bjjceJAmrP & current time is  283.0  message time is 281.2 case 1
20:14:22.922 [main] INFO  AV.VCU - speed(t-1)=  0 time(t-1)= 0.10001  speed(t)=  0 time(t)= 0.10001  Scenario  PARKED current logical time  284.0 current simulation time  0.5680000000000001
20:14:23.013 [main] INFO  AV.VCU - speed(t-1)=  0 time(t-1)= 0.10001  speed(t)=  0 time(t)= 0.10001  Scenario  PARKED current logical time  287.0 current simulation time  0.5740000000000001
20:14:23.040 [main] INFO  AV.VCU - speed(t-1)=  0 time(t-1)= 0.10001  speed(t)=  0 time(t)= 0.10001  Scenario  PARKED current logical time  288.0 current simulation time  0.5760000000000001
20:14:23.134 [main] INFO  AV.VCU - speed(t-1)=  0 time(t-1)= 0.10001  speed(t)=  0 time(t)= 0.10001  Scenario  PARKED current logical time  291.0 current simulation time  0.582
20:14:23.166 [main] INFO  AV.VCU - speed(t-1)=  0 time(t-1)= 0.10001  speed(t)=  0 time(t)= 0.10001  Scenario  PARKED current logical time  292.0 current simulation time  0.584
20:14:23.220 [main] INFO  AV.VCU - ABS Speed : 54 ABS_Event_Status    : gPkZvfUtHV & current time is  294.0  message time is 293.2 case 3
20:14:23.246 [main] INFO  AV.VCU - speed(t-1)=  0 time(t-1)= 0.10001  speed(t)=  0 time(t)= 0.10001  Scenario  PARKED current logical time  295.0 current simulation time  0.59
20:14:23.247 [main] INFO  AV.VCU - ABS Speed : 54 ABS_Event_Status    : gPkZvfUtHV & current time is  295.0  message time is 293.2 case 3
20:14:23.285 [main] INFO  AV.VCU - speed(t-1)=  0 time(t-1)= 0.10001  speed(t)=  0 time(t)= 0.10001  Scenario  PARKED current logical time  296.0 current simulation time  0.592
20:14:23.314 [main] INFO  AV.VCU - speed(t-1)=  0 time(t-1)= 0.10001  speed(t)=  0 time(t)= 0.10001  Scenario  PARKED current logical time  297.0 current simulation time  0.594
20:14:23.341 [main] INFO  AV.VCU - speed(t-1)=  0 time(t-1)= 0.10001  speed(t)=  0 time(t)= 0.10001  Scenario  PARKED current logical time  298.0 current simulation time  0.596
20:14:23.378 [main] INFO  AV.VCU - speed(t-1)=  0 time(t-1)= 0.10001  speed(t)=  0 time(t)= 0.10001  Scenario  PARKED current logical time  299.0 current simulation time  0.598
20:14:23.405 [main] INFO  AV.VCU - speed(t-1)=  0 time(t-1)= 0.10001  speed(t)=  0 time(t)= 0.10001  Scenario  PARKED current logical time  300.0 current simulation time  0.6
20:14:23.462 [main] INFO  AV.VCU - ABS Speed : 58 ABS_Event_Status    : gPkZvfUtHV & current time is  302.0  message time is 301.2 case 1
20:14:23.498 [main] INFO  AV.VCU - speed(t-1)=  0 time(t-1)= 0.10001  speed(t)=  0 time(t)= 0.10001  Scenario  PARKED current logical time  303.0 current simulation time  0.606
20:14:23.499 [main] INFO  AV.VCU - ABS Speed : 58 ABS_Event_Status    : gPkZvfUtHV & current time is  303.0  message time is 301.2 case 1
20:14:23.526 [main] INFO  AV.VCU - speed(t-1)=  0 time(t-1)= 0.10001  speed(t)=  0 time(t)= 0.10001  Scenario  PARKED current logical time  304.0 current simulation time  0.608
20:14:23.615 [main] INFO  AV.VCU - speed(t-1)=  0 time(t-1)= 0.10001  speed(t)=  0 time(t)= 0.10001  Scenario  PARKED current logical time  307.0 current simulation time  0.614
20:14:23.641 [main] INFO  AV.VCU - speed(t-1)=  0 time(t-1)= 0.10001  speed(t)=  0 time(t)= 0.10001  Scenario  PARKED current logical time  308.0 current simulation time  0.616
20:14:23.734 [main] INFO  AV.VCU - speed(t-1)=  0 time(t-1)= 0.10001  speed(t)=  0 time(t)= 0.10001  Scenario  PARKED current logical time  311.0 current simulation time  0.622
20:14:23.773 [main] INFO  AV.VCU - speed(t-1)=  0 time(t-1)= 0.10001  speed(t)=  0 time(t)= 0.10001  Scenario  PARKED current logical time  312.0 current simulation time  0.624
20:14:23.829 [main] INFO  AV.VCU - ABS Speed : 58 ABS_Event_Status    : GXOgCovMid & current time is  314.0  message time is 313.2 case 3
20:14:23.857 [main] INFO  AV.VCU - speed(t-1)=  0 time(t-1)= 0.10001  speed(t)=  0 time(t)= 0.10001  Scenario  PARKED current logical time  315.0 current simulation time  0.63
20:14:23.857 [main] INFO  AV.VCU - ABS Speed : 58 ABS_Event_Status    : GXOgCovMid & current time is  315.0  message time is 313.2 case 3
20:14:23.887 [main] INFO  AV.VCU - speed(t-1)=  0 time(t-1)= 0.10001  speed(t)=  0 time(t)= 0.10001  Scenario  PARKED current logical time  316.0 current simulation time  0.632
^C20:14:23.917 [main] INFO  AV.VCU - speed(t-1)=  0 time(t-1)= 0.10001  speed(t)=  0 time(t)= 0.10001  Scenario  PARKED current logical time  317.0 current simulation time  0.634
