
-------------------------------------------------------------------
GMS: address=vagrant-13661, cluster=AV, physical address=10.0.2.15:48239
-------------------------------------------------------------------
02:39:35.150 [main] INFO  AV.VCU - waiting on readyToRun...
02:39:35.406 [main] INFO  AV.VCU - ...synchronized on readyToRun
02:39:35.409 [main] INFO  AV.VCU - started logical time progression
speed0 time 0.0
speed0 time 0.0
02:39:35.412 [main] INFO  AV.VCU -  OSD 00 currentime 0.0
speed0 time 1.0
speed0 time 1.0
02:39:35.673 [main] INFO  AV.VCU -  OSD 11 currentime 1.0
speed0 time 2.0
speed0 time 2.0
02:39:36.560 [main] INFO  AV.VCU -  OSD 22 currentime 2.0
speed0 time 3.0
speed0 time 3.0
02:39:36.613 [main] INFO  AV.VCU -  OSD 33 currentime 3.0
speed0 time 4.0
speed0 time 5.0
speed0 time 6.0
speed0 time 7.0
speed0 time 8.0
speed0 time 9.0
speed0 time 10.0
speed0 time 11.0
speed0 time 12.0
speed0 time 13.0
speed0 time 14.0
speed0 time 15.0
speed0 time 16.0
speed0 time 17.0
speed0 time 18.0
speed0 time 19.0
speed0 time 20.0
speed0 time 20.0
02:39:37.878 [main] INFO  AV.VCU -  OSD 00 currentime 20.0
speed0 time 21.0
speed0 time 21.0
02:39:37.938 [main] INFO  AV.VCU -  OSD 11 currentime 21.0
speed0 time 22.0
speed0 time 22.0
02:39:38.062 [main] INFO  AV.VCU -  OSD 22 currentime 22.0
speed0 time 23.0
speed0 time 23.0
02:39:38.140 [main] INFO  AV.VCU -  OSD 33 currentime 23.0
speed0 time 24.0
speed0 time 25.0
speed0 time 26.0
speed0 time 27.0
speed0 time 28.0
speed0 time 29.0
speed0 time 30.0
speed0 time 31.0
speed0 time 32.0
speed0 time 33.0
speed0 time 34.0
speed0 time 35.0
speed0 time 36.0
speed0 time 37.0
speed0 time 38.0
speed0 time 39.0
speed0 time 40.0
speed0 time 40.0
02:39:39.400 [main] INFO  AV.VCU -  OSD 00 currentime 40.0
speed0 time 41.0
speed0 time 41.0
02:39:39.451 [main] INFO  AV.VCU -  OSD 11 currentime 41.0
speed0 time 42.0
speed0 time 42.0
02:39:39.531 [main] INFO  AV.VCU -  OSD 22 currentime 42.0
speed0 time 43.0
speed0 time 43.0
02:39:39.585 [main] INFO  AV.VCU -  OSD 33 currentime 43.0
speed0 time 44.0
speed0 time 45.0
speed0 time 46.0
speed0 time 47.0
speed0 time 48.0
speed0 time 49.0
speed0 time 50.0
speed0 time 51.0
speed0 time 52.0
speed0 time 53.0
speed0 time 54.0
speed0 time 55.0
speed0 time 56.0
speed0 time 57.0
speed0 time 58.0
speed0 time 59.0
speed0 time 60.0
speed0 time 60.0
02:39:40.742 [main] INFO  AV.VCU -  OSD 00 currentime 60.0
speed0 time 61.0
speed0 time 61.0
02:39:40.775 [main] INFO  AV.VCU -  OSD 11 currentime 61.0
speed0 time 62.0
speed0 time 62.0
02:39:40.872 [main] INFO  AV.VCU -  OSD 22 currentime 62.0
speed0 time 63.0
speed0 time 63.0
02:39:40.926 [main] INFO  AV.VCU -  OSD 33 currentime 63.0
speed0 time 64.0
speed0 time 65.0
speed0 time 66.0
speed0 time 67.0
speed0 time 68.0
speed0 time 69.0
speed0 time 70.0
speed0 time 71.0
speed0 time 72.0
speed0 time 73.0
speed0 time 74.0
speed0 time 75.0
speed0 time 76.0
speed0 time 77.0
speed0 time 78.0
speed0 time 79.0
speed0 time 80.0
speed0 time 80.0
02:39:42.213 [main] INFO  AV.VCU -  OSD 00 currentime 80.0
speed0 time 81.0
speed0 time 81.0
02:39:42.278 [main] INFO  AV.VCU -  OSD 11 currentime 81.0
speed0 time 82.0
speed0 time 82.0
02:39:42.338 [main] INFO  AV.VCU -  OSD 22 currentime 82.0
speed0 time 83.0
speed0 time 83.0
02:39:42.434 [main] INFO  AV.VCU -  OSD 33 currentime 83.0
speed0 time 84.0
speed0 time 85.0
speed0 time 86.0
speed0 time 87.0
speed0 time 88.0
speed0 time 89.0
speed0 time 90.0
speed0 time 91.0
speed0 time 92.0
speed0 time 93.0
speed0 time 94.0
speed0 time 95.0
speed0 time 96.0
speed0 time 97.0
speed0 time 98.0
speed0 time 99.0
speed0 time 100.0
speed0 time 100.0
02:39:43.448 [main] INFO  AV.VCU -  OSD 00 currentime 100.0
speed0 time 101.0
speed0 time 101.0
02:39:43.499 [main] INFO  AV.VCU -  OSD 11 currentime 101.0
speed0 time 102.0
speed0 time 102.0
02:39:43.550 [main] INFO  AV.VCU -  OSD 22 currentime 102.0
speed0 time 103.0
speed0 time 103.0
02:39:43.610 [main] INFO  AV.VCU -  OSD 33 currentime 103.0
speed0 time 104.0
speed0 time 105.0
speed0 time 106.0
speed0 time 107.0
speed0 time 108.0
speed0 time 109.0
speed0 time 110.0
speed0 time 111.0
speed0 time 112.0
speed0 time 113.0
speed0 time 114.0
speed0 time 115.0
speed0 time 116.0
speed0 time 117.0
speed0 time 118.0
speed0 time 119.0
speed0 time 120.0
speed0 time 120.0
02:39:44.600 [main] INFO  AV.VCU -  OSD 00 currentime 120.0
speed0 time 121.0
speed0 time 121.0
02:39:44.651 [main] INFO  AV.VCU -  OSD 11 currentime 121.0
speed0 time 122.0
speed0 time 122.0
02:39:44.719 [main] INFO  AV.VCU -  OSD 22 currentime 122.0
speed0 time 123.0
speed0 time 123.0
02:39:44.777 [main] INFO  AV.VCU -  OSD 33 currentime 123.0
speed0 time 124.0
speed0 time 125.0
speed0 time 126.0
speed0 time 127.0
speed0 time 128.0
speed0 time 129.0
speed0 time 130.0
speed0 time 131.0
speed0 time 132.0
speed0 time 133.0
speed0 time 134.0
speed0 time 135.0
speed0 time 136.0
speed0 time 137.0
speed0 time 138.0
speed0 time 139.0
speed0 time 140.0
speed0 time 140.0
02:39:45.766 [main] INFO  AV.VCU -  OSD 00 currentime 140.0
speed0 time 141.0
speed0 time 141.0
02:39:45.822 [main] INFO  AV.VCU -  OSD 11 currentime 141.0
speed0 time 142.0
speed0 time 142.0
02:39:45.883 [main] INFO  AV.VCU -  OSD 22 currentime 142.0
speed0 time 143.0
speed0 time 143.0
02:39:45.918 [main] INFO  AV.VCU -  OSD 33 currentime 143.0
speed0 time 144.0
speed0 time 145.0
speed0 time 146.0
speed0 time 147.0
speed0 time 148.0
speed0 time 149.0
speed0 time 150.0
speed0 time 151.0
speed0 time 152.0
speed0 time 153.0
speed0 time 154.0
speed0 time 155.0
speed0 time 156.0
speed0 time 157.0
speed0 time 158.0
speed0 time 159.0
speed0 time 160.0
speed0 time 160.0
02:39:46.823 [main] INFO  AV.VCU -  OSD 00 currentime 160.0
speed0 time 161.0
speed0 time 161.0
02:39:46.980 [main] INFO  AV.VCU -  OSD 11 currentime 161.0
speed0 time 162.0
speed0 time 162.0
02:39:47.041 [main] INFO  AV.VCU -  OSD 22 currentime 162.0
speed0 time 163.0
speed0 time 163.0
02:39:47.098 [main] INFO  AV.VCU -  OSD 33 currentime 163.0
speed0 time 164.0
speed0 time 165.0
speed0 time 166.0
speed0 time 167.0
speed0 time 168.0
speed0 time 169.0
speed0 time 170.0
speed0 time 171.0
speed0 time 172.0
speed0 time 173.0
speed0 time 174.0
speed0 time 175.0
speed0 time 176.0
speed0 time 177.0
speed0 time 178.0
speed0 time 179.0
speed0 time 180.0
speed0 time 180.0
02:39:48.081 [main] INFO  AV.VCU -  OSD 00 currentime 180.0
speed0 time 181.0
speed0 time 181.0
02:39:48.138 [main] INFO  AV.VCU -  OSD 11 currentime 181.0
speed0 time 182.0
speed0 time 182.0
02:39:48.190 [main] INFO  AV.VCU -  OSD 22 currentime 182.0
speed0 time 183.0
speed0 time 183.0
02:39:48.245 [main] INFO  AV.VCU -  OSD 33 currentime 183.0
speed0 time 184.0
speed0 time 185.0
speed0 time 186.0
speed0 time 187.0
speed0 time 188.0
speed0 time 189.0
speed0 time 190.0
speed0 time 191.0
speed0 time 192.0
speed0 time 193.0
speed0 time 194.0
speed0 time 195.0
speed0 time 196.0
speed0 time 197.0
speed0 time 198.0
speed0 time 199.0
speed0 time 200.0
speed0 time 200.0
02:39:49.690 [main] INFO  AV.VCU -  OSD 00 currentime 200.0
speed0 time 201.0
speed0 time 201.0
02:39:49.737 [main] INFO  AV.VCU -  OSD 11 currentime 201.0
speed0 time 202.0
speed0 time 202.0
02:39:49.787 [main] INFO  AV.VCU -  OSD 22 currentime 202.0
speed0 time 203.0
speed0 time 203.0
02:39:49.842 [main] INFO  AV.VCU -  OSD 33 currentime 203.0
speed0 time 204.0
speed0 time 205.0
speed0 time 206.0
speed0 time 207.0
speed0 time 208.0
speed0 time 209.0
speed0 time 210.0
speed0 time 211.0
speed0 time 212.0
speed0 time 213.0
speed0 time 214.0
speed0 time 215.0
speed0 time 216.0
speed0 time 217.0
speed0 time 218.0
speed0 time 219.0
speed0 time 220.0
speed0 time 220.0
02:39:51.011 [main] INFO  AV.VCU -  OSD 00 currentime 220.0
speed0 time 221.0
speed0 time 221.0
02:39:51.064 [main] INFO  AV.VCU -  OSD 11 currentime 221.0
speed0 time 222.0
speed0 time 222.0
02:39:51.111 [main] INFO  AV.VCU -  OSD 22 currentime 222.0
speed0 time 223.0
speed0 time 223.0
02:39:51.161 [main] INFO  AV.VCU -  OSD 33 currentime 223.0
speed0 time 224.0
speed0 time 225.0
speed0 time 226.0
speed0 time 227.0
speed0 time 228.0
speed0 time 229.0
speed0 time 230.0
speed0 time 231.0
speed0 time 232.0
speed0 time 233.0
speed0 time 234.0
speed0 time 235.0
speed0 time 236.0
speed0 time 237.0
speed0 time 238.0
speed0 time 239.0
speed0 time 240.0
speed0 time 240.0
02:39:52.040 [main] INFO  AV.VCU -  OSD 00 currentime 240.0
speed0 time 241.0
speed0 time 241.0
02:39:52.114 [main] INFO  AV.VCU -  OSD 11 currentime 241.0
speed0 time 242.0
speed0 time 242.0
02:39:52.162 [main] INFO  AV.VCU -  OSD 22 currentime 242.0
speed0 time 243.0
speed0 time 243.0
02:39:52.224 [main] INFO  AV.VCU -  OSD 33 currentime 243.0
speed0 time 244.0
speed0 time 245.0
speed0 time 246.0
speed0 time 247.0
speed0 time 248.0
speed0 time 249.0
speed0 time 250.0
speed0 time 251.0
speed0 time 252.0
speed0 time 253.0
speed0 time 254.0
speed0 time 255.0
speed0 time 256.0
speed0 time 257.0
speed0 time 258.0
speed0 time 259.0
speed0 time 260.0
speed0 time 260.0
02:39:53.182 [main] INFO  AV.VCU -  OSD 00 currentime 260.0
speed0 time 261.0
speed0 time 261.0
02:39:53.239 [main] INFO  AV.VCU -  OSD 11 currentime 261.0
speed0 time 262.0
speed0 time 262.0
02:39:53.294 [main] INFO  AV.VCU -  OSD 22 currentime 262.0
speed0 time 263.0
speed0 time 263.0
02:39:53.337 [main] INFO  AV.VCU -  OSD 33 currentime 263.0
speed0 time 264.0
speed0 time 265.0
speed0 time 266.0
speed0 time 267.0
speed0 time 268.0
speed0 time 269.0
speed0 time 270.0
speed0 time 271.0
speed0 time 272.0
speed0 time 273.0
speed0 time 274.0
speed0 time 275.0
speed0 time 276.0
speed0 time 277.0
speed0 time 278.0
speed0 time 279.0
speed0 time 280.0
speed0 time 280.0
02:39:54.270 [main] INFO  AV.VCU -  OSD 00 currentime 280.0
speed0 time 281.0
speed0 time 281.0
02:39:54.333 [main] INFO  AV.VCU -  OSD 11 currentime 281.0
speed0 time 282.0
speed0 time 282.0
02:39:54.410 [main] INFO  AV.VCU -  OSD 22 currentime 282.0
speed0 time 283.0
speed0 time 283.0
02:39:54.465 [main] INFO  AV.VCU -  OSD 33 currentime 283.0
speed0 time 284.0
speed0 time 285.0
speed0 time 286.0
speed0 time 287.0
speed0 time 288.0
speed0 time 289.0
speed0 time 290.0
speed0 time 291.0
speed0 time 292.0
speed0 time 293.0
speed0 time 294.0
speed0 time 295.0
speed0 time 296.0
speed0 time 297.0
speed0 time 298.0
speed0 time 299.0
speed0 time 300.0
speed0 time 300.0
02:39:55.383 [main] INFO  AV.VCU -  OSD 00 currentime 300.0
speed0 time 301.0
speed0 time 301.0
02:39:55.444 [main] INFO  AV.VCU -  OSD 11 currentime 301.0
speed0 time 302.0
speed0 time 302.0
02:39:55.501 [main] INFO  AV.VCU -  OSD 22 currentime 302.0
speed0 time 303.0
speed0 time 303.0
02:39:55.545 [main] INFO  AV.VCU -  OSD 33 currentime 303.0
speed0 time 304.0
speed0 time 305.0
speed0 time 306.0
speed0 time 307.0
speed0 time 308.0
speed0 time 309.0
speed0 time 310.0
speed0 time 311.0
speed0 time 312.0
speed0 time 313.0
speed0 time 314.0
speed0 time 315.0
speed0 time 316.0
speed0 time 317.0
speed0 time 318.0
speed0 time 319.0
speed0 time 320.0
speed0 time 320.0
02:39:56.447 [main] INFO  AV.VCU -  OSD 00 currentime 320.0
speed0 time 321.0
speed0 time 321.0
02:39:56.502 [main] INFO  AV.VCU -  OSD 11 currentime 321.0
speed0 time 322.0
speed0 time 322.0
02:39:56.546 [main] INFO  AV.VCU -  OSD 22 currentime 322.0
speed0 time 323.0
speed0 time 323.0
02:39:56.600 [main] INFO  AV.VCU -  OSD 33 currentime 323.0
speed0 time 324.0
speed0 time 325.0
speed0 time 326.0
speed0 time 327.0
speed0 time 328.0
speed0 time 329.0
speed0 time 330.0
speed0 time 331.0
speed0 time 332.0
speed0 time 333.0
speed0 time 334.0
speed0 time 335.0
speed0 time 336.0
speed0 time 337.0
speed0 time 338.0
speed0 time 339.0
speed0 time 340.0
speed0 time 340.0
02:39:57.504 [main] INFO  AV.VCU -  OSD 00 currentime 340.0
speed0 time 341.0
speed0 time 341.0
02:39:57.554 [main] INFO  AV.VCU -  OSD 11 currentime 341.0
speed0 time 342.0
speed0 time 342.0
02:39:57.611 [main] INFO  AV.VCU -  OSD 22 currentime 342.0
speed0 time 343.0
speed0 time 343.0
02:39:57.651 [main] INFO  AV.VCU -  OSD 33 currentime 343.0
speed0 time 344.0
speed0 time 345.0
speed0 time 346.0
speed0 time 347.0
speed0 time 348.0
speed0 time 349.0
speed0 time 350.0
speed0 time 351.0
speed0 time 352.0
speed0 time 353.0
speed0 time 354.0
speed0 time 355.0
speed0 time 356.0
speed0 time 357.0
speed0 time 358.0
speed0 time 359.0
speed0 time 360.0
speed0 time 360.0
02:39:58.555 [main] INFO  AV.VCU -  OSD 00 currentime 360.0
speed0 time 361.0
speed0 time 361.0
02:39:58.601 [main] INFO  AV.VCU -  OSD 11 currentime 361.0
speed0 time 362.0
speed0 time 362.0
02:39:58.662 [main] INFO  AV.VCU -  OSD 22 currentime 362.0
speed0 time 363.0
speed0 time 363.0
02:39:58.701 [main] INFO  AV.VCU -  OSD 33 currentime 363.0
speed0 time 364.0
speed0 time 365.0
speed0 time 366.0
speed0 time 367.0
speed0 time 368.0
speed0 time 369.0
speed0 time 370.0
speed0 time 371.0
speed0 time 372.0
speed0 time 373.0
speed0 time 374.0
speed0 time 375.0
speed0 time 376.0
speed0 time 377.0
speed0 time 378.0
speed0 time 379.0
speed0 time 380.0
speed0 time 380.0
02:39:59.575 [main] INFO  AV.VCU -  OSD 00 currentime 380.0
speed0 time 381.0
speed0 time 381.0
02:39:59.630 [main] INFO  AV.VCU -  OSD 11 currentime 381.0
speed0 time 382.0
speed0 time 382.0
02:39:59.687 [main] INFO  AV.VCU -  OSD 22 currentime 382.0
speed0 time 383.0
speed0 time 383.0
02:39:59.742 [main] INFO  AV.VCU -  OSD 33 currentime 383.0
speed0 time 384.0
speed0 time 385.0
speed0 time 386.0
speed0 time 387.0
speed0 time 388.0
speed0 time 389.0
speed0 time 390.0
speed0 time 391.0
speed0 time 392.0
speed0 time 393.0
speed0 time 394.0
speed0 time 395.0
speed0 time 396.0
speed0 time 397.0
speed0 time 398.0
speed0 time 399.0
speed0 time 400.0
speed0 time 400.0
02:40:00.592 [main] INFO  AV.VCU -  OSD 00 currentime 400.0
speed0 time 401.0
speed0 time 401.0
02:40:00.644 [main] INFO  AV.VCU -  OSD 11 currentime 401.0
speed0 time 402.0
speed0 time 402.0
02:40:00.688 [main] INFO  AV.VCU -  OSD 22 currentime 402.0
speed0 time 403.0
speed0 time 403.0
02:40:00.730 [main] INFO  AV.VCU -  OSD 33 currentime 403.0
speed0 time 404.0
speed0 time 405.0
speed0 time 406.0
speed0 time 407.0
speed0 time 408.0
speed0 time 409.0
speed0 time 410.0
speed0 time 411.0
speed0 time 412.0
speed0 time 413.0
speed0 time 414.0
speed0 time 415.0
speed0 time 416.0
speed0 time 417.0
speed0 time 418.0
speed0 time 419.0
speed0 time 420.0
speed0 time 420.0
02:40:01.688 [main] INFO  AV.VCU -  OSD 00 currentime 420.0
speed0 time 421.0
speed0 time 421.0
02:40:01.731 [main] INFO  AV.VCU -  OSD 11 currentime 421.0
speed0 time 422.0
speed0 time 422.0
02:40:01.783 [main] INFO  AV.VCU -  OSD 22 currentime 422.0
speed0 time 423.0
speed0 time 423.0
02:40:01.837 [main] INFO  AV.VCU -  OSD 33 currentime 423.0
speed0 time 424.0
speed0 time 425.0
speed0 time 426.0
speed0 time 427.0
speed0 time 428.0
speed0 time 429.0
speed0 time 430.0
speed0 time 431.0
speed0 time 432.0
speed0 time 433.0
speed0 time 434.0
speed0 time 435.0
speed0 time 436.0
speed0 time 437.0
speed0 time 438.0
speed0 time 439.0
speed0 time 440.0
speed0 time 440.0
02:40:02.686 [main] INFO  AV.VCU -  OSD 00 currentime 440.0
speed0 time 441.0
speed0 time 441.0
02:40:02.729 [main] INFO  AV.VCU -  OSD 11 currentime 441.0
speed0 time 442.0
speed0 time 442.0
02:40:02.780 [main] INFO  AV.VCU -  OSD 22 currentime 442.0
speed0 time 443.0
speed0 time 443.0
02:40:02.835 [main] INFO  AV.VCU -  OSD 33 currentime 443.0
speed0 time 444.0
speed0 time 445.0
speed0 time 446.0
speed0 time 447.0
speed0 time 448.0
speed0 time 449.0
speed0 time 450.0
speed0 time 451.0
speed0 time 452.0
speed0 time 453.0
speed0 time 454.0
speed0 time 455.0
speed0 time 456.0
speed0 time 457.0
speed0 time 458.0
speed0 time 459.0
speed0 time 460.0
speed0 time 460.0
02:40:03.810 [main] INFO  AV.VCU -  OSD 00 currentime 460.0
speed0 time 461.0
speed0 time 461.0
02:40:03.859 [main] INFO  AV.VCU -  OSD 11 currentime 461.0
speed0 time 462.0
speed0 time 462.0
02:40:03.882 [main] INFO  AV.VCU -  OSD 22 currentime 462.0
speed0 time 463.0
speed0 time 463.0
02:40:03.930 [main] INFO  AV.VCU -  OSD 33 currentime 463.0
speed0 time 464.0
speed0 time 465.0
speed0 time 466.0
speed0 time 467.0
speed0 time 468.0
speed0 time 469.0
speed0 time 470.0
speed0 time 471.0
speed0 time 472.0
speed0 time 473.0
speed0 time 474.0
speed0 time 475.0
speed0 time 476.0
speed0 time 477.0
speed0 time 478.0
speed0 time 479.0
speed0 time 480.0
speed0 time 480.0
02:40:04.760 [main] INFO  AV.VCU -  OSD 00 currentime 480.0
speed0 time 481.0
speed0 time 481.0
02:40:04.823 [main] INFO  AV.VCU -  OSD 11 currentime 481.0
speed0 time 482.0
speed0 time 482.0
02:40:04.876 [main] INFO  AV.VCU -  OSD 22 currentime 482.0
speed0 time 483.0
speed0 time 483.0
02:40:04.922 [main] INFO  AV.VCU -  OSD 33 currentime 483.0
speed0 time 484.0
speed0 time 485.0
speed0 time 486.0
speed0 time 487.0
speed0 time 488.0
speed0 time 489.0
speed0 time 490.0
speed0 time 491.0
speed0 time 492.0
speed0 time 493.0
speed0 time 494.0
speed0 time 495.0
speed0 time 496.0
speed0 time 497.0
speed0 time 498.0
speed0 time 499.0
speed0 time 500.0
speed0 time 500.0
02:40:05.773 [main] INFO  AV.VCU -  OSD 00 currentime 500.0
speed0 time 501.0
speed0 time 501.0
02:40:05.841 [main] INFO  AV.VCU -  OSD 11 currentime 501.0
speed0 time 502.0
speed0 time 502.0
02:40:05.893 [main] INFO  AV.VCU -  OSD 22 currentime 502.0
speed0 time 503.0
speed0 time 503.0
02:40:05.947 [main] INFO  AV.VCU -  OSD 33 currentime 503.0
speed0 time 504.0
speed0 time 505.0
speed0 time 506.0
speed0 time 507.0
speed0 time 508.0
speed0 time 509.0
speed0 time 510.0
speed0 time 511.0
speed0 time 512.0
speed0 time 513.0
speed0 time 514.0
speed0 time 515.0
speed0 time 516.0
speed0 time 517.0
speed0 time 518.0
speed0 time 519.0
speed0 time 520.0
speed0 time 520.0
02:40:06.793 [main] INFO  AV.VCU -  OSD 00 currentime 520.0
speed0 time 521.0
speed0 time 521.0
02:40:06.836 [main] INFO  AV.VCU -  OSD 11 currentime 521.0
speed0 time 522.0
speed0 time 522.0
02:40:06.895 [main] INFO  AV.VCU -  OSD 22 currentime 522.0
speed0 time 523.0
speed0 time 523.0
02:40:06.941 [main] INFO  AV.VCU -  OSD 33 currentime 523.0
speed0 time 524.0
speed0 time 525.0
speed0 time 526.0
speed0 time 527.0
speed0 time 528.0
speed0 time 529.0
speed0 time 530.0
speed0 time 531.0
speed0 time 532.0
speed0 time 533.0
speed0 time 534.0
speed0 time 535.0
speed0 time 536.0
speed0 time 537.0
speed0 time 538.0
speed0 time 539.0
speed0 time 540.0
speed0 time 540.0
02:40:07.761 [main] INFO  AV.VCU -  OSD 00 currentime 540.0
speed0 time 541.0
speed0 time 541.0
02:40:07.819 [main] INFO  AV.VCU -  OSD 11 currentime 541.0
speed0 time 542.0
speed0 time 542.0
02:40:07.872 [main] INFO  AV.VCU -  OSD 22 currentime 542.0
speed0 time 543.0
speed0 time 543.0
02:40:07.914 [main] INFO  AV.VCU -  OSD 33 currentime 543.0
speed0 time 544.0
speed0 time 545.0
speed0 time 546.0
speed0 time 547.0
speed0 time 548.0
speed0 time 549.0
speed0 time 550.0
speed0 time 551.0
speed0 time 552.0
speed0 time 553.0
speed0 time 554.0
speed0 time 555.0
speed0 time 556.0
speed0 time 557.0
speed0 time 558.0
speed0 time 559.0
speed0 time 560.0
speed0 time 560.0
02:40:08.763 [main] INFO  AV.VCU -  OSD 00 currentime 560.0
speed0 time 561.0
speed0 time 561.0
02:40:08.806 [main] INFO  AV.VCU -  OSD 11 currentime 561.0
speed0 time 562.0
speed0 time 562.0
02:40:08.848 [main] INFO  AV.VCU -  OSD 22 currentime 562.0
speed0 time 563.0
speed0 time 563.0
02:40:08.905 [main] INFO  AV.VCU -  OSD 33 currentime 563.0
speed0 time 564.0
speed0 time 565.0
speed0 time 566.0
speed0 time 567.0
speed0 time 568.0
speed0 time 569.0
speed0 time 570.0
speed0 time 571.0
speed0 time 572.0
speed0 time 573.0
speed0 time 574.0
speed0 time 575.0
speed0 time 576.0
speed0 time 577.0
speed0 time 578.0
speed0 time 579.0
speed0 time 580.0
speed0 time 580.0
02:40:09.725 [main] INFO  AV.VCU -  OSD 00 currentime 580.0
speed0 time 581.0
speed0 time 581.0
02:40:09.806 [main] INFO  AV.VCU -  OSD 11 currentime 581.0
speed0 time 582.0
speed0 time 582.0
02:40:09.858 [main] INFO  AV.VCU -  OSD 22 currentime 582.0
speed0 time 583.0
speed0 time 583.0
02:40:09.908 [main] INFO  AV.VCU -  OSD 33 currentime 583.0
speed0 time 584.0
speed0 time 585.0
speed0 time 586.0
speed0 time 587.0
speed0 time 588.0
speed0 time 589.0
speed0 time 590.0
speed0 time 591.0
speed0 time 592.0
speed0 time 593.0
speed0 time 594.0
speed0 time 595.0
speed0 time 596.0
speed0 time 597.0
speed0 time 598.0
speed0 time 599.0
speed0 time 600.0
speed0 time 600.0
02:40:10.810 [main] INFO  AV.VCU -  OSD 00 currentime 600.0
speed0 time 601.0
speed0 time 601.0
02:40:10.860 [main] INFO  AV.VCU -  OSD 11 currentime 601.0
speed0 time 602.0
speed0 time 602.0
02:40:10.901 [main] INFO  AV.VCU -  OSD 22 currentime 602.0
speed0 time 603.0
speed0 time 603.0
02:40:10.933 [main] INFO  AV.VCU -  OSD 33 currentime 603.0
speed0 time 604.0
speed0 time 605.0
speed0 time 606.0
speed0 time 607.0
speed0 time 608.0
speed0 time 609.0
speed0 time 610.0
speed0 time 611.0
speed0 time 612.0
speed0 time 613.0
speed0 time 614.0
speed0 time 615.0
speed0 time 616.0
speed0 time 617.0
speed0 time 618.0
speed0 time 619.0
speed0 time 620.0
speed0 time 620.0
02:40:11.768 [main] INFO  AV.VCU -  OSD 00 currentime 620.0
speed0 time 621.0
speed0 time 621.0
02:40:11.813 [main] INFO  AV.VCU -  OSD 11 currentime 621.0
speed0 time 622.0
speed0 time 622.0
02:40:11.867 [main] INFO  AV.VCU -  OSD 22 currentime 622.0
speed0 time 623.0
speed0 time 623.0
02:40:11.917 [main] INFO  AV.VCU -  OSD 33 currentime 623.0
speed0 time 624.0
speed0 time 625.0
speed0 time 626.0
speed0 time 627.0
speed0 time 628.0
speed0 time 629.0
speed0 time 630.0
speed0 time 631.0
speed0 time 632.0
speed0 time 633.0
speed0 time 634.0
speed0 time 635.0
speed0 time 636.0
speed0 time 637.0
speed0 time 638.0
speed0 time 639.0
speed0 time 640.0
speed0 time 640.0
02:40:12.768 [main] INFO  AV.VCU -  OSD 00 currentime 640.0
speed0 time 641.0
speed0 time 641.0
02:40:12.822 [main] INFO  AV.VCU -  OSD 11 currentime 641.0
speed0 time 642.0
speed0 time 642.0
02:40:12.865 [main] INFO  AV.VCU -  OSD 22 currentime 642.0
speed0 time 643.0
speed0 time 643.0
02:40:12.916 [main] INFO  AV.VCU -  OSD 33 currentime 643.0
speed0 time 644.0
speed0 time 645.0
speed0 time 646.0
speed0 time 647.0
speed0 time 648.0
speed0 time 649.0
speed0 time 650.0
speed0 time 651.0
speed0 time 652.0
speed0 time 653.0
speed0 time 654.0
speed0 time 655.0
speed0 time 656.0
speed0 time 657.0
speed0 time 658.0
speed0 time 659.0
speed0 time 660.0
speed0 time 660.0
02:40:13.741 [main] INFO  AV.VCU -  OSD 00 currentime 660.0
speed0 time 661.0
speed0 time 661.0
02:40:13.798 [main] INFO  AV.VCU -  OSD 11 currentime 661.0
speed0 time 662.0
speed0 time 662.0
02:40:13.838 [main] INFO  AV.VCU -  OSD 22 currentime 662.0
speed0 time 663.0
speed0 time 663.0
02:40:13.897 [main] INFO  AV.VCU -  OSD 33 currentime 663.0
speed0 time 664.0
speed0 time 665.0
speed0 time 666.0
speed0 time 667.0
speed0 time 668.0
speed0 time 669.0
speed0 time 670.0
speed0 time 671.0
speed0 time 672.0
speed0 time 673.0
speed0 time 674.0
speed0 time 675.0
speed0 time 676.0
speed0 time 677.0
speed0 time 678.0
speed0 time 679.0
speed0 time 680.0
speed0 time 680.0
02:40:14.743 [main] INFO  AV.VCU -  OSD 00 currentime 680.0
speed0 time 681.0
speed0 time 681.0
02:40:14.765 [main] INFO  AV.VCU -  OSD 11 currentime 681.0
speed0 time 682.0
speed0 time 682.0
02:40:14.839 [main] INFO  AV.VCU -  OSD 22 currentime 682.0
speed0 time 683.0
speed0 time 683.0
02:40:14.869 [main] INFO  AV.VCU -  OSD 33 currentime 683.0
speed0 time 684.0
speed0 time 685.0
speed0 time 686.0
speed0 time 687.0
speed0 time 688.0
speed0 time 689.0
speed0 time 690.0
speed0 time 691.0
speed0 time 692.0
speed0 time 693.0
speed0 time 694.0
speed0 time 695.0
speed0 time 696.0
speed0 time 697.0
speed0 time 698.0
speed0 time 699.0
speed0 time 700.0
speed0 time 700.0
02:40:15.704 [main] INFO  AV.VCU -  OSD 00 currentime 700.0
speed0 time 701.0
speed0 time 701.0
02:40:15.757 [main] INFO  AV.VCU -  OSD 11 currentime 701.0
speed0 time 702.0
speed0 time 702.0
02:40:15.805 [main] INFO  AV.VCU -  OSD 22 currentime 702.0
speed0 time 703.0
speed0 time 703.0
02:40:15.850 [main] INFO  AV.VCU -  OSD 33 currentime 703.0
speed0 time 704.0
speed0 time 705.0
speed0 time 706.0
speed0 time 707.0
speed0 time 708.0
speed0 time 709.0
speed0 time 710.0
speed0 time 711.0
speed0 time 712.0
speed0 time 713.0
speed0 time 714.0
speed0 time 715.0
speed0 time 716.0
speed0 time 717.0
speed0 time 718.0
speed0 time 719.0
speed0 time 720.0
speed0 time 720.0
02:40:16.695 [main] INFO  AV.VCU -  OSD 00 currentime 720.0
speed0 time 721.0
speed0 time 721.0
02:40:16.745 [main] INFO  AV.VCU -  OSD 11 currentime 721.0
speed0 time 722.0
speed0 time 722.0
02:40:16.833 [main] INFO  AV.VCU -  OSD 22 currentime 722.0
speed0 time 723.0
speed0 time 723.0
02:40:16.892 [main] INFO  AV.VCU -  OSD 33 currentime 723.0
speed0 time 724.0
speed0 time 725.0
speed0 time 726.0
speed0 time 727.0
speed0 time 728.0
speed0 time 729.0
speed0 time 730.0
speed0 time 731.0
speed0 time 732.0
speed0 time 733.0
speed0 time 734.0
speed0 time 735.0
speed0 time 736.0
speed0 time 737.0
speed0 time 738.0
speed0 time 739.0
speed0 time 740.0
speed0 time 740.0
02:40:17.747 [main] INFO  AV.VCU -  OSD 00 currentime 740.0
speed0 time 741.0
speed0 time 741.0
02:40:17.801 [main] INFO  AV.VCU -  OSD 11 currentime 741.0
speed0 time 742.0
speed0 time 742.0
02:40:17.848 [main] INFO  AV.VCU -  OSD 22 currentime 742.0
speed0 time 743.0
speed0 time 743.0
02:40:17.897 [main] INFO  AV.VCU -  OSD 33 currentime 743.0
speed0 time 744.0
speed0 time 745.0
speed0 time 746.0
speed0 time 747.0
speed0 time 748.0
speed0 time 749.0
speed0 time 750.0
speed0 time 751.0
speed0 time 752.0
speed0 time 753.0
speed0 time 754.0
speed0 time 755.0
speed0 time 756.0
speed0 time 757.0
speed0 time 758.0
speed0 time 759.0
speed0 time 760.0
speed0 time 760.0
02:40:18.579 [main] INFO  AV.VCU -  OSD 00 currentime 760.0
speed0 time 761.0
speed0 time 761.0
02:40:18.610 [main] INFO  AV.VCU -  OSD 11 currentime 761.0
speed0 time 762.0
speed0 time 762.0
02:40:18.639 [main] INFO  AV.VCU -  OSD 22 currentime 762.0
speed0 time 763.0
speed0 time 763.0
02:40:18.674 [main] INFO  AV.VCU -  OSD 33 currentime 763.0
speed0 time 764.0
speed0 time 765.0
speed0 time 766.0
speed0 time 767.0
speed0 time 768.0
speed0 time 769.0
speed0 time 770.0
speed0 time 771.0
speed0 time 772.0
speed0 time 773.0
speed0 time 774.0
speed0 time 775.0
speed0 time 776.0
speed0 time 777.0
speed0 time 778.0
speed0 time 779.0
speed0 time 780.0
speed0 time 780.0
02:40:19.187 [main] INFO  AV.VCU -  OSD 00 currentime 780.0
speed0 time 781.0
speed0 time 781.0
02:40:19.229 [main] INFO  AV.VCU -  OSD 11 currentime 781.0
speed0 time 782.0
speed0 time 782.0
02:40:19.257 [main] INFO  AV.VCU -  OSD 22 currentime 782.0
speed0 time 783.0
speed0 time 783.0
02:40:19.285 [main] INFO  AV.VCU -  OSD 33 currentime 783.0
speed0 time 784.0
speed0 time 785.0
speed0 time 786.0
speed0 time 787.0
speed0 time 788.0
speed0 time 789.0
speed0 time 790.0
speed0 time 791.0
speed0 time 792.0
speed0 time 793.0
speed0 time 794.0
speed0 time 795.0
speed0 time 796.0
speed0 time 797.0
speed0 time 798.0
speed0 time 799.0
speed0 time 800.0
speed0 time 800.0
02:40:20.055 [main] INFO  AV.VCU -  OSD 00 currentime 800.0
speed0 time 801.0
speed0 time 801.0
02:40:20.103 [main] INFO  AV.VCU -  OSD 11 currentime 801.0
speed0 time 802.0
speed0 time 802.0
02:40:20.149 [main] INFO  AV.VCU -  OSD 22 currentime 802.0
speed0 time 803.0
speed0 time 803.0
02:40:20.180 [main] INFO  AV.VCU -  OSD 33 currentime 803.0
speed0 time 804.0
speed0 time 805.0
speed0 time 806.0
speed0 time 807.0
speed0 time 808.0
speed0 time 809.0
speed0 time 810.0
speed0 time 811.0
speed0 time 812.0
speed0 time 813.0
speed0 time 814.0
speed0 time 815.0
speed0 time 816.0
speed0 time 817.0
speed0 time 818.0
speed0 time 819.0
speed0 time 820.0
speed0 time 820.0
02:40:21.063 [main] INFO  AV.VCU -  OSD 00 currentime 820.0
speed0 time 821.0
speed0 time 821.0
02:40:21.115 [main] INFO  AV.VCU -  OSD 11 currentime 821.0
speed0 time 822.0
speed0 time 822.0
02:40:21.174 [main] INFO  AV.VCU -  OSD 22 currentime 822.0
speed0 time 823.0
speed0 time 823.0
02:40:21.221 [main] INFO  AV.VCU -  OSD 33 currentime 823.0
speed0 time 824.0
speed0 time 825.0
speed0 time 826.0
speed0 time 827.0
speed0 time 828.0
speed0 time 829.0
speed0 time 830.0
speed0 time 831.0
speed0 time 832.0
speed0 time 833.0
speed0 time 834.0
speed0 time 835.0
speed0 time 836.0
speed0 time 837.0
speed0 time 838.0
speed0 time 839.0
speed0 time 840.0
speed0 time 840.0
02:40:22.063 [main] INFO  AV.VCU -  OSD 00 currentime 840.0
speed0 time 841.0
speed0 time 841.0
02:40:22.112 [main] INFO  AV.VCU -  OSD 11 currentime 841.0
speed0 time 842.0
speed0 time 842.0
02:40:22.166 [main] INFO  AV.VCU -  OSD 22 currentime 842.0
speed0 time 843.0
speed0 time 843.0
02:40:22.217 [main] INFO  AV.VCU -  OSD 33 currentime 843.0
speed0 time 844.0
speed0 time 845.0
speed0 time 846.0
speed0 time 847.0
speed0 time 848.0
speed0 time 849.0
speed0 time 850.0
speed0 time 851.0
speed0 time 852.0
speed0 time 853.0
speed0 time 854.0
speed0 time 855.0
speed0 time 856.0
speed0 time 857.0
speed0 time 858.0
speed0 time 859.0
speed0 time 860.0
speed0 time 860.0
02:40:23.073 [main] INFO  AV.VCU -  OSD 00 currentime 860.0
speed0 time 861.0
speed0 time 861.0
02:40:23.117 [main] INFO  AV.VCU -  OSD 11 currentime 861.0
speed0 time 862.0
speed0 time 862.0
02:40:23.178 [main] INFO  AV.VCU -  OSD 22 currentime 862.0
speed0 time 863.0
speed0 time 863.0
02:40:23.222 [main] INFO  AV.VCU -  OSD 33 currentime 863.0
speed0 time 864.0
speed0 time 865.0
speed0 time 866.0
speed0 time 867.0
speed0 time 868.0
speed0 time 869.0
speed0 time 870.0
speed0 time 871.0
speed0 time 872.0
speed0 time 873.0
speed0 time 874.0
speed0 time 875.0
speed0 time 876.0
speed0 time 877.0
speed0 time 878.0
speed0 time 879.0
speed0 time 880.0
speed0 time 880.0
02:40:24.124 [main] INFO  AV.VCU -  OSD 00 currentime 880.0
speed0 time 881.0
speed0 time 881.0
02:40:24.177 [main] INFO  AV.VCU -  OSD 11 currentime 881.0
speed0 time 882.0
speed0 time 882.0
02:40:24.225 [main] INFO  AV.VCU -  OSD 22 currentime 882.0
speed0 time 883.0
speed0 time 883.0
02:40:24.282 [main] INFO  AV.VCU -  OSD 33 currentime 883.0
speed0 time 884.0
speed0 time 885.0
speed0 time 886.0
speed0 time 887.0
speed0 time 888.0
speed0 time 889.0
speed0 time 890.0
speed0 time 891.0
speed0 time 892.0
speed0 time 893.0
speed0 time 894.0
speed0 time 895.0
speed0 time 896.0
speed0 time 897.0
speed0 time 898.0
speed0 time 899.0
speed0 time 900.0
speed0 time 900.0
02:40:25.178 [main] INFO  AV.VCU -  OSD 00 currentime 900.0
speed0 time 901.0
speed0 time 901.0
02:40:25.236 [main] INFO  AV.VCU -  OSD 11 currentime 901.0
speed0 time 902.0
speed0 time 902.0
02:40:25.279 [main] INFO  AV.VCU -  OSD 22 currentime 902.0
speed0 time 903.0
speed0 time 903.0
02:40:25.338 [main] INFO  AV.VCU -  OSD 33 currentime 903.0
speed0 time 904.0
speed0 time 905.0
speed0 time 906.0
speed0 time 907.0
speed0 time 908.0
speed0 time 909.0
speed0 time 910.0
speed0 time 911.0
speed0 time 912.0
speed0 time 913.0
speed0 time 914.0
speed0 time 915.0
speed0 time 916.0
speed0 time 917.0
speed0 time 918.0
speed0 time 919.0
speed0 time 920.0
speed0 time 920.0
02:40:26.170 [main] INFO  AV.VCU -  OSD 00 currentime 920.0
speed0 time 921.0
speed0 time 921.0
02:40:26.229 [main] INFO  AV.VCU -  OSD 11 currentime 921.0
speed0 time 922.0
speed0 time 922.0
02:40:26.273 [main] INFO  AV.VCU -  OSD 22 currentime 922.0
speed0 time 923.0
speed0 time 923.0
02:40:26.331 [main] INFO  AV.VCU -  OSD 33 currentime 923.0
speed0 time 924.0
speed0 time 925.0
speed0 time 926.0
speed0 time 927.0
speed0 time 928.0
speed0 time 929.0
speed0 time 930.0
speed0 time 931.0
speed0 time 932.0
speed0 time 933.0
speed0 time 934.0
speed0 time 935.0
speed0 time 936.0
speed0 time 937.0
speed0 time 938.0
speed0 time 939.0
speed0 time 940.0
speed0 time 940.0
02:40:27.195 [main] INFO  AV.VCU -  OSD 00 currentime 940.0
speed0 time 941.0
speed0 time 941.0
02:40:27.249 [main] INFO  AV.VCU -  OSD 11 currentime 941.0
speed0 time 942.0
speed0 time 942.0
02:40:27.300 [main] INFO  AV.VCU -  OSD 22 currentime 942.0
speed0 time 943.0
speed0 time 943.0
02:40:27.355 [main] INFO  AV.VCU -  OSD 33 currentime 943.0
speed0 time 944.0
speed0 time 945.0
speed0 time 946.0
speed0 time 947.0
speed0 time 948.0
speed0 time 949.0
speed0 time 950.0
speed0 time 951.0
speed0 time 952.0
speed0 time 953.0
speed0 time 954.0
speed0 time 955.0
speed0 time 956.0
speed0 time 957.0
speed0 time 958.0
speed0 time 959.0
speed0 time 960.0
speed0 time 960.0
02:40:28.209 [main] INFO  AV.VCU -  OSD 00 currentime 960.0
speed0 time 961.0
speed0 time 961.0
02:40:28.256 [main] INFO  AV.VCU -  OSD 11 currentime 961.0
speed0 time 962.0
speed0 time 962.0
02:40:28.308 [main] INFO  AV.VCU -  OSD 22 currentime 962.0
speed0 time 963.0
speed0 time 963.0
02:40:28.363 [main] INFO  AV.VCU -  OSD 33 currentime 963.0
speed0 time 964.0
speed0 time 965.0
speed0 time 966.0
speed0 time 967.0
speed0 time 968.0
speed0 time 969.0
speed0 time 970.0
speed0 time 971.0
speed0 time 972.0
speed0 time 973.0
speed0 time 974.0
speed0 time 975.0
speed0 time 976.0
speed0 time 977.0
speed0 time 978.0
speed0 time 979.0
speed0 time 980.0
speed0 time 980.0
02:40:29.213 [main] INFO  AV.VCU -  OSD 00 currentime 980.0
speed0 time 981.0
speed0 time 981.0
02:40:29.255 [main] INFO  AV.VCU -  OSD 11 currentime 981.0
speed0 time 982.0
speed0 time 982.0
02:40:29.313 [main] INFO  AV.VCU -  OSD 22 currentime 982.0
speed0 time 983.0
speed0 time 983.0
02:40:29.354 [main] INFO  AV.VCU -  OSD 33 currentime 983.0
speed0 time 984.0
speed0 time 985.0
speed0 time 986.0
speed0 time 987.0
speed0 time 988.0
speed0 time 989.0
speed0 time 990.0
speed0 time 991.0
speed0 time 992.0
speed0 time 993.0
speed0 time 994.0
speed0 time 995.0
speed0 time 996.0
speed0 time 997.0
speed0 time 998.0
speed0 time 999.0
speed0 time 1000.0
speed0 time 1000.0
02:40:30.179 [main] INFO  AV.VCU -  OSD 00 currentime 1000.0
speed0 time 1001.0
speed0 time 1001.0
02:40:30.235 [main] INFO  AV.VCU -  OSD 11 currentime 1001.0
speed0 time 1002.0
speed0 time 1002.0
02:40:30.276 [main] INFO  AV.VCU -  OSD 22 currentime 1002.0
speed0 time 1003.0
speed0 time 1003.0
02:40:30.333 [main] INFO  AV.VCU -  OSD 33 currentime 1003.0
speed0 time 1004.0
speed0 time 1005.0
speed0 time 1006.0
speed0 time 1007.0
speed0 time 1008.0
speed0 time 1009.0
speed0 time 1010.0
speed0 time 1011.0
speed0 time 1012.0
speed0 time 1013.0
speed0 time 1014.0
speed0 time 1015.0
speed0 time 1016.0
speed0 time 1017.0
speed0 time 1018.0
speed0 time 1019.0
speed0 time 1020.0
speed0 time 1020.0
02:40:31.205 [main] INFO  AV.VCU -  OSD 00 currentime 1020.0
speed0 time 1021.0
speed0 time 1021.0
02:40:31.240 [main] INFO  AV.VCU -  OSD 11 currentime 1021.0
speed0 time 1022.0
speed0 time 1022.0
02:40:31.304 [main] INFO  AV.VCU -  OSD 22 currentime 1022.0
speed0 time 1023.0
speed0 time 1023.0
02:40:31.334 [main] INFO  AV.VCU -  OSD 33 currentime 1023.0
speed0 time 1024.0
speed0 time 1025.0
speed0 time 1026.0
speed0 time 1027.0
speed0 time 1028.0
speed0 time 1029.0
speed0 time 1030.0
speed0 time 1031.0
speed0 time 1032.0
speed0 time 1033.0
speed0 time 1034.0
speed0 time 1035.0
speed0 time 1036.0
speed0 time 1037.0
speed0 time 1038.0
speed0 time 1039.0
speed0 time 1040.0
speed0 time 1040.0
02:40:32.293 [main] INFO  AV.VCU -  OSD 00 currentime 1040.0
speed0 time 1041.0
speed0 time 1041.0
02:40:32.349 [main] INFO  AV.VCU -  OSD 11 currentime 1041.0
speed0 time 1042.0
speed0 time 1042.0
02:40:32.398 [main] INFO  AV.VCU -  OSD 22 currentime 1042.0
speed0 time 1043.0
speed0 time 1043.0
02:40:32.453 [main] INFO  AV.VCU -  OSD 33 currentime 1043.0
speed0 time 1044.0
speed0 time 1045.0
speed0 time 1046.0
speed0 time 1047.0
speed0 time 1048.0
speed0 time 1049.0
speed0 time 1050.0
speed0 time 1051.0
speed0 time 1052.0
speed0 time 1053.0
speed0 time 1054.0
speed0 time 1055.0
speed0 time 1056.0
speed0 time 1057.0
speed0 time 1058.0
speed0 time 1059.0
speed0 time 1060.0
speed0 time 1060.0
02:40:33.298 [main] INFO  AV.VCU -  OSD 00 currentime 1060.0
speed0 time 1061.0
speed0 time 1061.0
02:40:33.360 [main] INFO  AV.VCU -  OSD 11 currentime 1061.0
speed0 time 1062.0
speed0 time 1062.0
02:40:33.399 [main] INFO  AV.VCU -  OSD 22 currentime 1062.0
speed0 time 1063.0
speed0 time 1063.0
02:40:33.466 [main] INFO  AV.VCU -  OSD 33 currentime 1063.0
speed0 time 1064.0
speed0 time 1065.0
speed0 time 1066.0
speed0 time 1067.0
speed0 time 1068.0
speed0 time 1069.0
speed0 time 1070.0
speed0 time 1071.0
speed0 time 1072.0
speed0 time 1073.0
speed0 time 1074.0
speed0 time 1075.0
speed0 time 1076.0
speed0 time 1077.0
speed0 time 1078.0
speed0 time 1079.0
speed0 time 1080.0
speed0 time 1080.0
02:40:34.255 [main] INFO  AV.VCU -  OSD 00 currentime 1080.0
speed0 time 1081.0
speed0 time 1081.0
02:40:34.314 [main] INFO  AV.VCU -  OSD 11 currentime 1081.0
speed0 time 1082.0
speed0 time 1082.0
02:40:34.360 [main] INFO  AV.VCU -  OSD 22 currentime 1082.0
speed0 time 1083.0
speed0 time 1083.0
02:40:34.415 [main] INFO  AV.VCU -  OSD 33 currentime 1083.0
speed0 time 1084.0
speed0 time 1085.0
speed0 time 1086.0
speed0 time 1087.0
speed0 time 1088.0
speed0 time 1089.0
speed0 time 1090.0
speed0 time 1091.0
speed0 time 1092.0
speed0 time 1093.0
speed0 time 1094.0
speed0 time 1095.0
speed0 time 1096.0
speed0 time 1097.0
speed0 time 1098.0
speed0 time 1099.0
speed0 time 1100.0
speed0 time 1100.0
02:40:35.250 [main] INFO  AV.VCU -  OSD 00 currentime 1100.0
speed0 time 1101.0
speed0 time 1101.0
02:40:35.300 [main] INFO  AV.VCU -  OSD 11 currentime 1101.0
speed0 time 1102.0
speed0 time 1102.0
02:40:35.342 [main] INFO  AV.VCU -  OSD 22 currentime 1102.0
speed0 time 1103.0
speed0 time 1103.0
02:40:35.401 [main] INFO  AV.VCU -  OSD 33 currentime 1103.0
speed0 time 1104.0
speed0 time 1105.0
speed0 time 1106.0
speed0 time 1107.0
speed0 time 1108.0
speed0 time 1109.0
speed0 time 1110.0
speed0 time 1111.0
speed0 time 1112.0
speed0 time 1113.0
speed0 time 1114.0
speed0 time 1115.0
speed0 time 1116.0
speed0 time 1117.0
speed0 time 1118.0
speed0 time 1119.0
speed0 time 1120.0
speed0 time 1120.0
02:40:36.246 [main] INFO  AV.VCU -  OSD 00 currentime 1120.0
speed0 time 1121.0
speed0 time 1121.0
02:40:36.290 [main] INFO  AV.VCU -  OSD 11 currentime 1121.0
speed0 time 1122.0
speed0 time 1122.0
02:40:36.325 [main] INFO  AV.VCU -  OSD 22 currentime 1122.0
speed0 time 1123.0
speed0 time 1123.0
02:40:36.379 [main] INFO  AV.VCU -  OSD 33 currentime 1123.0
speed0 time 1124.0
speed0 time 1125.0
speed0 time 1126.0
speed0 time 1127.0
speed0 time 1128.0
speed0 time 1129.0
speed0 time 1130.0
speed0 time 1131.0
speed0 time 1132.0
speed0 time 1133.0
speed0 time 1134.0
speed0 time 1135.0
speed0 time 1136.0
speed0 time 1137.0
speed0 time 1138.0
speed0 time 1139.0
speed0 time 1140.0
speed0 time 1140.0
02:40:37.191 [main] INFO  AV.VCU -  OSD 00 currentime 1140.0
speed0 time 1141.0
speed0 time 1141.0
02:40:37.249 [main] INFO  AV.VCU -  OSD 11 currentime 1141.0
speed0 time 1142.0
speed0 time 1142.0
02:40:37.293 [main] INFO  AV.VCU -  OSD 22 currentime 1142.0
speed0 time 1143.0
speed0 time 1143.0
02:40:37.343 [main] INFO  AV.VCU -  OSD 33 currentime 1143.0
speed0 time 1144.0
speed0 time 1145.0
speed0 time 1146.0
speed0 time 1147.0
speed0 time 1148.0
speed0 time 1149.0
speed0 time 1150.0
speed0 time 1151.0
speed0 time 1152.0
speed0 time 1153.0
speed0 time 1154.0
speed0 time 1155.0
speed0 time 1156.0
speed0 time 1157.0
speed0 time 1158.0
speed0 time 1159.0
speed0 time 1160.0
speed0 time 1160.0
02:40:38.156 [main] INFO  AV.VCU -  OSD 00 currentime 1160.0
speed0 time 1161.0
speed0 time 1161.0
02:40:38.212 [main] INFO  AV.VCU -  OSD 11 currentime 1161.0
speed0 time 1162.0
speed0 time 1162.0
02:40:38.259 [main] INFO  AV.VCU -  OSD 22 currentime 1162.0
speed0 time 1163.0
speed0 time 1163.0
02:40:38.313 [main] INFO  AV.VCU -  OSD 33 currentime 1163.0
speed0 time 1164.0
speed0 time 1165.0
speed0 time 1166.0
speed0 time 1167.0
speed0 time 1168.0
speed0 time 1169.0
speed0 time 1170.0
speed0 time 1171.0
speed0 time 1172.0
speed0 time 1173.0
speed0 time 1174.0
speed0 time 1175.0
speed0 time 1176.0
speed0 time 1177.0
speed0 time 1178.0
speed0 time 1179.0
speed0 time 1180.0
speed0 time 1180.0
02:40:39.166 [main] INFO  AV.VCU -  OSD 00 currentime 1180.0
speed0 time 1181.0
speed0 time 1181.0
02:40:39.194 [main] INFO  AV.VCU -  OSD 11 currentime 1181.0
speed0 time 1182.0
speed0 time 1182.0
02:40:39.276 [main] INFO  AV.VCU -  OSD 22 currentime 1182.0
speed0 time 1183.0
speed0 time 1183.0
02:40:39.320 [main] INFO  AV.VCU -  OSD 33 currentime 1183.0
speed0 time 1184.0
speed0 time 1185.0
speed0 time 1186.0
speed0 time 1187.0
speed0 time 1188.0
speed0 time 1189.0
speed0 time 1190.0
speed0 time 1191.0
speed0 time 1192.0
speed0 time 1193.0
speed0 time 1194.0
speed0 time 1195.0
speed0 time 1196.0
speed0 time 1197.0
speed0 time 1198.0
speed0 time 1199.0
speed0 time 1200.0
speed0 time 1200.0
02:40:40.221 [main] INFO  AV.VCU -  OSD 00 currentime 1200.0
speed0 time 1201.0
speed0 time 1201.0
02:40:40.266 [main] INFO  AV.VCU -  OSD 11 currentime 1201.0
speed0 time 1202.0
speed0 time 1202.0
02:40:40.321 [main] INFO  AV.VCU -  OSD 22 currentime 1202.0
speed0 time 1203.0
speed0 time 1203.0
02:40:40.374 [main] INFO  AV.VCU -  OSD 33 currentime 1203.0
speed0 time 1204.0
speed0 time 1205.0
speed0 time 1206.0
speed0 time 1207.0
speed0 time 1208.0
speed0 time 1209.0
speed0 time 1210.0
speed0 time 1211.0
speed0 time 1212.0
speed0 time 1213.0
speed0 time 1214.0
speed0 time 1215.0
speed0 time 1216.0
speed0 time 1217.0
speed0 time 1218.0
speed0 time 1219.0
speed0 time 1220.0
speed0 time 1220.0
02:40:41.224 [main] INFO  AV.VCU -  OSD 00 currentime 1220.0
speed0 time 1221.0
speed0 time 1221.0
02:40:41.276 [main] INFO  AV.VCU -  OSD 11 currentime 1221.0
speed0 time 1222.0
speed0 time 1222.0
02:40:41.339 [main] INFO  AV.VCU -  OSD 22 currentime 1222.0
speed0 time 1223.0
speed0 time 1223.0
02:40:41.393 [main] INFO  AV.VCU -  OSD 33 currentime 1223.0
speed0 time 1224.0
speed0 time 1225.0
speed0 time 1226.0
speed0 time 1227.0
speed0 time 1228.0
speed0 time 1229.0
speed0 time 1230.0
speed0 time 1231.0
speed0 time 1232.0
speed0 time 1233.0
speed0 time 1234.0
speed0 time 1235.0
speed0 time 1236.0
speed0 time 1237.0
speed0 time 1238.0
speed0 time 1239.0
speed0 time 1240.0
speed0 time 1240.0
02:40:42.272 [main] INFO  AV.VCU -  OSD 00 currentime 1240.0
speed0 time 1241.0
speed0 time 1241.0
02:40:42.325 [main] INFO  AV.VCU -  OSD 11 currentime 1241.0
speed0 time 1242.0
speed0 time 1242.0
02:40:42.367 [main] INFO  AV.VCU -  OSD 22 currentime 1242.0
speed0 time 1243.0
speed0 time 1243.0
02:40:42.412 [main] INFO  AV.VCU -  OSD 33 currentime 1243.0
speed0 time 1244.0
speed0 time 1245.0
speed0 time 1246.0
speed0 time 1247.0
speed0 time 1248.0
speed0 time 1249.0
speed0 time 1250.0
speed0 time 1251.0
speed0 time 1252.0
speed0 time 1253.0
speed0 time 1254.0
speed0 time 1255.0
speed0 time 1256.0
speed0 time 1257.0
speed0 time 1258.0
speed0 time 1259.0
speed0 time 1260.0
speed0 time 1260.0
02:40:43.297 [main] INFO  AV.VCU -  OSD 00 currentime 1260.0
speed0 time 1261.0
speed0 time 1261.0
02:40:43.346 [main] INFO  AV.VCU -  OSD 11 currentime 1261.0
speed0 time 1262.0
speed0 time 1262.0
02:40:43.394 [main] INFO  AV.VCU -  OSD 22 currentime 1262.0
speed0 time 1263.0
speed0 time 1263.0
02:40:43.439 [main] INFO  AV.VCU -  OSD 33 currentime 1263.0
speed0 time 1264.0
speed0 time 1265.0
speed0 time 1266.0
speed0 time 1267.0
speed0 time 1268.0
speed0 time 1269.0
speed0 time 1270.0
speed0 time 1271.0
speed0 time 1272.0
speed0 time 1273.0
speed0 time 1274.0
speed0 time 1275.0
speed0 time 1276.0
speed0 time 1277.0
speed0 time 1278.0
speed0 time 1279.0
speed0 time 1280.0
speed0 time 1280.0
02:40:44.325 [main] INFO  AV.VCU -  OSD 00 currentime 1280.0
speed0 time 1281.0
speed0 time 1281.0
02:40:44.384 [main] INFO  AV.VCU -  OSD 11 currentime 1281.0
speed0 time 1282.0
speed0 time 1282.0
02:40:44.439 [main] INFO  AV.VCU -  OSD 22 currentime 1282.0
speed0 time 1283.0
speed0 time 1283.0
02:40:44.490 [main] INFO  AV.VCU -  OSD 33 currentime 1283.0
speed0 time 1284.0
speed0 time 1285.0
speed0 time 1286.0
speed0 time 1287.0
speed0 time 1288.0
speed0 time 1289.0
speed0 time 1290.0
speed0 time 1291.0
speed0 time 1292.0
speed0 time 1293.0
speed0 time 1294.0
speed0 time 1295.0
speed0 time 1296.0
speed0 time 1297.0
speed0 time 1298.0
speed0 time 1299.0
speed0 time 1300.0
speed0 time 1300.0
02:40:45.365 [main] INFO  AV.VCU -  OSD 00 currentime 1300.0
speed0 time 1301.0
speed0 time 1301.0
02:40:45.408 [main] INFO  AV.VCU -  OSD 11 currentime 1301.0
speed0 time 1302.0
speed0 time 1302.0
02:40:45.459 [main] INFO  AV.VCU -  OSD 22 currentime 1302.0
speed0 time 1303.0
speed0 time 1303.0
02:40:45.516 [main] INFO  AV.VCU -  OSD 33 currentime 1303.0
speed0 time 1304.0
speed0 time 1305.0
speed0 time 1306.0
speed0 time 1307.0
speed0 time 1308.0
speed0 time 1309.0
speed0 time 1310.0
speed0 time 1311.0
speed0 time 1312.0
speed0 time 1313.0
speed0 time 1314.0
speed0 time 1315.0
speed0 time 1316.0
speed0 time 1317.0
speed0 time 1318.0
speed0 time 1319.0
speed0 time 1320.0
speed0 time 1320.0
02:40:46.347 [main] INFO  AV.VCU -  OSD 00 currentime 1320.0
speed0 time 1321.0
speed0 time 1321.0
02:40:46.399 [main] INFO  AV.VCU -  OSD 11 currentime 1321.0
speed0 time 1322.0
speed0 time 1322.0
02:40:46.436 [main] INFO  AV.VCU -  OSD 22 currentime 1322.0
speed0 time 1323.0
speed0 time 1323.0
02:40:46.484 [main] INFO  AV.VCU -  OSD 33 currentime 1323.0
speed0 time 1324.0
speed0 time 1325.0
speed0 time 1326.0
speed0 time 1327.0
speed0 time 1328.0
speed0 time 1329.0
speed0 time 1330.0
speed0 time 1331.0
speed0 time 1332.0
speed0 time 1333.0
speed0 time 1334.0
speed0 time 1335.0
speed0 time 1336.0
speed0 time 1337.0
speed0 time 1338.0
speed0 time 1339.0
speed0 time 1340.0
speed0 time 1340.0
02:40:47.331 [main] INFO  AV.VCU -  OSD 00 currentime 1340.0
speed0 time 1341.0
speed0 time 1341.0
02:40:47.386 [main] INFO  AV.VCU -  OSD 11 currentime 1341.0
speed0 time 1342.0
speed0 time 1342.0
02:40:47.430 [main] INFO  AV.VCU -  OSD 22 currentime 1342.0
speed0 time 1343.0
speed0 time 1343.0
02:40:47.487 [main] INFO  AV.VCU -  OSD 33 currentime 1343.0
speed0 time 1344.0
speed0 time 1345.0
speed0 time 1346.0
speed0 time 1347.0
speed0 time 1348.0
speed0 time 1349.0
speed0 time 1350.0
speed0 time 1351.0
speed0 time 1352.0
speed0 time 1353.0
speed0 time 1354.0
speed0 time 1355.0
speed0 time 1356.0
speed0 time 1357.0
speed0 time 1358.0
speed0 time 1359.0
speed0 time 1360.0
speed0 time 1360.0
02:40:48.381 [main] INFO  AV.VCU -  OSD 00 currentime 1360.0
speed0 time 1361.0
speed0 time 1361.0
02:40:48.434 [main] INFO  AV.VCU -  OSD 11 currentime 1361.0
speed0 time 1362.0
speed0 time 1362.0
02:40:48.493 [main] INFO  AV.VCU -  OSD 22 currentime 1362.0
speed0 time 1363.0
speed0 time 1363.0
02:40:48.543 [main] INFO  AV.VCU -  OSD 33 currentime 1363.0
speed0 time 1364.0
speed0 time 1365.0
speed0 time 1366.0
speed0 time 1367.0
speed0 time 1368.0
speed0 time 1369.0
speed0 time 1370.0
speed0 time 1371.0
speed0 time 1372.0
speed0 time 1373.0
speed0 time 1374.0
speed0 time 1375.0
speed0 time 1376.0
speed0 time 1377.0
speed0 time 1378.0
speed0 time 1379.0
speed0 time 1380.0
speed0 time 1380.0
02:40:49.386 [main] INFO  AV.VCU -  OSD 00 currentime 1380.0
speed0 time 1381.0
speed0 time 1381.0
02:40:49.456 [main] INFO  AV.VCU -  OSD 11 currentime 1381.0
speed0 time 1382.0
speed0 time 1382.0
02:40:49.500 [main] INFO  AV.VCU -  OSD 22 currentime 1382.0
speed0 time 1383.0
speed0 time 1383.0
02:40:49.552 [main] INFO  AV.VCU -  OSD 33 currentime 1383.0
speed0 time 1384.0
speed0 time 1385.0
speed0 time 1386.0
speed0 time 1387.0
speed0 time 1388.0
speed0 time 1389.0
speed0 time 1390.0
speed0 time 1391.0
speed0 time 1392.0
speed0 time 1393.0
speed0 time 1394.0
speed0 time 1395.0
speed0 time 1396.0
speed0 time 1397.0
speed0 time 1398.0
speed0 time 1399.0
speed0 time 1400.0
speed0 time 1400.0
02:40:50.420 [main] INFO  AV.VCU -  OSD 00 currentime 1400.0
speed0 time 1401.0
speed0 time 1401.0
02:40:50.476 [main] INFO  AV.VCU -  OSD 11 currentime 1401.0
speed0 time 1402.0
speed0 time 1402.0
02:40:50.533 [main] INFO  AV.VCU -  OSD 22 currentime 1402.0
speed0 time 1403.0
speed0 time 1403.0
02:40:50.576 [main] INFO  AV.VCU -  OSD 33 currentime 1403.0
speed0 time 1404.0
speed0 time 1405.0
speed0 time 1406.0
speed0 time 1407.0
speed0 time 1408.0
speed0 time 1409.0
speed0 time 1410.0
speed0 time 1411.0
speed0 time 1412.0
speed0 time 1413.0
speed0 time 1414.0
speed0 time 1415.0
speed0 time 1416.0
speed0 time 1417.0
speed0 time 1418.0
speed0 time 1419.0
speed0 time 1420.0
speed0 time 1420.0
02:40:51.476 [main] INFO  AV.VCU -  OSD 00 currentime 1420.0
speed0 time 1421.0
speed0 time 1421.0
02:40:51.520 [main] INFO  AV.VCU -  OSD 11 currentime 1421.0
speed0 time 1422.0
speed0 time 1422.0
02:40:51.549 [main] INFO  AV.VCU -  OSD 22 currentime 1422.0
speed0 time 1423.0
speed0 time 1423.0
02:40:51.609 [main] INFO  AV.VCU -  OSD 33 currentime 1423.0
speed0 time 1424.0
speed0 time 1425.0
speed0 time 1426.0
speed0 time 1427.0
speed0 time 1428.0
speed0 time 1429.0
speed0 time 1430.0
speed0 time 1431.0
speed0 time 1432.0
speed0 time 1433.0
speed0 time 1434.0
speed0 time 1435.0
speed0 time 1436.0
speed0 time 1437.0
speed0 time 1438.0
speed0 time 1439.0
speed0 time 1440.0
speed0 time 1440.0
02:40:52.416 [main] INFO  AV.VCU -  OSD 00 currentime 1440.0
speed0 time 1441.0
speed0 time 1441.0
02:40:52.473 [main] INFO  AV.VCU -  OSD 11 currentime 1441.0
speed0 time 1442.0
speed0 time 1442.0
02:40:52.521 [main] INFO  AV.VCU -  OSD 22 currentime 1442.0
speed0 time 1443.0
speed0 time 1443.0
02:40:52.567 [main] INFO  AV.VCU -  OSD 33 currentime 1443.0
speed0 time 1444.0
speed0 time 1445.0
speed0 time 1446.0
speed0 time 1447.0
speed0 time 1448.0
speed0 time 1449.0
speed0 time 1450.0
speed0 time 1451.0
speed0 time 1452.0
speed0 time 1453.0
speed0 time 1454.0
speed0 time 1455.0
speed0 time 1456.0
speed0 time 1457.0
speed0 time 1458.0
speed0 time 1459.0
speed0 time 1460.0
speed0 time 1460.0
02:40:53.452 [main] INFO  AV.VCU -  OSD 00 currentime 1460.0
speed0 time 1461.0
speed0 time 1461.0
02:40:53.477 [main] INFO  AV.VCU -  OSD 11 currentime 1461.0
speed0 time 1462.0
speed0 time 1462.0
02:40:53.561 [main] INFO  AV.VCU -  OSD 22 currentime 1462.0
speed0 time 1463.0
speed0 time 1463.0
02:40:53.620 [main] INFO  AV.VCU -  OSD 33 currentime 1463.0
speed0 time 1464.0
speed0 time 1465.0
speed0 time 1466.0
speed0 time 1467.0
speed0 time 1468.0
speed0 time 1469.0
speed0 time 1470.0
speed0 time 1471.0
speed0 time 1472.0
speed0 time 1473.0
speed0 time 1474.0
speed0 time 1475.0
speed0 time 1476.0
speed0 time 1477.0
speed0 time 1478.0
speed0 time 1479.0
speed0 time 1480.0
speed0 time 1480.0
02:40:54.402 [main] INFO  AV.VCU -  OSD 00 currentime 1480.0
speed0 time 1481.0
speed0 time 1481.0
02:40:54.447 [main] INFO  AV.VCU -  OSD 11 currentime 1481.0
speed0 time 1482.0
speed0 time 1482.0
02:40:54.499 [main] INFO  AV.VCU -  OSD 22 currentime 1482.0
speed0 time 1483.0
speed0 time 1483.0
02:40:54.538 [main] INFO  AV.VCU -  OSD 33 currentime 1483.0
speed0 time 1484.0
speed0 time 1485.0
speed0 time 1486.0
speed0 time 1487.0
speed0 time 1488.0
speed0 time 1489.0
speed0 time 1490.0
speed0 time 1491.0
speed0 time 1492.0
speed0 time 1493.0
speed0 time 1494.0
speed0 time 1495.0
speed0 time 1496.0
speed0 time 1497.0
speed0 time 1498.0
speed0 time 1499.0
speed0 time 1500.0
speed0 time 1500.0
02:40:55.425 [main] INFO  AV.VCU -  OSD 00 currentime 1500.0
speed0 time 1501.0
speed0 time 1501.0
02:40:55.482 [main] INFO  AV.VCU -  OSD 11 currentime 1501.0
speed0 time 1502.0
speed0 time 1502.0
02:40:55.536 [main] INFO  AV.VCU -  OSD 22 currentime 1502.0
speed0 time 1503.0
speed0 time 1503.0
02:40:55.581 [main] INFO  AV.VCU -  OSD 33 currentime 1503.0
speed0 time 1504.0
speed0 time 1505.0
speed0 time 1506.0
speed0 time 1507.0
speed0 time 1508.0
speed0 time 1509.0
speed0 time 1510.0
speed0 time 1511.0
speed0 time 1512.0
speed0 time 1513.0
speed0 time 1514.0
speed0 time 1515.0
speed0 time 1516.0
speed0 time 1517.0
speed0 time 1518.0
speed0 time 1519.0
speed0 time 1520.0
speed0 time 1520.0
02:40:56.423 [main] INFO  AV.VCU -  OSD 00 currentime 1520.0
speed0 time 1521.0
speed0 time 1521.0
02:40:56.470 [main] INFO  AV.VCU -  OSD 11 currentime 1521.0
speed0 time 1522.0
speed0 time 1522.0
02:40:56.619 [main] INFO  AV.VCU -  OSD 22 currentime 1522.0
speed0 time 1523.0
speed0 time 1523.0
02:40:56.663 [main] INFO  AV.VCU -  OSD 33 currentime 1523.0
speed0 time 1524.0
speed0 time 1525.0
speed0 time 1526.0
speed0 time 1527.0
speed0 time 1528.0
speed0 time 1529.0
speed0 time 1530.0
speed0 time 1531.0
speed0 time 1532.0
speed0 time 1533.0
speed0 time 1534.0
speed0 time 1535.0
speed0 time 1536.0
speed0 time 1537.0
speed0 time 1538.0
speed0 time 1539.0
speed0 time 1540.0
speed0 time 1540.0
02:40:57.514 [main] INFO  AV.VCU -  OSD 00 currentime 1540.0
speed0 time 1541.0
speed0 time 1541.0
02:40:57.553 [main] INFO  AV.VCU -  OSD 11 currentime 1541.0
speed0 time 1542.0
speed0 time 1542.0
02:40:57.615 [main] INFO  AV.VCU -  OSD 22 currentime 1542.0
speed0 time 1543.0
speed0 time 1543.0
02:40:57.666 [main] INFO  AV.VCU -  OSD 33 currentime 1543.0
speed0 time 1544.0
speed0 time 1545.0
speed0 time 1546.0
speed0 time 1547.0
speed0 time 1548.0
speed0 time 1549.0
speed0 time 1550.0
speed0 time 1551.0
speed0 time 1552.0
speed0 time 1553.0
speed0 time 1554.0
speed0 time 1555.0
speed0 time 1556.0
speed0 time 1557.0
speed0 time 1558.0
speed0 time 1559.0
speed0 time 1560.0
speed0 time 1560.0
02:40:58.520 [main] INFO  AV.VCU -  OSD 00 currentime 1560.0
speed0 time 1561.0
speed0 time 1561.0
02:40:58.561 [main] INFO  AV.VCU -  OSD 11 currentime 1561.0
speed0 time 1562.0
speed0 time 1562.0
02:40:58.622 [main] INFO  AV.VCU -  OSD 22 currentime 1562.0
speed0 time 1563.0
speed0 time 1563.0
02:40:58.666 [main] INFO  AV.VCU -  OSD 33 currentime 1563.0
speed0 time 1564.0
speed0 time 1565.0
speed0 time 1566.0
speed0 time 1567.0
speed0 time 1568.0
speed0 time 1569.0
speed0 time 1570.0
speed0 time 1571.0
speed0 time 1572.0
speed0 time 1573.0
speed0 time 1574.0
speed0 time 1575.0
speed0 time 1576.0
speed0 time 1577.0
speed0 time 1578.0
speed0 time 1579.0
speed0 time 1580.0
speed0 time 1580.0
02:40:59.546 [main] INFO  AV.VCU -  OSD 00 currentime 1580.0
speed0 time 1581.0
speed0 time 1581.0
02:40:59.573 [main] INFO  AV.VCU -  OSD 11 currentime 1581.0
speed0 time 1582.0
speed0 time 1582.0
02:40:59.642 [main] INFO  AV.VCU -  OSD 22 currentime 1582.0
speed0 time 1583.0
speed0 time 1583.0
02:40:59.674 [main] INFO  AV.VCU -  OSD 33 currentime 1583.0
speed0 time 1584.0
speed0 time 1585.0
speed0 time 1586.0
speed0 time 1587.0
speed0 time 1588.0
speed0 time 1589.0
speed0 time 1590.0
speed0 time 1591.0
speed0 time 1592.0
speed0 time 1593.0
speed0 time 1594.0
speed0 time 1595.0
speed0 time 1596.0
speed0 time 1597.0
speed0 time 1598.0
speed0 time 1599.0
speed0 time 1600.0
speed0 time 1600.0
02:41:00.507 [main] INFO  AV.VCU -  OSD 00 currentime 1600.0
speed0 time 1601.0
speed0 time 1601.0
02:41:00.554 [main] INFO  AV.VCU -  OSD 11 currentime 1601.0
speed0 time 1602.0
speed0 time 1602.0
02:41:00.583 [main] INFO  AV.VCU -  OSD 22 currentime 1602.0
speed0 time 1603.0
speed0 time 1603.0
02:41:00.673 [main] INFO  AV.VCU -  OSD 33 currentime 1603.0
speed0 time 1604.0
speed0 time 1605.0
speed0 time 1606.0
speed0 time 1607.0
speed0 time 1608.0
speed0 time 1609.0
speed0 time 1610.0
speed0 time 1611.0
speed0 time 1612.0
speed0 time 1613.0
speed0 time 1614.0
speed0 time 1615.0
speed0 time 1616.0
speed0 time 1617.0
speed0 time 1618.0
speed0 time 1619.0
speed0 time 1620.0
speed0 time 1620.0
02:41:01.536 [main] INFO  AV.VCU -  OSD 00 currentime 1620.0
speed0 time 1621.0
speed0 time 1621.0
02:41:01.581 [main] INFO  AV.VCU -  OSD 11 currentime 1621.0
speed0 time 1622.0
speed0 time 1622.0
02:41:01.640 [main] INFO  AV.VCU -  OSD 22 currentime 1622.0
speed0 time 1623.0
speed0 time 1623.0
02:41:01.690 [main] INFO  AV.VCU -  OSD 33 currentime 1623.0
speed0 time 1624.0
speed0 time 1625.0
speed0 time 1626.0
speed0 time 1627.0
speed0 time 1628.0
speed0 time 1629.0
speed0 time 1630.0
speed0 time 1631.0
speed0 time 1632.0
speed0 time 1633.0
speed0 time 1634.0
speed0 time 1635.0
speed0 time 1636.0
speed0 time 1637.0
speed0 time 1638.0
speed0 time 1639.0
speed0 time 1640.0
speed0 time 1640.0
02:41:02.548 [main] INFO  AV.VCU -  OSD 00 currentime 1640.0
speed0 time 1641.0
speed0 time 1641.0
02:41:02.605 [main] INFO  AV.VCU -  OSD 11 currentime 1641.0
speed0 time 1642.0
speed0 time 1642.0
02:41:02.675 [main] INFO  AV.VCU -  OSD 22 currentime 1642.0
speed0 time 1643.0
speed0 time 1643.0
02:41:02.711 [main] INFO  AV.VCU -  OSD 33 currentime 1643.0
speed0 time 1644.0
speed0 time 1645.0
speed0 time 1646.0
speed0 time 1647.0
speed0 time 1648.0
speed0 time 1649.0
speed0 time 1650.0
speed0 time 1651.0
speed0 time 1652.0
speed0 time 1653.0
speed0 time 1654.0
speed0 time 1655.0
speed0 time 1656.0
speed0 time 1657.0
speed0 time 1658.0
speed0 time 1659.0
speed0 time 1660.0
speed0 time 1660.0
02:41:03.602 [main] INFO  AV.VCU -  OSD 00 currentime 1660.0
speed0 time 1661.0
speed0 time 1661.0
02:41:03.666 [main] INFO  AV.VCU -  OSD 11 currentime 1661.0
speed0 time 1662.0
speed0 time 1662.0
02:41:03.708 [main] INFO  AV.VCU -  OSD 22 currentime 1662.0
speed0 time 1663.0
speed0 time 1663.0
02:41:03.757 [main] INFO  AV.VCU -  OSD 33 currentime 1663.0
speed0 time 1664.0
speed0 time 1665.0
speed0 time 1666.0
speed0 time 1667.0
speed0 time 1668.0
speed0 time 1669.0
speed0 time 1670.0
speed0 time 1671.0
speed0 time 1672.0
speed0 time 1673.0
speed0 time 1674.0
speed0 time 1675.0
speed0 time 1676.0
speed0 time 1677.0
speed0 time 1678.0
speed0 time 1679.0
speed0 time 1680.0
speed0 time 1680.0
02:41:04.609 [main] INFO  AV.VCU -  OSD 00 currentime 1680.0
speed0 time 1681.0
speed0 time 1681.0
02:41:04.663 [main] INFO  AV.VCU -  OSD 11 currentime 1681.0
speed0 time 1682.0
speed0 time 1682.0
02:41:04.725 [main] INFO  AV.VCU -  OSD 22 currentime 1682.0
speed0 time 1683.0
speed0 time 1683.0
02:41:04.780 [main] INFO  AV.VCU -  OSD 33 currentime 1683.0
speed0 time 1684.0
speed0 time 1685.0
speed0 time 1686.0
speed0 time 1687.0
speed0 time 1688.0
speed0 time 1689.0
speed0 time 1690.0
speed0 time 1691.0
speed0 time 1692.0
speed0 time 1693.0
speed0 time 1694.0
speed0 time 1695.0
speed0 time 1696.0
speed0 time 1697.0
speed0 time 1698.0
speed0 time 1699.0
speed0 time 1700.0
speed0 time 1700.0
02:41:05.647 [main] INFO  AV.VCU -  OSD 00 currentime 1700.0
speed0 time 1701.0
speed0 time 1701.0
02:41:05.720 [main] INFO  AV.VCU -  OSD 11 currentime 1701.0
speed0 time 1702.0
speed0 time 1702.0
02:41:05.763 [main] INFO  AV.VCU -  OSD 22 currentime 1702.0
speed0 time 1703.0
speed0 time 1703.0
02:41:05.820 [main] INFO  AV.VCU -  OSD 33 currentime 1703.0
speed0 time 1704.0
speed0 time 1705.0
speed0 time 1706.0
speed0 time 1707.0
speed0 time 1708.0
speed0 time 1709.0
speed0 time 1710.0
speed0 time 1711.0
speed0 time 1712.0
speed0 time 1713.0
speed0 time 1714.0
speed0 time 1715.0
speed0 time 1716.0
speed0 time 1717.0
speed0 time 1718.0
speed0 time 1719.0
speed0 time 1720.0
speed0 time 1720.0
02:41:06.720 [main] INFO  AV.VCU -  OSD 00 currentime 1720.0
speed0 time 1721.0
speed0 time 1721.0
02:41:06.791 [main] INFO  AV.VCU -  OSD 11 currentime 1721.0
speed0 time 1722.0
speed0 time 1722.0
02:41:06.834 [main] INFO  AV.VCU -  OSD 22 currentime 1722.0
speed0 time 1723.0
speed0 time 1723.0
02:41:06.890 [main] INFO  AV.VCU -  OSD 33 currentime 1723.0
speed0 time 1724.0
speed0 time 1725.0
speed0 time 1726.0
speed0 time 1727.0
speed0 time 1728.0
speed0 time 1729.0
speed0 time 1730.0
speed0 time 1731.0
speed0 time 1732.0
speed0 time 1733.0
speed0 time 1734.0
speed0 time 1735.0
speed0 time 1736.0
speed0 time 1737.0
speed0 time 1738.0
speed0 time 1739.0
speed0 time 1740.0
speed0 time 1740.0
02:41:07.779 [main] INFO  AV.VCU -  OSD 00 currentime 1740.0
speed0 time 1741.0
speed0 time 1741.0
02:41:07.830 [main] INFO  AV.VCU -  OSD 11 currentime 1741.0
speed0 time 1742.0
speed0 time 1742.0
02:41:07.891 [main] INFO  AV.VCU -  OSD 22 currentime 1742.0
speed0 time 1743.0
speed0 time 1743.0
02:41:07.946 [main] INFO  AV.VCU -  OSD 33 currentime 1743.0
speed0 time 1744.0
speed0 time 1745.0
speed0 time 1746.0
speed0 time 1747.0
speed0 time 1748.0
speed0 time 1749.0
speed0 time 1750.0
speed0 time 1751.0
speed0 time 1752.0
speed0 time 1753.0
speed0 time 1754.0
speed0 time 1755.0
speed0 time 1756.0
speed0 time 1757.0
speed0 time 1758.0
speed0 time 1759.0
speed0 time 1760.0
speed0 time 1760.0
02:41:08.831 [main] INFO  AV.VCU -  OSD 00 currentime 1760.0
speed0 time 1761.0
speed0 time 1761.0
02:41:08.878 [main] INFO  AV.VCU -  OSD 11 currentime 1761.0
speed0 time 1762.0
speed0 time 1762.0
02:41:08.939 [main] INFO  AV.VCU -  OSD 22 currentime 1762.0
speed0 time 1763.0
speed0 time 1763.0
02:41:08.982 [main] INFO  AV.VCU -  OSD 33 currentime 1763.0
speed0 time 1764.0
speed0 time 1765.0
speed0 time 1766.0
speed0 time 1767.0
speed0 time 1768.0
speed0 time 1769.0
speed0 time 1770.0
speed0 time 1771.0
speed0 time 1772.0
speed0 time 1773.0
speed0 time 1774.0
speed0 time 1775.0
speed0 time 1776.0
speed0 time 1777.0
speed0 time 1778.0
speed0 time 1779.0
speed0 time 1780.0
speed0 time 1780.0
02:41:09.857 [main] INFO  AV.VCU -  OSD 00 currentime 1780.0
speed0 time 1781.0
speed0 time 1781.0
02:41:09.922 [main] INFO  AV.VCU -  OSD 11 currentime 1781.0
speed0 time 1782.0
speed0 time 1782.0
02:41:09.968 [main] INFO  AV.VCU -  OSD 22 currentime 1782.0
speed0 time 1783.0
speed0 time 1783.0
02:41:10.011 [main] INFO  AV.VCU -  OSD 33 currentime 1783.0
speed0 time 1784.0
speed0 time 1785.0
speed0 time 1786.0
speed0 time 1787.0
speed0 time 1788.0
speed0 time 1789.0
speed0 time 1790.0
speed0 time 1791.0
speed0 time 1792.0
speed0 time 1793.0
speed0 time 1794.0
speed0 time 1795.0
speed0 time 1796.0
speed0 time 1797.0
speed0 time 1798.0
speed0 time 1799.0
speed0 time 1800.0
speed0 time 1800.0
02:41:11.013 [main] INFO  AV.VCU -  OSD 00 currentime 1800.0
speed0 time 1801.0
speed0 time 1801.0
02:41:11.071 [main] INFO  AV.VCU -  OSD 11 currentime 1801.0
speed0 time 1802.0
speed0 time 1802.0
02:41:11.108 [main] INFO  AV.VCU -  OSD 22 currentime 1802.0
speed0 time 1803.0
speed0 time 1803.0
02:41:11.163 [main] INFO  AV.VCU -  OSD 33 currentime 1803.0
speed0 time 1804.0
speed0 time 1805.0
speed0 time 1806.0
speed0 time 1807.0
speed0 time 1808.0
speed0 time 1809.0
speed0 time 1810.0
speed0 time 1811.0
speed0 time 1812.0
speed0 time 1813.0
speed0 time 1814.0
speed0 time 1815.0
speed0 time 1816.0
speed0 time 1817.0
speed0 time 1818.0
speed0 time 1819.0
speed0 time 1820.0
speed0 time 1820.0
02:41:11.969 [main] INFO  AV.VCU -  OSD 00 currentime 1820.0
speed0 time 1821.0
speed0 time 1821.0
02:41:12.018 [main] INFO  AV.VCU -  OSD 11 currentime 1821.0
speed0 time 1822.0
speed0 time 1822.0
02:41:12.074 [main] INFO  AV.VCU -  OSD 22 currentime 1822.0
speed0 time 1823.0
speed0 time 1823.0
02:41:12.125 [main] INFO  AV.VCU -  OSD 33 currentime 1823.0
speed0 time 1824.0
speed0 time 1825.0
speed0 time 1826.0
speed0 time 1827.0
speed0 time 1828.0
speed0 time 1829.0
speed0 time 1830.0
speed0 time 1831.0
speed0 time 1832.0
speed0 time 1833.0
speed0 time 1834.0
speed0 time 1835.0
speed0 time 1836.0
speed0 time 1837.0
speed0 time 1838.0
speed0 time 1839.0
speed0 time 1840.0
speed0 time 1840.0
02:41:13.023 [main] INFO  AV.VCU -  OSD 00 currentime 1840.0
speed0 time 1841.0
speed0 time 1841.0
02:41:13.072 [main] INFO  AV.VCU -  OSD 11 currentime 1841.0
speed0 time 1842.0
speed0 time 1842.0
02:41:13.134 [main] INFO  AV.VCU -  OSD 22 currentime 1842.0
speed0 time 1843.0
speed0 time 1843.0
02:41:13.187 [main] INFO  AV.VCU -  OSD 33 currentime 1843.0
speed0 time 1844.0
speed0 time 1845.0
speed0 time 1846.0
speed0 time 1847.0
speed0 time 1848.0
speed0 time 1849.0
speed0 time 1850.0
speed0 time 1851.0
speed0 time 1852.0
speed0 time 1853.0
speed0 time 1854.0
speed0 time 1855.0
speed0 time 1856.0
speed0 time 1857.0
speed0 time 1858.0
speed0 time 1859.0
speed0 time 1860.0
speed0 time 1860.0
02:41:14.065 [main] INFO  AV.VCU -  OSD 00 currentime 1860.0
speed0 time 1861.0
speed0 time 1861.0
02:41:14.122 [main] INFO  AV.VCU -  OSD 11 currentime 1861.0
speed0 time 1862.0
speed0 time 1862.0
02:41:14.179 [main] INFO  AV.VCU -  OSD 22 currentime 1862.0
speed0 time 1863.0
speed0 time 1863.0
02:41:14.229 [main] INFO  AV.VCU -  OSD 33 currentime 1863.0
speed0 time 1864.0
speed0 time 1865.0
speed0 time 1866.0
speed0 time 1867.0
speed0 time 1868.0
speed0 time 1869.0
speed0 time 1870.0
speed0 time 1871.0
speed0 time 1872.0
speed0 time 1873.0
speed0 time 1874.0
speed0 time 1875.0
speed0 time 1876.0
speed0 time 1877.0
speed0 time 1878.0
speed0 time 1879.0
speed0 time 1880.0
speed0 time 1880.0
02:41:15.065 [main] INFO  AV.VCU -  OSD 00 currentime 1880.0
speed0 time 1881.0
speed0 time 1881.0
02:41:15.098 [main] INFO  AV.VCU -  OSD 11 currentime 1881.0
speed0 time 1882.0
speed0 time 1882.0
02:41:15.169 [main] INFO  AV.VCU -  OSD 22 currentime 1882.0
speed0 time 1883.0
speed0 time 1883.0
02:41:15.209 [main] INFO  AV.VCU -  OSD 33 currentime 1883.0
speed0 time 1884.0
speed0 time 1885.0
speed0 time 1886.0
speed0 time 1887.0
speed0 time 1888.0
speed0 time 1889.0
speed0 time 1890.0
speed0 time 1891.0
speed0 time 1892.0
speed0 time 1893.0
speed0 time 1894.0
speed0 time 1895.0
speed0 time 1896.0
speed0 time 1897.0
speed0 time 1898.0
speed0 time 1899.0
speed0 time 1900.0
speed0 time 1900.0
02:41:16.050 [main] INFO  AV.VCU -  OSD 00 currentime 1900.0
speed0 time 1901.0
speed0 time 1901.0
02:41:16.096 [main] INFO  AV.VCU -  OSD 11 currentime 1901.0
speed0 time 1902.0
speed0 time 1902.0
02:41:16.142 [main] INFO  AV.VCU -  OSD 22 currentime 1902.0
speed0 time 1903.0
speed0 time 1903.0
02:41:16.195 [main] INFO  AV.VCU -  OSD 33 currentime 1903.0
speed0 time 1904.0
speed0 time 1905.0
speed0 time 1906.0
speed0 time 1907.0
speed0 time 1908.0
speed0 time 1909.0
speed0 time 1910.0
speed0 time 1911.0
speed0 time 1912.0
speed0 time 1913.0
speed0 time 1914.0
speed0 time 1915.0
speed0 time 1916.0
speed0 time 1917.0
speed0 time 1918.0
speed0 time 1919.0
speed0 time 1920.0
speed0 time 1920.0
02:41:17.031 [main] INFO  AV.VCU -  OSD 00 currentime 1920.0
speed0 time 1921.0
speed0 time 1921.0
02:41:17.081 [main] INFO  AV.VCU -  OSD 11 currentime 1921.0
speed0 time 1922.0
speed0 time 1922.0
02:41:17.145 [main] INFO  AV.VCU -  OSD 22 currentime 1922.0
speed0 time 1923.0
speed0 time 1923.0
02:41:17.177 [main] INFO  AV.VCU -  OSD 33 currentime 1923.0
speed0 time 1924.0
speed0 time 1925.0
speed0 time 1926.0
speed0 time 1927.0
speed0 time 1928.0
speed0 time 1929.0
speed0 time 1930.0
speed0 time 1931.0
speed0 time 1932.0
speed0 time 1933.0
speed0 time 1934.0
speed0 time 1935.0
speed0 time 1936.0
speed0 time 1937.0
speed0 time 1938.0
speed0 time 1939.0
speed0 time 1940.0
speed0 time 1940.0
02:41:18.075 [main] INFO  AV.VCU -  OSD 00 currentime 1940.0
speed0 time 1941.0
speed0 time 1941.0
02:41:18.134 [main] INFO  AV.VCU -  OSD 11 currentime 1941.0
speed0 time 1942.0
speed0 time 1942.0
02:41:18.185 [main] INFO  AV.VCU -  OSD 22 currentime 1942.0
speed0 time 1943.0
speed0 time 1943.0
02:41:18.238 [main] INFO  AV.VCU -  OSD 33 currentime 1943.0
speed0 time 1944.0
speed0 time 1945.0
speed0 time 1946.0
speed0 time 1947.0
speed0 time 1948.0
speed0 time 1949.0
speed0 time 1950.0
speed0 time 1951.0
speed0 time 1952.0
speed0 time 1953.0
speed0 time 1954.0
speed0 time 1955.0
speed0 time 1956.0
speed0 time 1957.0
speed0 time 1958.0
speed0 time 1959.0
speed0 time 1960.0
speed0 time 1960.0
02:41:19.119 [main] INFO  AV.VCU -  OSD 00 currentime 1960.0
speed0 time 1961.0
speed0 time 1961.0
02:41:19.164 [main] INFO  AV.VCU -  OSD 11 currentime 1961.0
speed0 time 1962.0
speed0 time 1962.0
02:41:19.220 [main] INFO  AV.VCU -  OSD 22 currentime 1962.0
speed0 time 1963.0
speed0 time 1963.0
02:41:19.263 [main] INFO  AV.VCU -  OSD 33 currentime 1963.0
speed0 time 1964.0
speed0 time 1965.0
speed0 time 1966.0
speed0 time 1967.0
speed0 time 1968.0
speed0 time 1969.0
speed0 time 1970.0
speed0 time 1971.0
speed0 time 1972.0
speed0 time 1973.0
speed0 time 1974.0
speed0 time 1975.0
speed0 time 1976.0
speed0 time 1977.0
speed0 time 1978.0
speed0 time 1979.0
speed0 time 1980.0
speed0 time 1980.0
02:41:20.135 [main] INFO  AV.VCU -  OSD 00 currentime 1980.0
speed0 time 1981.0
speed0 time 1981.0
02:41:20.179 [main] INFO  AV.VCU -  OSD 11 currentime 1981.0
speed0 time 1982.0
speed0 time 1982.0
02:41:20.222 [main] INFO  AV.VCU -  OSD 22 currentime 1982.0
speed0 time 1983.0
speed0 time 1983.0
02:41:20.257 [main] INFO  AV.VCU -  OSD 33 currentime 1983.0
speed0 time 1984.0
speed0 time 1985.0
speed0 time 1986.0
speed0 time 1987.0
speed0 time 1988.0
speed0 time 1989.0
speed0 time 1990.0
speed0 time 1991.0
speed0 time 1992.0
speed0 time 1993.0
speed0 time 1994.0
speed0 time 1995.0
speed0 time 1996.0
speed0 time 1997.0
speed0 time 1998.0
speed0 time 1999.0
speed0 time 2000.0
speed0 time 2000.0
02:41:21.127 [main] INFO  AV.VCU -  OSD 00 currentime 2000.0
speed0 time 2001.0
speed0 time 2001.0
02:41:21.183 [main] INFO  AV.VCU -  OSD 11 currentime 2001.0
speed0 time 2002.0
speed0 time 2002.0
02:41:21.244 [main] INFO  AV.VCU -  OSD 22 currentime 2002.0
speed0 time 2003.0
speed0 time 2003.0
02:41:21.286 [main] INFO  AV.VCU -  OSD 33 currentime 2003.0
speed0 time 2004.0
speed0 time 2005.0
speed0 time 2006.0
speed0 time 2007.0
speed0 time 2008.0
speed0 time 2009.0
speed0 time 2010.0
speed0 time 2011.0
speed0 time 2012.0
speed0 time 2013.0
speed0 time 2014.0
speed0 time 2015.0
speed0 time 2016.0
speed0 time 2017.0
speed0 time 2018.0
speed0 time 2019.0
speed0 time 2020.0
speed0 time 2020.0
02:41:22.144 [main] INFO  AV.VCU -  OSD 00 currentime 2020.0
speed0 time 2021.0
speed0 time 2021.0
02:41:22.187 [main] INFO  AV.VCU -  OSD 11 currentime 2021.0
speed0 time 2022.0
speed0 time 2022.0
02:41:22.252 [main] INFO  AV.VCU -  OSD 22 currentime 2022.0
speed0 time 2023.0
speed0 time 2023.0
02:41:22.299 [main] INFO  AV.VCU -  OSD 33 currentime 2023.0
speed0 time 2024.0
speed0 time 2025.0
speed0 time 2026.0
speed0 time 2027.0
speed0 time 2028.0
speed0 time 2029.0
speed0 time 2030.0
speed0 time 2031.0
speed0 time 2032.0
speed0 time 2033.0
speed0 time 2034.0
speed0 time 2035.0
speed0 time 2036.0
speed0 time 2037.0
speed0 time 2038.0
speed0 time 2039.0
speed0 time 2040.0
speed0 time 2040.0
02:41:23.193 [main] INFO  AV.VCU -  OSD 00 currentime 2040.0
speed0 time 2041.0
speed0 time 2041.0
02:41:23.237 [main] INFO  AV.VCU -  OSD 11 currentime 2041.0
speed0 time 2042.0
speed0 time 2042.0
02:41:23.290 [main] INFO  AV.VCU -  OSD 22 currentime 2042.0
speed0 time 2043.0
speed0 time 2043.0
02:41:23.335 [main] INFO  AV.VCU -  OSD 33 currentime 2043.0
speed0 time 2044.0
speed0 time 2045.0
speed0 time 2046.0
speed0 time 2047.0
speed0 time 2048.0
speed0 time 2049.0
speed0 time 2050.0
speed0 time 2051.0
speed0 time 2052.0
speed0 time 2053.0
speed0 time 2054.0
speed0 time 2055.0
speed0 time 2056.0
speed0 time 2057.0
speed0 time 2058.0
speed0 time 2059.0
speed0 time 2060.0
speed0 time 2060.0
02:41:24.194 [main] INFO  AV.VCU -  OSD 00 currentime 2060.0
speed0 time 2061.0
speed0 time 2061.0
02:41:24.252 [main] INFO  AV.VCU -  OSD 11 currentime 2061.0
speed0 time 2062.0
speed0 time 2062.0
02:41:24.306 [main] INFO  AV.VCU -  OSD 22 currentime 2062.0
speed0 time 2063.0
speed0 time 2063.0
02:41:24.353 [main] INFO  AV.VCU -  OSD 33 currentime 2063.0
speed0 time 2064.0
speed0 time 2065.0
speed0 time 2066.0
speed0 time 2067.0
speed0 time 2068.0
speed0 time 2069.0
speed0 time 2070.0
speed0 time 2071.0
speed0 time 2072.0
speed0 time 2073.0
speed0 time 2074.0
speed0 time 2075.0
speed0 time 2076.0
speed0 time 2077.0
speed0 time 2078.0
speed0 time 2079.0
speed0 time 2080.0
speed0 time 2080.0
02:41:25.288 [main] INFO  AV.VCU -  OSD 00 currentime 2080.0
speed0 time 2081.0
speed0 time 2081.0
02:41:25.310 [main] INFO  AV.VCU -  OSD 11 currentime 2081.0
speed0 time 2082.0
speed0 time 2082.0
02:41:25.396 [main] INFO  AV.VCU -  OSD 22 currentime 2082.0
speed0 time 2083.0
speed0 time 2083.0
02:41:25.427 [main] INFO  AV.VCU -  OSD 33 currentime 2083.0
speed0 time 2084.0
speed0 time 2085.0
speed0 time 2086.0
speed0 time 2087.0
speed0 time 2088.0
speed0 time 2089.0
speed0 time 2090.0
speed0 time 2091.0
speed0 time 2092.0
speed0 time 2093.0
speed0 time 2094.0
speed0 time 2095.0
speed0 time 2096.0
speed0 time 2097.0
speed0 time 2098.0
speed0 time 2099.0
speed0 time 2100.0
speed0 time 2100.0
02:41:26.345 [main] INFO  AV.VCU -  OSD 00 currentime 2100.0
speed0 time 2101.0
speed0 time 2101.0
02:41:26.396 [main] INFO  AV.VCU -  OSD 11 currentime 2101.0
speed0 time 2102.0
speed0 time 2102.0
02:41:26.466 [main] INFO  AV.VCU -  OSD 22 currentime 2102.0
speed0 time 2103.0
speed0 time 2103.0
02:41:26.520 [main] INFO  AV.VCU -  OSD 33 currentime 2103.0
speed0 time 2104.0
speed0 time 2105.0
speed0 time 2106.0
speed0 time 2107.0
speed0 time 2108.0
speed0 time 2109.0
speed0 time 2110.0
speed0 time 2111.0
speed0 time 2112.0
speed0 time 2113.0
speed0 time 2114.0
speed0 time 2115.0
speed0 time 2116.0
speed0 time 2117.0
speed0 time 2118.0
speed0 time 2119.0
speed0 time 2120.0
speed0 time 2120.0
02:41:27.354 [main] INFO  AV.VCU -  OSD 00 currentime 2120.0
speed0 time 2121.0
speed0 time 2121.0
02:41:27.429 [main] INFO  AV.VCU -  OSD 11 currentime 2121.0
speed0 time 2122.0
speed0 time 2122.0
02:41:27.479 [main] INFO  AV.VCU -  OSD 22 currentime 2122.0
speed0 time 2123.0
speed0 time 2123.0
02:41:27.523 [main] INFO  AV.VCU -  OSD 33 currentime 2123.0
speed0 time 2124.0
speed0 time 2125.0
speed0 time 2126.0
speed0 time 2127.0
speed0 time 2128.0
speed0 time 2129.0
speed0 time 2130.0
speed0 time 2131.0
speed0 time 2132.0
speed0 time 2133.0
speed0 time 2134.0
speed0 time 2135.0
speed0 time 2136.0
speed0 time 2137.0
speed0 time 2138.0
speed0 time 2139.0
speed0 time 2140.0
speed0 time 2140.0
02:41:28.365 [main] INFO  AV.VCU -  OSD 00 currentime 2140.0
speed0 time 2141.0
speed0 time 2141.0
02:41:28.400 [main] INFO  AV.VCU -  OSD 11 currentime 2141.0
speed0 time 2142.0
speed0 time 2142.0
02:41:28.455 [main] INFO  AV.VCU -  OSD 22 currentime 2142.0
speed0 time 2143.0
speed0 time 2143.0
02:41:28.523 [main] INFO  AV.VCU -  OSD 33 currentime 2143.0
speed0 time 2144.0
speed0 time 2145.0
speed0 time 2146.0
speed0 time 2147.0
speed0 time 2148.0
speed0 time 2149.0
speed0 time 2150.0
speed0 time 2151.0
speed0 time 2152.0
speed0 time 2153.0
speed0 time 2154.0
speed0 time 2155.0
speed0 time 2156.0
speed0 time 2157.0
speed0 time 2158.0
speed0 time 2159.0
speed0 time 2160.0
speed0 time 2160.0
02:41:29.416 [main] INFO  AV.VCU -  OSD 00 currentime 2160.0
speed0 time 2161.0
speed0 time 2161.0
02:41:29.465 [main] INFO  AV.VCU -  OSD 11 currentime 2161.0
speed0 time 2162.0
speed0 time 2162.0
02:41:29.521 [main] INFO  AV.VCU -  OSD 22 currentime 2162.0
speed0 time 2163.0
speed0 time 2163.0
02:41:29.573 [main] INFO  AV.VCU -  OSD 33 currentime 2163.0
speed0 time 2164.0
speed0 time 2165.0
speed0 time 2166.0
speed0 time 2167.0
speed0 time 2168.0
speed0 time 2169.0
speed0 time 2170.0
speed0 time 2171.0
speed0 time 2172.0
speed0 time 2173.0
speed0 time 2174.0
speed0 time 2175.0
speed0 time 2176.0
speed0 time 2177.0
speed0 time 2178.0
speed0 time 2179.0
speed0 time 2180.0
speed0 time 2180.0
02:41:30.463 [main] INFO  AV.VCU -  OSD 00 currentime 2180.0
speed0 time 2181.0
speed0 time 2181.0
02:41:30.497 [main] INFO  AV.VCU -  OSD 11 currentime 2181.0
speed0 time 2182.0
speed0 time 2182.0
02:41:30.563 [main] INFO  AV.VCU -  OSD 22 currentime 2182.0
speed0 time 2183.0
speed0 time 2183.0
02:41:30.598 [main] INFO  AV.VCU -  OSD 33 currentime 2183.0
speed0 time 2184.0
speed0 time 2185.0
speed0 time 2186.0
speed0 time 2187.0
speed0 time 2188.0
speed0 time 2189.0
speed0 time 2190.0
speed0 time 2191.0
speed0 time 2192.0
speed0 time 2193.0
speed0 time 2194.0
speed0 time 2195.0
speed0 time 2196.0
speed0 time 2197.0
speed0 time 2198.0
speed0 time 2199.0
speed0 time 2200.0
speed0 time 2200.0
02:41:31.470 [main] INFO  AV.VCU -  OSD 00 currentime 2200.0
speed0 time 2201.0
speed0 time 2201.0
02:41:31.525 [main] INFO  AV.VCU -  OSD 11 currentime 2201.0
speed0 time 2202.0
speed0 time 2202.0
02:41:31.574 [main] INFO  AV.VCU -  OSD 22 currentime 2202.0
speed0 time 2203.0
speed0 time 2203.0
02:41:31.624 [main] INFO  AV.VCU -  OSD 33 currentime 2203.0
speed0 time 2204.0
speed0 time 2205.0
speed0 time 2206.0
speed0 time 2207.0
speed0 time 2208.0
speed0 time 2209.0
speed0 time 2210.0
speed0 time 2211.0
speed0 time 2212.0
speed0 time 2213.0
speed0 time 2214.0
speed0 time 2215.0
speed0 time 2216.0
speed0 time 2217.0
speed0 time 2218.0
speed0 time 2219.0
speed0 time 2220.0
speed0 time 2220.0
02:41:32.511 [main] INFO  AV.VCU -  OSD 00 currentime 2220.0
speed0 time 2221.0
speed0 time 2221.0
02:41:32.569 [main] INFO  AV.VCU -  OSD 11 currentime 2221.0
speed0 time 2222.0
speed0 time 2222.0
02:41:32.622 [main] INFO  AV.VCU -  OSD 22 currentime 2222.0
speed0 time 2223.0
speed0 time 2223.0
02:41:32.677 [main] INFO  AV.VCU -  OSD 33 currentime 2223.0
speed0 time 2224.0
speed0 time 2225.0
speed0 time 2226.0
speed0 time 2227.0
speed0 time 2228.0
speed0 time 2229.0
speed0 time 2230.0
speed0 time 2231.0
speed0 time 2232.0
speed0 time 2233.0
speed0 time 2234.0
speed0 time 2235.0
speed0 time 2236.0
speed0 time 2237.0
speed0 time 2238.0
speed0 time 2239.0
speed0 time 2240.0
speed0 time 2240.0
02:41:33.533 [main] INFO  AV.VCU -  OSD 00 currentime 2240.0
speed0 time 2241.0
speed0 time 2241.0
02:41:33.609 [main] INFO  AV.VCU -  OSD 11 currentime 2241.0
speed0 time 2242.0
speed0 time 2242.0
02:41:33.644 [main] INFO  AV.VCU -  OSD 22 currentime 2242.0
speed0 time 2243.0
speed0 time 2243.0
02:41:33.707 [main] INFO  AV.VCU -  OSD 33 currentime 2243.0
speed0 time 2244.0
speed0 time 2245.0
speed0 time 2246.0
speed0 time 2247.0
speed0 time 2248.0
speed0 time 2249.0
speed0 time 2250.0
speed0 time 2251.0
speed0 time 2252.0
speed0 time 2253.0
speed0 time 2254.0
speed0 time 2255.0
speed0 time 2256.0
speed0 time 2257.0
speed0 time 2258.0
speed0 time 2259.0
speed0 time 2260.0
speed0 time 2260.0
02:41:34.587 [main] INFO  AV.VCU -  OSD 00 currentime 2260.0
speed0 time 2261.0
speed0 time 2261.0
02:41:34.629 [main] INFO  AV.VCU -  OSD 11 currentime 2261.0
speed0 time 2262.0
speed0 time 2262.0
02:41:34.708 [main] INFO  AV.VCU -  OSD 22 currentime 2262.0
speed0 time 2263.0
speed0 time 2263.0
02:41:34.760 [main] INFO  AV.VCU -  OSD 33 currentime 2263.0
speed0 time 2264.0
speed0 time 2265.0
speed0 time 2266.0
speed0 time 2267.0
speed0 time 2268.0
speed0 time 2269.0
speed0 time 2270.0
speed0 time 2271.0
speed0 time 2272.0
speed0 time 2273.0
speed0 time 2274.0
speed0 time 2275.0
speed0 time 2276.0
speed0 time 2277.0
speed0 time 2278.0
speed0 time 2279.0
speed0 time 2280.0
speed0 time 2280.0
02:41:35.691 [main] INFO  AV.VCU -  OSD 00 currentime 2280.0
speed0 time 2281.0
speed0 time 2281.0
02:41:35.732 [main] INFO  AV.VCU -  OSD 11 currentime 2281.0
speed0 time 2282.0
speed0 time 2282.0
02:41:35.779 [main] INFO  AV.VCU -  OSD 22 currentime 2282.0
speed0 time 2283.0
speed0 time 2283.0
02:41:35.830 [main] INFO  AV.VCU -  OSD 33 currentime 2283.0
speed0 time 2284.0
speed0 time 2285.0
speed0 time 2286.0
speed0 time 2287.0
speed0 time 2288.0
speed0 time 2289.0
speed0 time 2290.0
speed0 time 2291.0
speed0 time 2292.0
speed0 time 2293.0
speed0 time 2294.0
speed0 time 2295.0
speed0 time 2296.0
speed0 time 2297.0
speed0 time 2298.0
speed0 time 2299.0
speed0 time 2300.0
speed0 time 2300.0
02:41:36.627 [main] INFO  AV.VCU -  OSD 00 currentime 2300.0
speed0 time 2301.0
speed0 time 2301.0
02:41:36.653 [main] INFO  AV.VCU -  OSD 11 currentime 2301.0
speed0 time 2302.0
speed0 time 2302.0
02:41:36.730 [main] INFO  AV.VCU -  OSD 22 currentime 2302.0
speed0 time 2303.0
speed0 time 2303.0
02:41:36.763 [main] INFO  AV.VCU -  OSD 33 currentime 2303.0
speed0 time 2304.0
speed0 time 2305.0
speed0 time 2306.0
speed0 time 2307.0
speed0 time 2308.0
speed0 time 2309.0
speed0 time 2310.0
speed0 time 2311.0
speed0 time 2312.0
speed0 time 2313.0
speed0 time 2314.0
speed0 time 2315.0
speed0 time 2316.0
speed0 time 2317.0
speed0 time 2318.0
speed0 time 2319.0
speed0 time 2320.0
speed0 time 2320.0
02:41:37.632 [main] INFO  AV.VCU -  OSD 00 currentime 2320.0
speed0 time 2321.0
speed0 time 2321.0
02:41:37.705 [main] INFO  AV.VCU -  OSD 11 currentime 2321.0
speed0 time 2322.0
speed0 time 2322.0
02:41:37.761 [main] INFO  AV.VCU -  OSD 22 currentime 2322.0
speed0 time 2323.0
speed0 time 2323.0
02:41:37.822 [main] INFO  AV.VCU -  OSD 33 currentime 2323.0
speed0 time 2324.0
speed0 time 2325.0
speed0 time 2326.0
speed0 time 2327.0
speed0 time 2328.0
speed0 time 2329.0
speed0 time 2330.0
speed0 time 2331.0
speed0 time 2332.0
speed0 time 2333.0
speed0 time 2334.0
speed0 time 2335.0
speed0 time 2336.0
speed0 time 2337.0
speed0 time 2338.0
speed0 time 2339.0
speed0 time 2340.0
speed0 time 2340.0
02:41:38.697 [main] INFO  AV.VCU -  OSD 00 currentime 2340.0
speed0 time 2341.0
speed0 time 2341.0
02:41:38.751 [main] INFO  AV.VCU -  OSD 11 currentime 2341.0
speed0 time 2342.0
speed0 time 2342.0
02:41:38.790 [main] INFO  AV.VCU -  OSD 22 currentime 2342.0
speed0 time 2343.0
speed0 time 2343.0
02:41:38.839 [main] INFO  AV.VCU -  OSD 33 currentime 2343.0
speed0 time 2344.0
speed0 time 2345.0
speed0 time 2346.0
speed0 time 2347.0
speed0 time 2348.0
speed0 time 2349.0
speed0 time 2350.0
speed0 time 2351.0
speed0 time 2352.0
speed0 time 2353.0
speed0 time 2354.0
speed0 time 2355.0
speed0 time 2356.0
speed0 time 2357.0
speed0 time 2358.0
speed0 time 2359.0
speed0 time 2360.0
speed0 time 2360.0
02:41:39.722 [main] INFO  AV.VCU -  OSD 00 currentime 2360.0
speed0 time 2361.0
speed0 time 2361.0
02:41:39.768 [main] INFO  AV.VCU -  OSD 11 currentime 2361.0
speed0 time 2362.0
speed0 time 2362.0
02:41:39.826 [main] INFO  AV.VCU -  OSD 22 currentime 2362.0
speed0 time 2363.0
speed0 time 2363.0
02:41:39.865 [main] INFO  AV.VCU -  OSD 33 currentime 2363.0
speed0 time 2364.0
speed0 time 2365.0
speed0 time 2366.0
speed0 time 2367.0
speed0 time 2368.0
speed0 time 2369.0
speed0 time 2370.0
speed0 time 2371.0
speed0 time 2372.0
speed0 time 2373.0
speed0 time 2374.0
speed0 time 2375.0
speed0 time 2376.0
speed0 time 2377.0
speed0 time 2378.0
speed0 time 2379.0
speed0 time 2380.0
speed0 time 2380.0
02:41:40.750 [main] INFO  AV.VCU -  OSD 00 currentime 2380.0
speed0 time 2381.0
speed0 time 2381.0
02:41:40.796 [main] INFO  AV.VCU -  OSD 11 currentime 2381.0
speed0 time 2382.0
speed0 time 2382.0
02:41:40.851 [main] INFO  AV.VCU -  OSD 22 currentime 2382.0
speed0 time 2383.0
speed0 time 2383.0
02:41:40.893 [main] INFO  AV.VCU -  OSD 33 currentime 2383.0
speed0 time 2384.0
speed0 time 2385.0
speed0 time 2386.0
speed0 time 2387.0
speed0 time 2388.0
speed0 time 2389.0
speed0 time 2390.0
speed0 time 2391.0
speed0 time 2392.0
speed0 time 2393.0
speed0 time 2394.0
speed0 time 2395.0
speed0 time 2396.0
speed0 time 2397.0
speed0 time 2398.0
speed0 time 2399.0
speed0 time 2400.0
speed0 time 2400.0
02:41:41.788 [main] INFO  AV.VCU -  OSD 00 currentime 2400.0
speed0 time 2401.0
speed0 time 2401.0
02:41:41.835 [main] INFO  AV.VCU -  OSD 11 currentime 2401.0
speed0 time 2402.0
speed0 time 2402.0
02:41:41.901 [main] INFO  AV.VCU -  OSD 22 currentime 2402.0
speed0 time 2403.0
speed0 time 2403.0
02:41:41.960 [main] INFO  AV.VCU -  OSD 33 currentime 2403.0
speed0 time 2404.0
speed0 time 2405.0
speed0 time 2406.0
speed0 time 2407.0
speed0 time 2408.0
speed0 time 2409.0
speed0 time 2410.0
speed0 time 2411.0
speed0 time 2412.0
speed0 time 2413.0
speed0 time 2414.0
speed0 time 2415.0
speed0 time 2416.0
speed0 time 2417.0
speed0 time 2418.0
speed0 time 2419.0
speed0 time 2420.0
speed0 time 2420.0
02:41:42.788 [main] INFO  AV.VCU -  OSD 00 currentime 2420.0
speed0 time 2421.0
speed0 time 2421.0
02:41:42.846 [main] INFO  AV.VCU -  OSD 11 currentime 2421.0
speed0 time 2422.0
speed0 time 2422.0
02:41:42.892 [main] INFO  AV.VCU -  OSD 22 currentime 2422.0
speed0 time 2423.0
speed0 time 2423.0
02:41:42.953 [main] INFO  AV.VCU -  OSD 33 currentime 2423.0
speed0 time 2424.0
speed0 time 2425.0
speed0 time 2426.0
speed0 time 2427.0
speed0 time 2428.0
speed0 time 2429.0
speed0 time 2430.0
speed0 time 2431.0
speed0 time 2432.0
speed0 time 2433.0
speed0 time 2434.0
speed0 time 2435.0
speed0 time 2436.0
speed0 time 2437.0
speed0 time 2438.0
speed0 time 2439.0
speed0 time 2440.0
speed0 time 2440.0
02:41:43.839 [main] INFO  AV.VCU -  OSD 00 currentime 2440.0
speed0 time 2441.0
speed0 time 2441.0
02:41:43.886 [main] INFO  AV.VCU -  OSD 11 currentime 2441.0
speed0 time 2442.0
speed0 time 2442.0
02:41:43.959 [main] INFO  AV.VCU -  OSD 22 currentime 2442.0
speed0 time 2443.0
speed0 time 2443.0
02:41:44.006 [main] INFO  AV.VCU -  OSD 33 currentime 2443.0
speed0 time 2444.0
speed0 time 2445.0
speed0 time 2446.0
speed0 time 2447.0
speed0 time 2448.0
speed0 time 2449.0
speed0 time 2450.0
speed0 time 2451.0
speed0 time 2452.0
speed0 time 2453.0
speed0 time 2454.0
speed0 time 2455.0
speed0 time 2456.0
speed0 time 2457.0
speed0 time 2458.0
speed0 time 2459.0
speed0 time 2460.0
speed0 time 2460.0
02:41:44.889 [main] INFO  AV.VCU -  OSD 00 currentime 2460.0
speed0 time 2461.0
speed0 time 2461.0
02:41:44.981 [main] INFO  AV.VCU -  OSD 11 currentime 2461.0
speed0 time 2462.0
speed0 time 2462.0
02:41:45.033 [main] INFO  AV.VCU -  OSD 22 currentime 2462.0
speed0 time 2463.0
speed0 time 2463.0
02:41:45.078 [main] INFO  AV.VCU -  OSD 33 currentime 2463.0
speed0 time 2464.0
speed0 time 2465.0
speed0 time 2466.0
speed0 time 2467.0
speed0 time 2468.0
speed0 time 2469.0
speed0 time 2470.0
speed0 time 2471.0
speed0 time 2472.0
speed0 time 2473.0
speed0 time 2474.0
speed0 time 2475.0
speed0 time 2476.0
speed0 time 2477.0
speed0 time 2478.0
speed0 time 2479.0
speed0 time 2480.0
speed0 time 2480.0
02:41:45.996 [main] INFO  AV.VCU -  OSD 00 currentime 2480.0
speed0 time 2481.0
speed0 time 2481.0
02:41:46.035 [main] INFO  AV.VCU -  OSD 11 currentime 2481.0
speed0 time 2482.0
speed0 time 2482.0
02:41:46.107 [main] INFO  AV.VCU -  OSD 22 currentime 2482.0
speed0 time 2483.0
speed0 time 2483.0
02:41:46.140 [main] INFO  AV.VCU -  OSD 33 currentime 2483.0
speed0 time 2484.0
speed0 time 2485.0
speed0 time 2486.0
speed0 time 2487.0
speed0 time 2488.0
speed0 time 2489.0
speed0 time 2490.0
speed0 time 2491.0
speed0 time 2492.0
speed0 time 2493.0
speed0 time 2494.0
speed0 time 2495.0
speed0 time 2496.0
speed0 time 2497.0
speed0 time 2498.0
speed0 time 2499.0
speed0 time 2500.0
speed0 time 2500.0
02:41:47.074 [main] INFO  AV.VCU -  OSD 00 currentime 2500.0
speed0 time 2501.0
speed0 time 2501.0
02:41:47.097 [main] INFO  AV.VCU -  OSD 11 currentime 2501.0
speed0 time 2502.0
speed0 time 2502.0
02:41:47.162 [main] INFO  AV.VCU -  OSD 22 currentime 2502.0
speed0 time 2503.0
speed0 time 2503.0
02:41:47.203 [main] INFO  AV.VCU -  OSD 33 currentime 2503.0
speed0 time 2504.0
speed0 time 2505.0
speed0 time 2506.0
speed0 time 2507.0
speed0 time 2508.0
speed0 time 2509.0
speed0 time 2510.0
speed0 time 2511.0
speed0 time 2512.0
speed0 time 2513.0
speed0 time 2514.0
speed0 time 2515.0
speed0 time 2516.0
speed0 time 2517.0
speed0 time 2518.0
speed0 time 2519.0
speed0 time 2520.0
speed0 time 2520.0
02:41:48.091 [main] INFO  AV.VCU -  OSD 00 currentime 2520.0
speed0 time 2521.0
speed0 time 2521.0
02:41:48.148 [main] INFO  AV.VCU -  OSD 11 currentime 2521.0
speed0 time 2522.0
speed0 time 2522.0
02:41:48.193 [main] INFO  AV.VCU -  OSD 22 currentime 2522.0
speed0 time 2523.0
speed0 time 2523.0
02:41:48.237 [main] INFO  AV.VCU -  OSD 33 currentime 2523.0
speed0 time 2524.0
speed0 time 2525.0
speed0 time 2526.0
speed0 time 2527.0
speed0 time 2528.0
speed0 time 2529.0
speed0 time 2530.0
speed0 time 2531.0
speed0 time 2532.0
speed0 time 2533.0
speed0 time 2534.0
speed0 time 2535.0
speed0 time 2536.0
speed0 time 2537.0
speed0 time 2538.0
speed0 time 2539.0
speed0 time 2540.0
speed0 time 2540.0
02:41:49.075 [main] INFO  AV.VCU -  OSD 00 currentime 2540.0
speed0 time 2541.0
speed0 time 2541.0
02:41:49.118 [main] INFO  AV.VCU -  OSD 11 currentime 2541.0
speed0 time 2542.0
speed0 time 2542.0
02:41:49.179 [main] INFO  AV.VCU -  OSD 22 currentime 2542.0
speed0 time 2543.0
speed0 time 2543.0
02:41:49.226 [main] INFO  AV.VCU -  OSD 33 currentime 2543.0
speed0 time 2544.0
speed0 time 2545.0
speed0 time 2546.0
speed0 time 2547.0
speed0 time 2548.0
speed0 time 2549.0
speed0 time 2550.0
speed0 time 2551.0
speed0 time 2552.0
speed0 time 2553.0
speed0 time 2554.0
speed0 time 2555.0
speed0 time 2556.0
speed0 time 2557.0
speed0 time 2558.0
speed0 time 2559.0
speed0 time 2560.0
speed0 time 2560.0
02:41:50.094 [main] INFO  AV.VCU -  OSD 00 currentime 2560.0
speed0 time 2561.0
speed0 time 2561.0
02:41:50.138 [main] INFO  AV.VCU -  OSD 11 currentime 2561.0
speed0 time 2562.0
speed0 time 2562.0
02:41:50.200 [main] INFO  AV.VCU -  OSD 22 currentime 2562.0
speed0 time 2563.0
speed0 time 2563.0
02:41:50.249 [main] INFO  AV.VCU -  OSD 33 currentime 2563.0
speed0 time 2564.0
speed0 time 2565.0
speed0 time 2566.0
speed0 time 2567.0
speed0 time 2568.0
speed0 time 2569.0
speed0 time 2570.0
speed0 time 2571.0
speed0 time 2572.0
speed0 time 2573.0
speed0 time 2574.0
speed0 time 2575.0
speed0 time 2576.0
speed0 time 2577.0
speed0 time 2578.0
speed0 time 2579.0
speed0 time 2580.0
speed0 time 2580.0
02:41:51.116 [main] INFO  AV.VCU -  OSD 00 currentime 2580.0
speed0 time 2581.0
speed0 time 2581.0
02:41:51.149 [main] INFO  AV.VCU -  OSD 11 currentime 2581.0
speed0 time 2582.0
speed0 time 2582.0
02:41:51.223 [main] INFO  AV.VCU -  OSD 22 currentime 2582.0
speed0 time 2583.0
speed0 time 2583.0
02:41:51.246 [main] INFO  AV.VCU -  OSD 33 currentime 2583.0
speed0 time 2584.0
speed0 time 2585.0
speed0 time 2586.0
speed0 time 2587.0
speed0 time 2588.0
speed0 time 2589.0
speed0 time 2590.0
speed0 time 2591.0
speed0 time 2592.0
speed0 time 2593.0
speed0 time 2594.0
speed0 time 2595.0
speed0 time 2596.0
speed0 time 2597.0
speed0 time 2598.0
speed0 time 2599.0
speed0 time 2600.0
speed0 time 2600.0
02:41:52.152 [main] INFO  AV.VCU -  OSD 00 currentime 2600.0
speed0 time 2601.0
speed0 time 2601.0
02:41:52.220 [main] INFO  AV.VCU -  OSD 11 currentime 2601.0
speed0 time 2602.0
speed0 time 2602.0
02:41:52.264 [main] INFO  AV.VCU -  OSD 22 currentime 2602.0
speed0 time 2603.0
speed0 time 2603.0
02:41:52.323 [main] INFO  AV.VCU -  OSD 33 currentime 2603.0
speed0 time 2604.0
speed0 time 2605.0
speed0 time 2606.0
speed0 time 2607.0
speed0 time 2608.0
speed0 time 2609.0
speed0 time 2610.0
speed0 time 2611.0
speed0 time 2612.0
speed0 time 2613.0
speed0 time 2614.0
speed0 time 2615.0
speed0 time 2616.0
speed0 time 2617.0
speed0 time 2618.0
speed0 time 2619.0
speed0 time 2620.0
speed0 time 2620.0
02:41:53.166 [main] INFO  AV.VCU -  OSD 00 currentime 2620.0
speed0 time 2621.0
speed0 time 2621.0
02:41:53.225 [main] INFO  AV.VCU -  OSD 11 currentime 2621.0
speed0 time 2622.0
speed0 time 2622.0
02:41:53.272 [main] INFO  AV.VCU -  OSD 22 currentime 2622.0
speed0 time 2623.0
speed0 time 2623.0
02:41:53.332 [main] INFO  AV.VCU -  OSD 33 currentime 2623.0
speed0 time 2624.0
speed0 time 2625.0
speed0 time 2626.0
speed0 time 2627.0
speed0 time 2628.0
speed0 time 2629.0
speed0 time 2630.0
speed0 time 2631.0
speed0 time 2632.0
speed0 time 2633.0
speed0 time 2634.0
speed0 time 2635.0
speed0 time 2636.0
speed0 time 2637.0
speed0 time 2638.0
speed0 time 2639.0
speed0 time 2640.0
speed0 time 2640.0
02:41:54.186 [main] INFO  AV.VCU -  OSD 00 currentime 2640.0
02:41:54.243 [main] INFO  org.cpswt.hla.SynchronizedFederate - VCU-a4f2499a-cab2-4f25-9309-daaad5caff3b: SimEnd interaction received, exiting...
speed0 time 2641.0
speed0 time 2641.0
02:41:54.247 [main] INFO  AV.VCU -  OSD 11 currentime 2641.0
02:41:54.247 [main] INFO  org.cpswt.hla.SynchronizedFederate - Exiting gracefully ....
