
-------------------------------------------------------------------
GMS: address=vagrant-57387, cluster=AV, physical address=10.0.2.15:33999
-------------------------------------------------------------------
02:48:31.767 [main] INFO  AV.VCU - waiting on readyToRun...
02:48:32.280 [main] INFO  AV.VCU - ...synchronized on readyToRun
02:48:32.282 [main] INFO  AV.VCU - started logical time progression
speed0 time 0.0
speed0 time 0.0
02:48:32.289 [main] INFO  AV.VCU -  OSD 00 currentime 0.0
speed0 time 1.0
speed1999 time 2.0
speed1999 time 3.0
speed1999 time 4.0
speed1999 time 5.0
speed1999 time 6.0
speed1999 time 7.0
speed1999 time 8.0
speed1999 time 9.0
speed1999 time 10.0
speed1999 time 11.0
speed1999 time 12.0
speed1999 time 13.0
speed1999 time 14.0
speed1999 time 15.0
speed1999 time 16.0
speed1999 time 17.0
speed1999 time 18.0
speed1999 time 19.0
speed1999 time 20.0
speed1999 time 20.0
02:48:34.443 [main] INFO  AV.VCU -  OSD 00 currentime 20.0
speed1998 time 21.0
speed1998 time 22.0
speed1998 time 23.0
speed1998 time 24.0
speed1998 time 25.0
speed1998 time 26.0
speed1998 time 27.0
speed1998 time 28.0
speed1998 time 29.0
speed1998 time 30.0
speed1998 time 31.0
speed1998 time 32.0
speed1998 time 33.0
speed1998 time 34.0
speed1998 time 35.0
speed1998 time 36.0
speed1998 time 37.0
speed1998 time 38.0
speed1998 time 39.0
speed1998 time 40.0
speed1998 time 40.0
02:48:35.932 [main] INFO  AV.VCU -  OSD 00 currentime 40.0
speed1997 time 41.0
speed1997 time 42.0
speed1997 time 43.0
speed1997 time 44.0
speed1997 time 45.0
speed1997 time 46.0
speed1997 time 47.0
speed1997 time 48.0
speed1997 time 49.0
speed1997 time 50.0
speed1997 time 51.0
speed1997 time 52.0
speed1997 time 53.0
speed1997 time 54.0
speed1997 time 55.0
speed1997 time 56.0
speed1997 time 57.0
speed1997 time 58.0
speed1997 time 59.0
speed1997 time 60.0
speed1997 time 60.0
02:48:37.102 [main] INFO  AV.VCU -  OSD 00 currentime 60.0
speed1996 time 61.0
speed1996 time 62.0
speed1996 time 63.0
speed1996 time 64.0
speed1996 time 65.0
speed1996 time 66.0
speed1996 time 67.0
speed1996 time 68.0
speed1996 time 69.0
speed1996 time 70.0
speed1996 time 71.0
speed1996 time 72.0
speed1996 time 73.0
speed1996 time 74.0
speed1996 time 75.0
speed1996 time 76.0
speed1996 time 77.0
speed1996 time 78.0
speed1996 time 79.0
speed1996 time 80.0
speed1996 time 80.0
02:48:38.281 [main] INFO  AV.VCU -  OSD 00 currentime 80.0
speed1995 time 81.0
speed1995 time 82.0
speed1995 time 83.0
speed1995 time 84.0
speed1995 time 85.0
speed1995 time 86.0
speed1995 time 87.0
speed1995 time 88.0
speed1995 time 89.0
speed1995 time 90.0
speed1995 time 91.0
speed1995 time 92.0
speed1995 time 93.0
speed1995 time 94.0
speed1995 time 95.0
speed1995 time 96.0
speed1995 time 97.0
speed1995 time 98.0
speed1995 time 99.0
speed1995 time 100.0
speed1995 time 100.0
02:48:39.677 [main] INFO  AV.VCU -  OSD 00 currentime 100.0
speed1994 time 101.0
speed1994 time 102.0
speed1994 time 103.0
speed1994 time 104.0
speed1994 time 105.0
speed1994 time 106.0
speed1994 time 107.0
speed1994 time 108.0
speed1994 time 109.0
speed1994 time 110.0
speed1994 time 111.0
speed1994 time 112.0
speed1994 time 113.0
speed1994 time 114.0
speed1994 time 115.0
speed1994 time 116.0
speed1994 time 117.0
speed1994 time 118.0
speed1994 time 119.0
speed1994 time 120.0
speed1994 time 120.0
02:48:40.774 [main] INFO  AV.VCU -  OSD 00 currentime 120.0
speed1993 time 121.0
speed1993 time 122.0
speed1993 time 123.0
speed1993 time 124.0
speed1993 time 125.0
speed1993 time 126.0
speed1993 time 127.0
speed1993 time 128.0
speed1993 time 129.0
speed1993 time 130.0
speed1993 time 131.0
speed1993 time 132.0
speed1993 time 133.0
speed1993 time 134.0
speed1993 time 135.0
speed1993 time 136.0
speed1993 time 137.0
speed1993 time 138.0
speed1993 time 139.0
speed1993 time 140.0
speed1993 time 140.0
02:48:41.914 [main] INFO  AV.VCU -  OSD 00 currentime 140.0
speed1993 time 141.0
speed1992 time 142.0
speed1992 time 143.0
speed1992 time 144.0
speed1992 time 145.0
speed1992 time 146.0
speed1992 time 147.0
speed1992 time 148.0
speed1992 time 149.0
speed1992 time 150.0
speed1992 time 151.0
speed1992 time 152.0
speed1992 time 153.0
speed1992 time 154.0
speed1992 time 155.0
speed1992 time 156.0
speed1992 time 157.0
speed1992 time 158.0
speed1992 time 159.0
speed1992 time 160.0
speed1992 time 160.0
02:48:43.170 [main] INFO  AV.VCU -  OSD 00 currentime 160.0
speed1991 time 161.0
speed1991 time 162.0
speed1991 time 163.0
speed1991 time 164.0
speed1991 time 165.0
speed1991 time 166.0
speed1991 time 167.0
speed1991 time 168.0
speed1991 time 169.0
speed1991 time 170.0
speed1991 time 171.0
speed1991 time 172.0
speed1991 time 173.0
speed1991 time 174.0
speed1991 time 175.0
speed1991 time 176.0
speed1991 time 177.0
speed1991 time 178.0
speed1991 time 179.0
speed1991 time 180.0
speed1991 time 180.0
02:48:44.310 [main] INFO  AV.VCU -  OSD 00 currentime 180.0
speed1991 time 181.0
speed1990 time 182.0
speed1990 time 183.0
speed1990 time 184.0
speed1990 time 185.0
speed1990 time 186.0
speed1990 time 187.0
speed1990 time 188.0
speed1990 time 189.0
speed1990 time 190.0
speed1990 time 191.0
speed1990 time 192.0
speed1990 time 193.0
speed1990 time 194.0
speed1990 time 195.0
speed1990 time 196.0
speed1990 time 197.0
speed1990 time 198.0
speed1990 time 199.0
speed1990 time 200.0
speed1990 time 200.0
02:48:46.161 [main] INFO  AV.VCU -  OSD 00 currentime 200.0
speed1989 time 201.0
speed1989 time 202.0
speed1989 time 203.0
speed1989 time 204.0
speed1989 time 205.0
speed1989 time 206.0
speed1989 time 207.0
speed1989 time 208.0
speed1989 time 209.0
speed1989 time 210.0
speed1989 time 211.0
speed1989 time 212.0
speed1989 time 213.0
speed1989 time 214.0
speed1989 time 215.0
speed1989 time 216.0
speed1989 time 217.0
speed1989 time 218.0
speed1989 time 219.0
speed1989 time 220.0
speed1989 time 220.0
02:48:47.177 [main] INFO  AV.VCU -  OSD 00 currentime 220.0
speed1989 time 221.0
speed1988 time 222.0
speed1988 time 223.0
speed1988 time 224.0
speed1988 time 225.0
speed1988 time 226.0
speed1988 time 227.0
speed1988 time 228.0
speed1988 time 229.0
speed1988 time 230.0
speed1988 time 231.0
speed1988 time 232.0
speed1988 time 233.0
speed1988 time 234.0
speed1988 time 235.0
speed1988 time 236.0
speed1988 time 237.0
speed1988 time 238.0
speed1988 time 239.0
speed1988 time 240.0
speed1988 time 240.0
02:48:48.264 [main] INFO  AV.VCU -  OSD 00 currentime 240.0
speed1988 time 241.0
speed1987 time 242.0
speed1987 time 243.0
speed1987 time 244.0
speed1987 time 245.0
speed1987 time 246.0
speed1987 time 247.0
speed1987 time 248.0
speed1987 time 249.0
speed1987 time 250.0
speed1987 time 251.0
speed1987 time 252.0
speed1987 time 253.0
speed1987 time 254.0
speed1987 time 255.0
speed1987 time 256.0
speed1987 time 257.0
speed1987 time 258.0
speed1987 time 259.0
speed1987 time 260.0
speed1987 time 260.0
02:48:49.311 [main] INFO  AV.VCU -  OSD 00 currentime 260.0
speed1986 time 261.0
speed1986 time 262.0
speed1986 time 263.0
speed1986 time 264.0
speed1986 time 265.0
speed1986 time 266.0
speed1986 time 267.0
speed1986 time 268.0
speed1986 time 269.0
speed1986 time 270.0
speed1986 time 271.0
speed1986 time 272.0
speed1986 time 273.0
speed1986 time 274.0
speed1986 time 275.0
speed1986 time 276.0
speed1986 time 277.0
speed1986 time 278.0
speed1986 time 279.0
speed1986 time 280.0
speed1986 time 280.0
02:48:50.367 [main] INFO  AV.VCU -  OSD 00 currentime 280.0
speed1985 time 281.0
speed1985 time 282.0
speed1985 time 283.0
speed1985 time 284.0
speed1985 time 285.0
speed1985 time 286.0
speed1985 time 287.0
speed1985 time 288.0
speed1985 time 289.0
speed1985 time 290.0
speed1985 time 291.0
speed1985 time 292.0
speed1985 time 293.0
speed1985 time 294.0
speed1985 time 295.0
speed1985 time 296.0
speed1985 time 297.0
speed1985 time 298.0
speed1985 time 299.0
speed1985 time 300.0
speed1985 time 300.0
02:48:51.455 [main] INFO  AV.VCU -  OSD 00 currentime 300.0
speed1985 time 301.0
speed1984 time 302.0
speed1984 time 303.0
speed1984 time 304.0
speed1984 time 305.0
speed1984 time 306.0
speed1984 time 307.0
speed1984 time 308.0
speed1984 time 309.0
speed1984 time 310.0
speed1984 time 311.0
speed1984 time 312.0
speed1984 time 313.0
speed1984 time 314.0
speed1984 time 315.0
speed1984 time 316.0
speed1984 time 317.0
speed1984 time 318.0
speed1984 time 319.0
speed1984 time 320.0
speed1984 time 320.0
02:48:52.472 [main] INFO  AV.VCU -  OSD 00 currentime 320.0
speed1983 time 321.0
speed1983 time 322.0
speed1983 time 323.0
speed1983 time 324.0
speed1983 time 325.0
speed1983 time 326.0
speed1983 time 327.0
speed1983 time 328.0
speed1983 time 329.0
speed1983 time 330.0
speed1983 time 331.0
speed1983 time 332.0
speed1983 time 333.0
speed1983 time 334.0
speed1983 time 335.0
speed1983 time 336.0
speed1983 time 337.0
speed1983 time 338.0
speed1983 time 339.0
speed1983 time 340.0
speed1983 time 340.0
02:48:53.503 [main] INFO  AV.VCU -  OSD 00 currentime 340.0
speed1982 time 341.0
speed1982 time 342.0
speed1982 time 343.0
speed1982 time 344.0
speed1982 time 345.0
speed1982 time 346.0
speed1982 time 347.0
speed1982 time 348.0
speed1982 time 349.0
speed1982 time 350.0
speed1982 time 351.0
speed1982 time 352.0
speed1982 time 353.0
speed1982 time 354.0
speed1982 time 355.0
speed1982 time 356.0
speed1982 time 357.0
speed1982 time 358.0
speed1982 time 359.0
speed1982 time 360.0
speed1982 time 360.0
02:48:54.646 [main] INFO  AV.VCU -  OSD 00 currentime 360.0
speed1982 time 361.0
speed1981 time 362.0
speed1981 time 363.0
speed1981 time 364.0
speed1981 time 365.0
speed1981 time 366.0
speed1981 time 367.0
speed1981 time 368.0
speed1981 time 369.0
speed1981 time 370.0
speed1981 time 371.0
speed1981 time 372.0
speed1981 time 373.0
speed1981 time 374.0
speed1981 time 375.0
speed1981 time 376.0
speed1981 time 377.0
speed1981 time 378.0
speed1981 time 379.0
speed1981 time 380.0
speed1981 time 380.0
02:48:55.733 [main] INFO  AV.VCU -  OSD 00 currentime 380.0
