
-------------------------------------------------------------------
GMS: address=vagrant-56486, cluster=AV, physical address=10.0.2.15:38952
-------------------------------------------------------------------
19:10:16.654 [main] INFO  AV.VCU - waiting on readyToRun...
19:10:16.908 [main] INFO  AV.VCU - ...synchronized on readyToRun
19:10:16.911 [main] INFO  AV.VCU - started logical time progression
speed0 time 1
speed0 time 2
speed0 time 3
speed0 time 4
speed0 time 5
speed0 time 6
speed0 time 7
speed0 time 8
speed0 time 9
speed0 time 10
speed0 time 11
speed0 time 12
speed0 time 13
speed0 time 14
speed0 time 15
speed0 time 16
speed0 time 17
speed0 time 18
speed0 time 19
speed0 time 20
speed0 time 21
speed4.83 time 22
speed9.49 time 23
speed13.84 time 24
speed18.51 time 25
speed23.01 time 26
speed27.2 time 27
speed27.84 time 28
speed29.13 time 29
speed33.31 time 30
speed34.92 time 31
speed36.05 time 32
speed36.21 time 33
speed35.57 time 34
speed34.6 time 35
speed33.63 time 36
speed32.83 time 37
speed31.86 time 38
speed27.36 time 39
speed23.98 time 40
speed23.98 time 41
speed24.46 time 42
speed24.95 time 43
speed25.75 time 44
speed27.52 time 45
speed30.74 time 46
speed33.96 time 47
speed36.53 time 48
speed36.85 time 49
speed36.53 time 50
speed36.37 time 51
speed34.28 time 52
speed30.58 time 53
speed27.52 time 54
speed25.43 time 55
speed25.43 time 56
speed28.48 time 57
