
-------------------------------------------------------------------
GMS: address=vagrant-47581, cluster=AV, physical address=10.0.2.15:60595
-------------------------------------------------------------------
22:36:50.946 [main] INFO  AV.VCU - waiting on readyToRun...
22:36:51.207 [main] INFO  AV.VCU - ...synchronized on readyToRun
22:36:51.210 [main] INFO  AV.VCU - started logical time progression
22:36:51.408 [main] INFO  AV.VCU - speed(t-1)=  0 time(t-1)= 0.0  speed(t)=  0 time(t)= 0.10001  Scenario  PARKED cuRRent logical time  1.0 current simulation time  0.002
22:36:52.409 [main] INFO  AV.VCU - ABS Speed : 54 ABS_Event_Status    : placeholder & current time is  2.0  message time is 0.2 case 0
22:36:52.467 [main] INFO  AV.VCU - ABS Speed : 85 ABS_Event_Status    : placeholder & current time is  3.0  message time is 1.2 case 1
22:36:52.517 [main] INFO  AV.VCU - speed(t-1)=  0 time(t-1)= 0.10001  speed(t)=  0 time(t)= 0.10001  Scenario  PARKED cuRRent logical time  4.0 current simulation time  0.008
22:36:52.707 [main] INFO  AV.VCU - speed(t-1)=  0 time(t-1)= 0.10001  speed(t)=  0 time(t)= 0.10001  Scenario  PARKED cuRRent logical time  7.0 current simulation time  0.014
22:36:52.785 [main] INFO  AV.VCU - speed(t-1)=  0 time(t-1)= 0.10001  speed(t)=  0 time(t)= 0.10001  Scenario  PARKED cuRRent logical time  8.0 current simulation time  0.016
22:36:53.012 [main] INFO  AV.VCU - speed(t-1)=  0 time(t-1)= 0.10001  speed(t)=  0 time(t)= 0.10001  Scenario  PARKED cuRRent logical time  11.0 current simulation time  0.022
22:36:53.053 [main] INFO  AV.VCU - speed(t-1)=  0 time(t-1)= 0.10001  speed(t)=  0 time(t)= 0.10001  Scenario  PARKED cuRRent logical time  12.0 current simulation time  0.024
22:36:53.206 [main] INFO  AV.VCU - ABS Speed : 85 ABS_Event_Status    : FbFReTMVeB & current time is  14.0  message time is 13.2 case 3
22:36:53.347 [main] INFO  AV.VCU - speed(t-1)=  0 time(t-1)= 0.10001  speed(t)=  0 time(t)= 0.10001  Scenario  PARKED cuRRent logical time  15.0 current simulation time  0.03
22:36:53.349 [main] INFO  AV.VCU - ABS Speed : 85 ABS_Event_Status    : FbFReTMVeB & current time is  15.0  message time is 13.2 case 3
22:36:53.410 [main] INFO  AV.VCU - speed(t-1)=  0 time(t-1)= 0.10001  speed(t)=  0 time(t)= 0.10001  Scenario  PARKED cuRRent logical time  16.0 current simulation time  0.032
22:36:53.487 [main] INFO  AV.VCU - speed(t-1)=  0 time(t-1)= 0.10001  speed(t)=  0 time(t)= 0.10001  Scenario  PARKED cuRRent logical time  17.0 current simulation time  0.034
22:36:53.604 [main] INFO  AV.VCU - speed(t-1)=  0 time(t-1)= 0.10001  speed(t)=  0 time(t)= 0.10001  Scenario  PARKED cuRRent logical time  18.0 current simulation time  0.036000000000000004
22:36:53.702 [main] INFO  AV.VCU - speed(t-1)=  0 time(t-1)= 0.10001  speed(t)=  0 time(t)= 0.10001  Scenario  PARKED cuRRent logical time  19.0 current simulation time  0.038
22:36:53.764 [main] INFO  AV.VCU - speed(t-1)=  0 time(t-1)= 0.10001  speed(t)=  0 time(t)= 0.10001  Scenario  PARKED cuRRent logical time  20.0 current simulation time  0.04
22:36:53.915 [main] INFO  AV.VCU - ABS Speed : 73 ABS_Event_Status    : FbFReTMVeB & current time is  22.0  message time is 21.2 case 1
22:36:54.057 [main] INFO  AV.VCU - speed(t-1)=  0 time(t-1)= 0.10001  speed(t)=  0 time(t)= 0.10001  Scenario  PARKED cuRRent logical time  23.0 current simulation time  0.046
22:36:54.058 [main] INFO  AV.VCU - ABS Speed : 73 ABS_Event_Status    : FbFReTMVeB & current time is  23.0  message time is 21.2 case 1
22:36:54.107 [main] INFO  AV.VCU - speed(t-1)=  0 time(t-1)= 0.10001  speed(t)=  0 time(t)= 0.10001  Scenario  PARKED cuRRent logical time  24.0 current simulation time  0.048
22:36:54.408 [main] INFO  AV.VCU - speed(t-1)=  0 time(t-1)= 0.10001  speed(t)=  0 time(t)= 0.10001  Scenario  PARKED cuRRent logical time  27.0 current simulation time  0.054
22:36:54.475 [main] INFO  AV.VCU - speed(t-1)=  0 time(t-1)= 0.10001  speed(t)=  0 time(t)= 0.10001  Scenario  PARKED cuRRent logical time  28.0 current simulation time  0.056
22:36:54.732 [main] INFO  AV.VCU - speed(t-1)=  0 time(t-1)= 0.10001  speed(t)=  0 time(t)= 0.10001  Scenario  PARKED cuRRent logical time  31.0 current simulation time  0.062
22:36:54.777 [main] INFO  AV.VCU - speed(t-1)=  0 time(t-1)= 0.10001  speed(t)=  0 time(t)= 0.10001  Scenario  PARKED cuRRent logical time  32.0 current simulation time  0.064
22:36:54.900 [main] INFO  AV.VCU - ABS Speed : 73 ABS_Event_Status    : CAsiQPZPdR & current time is  34.0  message time is 33.2 case 3
22:36:54.981 [main] INFO  AV.VCU - speed(t-1)=  0 time(t-1)= 0.10001  speed(t)=  0 time(t)= 0.10001  Scenario  PARKED cuRRent logical time  35.0 current simulation time  0.07
22:36:54.982 [main] INFO  AV.VCU - ABS Speed : 73 ABS_Event_Status    : CAsiQPZPdR & current time is  35.0  message time is 33.2 case 3
22:36:55.043 [main] INFO  AV.VCU - speed(t-1)=  0 time(t-1)= 0.10001  speed(t)=  0 time(t)= 0.10001  Scenario  PARKED cuRRent logical time  36.0 current simulation time  0.07200000000000001
22:36:55.127 [main] INFO  AV.VCU - speed(t-1)=  0 time(t-1)= 0.10001  speed(t)=  0 time(t)= 0.10001  Scenario  PARKED cuRRent logical time  37.0 current simulation time  0.074
22:36:55.185 [main] INFO  AV.VCU - speed(t-1)=  0 time(t-1)= 0.10001  speed(t)=  0 time(t)= 0.10001  Scenario  PARKED cuRRent logical time  38.0 current simulation time  0.076
22:36:55.298 [main] INFO  AV.VCU - speed(t-1)=  0 time(t-1)= 0.10001  speed(t)=  0 time(t)= 0.10001  Scenario  PARKED cuRRent logical time  39.0 current simulation time  0.078
22:36:55.353 [main] INFO  AV.VCU - speed(t-1)=  0 time(t-1)= 0.10001  speed(t)=  0 time(t)= 0.10001  Scenario  PARKED cuRRent logical time  40.0 current simulation time  0.08
22:36:55.492 [main] INFO  AV.VCU - ABS Speed : 62 ABS_Event_Status    : CAsiQPZPdR & current time is  42.0  message time is 41.2 case 1
22:36:55.563 [main] INFO  AV.VCU - speed(t-1)=  0 time(t-1)= 0.10001  speed(t)=  0 time(t)= 0.10001  Scenario  PARKED cuRRent logical time  43.0 current simulation time  0.08600000000000001
22:36:55.564 [main] INFO  AV.VCU - ABS Speed : 62 ABS_Event_Status    : CAsiQPZPdR & current time is  43.0  message time is 41.2 case 1
22:36:55.617 [main] INFO  AV.VCU - speed(t-1)=  0 time(t-1)= 0.10001  speed(t)=  0 time(t)= 0.10001  Scenario  PARKED cuRRent logical time  44.0 current simulation time  0.088
22:36:55.770 [main] INFO  AV.VCU - speed(t-1)=  0 time(t-1)= 0.10001  speed(t)=  0 time(t)= 0.10001  Scenario  PARKED cuRRent logical time  47.0 current simulation time  0.094
22:36:55.823 [main] INFO  AV.VCU - speed(t-1)=  0 time(t-1)= 0.10001  speed(t)=  0 time(t)= 0.10001  Scenario  PARKED cuRRent logical time  48.0 current simulation time  0.096
22:36:56.044 [main] INFO  AV.VCU - speed(t-1)=  0 time(t-1)= 0.10001  speed(t)=  0 time(t)= 0.10001  Scenario  PARKED cuRRent logical time  51.0 current simulation time  0.10200000000000001
22:36:56.087 [main] INFO  AV.VCU - speed(t-1)=  0 time(t-1)= 0.10001  speed(t)=  0 time(t)= 0.10001  Scenario  PARKED cuRRent logical time  52.0 current simulation time  0.10400000000000001
22:36:56.216 [main] INFO  AV.VCU - ABS Speed : 62 ABS_Event_Status    : jVAvbaoPvi & current time is  54.0  message time is 53.2 case 3
22:36:56.266 [main] INFO  AV.VCU - speed(t-1)=  0 time(t-1)= 0.10001  speed(t)=  0 time(t)= 0.10001  Scenario  PARKED cuRRent logical time  55.0 current simulation time  0.11
22:36:56.267 [main] INFO  AV.VCU - ABS Speed : 62 ABS_Event_Status    : jVAvbaoPvi & current time is  55.0  message time is 53.2 case 3
22:36:56.303 [main] INFO  AV.VCU - speed(t-1)=  0 time(t-1)= 0.10001  speed(t)=  0 time(t)= 0.10001  Scenario  PARKED cuRRent logical time  56.0 current simulation time  0.112
22:36:56.353 [main] INFO  AV.VCU - speed(t-1)=  0 time(t-1)= 0.10001  speed(t)=  0 time(t)= 0.10001  Scenario  PARKED cuRRent logical time  57.0 current simulation time  0.114
22:36:56.414 [main] INFO  AV.VCU - speed(t-1)=  0 time(t-1)= 0.10001  speed(t)=  0 time(t)= 0.10001  Scenario  PARKED cuRRent logical time  58.0 current simulation time  0.116
22:36:56.477 [main] INFO  AV.VCU - speed(t-1)=  0 time(t-1)= 0.10001  speed(t)=  0 time(t)= 0.10001  Scenario  PARKED cuRRent logical time  59.0 current simulation time  0.11800000000000001
22:36:56.536 [main] INFO  AV.VCU - speed(t-1)=  0 time(t-1)= 0.10001  speed(t)=  0 time(t)= 0.10001  Scenario  PARKED cuRRent logical time  60.0 current simulation time  0.12
22:36:56.654 [main] INFO  AV.VCU - ABS Speed : 65 ABS_Event_Status    : jVAvbaoPvi & current time is  62.0  message time is 61.2 case 1
22:36:56.741 [main] INFO  AV.VCU - speed(t-1)=  0 time(t-1)= 0.10001  speed(t)=  0 time(t)= 0.10001  Scenario  PARKED cuRRent logical time  63.0 current simulation time  0.126
22:36:56.742 [main] INFO  AV.VCU - ABS Speed : 65 ABS_Event_Status    : jVAvbaoPvi & current time is  63.0  message time is 61.2 case 1
22:36:56.780 [main] INFO  AV.VCU - speed(t-1)=  0 time(t-1)= 0.10001  speed(t)=  0 time(t)= 0.10001  Scenario  PARKED cuRRent logical time  64.0 current simulation time  0.128
22:36:57.026 [main] INFO  AV.VCU - speed(t-1)=  0 time(t-1)= 0.10001  speed(t)=  0 time(t)= 0.10001  Scenario  PARKED cuRRent logical time  67.0 current simulation time  0.134
22:36:57.076 [main] INFO  AV.VCU - speed(t-1)=  0 time(t-1)= 0.10001  speed(t)=  0 time(t)= 0.10001  Scenario  PARKED cuRRent logical time  68.0 current simulation time  0.136
22:36:57.315 [main] INFO  AV.VCU - speed(t-1)=  0 time(t-1)= 0.10001  speed(t)=  0 time(t)= 0.10001  Scenario  PARKED cuRRent logical time  71.0 current simulation time  0.14200000000000002
22:36:57.368 [main] INFO  AV.VCU - speed(t-1)=  0 time(t-1)= 0.10001  speed(t)=  0 time(t)= 0.10001  Scenario  PARKED cuRRent logical time  72.0 current simulation time  0.14400000000000002
22:36:57.566 [main] INFO  AV.VCU - ABS Speed : 65 ABS_Event_Status    : rBBNdivMIx & current time is  74.0  message time is 73.2 case 3
22:36:57.619 [main] INFO  AV.VCU - speed(t-1)=  0 time(t-1)= 0.10001  speed(t)=  0 time(t)= 0.10001  Scenario  PARKED cuRRent logical time  75.0 current simulation time  0.15
22:36:57.620 [main] INFO  AV.VCU - ABS Speed : 65 ABS_Event_Status    : rBBNdivMIx & current time is  75.0  message time is 73.2 case 3
22:36:57.670 [main] INFO  AV.VCU - speed(t-1)=  0 time(t-1)= 0.10001  speed(t)=  0 time(t)= 0.10001  Scenario  PARKED cuRRent logical time  76.0 current simulation time  0.152
22:36:57.727 [main] INFO  AV.VCU - speed(t-1)=  0 time(t-1)= 0.10001  speed(t)=  0 time(t)= 0.10001  Scenario  PARKED cuRRent logical time  77.0 current simulation time  0.154
22:36:57.787 [main] INFO  AV.VCU - speed(t-1)=  0 time(t-1)= 0.10001  speed(t)=  0 time(t)= 0.10001  Scenario  PARKED cuRRent logical time  78.0 current simulation time  0.156
22:36:57.859 [main] INFO  AV.VCU - speed(t-1)=  0 time(t-1)= 0.10001  speed(t)=  0 time(t)= 0.10001  Scenario  PARKED cuRRent logical time  79.0 current simulation time  0.158
22:36:57.912 [main] INFO  AV.VCU - speed(t-1)=  0 time(t-1)= 0.10001  speed(t)=  0 time(t)= 0.10001  Scenario  PARKED cuRRent logical time  80.0 current simulation time  0.16
22:36:58.037 [main] INFO  AV.VCU - ABS Speed : 57 ABS_Event_Status    : rBBNdivMIx & current time is  82.0  message time is 81.2 case 1
22:36:58.096 [main] INFO  AV.VCU - speed(t-1)=  0 time(t-1)= 0.10001  speed(t)=  0 time(t)= 0.10001  Scenario  PARKED cuRRent logical time  83.0 current simulation time  0.166
22:36:58.097 [main] INFO  AV.VCU - ABS Speed : 57 ABS_Event_Status    : rBBNdivMIx & current time is  83.0  message time is 81.2 case 1
22:36:58.143 [main] INFO  AV.VCU - speed(t-1)=  0 time(t-1)= 0.10001  speed(t)=  0 time(t)= 0.10001  Scenario  PARKED cuRRent logical time  84.0 current simulation time  0.168
22:36:58.348 [main] INFO  AV.VCU - speed(t-1)=  0 time(t-1)= 0.10001  speed(t)=  0 time(t)= 0.10001  Scenario  PARKED cuRRent logical time  87.0 current simulation time  0.17400000000000002
22:36:58.401 [main] INFO  AV.VCU - speed(t-1)=  0 time(t-1)= 0.10001  speed(t)=  0 time(t)= 0.10001  Scenario  PARKED cuRRent logical time  88.0 current simulation time  0.176
22:36:58.572 [main] INFO  AV.VCU - speed(t-1)=  0 time(t-1)= 0.10001  speed(t)=  0 time(t)= 0.10001  Scenario  PARKED cuRRent logical time  91.0 current simulation time  0.182
22:36:58.622 [main] INFO  AV.VCU - speed(t-1)=  0 time(t-1)= 0.10001  speed(t)=  0 time(t)= 0.10001  Scenario  PARKED cuRRent logical time  92.0 current simulation time  0.184
22:36:58.739 [main] INFO  AV.VCU - ABS Speed : 57 ABS_Event_Status    : lZszzxAQSM & current time is  94.0  message time is 93.2 case 3
22:36:58.786 [main] INFO  AV.VCU - speed(t-1)=  0 time(t-1)= 0.10001  speed(t)=  0 time(t)= 0.10001  Scenario  PARKED cuRRent logical time  95.0 current simulation time  0.19
22:36:58.786 [main] INFO  AV.VCU - ABS Speed : 57 ABS_Event_Status    : lZszzxAQSM & current time is  95.0  message time is 93.2 case 3
22:36:58.836 [main] INFO  AV.VCU - speed(t-1)=  0 time(t-1)= 0.10001  speed(t)=  0 time(t)= 0.10001  Scenario  PARKED cuRRent logical time  96.0 current simulation time  0.192
22:36:58.892 [main] INFO  AV.VCU - speed(t-1)=  0 time(t-1)= 0.10001  speed(t)=  0 time(t)= 0.10001  Scenario  PARKED cuRRent logical time  97.0 current simulation time  0.194
22:36:58.943 [main] INFO  AV.VCU - speed(t-1)=  0 time(t-1)= 0.10001  speed(t)=  0 time(t)= 0.10001  Scenario  PARKED cuRRent logical time  98.0 current simulation time  0.196
22:36:59.108 [main] INFO  AV.VCU - speed(t-1)=  0 time(t-1)= 0.10001  speed(t)=  0 time(t)= 0.10001  Scenario  PARKED cuRRent logical time  99.0 current simulation time  0.198
22:36:59.198 [main] INFO  AV.VCU - speed(t-1)=  0 time(t-1)= 0.10001  speed(t)=  0 time(t)= 0.10001  Scenario  PARKED cuRRent logical time  100.0 current simulation time  0.2
22:36:59.313 [main] INFO  AV.VCU - ABS Speed : 79 ABS_Event_Status    : lZszzxAQSM & current time is  102.0  message time is 101.2 case 1
22:36:59.359 [main] INFO  AV.VCU - speed(t-1)=  0 time(t-1)= 0.10001  speed(t)=  0 time(t)= 0.10001  Scenario  PARKED cuRRent logical time  103.0 current simulation time  0.20600000000000002
22:36:59.360 [main] INFO  AV.VCU - ABS Speed : 79 ABS_Event_Status    : lZszzxAQSM & current time is  103.0  message time is 101.2 case 1
22:36:59.416 [main] INFO  AV.VCU - speed(t-1)=  0 time(t-1)= 0.10001  speed(t)=  0 time(t)= 0.10001  Scenario  PARKED cuRRent logical time  104.0 current simulation time  0.20800000000000002
22:36:59.572 [main] INFO  AV.VCU - speed(t-1)=  0 time(t-1)= 0.10001  speed(t)=  0 time(t)= 0.10001  Scenario  PARKED cuRRent logical time  107.0 current simulation time  0.214
22:36:59.618 [main] INFO  AV.VCU - speed(t-1)=  0 time(t-1)= 0.10001  speed(t)=  0 time(t)= 0.10001  Scenario  PARKED cuRRent logical time  108.0 current simulation time  0.216
22:36:59.783 [main] INFO  AV.VCU - speed(t-1)=  0 time(t-1)= 0.10001  speed(t)=  0 time(t)= 0.10001  Scenario  PARKED cuRRent logical time  111.0 current simulation time  0.222
22:36:59.847 [main] INFO  AV.VCU - speed(t-1)=  0 time(t-1)= 0.10001  speed(t)=  0 time(t)= 0.10001  Scenario  PARKED cuRRent logical time  112.0 current simulation time  0.224
22:36:59.968 [main] INFO  AV.VCU - ABS Speed : 79 ABS_Event_Status    : GiDNezeHlv & current time is  114.0  message time is 113.2 case 3
22:37:00.034 [main] INFO  AV.VCU - speed(t-1)=  0 time(t-1)= 0.10001  speed(t)=  0 time(t)= 0.10001  Scenario  PARKED cuRRent logical time  115.0 current simulation time  0.23
22:37:00.035 [main] INFO  AV.VCU - ABS Speed : 79 ABS_Event_Status    : GiDNezeHlv & current time is  115.0  message time is 113.2 case 3
22:37:00.091 [main] INFO  AV.VCU - speed(t-1)=  0 time(t-1)= 0.10001  speed(t)=  0 time(t)= 0.10001  Scenario  PARKED cuRRent logical time  116.0 current simulation time  0.232
22:37:00.125 [main] INFO  AV.VCU - speed(t-1)=  0 time(t-1)= 0.10001  speed(t)=  0 time(t)= 0.10001  Scenario  PARKED cuRRent logical time  117.0 current simulation time  0.234
22:37:00.185 [main] INFO  AV.VCU - speed(t-1)=  0 time(t-1)= 0.10001  speed(t)=  0 time(t)= 0.10001  Scenario  PARKED cuRRent logical time  118.0 current simulation time  0.23600000000000002
22:37:00.235 [main] INFO  AV.VCU - speed(t-1)=  0 time(t-1)= 0.10001  speed(t)=  0 time(t)= 0.10001  Scenario  PARKED cuRRent logical time  119.0 current simulation time  0.23800000000000002
22:37:00.291 [main] INFO  AV.VCU - speed(t-1)=  0 time(t-1)= 0.10001  speed(t)=  0 time(t)= 0.10001  Scenario  PARKED cuRRent logical time  120.0 current simulation time  0.24
22:37:00.391 [main] INFO  AV.VCU - ABS Speed : 84 ABS_Event_Status    : GiDNezeHlv & current time is  122.0  message time is 121.2 case 1
22:37:00.438 [main] INFO  AV.VCU - speed(t-1)=  0 time(t-1)= 0.10001  speed(t)=  0 time(t)= 0.10001  Scenario  PARKED cuRRent logical time  123.0 current simulation time  0.246
22:37:00.439 [main] INFO  AV.VCU - ABS Speed : 84 ABS_Event_Status    : GiDNezeHlv & current time is  123.0  message time is 121.2 case 1
22:37:00.481 [main] INFO  AV.VCU - speed(t-1)=  0 time(t-1)= 0.10001  speed(t)=  0 time(t)= 0.10001  Scenario  PARKED cuRRent logical time  124.0 current simulation time  0.248
22:37:00.628 [main] INFO  AV.VCU - speed(t-1)=  0 time(t-1)= 0.10001  speed(t)=  0 time(t)= 0.10001  Scenario  PARKED cuRRent logical time  127.0 current simulation time  0.254
22:37:00.683 [main] INFO  AV.VCU - speed(t-1)=  0 time(t-1)= 0.10001  speed(t)=  0 time(t)= 0.10001  Scenario  PARKED cuRRent logical time  128.0 current simulation time  0.256
22:37:00.871 [main] INFO  AV.VCU - speed(t-1)=  0 time(t-1)= 0.10001  speed(t)=  0 time(t)= 0.10001  Scenario  PARKED cuRRent logical time  131.0 current simulation time  0.262
22:37:00.926 [main] INFO  AV.VCU - speed(t-1)=  0 time(t-1)= 0.10001  speed(t)=  0 time(t)= 0.10001  Scenario  PARKED cuRRent logical time  132.0 current simulation time  0.264
22:37:01.034 [main] INFO  AV.VCU - ABS Speed : 84 ABS_Event_Status    : gEuJxLtDzF & current time is  134.0  message time is 133.2 case 3
22:37:01.089 [main] INFO  AV.VCU - speed(t-1)=  0 time(t-1)= 0.10001  speed(t)=  0 time(t)= 0.10001  Scenario  PARKED cuRRent logical time  135.0 current simulation time  0.27
22:37:01.092 [main] INFO  AV.VCU - ABS Speed : 84 ABS_Event_Status    : gEuJxLtDzF & current time is  135.0  message time is 133.2 case 3
22:37:01.137 [main] INFO  AV.VCU - speed(t-1)=  0 time(t-1)= 0.10001  speed(t)=  0 time(t)= 0.10001  Scenario  PARKED cuRRent logical time  136.0 current simulation time  0.272
22:37:01.169 [main] INFO  AV.VCU - speed(t-1)=  0 time(t-1)= 0.10001  speed(t)=  0 time(t)= 0.10001  Scenario  PARKED cuRRent logical time  137.0 current simulation time  0.274
22:37:01.241 [main] INFO  AV.VCU - speed(t-1)=  0 time(t-1)= 0.10001  speed(t)=  0 time(t)= 0.10001  Scenario  PARKED cuRRent logical time  138.0 current simulation time  0.276
22:37:01.310 [main] INFO  AV.VCU - speed(t-1)=  0 time(t-1)= 0.10001  speed(t)=  0 time(t)= 0.10001  Scenario  PARKED cuRRent logical time  139.0 current simulation time  0.278
22:37:01.361 [main] INFO  AV.VCU - speed(t-1)=  0 time(t-1)= 0.10001  speed(t)=  0 time(t)= 0.10001  Scenario  PARKED cuRRent logical time  140.0 current simulation time  0.28
22:37:01.467 [main] INFO  AV.VCU - ABS Speed : 51 ABS_Event_Status    : gEuJxLtDzF & current time is  142.0  message time is 141.2 case 1
22:37:01.532 [main] INFO  AV.VCU - speed(t-1)=  0 time(t-1)= 0.10001  speed(t)=  0 time(t)= 0.10001  Scenario  PARKED cuRRent logical time  143.0 current simulation time  0.28600000000000003
22:37:01.532 [main] INFO  AV.VCU - ABS Speed : 51 ABS_Event_Status    : gEuJxLtDzF & current time is  143.0  message time is 141.2 case 1
22:37:01.590 [main] INFO  AV.VCU - speed(t-1)=  0 time(t-1)= 0.10001  speed(t)=  0 time(t)= 0.10001  Scenario  PARKED cuRRent logical time  144.0 current simulation time  0.28800000000000003
22:37:01.878 [main] INFO  AV.VCU - speed(t-1)=  0 time(t-1)= 0.10001  speed(t)=  0 time(t)= 0.10001  Scenario  PARKED cuRRent logical time  147.0 current simulation time  0.294
22:37:01.926 [main] INFO  AV.VCU - speed(t-1)=  0 time(t-1)= 0.10001  speed(t)=  0 time(t)= 0.10001  Scenario  PARKED cuRRent logical time  148.0 current simulation time  0.296
22:37:02.076 [main] INFO  AV.VCU - speed(t-1)=  0 time(t-1)= 0.10001  speed(t)=  0 time(t)= 0.10001  Scenario  PARKED cuRRent logical time  151.0 current simulation time  0.302
22:37:02.132 [main] INFO  AV.VCU - speed(t-1)=  0 time(t-1)= 0.10001  speed(t)=  0 time(t)= 0.10001  Scenario  PARKED cuRRent logical time  152.0 current simulation time  0.304
22:37:02.231 [main] INFO  AV.VCU - ABS Speed : 51 ABS_Event_Status    : mLjQRgULJL & current time is  154.0  message time is 153.2 case 3
22:37:02.294 [main] INFO  AV.VCU - speed(t-1)=  0 time(t-1)= 0.10001  speed(t)=  0 time(t)= 0.10001  Scenario  PARKED cuRRent logical time  155.0 current simulation time  0.31
22:37:02.295 [main] INFO  AV.VCU - ABS Speed : 51 ABS_Event_Status    : mLjQRgULJL & current time is  155.0  message time is 153.2 case 3
22:37:02.356 [main] INFO  AV.VCU - speed(t-1)=  0 time(t-1)= 0.10001  speed(t)=  0 time(t)= 0.10001  Scenario  PARKED cuRRent logical time  156.0 current simulation time  0.312
22:37:02.400 [main] INFO  AV.VCU - speed(t-1)=  0 time(t-1)= 0.10001  speed(t)=  0 time(t)= 0.10001  Scenario  PARKED cuRRent logical time  157.0 current simulation time  0.314
22:37:02.461 [main] INFO  AV.VCU - speed(t-1)=  0 time(t-1)= 0.10001  speed(t)=  0 time(t)= 0.10001  Scenario  PARKED cuRRent logical time  158.0 current simulation time  0.316
22:37:02.503 [main] INFO  AV.VCU - speed(t-1)=  0 time(t-1)= 0.10001  speed(t)=  0 time(t)= 0.10001  Scenario  PARKED cuRRent logical time  159.0 current simulation time  0.318
22:37:02.570 [main] INFO  AV.VCU - speed(t-1)=  0 time(t-1)= 0.10001  speed(t)=  0 time(t)= 0.10001  Scenario  PARKED cuRRent logical time  160.0 current simulation time  0.32
22:37:02.673 [main] INFO  AV.VCU - ABS Speed : 54 ABS_Event_Status    : mLjQRgULJL & current time is  162.0  message time is 161.2 case 1
22:37:02.731 [main] INFO  AV.VCU - speed(t-1)=  0 time(t-1)= 0.10001  speed(t)=  0 time(t)= 0.10001  Scenario  PARKED cuRRent logical time  163.0 current simulation time  0.326
22:37:02.732 [main] INFO  AV.VCU - ABS Speed : 54 ABS_Event_Status    : mLjQRgULJL & current time is  163.0  message time is 161.2 case 1
22:37:02.786 [main] INFO  AV.VCU - speed(t-1)=  0 time(t-1)= 0.10001  speed(t)=  0 time(t)= 0.10001  Scenario  PARKED cuRRent logical time  164.0 current simulation time  0.328
22:37:02.968 [main] INFO  AV.VCU - speed(t-1)=  0 time(t-1)= 0.10001  speed(t)=  0 time(t)= 0.10001  Scenario  PARKED cuRRent logical time  167.0 current simulation time  0.334
22:37:03.022 [main] INFO  AV.VCU - speed(t-1)=  0 time(t-1)= 0.10001  speed(t)=  0 time(t)= 0.10001  Scenario  PARKED cuRRent logical time  168.0 current simulation time  0.336
22:37:03.365 [main] INFO  AV.VCU - speed(t-1)=  0 time(t-1)= 0.10001  speed(t)=  0 time(t)= 0.10001  Scenario  PARKED cuRRent logical time  171.0 current simulation time  0.342
22:37:03.420 [main] INFO  AV.VCU - speed(t-1)=  0 time(t-1)= 0.10001  speed(t)=  0 time(t)= 0.10001  Scenario  PARKED cuRRent logical time  172.0 current simulation time  0.34400000000000003
22:37:03.621 [main] INFO  AV.VCU - ABS Speed : 54 ABS_Event_Status    : zRYHaLwMLQ & current time is  174.0  message time is 173.2 case 3
22:37:03.726 [main] INFO  AV.VCU - speed(t-1)=  0 time(t-1)= 0.10001  speed(t)=  0 time(t)= 0.10001  Scenario  PARKED cuRRent logical time  175.0 current simulation time  0.35000000000000003
22:37:03.727 [main] INFO  AV.VCU - ABS Speed : 54 ABS_Event_Status    : zRYHaLwMLQ & current time is  175.0  message time is 173.2 case 3
22:37:03.784 [main] INFO  AV.VCU - speed(t-1)=  0 time(t-1)= 0.10001  speed(t)=  0 time(t)= 0.10001  Scenario  PARKED cuRRent logical time  176.0 current simulation time  0.352
22:37:03.835 [main] INFO  AV.VCU - speed(t-1)=  0 time(t-1)= 0.10001  speed(t)=  0 time(t)= 0.10001  Scenario  PARKED cuRRent logical time  177.0 current simulation time  0.354
22:37:03.894 [main] INFO  AV.VCU - speed(t-1)=  0 time(t-1)= 0.10001  speed(t)=  0 time(t)= 0.10001  Scenario  PARKED cuRRent logical time  178.0 current simulation time  0.356
22:37:03.933 [main] INFO  AV.VCU - speed(t-1)=  0 time(t-1)= 0.10001  speed(t)=  0 time(t)= 0.10001  Scenario  PARKED cuRRent logical time  179.0 current simulation time  0.358
22:37:03.987 [main] INFO  AV.VCU - speed(t-1)=  0 time(t-1)= 0.10001  speed(t)=  0 time(t)= 0.10001  Scenario  PARKED cuRRent logical time  180.0 current simulation time  0.36
22:37:04.086 [main] INFO  AV.VCU - ABS Speed : 63 ABS_Event_Status    : zRYHaLwMLQ & current time is  182.0  message time is 181.2 case 1
22:37:04.137 [main] INFO  AV.VCU - speed(t-1)=  0 time(t-1)= 0.10001  speed(t)=  0 time(t)= 0.10001  Scenario  PARKED cuRRent logical time  183.0 current simulation time  0.366
22:37:04.138 [main] INFO  AV.VCU - ABS Speed : 63 ABS_Event_Status    : zRYHaLwMLQ & current time is  183.0  message time is 181.2 case 1
22:37:04.197 [main] INFO  AV.VCU - speed(t-1)=  0 time(t-1)= 0.10001  speed(t)=  0 time(t)= 0.10001  Scenario  PARKED cuRRent logical time  184.0 current simulation time  0.368
22:37:04.718 [main] INFO  AV.VCU - speed(t-1)=  0 time(t-1)= 0.10001  speed(t)=  0 time(t)= 0.10001  Scenario  PARKED cuRRent logical time  187.0 current simulation time  0.374
22:37:04.773 [main] INFO  AV.VCU - speed(t-1)=  0 time(t-1)= 0.10001  speed(t)=  0 time(t)= 0.10001  Scenario  PARKED cuRRent logical time  188.0 current simulation time  0.376
22:37:04.924 [main] INFO  AV.VCU - speed(t-1)=  0 time(t-1)= 0.10001  speed(t)=  0 time(t)= 0.10001  Scenario  PARKED cuRRent logical time  191.0 current simulation time  0.382
22:37:04.994 [main] INFO  AV.VCU - speed(t-1)=  0 time(t-1)= 0.10001  speed(t)=  0 time(t)= 0.10001  Scenario  PARKED cuRRent logical time  192.0 current simulation time  0.384
22:37:05.101 [main] INFO  AV.VCU - ABS Speed : 63 ABS_Event_Status    : XtPEMrwNHS & current time is  194.0  message time is 193.2 case 3
22:37:05.158 [main] INFO  AV.VCU - speed(t-1)=  0 time(t-1)= 0.10001  speed(t)=  0 time(t)= 0.10001  Scenario  PARKED cuRRent logical time  195.0 current simulation time  0.39
22:37:05.159 [main] INFO  AV.VCU - ABS Speed : 63 ABS_Event_Status    : XtPEMrwNHS & current time is  195.0  message time is 193.2 case 3
22:37:05.206 [main] INFO  AV.VCU - speed(t-1)=  0 time(t-1)= 0.10001  speed(t)=  0 time(t)= 0.10001  Scenario  PARKED cuRRent logical time  196.0 current simulation time  0.392
22:37:05.261 [main] INFO  AV.VCU - speed(t-1)=  0 time(t-1)= 0.10001  speed(t)=  0 time(t)= 0.10001  Scenario  PARKED cuRRent logical time  197.0 current simulation time  0.394
22:37:05.314 [main] INFO  AV.VCU - speed(t-1)=  0 time(t-1)= 0.10001  speed(t)=  0 time(t)= 0.10001  Scenario  PARKED cuRRent logical time  198.0 current simulation time  0.396
22:37:05.375 [main] INFO  AV.VCU - speed(t-1)=  0 time(t-1)= 0.10001  speed(t)=  0 time(t)= 0.10001  Scenario  PARKED cuRRent logical time  199.0 current simulation time  0.398
22:37:05.425 [main] INFO  AV.VCU - speed(t-1)=  0 time(t-1)= 0.10001  speed(t)=  0 time(t)= 0.10001  Scenario  PARKED cuRRent logical time  200.0 current simulation time  0.4
22:37:05.518 [main] INFO  AV.VCU - ABS Speed : 68 ABS_Event_Status    : XtPEMrwNHS & current time is  202.0  message time is 201.2 case 1
22:37:05.595 [main] INFO  AV.VCU - speed(t-1)=  0 time(t-1)= 0.10001  speed(t)=  0 time(t)= 0.10001  Scenario  PARKED cuRRent logical time  203.0 current simulation time  0.406
22:37:05.600 [main] INFO  AV.VCU - ABS Speed : 68 ABS_Event_Status    : XtPEMrwNHS & current time is  203.0  message time is 201.2 case 1
22:37:05.620 [main] INFO  AV.VCU - speed(t-1)=  0 time(t-1)= 0.10001  speed(t)=  0 time(t)= 0.10001  Scenario  PARKED cuRRent logical time  204.0 current simulation time  0.40800000000000003
22:37:05.862 [main] INFO  AV.VCU - speed(t-1)=  0 time(t-1)= 0.10001  speed(t)=  0 time(t)= 0.10001  Scenario  PARKED cuRRent logical time  207.0 current simulation time  0.41400000000000003
22:37:05.905 [main] INFO  AV.VCU - speed(t-1)=  0 time(t-1)= 0.10001  speed(t)=  0 time(t)= 0.10001  Scenario  PARKED cuRRent logical time  208.0 current simulation time  0.41600000000000004
22:37:06.090 [main] INFO  AV.VCU - speed(t-1)=  0 time(t-1)= 0.10001  speed(t)=  0 time(t)= 0.10001  Scenario  PARKED cuRRent logical time  211.0 current simulation time  0.422
22:37:06.116 [main] INFO  AV.VCU - speed(t-1)=  0 time(t-1)= 0.10001  speed(t)=  0 time(t)= 0.10001  Scenario  PARKED cuRRent logical time  212.0 current simulation time  0.424
22:37:06.227 [main] INFO  AV.VCU - ABS Speed : 68 ABS_Event_Status    : KrNemdXMIS & current time is  214.0  message time is 213.2 case 3
22:37:06.287 [main] INFO  AV.VCU - speed(t-1)=  0 time(t-1)= 0.10001  speed(t)=  0 time(t)= 0.10001  Scenario  PARKED cuRRent logical time  215.0 current simulation time  0.43
22:37:06.289 [main] INFO  AV.VCU - ABS Speed : 68 ABS_Event_Status    : KrNemdXMIS & current time is  215.0  message time is 213.2 case 3
22:37:06.333 [main] INFO  AV.VCU - speed(t-1)=  0 time(t-1)= 0.10001  speed(t)=  0 time(t)= 0.10001  Scenario  PARKED cuRRent logical time  216.0 current simulation time  0.432
22:37:06.385 [main] INFO  AV.VCU - speed(t-1)=  0 time(t-1)= 0.10001  speed(t)=  0 time(t)= 0.10001  Scenario  PARKED cuRRent logical time  217.0 current simulation time  0.434
22:37:06.431 [main] INFO  AV.VCU - speed(t-1)=  0 time(t-1)= 0.10001  speed(t)=  0 time(t)= 0.10001  Scenario  PARKED cuRRent logical time  218.0 current simulation time  0.436
22:37:06.495 [main] INFO  AV.VCU - speed(t-1)=  0 time(t-1)= 0.10001  speed(t)=  0 time(t)= 0.10001  Scenario  PARKED cuRRent logical time  219.0 current simulation time  0.438
22:37:06.545 [main] INFO  AV.VCU - speed(t-1)=  0 time(t-1)= 0.10001  speed(t)=  0 time(t)= 0.10001  Scenario  PARKED cuRRent logical time  220.0 current simulation time  0.44
22:37:06.664 [main] INFO  AV.VCU - ABS Speed : 66 ABS_Event_Status    : KrNemdXMIS & current time is  222.0  message time is 221.2 case 1
22:37:06.705 [main] INFO  AV.VCU - speed(t-1)=  0 time(t-1)= 0.10001  speed(t)=  0 time(t)= 0.10001  Scenario  PARKED cuRRent logical time  223.0 current simulation time  0.446
22:37:06.708 [main] INFO  AV.VCU - ABS Speed : 66 ABS_Event_Status    : KrNemdXMIS & current time is  223.0  message time is 221.2 case 1
22:37:06.772 [main] INFO  AV.VCU - speed(t-1)=  0 time(t-1)= 0.10001  speed(t)=  0 time(t)= 0.10001  Scenario  PARKED cuRRent logical time  224.0 current simulation time  0.448
22:37:06.915 [main] INFO  AV.VCU - speed(t-1)=  0 time(t-1)= 0.10001  speed(t)=  0 time(t)= 0.10001  Scenario  PARKED cuRRent logical time  227.0 current simulation time  0.454
22:37:06.984 [main] INFO  AV.VCU - speed(t-1)=  0 time(t-1)= 0.10001  speed(t)=  0 time(t)= 0.10001  Scenario  PARKED cuRRent logical time  228.0 current simulation time  0.456
22:37:07.173 [main] INFO  AV.VCU - speed(t-1)=  0 time(t-1)= 0.10001  speed(t)=  0 time(t)= 0.10001  Scenario  PARKED cuRRent logical time  231.0 current simulation time  0.462
22:37:07.208 [main] INFO  AV.VCU - speed(t-1)=  0 time(t-1)= 0.10001  speed(t)=  0 time(t)= 0.10001  Scenario  PARKED cuRRent logical time  232.0 current simulation time  0.464
22:37:07.323 [main] INFO  AV.VCU - ABS Speed : 66 ABS_Event_Status    : ClPfGasQyv & current time is  234.0  message time is 233.2 case 3
22:37:07.385 [main] INFO  AV.VCU - speed(t-1)=  0 time(t-1)= 0.10001  speed(t)=  0 time(t)= 0.10001  Scenario  PARKED cuRRent logical time  235.0 current simulation time  0.47000000000000003
22:37:07.385 [main] INFO  AV.VCU - ABS Speed : 66 ABS_Event_Status    : ClPfGasQyv & current time is  235.0  message time is 233.2 case 3
22:37:07.420 [main] INFO  AV.VCU - speed(t-1)=  0 time(t-1)= 0.10001  speed(t)=  0 time(t)= 0.10001  Scenario  PARKED cuRRent logical time  236.0 current simulation time  0.47200000000000003
22:37:07.478 [main] INFO  AV.VCU - speed(t-1)=  0 time(t-1)= 0.10001  speed(t)=  0 time(t)= 0.10001  Scenario  PARKED cuRRent logical time  237.0 current simulation time  0.47400000000000003
22:37:07.515 [main] INFO  AV.VCU - speed(t-1)=  0 time(t-1)= 0.10001  speed(t)=  0 time(t)= 0.10001  Scenario  PARKED cuRRent logical time  238.0 current simulation time  0.47600000000000003
22:37:07.581 [main] INFO  AV.VCU - speed(t-1)=  0 time(t-1)= 0.10001  speed(t)=  0 time(t)= 0.10001  Scenario  PARKED cuRRent logical time  239.0 current simulation time  0.47800000000000004
22:37:07.634 [main] INFO  AV.VCU - speed(t-1)=  0 time(t-1)= 0.10001  speed(t)=  0 time(t)= 0.10001  Scenario  PARKED cuRRent logical time  240.0 current simulation time  0.48
22:37:07.741 [main] INFO  AV.VCU - ABS Speed : 84 ABS_Event_Status    : ClPfGasQyv & current time is  242.0  message time is 241.2 case 1
22:37:07.799 [main] INFO  AV.VCU - speed(t-1)=  0 time(t-1)= 0.10001  speed(t)=  0 time(t)= 0.10001  Scenario  PARKED cuRRent logical time  243.0 current simulation time  0.486
22:37:07.801 [main] INFO  AV.VCU - ABS Speed : 84 ABS_Event_Status    : ClPfGasQyv & current time is  243.0  message time is 241.2 case 1
22:37:07.843 [main] INFO  AV.VCU - speed(t-1)=  0 time(t-1)= 0.10001  speed(t)=  0 time(t)= 0.10001  Scenario  PARKED cuRRent logical time  244.0 current simulation time  0.488
22:37:08.002 [main] INFO  AV.VCU - speed(t-1)=  0 time(t-1)= 0.10001  speed(t)=  0 time(t)= 0.10001  Scenario  PARKED cuRRent logical time  247.0 current simulation time  0.494
22:37:08.045 [main] INFO  AV.VCU - speed(t-1)=  0 time(t-1)= 0.10001  speed(t)=  0 time(t)= 0.10001  Scenario  PARKED cuRRent logical time  248.0 current simulation time  0.496
22:37:08.219 [main] INFO  AV.VCU - speed(t-1)=  0 time(t-1)= 0.10001  speed(t)=  0 time(t)= 0.10001  Scenario  PARKED cuRRent logical time  251.0 current simulation time  0.502
22:37:08.254 [main] INFO  AV.VCU - speed(t-1)=  0 time(t-1)= 0.10001  speed(t)=  0 time(t)= 0.10001  Scenario  PARKED cuRRent logical time  252.0 current simulation time  0.504
22:37:08.394 [main] INFO  AV.VCU - ABS Speed : 84 ABS_Event_Status    : cUVYLBRPnc & current time is  254.0  message time is 253.2 case 3
22:37:08.448 [main] INFO  AV.VCU - speed(t-1)=  0 time(t-1)= 0.10001  speed(t)=  0 time(t)= 0.10001  Scenario  PARKED cuRRent logical time  255.0 current simulation time  0.51
22:37:08.449 [main] INFO  AV.VCU - ABS Speed : 84 ABS_Event_Status    : cUVYLBRPnc & current time is  255.0  message time is 253.2 case 3
22:37:08.519 [main] INFO  AV.VCU - speed(t-1)=  0 time(t-1)= 0.10001  speed(t)=  0 time(t)= 0.10001  Scenario  PARKED cuRRent logical time  256.0 current simulation time  0.512
22:37:08.567 [main] INFO  AV.VCU - speed(t-1)=  0 time(t-1)= 0.10001  speed(t)=  0 time(t)= 0.10001  Scenario  PARKED cuRRent logical time  257.0 current simulation time  0.514
22:37:08.630 [main] INFO  AV.VCU - speed(t-1)=  0 time(t-1)= 0.10001  speed(t)=  0 time(t)= 0.10001  Scenario  PARKED cuRRent logical time  258.0 current simulation time  0.516
22:37:08.686 [main] INFO  AV.VCU - speed(t-1)=  0 time(t-1)= 0.10001  speed(t)=  0 time(t)= 0.10001  Scenario  PARKED cuRRent logical time  259.0 current simulation time  0.518
22:37:08.743 [main] INFO  AV.VCU - speed(t-1)=  0 time(t-1)= 0.10001  speed(t)=  0 time(t)= 0.10001  Scenario  PARKED cuRRent logical time  260.0 current simulation time  0.52
22:37:08.875 [main] INFO  AV.VCU - ABS Speed : 66 ABS_Event_Status    : cUVYLBRPnc & current time is  262.0  message time is 261.2 case 1
22:37:08.928 [main] INFO  AV.VCU - speed(t-1)=  0 time(t-1)= 0.10001  speed(t)=  0 time(t)= 0.10001  Scenario  PARKED cuRRent logical time  263.0 current simulation time  0.526
22:37:08.929 [main] INFO  AV.VCU - ABS Speed : 66 ABS_Event_Status    : cUVYLBRPnc & current time is  263.0  message time is 261.2 case 1
22:37:08.962 [main] INFO  AV.VCU - speed(t-1)=  0 time(t-1)= 0.10001  speed(t)=  0 time(t)= 0.10001  Scenario  PARKED cuRRent logical time  264.0 current simulation time  0.528
22:37:09.119 [main] INFO  AV.VCU - speed(t-1)=  0 time(t-1)= 0.10001  speed(t)=  0 time(t)= 0.10001  Scenario  PARKED cuRRent logical time  267.0 current simulation time  0.534
22:37:09.162 [main] INFO  AV.VCU - speed(t-1)=  0 time(t-1)= 0.10001  speed(t)=  0 time(t)= 0.10001  Scenario  PARKED cuRRent logical time  268.0 current simulation time  0.536
22:37:09.310 [main] INFO  AV.VCU - speed(t-1)=  0 time(t-1)= 0.10001  speed(t)=  0 time(t)= 0.10001  Scenario  PARKED cuRRent logical time  271.0 current simulation time  0.542
22:37:09.367 [main] INFO  AV.VCU - speed(t-1)=  0 time(t-1)= 0.10001  speed(t)=  0 time(t)= 0.10001  Scenario  PARKED cuRRent logical time  272.0 current simulation time  0.544
22:37:09.469 [main] INFO  AV.VCU - ABS Speed : 66 ABS_Event_Status    : FQViBXMqwU & current time is  274.0  message time is 273.2 case 3
22:37:09.631 [main] INFO  AV.VCU - speed(t-1)=  0 time(t-1)= 0.10001  speed(t)=  0 time(t)= 0.10001  Scenario  PARKED cuRRent logical time  275.0 current simulation time  0.55
22:37:09.631 [main] INFO  AV.VCU - ABS Speed : 66 ABS_Event_Status    : FQViBXMqwU & current time is  275.0  message time is 273.2 case 3
22:37:09.682 [main] INFO  AV.VCU - speed(t-1)=  0 time(t-1)= 0.10001  speed(t)=  0 time(t)= 0.10001  Scenario  PARKED cuRRent logical time  276.0 current simulation time  0.552
22:37:09.728 [main] INFO  AV.VCU - speed(t-1)=  0 time(t-1)= 0.10001  speed(t)=  0 time(t)= 0.10001  Scenario  PARKED cuRRent logical time  277.0 current simulation time  0.554
22:37:09.769 [main] INFO  AV.VCU - speed(t-1)=  0 time(t-1)= 0.10001  speed(t)=  0 time(t)= 0.10001  Scenario  PARKED cuRRent logical time  278.0 current simulation time  0.556
22:37:09.838 [main] INFO  AV.VCU - speed(t-1)=  0 time(t-1)= 0.10001  speed(t)=  0 time(t)= 0.10001  Scenario  PARKED cuRRent logical time  279.0 current simulation time  0.558
22:37:09.888 [main] INFO  AV.VCU - speed(t-1)=  0 time(t-1)= 0.10001  speed(t)=  0 time(t)= 0.10001  Scenario  PARKED cuRRent logical time  280.0 current simulation time  0.56
22:37:09.984 [main] INFO  AV.VCU - ABS Speed : 83 ABS_Event_Status    : FQViBXMqwU & current time is  282.0  message time is 281.2 case 1
22:37:10.038 [main] INFO  AV.VCU - speed(t-1)=  0 time(t-1)= 0.10001  speed(t)=  0 time(t)= 0.10001  Scenario  PARKED cuRRent logical time  283.0 current simulation time  0.5660000000000001
22:37:10.038 [main] INFO  AV.VCU - ABS Speed : 83 ABS_Event_Status    : FQViBXMqwU & current time is  283.0  message time is 281.2 case 1
22:37:10.083 [main] INFO  AV.VCU - speed(t-1)=  0 time(t-1)= 0.10001  speed(t)=  0 time(t)= 0.10001  Scenario  PARKED cuRRent logical time  284.0 current simulation time  0.5680000000000001
22:37:10.239 [main] INFO  AV.VCU - speed(t-1)=  0 time(t-1)= 0.10001  speed(t)=  0 time(t)= 0.10001  Scenario  PARKED cuRRent logical time  287.0 current simulation time  0.5740000000000001
22:37:10.282 [main] INFO  AV.VCU - speed(t-1)=  0 time(t-1)= 0.10001  speed(t)=  0 time(t)= 0.10001  Scenario  PARKED cuRRent logical time  288.0 current simulation time  0.5760000000000001
22:37:10.441 [main] INFO  AV.VCU - speed(t-1)=  0 time(t-1)= 0.10001  speed(t)=  0 time(t)= 0.10001  Scenario  PARKED cuRRent logical time  291.0 current simulation time  0.582
22:37:10.481 [main] INFO  AV.VCU - speed(t-1)=  0 time(t-1)= 0.10001  speed(t)=  0 time(t)= 0.10001  Scenario  PARKED cuRRent logical time  292.0 current simulation time  0.584
22:37:10.578 [main] INFO  AV.VCU - ABS Speed : 83 ABS_Event_Status    : PnIVNkYhxz & current time is  294.0  message time is 293.2 case 3
22:37:10.610 [main] INFO  AV.VCU - speed(t-1)=  0 time(t-1)= 0.10001  speed(t)=  0 time(t)= 0.10001  Scenario  PARKED cuRRent logical time  295.0 current simulation time  0.59
22:37:10.610 [main] INFO  AV.VCU - ABS Speed : 83 ABS_Event_Status    : PnIVNkYhxz & current time is  295.0  message time is 293.2 case 3
22:37:10.660 [main] INFO  AV.VCU - speed(t-1)=  0 time(t-1)= 0.10001  speed(t)=  0 time(t)= 0.10001  Scenario  PARKED cuRRent logical time  296.0 current simulation time  0.592
22:37:10.713 [main] INFO  AV.VCU - speed(t-1)=  0 time(t-1)= 0.10001  speed(t)=  0 time(t)= 0.10001  Scenario  PARKED cuRRent logical time  297.0 current simulation time  0.594
22:37:10.758 [main] INFO  AV.VCU - speed(t-1)=  0 time(t-1)= 0.10001  speed(t)=  0 time(t)= 0.10001  Scenario  PARKED cuRRent logical time  298.0 current simulation time  0.596
22:37:10.811 [main] INFO  AV.VCU - speed(t-1)=  0 time(t-1)= 0.10001  speed(t)=  0 time(t)= 0.10001  Scenario  PARKED cuRRent logical time  299.0 current simulation time  0.598
22:37:10.855 [main] INFO  AV.VCU - speed(t-1)=  0 time(t-1)= 0.10001  speed(t)=  0 time(t)= 0.10001  Scenario  PARKED cuRRent logical time  300.0 current simulation time  0.6
22:37:10.957 [main] INFO  AV.VCU - ABS Speed : 50 ABS_Event_Status    : PnIVNkYhxz & current time is  302.0  message time is 301.2 case 1
22:37:11.004 [main] INFO  AV.VCU - speed(t-1)=  0 time(t-1)= 0.10001  speed(t)=  0 time(t)= 0.10001  Scenario  PARKED cuRRent logical time  303.0 current simulation time  0.606
22:37:11.004 [main] INFO  AV.VCU - ABS Speed : 50 ABS_Event_Status    : PnIVNkYhxz & current time is  303.0  message time is 301.2 case 1
22:37:11.053 [main] INFO  AV.VCU - speed(t-1)=  0 time(t-1)= 0.10001  speed(t)=  0 time(t)= 0.10001  Scenario  PARKED cuRRent logical time  304.0 current simulation time  0.608
22:37:11.206 [main] INFO  AV.VCU - speed(t-1)=  0 time(t-1)= 0.10001  speed(t)=  0 time(t)= 0.10001  Scenario  PARKED cuRRent logical time  307.0 current simulation time  0.614
22:37:11.259 [main] INFO  AV.VCU - speed(t-1)=  0 time(t-1)= 0.10001  speed(t)=  0 time(t)= 0.10001  Scenario  PARKED cuRRent logical time  308.0 current simulation time  0.616
22:37:11.425 [main] INFO  AV.VCU - speed(t-1)=  0 time(t-1)= 0.10001  speed(t)=  0 time(t)= 0.10001  Scenario  PARKED cuRRent logical time  311.0 current simulation time  0.622
22:37:11.475 [main] INFO  AV.VCU - speed(t-1)=  0 time(t-1)= 0.10001  speed(t)=  0 time(t)= 0.10001  Scenario  PARKED cuRRent logical time  312.0 current simulation time  0.624
22:37:11.568 [main] INFO  AV.VCU - ABS Speed : 50 ABS_Event_Status    : blDLvqOGfo & current time is  314.0  message time is 313.2 case 3
22:37:11.624 [main] INFO  AV.VCU - speed(t-1)=  0 time(t-1)= 0.10001  speed(t)=  0 time(t)= 0.10001  Scenario  PARKED cuRRent logical time  315.0 current simulation time  0.63
22:37:11.625 [main] INFO  AV.VCU - ABS Speed : 50 ABS_Event_Status    : blDLvqOGfo & current time is  315.0  message time is 313.2 case 3
22:37:11.667 [main] INFO  AV.VCU - speed(t-1)=  0 time(t-1)= 0.10001  speed(t)=  0 time(t)= 0.10001  Scenario  PARKED cuRRent logical time  316.0 current simulation time  0.632
22:37:11.723 [main] INFO  AV.VCU - speed(t-1)=  0 time(t-1)= 0.10001  speed(t)=  0 time(t)= 0.10001  Scenario  PARKED cuRRent logical time  317.0 current simulation time  0.634
22:37:11.763 [main] INFO  AV.VCU - speed(t-1)=  0 time(t-1)= 0.10001  speed(t)=  0 time(t)= 0.10001  Scenario  PARKED cuRRent logical time  318.0 current simulation time  0.636
22:37:11.820 [main] INFO  AV.VCU - speed(t-1)=  0 time(t-1)= 0.10001  speed(t)=  0 time(t)= 0.10001  Scenario  PARKED cuRRent logical time  319.0 current simulation time  0.638
22:37:11.869 [main] INFO  AV.VCU - speed(t-1)=  0 time(t-1)= 0.10001  speed(t)=  0 time(t)= 0.10001  Scenario  PARKED cuRRent logical time  320.0 current simulation time  0.64
22:37:11.971 [main] INFO  AV.VCU - ABS Speed : 76 ABS_Event_Status    : blDLvqOGfo & current time is  322.0  message time is 321.2 case 1
22:37:12.028 [main] INFO  AV.VCU - speed(t-1)=  0 time(t-1)= 0.10001  speed(t)=  0 time(t)= 0.10001  Scenario  PARKED cuRRent logical time  323.0 current simulation time  0.646
22:37:12.029 [main] INFO  AV.VCU - ABS Speed : 76 ABS_Event_Status    : blDLvqOGfo & current time is  323.0  message time is 321.2 case 1
22:37:12.070 [main] INFO  AV.VCU - speed(t-1)=  0 time(t-1)= 0.10001  speed(t)=  0 time(t)= 0.10001  Scenario  PARKED cuRRent logical time  324.0 current simulation time  0.648
22:37:12.217 [main] INFO  AV.VCU - speed(t-1)=  0 time(t-1)= 0.10001  speed(t)=  0 time(t)= 0.10001  Scenario  PARKED cuRRent logical time  327.0 current simulation time  0.654
22:37:12.262 [main] INFO  AV.VCU - speed(t-1)=  0 time(t-1)= 0.10001  speed(t)=  0 time(t)= 0.10001  Scenario  PARKED cuRRent logical time  328.0 current simulation time  0.656
22:37:12.418 [main] INFO  AV.VCU - speed(t-1)=  0 time(t-1)= 0.10001  speed(t)=  0 time(t)= 0.10001  Scenario  PARKED cuRRent logical time  331.0 current simulation time  0.662
22:37:12.468 [main] INFO  AV.VCU - speed(t-1)=  0 time(t-1)= 0.10001  speed(t)=  0 time(t)= 0.10001  Scenario  PARKED cuRRent logical time  332.0 current simulation time  0.664
22:37:12.567 [main] INFO  AV.VCU - ABS Speed : 76 ABS_Event_Status    : IwlrmSQhee & current time is  334.0  message time is 333.2 case 3
22:37:12.621 [main] INFO  AV.VCU - speed(t-1)=  0 time(t-1)= 0.10001  speed(t)=  0 time(t)= 0.10001  Scenario  PARKED cuRRent logical time  335.0 current simulation time  0.67
22:37:12.622 [main] INFO  AV.VCU - ABS Speed : 76 ABS_Event_Status    : IwlrmSQhee & current time is  335.0  message time is 333.2 case 3
22:37:12.678 [main] INFO  AV.VCU - speed(t-1)=  0 time(t-1)= 0.10001  speed(t)=  0 time(t)= 0.10001  Scenario  PARKED cuRRent logical time  336.0 current simulation time  0.672
22:37:12.727 [main] INFO  AV.VCU - speed(t-1)=  0 time(t-1)= 0.10001  speed(t)=  0 time(t)= 0.10001  Scenario  PARKED cuRRent logical time  337.0 current simulation time  0.674
22:37:12.777 [main] INFO  AV.VCU - speed(t-1)=  0 time(t-1)= 0.10001  speed(t)=  0 time(t)= 0.10001  Scenario  PARKED cuRRent logical time  338.0 current simulation time  0.676
22:37:12.824 [main] INFO  AV.VCU - speed(t-1)=  0 time(t-1)= 0.10001  speed(t)=  0 time(t)= 0.10001  Scenario  PARKED cuRRent logical time  339.0 current simulation time  0.678
22:37:12.877 [main] INFO  AV.VCU - speed(t-1)=  0 time(t-1)= 0.10001  speed(t)=  0 time(t)= 0.10001  Scenario  PARKED cuRRent logical time  340.0 current simulation time  0.68
22:37:12.976 [main] INFO  AV.VCU - ABS Speed : 84 ABS_Event_Status    : IwlrmSQhee & current time is  342.0  message time is 341.2 case 1
22:37:13.021 [main] INFO  AV.VCU - speed(t-1)=  0 time(t-1)= 0.10001  speed(t)=  0 time(t)= 0.10001  Scenario  PARKED cuRRent logical time  343.0 current simulation time  0.686
22:37:13.022 [main] INFO  AV.VCU - ABS Speed : 84 ABS_Event_Status    : IwlrmSQhee & current time is  343.0  message time is 341.2 case 1
22:37:13.077 [main] INFO  AV.VCU - speed(t-1)=  0 time(t-1)= 0.10001  speed(t)=  0 time(t)= 0.10001  Scenario  PARKED cuRRent logical time  344.0 current simulation time  0.6880000000000001
22:37:13.252 [main] INFO  AV.VCU - speed(t-1)=  0 time(t-1)= 0.10001  speed(t)=  0 time(t)= 0.10001  Scenario  PARKED cuRRent logical time  347.0 current simulation time  0.6940000000000001
22:37:13.301 [main] INFO  AV.VCU - speed(t-1)=  0 time(t-1)= 0.10001  speed(t)=  0 time(t)= 0.10001  Scenario  PARKED cuRRent logical time  348.0 current simulation time  0.6960000000000001
22:37:13.460 [main] INFO  AV.VCU - speed(t-1)=  0 time(t-1)= 0.10001  speed(t)=  0 time(t)= 0.10001  Scenario  PARKED cuRRent logical time  351.0 current simulation time  0.7020000000000001
22:37:13.507 [main] INFO  AV.VCU - speed(t-1)=  0 time(t-1)= 0.10001  speed(t)=  0 time(t)= 0.10001  Scenario  PARKED cuRRent logical time  352.0 current simulation time  0.704
22:37:13.607 [main] INFO  AV.VCU - ABS Speed : 84 ABS_Event_Status    : mWERUXbwaV & current time is  354.0  message time is 353.2 case 3
22:37:13.655 [main] INFO  AV.VCU - speed(t-1)=  0 time(t-1)= 0.10001  speed(t)=  0 time(t)= 0.10001  Scenario  PARKED cuRRent logical time  355.0 current simulation time  0.71
22:37:13.656 [main] INFO  AV.VCU - ABS Speed : 84 ABS_Event_Status    : mWERUXbwaV & current time is  355.0  message time is 353.2 case 3
22:37:13.697 [main] INFO  AV.VCU - speed(t-1)=  0 time(t-1)= 0.10001  speed(t)=  0 time(t)= 0.10001  Scenario  PARKED cuRRent logical time  356.0 current simulation time  0.712
22:37:13.742 [main] INFO  AV.VCU - speed(t-1)=  0 time(t-1)= 0.10001  speed(t)=  0 time(t)= 0.10001  Scenario  PARKED cuRRent logical time  357.0 current simulation time  0.714
22:37:13.795 [main] INFO  AV.VCU - speed(t-1)=  0 time(t-1)= 0.10001  speed(t)=  0 time(t)= 0.10001  Scenario  PARKED cuRRent logical time  358.0 current simulation time  0.716
22:37:13.858 [main] INFO  AV.VCU - speed(t-1)=  0 time(t-1)= 0.10001  speed(t)=  0 time(t)= 0.10001  Scenario  PARKED cuRRent logical time  359.0 current simulation time  0.718
22:37:13.919 [main] INFO  AV.VCU - speed(t-1)=  0 time(t-1)= 0.10001  speed(t)=  0 time(t)= 0.10001  Scenario  PARKED cuRRent logical time  360.0 current simulation time  0.72
22:37:14.019 [main] INFO  AV.VCU - ABS Speed : 56 ABS_Event_Status    : mWERUXbwaV & current time is  362.0  message time is 361.2 case 1
22:37:14.059 [main] INFO  AV.VCU - speed(t-1)=  0 time(t-1)= 0.10001  speed(t)=  0 time(t)= 0.10001  Scenario  PARKED cuRRent logical time  363.0 current simulation time  0.726
22:37:14.061 [main] INFO  AV.VCU - ABS Speed : 56 ABS_Event_Status    : mWERUXbwaV & current time is  363.0  message time is 361.2 case 1
22:37:14.119 [main] INFO  AV.VCU - speed(t-1)=  0 time(t-1)= 0.10001  speed(t)=  0 time(t)= 0.10001  Scenario  PARKED cuRRent logical time  364.0 current simulation time  0.728
22:37:14.260 [main] INFO  AV.VCU - speed(t-1)=  0 time(t-1)= 0.10001  speed(t)=  0 time(t)= 0.10001  Scenario  PARKED cuRRent logical time  367.0 current simulation time  0.734
22:37:14.323 [main] INFO  AV.VCU - speed(t-1)=  0 time(t-1)= 0.10001  speed(t)=  0 time(t)= 0.10001  Scenario  PARKED cuRRent logical time  368.0 current simulation time  0.736
22:37:14.469 [main] INFO  AV.VCU - speed(t-1)=  0 time(t-1)= 0.10001  speed(t)=  0 time(t)= 0.10001  Scenario  PARKED cuRRent logical time  371.0 current simulation time  0.742
22:37:14.517 [main] INFO  AV.VCU - speed(t-1)=  0 time(t-1)= 0.10001  speed(t)=  0 time(t)= 0.10001  Scenario  PARKED cuRRent logical time  372.0 current simulation time  0.744
22:37:14.625 [main] INFO  AV.VCU - ABS Speed : 56 ABS_Event_Status    : XnDQTOZiOo & current time is  374.0  message time is 373.2 case 3
22:37:14.665 [main] INFO  AV.VCU - speed(t-1)=  0 time(t-1)= 0.10001  speed(t)=  0 time(t)= 0.10001  Scenario  PARKED cuRRent logical time  375.0 current simulation time  0.75
22:37:14.665 [main] INFO  AV.VCU - ABS Speed : 56 ABS_Event_Status    : XnDQTOZiOo & current time is  375.0  message time is 373.2 case 3
22:37:14.725 [main] INFO  AV.VCU - speed(t-1)=  0 time(t-1)= 0.10001  speed(t)=  0 time(t)= 0.10001  Scenario  PARKED cuRRent logical time  376.0 current simulation time  0.752
22:37:14.762 [main] INFO  AV.VCU - speed(t-1)=  0 time(t-1)= 0.10001  speed(t)=  0 time(t)= 0.10001  Scenario  PARKED cuRRent logical time  377.0 current simulation time  0.754
22:37:14.824 [main] INFO  AV.VCU - speed(t-1)=  0 time(t-1)= 0.10001  speed(t)=  0 time(t)= 0.10001  Scenario  PARKED cuRRent logical time  378.0 current simulation time  0.756
22:37:14.881 [main] INFO  AV.VCU - speed(t-1)=  0 time(t-1)= 0.10001  speed(t)=  0 time(t)= 0.10001  Scenario  PARKED cuRRent logical time  379.0 current simulation time  0.758
22:37:14.926 [main] INFO  AV.VCU - speed(t-1)=  0 time(t-1)= 0.10001  speed(t)=  0 time(t)= 0.10001  Scenario  PARKED cuRRent logical time  380.0 current simulation time  0.76
22:37:15.032 [main] INFO  AV.VCU - ABS Speed : 59 ABS_Event_Status    : XnDQTOZiOo & current time is  382.0  message time is 381.2 case 1
22:37:15.083 [main] INFO  AV.VCU - speed(t-1)=  0 time(t-1)= 0.10001  speed(t)=  0 time(t)= 0.10001  Scenario  PARKED cuRRent logical time  383.0 current simulation time  0.766
22:37:15.085 [main] INFO  AV.VCU - ABS Speed : 59 ABS_Event_Status    : XnDQTOZiOo & current time is  383.0  message time is 381.2 case 1
22:37:15.135 [main] INFO  AV.VCU - speed(t-1)=  0 time(t-1)= 0.10001  speed(t)=  0 time(t)= 0.10001  Scenario  PARKED cuRRent logical time  384.0 current simulation time  0.768
22:37:15.289 [main] INFO  AV.VCU - speed(t-1)=  0 time(t-1)= 0.10001  speed(t)=  0 time(t)= 0.10001  Scenario  PARKED cuRRent logical time  387.0 current simulation time  0.774
22:37:15.344 [main] INFO  AV.VCU - speed(t-1)=  0 time(t-1)= 0.10001  speed(t)=  0 time(t)= 0.10001  Scenario  PARKED cuRRent logical time  388.0 current simulation time  0.776
22:37:15.492 [main] INFO  AV.VCU - speed(t-1)=  0 time(t-1)= 0.10001  speed(t)=  0 time(t)= 0.10001  Scenario  PARKED cuRRent logical time  391.0 current simulation time  0.782
22:37:15.545 [main] INFO  AV.VCU - speed(t-1)=  0 time(t-1)= 0.10001  speed(t)=  0 time(t)= 0.10001  Scenario  PARKED cuRRent logical time  392.0 current simulation time  0.784
22:37:15.655 [main] INFO  AV.VCU - ABS Speed : 59 ABS_Event_Status    : KAfjWXPFvr & current time is  394.0  message time is 393.2 case 3
22:37:15.695 [main] INFO  AV.VCU - speed(t-1)=  0 time(t-1)= 0.10001  speed(t)=  0 time(t)= 0.10001  Scenario  PARKED cuRRent logical time  395.0 current simulation time  0.79
22:37:15.695 [main] INFO  AV.VCU - ABS Speed : 59 ABS_Event_Status    : KAfjWXPFvr & current time is  395.0  message time is 393.2 case 3
22:37:15.749 [main] INFO  AV.VCU - speed(t-1)=  0 time(t-1)= 0.10001  speed(t)=  0 time(t)= 0.10001  Scenario  PARKED cuRRent logical time  396.0 current simulation time  0.792
22:37:15.797 [main] INFO  AV.VCU - speed(t-1)=  0 time(t-1)= 0.10001  speed(t)=  0 time(t)= 0.10001  Scenario  PARKED cuRRent logical time  397.0 current simulation time  0.794
22:37:15.860 [main] INFO  AV.VCU - speed(t-1)=  0 time(t-1)= 0.10001  speed(t)=  0 time(t)= 0.10001  Scenario  PARKED cuRRent logical time  398.0 current simulation time  0.796
22:37:15.908 [main] INFO  AV.VCU - speed(t-1)=  0 time(t-1)= 0.10001  speed(t)=  0 time(t)= 0.10001  Scenario  PARKED cuRRent logical time  399.0 current simulation time  0.798
22:37:15.965 [main] INFO  AV.VCU - speed(t-1)=  0 time(t-1)= 0.10001  speed(t)=  0 time(t)= 0.10001  Scenario  PARKED cuRRent logical time  400.0 current simulation time  0.8
22:37:16.074 [main] INFO  AV.VCU - ABS Speed : 79 ABS_Event_Status    : KAfjWXPFvr & current time is  402.0  message time is 401.2 case 1
22:37:16.225 [main] INFO  AV.VCU - speed(t-1)=  0 time(t-1)= 0.10001  speed(t)=  0 time(t)= 0.10001  Scenario  PARKED cuRRent logical time  403.0 current simulation time  0.806
22:37:16.225 [main] INFO  AV.VCU - ABS Speed : 79 ABS_Event_Status    : KAfjWXPFvr & current time is  403.0  message time is 401.2 case 1
22:37:16.277 [main] INFO  AV.VCU - speed(t-1)=  0 time(t-1)= 0.10001  speed(t)=  0 time(t)= 0.10001  Scenario  PARKED cuRRent logical time  404.0 current simulation time  0.808
22:37:16.418 [main] INFO  AV.VCU - speed(t-1)=  0 time(t-1)= 0.10001  speed(t)=  0 time(t)= 0.10001  Scenario  PARKED cuRRent logical time  407.0 current simulation time  0.8140000000000001
22:37:16.468 [main] INFO  AV.VCU - speed(t-1)=  0 time(t-1)= 0.10001  speed(t)=  0 time(t)= 0.10001  Scenario  PARKED cuRRent logical time  408.0 current simulation time  0.8160000000000001
22:37:16.624 [main] INFO  AV.VCU - speed(t-1)=  0 time(t-1)= 0.10001  speed(t)=  0 time(t)= 0.10001  Scenario  PARKED cuRRent logical time  411.0 current simulation time  0.8220000000000001
22:37:16.672 [main] INFO  AV.VCU - speed(t-1)=  0 time(t-1)= 0.10001  speed(t)=  0 time(t)= 0.10001  Scenario  PARKED cuRRent logical time  412.0 current simulation time  0.8240000000000001
22:37:16.771 [main] INFO  AV.VCU - ABS Speed : 79 ABS_Event_Status    : NMdyuziffU & current time is  414.0  message time is 413.2 case 3
22:37:16.828 [main] INFO  AV.VCU - speed(t-1)=  0 time(t-1)= 0.10001  speed(t)=  0 time(t)= 0.10001  Scenario  PARKED cuRRent logical time  415.0 current simulation time  0.8300000000000001
22:37:16.829 [main] INFO  AV.VCU - ABS Speed : 79 ABS_Event_Status    : NMdyuziffU & current time is  415.0  message time is 413.2 case 3
22:37:16.871 [main] INFO  AV.VCU - speed(t-1)=  0 time(t-1)= 0.10001  speed(t)=  0 time(t)= 0.10001  Scenario  PARKED cuRRent logical time  416.0 current simulation time  0.8320000000000001
22:37:16.926 [main] INFO  AV.VCU - speed(t-1)=  0 time(t-1)= 0.10001  speed(t)=  0 time(t)= 0.10001  Scenario  PARKED cuRRent logical time  417.0 current simulation time  0.834
22:37:16.969 [main] INFO  AV.VCU - speed(t-1)=  0 time(t-1)= 0.10001  speed(t)=  0 time(t)= 0.10001  Scenario  PARKED cuRRent logical time  418.0 current simulation time  0.836
22:37:17.023 [main] INFO  AV.VCU - speed(t-1)=  0 time(t-1)= 0.10001  speed(t)=  0 time(t)= 0.10001  Scenario  PARKED cuRRent logical time  419.0 current simulation time  0.838
22:37:17.072 [main] INFO  AV.VCU - speed(t-1)=  0 time(t-1)= 0.10001  speed(t)=  0 time(t)= 0.10001  Scenario  PARKED cuRRent logical time  420.0 current simulation time  0.84
22:37:17.169 [main] INFO  AV.VCU - ABS Speed : 62 ABS_Event_Status    : NMdyuziffU & current time is  422.0  message time is 421.2 case 1
22:37:17.218 [main] INFO  AV.VCU - speed(t-1)=  0 time(t-1)= 0.10001  speed(t)=  0 time(t)= 0.10001  Scenario  PARKED cuRRent logical time  423.0 current simulation time  0.846
22:37:17.218 [main] INFO  AV.VCU - ABS Speed : 62 ABS_Event_Status    : NMdyuziffU & current time is  423.0  message time is 421.2 case 1
22:37:17.267 [main] INFO  AV.VCU - speed(t-1)=  0 time(t-1)= 0.10001  speed(t)=  0 time(t)= 0.10001  Scenario  PARKED cuRRent logical time  424.0 current simulation time  0.848
22:37:17.423 [main] INFO  AV.VCU - speed(t-1)=  0 time(t-1)= 0.10001  speed(t)=  0 time(t)= 0.10001  Scenario  PARKED cuRRent logical time  427.0 current simulation time  0.854
22:37:17.477 [main] INFO  AV.VCU - speed(t-1)=  0 time(t-1)= 0.10001  speed(t)=  0 time(t)= 0.10001  Scenario  PARKED cuRRent logical time  428.0 current simulation time  0.856
22:37:17.641 [main] INFO  AV.VCU - speed(t-1)=  0 time(t-1)= 0.10001  speed(t)=  0 time(t)= 0.10001  Scenario  PARKED cuRRent logical time  431.0 current simulation time  0.862
22:37:17.685 [main] INFO  AV.VCU - speed(t-1)=  0 time(t-1)= 0.10001  speed(t)=  0 time(t)= 0.10001  Scenario  PARKED cuRRent logical time  432.0 current simulation time  0.864
22:37:17.784 [main] INFO  AV.VCU - ABS Speed : 62 ABS_Event_Status    : UoVZrJNKrw & current time is  434.0  message time is 433.2 case 3
22:37:17.834 [main] INFO  AV.VCU - speed(t-1)=  0 time(t-1)= 0.10001  speed(t)=  0 time(t)= 0.10001  Scenario  PARKED cuRRent logical time  435.0 current simulation time  0.87
22:37:17.835 [main] INFO  AV.VCU - ABS Speed : 62 ABS_Event_Status    : UoVZrJNKrw & current time is  435.0  message time is 433.2 case 3
22:37:17.877 [main] INFO  AV.VCU - speed(t-1)=  0 time(t-1)= 0.10001  speed(t)=  0 time(t)= 0.10001  Scenario  PARKED cuRRent logical time  436.0 current simulation time  0.872
22:37:17.932 [main] INFO  AV.VCU - speed(t-1)=  0 time(t-1)= 0.10001  speed(t)=  0 time(t)= 0.10001  Scenario  PARKED cuRRent logical time  437.0 current simulation time  0.874
22:37:17.978 [main] INFO  AV.VCU - speed(t-1)=  0 time(t-1)= 0.10001  speed(t)=  0 time(t)= 0.10001  Scenario  PARKED cuRRent logical time  438.0 current simulation time  0.876
22:37:18.022 [main] INFO  AV.VCU - speed(t-1)=  0 time(t-1)= 0.10001  speed(t)=  0 time(t)= 0.10001  Scenario  PARKED cuRRent logical time  439.0 current simulation time  0.878
22:37:18.079 [main] INFO  AV.VCU - speed(t-1)=  0 time(t-1)= 0.10001  speed(t)=  0 time(t)= 0.10001  Scenario  PARKED cuRRent logical time  440.0 current simulation time  0.88
22:37:18.182 [main] INFO  AV.VCU - ABS Speed : 82 ABS_Event_Status    : UoVZrJNKrw & current time is  442.0  message time is 441.2 case 1
22:37:18.222 [main] INFO  AV.VCU - speed(t-1)=  0 time(t-1)= 0.10001  speed(t)=  0 time(t)= 0.10001  Scenario  PARKED cuRRent logical time  443.0 current simulation time  0.886
22:37:18.222 [main] INFO  AV.VCU - ABS Speed : 82 ABS_Event_Status    : UoVZrJNKrw & current time is  443.0  message time is 441.2 case 1
22:37:18.283 [main] INFO  AV.VCU - speed(t-1)=  0 time(t-1)= 0.10001  speed(t)=  0 time(t)= 0.10001  Scenario  PARKED cuRRent logical time  444.0 current simulation time  0.888
22:37:18.430 [main] INFO  AV.VCU - speed(t-1)=  0 time(t-1)= 0.10001  speed(t)=  0 time(t)= 0.10001  Scenario  PARKED cuRRent logical time  447.0 current simulation time  0.894
22:37:18.483 [main] INFO  AV.VCU - speed(t-1)=  0 time(t-1)= 0.10001  speed(t)=  0 time(t)= 0.10001  Scenario  PARKED cuRRent logical time  448.0 current simulation time  0.896
22:37:18.625 [main] INFO  AV.VCU - speed(t-1)=  0 time(t-1)= 0.10001  speed(t)=  0 time(t)= 0.10001  Scenario  PARKED cuRRent logical time  451.0 current simulation time  0.902
22:37:18.716 [main] INFO  AV.VCU - speed(t-1)=  0 time(t-1)= 0.10001  speed(t)=  0 time(t)= 0.10001  Scenario  PARKED cuRRent logical time  452.0 current simulation time  0.904
22:37:18.817 [main] INFO  AV.VCU - ABS Speed : 82 ABS_Event_Status    : UKMfVVgKKL & current time is  454.0  message time is 453.2 case 3
22:37:18.878 [main] INFO  AV.VCU - speed(t-1)=  0 time(t-1)= 0.10001  speed(t)=  0 time(t)= 0.10001  Scenario  PARKED cuRRent logical time  455.0 current simulation time  0.91
22:37:18.878 [main] INFO  AV.VCU - ABS Speed : 82 ABS_Event_Status    : UKMfVVgKKL & current time is  455.0  message time is 453.2 case 3
22:37:18.927 [main] INFO  AV.VCU - speed(t-1)=  0 time(t-1)= 0.10001  speed(t)=  0 time(t)= 0.10001  Scenario  PARKED cuRRent logical time  456.0 current simulation time  0.912
22:37:18.951 [main] INFO  AV.VCU - speed(t-1)=  0 time(t-1)= 0.10001  speed(t)=  0 time(t)= 0.10001  Scenario  PARKED cuRRent logical time  457.0 current simulation time  0.914
22:37:19.017 [main] INFO  AV.VCU - speed(t-1)=  0 time(t-1)= 0.10001  speed(t)=  0 time(t)= 0.10001  Scenario  PARKED cuRRent logical time  458.0 current simulation time  0.916
22:37:19.071 [main] INFO  AV.VCU - speed(t-1)=  0 time(t-1)= 0.10001  speed(t)=  0 time(t)= 0.10001  Scenario  PARKED cuRRent logical time  459.0 current simulation time  0.918
22:37:19.114 [main] INFO  AV.VCU - speed(t-1)=  0 time(t-1)= 0.10001  speed(t)=  0 time(t)= 0.10001  Scenario  PARKED cuRRent logical time  460.0 current simulation time  0.92
22:37:19.228 [main] INFO  AV.VCU - ABS Speed : 74 ABS_Event_Status    : UKMfVVgKKL & current time is  462.0  message time is 461.2 case 1
22:37:19.273 [main] INFO  AV.VCU - speed(t-1)=  0 time(t-1)= 0.10001  speed(t)=  0 time(t)= 0.10001  Scenario  PARKED cuRRent logical time  463.0 current simulation time  0.926
22:37:19.276 [main] INFO  AV.VCU - ABS Speed : 74 ABS_Event_Status    : UKMfVVgKKL & current time is  463.0  message time is 461.2 case 1
22:37:19.325 [main] INFO  AV.VCU - speed(t-1)=  0 time(t-1)= 0.10001  speed(t)=  0 time(t)= 0.10001  Scenario  PARKED cuRRent logical time  464.0 current simulation time  0.928
22:37:19.465 [main] INFO  AV.VCU - speed(t-1)=  0 time(t-1)= 0.10001  speed(t)=  0 time(t)= 0.10001  Scenario  PARKED cuRRent logical time  467.0 current simulation time  0.934
22:37:19.519 [main] INFO  AV.VCU - speed(t-1)=  0 time(t-1)= 0.10001  speed(t)=  0 time(t)= 0.10001  Scenario  PARKED cuRRent logical time  468.0 current simulation time  0.936
22:37:19.678 [main] INFO  AV.VCU - speed(t-1)=  0 time(t-1)= 0.10001  speed(t)=  0 time(t)= 0.10001  Scenario  PARKED cuRRent logical time  471.0 current simulation time  0.9420000000000001
22:37:19.727 [main] INFO  AV.VCU - speed(t-1)=  0 time(t-1)= 0.10001  speed(t)=  0 time(t)= 0.10001  Scenario  PARKED cuRRent logical time  472.0 current simulation time  0.9440000000000001
22:37:19.825 [main] INFO  AV.VCU - ABS Speed : 74 ABS_Event_Status    : BprVPoRDoQ & current time is  474.0  message time is 473.2 case 3
22:37:19.867 [main] INFO  AV.VCU - speed(t-1)=  0 time(t-1)= 0.10001  speed(t)=  0 time(t)= 0.10001  Scenario  PARKED cuRRent logical time  475.0 current simulation time  0.9500000000000001
22:37:19.868 [main] INFO  AV.VCU - ABS Speed : 74 ABS_Event_Status    : BprVPoRDoQ & current time is  475.0  message time is 473.2 case 3
22:37:19.926 [main] INFO  AV.VCU - speed(t-1)=  0 time(t-1)= 0.10001  speed(t)=  0 time(t)= 0.10001  Scenario  PARKED cuRRent logical time  476.0 current simulation time  0.9520000000000001
22:37:19.982 [main] INFO  AV.VCU - speed(t-1)=  0 time(t-1)= 0.10001  speed(t)=  0 time(t)= 0.10001  Scenario  PARKED cuRRent logical time  477.0 current simulation time  0.9540000000000001
22:37:20.026 [main] INFO  AV.VCU - speed(t-1)=  0 time(t-1)= 0.10001  speed(t)=  0 time(t)= 0.10001  Scenario  PARKED cuRRent logical time  478.0 current simulation time  0.9560000000000001
22:37:20.084 [main] INFO  AV.VCU - speed(t-1)=  0 time(t-1)= 0.10001  speed(t)=  0 time(t)= 0.10001  Scenario  PARKED cuRRent logical time  479.0 current simulation time  0.9580000000000001
22:37:20.124 [main] INFO  AV.VCU - speed(t-1)=  0 time(t-1)= 0.10001  speed(t)=  0 time(t)= 0.10001  Scenario  PARKED cuRRent logical time  480.0 current simulation time  0.96
22:37:20.231 [main] INFO  AV.VCU - ABS Speed : 89 ABS_Event_Status    : BprVPoRDoQ & current time is  482.0  message time is 481.2 case 1
22:37:20.277 [main] INFO  AV.VCU - speed(t-1)=  0 time(t-1)= 0.10001  speed(t)=  0 time(t)= 0.10001  Scenario  PARKED cuRRent logical time  483.0 current simulation time  0.966
22:37:20.277 [main] INFO  AV.VCU - ABS Speed : 89 ABS_Event_Status    : BprVPoRDoQ & current time is  483.0  message time is 481.2 case 1
22:37:20.340 [main] INFO  AV.VCU - speed(t-1)=  0 time(t-1)= 0.10001  speed(t)=  0 time(t)= 0.10001  Scenario  PARKED cuRRent logical time  484.0 current simulation time  0.968
22:37:20.516 [main] INFO  AV.VCU - speed(t-1)=  0 time(t-1)= 0.10001  speed(t)=  0 time(t)= 0.10001  Scenario  PARKED cuRRent logical time  487.0 current simulation time  0.974
22:37:20.579 [main] INFO  AV.VCU - speed(t-1)=  0 time(t-1)= 0.10001  speed(t)=  0 time(t)= 0.10001  Scenario  PARKED cuRRent logical time  488.0 current simulation time  0.976
22:37:20.744 [main] INFO  AV.VCU - speed(t-1)=  0 time(t-1)= 0.10001  speed(t)=  0 time(t)= 0.10001  Scenario  PARKED cuRRent logical time  491.0 current simulation time  0.982
22:37:20.788 [main] INFO  AV.VCU - speed(t-1)=  0 time(t-1)= 0.10001  speed(t)=  0 time(t)= 0.10001  Scenario  PARKED cuRRent logical time  492.0 current simulation time  0.984
22:37:20.889 [main] INFO  AV.VCU - ABS Speed : 89 ABS_Event_Status    : DOLewOPFIF & current time is  494.0  message time is 493.2 case 3
22:37:20.949 [main] INFO  AV.VCU - speed(t-1)=  0 time(t-1)= 0.10001  speed(t)=  0 time(t)= 0.10001  Scenario  PARKED cuRRent logical time  495.0 current simulation time  0.99
22:37:20.949 [main] INFO  AV.VCU - ABS Speed : 89 ABS_Event_Status    : DOLewOPFIF & current time is  495.0  message time is 493.2 case 3
22:37:21.000 [main] INFO  AV.VCU - speed(t-1)=  0 time(t-1)= 0.10001  speed(t)=  0 time(t)= 0.10001  Scenario  PARKED cuRRent logical time  496.0 current simulation time  0.992
22:37:21.077 [main] INFO  AV.VCU - speed(t-1)=  0 time(t-1)= 0.10001  speed(t)=  0 time(t)= 0.10001  Scenario  PARKED cuRRent logical time  497.0 current simulation time  0.994
22:37:21.155 [main] INFO  AV.VCU - speed(t-1)=  0 time(t-1)= 0.10001  speed(t)=  0 time(t)= 0.10001  Scenario  PARKED cuRRent logical time  498.0 current simulation time  0.996
22:37:21.208 [main] INFO  AV.VCU - speed(t-1)=  0 time(t-1)= 0.10001  speed(t)=  0 time(t)= 0.10001  Scenario  PARKED cuRRent logical time  499.0 current simulation time  0.998
22:37:21.243 [main] INFO  AV.VCU - speed(t-1)=  0 time(t-1)= 0.10001  speed(t)=  0 time(t)= 0.10001  Scenario  PARKED cuRRent logical time  500.0 current simulation time  1.0
22:37:21.345 [main] INFO  AV.VCU - ABS Speed : 64 ABS_Event_Status    : DOLewOPFIF & current time is  502.0  message time is 501.2 case 1
22:37:21.401 [main] INFO  AV.VCU - speed(t-1)=  0 time(t-1)= 0.10001  speed(t)=  0 time(t)= 0.10001  Scenario  PARKED cuRRent logical time  503.0 current simulation time  1.006
22:37:21.401 [main] INFO  AV.VCU - ABS Speed : 64 ABS_Event_Status    : DOLewOPFIF & current time is  503.0  message time is 501.2 case 1
22:37:21.433 [main] INFO  AV.VCU - speed(t-1)=  0 time(t-1)= 0.10001  speed(t)=  0 time(t)= 0.10001  Scenario  PARKED cuRRent logical time  504.0 current simulation time  1.008
22:37:21.602 [main] INFO  AV.VCU - speed(t-1)=  0 time(t-1)= 0.10001  speed(t)=  0 time(t)= 0.10001  Scenario  PARKED cuRRent logical time  507.0 current simulation time  1.014
22:37:21.629 [main] INFO  AV.VCU - speed(t-1)=  0 time(t-1)= 0.10001  speed(t)=  0 time(t)= 0.10001  Scenario  PARKED cuRRent logical time  508.0 current simulation time  1.016
22:37:21.821 [main] INFO  AV.VCU - speed(t-1)=  0 time(t-1)= 0.10001  speed(t)=  0 time(t)= 0.10001  Scenario  PARKED cuRRent logical time  511.0 current simulation time  1.022
22:37:21.871 [main] INFO  AV.VCU - speed(t-1)=  0 time(t-1)= 0.10001  speed(t)=  0 time(t)= 0.10001  Scenario  PARKED cuRRent logical time  512.0 current simulation time  1.024
22:37:21.967 [main] INFO  AV.VCU - ABS Speed : 64 ABS_Event_Status    : GezpCAkNDL & current time is  514.0  message time is 513.2 case 3
22:37:22.029 [main] INFO  AV.VCU - speed(t-1)=  0 time(t-1)= 0.10001  speed(t)=  0 time(t)= 0.10001  Scenario  PARKED cuRRent logical time  515.0 current simulation time  1.03
22:37:22.031 [main] INFO  AV.VCU - ABS Speed : 64 ABS_Event_Status    : GezpCAkNDL & current time is  515.0  message time is 513.2 case 3
22:37:22.080 [main] INFO  AV.VCU - speed(t-1)=  0 time(t-1)= 0.10001  speed(t)=  0 time(t)= 0.10001  Scenario  PARKED cuRRent logical time  516.0 current simulation time  1.032
22:37:22.128 [main] INFO  AV.VCU - speed(t-1)=  0 time(t-1)= 0.10001  speed(t)=  0 time(t)= 0.10001  Scenario  PARKED cuRRent logical time  517.0 current simulation time  1.034
22:37:22.170 [main] INFO  AV.VCU - speed(t-1)=  0 time(t-1)= 0.10001  speed(t)=  0 time(t)= 0.10001  Scenario  PARKED cuRRent logical time  518.0 current simulation time  1.036
22:37:22.233 [main] INFO  AV.VCU - speed(t-1)=  0 time(t-1)= 0.10001  speed(t)=  0 time(t)= 0.10001  Scenario  PARKED cuRRent logical time  519.0 current simulation time  1.038
22:37:22.289 [main] INFO  AV.VCU - speed(t-1)=  0 time(t-1)= 0.10001  speed(t)=  0 time(t)= 0.10001  Scenario  PARKED cuRRent logical time  520.0 current simulation time  1.04
22:37:22.387 [main] INFO  AV.VCU - ABS Speed : 70 ABS_Event_Status    : GezpCAkNDL & current time is  522.0  message time is 521.2 case 1
22:37:22.430 [main] INFO  AV.VCU - speed(t-1)=  0 time(t-1)= 0.10001  speed(t)=  0 time(t)= 0.10001  Scenario  PARKED cuRRent logical time  523.0 current simulation time  1.046
22:37:22.430 [main] INFO  AV.VCU - ABS Speed : 70 ABS_Event_Status    : GezpCAkNDL & current time is  523.0  message time is 521.2 case 1
22:37:22.483 [main] INFO  AV.VCU - speed(t-1)=  0 time(t-1)= 0.10001  speed(t)=  0 time(t)= 0.10001  Scenario  PARKED cuRRent logical time  524.0 current simulation time  1.048
22:37:22.631 [main] INFO  AV.VCU - speed(t-1)=  0 time(t-1)= 0.10001  speed(t)=  0 time(t)= 0.10001  Scenario  PARKED cuRRent logical time  527.0 current simulation time  1.054
22:37:22.665 [main] INFO  AV.VCU - speed(t-1)=  0 time(t-1)= 0.10001  speed(t)=  0 time(t)= 0.10001  Scenario  PARKED cuRRent logical time  528.0 current simulation time  1.056
22:37:22.939 [main] INFO  AV.VCU - speed(t-1)=  0 time(t-1)= 0.10001  speed(t)=  0 time(t)= 0.10001  Scenario  PARKED cuRRent logical time  531.0 current simulation time  1.062
22:37:22.993 [main] INFO  AV.VCU - speed(t-1)=  0 time(t-1)= 0.10001  speed(t)=  0 time(t)= 0.10001  Scenario  PARKED cuRRent logical time  532.0 current simulation time  1.064
22:37:23.054 [main] INFO  AV.VCU - ABS Speed : 70 ABS_Event_Status    : SFnTzlqSEJ & current time is  534.0  message time is 533.2 case 3
22:37:23.110 [main] INFO  AV.VCU - speed(t-1)=  0 time(t-1)= 0.10001  speed(t)=  0 time(t)= 0.10001  Scenario  PARKED cuRRent logical time  535.0 current simulation time  1.07
22:37:23.110 [main] INFO  AV.VCU - ABS Speed : 70 ABS_Event_Status    : SFnTzlqSEJ & current time is  535.0  message time is 533.2 case 3
22:37:23.165 [main] INFO  AV.VCU - speed(t-1)=  0 time(t-1)= 0.10001  speed(t)=  0 time(t)= 0.10001  Scenario  PARKED cuRRent logical time  536.0 current simulation time  1.072
22:37:23.204 [main] INFO  AV.VCU - speed(t-1)=  0 time(t-1)= 0.10001  speed(t)=  0 time(t)= 0.10001  Scenario  PARKED cuRRent logical time  537.0 current simulation time  1.074
22:37:23.261 [main] INFO  AV.VCU - speed(t-1)=  0 time(t-1)= 0.10001  speed(t)=  0 time(t)= 0.10001  Scenario  PARKED cuRRent logical time  538.0 current simulation time  1.076
22:37:23.305 [main] INFO  AV.VCU - speed(t-1)=  0 time(t-1)= 0.10001  speed(t)=  0 time(t)= 0.10001  Scenario  PARKED cuRRent logical time  539.0 current simulation time  1.078
22:37:23.359 [main] INFO  AV.VCU - speed(t-1)=  0 time(t-1)= 0.10001  speed(t)=  0 time(t)= 0.10001  Scenario  PARKED cuRRent logical time  540.0 current simulation time  1.08
22:37:23.456 [main] INFO  AV.VCU - ABS Speed : 51 ABS_Event_Status    : SFnTzlqSEJ & current time is  542.0  message time is 541.2 case 1
22:37:23.518 [main] INFO  AV.VCU - speed(t-1)=  0 time(t-1)= 0.10001  speed(t)=  0 time(t)= 0.10001  Scenario  PARKED cuRRent logical time  543.0 current simulation time  1.086
22:37:23.519 [main] INFO  AV.VCU - ABS Speed : 51 ABS_Event_Status    : SFnTzlqSEJ & current time is  543.0  message time is 541.2 case 1
22:37:23.572 [main] INFO  AV.VCU - speed(t-1)=  0 time(t-1)= 0.10001  speed(t)=  0 time(t)= 0.10001  Scenario  PARKED cuRRent logical time  544.0 current simulation time  1.088
22:37:23.711 [main] INFO  AV.VCU - speed(t-1)=  0 time(t-1)= 0.10001  speed(t)=  0 time(t)= 0.10001  Scenario  PARKED cuRRent logical time  547.0 current simulation time  1.094
22:37:23.762 [main] INFO  AV.VCU - speed(t-1)=  0 time(t-1)= 0.10001  speed(t)=  0 time(t)= 0.10001  Scenario  PARKED cuRRent logical time  548.0 current simulation time  1.096
22:37:23.928 [main] INFO  AV.VCU - speed(t-1)=  0 time(t-1)= 0.10001  speed(t)=  0 time(t)= 0.10001  Scenario  PARKED cuRRent logical time  551.0 current simulation time  1.102
22:37:23.975 [main] INFO  AV.VCU - speed(t-1)=  0 time(t-1)= 0.10001  speed(t)=  0 time(t)= 0.10001  Scenario  PARKED cuRRent logical time  552.0 current simulation time  1.104
22:37:24.071 [main] INFO  AV.VCU - ABS Speed : 51 ABS_Event_Status    : jjhvBhthCY & current time is  554.0  message time is 553.2 case 3
22:37:24.140 [main] INFO  AV.VCU - speed(t-1)=  0 time(t-1)= 0.10001  speed(t)=  0 time(t)= 0.10001  Scenario  PARKED cuRRent logical time  555.0 current simulation time  1.11
22:37:24.141 [main] INFO  AV.VCU - ABS Speed : 51 ABS_Event_Status    : jjhvBhthCY & current time is  555.0  message time is 553.2 case 3
22:37:24.180 [main] INFO  AV.VCU - speed(t-1)=  0 time(t-1)= 0.10001  speed(t)=  0 time(t)= 0.10001  Scenario  PARKED cuRRent logical time  556.0 current simulation time  1.112
22:37:24.228 [main] INFO  AV.VCU - speed(t-1)=  0 time(t-1)= 0.10001  speed(t)=  0 time(t)= 0.10001  Scenario  PARKED cuRRent logical time  557.0 current simulation time  1.114
22:37:24.271 [main] INFO  AV.VCU - speed(t-1)=  0 time(t-1)= 0.10001  speed(t)=  0 time(t)= 0.10001  Scenario  PARKED cuRRent logical time  558.0 current simulation time  1.116
22:37:24.306 [main] INFO  AV.VCU - speed(t-1)=  0 time(t-1)= 0.10001  speed(t)=  0 time(t)= 0.10001  Scenario  PARKED cuRRent logical time  559.0 current simulation time  1.118
22:37:24.373 [main] INFO  AV.VCU - speed(t-1)=  0 time(t-1)= 0.10001  speed(t)=  0 time(t)= 0.10001  Scenario  PARKED cuRRent logical time  560.0 current simulation time  1.12
22:37:24.483 [main] INFO  AV.VCU - ABS Speed : 86 ABS_Event_Status    : jjhvBhthCY & current time is  562.0  message time is 561.2 case 1
22:37:24.536 [main] INFO  AV.VCU - speed(t-1)=  0 time(t-1)= 0.10001  speed(t)=  0 time(t)= 0.10001  Scenario  PARKED cuRRent logical time  563.0 current simulation time  1.1260000000000001
22:37:24.536 [main] INFO  AV.VCU - ABS Speed : 86 ABS_Event_Status    : jjhvBhthCY & current time is  563.0  message time is 561.2 case 1
22:37:24.573 [main] INFO  AV.VCU - speed(t-1)=  0 time(t-1)= 0.10001  speed(t)=  0 time(t)= 0.10001  Scenario  PARKED cuRRent logical time  564.0 current simulation time  1.1280000000000001
22:37:24.739 [main] INFO  AV.VCU - speed(t-1)=  0 time(t-1)= 0.10001  speed(t)=  0 time(t)= 0.10001  Scenario  PARKED cuRRent logical time  567.0 current simulation time  1.1340000000000001
22:37:24.794 [main] INFO  AV.VCU - speed(t-1)=  0 time(t-1)= 0.10001  speed(t)=  0 time(t)= 0.10001  Scenario  PARKED cuRRent logical time  568.0 current simulation time  1.1360000000000001
22:37:24.950 [main] INFO  AV.VCU - speed(t-1)=  0 time(t-1)= 0.10001  speed(t)=  0 time(t)= 0.10001  Scenario  PARKED cuRRent logical time  571.0 current simulation time  1.1420000000000001
22:37:24.994 [main] INFO  AV.VCU - speed(t-1)=  0 time(t-1)= 0.10001  speed(t)=  0 time(t)= 0.10001  Scenario  PARKED cuRRent logical time  572.0 current simulation time  1.1440000000000001
22:37:25.098 [main] INFO  AV.VCU - ABS Speed : 86 ABS_Event_Status    : UVcWqYtjLE & current time is  574.0  message time is 573.2 case 3
22:37:25.154 [main] INFO  AV.VCU - speed(t-1)=  0 time(t-1)= 0.10001  speed(t)=  0 time(t)= 0.10001  Scenario  PARKED cuRRent logical time  575.0 current simulation time  1.1500000000000001
22:37:25.154 [main] INFO  AV.VCU - ABS Speed : 86 ABS_Event_Status    : UVcWqYtjLE & current time is  575.0  message time is 573.2 case 3
22:37:25.205 [main] INFO  AV.VCU - speed(t-1)=  0 time(t-1)= 0.10001  speed(t)=  0 time(t)= 0.10001  Scenario  PARKED cuRRent logical time  576.0 current simulation time  1.1520000000000001
22:37:25.250 [main] INFO  AV.VCU - speed(t-1)=  0 time(t-1)= 0.10001  speed(t)=  0 time(t)= 0.10001  Scenario  PARKED cuRRent logical time  577.0 current simulation time  1.154
22:37:25.305 [main] INFO  AV.VCU - speed(t-1)=  0 time(t-1)= 0.10001  speed(t)=  0 time(t)= 0.10001  Scenario  PARKED cuRRent logical time  578.0 current simulation time  1.156
22:37:25.346 [main] INFO  AV.VCU - speed(t-1)=  0 time(t-1)= 0.10001  speed(t)=  0 time(t)= 0.10001  Scenario  PARKED cuRRent logical time  579.0 current simulation time  1.158
22:37:25.399 [main] INFO  AV.VCU - speed(t-1)=  0 time(t-1)= 0.10001  speed(t)=  0 time(t)= 0.10001  Scenario  PARKED cuRRent logical time  580.0 current simulation time  1.16
22:37:25.477 [main] INFO  AV.VCU - ABS Speed : 80 ABS_Event_Status    : UVcWqYtjLE & current time is  582.0  message time is 581.2 case 1
22:37:25.553 [main] INFO  AV.VCU - speed(t-1)=  0 time(t-1)= 0.10001  speed(t)=  0 time(t)= 0.10001  Scenario  PARKED cuRRent logical time  583.0 current simulation time  1.166
22:37:25.553 [main] INFO  AV.VCU - ABS Speed : 80 ABS_Event_Status    : UVcWqYtjLE & current time is  583.0  message time is 581.2 case 1
22:37:25.580 [main] INFO  AV.VCU - speed(t-1)=  0 time(t-1)= 0.10001  speed(t)=  0 time(t)= 0.10001  Scenario  PARKED cuRRent logical time  584.0 current simulation time  1.168
22:37:25.750 [main] INFO  AV.VCU - speed(t-1)=  0 time(t-1)= 0.10001  speed(t)=  0 time(t)= 0.10001  Scenario  PARKED cuRRent logical time  587.0 current simulation time  1.174
22:37:25.781 [main] INFO  AV.VCU - speed(t-1)=  0 time(t-1)= 0.10001  speed(t)=  0 time(t)= 0.10001  Scenario  PARKED cuRRent logical time  588.0 current simulation time  1.176
22:37:25.962 [main] INFO  AV.VCU - speed(t-1)=  0 time(t-1)= 0.10001  speed(t)=  0 time(t)= 0.10001  Scenario  PARKED cuRRent logical time  591.0 current simulation time  1.182
22:37:25.988 [main] INFO  AV.VCU - speed(t-1)=  0 time(t-1)= 0.10001  speed(t)=  0 time(t)= 0.10001  Scenario  PARKED cuRRent logical time  592.0 current simulation time  1.184
22:37:26.094 [main] INFO  AV.VCU - ABS Speed : 80 ABS_Event_Status    : FXBRRjYwph & current time is  594.0  message time is 593.2 case 3
22:37:26.175 [main] INFO  AV.VCU - speed(t-1)=  0 time(t-1)= 0.10001  speed(t)=  0 time(t)= 0.10001  Scenario  PARKED cuRRent logical time  595.0 current simulation time  1.19
22:37:26.175 [main] INFO  AV.VCU - ABS Speed : 80 ABS_Event_Status    : FXBRRjYwph & current time is  595.0  message time is 593.2 case 3
22:37:26.224 [main] INFO  AV.VCU - speed(t-1)=  0 time(t-1)= 0.10001  speed(t)=  0 time(t)= 0.10001  Scenario  PARKED cuRRent logical time  596.0 current simulation time  1.192
22:37:26.286 [main] INFO  AV.VCU - speed(t-1)=  0 time(t-1)= 0.10001  speed(t)=  0 time(t)= 0.10001  Scenario  PARKED cuRRent logical time  597.0 current simulation time  1.194
22:37:26.342 [main] INFO  AV.VCU - speed(t-1)=  0 time(t-1)= 0.10001  speed(t)=  0 time(t)= 0.10001  Scenario  PARKED cuRRent logical time  598.0 current simulation time  1.196
22:37:26.386 [main] INFO  AV.VCU - speed(t-1)=  0 time(t-1)= 0.10001  speed(t)=  0 time(t)= 0.10001  Scenario  PARKED cuRRent logical time  599.0 current simulation time  1.198
22:37:26.436 [main] INFO  AV.VCU - speed(t-1)=  0 time(t-1)= 0.10001  speed(t)=  0 time(t)= 0.10001  Scenario  PARKED cuRRent logical time  600.0 current simulation time  1.2
22:37:26.496 [main] INFO  org.cpswt.hla.SynchronizedFederate - VCU-e9e1333c-70b2-4b53-a6b5-8788bce19566: SimEnd interaction received, exiting...
22:37:26.497 [main] INFO  org.cpswt.hla.SynchronizedFederate - Exiting gracefully ....
