
-------------------------------------------------------------------
GMS: address=vagrant-1274, cluster=AV, physical address=10.0.2.15:41000
-------------------------------------------------------------------
02:10:10.934 [main] INFO  AV.VCU - waiting on readyToRun...
02:10:11.192 [main] INFO  AV.VCU - ...synchronized on readyToRun
02:10:11.196 [main] INFO  AV.VCU - started logical time progression
speed0 time 0.0
02:10:11.209 [main] INFO  AV.VCU -  OSD 00 currentime 0.0
speed0 time 1.0
02:10:11.445 [main] INFO  AV.VCU -  OSD 11 currentime 1.0
speed0 time 2.0
02:10:12.463 [main] INFO  AV.VCU -  OSD 22 currentime 2.0
speed0 time 3.0
02:10:12.523 [main] INFO  AV.VCU -  OSD 33 currentime 3.0
speed0 time 10.0
02:10:13.149 [main] INFO  AV.VCU -  OSD 00 currentime 10.0
speed0 time 11.0
02:10:13.263 [main] INFO  AV.VCU -  OSD 11 currentime 11.0
speed0 time 12.0
02:10:13.350 [main] INFO  AV.VCU -  OSD 22 currentime 12.0
speed0 time 13.0
02:10:13.393 [main] INFO  AV.VCU -  OSD 33 currentime 13.0
speed0 time 20.0
02:10:13.961 [main] INFO  AV.VCU -  OSD 00 currentime 20.0
speed0 time 21.0
02:10:14.019 [main] INFO  AV.VCU -  OSD 11 currentime 21.0
speed0 time 22.0
02:10:14.113 [main] INFO  AV.VCU -  OSD 22 currentime 22.0
speed0 time 23.0
02:10:14.157 [main] INFO  AV.VCU -  OSD 33 currentime 23.0
speed0 time 30.0
02:10:14.577 [main] INFO  AV.VCU -  OSD 00 currentime 30.0
speed0 time 31.0
02:10:14.632 [main] INFO  AV.VCU -  OSD 11 currentime 31.0
speed0 time 32.0
02:10:14.719 [main] INFO  AV.VCU -  OSD 22 currentime 32.0
speed0 time 33.0
02:10:14.781 [main] INFO  AV.VCU -  OSD 33 currentime 33.0
speed0 time 40.0
02:10:15.329 [main] INFO  AV.VCU -  OSD 00 currentime 40.0
speed0 time 41.0
02:10:15.345 [main] INFO  AV.VCU -  OSD 11 currentime 41.0
speed0 time 42.0
02:10:15.443 [main] INFO  AV.VCU -  OSD 22 currentime 42.0
speed0 time 43.0
02:10:15.494 [main] INFO  AV.VCU -  OSD 33 currentime 43.0
speed0 time 50.0
02:10:15.917 [main] INFO  AV.VCU -  OSD 00 currentime 50.0
speed0 time 51.0
02:10:15.966 [main] INFO  AV.VCU -  OSD 11 currentime 51.0
speed0 time 52.0
02:10:16.031 [main] INFO  AV.VCU -  OSD 22 currentime 52.0
speed0 time 53.0
02:10:16.083 [main] INFO  AV.VCU -  OSD 33 currentime 53.0
speed0 time 60.0
02:10:16.451 [main] INFO  AV.VCU -  OSD 00 currentime 60.0
speed0 time 61.0
02:10:16.505 [main] INFO  AV.VCU -  OSD 11 currentime 61.0
speed0 time 62.0
02:10:16.567 [main] INFO  AV.VCU -  OSD 22 currentime 62.0
speed0 time 63.0
02:10:16.613 [main] INFO  AV.VCU -  OSD 33 currentime 63.0
speed0 time 70.0
02:10:17.058 [main] INFO  AV.VCU -  OSD 00 currentime 70.0
speed0 time 71.0
02:10:17.107 [main] INFO  AV.VCU -  OSD 11 currentime 71.0
speed0 time 72.0
02:10:17.200 [main] INFO  AV.VCU -  OSD 22 currentime 72.0
speed0 time 73.0
02:10:17.246 [main] INFO  AV.VCU -  OSD 33 currentime 73.0
speed0 time 80.0
02:10:17.634 [main] INFO  AV.VCU -  OSD 00 currentime 80.0
speed0 time 81.0
02:10:17.705 [main] INFO  AV.VCU -  OSD 11 currentime 81.0
speed0 time 82.0
02:10:17.799 [main] INFO  AV.VCU -  OSD 22 currentime 82.0
speed0 time 83.0
02:10:17.848 [main] INFO  AV.VCU -  OSD 33 currentime 83.0
speed0 time 90.0
02:10:18.267 [main] INFO  AV.VCU -  OSD 00 currentime 90.0
speed0 time 91.0
02:10:18.325 [main] INFO  AV.VCU -  OSD 11 currentime 91.0
speed0 time 92.0
02:10:18.389 [main] INFO  AV.VCU -  OSD 22 currentime 92.0
speed0 time 93.0
02:10:18.447 [main] INFO  AV.VCU -  OSD 33 currentime 93.0
speed0 time 100.0
02:10:18.839 [main] INFO  AV.VCU -  OSD 00 currentime 100.0
speed0 time 101.0
02:10:18.894 [main] INFO  AV.VCU -  OSD 11 currentime 101.0
speed0 time 102.0
02:10:18.945 [main] INFO  AV.VCU -  OSD 22 currentime 102.0
speed0 time 103.0
02:10:18.985 [main] INFO  AV.VCU -  OSD 33 currentime 103.0
speed0 time 110.0
02:10:19.398 [main] INFO  AV.VCU -  OSD 00 currentime 110.0
speed0 time 111.0
02:10:19.465 [main] INFO  AV.VCU -  OSD 11 currentime 111.0
speed0 time 112.0
02:10:19.503 [main] INFO  AV.VCU -  OSD 22 currentime 112.0
speed0 time 113.0
02:10:19.561 [main] INFO  AV.VCU -  OSD 33 currentime 113.0
speed0 time 120.0
02:10:19.906 [main] INFO  AV.VCU -  OSD 00 currentime 120.0
speed0 time 121.0
02:10:19.979 [main] INFO  AV.VCU -  OSD 11 currentime 121.0
speed0 time 122.0
02:10:20.010 [main] INFO  AV.VCU -  OSD 22 currentime 122.0
speed0 time 123.0
02:10:20.086 [main] INFO  AV.VCU -  OSD 33 currentime 123.0
speed0 time 130.0
02:10:20.462 [main] INFO  AV.VCU -  OSD 00 currentime 130.0
speed0 time 131.0
02:10:20.509 [main] INFO  AV.VCU -  OSD 11 currentime 131.0
speed0 time 132.0
02:10:20.557 [main] INFO  AV.VCU -  OSD 22 currentime 132.0
speed0 time 133.0
02:10:20.616 [main] INFO  AV.VCU -  OSD 33 currentime 133.0
speed0 time 140.0
02:10:20.956 [main] INFO  AV.VCU -  OSD 00 currentime 140.0
speed0 time 141.0
02:10:21.015 [main] INFO  AV.VCU -  OSD 11 currentime 141.0
speed0 time 142.0
02:10:21.080 [main] INFO  AV.VCU -  OSD 22 currentime 142.0
speed0 time 143.0
02:10:21.131 [main] INFO  AV.VCU -  OSD 33 currentime 143.0
speed0 time 150.0
02:10:21.489 [main] INFO  AV.VCU -  OSD 00 currentime 150.0
speed0 time 151.0
02:10:21.536 [main] INFO  AV.VCU -  OSD 11 currentime 151.0
speed0 time 152.0
02:10:21.602 [main] INFO  AV.VCU -  OSD 22 currentime 152.0
speed0 time 153.0
02:10:21.654 [main] INFO  AV.VCU -  OSD 33 currentime 153.0
speed0 time 160.0
02:10:22.127 [main] INFO  AV.VCU -  OSD 00 currentime 160.0
speed0 time 161.0
02:10:22.171 [main] INFO  AV.VCU -  OSD 11 currentime 161.0
speed0 time 162.0
02:10:22.209 [main] INFO  AV.VCU -  OSD 22 currentime 162.0
speed0 time 163.0
02:10:22.232 [main] INFO  AV.VCU -  OSD 33 currentime 163.0
speed0 time 170.0
02:10:22.598 [main] INFO  AV.VCU -  OSD 00 currentime 170.0
speed0 time 171.0
02:10:22.634 [main] INFO  AV.VCU -  OSD 11 currentime 171.0
speed0 time 172.0
02:10:22.695 [main] INFO  AV.VCU -  OSD 22 currentime 172.0
speed0 time 173.0
02:10:22.745 [main] INFO  AV.VCU -  OSD 33 currentime 173.0
speed0 time 180.0
02:10:23.177 [main] INFO  AV.VCU -  OSD 00 currentime 180.0
speed0 time 181.0
02:10:23.219 [main] INFO  AV.VCU -  OSD 11 currentime 181.0
speed0 time 182.0
02:10:23.285 [main] INFO  AV.VCU -  OSD 22 currentime 182.0
speed0 time 183.0
02:10:23.337 [main] INFO  AV.VCU -  OSD 33 currentime 183.0
speed0 time 190.0
02:10:24.371 [main] INFO  AV.VCU -  OSD 00 currentime 190.0
speed0 time 191.0
02:10:24.426 [main] INFO  AV.VCU -  OSD 11 currentime 191.0
speed0 time 192.0
02:10:24.505 [main] INFO  AV.VCU -  OSD 22 currentime 192.0
speed0 time 193.0
02:10:24.557 [main] INFO  AV.VCU -  OSD 33 currentime 193.0
speed0 time 200.0
02:10:24.960 [main] INFO  AV.VCU -  OSD 00 currentime 200.0
speed0 time 201.0
02:10:25.020 [main] INFO  AV.VCU -  OSD 11 currentime 201.0
speed0 time 202.0
02:10:25.079 [main] INFO  AV.VCU -  OSD 22 currentime 202.0
speed0 time 203.0
02:10:25.135 [main] INFO  AV.VCU -  OSD 33 currentime 203.0
speed0 time 210.0
02:10:25.495 [main] INFO  AV.VCU -  OSD 00 currentime 210.0
speed0 time 211.0
02:10:25.560 [main] INFO  AV.VCU -  OSD 11 currentime 211.0
speed0 time 212.0
02:10:25.605 [main] INFO  AV.VCU -  OSD 22 currentime 212.0
speed0 time 213.0
02:10:25.659 [main] INFO  AV.VCU -  OSD 33 currentime 213.0
speed0 time 220.0
02:10:26.037 [main] INFO  AV.VCU -  OSD 00 currentime 220.0
speed0 time 221.0
02:10:26.077 [main] INFO  AV.VCU -  OSD 11 currentime 221.0
speed0 time 222.0
02:10:26.160 [main] INFO  AV.VCU -  OSD 22 currentime 222.0
speed0 time 223.0
02:10:26.213 [main] INFO  AV.VCU -  OSD 33 currentime 223.0
speed0 time 230.0
02:10:26.580 [main] INFO  AV.VCU -  OSD 00 currentime 230.0
speed0 time 231.0
02:10:26.636 [main] INFO  AV.VCU -  OSD 11 currentime 231.0
speed0 time 232.0
02:10:26.691 [main] INFO  AV.VCU -  OSD 22 currentime 232.0
speed0 time 233.0
02:10:26.750 [main] INFO  AV.VCU -  OSD 33 currentime 233.0
speed0 time 240.0
02:10:27.118 [main] INFO  AV.VCU -  OSD 00 currentime 240.0
speed0 time 241.0
02:10:27.155 [main] INFO  AV.VCU -  OSD 11 currentime 241.0
speed0 time 242.0
02:10:27.224 [main] INFO  AV.VCU -  OSD 22 currentime 242.0
speed0 time 243.0
02:10:27.274 [main] INFO  AV.VCU -  OSD 33 currentime 243.0
speed0 time 250.0
02:10:27.664 [main] INFO  AV.VCU -  OSD 00 currentime 250.0
speed0 time 251.0
02:10:27.723 [main] INFO  AV.VCU -  OSD 11 currentime 251.0
speed0 time 252.0
02:10:27.781 [main] INFO  AV.VCU -  OSD 22 currentime 252.0
speed0 time 253.0
02:10:27.835 [main] INFO  AV.VCU -  OSD 33 currentime 253.0
speed0 time 260.0
02:10:28.222 [main] INFO  AV.VCU -  OSD 00 currentime 260.0
speed0 time 261.0
02:10:28.265 [main] INFO  AV.VCU -  OSD 11 currentime 261.0
speed0 time 262.0
02:10:28.323 [main] INFO  AV.VCU -  OSD 22 currentime 262.0
speed0 time 263.0
02:10:28.373 [main] INFO  AV.VCU -  OSD 33 currentime 263.0
speed0 time 270.0
02:10:28.745 [main] INFO  AV.VCU -  OSD 00 currentime 270.0
speed0 time 271.0
02:10:28.802 [main] INFO  AV.VCU -  OSD 11 currentime 271.0
speed0 time 272.0
02:10:28.862 [main] INFO  AV.VCU -  OSD 22 currentime 272.0
speed0 time 273.0
02:10:28.914 [main] INFO  AV.VCU -  OSD 33 currentime 273.0
speed0 time 280.0
02:10:29.272 [main] INFO  AV.VCU -  OSD 00 currentime 280.0
speed0 time 281.0
02:10:29.328 [main] INFO  AV.VCU -  OSD 11 currentime 281.0
speed0 time 282.0
02:10:29.372 [main] INFO  AV.VCU -  OSD 22 currentime 282.0
speed0 time 283.0
02:10:29.411 [main] INFO  AV.VCU -  OSD 33 currentime 283.0
speed0 time 290.0
02:10:29.880 [main] INFO  AV.VCU -  OSD 00 currentime 290.0
speed0 time 291.0
02:10:29.931 [main] INFO  AV.VCU -  OSD 11 currentime 291.0
speed0 time 292.0
02:10:29.993 [main] INFO  AV.VCU -  OSD 22 currentime 292.0
speed0 time 293.0
02:10:30.044 [main] INFO  AV.VCU -  OSD 33 currentime 293.0
speed0 time 300.0
02:10:30.397 [main] INFO  AV.VCU -  OSD 00 currentime 300.0
speed0 time 301.0
02:10:30.443 [main] INFO  AV.VCU -  OSD 11 currentime 301.0
speed0 time 302.0
02:10:30.506 [main] INFO  AV.VCU -  OSD 22 currentime 302.0
speed0 time 303.0
02:10:30.553 [main] INFO  AV.VCU -  OSD 33 currentime 303.0
speed0 time 310.0
02:10:30.937 [main] INFO  AV.VCU -  OSD 00 currentime 310.0
speed0 time 311.0
02:10:30.998 [main] INFO  AV.VCU -  OSD 11 currentime 311.0
speed0 time 312.0
02:10:31.053 [main] INFO  AV.VCU -  OSD 22 currentime 312.0
speed0 time 313.0
02:10:31.108 [main] INFO  AV.VCU -  OSD 33 currentime 313.0
speed0 time 320.0
02:10:31.469 [main] INFO  AV.VCU -  OSD 00 currentime 320.0
speed0 time 321.0
02:10:31.525 [main] INFO  AV.VCU -  OSD 11 currentime 321.0
speed0 time 322.0
02:10:31.566 [main] INFO  AV.VCU -  OSD 22 currentime 322.0
speed0 time 323.0
02:10:31.621 [main] INFO  AV.VCU -  OSD 33 currentime 323.0
speed0 time 330.0
02:10:31.998 [main] INFO  AV.VCU -  OSD 00 currentime 330.0
speed0 time 331.0
02:10:32.036 [main] INFO  AV.VCU -  OSD 11 currentime 331.0
speed0 time 332.0
02:10:32.090 [main] INFO  AV.VCU -  OSD 22 currentime 332.0
speed0 time 333.0
02:10:32.140 [main] INFO  AV.VCU -  OSD 33 currentime 333.0
speed0 time 340.0
02:10:32.529 [main] INFO  AV.VCU -  OSD 00 currentime 340.0
speed0 time 341.0
02:10:32.584 [main] INFO  AV.VCU -  OSD 11 currentime 341.0
speed0 time 342.0
02:10:32.665 [main] INFO  AV.VCU -  OSD 22 currentime 342.0
speed0 time 343.0
02:10:32.714 [main] INFO  AV.VCU -  OSD 33 currentime 343.0
speed0 time 350.0
02:10:33.076 [main] INFO  AV.VCU -  OSD 00 currentime 350.0
speed0 time 351.0
02:10:33.127 [main] INFO  AV.VCU -  OSD 11 currentime 351.0
speed0 time 352.0
02:10:33.182 [main] INFO  AV.VCU -  OSD 22 currentime 352.0
speed0 time 353.0
02:10:33.235 [main] INFO  AV.VCU -  OSD 33 currentime 353.0
speed0 time 360.0
02:10:33.595 [main] INFO  AV.VCU -  OSD 00 currentime 360.0
speed0 time 361.0
02:10:33.650 [main] INFO  AV.VCU -  OSD 11 currentime 361.0
speed0 time 362.0
02:10:33.708 [main] INFO  AV.VCU -  OSD 22 currentime 362.0
speed0 time 363.0
02:10:33.759 [main] INFO  AV.VCU -  OSD 33 currentime 363.0
speed0 time 370.0
02:10:34.200 [main] INFO  AV.VCU -  OSD 00 currentime 370.0
speed0 time 371.0
02:10:34.255 [main] INFO  AV.VCU -  OSD 11 currentime 371.0
speed0 time 372.0
02:10:34.312 [main] INFO  AV.VCU -  OSD 22 currentime 372.0
speed0 time 373.0
02:10:34.365 [main] INFO  AV.VCU -  OSD 33 currentime 373.0
speed0 time 380.0
02:10:34.764 [main] INFO  AV.VCU -  OSD 00 currentime 380.0
speed0 time 381.0
02:10:34.818 [main] INFO  AV.VCU -  OSD 11 currentime 381.0
speed0 time 382.0
02:10:34.896 [main] INFO  AV.VCU -  OSD 22 currentime 382.0
speed0 time 383.0
02:10:34.947 [main] INFO  AV.VCU -  OSD 33 currentime 383.0
speed0 time 390.0
02:10:35.277 [main] INFO  AV.VCU -  OSD 00 currentime 390.0
speed0 time 391.0
02:10:35.328 [main] INFO  AV.VCU -  OSD 11 currentime 391.0
speed0 time 392.0
02:10:35.384 [main] INFO  AV.VCU -  OSD 22 currentime 392.0
speed0 time 393.0
02:10:35.417 [main] INFO  AV.VCU -  OSD 33 currentime 393.0
speed0 time 400.0
02:10:35.799 [main] INFO  AV.VCU -  OSD 00 currentime 400.0
speed0 time 401.0
02:10:35.865 [main] INFO  AV.VCU -  OSD 11 currentime 401.0
speed0 time 402.0
02:10:35.913 [main] INFO  AV.VCU -  OSD 22 currentime 402.0
speed0 time 403.0
02:10:35.973 [main] INFO  AV.VCU -  OSD 33 currentime 403.0
speed0 time 410.0
02:10:36.333 [main] INFO  AV.VCU -  OSD 00 currentime 410.0
speed0 time 411.0
02:10:36.377 [main] INFO  AV.VCU -  OSD 11 currentime 411.0
speed0 time 412.0
02:10:36.425 [main] INFO  AV.VCU -  OSD 22 currentime 412.0
speed0 time 413.0
02:10:36.474 [main] INFO  AV.VCU -  OSD 33 currentime 413.0
speed0 time 420.0
02:10:36.949 [main] INFO  AV.VCU -  OSD 00 currentime 420.0
speed0 time 421.0
02:10:37.003 [main] INFO  AV.VCU -  OSD 11 currentime 421.0
speed0 time 422.0
02:10:37.065 [main] INFO  AV.VCU -  OSD 22 currentime 422.0
speed0 time 423.0
02:10:37.131 [main] INFO  AV.VCU -  OSD 33 currentime 423.0
speed0 time 430.0
02:10:37.497 [main] INFO  AV.VCU -  OSD 00 currentime 430.0
speed0 time 431.0
02:10:37.551 [main] INFO  AV.VCU -  OSD 11 currentime 431.0
speed0 time 432.0
02:10:37.597 [main] INFO  AV.VCU -  OSD 22 currentime 432.0
speed0 time 433.0
02:10:37.644 [main] INFO  AV.VCU -  OSD 33 currentime 433.0
speed0 time 440.0
02:10:38.021 [main] INFO  AV.VCU -  OSD 00 currentime 440.0
speed0 time 441.0
02:10:38.065 [main] INFO  AV.VCU -  OSD 11 currentime 441.0
speed0 time 442.0
02:10:38.123 [main] INFO  AV.VCU -  OSD 22 currentime 442.0
speed0 time 443.0
02:10:38.162 [main] INFO  AV.VCU -  OSD 33 currentime 443.0
speed0 time 450.0
02:10:38.551 [main] INFO  AV.VCU -  OSD 00 currentime 450.0
speed0 time 451.0
02:10:38.596 [main] INFO  AV.VCU -  OSD 11 currentime 451.0
speed0 time 452.0
02:10:38.655 [main] INFO  AV.VCU -  OSD 22 currentime 452.0
speed0 time 453.0
02:10:38.706 [main] INFO  AV.VCU -  OSD 33 currentime 453.0
speed0 time 460.0
02:10:39.018 [main] INFO  AV.VCU -  OSD 00 currentime 460.0
speed0 time 461.0
02:10:39.048 [main] INFO  AV.VCU -  OSD 11 currentime 461.0
speed0 time 462.0
02:10:39.115 [main] INFO  AV.VCU -  OSD 22 currentime 462.0
speed0 time 463.0
02:10:39.150 [main] INFO  AV.VCU -  OSD 33 currentime 463.0
speed0 time 470.0
02:10:39.504 [main] INFO  AV.VCU -  OSD 00 currentime 470.0
speed0 time 471.0
02:10:39.543 [main] INFO  AV.VCU -  OSD 11 currentime 471.0
speed0 time 472.0
02:10:39.606 [main] INFO  AV.VCU -  OSD 22 currentime 472.0
speed0 time 473.0
02:10:39.658 [main] INFO  AV.VCU -  OSD 33 currentime 473.0
speed0 time 480.0
02:10:39.978 [main] INFO  AV.VCU -  OSD 00 currentime 480.0
speed0 time 481.0
02:10:40.054 [main] INFO  AV.VCU -  OSD 11 currentime 481.0
speed0 time 482.0
02:10:40.119 [main] INFO  AV.VCU -  OSD 22 currentime 482.0
speed0 time 483.0
02:10:40.169 [main] INFO  AV.VCU -  OSD 33 currentime 483.0
speed0 time 490.0
02:10:40.510 [main] INFO  AV.VCU -  OSD 00 currentime 490.0
speed0 time 491.0
02:10:40.542 [main] INFO  AV.VCU -  OSD 11 currentime 491.0
speed0 time 492.0
02:10:40.610 [main] INFO  AV.VCU -  OSD 22 currentime 492.0
speed0 time 493.0
02:10:40.641 [main] INFO  AV.VCU -  OSD 33 currentime 493.0
speed0 time 500.0
02:10:41.055 [main] INFO  AV.VCU -  OSD 00 currentime 500.0
speed0 time 501.0
02:10:41.104 [main] INFO  AV.VCU -  OSD 11 currentime 501.0
speed0 time 502.0
02:10:41.157 [main] INFO  AV.VCU -  OSD 22 currentime 502.0
speed0 time 503.0
02:10:41.206 [main] INFO  AV.VCU -  OSD 33 currentime 503.0
speed0 time 510.0
02:10:41.554 [main] INFO  AV.VCU -  OSD 00 currentime 510.0
speed0 time 511.0
02:10:41.595 [main] INFO  AV.VCU -  OSD 11 currentime 511.0
speed0 time 512.0
02:10:41.654 [main] INFO  AV.VCU -  OSD 22 currentime 512.0
speed0 time 513.0
02:10:41.708 [main] INFO  AV.VCU -  OSD 33 currentime 513.0
speed0 time 520.0
02:10:42.080 [main] INFO  AV.VCU -  OSD 00 currentime 520.0
speed0 time 521.0
02:10:42.137 [main] INFO  AV.VCU -  OSD 11 currentime 521.0
speed0 time 522.0
02:10:42.202 [main] INFO  AV.VCU -  OSD 22 currentime 522.0
speed0 time 523.0
02:10:42.258 [main] INFO  AV.VCU -  OSD 33 currentime 523.0
speed0 time 530.0
02:10:42.580 [main] INFO  AV.VCU -  OSD 00 currentime 530.0
speed0 time 531.0
02:10:42.612 [main] INFO  AV.VCU -  OSD 11 currentime 531.0
speed0 time 532.0
02:10:42.683 [main] INFO  AV.VCU -  OSD 22 currentime 532.0
speed0 time 533.0
02:10:42.727 [main] INFO  AV.VCU -  OSD 33 currentime 533.0
speed0 time 540.0
02:10:43.086 [main] INFO  AV.VCU -  OSD 00 currentime 540.0
speed0 time 541.0
02:10:43.141 [main] INFO  AV.VCU -  OSD 11 currentime 541.0
speed0 time 542.0
02:10:43.186 [main] INFO  AV.VCU -  OSD 22 currentime 542.0
speed0 time 543.0
02:10:43.243 [main] INFO  AV.VCU -  OSD 33 currentime 543.0
speed0 time 550.0
02:10:43.705 [main] INFO  AV.VCU -  OSD 00 currentime 550.0
speed0 time 551.0
02:10:43.759 [main] INFO  AV.VCU -  OSD 11 currentime 551.0
speed0 time 552.0
02:10:43.807 [main] INFO  AV.VCU -  OSD 22 currentime 552.0
speed0 time 553.0
02:10:43.862 [main] INFO  AV.VCU -  OSD 33 currentime 553.0
speed0 time 560.0
02:10:44.215 [main] INFO  AV.VCU -  OSD 00 currentime 560.0
speed0 time 561.0
02:10:44.262 [main] INFO  AV.VCU -  OSD 11 currentime 561.0
speed0 time 562.0
02:10:44.302 [main] INFO  AV.VCU -  OSD 22 currentime 562.0
speed0 time 563.0
02:10:44.360 [main] INFO  AV.VCU -  OSD 33 currentime 563.0
speed0 time 570.0
02:10:44.744 [main] INFO  AV.VCU -  OSD 00 currentime 570.0
speed0 time 571.0
02:10:44.800 [main] INFO  AV.VCU -  OSD 11 currentime 571.0
speed0 time 572.0
02:10:44.867 [main] INFO  AV.VCU -  OSD 22 currentime 572.0
speed0 time 573.0
02:10:44.926 [main] INFO  AV.VCU -  OSD 33 currentime 573.0
speed0 time 580.0
02:10:45.269 [main] INFO  AV.VCU -  OSD 00 currentime 580.0
speed0 time 581.0
02:10:45.362 [main] INFO  AV.VCU -  OSD 11 currentime 581.0
speed0 time 582.0
02:10:45.409 [main] INFO  AV.VCU -  OSD 22 currentime 582.0
speed0 time 583.0
02:10:45.459 [main] INFO  AV.VCU -  OSD 33 currentime 583.0
speed0 time 590.0
02:10:45.829 [main] INFO  AV.VCU -  OSD 00 currentime 590.0
speed0 time 591.0
02:10:45.880 [main] INFO  AV.VCU -  OSD 11 currentime 591.0
speed0 time 592.0
02:10:45.929 [main] INFO  AV.VCU -  OSD 22 currentime 592.0
speed0 time 593.0
02:10:45.987 [main] INFO  AV.VCU -  OSD 33 currentime 593.0
speed0 time 600.0
02:10:46.356 [main] INFO  AV.VCU -  OSD 00 currentime 600.0
speed0 time 601.0
02:10:46.408 [main] INFO  AV.VCU -  OSD 11 currentime 601.0
speed0 time 602.0
02:10:46.464 [main] INFO  AV.VCU -  OSD 22 currentime 602.0
speed0 time 603.0
02:10:46.513 [main] INFO  AV.VCU -  OSD 33 currentime 603.0
speed0 time 610.0
02:10:46.866 [main] INFO  AV.VCU -  OSD 00 currentime 610.0
speed0 time 611.0
02:10:46.913 [main] INFO  AV.VCU -  OSD 11 currentime 611.0
speed0 time 612.0
02:10:46.979 [main] INFO  AV.VCU -  OSD 22 currentime 612.0
speed0 time 613.0
02:10:47.020 [main] INFO  AV.VCU -  OSD 33 currentime 613.0
speed0 time 620.0
02:10:47.409 [main] INFO  AV.VCU -  OSD 00 currentime 620.0
speed0 time 621.0
02:10:47.458 [main] INFO  AV.VCU -  OSD 11 currentime 621.0
speed0 time 622.0
02:10:47.505 [main] INFO  AV.VCU -  OSD 22 currentime 622.0
speed0 time 623.0
02:10:47.572 [main] INFO  AV.VCU -  OSD 33 currentime 623.0
speed0 time 630.0
02:10:47.957 [main] INFO  AV.VCU -  OSD 00 currentime 630.0
speed0 time 631.0
02:10:48.009 [main] INFO  AV.VCU -  OSD 11 currentime 631.0
speed0 time 632.0
02:10:48.058 [main] INFO  AV.VCU -  OSD 22 currentime 632.0
speed0 time 633.0
02:10:48.101 [main] INFO  AV.VCU -  OSD 33 currentime 633.0
speed0 time 640.0
02:10:48.477 [main] INFO  AV.VCU -  OSD 00 currentime 640.0
speed0 time 641.0
02:10:48.541 [main] INFO  AV.VCU -  OSD 11 currentime 641.0
speed0 time 642.0
02:10:48.609 [main] INFO  AV.VCU -  OSD 22 currentime 642.0
speed0 time 643.0
02:10:48.656 [main] INFO  AV.VCU -  OSD 33 currentime 643.0
speed0 time 650.0
02:10:49.026 [main] INFO  AV.VCU -  OSD 00 currentime 650.0
speed0 time 651.0
02:10:49.081 [main] INFO  AV.VCU -  OSD 11 currentime 651.0
speed0 time 652.0
02:10:49.156 [main] INFO  AV.VCU -  OSD 22 currentime 652.0
speed0 time 653.0
02:10:49.219 [main] INFO  AV.VCU -  OSD 33 currentime 653.0
speed0 time 660.0
02:10:49.558 [main] INFO  AV.VCU -  OSD 00 currentime 660.0
speed0 time 661.0
02:10:49.608 [main] INFO  AV.VCU -  OSD 11 currentime 661.0
speed0 time 662.0
02:10:49.664 [main] INFO  AV.VCU -  OSD 22 currentime 662.0
speed0 time 663.0
02:10:49.713 [main] INFO  AV.VCU -  OSD 33 currentime 663.0
speed0 time 670.0
02:10:50.059 [main] INFO  AV.VCU -  OSD 00 currentime 670.0
speed0 time 671.0
02:10:50.114 [main] INFO  AV.VCU -  OSD 11 currentime 671.0
speed0 time 672.0
02:10:50.170 [main] INFO  AV.VCU -  OSD 22 currentime 672.0
speed0 time 673.0
02:10:50.213 [main] INFO  AV.VCU -  OSD 33 currentime 673.0
speed0 time 680.0
02:10:50.568 [main] INFO  AV.VCU -  OSD 00 currentime 680.0
speed0 time 681.0
02:10:50.623 [main] INFO  AV.VCU -  OSD 11 currentime 681.0
speed0 time 682.0
02:10:50.668 [main] INFO  AV.VCU -  OSD 22 currentime 682.0
speed0 time 683.0
02:10:50.726 [main] INFO  AV.VCU -  OSD 33 currentime 683.0
speed0 time 690.0
02:10:51.100 [main] INFO  AV.VCU -  OSD 00 currentime 690.0
speed0 time 691.0
02:10:51.152 [main] INFO  AV.VCU -  OSD 11 currentime 691.0
speed0 time 692.0
02:10:51.204 [main] INFO  AV.VCU -  OSD 22 currentime 692.0
speed0 time 693.0
02:10:51.243 [main] INFO  AV.VCU -  OSD 33 currentime 693.0
speed0 time 700.0
02:10:51.603 [main] INFO  AV.VCU -  OSD 00 currentime 700.0
speed0 time 701.0
02:10:51.655 [main] INFO  AV.VCU -  OSD 11 currentime 701.0
speed0 time 702.0
02:10:51.693 [main] INFO  AV.VCU -  OSD 22 currentime 702.0
speed0 time 703.0
02:10:51.753 [main] INFO  AV.VCU -  OSD 33 currentime 703.0
speed0 time 710.0
02:10:52.141 [main] INFO  AV.VCU -  OSD 00 currentime 710.0
speed0 time 711.0
02:10:52.200 [main] INFO  AV.VCU -  OSD 11 currentime 711.0
speed0 time 712.0
02:10:52.244 [main] INFO  AV.VCU -  OSD 22 currentime 712.0
speed0 time 713.0
02:10:52.286 [main] INFO  AV.VCU -  OSD 33 currentime 713.0
speed0 time 720.0
02:10:52.638 [main] INFO  AV.VCU -  OSD 00 currentime 720.0
speed0 time 721.0
02:10:52.691 [main] INFO  AV.VCU -  OSD 11 currentime 721.0
speed0 time 722.0
02:10:52.742 [main] INFO  AV.VCU -  OSD 22 currentime 722.0
speed0 time 723.0
02:10:52.796 [main] INFO  AV.VCU -  OSD 33 currentime 723.0
speed0 time 730.0
02:10:53.375 [main] INFO  AV.VCU -  OSD 00 currentime 730.0
speed0 time 731.0
02:10:53.433 [main] INFO  AV.VCU -  OSD 11 currentime 731.0
speed0 time 732.0
02:10:53.483 [main] INFO  AV.VCU -  OSD 22 currentime 732.0
speed0 time 733.0
02:10:53.525 [main] INFO  AV.VCU -  OSD 33 currentime 733.0
speed0 time 740.0
02:10:53.887 [main] INFO  AV.VCU -  OSD 00 currentime 740.0
speed0 time 741.0
02:10:53.943 [main] INFO  AV.VCU -  OSD 11 currentime 741.0
speed0 time 742.0
02:10:53.985 [main] INFO  AV.VCU -  OSD 22 currentime 742.0
speed0 time 743.0
02:10:54.042 [main] INFO  AV.VCU -  OSD 33 currentime 743.0
speed0 time 750.0
02:10:54.372 [main] INFO  AV.VCU -  OSD 00 currentime 750.0
speed0 time 751.0
02:10:54.429 [main] INFO  AV.VCU -  OSD 11 currentime 751.0
speed0 time 752.0
02:10:54.479 [main] INFO  AV.VCU -  OSD 22 currentime 752.0
speed0 time 753.0
02:10:54.536 [main] INFO  AV.VCU -  OSD 33 currentime 753.0
speed0 time 760.0
02:10:54.899 [main] INFO  AV.VCU -  OSD 00 currentime 760.0
speed0 time 761.0
02:10:54.960 [main] INFO  AV.VCU -  OSD 11 currentime 761.0
speed0 time 762.0
02:10:54.992 [main] INFO  AV.VCU -  OSD 22 currentime 762.0
speed0 time 763.0
02:10:55.050 [main] INFO  AV.VCU -  OSD 33 currentime 763.0
speed0 time 770.0
02:10:55.374 [main] INFO  AV.VCU -  OSD 00 currentime 770.0
speed0 time 771.0
02:10:55.435 [main] INFO  AV.VCU -  OSD 11 currentime 771.0
speed0 time 772.0
02:10:55.478 [main] INFO  AV.VCU -  OSD 22 currentime 772.0
speed0 time 773.0
02:10:55.529 [main] INFO  AV.VCU -  OSD 33 currentime 773.0
speed0 time 780.0
02:10:55.875 [main] INFO  AV.VCU -  OSD 00 currentime 780.0
speed0 time 781.0
02:10:55.924 [main] INFO  AV.VCU -  OSD 11 currentime 781.0
speed0 time 782.0
02:10:55.983 [main] INFO  AV.VCU -  OSD 22 currentime 782.0
speed0 time 783.0
02:10:56.027 [main] INFO  AV.VCU -  OSD 33 currentime 783.0
speed0 time 790.0
02:10:56.393 [main] INFO  AV.VCU -  OSD 00 currentime 790.0
speed0 time 791.0
02:10:56.446 [main] INFO  AV.VCU -  OSD 11 currentime 791.0
speed0 time 792.0
02:10:56.491 [main] INFO  AV.VCU -  OSD 22 currentime 792.0
speed0 time 793.0
02:10:56.535 [main] INFO  AV.VCU -  OSD 33 currentime 793.0
speed0 time 800.0
02:10:56.868 [main] INFO  AV.VCU -  OSD 00 currentime 800.0
speed0 time 801.0
02:10:56.914 [main] INFO  AV.VCU -  OSD 11 currentime 801.0
speed0 time 802.0
02:10:56.954 [main] INFO  AV.VCU -  OSD 22 currentime 802.0
speed0 time 803.0
02:10:57.007 [main] INFO  AV.VCU -  OSD 33 currentime 803.0
speed0 time 810.0
02:10:57.377 [main] INFO  AV.VCU -  OSD 00 currentime 810.0
speed0 time 811.0
02:10:57.429 [main] INFO  AV.VCU -  OSD 11 currentime 811.0
speed0 time 812.0
02:10:57.472 [main] INFO  AV.VCU -  OSD 22 currentime 812.0
speed0 time 813.0
02:10:57.517 [main] INFO  AV.VCU -  OSD 33 currentime 813.0
speed0 time 820.0
02:10:57.863 [main] INFO  AV.VCU -  OSD 00 currentime 820.0
speed0 time 821.0
02:10:57.908 [main] INFO  AV.VCU -  OSD 11 currentime 821.0
speed0 time 822.0
02:10:57.971 [main] INFO  AV.VCU -  OSD 22 currentime 822.0
speed0 time 823.0
02:10:58.006 [main] INFO  AV.VCU -  OSD 33 currentime 823.0
speed0 time 830.0
02:10:58.380 [main] INFO  AV.VCU -  OSD 00 currentime 830.0
speed0 time 831.0
02:10:58.426 [main] INFO  AV.VCU -  OSD 11 currentime 831.0
speed0 time 832.0
02:10:58.473 [main] INFO  AV.VCU -  OSD 22 currentime 832.0
speed0 time 833.0
02:10:58.526 [main] INFO  AV.VCU -  OSD 33 currentime 833.0
speed0 time 840.0
02:10:58.845 [main] INFO  AV.VCU -  OSD 00 currentime 840.0
speed0 time 841.0
02:10:58.903 [main] INFO  AV.VCU -  OSD 11 currentime 841.0
speed0 time 842.0
02:10:58.944 [main] INFO  AV.VCU -  OSD 22 currentime 842.0
speed0 time 843.0
02:10:59.013 [main] INFO  AV.VCU -  OSD 33 currentime 843.0
speed0 time 850.0
02:10:59.359 [main] INFO  AV.VCU -  OSD 00 currentime 850.0
speed0 time 851.0
02:10:59.424 [main] INFO  AV.VCU -  OSD 11 currentime 851.0
speed0 time 852.0
02:10:59.463 [main] INFO  AV.VCU -  OSD 22 currentime 852.0
speed0 time 853.0
02:10:59.525 [main] INFO  AV.VCU -  OSD 33 currentime 853.0
speed0 time 860.0
02:10:59.897 [main] INFO  AV.VCU -  OSD 00 currentime 860.0
speed0 time 861.0
02:10:59.951 [main] INFO  AV.VCU -  OSD 11 currentime 861.0
speed0 time 862.0
02:10:59.995 [main] INFO  AV.VCU -  OSD 22 currentime 862.0
speed0 time 863.0
02:11:00.054 [main] INFO  AV.VCU -  OSD 33 currentime 863.0
speed0 time 870.0
02:11:00.345 [main] INFO  AV.VCU -  OSD 00 currentime 870.0
speed0 time 871.0
02:11:00.393 [main] INFO  AV.VCU -  OSD 11 currentime 871.0
speed0 time 872.0
02:11:00.444 [main] INFO  AV.VCU -  OSD 22 currentime 872.0
speed0 time 873.0
02:11:00.498 [main] INFO  AV.VCU -  OSD 33 currentime 873.0
speed0 time 880.0
02:11:00.882 [main] INFO  AV.VCU -  OSD 00 currentime 880.0
speed0 time 881.0
02:11:00.946 [main] INFO  AV.VCU -  OSD 11 currentime 881.0
speed0 time 882.0
02:11:00.999 [main] INFO  AV.VCU -  OSD 22 currentime 882.0
speed0 time 883.0
02:11:01.036 [main] INFO  AV.VCU -  OSD 33 currentime 883.0
speed0 time 890.0
02:11:01.410 [main] INFO  AV.VCU -  OSD 00 currentime 890.0
speed0 time 891.0
02:11:01.455 [main] INFO  AV.VCU -  OSD 11 currentime 891.0
speed0 time 892.0
02:11:01.511 [main] INFO  AV.VCU -  OSD 22 currentime 892.0
speed0 time 893.0
02:11:01.555 [main] INFO  AV.VCU -  OSD 33 currentime 893.0
speed0 time 900.0
02:11:01.911 [main] INFO  AV.VCU -  OSD 00 currentime 900.0
speed0 time 901.0
02:11:01.961 [main] INFO  AV.VCU -  OSD 11 currentime 901.0
speed0 time 902.0
02:11:02.016 [main] INFO  AV.VCU -  OSD 22 currentime 902.0
speed0 time 903.0
02:11:02.071 [main] INFO  AV.VCU -  OSD 33 currentime 903.0
speed0 time 910.0
02:11:02.396 [main] INFO  AV.VCU -  OSD 00 currentime 910.0
speed0 time 911.0
02:11:02.448 [main] INFO  AV.VCU -  OSD 11 currentime 911.0
speed0 time 912.0
02:11:02.500 [main] INFO  AV.VCU -  OSD 22 currentime 912.0
speed0 time 913.0
02:11:02.548 [main] INFO  AV.VCU -  OSD 33 currentime 913.0
speed0 time 920.0
02:11:02.891 [main] INFO  AV.VCU -  OSD 00 currentime 920.0
speed0 time 921.0
02:11:02.938 [main] INFO  AV.VCU -  OSD 11 currentime 921.0
speed0 time 922.0
02:11:02.986 [main] INFO  AV.VCU -  OSD 22 currentime 922.0
speed0 time 923.0
02:11:03.041 [main] INFO  AV.VCU -  OSD 33 currentime 923.0
speed0 time 930.0
02:11:03.508 [main] INFO  AV.VCU -  OSD 00 currentime 930.0
speed0 time 931.0
02:11:03.565 [main] INFO  AV.VCU -  OSD 11 currentime 931.0
speed0 time 932.0
02:11:03.604 [main] INFO  AV.VCU -  OSD 22 currentime 932.0
speed0 time 933.0
02:11:03.669 [main] INFO  AV.VCU -  OSD 33 currentime 933.0
speed0 time 940.0
02:11:04.002 [main] INFO  AV.VCU -  OSD 00 currentime 940.0
speed0 time 941.0
02:11:04.044 [main] INFO  AV.VCU -  OSD 11 currentime 941.0
speed0 time 942.0
02:11:04.100 [main] INFO  AV.VCU -  OSD 22 currentime 942.0
speed0 time 943.0
02:11:04.143 [main] INFO  AV.VCU -  OSD 33 currentime 943.0
speed0 time 950.0
02:11:04.514 [main] INFO  AV.VCU -  OSD 00 currentime 950.0
speed0 time 951.0
02:11:04.566 [main] INFO  AV.VCU -  OSD 11 currentime 951.0
speed0 time 952.0
02:11:04.609 [main] INFO  AV.VCU -  OSD 22 currentime 952.0
speed0 time 953.0
02:11:04.663 [main] INFO  AV.VCU -  OSD 33 currentime 953.0
speed0 time 960.0
02:11:04.983 [main] INFO  AV.VCU -  OSD 00 currentime 960.0
speed0 time 961.0
02:11:05.044 [main] INFO  AV.VCU -  OSD 11 currentime 961.0
speed0 time 962.0
02:11:05.087 [main] INFO  AV.VCU -  OSD 22 currentime 962.0
speed0 time 963.0
02:11:05.139 [main] INFO  AV.VCU -  OSD 33 currentime 963.0
speed0 time 970.0
02:11:05.471 [main] INFO  AV.VCU -  OSD 00 currentime 970.0
speed0 time 971.0
02:11:05.511 [main] INFO  AV.VCU -  OSD 11 currentime 971.0
speed0 time 972.0
02:11:05.559 [main] INFO  AV.VCU -  OSD 22 currentime 972.0
speed0 time 973.0
02:11:05.617 [main] INFO  AV.VCU -  OSD 33 currentime 973.0
speed0 time 980.0
02:11:05.967 [main] INFO  AV.VCU -  OSD 00 currentime 980.0
speed0 time 981.0
02:11:06.020 [main] INFO  AV.VCU -  OSD 11 currentime 981.0
speed0 time 982.0
02:11:06.058 [main] INFO  AV.VCU -  OSD 22 currentime 982.0
speed0 time 983.0
02:11:06.122 [main] INFO  AV.VCU -  OSD 33 currentime 983.0
speed0 time 990.0
02:11:06.459 [main] INFO  AV.VCU -  OSD 00 currentime 990.0
speed0 time 991.0
02:11:06.537 [main] INFO  AV.VCU -  OSD 11 currentime 991.0
speed0 time 992.0
02:11:06.566 [main] INFO  AV.VCU -  OSD 22 currentime 992.0
speed0 time 993.0
02:11:06.650 [main] INFO  AV.VCU -  OSD 33 currentime 993.0
speed0 time 1000.0
02:11:07.006 [main] INFO  AV.VCU -  OSD 00 currentime 1000.0
speed0 time 1001.0
02:11:07.064 [main] INFO  AV.VCU -  OSD 11 currentime 1001.0
speed0 time 1002.0
02:11:07.104 [main] INFO  AV.VCU -  OSD 22 currentime 1002.0
speed0 time 1003.0
02:11:07.164 [main] INFO  AV.VCU -  OSD 33 currentime 1003.0
speed0 time 1010.0
02:11:07.497 [main] INFO  AV.VCU -  OSD 00 currentime 1010.0
speed0 time 1011.0
02:11:07.551 [main] INFO  AV.VCU -  OSD 11 currentime 1011.0
speed0 time 1012.0
02:11:07.590 [main] INFO  AV.VCU -  OSD 22 currentime 1012.0
speed0 time 1013.0
02:11:07.653 [main] INFO  AV.VCU -  OSD 33 currentime 1013.0
speed0 time 1020.0
02:11:08.042 [main] INFO  AV.VCU -  OSD 00 currentime 1020.0
speed0 time 1021.0
02:11:08.099 [main] INFO  AV.VCU -  OSD 11 currentime 1021.0
speed0 time 1022.0
02:11:08.143 [main] INFO  AV.VCU -  OSD 22 currentime 1022.0
speed0 time 1023.0
02:11:08.198 [main] INFO  AV.VCU -  OSD 33 currentime 1023.0
speed0 time 1030.0
02:11:08.557 [main] INFO  AV.VCU -  OSD 00 currentime 1030.0
speed0 time 1031.0
02:11:08.595 [main] INFO  AV.VCU -  OSD 11 currentime 1031.0
speed0 time 1032.0
02:11:08.665 [main] INFO  AV.VCU -  OSD 22 currentime 1032.0
speed0 time 1033.0
02:11:08.719 [main] INFO  AV.VCU -  OSD 33 currentime 1033.0
speed0 time 1040.0
02:11:09.085 [main] INFO  AV.VCU -  OSD 00 currentime 1040.0
speed0 time 1041.0
02:11:09.126 [main] INFO  AV.VCU -  OSD 11 currentime 1041.0
speed0 time 1042.0
02:11:09.180 [main] INFO  AV.VCU -  OSD 22 currentime 1042.0
speed0 time 1043.0
02:11:09.239 [main] INFO  AV.VCU -  OSD 33 currentime 1043.0
speed0 time 1050.0
02:11:09.582 [main] INFO  AV.VCU -  OSD 00 currentime 1050.0
speed0 time 1051.0
02:11:09.633 [main] INFO  AV.VCU -  OSD 11 currentime 1051.0
speed0 time 1052.0
02:11:09.679 [main] INFO  AV.VCU -  OSD 22 currentime 1052.0
speed0 time 1053.0
02:11:09.729 [main] INFO  AV.VCU -  OSD 33 currentime 1053.0
speed0 time 1060.0
02:11:10.046 [main] INFO  AV.VCU -  OSD 00 currentime 1060.0
speed0 time 1061.0
02:11:10.117 [main] INFO  AV.VCU -  OSD 11 currentime 1061.0
speed0 time 1062.0
02:11:10.171 [main] INFO  AV.VCU -  OSD 22 currentime 1062.0
speed0 time 1063.0
02:11:10.225 [main] INFO  AV.VCU -  OSD 33 currentime 1063.0
speed0 time 1070.0
02:11:10.571 [main] INFO  AV.VCU -  OSD 00 currentime 1070.0
02:11:10.638 [main] INFO  org.cpswt.hla.SynchronizedFederate - VCU-15f6171b-b751-4327-b3a0-489c20e43d26: SimEnd interaction received, exiting...
speed0 time 1071.0
02:11:10.641 [main] INFO  AV.VCU -  OSD 11 currentime 1071.0
02:11:10.642 [main] INFO  org.cpswt.hla.SynchronizedFederate - Exiting gracefully ....
