
-------------------------------------------------------------------
GMS: address=vagrant-52793, cluster=AV, physical address=10.0.2.15:55896
-------------------------------------------------------------------
02:54:55.540 [main] INFO  AV.VCU - waiting on readyToRun...
02:54:55.803 [main] INFO  AV.VCU - ...synchronized on readyToRun
02:54:55.807 [main] INFO  AV.VCU - started logical time progression
speed0 time 0.0
02:54:55.812 [main] INFO  AV.VCU -  OSD 00 currentime 0.0
speed1999 time 20.0
02:54:58.297 [main] INFO  AV.VCU -  OSD 00 currentime 20.0
speed1998 time 40.0
02:54:59.634 [main] INFO  AV.VCU -  OSD 00 currentime 40.0
speed1997 time 60.0
02:55:00.816 [main] INFO  AV.VCU -  OSD 00 currentime 60.0
speed1996 time 80.0
02:55:02.103 [main] INFO  AV.VCU -  OSD 00 currentime 80.0
speed1995 time 100.0
02:55:03.324 [main] INFO  AV.VCU -  OSD 00 currentime 100.0
speed1994 time 120.0
02:55:04.568 [main] INFO  AV.VCU -  OSD 00 currentime 120.0
speed1993 time 140.0
02:55:05.697 [main] INFO  AV.VCU -  OSD 00 currentime 140.0
speed1992 time 160.0
02:55:06.905 [main] INFO  AV.VCU -  OSD 00 currentime 160.0
speed1991 time 180.0
02:55:08.041 [main] INFO  AV.VCU -  OSD 00 currentime 180.0
speed1990 time 200.0
02:55:09.531 [main] INFO  AV.VCU -  OSD 00 currentime 200.0
speed1989 time 220.0
02:55:10.600 [main] INFO  AV.VCU -  OSD 00 currentime 220.0
speed1988 time 240.0
02:55:11.665 [main] INFO  AV.VCU -  OSD 00 currentime 240.0
speed1987 time 260.0
02:55:12.915 [main] INFO  AV.VCU -  OSD 00 currentime 260.0
speed1986 time 280.0
02:55:13.962 [main] INFO  AV.VCU -  OSD 00 currentime 280.0
speed1985 time 300.0
02:55:15.001 [main] INFO  AV.VCU -  OSD 00 currentime 300.0
speed1984 time 320.0
02:55:16.012 [main] INFO  AV.VCU -  OSD 00 currentime 320.0
speed1983 time 340.0
02:55:17.060 [main] INFO  AV.VCU -  OSD 00 currentime 340.0
speed1982 time 360.0
02:55:18.110 [main] INFO  AV.VCU -  OSD 00 currentime 360.0
speed1981 time 380.0
02:55:19.094 [main] INFO  AV.VCU -  OSD 00 currentime 380.0
speed1980 time 400.0
02:55:20.104 [main] INFO  AV.VCU -  OSD 00 currentime 400.0
speed1979 time 420.0
02:55:21.107 [main] INFO  AV.VCU -  OSD 00 currentime 420.0
speed1978 time 440.0
02:55:22.145 [main] INFO  AV.VCU -  OSD 00 currentime 440.0
speed1977 time 460.0
02:55:23.148 [main] INFO  AV.VCU -  OSD 00 currentime 460.0
speed1976 time 480.0
02:55:24.120 [main] INFO  AV.VCU -  OSD 00 currentime 480.0
speed1975 time 500.0
02:55:25.131 [main] INFO  AV.VCU -  OSD 00 currentime 500.0
speed1974 time 520.0
02:55:26.138 [main] INFO  AV.VCU -  OSD 00 currentime 520.0
speed1973 time 540.0
02:55:27.083 [main] INFO  AV.VCU -  OSD 00 currentime 540.0
speed1972 time 560.0
02:55:28.082 [main] INFO  AV.VCU -  OSD 00 currentime 560.0
speed1971 time 580.0
02:55:29.059 [main] INFO  AV.VCU -  OSD 00 currentime 580.0
speed1970 time 600.0
02:55:30.000 [main] INFO  AV.VCU -  OSD 00 currentime 600.0
speed1969 time 620.0
02:55:31.038 [main] INFO  AV.VCU -  OSD 00 currentime 620.0
speed1968 time 640.0
02:55:32.019 [main] INFO  AV.VCU -  OSD 00 currentime 640.0
speed1967 time 660.0
02:55:33.019 [main] INFO  AV.VCU -  OSD 00 currentime 660.0
speed1966 time 680.0
02:55:34.025 [main] INFO  AV.VCU -  OSD 00 currentime 680.0
speed1965 time 700.0
02:55:35.039 [main] INFO  AV.VCU -  OSD 00 currentime 700.0
speed1964 time 720.0
02:55:36.151 [main] INFO  AV.VCU -  OSD 00 currentime 720.0
speed1963 time 740.0
02:55:37.211 [main] INFO  AV.VCU -  OSD 00 currentime 740.0
speed1962 time 760.0
02:55:38.203 [main] INFO  AV.VCU -  OSD 00 currentime 760.0
speed1961 time 780.0
02:55:39.171 [main] INFO  AV.VCU -  OSD 00 currentime 780.0
speed1960 time 800.0
02:55:40.217 [main] INFO  AV.VCU -  OSD 00 currentime 800.0
speed1959 time 820.0
02:55:41.169 [main] INFO  AV.VCU -  OSD 00 currentime 820.0
speed1958 time 840.0
02:55:42.188 [main] INFO  AV.VCU -  OSD 00 currentime 840.0
speed1957 time 860.0
02:55:43.215 [main] INFO  AV.VCU -  OSD 00 currentime 860.0
speed1956 time 880.0
02:55:44.204 [main] INFO  AV.VCU -  OSD 00 currentime 880.0
speed1955 time 900.0
02:55:45.210 [main] INFO  AV.VCU -  OSD 00 currentime 900.0
speed1954 time 920.0
02:55:46.225 [main] INFO  AV.VCU -  OSD 00 currentime 920.0
speed1953 time 940.0
02:55:47.201 [main] INFO  AV.VCU -  OSD 00 currentime 940.0
speed1952 time 960.0
02:55:48.202 [main] INFO  AV.VCU -  OSD 00 currentime 960.0
speed1951 time 980.0
02:55:49.210 [main] INFO  AV.VCU -  OSD 00 currentime 980.0
speed1950 time 1000.0
02:55:50.216 [main] INFO  AV.VCU -  OSD 00 currentime 1000.0
speed1949 time 1020.0
02:55:51.402 [main] INFO  AV.VCU -  OSD 00 currentime 1020.0
speed1948 time 1040.0
02:55:52.386 [main] INFO  AV.VCU -  OSD 00 currentime 1040.0
speed1947 time 1060.0
02:55:53.352 [main] INFO  AV.VCU -  OSD 00 currentime 1060.0
speed1946 time 1080.0
02:55:54.339 [main] INFO  AV.VCU -  OSD 00 currentime 1080.0
speed1945 time 1100.0
02:55:55.352 [main] INFO  AV.VCU -  OSD 00 currentime 1100.0
speed1944 time 1120.0
02:55:56.286 [main] INFO  AV.VCU -  OSD 00 currentime 1120.0
speed1943 time 1140.0
02:55:57.302 [main] INFO  AV.VCU -  OSD 00 currentime 1140.0
speed1942 time 1160.0
02:55:58.301 [main] INFO  AV.VCU -  OSD 00 currentime 1160.0
speed1941 time 1180.0
02:55:59.302 [main] INFO  AV.VCU -  OSD 00 currentime 1180.0
speed1940 time 1200.0
02:56:00.273 [main] INFO  AV.VCU -  OSD 00 currentime 1200.0
speed1939 time 1220.0
02:56:01.241 [main] INFO  AV.VCU -  OSD 00 currentime 1220.0
speed1938 time 1240.0
02:56:02.249 [main] INFO  AV.VCU -  OSD 00 currentime 1240.0
speed1937 time 1260.0
02:56:03.208 [main] INFO  AV.VCU -  OSD 00 currentime 1260.0
speed1936 time 1280.0
02:56:04.149 [main] INFO  AV.VCU -  OSD 00 currentime 1280.0
speed1935 time 1300.0
02:56:05.154 [main] INFO  AV.VCU -  OSD 00 currentime 1300.0
speed1934 time 1320.0
02:56:06.100 [main] INFO  AV.VCU -  OSD 00 currentime 1320.0
speed1933 time 1340.0
02:56:07.268 [main] INFO  AV.VCU -  OSD 00 currentime 1340.0
speed1932 time 1360.0
02:56:08.256 [main] INFO  AV.VCU -  OSD 00 currentime 1360.0
speed1931 time 1380.0
02:56:09.252 [main] INFO  AV.VCU -  OSD 00 currentime 1380.0
speed1930 time 1400.0
02:56:10.257 [main] INFO  AV.VCU -  OSD 00 currentime 1400.0
speed1929 time 1420.0
02:56:11.266 [main] INFO  AV.VCU -  OSD 00 currentime 1420.0
speed1928 time 1440.0
02:56:12.268 [main] INFO  AV.VCU -  OSD 00 currentime 1440.0
speed1927 time 1460.0
02:56:13.330 [main] INFO  AV.VCU -  OSD 00 currentime 1460.0
speed1926 time 1480.0
02:56:14.836 [main] INFO  AV.VCU -  OSD 00 currentime 1480.0
speed1925 time 1500.0
02:56:15.950 [main] INFO  AV.VCU -  OSD 00 currentime 1500.0
speed1924 time 1520.0
02:56:16.967 [main] INFO  AV.VCU -  OSD 00 currentime 1520.0
speed1923 time 1540.0
02:56:17.875 [main] INFO  AV.VCU -  OSD 00 currentime 1540.0
speed1922 time 1560.0
02:56:18.841 [main] INFO  AV.VCU -  OSD 00 currentime 1560.0
speed1921 time 1580.0
02:56:19.796 [main] INFO  AV.VCU -  OSD 00 currentime 1580.0
speed1920 time 1600.0
02:56:20.800 [main] INFO  AV.VCU -  OSD 00 currentime 1600.0
speed1919 time 1620.0
02:56:21.825 [main] INFO  AV.VCU -  OSD 00 currentime 1620.0
speed1918 time 1640.0
02:56:22.854 [main] INFO  AV.VCU -  OSD 00 currentime 1640.0
speed1917 time 1660.0
02:56:23.841 [main] INFO  AV.VCU -  OSD 00 currentime 1660.0
speed1916 time 1680.0
02:56:24.997 [main] INFO  AV.VCU -  OSD 00 currentime 1680.0
speed1915 time 1700.0
02:56:25.854 [main] INFO  AV.VCU -  OSD 00 currentime 1700.0
speed1914 time 1720.0
02:56:26.807 [main] INFO  AV.VCU -  OSD 00 currentime 1720.0
speed1913 time 1740.0
02:56:27.814 [main] INFO  AV.VCU -  OSD 00 currentime 1740.0
speed1912 time 1760.0
02:56:28.839 [main] INFO  AV.VCU -  OSD 00 currentime 1760.0
speed1911 time 1780.0
02:56:29.772 [main] INFO  AV.VCU -  OSD 00 currentime 1780.0
speed1910 time 1800.0
02:56:30.776 [main] INFO  AV.VCU -  OSD 00 currentime 1800.0
speed1909 time 1820.0
02:56:31.748 [main] INFO  AV.VCU -  OSD 00 currentime 1820.0
speed1908 time 1840.0
02:56:32.703 [main] INFO  AV.VCU -  OSD 00 currentime 1840.0
speed1907 time 1860.0
02:56:33.728 [main] INFO  AV.VCU -  OSD 00 currentime 1860.0
speed1906 time 1880.0
02:56:34.750 [main] INFO  AV.VCU -  OSD 00 currentime 1880.0
speed1905 time 1900.0
02:56:35.754 [main] INFO  AV.VCU -  OSD 00 currentime 1900.0
speed1904 time 1920.0
02:56:36.747 [main] INFO  AV.VCU -  OSD 00 currentime 1920.0
speed1903 time 1940.0
02:56:37.702 [main] INFO  AV.VCU -  OSD 00 currentime 1940.0
speed1902 time 1960.0
02:56:38.712 [main] INFO  AV.VCU -  OSD 00 currentime 1960.0
speed1901 time 1980.0
02:56:39.699 [main] INFO  AV.VCU -  OSD 00 currentime 1980.0
speed1900 time 2000.0
02:56:40.696 [main] INFO  AV.VCU -  OSD 00 currentime 2000.0
speed1899 time 2020.0
02:56:41.708 [main] INFO  AV.VCU -  OSD 00 currentime 2020.0
speed1898 time 2040.0
02:56:42.759 [main] INFO  AV.VCU -  OSD 00 currentime 2040.0
speed1897 time 2060.0
02:56:43.786 [main] INFO  AV.VCU -  OSD 00 currentime 2060.0
speed1896 time 2080.0
02:56:44.765 [main] INFO  AV.VCU -  OSD 00 currentime 2080.0
speed1895 time 2100.0
02:56:45.712 [main] INFO  AV.VCU -  OSD 00 currentime 2100.0
speed1894 time 2120.0
02:56:46.697 [main] INFO  AV.VCU -  OSD 00 currentime 2120.0
speed1893 time 2140.0
02:56:47.667 [main] INFO  AV.VCU -  OSD 00 currentime 2140.0
speed1892 time 2160.0
02:56:48.705 [main] INFO  AV.VCU -  OSD 00 currentime 2160.0
speed1891 time 2180.0
02:56:49.699 [main] INFO  AV.VCU -  OSD 00 currentime 2180.0
speed1890 time 2200.0
02:56:50.698 [main] INFO  AV.VCU -  OSD 00 currentime 2200.0
speed1889 time 2220.0
02:56:51.681 [main] INFO  AV.VCU -  OSD 00 currentime 2220.0
speed1888 time 2240.0
02:56:52.682 [main] INFO  AV.VCU -  OSD 00 currentime 2240.0
speed1887 time 2260.0
02:56:53.679 [main] INFO  AV.VCU -  OSD 00 currentime 2260.0
speed1886 time 2280.0
02:56:54.697 [main] INFO  AV.VCU -  OSD 00 currentime 2280.0
speed1885 time 2300.0
02:56:55.708 [main] INFO  AV.VCU -  OSD 00 currentime 2300.0
speed1884 time 2320.0
02:56:56.706 [main] INFO  AV.VCU -  OSD 00 currentime 2320.0
speed1883 time 2340.0
02:56:57.695 [main] INFO  AV.VCU -  OSD 00 currentime 2340.0
speed1882 time 2360.0
02:56:58.700 [main] INFO  AV.VCU -  OSD 00 currentime 2360.0
speed1881 time 2380.0
02:56:59.685 [main] INFO  AV.VCU -  OSD 00 currentime 2380.0
speed1880 time 2400.0
02:57:00.681 [main] INFO  AV.VCU -  OSD 00 currentime 2400.0
speed1879 time 2420.0
02:57:01.654 [main] INFO  AV.VCU -  OSD 00 currentime 2420.0
speed1878 time 2440.0
02:57:02.817 [main] INFO  AV.VCU -  OSD 00 currentime 2440.0
speed1877 time 2460.0
02:57:03.822 [main] INFO  AV.VCU -  OSD 00 currentime 2460.0
speed1876 time 2480.0
02:57:04.769 [main] INFO  AV.VCU -  OSD 00 currentime 2480.0
speed1875 time 2500.0
02:57:05.766 [main] INFO  AV.VCU -  OSD 00 currentime 2500.0
speed1874 time 2520.0
02:57:06.765 [main] INFO  AV.VCU -  OSD 00 currentime 2520.0
speed1873 time 2540.0
02:57:07.759 [main] INFO  AV.VCU -  OSD 00 currentime 2540.0
speed1872 time 2560.0
02:57:08.736 [main] INFO  AV.VCU -  OSD 00 currentime 2560.0
speed1871 time 2580.0
02:57:09.660 [main] INFO  AV.VCU -  OSD 00 currentime 2580.0
speed1870 time 2600.0
02:57:10.657 [main] INFO  AV.VCU -  OSD 00 currentime 2600.0
speed1869 time 2620.0
02:57:11.640 [main] INFO  AV.VCU -  OSD 00 currentime 2620.0
speed1868 time 2640.0
02:57:12.663 [main] INFO  AV.VCU -  OSD 00 currentime 2640.0
speed1867 time 2660.0
02:57:13.673 [main] INFO  AV.VCU -  OSD 00 currentime 2660.0
speed1866 time 2680.0
02:57:14.649 [main] INFO  AV.VCU -  OSD 00 currentime 2680.0
speed1865 time 2700.0
02:57:15.595 [main] INFO  AV.VCU -  OSD 00 currentime 2700.0
speed1864 time 2720.0
02:57:16.630 [main] INFO  AV.VCU -  OSD 00 currentime 2720.0
speed1863 time 2740.0
02:57:17.611 [main] INFO  AV.VCU -  OSD 00 currentime 2740.0
speed1862 time 2760.0
02:57:18.590 [main] INFO  AV.VCU -  OSD 00 currentime 2760.0
speed1861 time 2780.0
02:57:19.591 [main] INFO  AV.VCU -  OSD 00 currentime 2780.0
speed1860 time 2800.0
02:57:20.579 [main] INFO  AV.VCU -  OSD 00 currentime 2800.0
speed1859 time 2820.0
02:57:21.626 [main] INFO  AV.VCU -  OSD 00 currentime 2820.0
speed1858 time 2840.0
02:57:22.721 [main] INFO  AV.VCU -  OSD 00 currentime 2840.0
speed1857 time 2860.0
02:57:23.647 [main] INFO  AV.VCU -  OSD 00 currentime 2860.0
speed1856 time 2880.0
02:57:24.605 [main] INFO  AV.VCU -  OSD 00 currentime 2880.0
speed1855 time 2900.0
02:57:25.628 [main] INFO  AV.VCU -  OSD 00 currentime 2900.0
speed1854 time 2920.0
02:57:26.599 [main] INFO  AV.VCU -  OSD 00 currentime 2920.0
speed1853 time 2940.0
02:57:27.606 [main] INFO  AV.VCU -  OSD 00 currentime 2940.0
speed1852 time 2960.0
02:57:28.615 [main] INFO  AV.VCU -  OSD 00 currentime 2960.0
speed1851 time 2980.0
02:57:29.617 [main] INFO  AV.VCU -  OSD 00 currentime 2980.0
speed1850 time 3000.0
02:57:30.601 [main] INFO  AV.VCU -  OSD 00 currentime 3000.0
speed1849 time 3020.0
02:57:31.580 [main] INFO  AV.VCU -  OSD 00 currentime 3020.0
speed1848 time 3040.0
02:57:32.566 [main] INFO  AV.VCU -  OSD 00 currentime 3040.0
speed1847 time 3060.0
02:57:33.580 [main] INFO  AV.VCU -  OSD 00 currentime 3060.0
speed1846 time 3080.0
02:57:34.569 [main] INFO  AV.VCU -  OSD 00 currentime 3080.0
speed1845 time 3100.0
02:57:35.518 [main] INFO  AV.VCU -  OSD 00 currentime 3100.0
speed1844 time 3120.0
02:57:36.516 [main] INFO  AV.VCU -  OSD 00 currentime 3120.0
speed1843 time 3140.0
02:57:37.313 [main] INFO  AV.VCU -  OSD 00 currentime 3140.0
speed1842 time 3160.0
02:57:38.316 [main] INFO  AV.VCU -  OSD 00 currentime 3160.0
speed1841 time 3180.0
02:57:39.319 [main] INFO  AV.VCU -  OSD 00 currentime 3180.0
speed1840 time 3200.0
02:57:40.320 [main] INFO  AV.VCU -  OSD 00 currentime 3200.0
speed1839 time 3220.0
02:57:41.349 [main] INFO  AV.VCU -  OSD 00 currentime 3220.0
speed1838 time 3240.0
02:57:42.282 [main] INFO  AV.VCU -  OSD 00 currentime 3240.0
speed1837 time 3260.0
02:57:43.372 [main] INFO  AV.VCU -  OSD 00 currentime 3260.0
speed1836 time 3280.0
02:57:44.324 [main] INFO  AV.VCU -  OSD 00 currentime 3280.0
speed1835 time 3300.0
02:57:45.323 [main] INFO  AV.VCU -  OSD 00 currentime 3300.0
speed1834 time 3320.0
02:57:46.328 [main] INFO  AV.VCU -  OSD 00 currentime 3320.0
speed1833 time 3340.0
02:57:47.348 [main] INFO  AV.VCU -  OSD 00 currentime 3340.0
speed1832 time 3360.0
02:57:48.343 [main] INFO  AV.VCU -  OSD 00 currentime 3360.0
speed1831 time 3380.0
02:57:49.354 [main] INFO  AV.VCU -  OSD 00 currentime 3380.0
speed1830 time 3400.0
02:57:50.392 [main] INFO  AV.VCU -  OSD 00 currentime 3400.0
speed1829 time 3420.0
02:57:51.336 [main] INFO  AV.VCU -  OSD 00 currentime 3420.0
speed1828 time 3440.0
02:57:52.288 [main] INFO  AV.VCU -  OSD 00 currentime 3440.0
speed1827 time 3460.0
02:57:53.285 [main] INFO  AV.VCU -  OSD 00 currentime 3460.0
speed1826 time 3480.0
02:57:54.269 [main] INFO  AV.VCU -  OSD 00 currentime 3480.0
speed1825 time 3500.0
02:57:55.248 [main] INFO  AV.VCU -  OSD 00 currentime 3500.0
speed1824 time 3520.0
02:57:56.291 [main] INFO  AV.VCU -  OSD 00 currentime 3520.0
speed1823 time 3540.0
02:57:57.247 [main] INFO  AV.VCU -  OSD 00 currentime 3540.0
speed1822 time 3560.0
02:57:58.187 [main] INFO  AV.VCU -  OSD 00 currentime 3560.0
speed1821 time 3580.0
02:57:59.195 [main] INFO  AV.VCU -  OSD 00 currentime 3580.0
speed1820 time 3600.0
02:58:00.190 [main] INFO  AV.VCU -  OSD 00 currentime 3600.0
speed1819 time 3620.0
02:58:01.165 [main] INFO  AV.VCU -  OSD 00 currentime 3620.0
speed1818 time 3640.0
02:58:02.051 [main] INFO  AV.VCU -  OSD 00 currentime 3640.0
speed1817 time 3660.0
02:58:03.054 [main] INFO  AV.VCU -  OSD 00 currentime 3660.0
speed1816 time 3680.0
02:58:04.061 [main] INFO  AV.VCU -  OSD 00 currentime 3680.0
speed1815 time 3700.0
02:58:05.299 [main] INFO  AV.VCU -  OSD 00 currentime 3700.0
speed1814 time 3720.0
02:58:06.327 [main] INFO  AV.VCU -  OSD 00 currentime 3720.0
speed1813 time 3740.0
02:58:07.289 [main] INFO  AV.VCU -  OSD 00 currentime 3740.0
speed1812 time 3760.0
02:58:08.282 [main] INFO  AV.VCU -  OSD 00 currentime 3760.0
speed1811 time 3780.0
02:58:09.269 [main] INFO  AV.VCU -  OSD 00 currentime 3780.0
speed1810 time 3800.0
02:58:10.268 [main] INFO  AV.VCU -  OSD 00 currentime 3800.0
speed1809 time 3820.0
02:58:11.260 [main] INFO  AV.VCU -  OSD 00 currentime 3820.0
speed1808 time 3840.0
02:58:12.175 [main] INFO  AV.VCU -  OSD 00 currentime 3840.0
speed1807 time 3860.0
02:58:13.151 [main] INFO  AV.VCU -  OSD 00 currentime 3860.0
speed1806 time 3880.0
02:58:14.085 [main] INFO  AV.VCU -  OSD 00 currentime 3880.0
speed1805 time 3900.0
02:58:15.082 [main] INFO  AV.VCU -  OSD 00 currentime 3900.0
speed1804 time 3920.0
02:58:15.879 [main] INFO  AV.VCU -  OSD 00 currentime 3920.0
speed1803 time 3940.0
02:58:16.853 [main] INFO  AV.VCU -  OSD 00 currentime 3940.0
speed1802 time 3960.0
02:58:17.849 [main] INFO  AV.VCU -  OSD 00 currentime 3960.0
speed1801 time 3980.0
02:58:18.839 [main] INFO  AV.VCU -  OSD 00 currentime 3980.0
speed1800 time 4000.0
02:58:19.874 [main] INFO  AV.VCU -  OSD 00 currentime 4000.0
speed1799 time 4020.0
02:58:20.823 [main] INFO  AV.VCU -  OSD 00 currentime 4020.0
speed1798 time 4040.0
02:58:21.825 [main] INFO  AV.VCU -  OSD 00 currentime 4040.0
speed1797 time 4060.0
02:58:22.831 [main] INFO  AV.VCU -  OSD 00 currentime 4060.0
speed1796 time 4080.0
02:58:23.785 [main] INFO  AV.VCU -  OSD 00 currentime 4080.0
speed1795 time 4100.0
02:58:24.748 [main] INFO  AV.VCU -  OSD 00 currentime 4100.0
speed1794 time 4120.0
02:58:25.748 [main] INFO  AV.VCU -  OSD 00 currentime 4120.0
speed1793 time 4140.0
02:58:26.980 [main] INFO  AV.VCU -  OSD 00 currentime 4140.0
speed1792 time 4160.0
02:58:27.924 [main] INFO  AV.VCU -  OSD 00 currentime 4160.0
speed1791 time 4180.0
02:58:28.927 [main] INFO  AV.VCU -  OSD 00 currentime 4180.0
speed1790 time 4200.0
02:58:29.910 [main] INFO  AV.VCU -  OSD 00 currentime 4200.0
speed1789 time 4220.0
02:58:30.905 [main] INFO  AV.VCU -  OSD 00 currentime 4220.0
speed1788 time 4240.0
02:58:31.857 [main] INFO  AV.VCU -  OSD 00 currentime 4240.0
speed1787 time 4260.0
02:58:32.815 [main] INFO  AV.VCU -  OSD 00 currentime 4260.0
speed1786 time 4280.0
02:58:33.801 [main] INFO  AV.VCU -  OSD 00 currentime 4280.0
speed1785 time 4300.0
02:58:34.784 [main] INFO  AV.VCU -  OSD 00 currentime 4300.0
speed1784 time 4320.0
02:58:35.812 [main] INFO  AV.VCU -  OSD 00 currentime 4320.0
speed1783 time 4340.0
02:58:36.798 [main] INFO  AV.VCU -  OSD 00 currentime 4340.0
speed1782 time 4360.0
02:58:37.777 [main] INFO  AV.VCU -  OSD 00 currentime 4360.0
speed1781 time 4380.0
02:58:38.798 [main] INFO  AV.VCU -  OSD 00 currentime 4380.0
speed1780 time 4400.0
02:58:39.769 [main] INFO  AV.VCU -  OSD 00 currentime 4400.0
speed1779 time 4420.0
02:58:40.760 [main] INFO  AV.VCU -  OSD 00 currentime 4420.0
speed1778 time 4440.0
02:58:41.733 [main] INFO  AV.VCU -  OSD 00 currentime 4440.0
speed1777 time 4460.0
02:58:42.739 [main] INFO  AV.VCU -  OSD 00 currentime 4460.0
speed1776 time 4480.0
02:58:43.706 [main] INFO  AV.VCU -  OSD 00 currentime 4480.0
speed1775 time 4500.0
02:58:44.718 [main] INFO  AV.VCU -  OSD 00 currentime 4500.0
speed1774 time 4520.0
02:58:45.651 [main] INFO  AV.VCU -  OSD 00 currentime 4520.0
speed1773 time 4540.0
02:58:46.472 [main] INFO  AV.VCU -  OSD 00 currentime 4540.0
speed1772 time 4560.0
02:58:47.477 [main] INFO  AV.VCU -  OSD 00 currentime 4560.0
speed1771 time 4580.0
02:58:48.453 [main] INFO  AV.VCU -  OSD 00 currentime 4580.0
speed1770 time 4600.0
02:58:49.466 [main] INFO  AV.VCU -  OSD 00 currentime 4600.0
speed1769 time 4620.0
02:58:50.651 [main] INFO  AV.VCU -  OSD 00 currentime 4620.0
speed1768 time 4640.0
02:58:51.681 [main] INFO  AV.VCU -  OSD 00 currentime 4640.0
speed1767 time 4660.0
02:58:52.668 [main] INFO  AV.VCU -  OSD 00 currentime 4660.0
speed1766 time 4680.0
02:58:53.571 [main] INFO  AV.VCU -  OSD 00 currentime 4680.0
speed1765 time 4700.0
02:58:54.413 [main] INFO  AV.VCU -  OSD 00 currentime 4700.0
speed1764 time 4720.0
02:58:55.376 [main] INFO  AV.VCU -  OSD 00 currentime 4720.0
speed1763 time 4740.0
02:58:56.352 [main] INFO  AV.VCU -  OSD 00 currentime 4740.0
speed1762 time 4760.0
02:58:57.257 [main] INFO  AV.VCU -  OSD 00 currentime 4760.0
speed1761 time 4780.0
02:58:58.244 [main] INFO  AV.VCU -  OSD 00 currentime 4780.0
speed1760 time 4800.0
02:58:59.188 [main] INFO  AV.VCU -  OSD 00 currentime 4800.0
speed1759 time 4820.0
02:59:00.170 [main] INFO  AV.VCU -  OSD 00 currentime 4820.0
speed1758 time 4840.0
02:59:01.137 [main] INFO  AV.VCU -  OSD 00 currentime 4840.0
speed1757 time 4860.0
02:59:02.138 [main] INFO  AV.VCU -  OSD 00 currentime 4860.0
speed1756 time 4880.0
02:59:03.075 [main] INFO  AV.VCU -  OSD 00 currentime 4880.0
speed1755 time 4900.0
02:59:04.037 [main] INFO  AV.VCU -  OSD 00 currentime 4900.0
speed1754 time 4920.0
02:59:05.013 [main] INFO  AV.VCU -  OSD 00 currentime 4920.0
speed1753 time 4940.0
02:59:06.035 [main] INFO  AV.VCU -  OSD 00 currentime 4940.0
speed1752 time 4960.0
02:59:06.977 [main] INFO  AV.VCU -  OSD 00 currentime 4960.0
speed1751 time 4980.0
02:59:07.968 [main] INFO  AV.VCU -  OSD 00 currentime 4980.0
speed1750 time 5000.0
02:59:08.984 [main] INFO  AV.VCU -  OSD 00 currentime 5000.0
speed1749 time 5020.0
02:59:09.940 [main] INFO  AV.VCU -  OSD 00 currentime 5020.0
speed1748 time 5040.0
02:59:10.940 [main] INFO  AV.VCU -  OSD 00 currentime 5040.0
speed1747 time 5060.0
02:59:11.889 [main] INFO  AV.VCU -  OSD 00 currentime 5060.0
speed1746 time 5080.0
02:59:12.868 [main] INFO  AV.VCU -  OSD 00 currentime 5080.0
speed1745 time 5100.0
02:59:13.863 [main] INFO  AV.VCU -  OSD 00 currentime 5100.0
speed1744 time 5120.0
02:59:15.109 [main] INFO  AV.VCU -  OSD 00 currentime 5120.0
speed1743 time 5140.0
02:59:16.087 [main] INFO  AV.VCU -  OSD 00 currentime 5140.0
speed1742 time 5160.0
02:59:17.057 [main] INFO  AV.VCU -  OSD 00 currentime 5160.0
speed1741 time 5180.0
02:59:18.017 [main] INFO  AV.VCU -  OSD 00 currentime 5180.0
speed1740 time 5200.0
02:59:18.987 [main] INFO  AV.VCU -  OSD 00 currentime 5200.0
speed1739 time 5220.0
02:59:19.944 [main] INFO  AV.VCU -  OSD 00 currentime 5220.0
speed1738 time 5240.0
02:59:20.872 [main] INFO  AV.VCU -  OSD 00 currentime 5240.0
speed1737 time 5260.0
02:59:21.864 [main] INFO  AV.VCU -  OSD 00 currentime 5260.0
speed1736 time 5280.0
02:59:22.767 [main] INFO  AV.VCU -  OSD 00 currentime 5280.0
speed1735 time 5300.0
02:59:23.753 [main] INFO  AV.VCU -  OSD 00 currentime 5300.0
speed1734 time 5320.0
02:59:24.721 [main] INFO  AV.VCU -  OSD 00 currentime 5320.0
speed1733 time 5340.0
02:59:25.734 [main] INFO  AV.VCU -  OSD 00 currentime 5340.0
speed1732 time 5360.0
02:59:26.737 [main] INFO  AV.VCU -  OSD 00 currentime 5360.0
speed1731 time 5380.0
02:59:27.724 [main] INFO  AV.VCU -  OSD 00 currentime 5380.0
speed1730 time 5400.0
02:59:28.638 [main] INFO  AV.VCU -  OSD 00 currentime 5400.0
speed1729 time 5420.0
02:59:29.611 [main] INFO  AV.VCU -  OSD 00 currentime 5420.0
speed1728 time 5440.0
02:59:30.587 [main] INFO  AV.VCU -  OSD 00 currentime 5440.0
speed1727 time 5460.0
02:59:31.571 [main] INFO  AV.VCU -  OSD 00 currentime 5460.0
speed1726 time 5480.0
02:59:32.557 [main] INFO  AV.VCU -  OSD 00 currentime 5480.0
speed1725 time 5500.0
02:59:33.519 [main] INFO  AV.VCU -  OSD 00 currentime 5500.0
speed1724 time 5520.0
02:59:34.505 [main] INFO  AV.VCU -  OSD 00 currentime 5520.0
speed1723 time 5540.0
02:59:35.461 [main] INFO  AV.VCU -  OSD 00 currentime 5540.0
speed1722 time 5560.0
02:59:36.415 [main] INFO  AV.VCU -  OSD 00 currentime 5560.0
speed1721 time 5580.0
02:59:37.423 [main] INFO  AV.VCU -  OSD 00 currentime 5580.0
speed1720 time 5600.0
02:59:38.378 [main] INFO  AV.VCU -  OSD 00 currentime 5600.0
speed1719 time 5620.0
02:59:39.405 [main] INFO  AV.VCU -  OSD 00 currentime 5620.0
speed1718 time 5640.0
02:59:40.670 [main] INFO  AV.VCU -  OSD 00 currentime 5640.0
speed1717 time 5660.0
02:59:41.616 [main] INFO  AV.VCU -  OSD 00 currentime 5660.0
speed1716 time 5680.0
02:59:42.605 [main] INFO  AV.VCU -  OSD 00 currentime 5680.0
speed1715 time 5700.0
02:59:43.580 [main] INFO  AV.VCU -  OSD 00 currentime 5700.0
speed1714 time 5720.0
02:59:44.526 [main] INFO  AV.VCU -  OSD 00 currentime 5720.0
speed1713 time 5740.0
02:59:45.517 [main] INFO  AV.VCU -  OSD 00 currentime 5740.0
speed1712 time 5760.0
02:59:46.484 [main] INFO  AV.VCU -  OSD 00 currentime 5760.0
speed1711 time 5780.0
02:59:47.490 [main] INFO  AV.VCU -  OSD 00 currentime 5780.0
speed1710 time 5800.0
02:59:48.485 [main] INFO  AV.VCU -  OSD 00 currentime 5800.0
speed1709 time 5820.0
02:59:49.486 [main] INFO  AV.VCU -  OSD 00 currentime 5820.0
speed1708 time 5840.0
02:59:50.465 [main] INFO  AV.VCU -  OSD 00 currentime 5840.0
speed1707 time 5860.0
02:59:51.473 [main] INFO  AV.VCU -  OSD 00 currentime 5860.0
speed1706 time 5880.0
02:59:52.479 [main] INFO  AV.VCU -  OSD 00 currentime 5880.0
speed1705 time 5900.0
02:59:53.381 [main] INFO  AV.VCU -  OSD 00 currentime 5900.0
speed1704 time 5920.0
02:59:54.343 [main] INFO  AV.VCU -  OSD 00 currentime 5920.0
speed1703 time 5940.0
02:59:55.341 [main] INFO  AV.VCU -  OSD 00 currentime 5940.0
speed1702 time 5960.0
02:59:56.347 [main] INFO  AV.VCU -  OSD 00 currentime 5960.0
speed1701 time 5980.0
02:59:57.323 [main] INFO  AV.VCU -  OSD 00 currentime 5980.0
speed1700 time 6000.0
02:59:58.293 [main] INFO  AV.VCU -  OSD 00 currentime 6000.0
speed1699 time 6020.0
02:59:59.296 [main] INFO  AV.VCU -  OSD 00 currentime 6020.0
speed1698 time 6040.0
03:00:00.288 [main] INFO  AV.VCU -  OSD 00 currentime 6040.0
speed1697 time 6060.0
03:00:01.308 [main] INFO  AV.VCU -  OSD 00 currentime 6060.0
speed1696 time 6080.0
03:00:02.321 [main] INFO  AV.VCU -  OSD 00 currentime 6080.0
speed1695 time 6100.0
03:00:03.345 [main] INFO  AV.VCU -  OSD 00 currentime 6100.0
speed1694 time 6120.0
03:00:04.350 [main] INFO  AV.VCU -  OSD 00 currentime 6120.0
speed1693 time 6140.0
03:00:05.314 [main] INFO  AV.VCU -  OSD 00 currentime 6140.0
speed1692 time 6160.0
03:00:06.285 [main] INFO  AV.VCU -  OSD 00 currentime 6160.0
speed1691 time 6180.0
03:00:07.436 [main] INFO  AV.VCU -  OSD 00 currentime 6180.0
speed1690 time 6200.0
03:00:08.425 [main] INFO  AV.VCU -  OSD 00 currentime 6200.0
speed1689 time 6220.0
03:00:09.402 [main] INFO  AV.VCU -  OSD 00 currentime 6220.0
speed1688 time 6240.0
03:00:10.429 [main] INFO  AV.VCU -  OSD 00 currentime 6240.0
speed1687 time 6260.0
03:00:11.421 [main] INFO  AV.VCU -  OSD 00 currentime 6260.0
speed1686 time 6280.0
03:00:12.329 [main] INFO  AV.VCU -  OSD 00 currentime 6280.0
speed1685 time 6300.0
03:00:13.261 [main] INFO  AV.VCU -  OSD 00 currentime 6300.0
speed1684 time 6320.0
03:00:14.294 [main] INFO  AV.VCU -  OSD 00 currentime 6320.0
speed1683 time 6340.0
03:00:15.276 [main] INFO  AV.VCU -  OSD 00 currentime 6340.0
speed1682 time 6360.0
03:00:16.295 [main] INFO  AV.VCU -  OSD 00 currentime 6360.0
speed1681 time 6380.0
03:00:17.319 [main] INFO  AV.VCU -  OSD 00 currentime 6380.0
speed1680 time 6400.0
03:00:18.073 [main] INFO  AV.VCU -  OSD 00 currentime 6400.0
speed1679 time 6420.0
03:00:19.077 [main] INFO  AV.VCU -  OSD 00 currentime 6420.0
speed1678 time 6440.0
03:00:20.097 [main] INFO  AV.VCU -  OSD 00 currentime 6440.0
speed1677 time 6460.0
03:00:21.073 [main] INFO  AV.VCU -  OSD 00 currentime 6460.0
speed1676 time 6480.0
03:00:21.958 [main] INFO  AV.VCU -  OSD 00 currentime 6480.0
speed1675 time 6500.0
03:00:22.960 [main] INFO  AV.VCU -  OSD 00 currentime 6500.0
speed1674 time 6520.0
03:00:23.991 [main] INFO  AV.VCU -  OSD 00 currentime 6520.0
speed1673 time 6540.0
03:00:24.808 [main] INFO  AV.VCU -  OSD 00 currentime 6540.0
speed1672 time 6560.0
03:00:25.800 [main] INFO  AV.VCU -  OSD 00 currentime 6560.0
speed1671 time 6580.0
03:00:26.757 [main] INFO  AV.VCU -  OSD 00 currentime 6580.0
speed1670 time 6600.0
03:00:27.810 [main] INFO  AV.VCU -  OSD 00 currentime 6600.0
speed1669 time 6620.0
03:00:28.844 [main] INFO  AV.VCU -  OSD 00 currentime 6620.0
speed1668 time 6640.0
03:00:29.861 [main] INFO  AV.VCU -  OSD 00 currentime 6640.0
speed1667 time 6660.0
03:00:30.840 [main] INFO  AV.VCU -  OSD 00 currentime 6660.0
speed1666 time 6680.0
03:00:31.867 [main] INFO  AV.VCU -  OSD 00 currentime 6680.0
speed1665 time 6700.0
03:00:32.799 [main] INFO  AV.VCU -  OSD 00 currentime 6700.0
speed1664 time 6720.0
03:00:34.074 [main] INFO  AV.VCU -  OSD 00 currentime 6720.0
speed1663 time 6740.0
03:00:35.082 [main] INFO  AV.VCU -  OSD 00 currentime 6740.0
speed1662 time 6760.0
03:00:36.082 [main] INFO  AV.VCU -  OSD 00 currentime 6760.0
speed1661 time 6780.0
03:00:37.044 [main] INFO  AV.VCU -  OSD 00 currentime 6780.0
speed1660 time 6800.0
03:00:37.680 [main] INFO  AV.VCU -  OSD 00 currentime 6800.0
speed1659 time 6820.0
03:00:38.441 [main] INFO  AV.VCU -  OSD 00 currentime 6820.0
speed1658 time 6840.0
03:00:39.448 [main] INFO  AV.VCU -  OSD 00 currentime 6840.0
speed1657 time 6860.0
03:00:40.411 [main] INFO  AV.VCU -  OSD 00 currentime 6860.0
speed1656 time 6880.0
03:00:41.360 [main] INFO  AV.VCU -  OSD 00 currentime 6880.0
speed1655 time 6900.0
03:00:42.144 [main] INFO  AV.VCU -  OSD 00 currentime 6900.0
speed1654 time 6920.0
03:00:43.067 [main] INFO  AV.VCU -  OSD 00 currentime 6920.0
speed1653 time 6940.0
03:00:44.003 [main] INFO  AV.VCU -  OSD 00 currentime 6940.0
speed1652 time 6960.0
03:00:45.033 [main] INFO  AV.VCU -  OSD 00 currentime 6960.0
speed1651 time 6980.0
03:00:45.993 [main] INFO  AV.VCU -  OSD 00 currentime 6980.0
speed1650 time 7000.0
03:00:46.905 [main] INFO  AV.VCU -  OSD 00 currentime 7000.0
speed1649 time 7020.0
03:00:47.932 [main] INFO  AV.VCU -  OSD 00 currentime 7020.0
speed1648 time 7040.0
03:00:48.941 [main] INFO  AV.VCU -  OSD 00 currentime 7040.0
speed1647 time 7060.0
03:00:49.992 [main] INFO  AV.VCU -  OSD 00 currentime 7060.0
speed1646 time 7080.0
03:00:50.946 [main] INFO  AV.VCU -  OSD 00 currentime 7080.0
speed1645 time 7100.0
03:00:51.922 [main] INFO  AV.VCU -  OSD 00 currentime 7100.0
speed1644 time 7120.0
03:00:52.910 [main] INFO  AV.VCU -  OSD 00 currentime 7120.0
speed1643 time 7140.0
03:00:53.950 [main] INFO  AV.VCU -  OSD 00 currentime 7140.0
speed1642 time 7160.0
03:00:54.945 [main] INFO  AV.VCU -  OSD 00 currentime 7160.0
speed1641 time 7180.0
03:00:55.947 [main] INFO  AV.VCU -  OSD 00 currentime 7180.0
speed1640 time 7200.0
03:00:56.993 [main] INFO  AV.VCU -  OSD 00 currentime 7200.0
speed1639 time 7220.0
03:00:57.955 [main] INFO  AV.VCU -  OSD 00 currentime 7220.0
speed1638 time 7240.0
03:00:58.938 [main] INFO  AV.VCU -  OSD 00 currentime 7240.0
speed1637 time 7260.0
03:00:59.938 [main] INFO  AV.VCU -  OSD 00 currentime 7260.0
speed1636 time 7280.0
03:01:00.875 [main] INFO  AV.VCU -  OSD 00 currentime 7280.0
speed1635 time 7300.0
03:01:02.124 [main] INFO  AV.VCU -  OSD 00 currentime 7300.0
speed1634 time 7320.0
03:01:03.066 [main] INFO  AV.VCU -  OSD 00 currentime 7320.0
speed1633 time 7340.0
03:01:04.056 [main] INFO  AV.VCU -  OSD 00 currentime 7340.0
speed1632 time 7360.0
03:01:04.997 [main] INFO  AV.VCU -  OSD 00 currentime 7360.0
speed1631 time 7380.0
03:01:06.000 [main] INFO  AV.VCU -  OSD 00 currentime 7380.0
speed1630 time 7400.0
03:01:06.791 [main] INFO  AV.VCU -  OSD 00 currentime 7400.0
speed1629 time 7420.0
03:01:07.771 [main] INFO  AV.VCU -  OSD 00 currentime 7420.0
speed1628 time 7440.0
03:01:08.803 [main] INFO  AV.VCU -  OSD 00 currentime 7440.0
speed1627 time 7460.0
03:01:09.811 [main] INFO  AV.VCU -  OSD 00 currentime 7460.0
speed1626 time 7480.0
03:01:10.820 [main] INFO  AV.VCU -  OSD 00 currentime 7480.0
speed1625 time 7500.0
03:01:11.772 [main] INFO  AV.VCU -  OSD 00 currentime 7500.0
speed1624 time 7520.0
03:01:12.661 [main] INFO  AV.VCU -  OSD 00 currentime 7520.0
speed1623 time 7540.0
03:01:13.593 [main] INFO  AV.VCU -  OSD 00 currentime 7540.0
speed1622 time 7560.0
03:01:14.626 [main] INFO  AV.VCU -  OSD 00 currentime 7560.0
speed1621 time 7580.0
03:01:15.632 [main] INFO  AV.VCU -  OSD 00 currentime 7580.0
speed1620 time 7600.0
03:01:16.606 [main] INFO  AV.VCU -  OSD 00 currentime 7600.0
speed1619 time 7620.0
03:01:17.575 [main] INFO  AV.VCU -  OSD 00 currentime 7620.0
speed1618 time 7640.0
03:01:18.637 [main] INFO  AV.VCU -  OSD 00 currentime 7640.0
speed1617 time 7660.0
03:01:19.692 [main] INFO  AV.VCU -  OSD 00 currentime 7660.0
speed1616 time 7680.0
03:01:20.674 [main] INFO  AV.VCU -  OSD 00 currentime 7680.0
speed1615 time 7700.0
03:01:21.651 [main] INFO  AV.VCU -  OSD 00 currentime 7700.0
speed1614 time 7720.0
03:01:22.648 [main] INFO  AV.VCU -  OSD 00 currentime 7720.0
speed1613 time 7740.0
03:01:23.662 [main] INFO  AV.VCU -  OSD 00 currentime 7740.0
speed1612 time 7760.0
03:01:24.672 [main] INFO  AV.VCU -  OSD 00 currentime 7760.0
speed1611 time 7780.0
03:01:25.699 [main] INFO  AV.VCU -  OSD 00 currentime 7780.0
speed1610 time 7800.0
03:01:26.684 [main] INFO  AV.VCU -  OSD 00 currentime 7800.0
speed1609 time 7820.0
03:01:27.723 [main] INFO  AV.VCU -  OSD 00 currentime 7820.0
speed1608 time 7840.0
03:01:28.731 [main] INFO  AV.VCU -  OSD 00 currentime 7840.0
speed1607 time 7860.0
03:01:29.766 [main] INFO  AV.VCU -  OSD 00 currentime 7860.0
speed1606 time 7880.0
03:01:31.061 [main] INFO  AV.VCU -  OSD 00 currentime 7880.0
speed1605 time 7900.0
03:01:32.081 [main] INFO  AV.VCU -  OSD 00 currentime 7900.0
speed1604 time 7920.0
03:01:33.036 [main] INFO  AV.VCU -  OSD 00 currentime 7920.0
speed1603 time 7940.0
03:01:34.017 [main] INFO  AV.VCU -  OSD 00 currentime 7940.0
speed1602 time 7960.0
03:01:34.970 [main] INFO  AV.VCU -  OSD 00 currentime 7960.0
speed1601 time 7980.0
03:01:35.983 [main] INFO  AV.VCU -  OSD 00 currentime 7980.0
speed1600 time 8000.0
03:01:37.000 [main] INFO  AV.VCU -  OSD 00 currentime 8000.0
speed1599 time 8020.0
03:01:38.019 [main] INFO  AV.VCU -  OSD 00 currentime 8020.0
speed1598 time 8040.0
03:01:39.021 [main] INFO  AV.VCU -  OSD 00 currentime 8040.0
speed1597 time 8060.0
03:01:40.031 [main] INFO  AV.VCU -  OSD 00 currentime 8060.0
speed1596 time 8080.0
03:01:40.957 [main] INFO  AV.VCU -  OSD 00 currentime 8080.0
speed1595 time 8100.0
03:01:41.968 [main] INFO  AV.VCU -  OSD 00 currentime 8100.0
speed1594 time 8120.0
03:01:43.012 [main] INFO  AV.VCU -  OSD 00 currentime 8120.0
speed1593 time 8140.0
03:01:44.026 [main] INFO  AV.VCU -  OSD 00 currentime 8140.0
speed1592 time 8160.0
03:01:45.028 [main] INFO  AV.VCU -  OSD 00 currentime 8160.0
speed1591 time 8180.0
03:01:46.007 [main] INFO  AV.VCU -  OSD 00 currentime 8180.0
speed1590 time 8200.0
03:01:46.965 [main] INFO  AV.VCU -  OSD 00 currentime 8200.0
speed1589 time 8220.0
03:01:48.028 [main] INFO  AV.VCU -  OSD 00 currentime 8220.0
speed1588 time 8240.0
03:01:49.024 [main] INFO  AV.VCU -  OSD 00 currentime 8240.0
speed1587 time 8260.0
03:01:50.025 [main] INFO  AV.VCU -  OSD 00 currentime 8260.0
speed1586 time 8280.0
03:01:51.019 [main] INFO  AV.VCU -  OSD 00 currentime 8280.0
speed1585 time 8300.0
03:01:52.010 [main] INFO  AV.VCU -  OSD 00 currentime 8300.0
speed1584 time 8320.0
03:01:53.002 [main] INFO  AV.VCU -  OSD 00 currentime 8320.0
speed1583 time 8340.0
03:01:53.985 [main] INFO  AV.VCU -  OSD 00 currentime 8340.0
speed1582 time 8360.0
03:01:54.974 [main] INFO  AV.VCU -  OSD 00 currentime 8360.0
speed1581 time 8380.0
03:01:55.997 [main] INFO  AV.VCU -  OSD 00 currentime 8380.0
speed1580 time 8400.0
03:01:56.948 [main] INFO  AV.VCU -  OSD 00 currentime 8400.0
speed1579 time 8420.0
03:01:57.975 [main] INFO  AV.VCU -  OSD 00 currentime 8420.0
speed1578 time 8440.0
03:01:58.963 [main] INFO  AV.VCU -  OSD 00 currentime 8440.0
speed1577 time 8460.0
03:01:59.945 [main] INFO  AV.VCU -  OSD 00 currentime 8460.0
speed1576 time 8480.0
03:02:00.931 [main] INFO  AV.VCU -  OSD 00 currentime 8480.0
speed1575 time 8500.0
03:02:01.818 [main] INFO  AV.VCU -  OSD 00 currentime 8500.0
speed1574 time 8520.0
03:02:02.777 [main] INFO  AV.VCU -  OSD 00 currentime 8520.0
speed1573 time 8540.0
03:02:03.733 [main] INFO  AV.VCU -  OSD 00 currentime 8540.0
speed1572 time 8560.0
03:02:04.699 [main] INFO  AV.VCU -  OSD 00 currentime 8560.0
speed1571 time 8580.0
03:02:05.700 [main] INFO  AV.VCU -  OSD 00 currentime 8580.0
speed1570 time 8600.0
03:02:06.700 [main] INFO  AV.VCU -  OSD 00 currentime 8600.0
speed1569 time 8620.0
03:02:07.692 [main] INFO  AV.VCU -  OSD 00 currentime 8620.0
speed1568 time 8640.0
03:02:08.700 [main] INFO  AV.VCU -  OSD 00 currentime 8640.0
speed1567 time 8660.0
03:02:09.650 [main] INFO  AV.VCU -  OSD 00 currentime 8660.0
speed1566 time 8680.0
03:02:10.660 [main] INFO  AV.VCU -  OSD 00 currentime 8680.0
speed1565 time 8700.0
03:02:11.645 [main] INFO  AV.VCU -  OSD 00 currentime 8700.0
speed1564 time 8720.0
03:02:12.605 [main] INFO  AV.VCU -  OSD 00 currentime 8720.0
speed1563 time 8740.0
03:02:13.576 [main] INFO  AV.VCU -  OSD 00 currentime 8740.0
speed1562 time 8760.0
03:02:14.560 [main] INFO  AV.VCU -  OSD 00 currentime 8760.0
speed1561 time 8780.0
03:02:15.526 [main] INFO  AV.VCU -  OSD 00 currentime 8780.0
speed1560 time 8800.0
03:02:16.529 [main] INFO  AV.VCU -  OSD 00 currentime 8800.0
speed1559 time 8820.0
03:02:17.471 [main] INFO  AV.VCU -  OSD 00 currentime 8820.0
speed1558 time 8840.0
03:02:18.081 [main] INFO  AV.VCU -  OSD 00 currentime 8840.0
speed1557 time 8860.0
03:02:19.074 [main] INFO  AV.VCU -  OSD 00 currentime 8860.0
speed1556 time 8880.0
03:02:20.055 [main] INFO  AV.VCU -  OSD 00 currentime 8880.0
speed1555 time 8900.0
03:02:21.136 [main] INFO  AV.VCU -  OSD 00 currentime 8900.0
speed1554 time 8920.0
03:02:22.138 [main] INFO  AV.VCU -  OSD 00 currentime 8920.0
speed1553 time 8940.0
03:02:23.176 [main] INFO  AV.VCU -  OSD 00 currentime 8940.0
speed1552 time 8960.0
03:02:24.132 [main] INFO  AV.VCU -  OSD 00 currentime 8960.0
speed1551 time 8980.0
03:02:25.115 [main] INFO  AV.VCU -  OSD 00 currentime 8980.0
speed1550 time 9000.0
03:02:26.107 [main] INFO  AV.VCU -  OSD 00 currentime 9000.0
speed1549 time 9020.0
03:02:27.059 [main] INFO  AV.VCU -  OSD 00 currentime 9020.0
speed1548 time 9040.0
03:02:27.927 [main] INFO  AV.VCU -  OSD 00 currentime 9040.0
speed1547 time 9060.0
03:02:28.923 [main] INFO  AV.VCU -  OSD 00 currentime 9060.0
speed1546 time 9080.0
03:02:29.934 [main] INFO  AV.VCU -  OSD 00 currentime 9080.0
speed1545 time 9100.0
03:02:31.187 [main] INFO  AV.VCU -  OSD 00 currentime 9100.0
speed1544 time 9120.0
03:02:32.148 [main] INFO  AV.VCU -  OSD 00 currentime 9120.0
speed1543 time 9140.0
03:02:33.129 [main] INFO  AV.VCU -  OSD 00 currentime 9140.0
speed1542 time 9160.0
03:02:34.085 [main] INFO  AV.VCU -  OSD 00 currentime 9160.0
speed1541 time 9180.0
03:02:35.035 [main] INFO  AV.VCU -  OSD 00 currentime 9180.0
speed1540 time 9200.0
03:02:36.029 [main] INFO  AV.VCU -  OSD 00 currentime 9200.0
speed1539 time 9220.0
03:02:37.046 [main] INFO  AV.VCU -  OSD 00 currentime 9220.0
speed1538 time 9240.0
03:02:38.026 [main] INFO  AV.VCU -  OSD 00 currentime 9240.0
speed1537 time 9260.0
03:02:38.980 [main] INFO  AV.VCU -  OSD 00 currentime 9260.0
speed1536 time 9280.0
03:02:39.976 [main] INFO  AV.VCU -  OSD 00 currentime 9280.0
speed1535 time 9300.0
03:02:40.956 [main] INFO  AV.VCU -  OSD 00 currentime 9300.0
speed1534 time 9320.0
03:02:41.938 [main] INFO  AV.VCU -  OSD 00 currentime 9320.0
speed1533 time 9340.0
03:02:42.873 [main] INFO  AV.VCU -  OSD 00 currentime 9340.0
speed1532 time 9360.0
03:02:43.852 [main] INFO  AV.VCU -  OSD 00 currentime 9360.0
speed1531 time 9380.0
03:02:44.862 [main] INFO  AV.VCU -  OSD 00 currentime 9380.0
speed1530 time 9400.0
03:02:45.745 [main] INFO  AV.VCU -  OSD 00 currentime 9400.0
speed1529 time 9420.0
03:02:46.704 [main] INFO  AV.VCU -  OSD 00 currentime 9420.0
speed1528 time 9440.0
03:02:47.715 [main] INFO  AV.VCU -  OSD 00 currentime 9440.0
speed1527 time 9460.0
03:02:48.680 [main] INFO  AV.VCU -  OSD 00 currentime 9460.0
speed1526 time 9480.0
03:02:49.652 [main] INFO  AV.VCU -  OSD 00 currentime 9480.0
speed1525 time 9500.0
03:02:50.635 [main] INFO  AV.VCU -  OSD 00 currentime 9500.0
speed1524 time 9520.0
03:02:51.625 [main] INFO  AV.VCU -  OSD 00 currentime 9520.0
speed1523 time 9540.0
03:02:52.619 [main] INFO  AV.VCU -  OSD 00 currentime 9540.0
speed1522 time 9560.0
03:02:53.573 [main] INFO  AV.VCU -  OSD 00 currentime 9560.0
speed1521 time 9580.0
03:02:54.546 [main] INFO  AV.VCU -  OSD 00 currentime 9580.0
speed1520 time 9600.0
03:02:55.498 [main] INFO  AV.VCU -  OSD 00 currentime 9600.0
speed1519 time 9620.0
03:02:56.432 [main] INFO  AV.VCU -  OSD 00 currentime 9620.0
speed1518 time 9640.0
03:02:57.338 [main] INFO  AV.VCU -  OSD 00 currentime 9640.0
speed1517 time 9660.0
03:02:58.280 [main] INFO  AV.VCU -  OSD 00 currentime 9660.0
speed1516 time 9680.0
03:02:59.213 [main] INFO  AV.VCU -  OSD 00 currentime 9680.0
speed1515 time 9700.0
03:03:00.209 [main] INFO  AV.VCU -  OSD 00 currentime 9700.0
speed1514 time 9720.0
03:03:01.213 [main] INFO  AV.VCU -  OSD 00 currentime 9720.0
speed1513 time 9740.0
03:03:02.460 [main] INFO  AV.VCU -  OSD 00 currentime 9740.0
speed1512 time 9760.0
03:03:03.456 [main] INFO  AV.VCU -  OSD 00 currentime 9760.0
speed1511 time 9780.0
03:03:04.438 [main] INFO  AV.VCU -  OSD 00 currentime 9780.0
speed1510 time 9800.0
03:03:05.405 [main] INFO  AV.VCU -  OSD 00 currentime 9800.0
speed1509 time 9820.0
03:03:06.389 [main] INFO  AV.VCU -  OSD 00 currentime 9820.0
speed1508 time 9840.0
03:03:07.387 [main] INFO  AV.VCU -  OSD 00 currentime 9840.0
speed1507 time 9860.0
03:03:08.363 [main] INFO  AV.VCU -  OSD 00 currentime 9860.0
speed1506 time 9880.0
03:03:09.371 [main] INFO  AV.VCU -  OSD 00 currentime 9880.0
speed1505 time 9900.0
03:03:10.292 [main] INFO  AV.VCU -  OSD 00 currentime 9900.0
speed1504 time 9920.0
03:03:11.307 [main] INFO  AV.VCU -  OSD 00 currentime 9920.0
speed1503 time 9940.0
03:03:12.294 [main] INFO  AV.VCU -  OSD 00 currentime 9940.0
speed1502 time 9960.0
03:03:13.257 [main] INFO  AV.VCU -  OSD 00 currentime 9960.0
speed1501 time 9980.0
03:03:14.211 [main] INFO  AV.VCU -  OSD 00 currentime 9980.0
speed1500 time 10000.0
03:03:15.176 [main] INFO  AV.VCU -  OSD 00 currentime 10000.0
speed1499 time 10020.0
03:03:16.140 [main] INFO  AV.VCU -  OSD 00 currentime 10020.0
speed1498 time 10040.0
03:03:17.069 [main] INFO  AV.VCU -  OSD 00 currentime 10040.0
speed1497 time 10060.0
03:03:18.069 [main] INFO  AV.VCU -  OSD 00 currentime 10060.0
speed1496 time 10080.0
03:03:19.062 [main] INFO  AV.VCU -  OSD 00 currentime 10080.0
speed1495 time 10100.0
03:03:20.032 [main] INFO  AV.VCU -  OSD 00 currentime 10100.0
speed1494 time 10120.0
03:03:21.028 [main] INFO  AV.VCU -  OSD 00 currentime 10120.0
speed1493 time 10140.0
03:03:22.027 [main] INFO  AV.VCU -  OSD 00 currentime 10140.0
speed1492 time 10160.0
03:03:22.939 [main] INFO  AV.VCU -  OSD 00 currentime 10160.0
speed1491 time 10180.0
03:03:23.882 [main] INFO  AV.VCU -  OSD 00 currentime 10180.0
speed1490 time 10200.0
03:03:24.854 [main] INFO  AV.VCU -  OSD 00 currentime 10200.0
speed1489 time 10220.0
03:03:25.815 [main] INFO  AV.VCU -  OSD 00 currentime 10220.0
speed1488 time 10240.0
03:03:26.806 [main] INFO  AV.VCU -  OSD 00 currentime 10240.0
speed1487 time 10260.0
03:03:27.798 [main] INFO  AV.VCU -  OSD 00 currentime 10260.0
speed1486 time 10280.0
03:03:28.833 [main] INFO  AV.VCU -  OSD 00 currentime 10280.0
speed1485 time 10300.0
03:03:29.856 [main] INFO  AV.VCU -  OSD 00 currentime 10300.0
speed1484 time 10320.0
03:03:30.845 [main] INFO  AV.VCU -  OSD 00 currentime 10320.0
speed1483 time 10340.0
03:03:31.787 [main] INFO  AV.VCU -  OSD 00 currentime 10340.0
speed1482 time 10360.0
03:03:32.386 [main] INFO  AV.VCU -  OSD 00 currentime 10360.0
speed1481 time 10380.0
03:03:32.996 [main] INFO  AV.VCU -  OSD 00 currentime 10380.0
speed1480 time 10400.0
03:03:34.213 [main] INFO  AV.VCU -  OSD 00 currentime 10400.0
speed1479 time 10420.0
03:03:35.199 [main] INFO  AV.VCU -  OSD 00 currentime 10420.0
speed1478 time 10440.0
03:03:36.188 [main] INFO  AV.VCU -  OSD 00 currentime 10440.0
speed1477 time 10460.0
03:03:37.152 [main] INFO  AV.VCU -  OSD 00 currentime 10460.0
speed1476 time 10480.0
03:03:38.188 [main] INFO  AV.VCU -  OSD 00 currentime 10480.0
speed1475 time 10500.0
03:03:39.163 [main] INFO  AV.VCU -  OSD 00 currentime 10500.0
speed1474 time 10520.0
03:03:40.111 [main] INFO  AV.VCU -  OSD 00 currentime 10520.0
speed1473 time 10540.0
03:03:41.101 [main] INFO  AV.VCU -  OSD 00 currentime 10540.0
speed1472 time 10560.0
03:03:42.109 [main] INFO  AV.VCU -  OSD 00 currentime 10560.0
speed1471 time 10580.0
03:03:43.080 [main] INFO  AV.VCU -  OSD 00 currentime 10580.0
speed1470 time 10600.0
03:03:44.068 [main] INFO  AV.VCU -  OSD 00 currentime 10600.0
speed1469 time 10620.0
03:03:45.084 [main] INFO  AV.VCU -  OSD 00 currentime 10620.0
speed1468 time 10640.0
03:03:46.036 [main] INFO  AV.VCU -  OSD 00 currentime 10640.0
speed1467 time 10660.0
03:03:47.009 [main] INFO  AV.VCU -  OSD 00 currentime 10660.0
speed1466 time 10680.0
03:03:47.954 [main] INFO  AV.VCU -  OSD 00 currentime 10680.0
speed1465 time 10700.0
03:03:48.937 [main] INFO  AV.VCU -  OSD 00 currentime 10700.0
speed1464 time 10720.0
03:03:49.852 [main] INFO  AV.VCU -  OSD 00 currentime 10720.0
speed1463 time 10740.0
03:03:50.889 [main] INFO  AV.VCU -  OSD 00 currentime 10740.0
speed1462 time 10760.0
03:03:51.877 [main] INFO  AV.VCU -  OSD 00 currentime 10760.0
speed1461 time 10780.0
03:03:52.861 [main] INFO  AV.VCU -  OSD 00 currentime 10780.0
speed1460 time 10800.0
03:03:53.862 [main] INFO  AV.VCU -  OSD 00 currentime 10800.0
speed1459 time 10820.0
03:03:54.860 [main] INFO  AV.VCU -  OSD 00 currentime 10820.0
speed1458 time 10840.0
03:03:55.842 [main] INFO  AV.VCU -  OSD 00 currentime 10840.0
speed1457 time 10860.0
03:03:56.849 [main] INFO  AV.VCU -  OSD 00 currentime 10860.0
03:03:56.908 [main] INFO  org.cpswt.hla.SynchronizedFederate - VCU-0caee58e-a0ae-428f-a838-8db514d30086: SimEnd interaction received, exiting...
03:03:56.910 [main] INFO  org.cpswt.hla.SynchronizedFederate - Exiting gracefully ....
