
-------------------------------------------------------------------
GMS: address=vagrant-27697, cluster=AV, physical address=10.0.2.15:43693
-------------------------------------------------------------------
05:26:12.663 [main] INFO  AV.VCU - waiting on readyToRun...
05:26:12.919 [main] INFO  AV.VCU - ...synchronized on readyToRun
05:26:12.923 [main] INFO  AV.VCU - started logical time progression
speed0 time 1
speed0 time 2
speed0 time 3
speed0 time 4
speed0 time 5
speed0 time 6
speed0 time 7
speed0 time 8
speed0 time 9
speed0 time 10
speed0 time 11
speed0 time 12
speed0 time 13
speed0 time 14
speed0 time 15
speed0 time 16
speed0 time 17
speed0 time 18
speed0 time 19
speed0 time 20
speed0 time 21
speed3 time 22
speed5.9 time 23
speed8.6 time 24
speed11.5 time 25
speed14.3 time 26
speed16.9 time 27
speed17.3 time 28
speed18.1 time 29
speed20.7 time 30
speed21.7 time 31
speed22.4 time 32
speed22.5 time 33
speed22.1 time 34
speed21.5 time 35
speed20.9 time 36
speed20.4 time 37
speed19.8 time 38
speed17 time 39
speed14.9 time 40
speed14.9 time 41
speed15.2 time 42
speed15.5 time 43
speed16 time 44
speed17.1 time 45
speed19.1 time 46
speed21.1 time 47
speed22.7 time 48
speed22.9 time 49
speed22.7 time 50
speed22.6 time 51
speed21.3 time 52
speed19 time 53
speed17.1 time 54
speed15.8 time 55
speed15.8 time 56
speed17.7 time 57
speed19.8 time 58
speed21.6 time 59
speed23.2 time 60
speed24.2 time 61
speed24.6 time 62
speed24.9 time 63
speed25 time 64
speed24.6 time 65
speed24.5 time 66
speed24.7 time 67
speed24.8 time 68
speed24.7 time 69
speed24.6 time 70
speed24.6 time 71
speed25.1 time 72
speed25.6 time 73
speed25.7 time 74
speed25.4 time 75
speed24.9 time 76
speed25 time 77
speed25.4 time 78
speed26 time 79
speed26 time 80
speed25.7 time 81
speed26.1 time 82
speed26.7 time 83
speed27.5 time 84
speed28.6 time 85
speed29.3 time 86
speed29.8 time 87
speed30.1 time 88
speed30.4 time 89
speed30.7 time 90
speed30.7 time 91
speed30.5 time 92
speed30.4 time 93
speed30.3 time 94
speed30.4 time 95
speed30.8 time 96
speed30.4 time 97
speed29.9 time 98
speed29.5 time 99
speed29.8 time 100
speed30.3 time 101
speed30.7 time 102
speed30.9 time 103
speed31 time 104
speed30.9 time 105
speed30.4 time 106
speed29.8 time 107
speed29.9 time 108
speed30.2 time 109
speed30.7 time 110
speed31.2 time 111
speed31.8 time 112
speed32.2 time 113
speed32.4 time 114
speed32.2 time 115
speed31.7 time 116
speed28.6 time 117
speed25.3 time 118
speed22 time 119
speed18.7 time 120
speed15.4 time 121
speed12.1 time 122
speed8.8 time 123
speed5.5 time 124
speed2.2 time 125
speed0 time 126
speed0 time 127
speed0 time 128
speed0 time 129
speed0 time 130
speed0 time 131
speed0 time 132
speed0 time 133
speed0 time 134
speed0 time 135
speed0 time 136
speed0 time 137
speed0 time 138
speed0 time 139
speed0 time 140
speed0 time 141
speed0 time 142
speed0 time 143
speed0 time 144
speed0 time 145
speed0 time 146
speed0 time 147
speed0 time 148
speed0 time 149
speed0 time 150
speed0 time 151
speed0 time 152
speed0 time 153
speed0 time 154
speed0 time 155
speed0 time 156
speed0 time 157
speed0 time 158
speed0 time 159
speed0 time 160
speed0 time 161
speed0 time 162
speed0 time 163
speed0 time 164
speed3.3 time 165
speed6.6 time 166
speed9.9 time 167
speed13.2 time 168
speed16.5 time 169
speed19.8 time 170
speed22.2 time 171
speed24.3 time 172
speed25.8 time 173
speed26.4 time 174
speed25.7 time 175
speed25.1 time 176
speed24.7 time 177
speed25 time 178
speed25.2 time 179
speed25.4 time 180
speed25.8 time 181
speed27.2 time 182
speed26.5 time 183
speed24 time 184
speed22.7 time 185
speed19.4 time 186
speed17.7 time 187
speed17.2 time 188
speed18.1 time 189
speed18.6 time 190
speed20 time 191
speed22.2 time 192
speed24.5 time 193
speed27.3 time 194
speed30.5 time 195
speed33.5 time 196
speed36.2 time 197
speed37.3 time 198
speed39.3 time 199
speed40.5 time 200
speed42.1 time 201
speed43.5 time 202
speed45.1 time 203
speed46 time 204
speed46.8 time 205
speed47.5 time 206
speed47.5 time 207
speed47.3 time 208
speed47.2 time 209
speed47 time 210
speed47 time 211
speed47 time 212
speed47 time 213
speed47 time 214
speed47.2 time 215
speed47.4 time 216
speed47.9 time 217
speed48.5 time 218
speed49.1 time 219
speed49.5 time 220
speed50 time 221
speed50.6 time 222
speed51 time 223
speed51.5 time 224
speed52.2 time 225
speed53.2 time 226
speed54.1 time 227
speed54.6 time 228
speed54.9 time 229
speed55 time 230
speed54.9 time 231
speed54.6 time 232
speed54.6 time 233
speed54.8 time 234
speed55.1 time 235
speed55.5 time 236
speed55.7 time 237
speed56.1 time 238
speed56.3 time 239
speed56.6 time 240
speed56.7 time 241
speed56.7 time 242
speed56.5 time 243
speed56.5 time 244
speed56.5 time 245
speed56.5 time 246
speed56.5 time 247
speed56.5 time 248
speed56.4 time 249
speed56.1 time 250
speed55.8 time 251
speed55.1 time 252
speed54.6 time 253
speed54.2 time 254
