
-------------------------------------------------------------------
GMS: address=vagrant-23497, cluster=AV, physical address=10.0.2.15:40682
-------------------------------------------------------------------
01:33:46.985 [main] INFO  AV.VCU - waiting on readyToRun...
01:33:47.245 [main] INFO  AV.VCU - ...synchronized on readyToRun
01:33:47.248 [main] INFO  AV.VCU - started logical time progression
speed0 time 1.0
speed1999 time 11.0
speed1998 time 21.0
speed1997 time 31.0
speed1996 time 41.0
speed1995 time 51.0
speed1994 time 61.0
speed1993 time 71.0
speed1992 time 81.0
speed1991 time 91.0
speed1990 time 101.0
speed1989 time 111.0
speed1988 time 121.0
speed1987 time 131.0
speed1986 time 141.0
speed1985 time 151.0
speed1984 time 161.0
speed1983 time 171.0
speed1982 time 181.0
speed1981 time 191.0
speed1980 time 201.0
speed1979 time 211.0
speed1978 time 221.0
speed1977 time 231.0
speed1976 time 241.0
speed1975 time 251.0
speed1974 time 261.0
speed1973 time 271.0
speed1972 time 281.0
speed1971 time 291.0
speed1970 time 301.0
speed1969 time 311.0
speed1968 time 321.0
speed1967 time 331.0
speed1966 time 341.0
speed1965 time 351.0
speed1964 time 361.0
speed1963 time 371.0
speed1962 time 381.0
speed1961 time 391.0
speed1960 time 401.0
speed1959 time 411.0
speed1958 time 421.0
speed1957 time 431.0
speed1956 time 441.0
speed1955 time 451.0
speed1954 time 461.0
speed1953 time 471.0
speed1952 time 481.0
speed1951 time 491.0
speed1950 time 501.0
speed1949 time 511.0
speed1948 time 521.0
speed1947 time 531.0
speed1946 time 541.0
speed1945 time 551.0
speed1944 time 561.0
speed1943 time 571.0
speed1942 time 581.0
speed1941 time 591.0
speed1940 time 601.0
speed1939 time 611.0
speed1938 time 621.0
speed1937 time 631.0
speed1936 time 641.0
speed1935 time 651.0
speed1934 time 661.0
speed1933 time 671.0
speed1932 time 681.0
speed1931 time 691.0
speed1930 time 701.0
speed1929 time 711.0
speed1928 time 721.0
speed1927 time 731.0
speed1926 time 741.0
speed1925 time 751.0
speed1924 time 761.0
speed1923 time 771.0
speed1922 time 781.0
speed1921 time 791.0
speed1920 time 801.0
speed1919 time 811.0
speed1918 time 821.0
speed1917 time 831.0
speed1916 time 841.0
speed1915 time 851.0
speed1914 time 861.0
speed1913 time 871.0
speed1912 time 881.0
speed1911 time 891.0
speed1910 time 901.0
speed1909 time 911.0
speed1908 time 921.0
speed1907 time 931.0
speed1906 time 941.0
speed1905 time 951.0
speed1904 time 961.0
speed1903 time 971.0
speed1902 time 981.0
speed1901 time 991.0
speed1900 time 1001.0
speed1899 time 1011.0
speed1898 time 1021.0
speed1897 time 1031.0
speed1896 time 1041.0
speed1895 time 1051.0
speed1894 time 1061.0
speed1893 time 1071.0
speed1892 time 1081.0
speed1891 time 1091.0
speed1890 time 1101.0
speed1889 time 1111.0
speed1888 time 1121.0
speed1887 time 1131.0
speed1886 time 1141.0
speed1885 time 1151.0
