
-------------------------------------------------------------------
GMS: address=vagrant-7523, cluster=AV, physical address=10.0.2.15:33889
-------------------------------------------------------------------
00:17:08.489 [main] INFO  AV.VCU - waiting on readyToRun...
00:17:08.751 [main] INFO  AV.VCU - ...synchronized on readyToRun
00:17:08.755 [main] INFO  AV.VCU - started logical time progression
speed0 time 4.0
speed0 time 5.0
speed0 time 24.0
speed0 time 25.0
speed0 time 44.0
speed0 time 45.0
speed0 time 64.0
speed0 time 65.0
speed0 time 84.0
speed0 time 85.0
speed0 time 104.0
speed0 time 105.0
speed0 time 124.0
speed0 time 125.0
speed0 time 144.0
speed0 time 145.0
speed0 time 164.0
speed0 time 165.0
speed0 time 184.0
speed0 time 185.0
speed0 time 204.0
speed0 time 205.0
speed0 time 224.0
speed0 time 225.0
speed0 time 244.0
speed0 time 245.0
speed0 time 264.0
speed0 time 265.0
speed0 time 284.0
speed0 time 285.0
speed0 time 304.0
speed0 time 305.0
speed0 time 324.0
speed0 time 325.0
speed0 time 344.0
speed0 time 345.0
speed0 time 364.0
speed0 time 365.0
speed0 time 384.0
speed0 time 385.0
speed0 time 404.0
speed0 time 405.0
speed0 time 424.0
speed0 time 425.0
speed0 time 444.0
speed0 time 445.0
speed0 time 464.0
speed0 time 465.0
speed0 time 484.0
speed0 time 485.0
speed0 time 504.0
speed0 time 505.0
speed0 time 524.0
speed0 time 525.0
speed0 time 544.0
speed0 time 545.0
speed0 time 564.0
speed0 time 565.0
speed0 time 584.0
speed0 time 585.0
speed0 time 604.0
speed0 time 605.0
speed0 time 624.0
speed0 time 625.0
speed0 time 644.0
speed0 time 645.0
speed0 time 664.0
speed0 time 665.0
speed0 time 684.0
speed0 time 685.0
speed0 time 704.0
speed0 time 705.0
speed0 time 724.0
speed0 time 725.0
speed0 time 744.0
speed0 time 745.0
speed0 time 764.0
speed0 time 765.0
speed0 time 784.0
speed0 time 785.0
speed0 time 804.0
speed0 time 805.0
speed0 time 824.0
speed0 time 825.0
speed0 time 844.0
speed0 time 845.0
speed0 time 864.0
speed0 time 865.0
speed0 time 884.0
speed0 time 885.0
speed0 time 904.0
speed0 time 905.0
speed0 time 924.0
speed0 time 925.0
speed0 time 944.0
speed0 time 945.0
speed0 time 964.0
speed0 time 965.0
speed0 time 984.0
speed0 time 985.0
speed0 time 1004.0
speed0 time 1005.0
speed0 time 1024.0
speed0 time 1025.0
speed0 time 1044.0
speed0 time 1045.0
speed0 time 1064.0
speed0 time 1065.0
speed0 time 1084.0
speed0 time 1085.0
speed0 time 1104.0
speed0 time 1105.0
speed0 time 1124.0
speed0 time 1125.0
speed0 time 1144.0
speed0 time 1145.0
speed0 time 1164.0
speed0 time 1165.0
speed0 time 1184.0
speed0 time 1185.0
speed0 time 1204.0
speed0 time 1205.0
speed0 time 1224.0
speed0 time 1225.0
speed0 time 1244.0
speed0 time 1245.0
speed0 time 1264.0
speed0 time 1265.0
speed0 time 1284.0
speed0 time 1285.0
speed0 time 1304.0
speed0 time 1305.0
speed0 time 1324.0
speed0 time 1325.0
speed0 time 1344.0
speed0 time 1345.0
speed0 time 1364.0
speed0 time 1365.0
speed0 time 1384.0
speed0 time 1385.0
speed0 time 1404.0
speed0 time 1405.0
speed0 time 1424.0
speed0 time 1425.0
speed0 time 1444.0
speed0 time 1445.0
speed0 time 1464.0
speed0 time 1465.0
speed0 time 1484.0
speed0 time 1485.0
speed0 time 1504.0
speed0 time 1505.0
speed0 time 1524.0
speed0 time 1525.0
speed0 time 1544.0
speed0 time 1545.0
speed0 time 1564.0
speed0 time 1565.0
speed0 time 1584.0
speed0 time 1585.0
speed0 time 1604.0
speed0 time 1605.0
speed0 time 1624.0
speed0 time 1625.0
speed0 time 1644.0
speed0 time 1645.0
speed0 time 1664.0
speed0 time 1665.0
speed0 time 1684.0
speed0 time 1685.0
speed0 time 1704.0
speed0 time 1705.0
speed0 time 1724.0
speed0 time 1725.0
speed0 time 1744.0
speed0 time 1745.0
speed0 time 1764.0
speed0 time 1765.0
speed0 time 1784.0
speed0 time 1785.0
speed0 time 1804.0
speed0 time 1805.0
speed0 time 1824.0
speed0 time 1825.0
speed0 time 1844.0
speed0 time 1845.0
speed0 time 1864.0
speed0 time 1865.0
speed0 time 1884.0
speed0 time 1885.0
speed0 time 1904.0
speed0 time 1905.0
speed0 time 1924.0
speed0 time 1925.0
speed0 time 1944.0
speed0 time 1945.0
