
-------------------------------------------------------------------
GMS: address=vagrant-52852, cluster=AV, physical address=10.0.2.15:51557
-------------------------------------------------------------------
03:02:00.990 [main] INFO  AV.VCU - waiting on readyToPopulate...
03:02:19.426 [main] INFO  AV.VCU - ...synchronized on readyToPopulate
03:02:19.426 [main] INFO  AV.VCU - waiting on readyToRun...
03:02:19.684 [main] INFO  AV.VCU - ...synchronized on readyToRun
03:02:19.691 [main] INFO  AV.VCU - started logical time progression
03:02:19.830 [main] INFO  AV.VCU - speed(t-1)=  0 time(t-1)= 0.0  speed(t)=  0 time(t)= 0.10001  Scenario  PARKED cuRRent logical time  1.0 current simulation time  0.002
03:02:20.954 [main] INFO  AV.VCU - ABS Speed : 51 ABS_Event_Status    : placeholder & current time is  2.0  message time is 0.2 case 0
03:02:21.041 [main] INFO  AV.VCU - ABS Speed : 77 ABS_Event_Status    : placeholder & current time is  3.0  message time is 1.2 case 1
03:02:21.091 [main] INFO  AV.VCU - speed(t-1)=  0 time(t-1)= 0.10001  speed(t)=  0 time(t)= 0.10001  Scenario  PARKED cuRRent logical time  4.0 current simulation time  0.008
03:02:21.306 [main] INFO  AV.VCU - speed(t-1)=  0 time(t-1)= 0.10001  speed(t)=  0 time(t)= 0.10001  Scenario  PARKED cuRRent logical time  7.0 current simulation time  0.014
03:02:21.354 [main] INFO  AV.VCU - speed(t-1)=  0 time(t-1)= 0.10001  speed(t)=  0 time(t)= 0.10001  Scenario  PARKED cuRRent logical time  8.0 current simulation time  0.016
03:02:21.684 [main] INFO  AV.VCU - speed(t-1)=  0 time(t-1)= 0.10001  speed(t)=  0 time(t)= 0.10001  Scenario  PARKED cuRRent logical time  11.0 current simulation time  0.022
03:02:21.731 [main] INFO  AV.VCU - speed(t-1)=  0 time(t-1)= 0.10001  speed(t)=  0 time(t)= 0.10001  Scenario  PARKED cuRRent logical time  12.0 current simulation time  0.024
03:02:21.900 [main] INFO  AV.VCU - ABS Speed : 77 ABS_Event_Status    : eFcLJFucEl & current time is  14.0  message time is 13.2 case 3
03:02:21.987 [main] INFO  AV.VCU - speed(t-1)=  0 time(t-1)= 0.10001  speed(t)=  0 time(t)= 0.10001  Scenario  PARKED cuRRent logical time  15.0 current simulation time  0.03
03:02:21.990 [main] INFO  AV.VCU - ABS Speed : 77 ABS_Event_Status    : eFcLJFucEl & current time is  15.0  message time is 13.2 case 3
03:02:22.049 [main] INFO  AV.VCU - speed(t-1)=  0 time(t-1)= 0.10001  speed(t)=  0 time(t)= 0.10001  Scenario  PARKED cuRRent logical time  16.0 current simulation time  0.032
03:02:22.116 [main] INFO  AV.VCU - speed(t-1)=  0 time(t-1)= 0.10001  speed(t)=  0 time(t)= 0.10001  Scenario  PARKED cuRRent logical time  17.0 current simulation time  0.034
03:02:22.238 [main] INFO  AV.VCU - speed(t-1)=  0 time(t-1)= 0.10001  speed(t)=  0 time(t)= 0.10001  Scenario  PARKED cuRRent logical time  18.0 current simulation time  0.036000000000000004
03:02:22.291 [main] INFO  AV.VCU - speed(t-1)=  0 time(t-1)= 0.10001  speed(t)=  0 time(t)= 0.10001  Scenario  PARKED cuRRent logical time  19.0 current simulation time  0.038
03:02:22.447 [main] INFO  AV.VCU - speed(t-1)=  0 time(t-1)= 0.10001  speed(t)=  0 time(t)= 0.10001  Scenario  PARKED cuRRent logical time  20.0 current simulation time  0.04
03:02:22.608 [main] INFO  AV.VCU - ABS Speed : 59 ABS_Event_Status    : eFcLJFucEl & current time is  22.0  message time is 21.2 case 1
03:02:22.709 [main] INFO  AV.VCU - speed(t-1)=  0 time(t-1)= 0.10001  speed(t)=  0 time(t)= 0.10001  Scenario  PARKED cuRRent logical time  23.0 current simulation time  0.046
03:02:22.711 [main] INFO  AV.VCU - ABS Speed : 59 ABS_Event_Status    : eFcLJFucEl & current time is  23.0  message time is 21.2 case 1
03:02:22.762 [main] INFO  AV.VCU - speed(t-1)=  0 time(t-1)= 0.10001  speed(t)=  0 time(t)= 0.10001  Scenario  PARKED cuRRent logical time  24.0 current simulation time  0.048
03:02:23.056 [main] INFO  AV.VCU - speed(t-1)=  0 time(t-1)= 0.10001  speed(t)=  0 time(t)= 0.10001  Scenario  PARKED cuRRent logical time  27.0 current simulation time  0.054
03:02:23.119 [main] INFO  AV.VCU - speed(t-1)=  0 time(t-1)= 0.10001  speed(t)=  0 time(t)= 0.10001  Scenario  PARKED cuRRent logical time  28.0 current simulation time  0.056
03:02:23.294 [main] INFO  AV.VCU - speed(t-1)=  0 time(t-1)= 0.10001  speed(t)=  0 time(t)= 0.10001  Scenario  PARKED cuRRent logical time  31.0 current simulation time  0.062
03:02:23.376 [main] INFO  AV.VCU - speed(t-1)=  0 time(t-1)= 0.10001  speed(t)=  0 time(t)= 0.10001  Scenario  PARKED cuRRent logical time  32.0 current simulation time  0.064
03:02:23.529 [main] INFO  AV.VCU - ABS Speed : 59 ABS_Event_Status    : fRMrdVqAiv & current time is  34.0  message time is 33.2 case 3
03:02:23.592 [main] INFO  AV.VCU - speed(t-1)=  0 time(t-1)= 0.10001  speed(t)=  0 time(t)= 0.10001  Scenario  PARKED cuRRent logical time  35.0 current simulation time  0.07
03:02:23.596 [main] INFO  AV.VCU - ABS Speed : 59 ABS_Event_Status    : fRMrdVqAiv & current time is  35.0  message time is 33.2 case 3
03:02:23.652 [main] INFO  AV.VCU - speed(t-1)=  0 time(t-1)= 0.10001  speed(t)=  0 time(t)= 0.10001  Scenario  PARKED cuRRent logical time  36.0 current simulation time  0.07200000000000001
03:02:23.720 [main] INFO  AV.VCU - speed(t-1)=  0 time(t-1)= 0.10001  speed(t)=  0 time(t)= 0.10001  Scenario  PARKED cuRRent logical time  37.0 current simulation time  0.074
03:02:23.794 [main] INFO  AV.VCU - speed(t-1)=  0 time(t-1)= 0.10001  speed(t)=  0 time(t)= 0.10001  Scenario  PARKED cuRRent logical time  38.0 current simulation time  0.076
03:02:23.876 [main] INFO  AV.VCU - speed(t-1)=  0 time(t-1)= 0.10001  speed(t)=  0 time(t)= 0.10001  Scenario  PARKED cuRRent logical time  39.0 current simulation time  0.078
03:02:23.931 [main] INFO  AV.VCU - speed(t-1)=  0 time(t-1)= 0.10001  speed(t)=  0 time(t)= 0.10001  Scenario  PARKED cuRRent logical time  40.0 current simulation time  0.08
03:02:24.071 [main] INFO  AV.VCU - ABS Speed : 79 ABS_Event_Status    : fRMrdVqAiv & current time is  42.0  message time is 41.2 case 1
03:02:24.169 [main] INFO  AV.VCU - speed(t-1)=  0 time(t-1)= 0.10001  speed(t)=  0 time(t)= 0.10001  Scenario  PARKED cuRRent logical time  43.0 current simulation time  0.08600000000000001
03:02:24.171 [main] INFO  AV.VCU - ABS Speed : 79 ABS_Event_Status    : fRMrdVqAiv & current time is  43.0  message time is 41.2 case 1
03:02:24.230 [main] INFO  AV.VCU - speed(t-1)=  0 time(t-1)= 0.10001  speed(t)=  0 time(t)= 0.10001  Scenario  PARKED cuRRent logical time  44.0 current simulation time  0.088
03:02:24.445 [main] INFO  AV.VCU - speed(t-1)=  0 time(t-1)= 0.10001  speed(t)=  0 time(t)= 0.10001  Scenario  PARKED cuRRent logical time  47.0 current simulation time  0.094
03:02:24.499 [main] INFO  AV.VCU - speed(t-1)=  0 time(t-1)= 0.10001  speed(t)=  0 time(t)= 0.10001  Scenario  PARKED cuRRent logical time  48.0 current simulation time  0.096
03:02:24.720 [main] INFO  AV.VCU - speed(t-1)=  0 time(t-1)= 0.10001  speed(t)=  0 time(t)= 0.10001  Scenario  PARKED cuRRent logical time  51.0 current simulation time  0.10200000000000001
03:02:24.776 [main] INFO  AV.VCU - speed(t-1)=  0 time(t-1)= 0.10001  speed(t)=  0 time(t)= 0.10001  Scenario  PARKED cuRRent logical time  52.0 current simulation time  0.10400000000000001
03:02:24.887 [main] INFO  AV.VCU - ABS Speed : 79 ABS_Event_Status    : gepEbURrgs & current time is  54.0  message time is 53.2 case 3
03:02:24.986 [main] INFO  AV.VCU - speed(t-1)=  0 time(t-1)= 0.10001  speed(t)=  0 time(t)= 0.10001  Scenario  PARKED cuRRent logical time  55.0 current simulation time  0.11
03:02:24.987 [main] INFO  AV.VCU - ABS Speed : 79 ABS_Event_Status    : gepEbURrgs & current time is  55.0  message time is 53.2 case 3
03:02:25.029 [main] INFO  AV.VCU - speed(t-1)=  0 time(t-1)= 0.10001  speed(t)=  0 time(t)= 0.10001  Scenario  PARKED cuRRent logical time  56.0 current simulation time  0.112
03:02:25.085 [main] INFO  AV.VCU - speed(t-1)=  0 time(t-1)= 0.10001  speed(t)=  0 time(t)= 0.10001  Scenario  PARKED cuRRent logical time  57.0 current simulation time  0.114
03:02:25.142 [main] INFO  AV.VCU - speed(t-1)=  0 time(t-1)= 0.10001  speed(t)=  0 time(t)= 0.10001  Scenario  PARKED cuRRent logical time  58.0 current simulation time  0.116
03:02:25.201 [main] INFO  AV.VCU - speed(t-1)=  0 time(t-1)= 0.10001  speed(t)=  0 time(t)= 0.10001  Scenario  PARKED cuRRent logical time  59.0 current simulation time  0.11800000000000001
03:02:25.258 [main] INFO  AV.VCU - speed(t-1)=  0 time(t-1)= 0.10001  speed(t)=  0 time(t)= 0.10001  Scenario  PARKED cuRRent logical time  60.0 current simulation time  0.12
03:02:25.380 [main] INFO  AV.VCU - ABS Speed : 79 ABS_Event_Status    : gepEbURrgs & current time is  62.0  message time is 61.2 case 1
03:02:25.431 [main] INFO  AV.VCU - speed(t-1)=  0 time(t-1)= 0.10001  speed(t)=  0 time(t)= 0.10001  Scenario  PARKED cuRRent logical time  63.0 current simulation time  0.126
03:02:25.433 [main] INFO  AV.VCU - ABS Speed : 79 ABS_Event_Status    : gepEbURrgs & current time is  63.0  message time is 61.2 case 1
03:02:25.508 [main] INFO  AV.VCU - speed(t-1)=  0 time(t-1)= 0.10001  speed(t)=  0 time(t)= 0.10001  Scenario  PARKED cuRRent logical time  64.0 current simulation time  0.128
03:02:25.691 [main] INFO  AV.VCU - speed(t-1)=  0 time(t-1)= 0.10001  speed(t)=  0 time(t)= 0.10001  Scenario  PARKED cuRRent logical time  67.0 current simulation time  0.134
03:02:25.759 [main] INFO  AV.VCU - speed(t-1)=  0 time(t-1)= 0.10001  speed(t)=  0 time(t)= 0.10001  Scenario  PARKED cuRRent logical time  68.0 current simulation time  0.136
03:02:25.921 [main] INFO  AV.VCU - speed(t-1)=  0 time(t-1)= 0.10001  speed(t)=  0 time(t)= 0.10001  Scenario  PARKED cuRRent logical time  71.0 current simulation time  0.14200000000000002
03:02:26.007 [main] INFO  AV.VCU - speed(t-1)=  0 time(t-1)= 0.10001  speed(t)=  0 time(t)= 0.10001  Scenario  PARKED cuRRent logical time  72.0 current simulation time  0.14400000000000002
03:02:26.135 [main] INFO  AV.VCU - ABS Speed : 79 ABS_Event_Status    : kghZeaflGz & current time is  74.0  message time is 73.2 case 3
03:02:26.281 [main] INFO  AV.VCU - speed(t-1)=  0 time(t-1)= 0.10001  speed(t)=  0 time(t)= 0.10001  Scenario  PARKED cuRRent logical time  75.0 current simulation time  0.15
03:02:26.281 [main] INFO  AV.VCU - ABS Speed : 79 ABS_Event_Status    : kghZeaflGz & current time is  75.0  message time is 73.2 case 3
03:02:26.330 [main] INFO  AV.VCU - speed(t-1)=  0 time(t-1)= 0.10001  speed(t)=  0 time(t)= 0.10001  Scenario  PARKED cuRRent logical time  76.0 current simulation time  0.152
03:02:26.389 [main] INFO  AV.VCU - speed(t-1)=  0 time(t-1)= 0.10001  speed(t)=  0 time(t)= 0.10001  Scenario  PARKED cuRRent logical time  77.0 current simulation time  0.154
03:02:26.435 [main] INFO  AV.VCU - speed(t-1)=  0 time(t-1)= 0.10001  speed(t)=  0 time(t)= 0.10001  Scenario  PARKED cuRRent logical time  78.0 current simulation time  0.156
03:02:26.517 [main] INFO  AV.VCU - speed(t-1)=  0 time(t-1)= 0.10001  speed(t)=  0 time(t)= 0.10001  Scenario  PARKED cuRRent logical time  79.0 current simulation time  0.158
03:02:26.566 [main] INFO  AV.VCU - speed(t-1)=  0 time(t-1)= 0.10001  speed(t)=  0 time(t)= 0.10001  Scenario  PARKED cuRRent logical time  80.0 current simulation time  0.16
03:02:26.682 [main] INFO  AV.VCU - ABS Speed : 69 ABS_Event_Status    : kghZeaflGz & current time is  82.0  message time is 81.2 case 1
03:02:26.755 [main] INFO  AV.VCU - speed(t-1)=  0 time(t-1)= 0.10001  speed(t)=  0 time(t)= 0.10001  Scenario  PARKED cuRRent logical time  83.0 current simulation time  0.166
03:02:26.757 [main] INFO  AV.VCU - ABS Speed : 69 ABS_Event_Status    : kghZeaflGz & current time is  83.0  message time is 81.2 case 1
03:02:26.812 [main] INFO  AV.VCU - speed(t-1)=  0 time(t-1)= 0.10001  speed(t)=  0 time(t)= 0.10001  Scenario  PARKED cuRRent logical time  84.0 current simulation time  0.168
03:02:27.055 [main] INFO  AV.VCU - speed(t-1)=  0 time(t-1)= 0.10001  speed(t)=  0 time(t)= 0.10001  Scenario  PARKED cuRRent logical time  87.0 current simulation time  0.17400000000000002
03:02:27.104 [main] INFO  AV.VCU - speed(t-1)=  0 time(t-1)= 0.10001  speed(t)=  0 time(t)= 0.10001  Scenario  PARKED cuRRent logical time  88.0 current simulation time  0.176
03:02:27.267 [main] INFO  AV.VCU - speed(t-1)=  0 time(t-1)= 0.10001  speed(t)=  0 time(t)= 0.10001  Scenario  PARKED cuRRent logical time  91.0 current simulation time  0.182
03:02:27.314 [main] INFO  AV.VCU - speed(t-1)=  0 time(t-1)= 0.10001  speed(t)=  0 time(t)= 0.10001  Scenario  PARKED cuRRent logical time  92.0 current simulation time  0.184
03:02:27.431 [main] INFO  AV.VCU - ABS Speed : 69 ABS_Event_Status    : YlSSSmMgrH & current time is  94.0  message time is 93.2 case 3
03:02:27.508 [main] INFO  AV.VCU - speed(t-1)=  0 time(t-1)= 0.10001  speed(t)=  0 time(t)= 0.10001  Scenario  PARKED cuRRent logical time  95.0 current simulation time  0.19
03:02:27.509 [main] INFO  AV.VCU - ABS Speed : 69 ABS_Event_Status    : YlSSSmMgrH & current time is  95.0  message time is 93.2 case 3
03:02:27.561 [main] INFO  AV.VCU - speed(t-1)=  0 time(t-1)= 0.10001  speed(t)=  0 time(t)= 0.10001  Scenario  PARKED cuRRent logical time  96.0 current simulation time  0.192
03:02:27.606 [main] INFO  AV.VCU - speed(t-1)=  0 time(t-1)= 0.10001  speed(t)=  0 time(t)= 0.10001  Scenario  PARKED cuRRent logical time  97.0 current simulation time  0.194
03:02:27.658 [main] INFO  AV.VCU - speed(t-1)=  0 time(t-1)= 0.10001  speed(t)=  0 time(t)= 0.10001  Scenario  PARKED cuRRent logical time  98.0 current simulation time  0.196
03:02:27.847 [main] INFO  AV.VCU - speed(t-1)=  0 time(t-1)= 0.10001  speed(t)=  0 time(t)= 0.10001  Scenario  PARKED cuRRent logical time  99.0 current simulation time  0.198
03:02:27.908 [main] INFO  AV.VCU - speed(t-1)=  0 time(t-1)= 0.10001  speed(t)=  0 time(t)= 0.10001  Scenario  PARKED cuRRent logical time  100.0 current simulation time  0.2
03:02:28.038 [main] INFO  AV.VCU - ABS Speed : 51 ABS_Event_Status    : YlSSSmMgrH & current time is  102.0  message time is 101.2 case 1
03:02:28.098 [main] INFO  AV.VCU - speed(t-1)=  0 time(t-1)= 0.10001  speed(t)=  0 time(t)= 0.10001  Scenario  PARKED cuRRent logical time  103.0 current simulation time  0.20600000000000002
03:02:28.099 [main] INFO  AV.VCU - ABS Speed : 51 ABS_Event_Status    : YlSSSmMgrH & current time is  103.0  message time is 101.2 case 1
03:02:28.149 [main] INFO  AV.VCU - speed(t-1)=  0 time(t-1)= 0.10001  speed(t)=  0 time(t)= 0.10001  Scenario  PARKED cuRRent logical time  104.0 current simulation time  0.20800000000000002
03:02:28.343 [main] INFO  AV.VCU - speed(t-1)=  0 time(t-1)= 0.10001  speed(t)=  0 time(t)= 0.10001  Scenario  PARKED cuRRent logical time  107.0 current simulation time  0.214
03:02:28.395 [main] INFO  AV.VCU - speed(t-1)=  0 time(t-1)= 0.10001  speed(t)=  0 time(t)= 0.10001  Scenario  PARKED cuRRent logical time  108.0 current simulation time  0.216
03:02:28.572 [main] INFO  AV.VCU - speed(t-1)=  0 time(t-1)= 0.10001  speed(t)=  0 time(t)= 0.10001  Scenario  PARKED cuRRent logical time  111.0 current simulation time  0.222
03:02:28.629 [main] INFO  AV.VCU - speed(t-1)=  0 time(t-1)= 0.10001  speed(t)=  0 time(t)= 0.10001  Scenario  PARKED cuRRent logical time  112.0 current simulation time  0.224
03:02:28.738 [main] INFO  AV.VCU - ABS Speed : 51 ABS_Event_Status    : ATdtAlcApk & current time is  114.0  message time is 113.2 case 3
03:02:28.842 [main] INFO  AV.VCU - speed(t-1)=  0 time(t-1)= 0.10001  speed(t)=  0 time(t)= 0.10001  Scenario  PARKED cuRRent logical time  115.0 current simulation time  0.23
03:02:28.844 [main] INFO  AV.VCU - ABS Speed : 51 ABS_Event_Status    : ATdtAlcApk & current time is  115.0  message time is 113.2 case 3
03:02:28.897 [main] INFO  AV.VCU - speed(t-1)=  0 time(t-1)= 0.10001  speed(t)=  0 time(t)= 0.10001  Scenario  PARKED cuRRent logical time  116.0 current simulation time  0.232
03:02:28.940 [main] INFO  AV.VCU - speed(t-1)=  0 time(t-1)= 0.10001  speed(t)=  0 time(t)= 0.10001  Scenario  PARKED cuRRent logical time  117.0 current simulation time  0.234
03:02:28.999 [main] INFO  AV.VCU - speed(t-1)=  0 time(t-1)= 0.10001  speed(t)=  0 time(t)= 0.10001  Scenario  PARKED cuRRent logical time  118.0 current simulation time  0.23600000000000002
03:02:29.055 [main] INFO  AV.VCU - speed(t-1)=  0 time(t-1)= 0.10001  speed(t)=  0 time(t)= 0.10001  Scenario  PARKED cuRRent logical time  119.0 current simulation time  0.23800000000000002
03:02:29.110 [main] INFO  AV.VCU - speed(t-1)=  0 time(t-1)= 0.10001  speed(t)=  0 time(t)= 0.10001  Scenario  PARKED cuRRent logical time  120.0 current simulation time  0.24
03:02:29.218 [main] INFO  AV.VCU - ABS Speed : 85 ABS_Event_Status    : ATdtAlcApk & current time is  122.0  message time is 121.2 case 1
03:02:29.242 [main] INFO  AV.VCU - speed(t-1)=  0 time(t-1)= 0.10001  speed(t)=  0 time(t)= 0.10001  Scenario  PARKED cuRRent logical time  123.0 current simulation time  0.246
03:02:29.242 [main] INFO  AV.VCU - ABS Speed : 85 ABS_Event_Status    : ATdtAlcApk & current time is  123.0  message time is 121.2 case 1
03:02:29.329 [main] INFO  AV.VCU - speed(t-1)=  0 time(t-1)= 0.10001  speed(t)=  0 time(t)= 0.10001  Scenario  PARKED cuRRent logical time  124.0 current simulation time  0.248
03:02:29.488 [main] INFO  AV.VCU - speed(t-1)=  0 time(t-1)= 0.10001  speed(t)=  0 time(t)= 0.10001  Scenario  PARKED cuRRent logical time  127.0 current simulation time  0.254
03:02:29.554 [main] INFO  AV.VCU - speed(t-1)=  0 time(t-1)= 0.10001  speed(t)=  0 time(t)= 0.10001  Scenario  PARKED cuRRent logical time  128.0 current simulation time  0.256
03:02:29.744 [main] INFO  AV.VCU - speed(t-1)=  0 time(t-1)= 0.10001  speed(t)=  0 time(t)= 0.10001  Scenario  PARKED cuRRent logical time  131.0 current simulation time  0.262
03:02:29.822 [main] INFO  AV.VCU - speed(t-1)=  0 time(t-1)= 0.10001  speed(t)=  0 time(t)= 0.10001  Scenario  PARKED cuRRent logical time  132.0 current simulation time  0.264
03:02:29.947 [main] INFO  AV.VCU - ABS Speed : 85 ABS_Event_Status    : mlzmEVCMbq & current time is  134.0  message time is 133.2 case 3
03:02:30.002 [main] INFO  AV.VCU - speed(t-1)=  0 time(t-1)= 0.10001  speed(t)=  0 time(t)= 0.10001  Scenario  PARKED cuRRent logical time  135.0 current simulation time  0.27
03:02:30.004 [main] INFO  AV.VCU - ABS Speed : 85 ABS_Event_Status    : mlzmEVCMbq & current time is  135.0  message time is 133.2 case 3
03:02:30.044 [main] INFO  AV.VCU - speed(t-1)=  0 time(t-1)= 0.10001  speed(t)=  0 time(t)= 0.10001  Scenario  PARKED cuRRent logical time  136.0 current simulation time  0.272
03:02:30.114 [main] INFO  AV.VCU - speed(t-1)=  0 time(t-1)= 0.10001  speed(t)=  0 time(t)= 0.10001  Scenario  PARKED cuRRent logical time  137.0 current simulation time  0.274
03:02:30.189 [main] INFO  AV.VCU - speed(t-1)=  0 time(t-1)= 0.10001  speed(t)=  0 time(t)= 0.10001  Scenario  PARKED cuRRent logical time  138.0 current simulation time  0.276
03:02:30.245 [main] INFO  AV.VCU - speed(t-1)=  0 time(t-1)= 0.10001  speed(t)=  0 time(t)= 0.10001  Scenario  PARKED cuRRent logical time  139.0 current simulation time  0.278
03:02:30.290 [main] INFO  AV.VCU - speed(t-1)=  0 time(t-1)= 0.10001  speed(t)=  0 time(t)= 0.10001  Scenario  PARKED cuRRent logical time  140.0 current simulation time  0.28
03:02:30.407 [main] INFO  AV.VCU - ABS Speed : 68 ABS_Event_Status    : mlzmEVCMbq & current time is  142.0  message time is 141.2 case 1
03:02:30.460 [main] INFO  AV.VCU - speed(t-1)=  0 time(t-1)= 0.10001  speed(t)=  0 time(t)= 0.10001  Scenario  PARKED cuRRent logical time  143.0 current simulation time  0.28600000000000003
03:02:30.460 [main] INFO  AV.VCU - ABS Speed : 68 ABS_Event_Status    : mlzmEVCMbq & current time is  143.0  message time is 141.2 case 1
03:02:30.499 [main] INFO  AV.VCU - speed(t-1)=  0 time(t-1)= 0.10001  speed(t)=  0 time(t)= 0.10001  Scenario  PARKED cuRRent logical time  144.0 current simulation time  0.28800000000000003
03:02:30.732 [main] INFO  AV.VCU - speed(t-1)=  0 time(t-1)= 0.10001  speed(t)=  0 time(t)= 0.10001  Scenario  PARKED cuRRent logical time  147.0 current simulation time  0.294
03:02:30.784 [main] INFO  AV.VCU - speed(t-1)=  0 time(t-1)= 0.10001  speed(t)=  0 time(t)= 0.10001  Scenario  PARKED cuRRent logical time  148.0 current simulation time  0.296
03:02:30.945 [main] INFO  AV.VCU - speed(t-1)=  0 time(t-1)= 0.10001  speed(t)=  0 time(t)= 0.10001  Scenario  PARKED cuRRent logical time  151.0 current simulation time  0.302
03:02:31.002 [main] INFO  AV.VCU - speed(t-1)=  0 time(t-1)= 0.10001  speed(t)=  0 time(t)= 0.10001  Scenario  PARKED cuRRent logical time  152.0 current simulation time  0.304
03:02:31.121 [main] INFO  AV.VCU - ABS Speed : 68 ABS_Event_Status    : tEnOAYTjTj & current time is  154.0  message time is 153.2 case 3
03:02:31.177 [main] INFO  AV.VCU - speed(t-1)=  0 time(t-1)= 0.10001  speed(t)=  0 time(t)= 0.10001  Scenario  PARKED cuRRent logical time  155.0 current simulation time  0.31
03:02:31.181 [main] INFO  AV.VCU - ABS Speed : 68 ABS_Event_Status    : tEnOAYTjTj & current time is  155.0  message time is 153.2 case 3
03:02:31.240 [main] INFO  AV.VCU - speed(t-1)=  0 time(t-1)= 0.10001  speed(t)=  0 time(t)= 0.10001  Scenario  PARKED cuRRent logical time  156.0 current simulation time  0.312
03:02:31.289 [main] INFO  AV.VCU - speed(t-1)=  0 time(t-1)= 0.10001  speed(t)=  0 time(t)= 0.10001  Scenario  PARKED cuRRent logical time  157.0 current simulation time  0.314
03:02:31.391 [main] INFO  AV.VCU - speed(t-1)=  0 time(t-1)= 0.10001  speed(t)=  0 time(t)= 0.10001  Scenario  PARKED cuRRent logical time  158.0 current simulation time  0.316
03:02:31.446 [main] INFO  AV.VCU - speed(t-1)=  0 time(t-1)= 0.10001  speed(t)=  0 time(t)= 0.10001  Scenario  PARKED cuRRent logical time  159.0 current simulation time  0.318
03:02:31.487 [main] INFO  AV.VCU - speed(t-1)=  0 time(t-1)= 0.10001  speed(t)=  0 time(t)= 0.10001  Scenario  PARKED cuRRent logical time  160.0 current simulation time  0.32
03:02:31.619 [main] INFO  AV.VCU - ABS Speed : 62 ABS_Event_Status    : tEnOAYTjTj & current time is  162.0  message time is 161.2 case 1
03:02:31.695 [main] INFO  AV.VCU - speed(t-1)=  0 time(t-1)= 0.10001  speed(t)=  0 time(t)= 0.10001  Scenario  PARKED cuRRent logical time  163.0 current simulation time  0.326
03:02:31.702 [main] INFO  AV.VCU - ABS Speed : 62 ABS_Event_Status    : tEnOAYTjTj & current time is  163.0  message time is 161.2 case 1
03:02:31.770 [main] INFO  AV.VCU - speed(t-1)=  0 time(t-1)= 0.10001  speed(t)=  0 time(t)= 0.10001  Scenario  PARKED cuRRent logical time  164.0 current simulation time  0.328
03:02:32.002 [main] INFO  AV.VCU - speed(t-1)=  0 time(t-1)= 0.10001  speed(t)=  0 time(t)= 0.10001  Scenario  PARKED cuRRent logical time  167.0 current simulation time  0.334
03:02:32.305 [main] INFO  AV.VCU - speed(t-1)=  0 time(t-1)= 0.10001  speed(t)=  0 time(t)= 0.10001  Scenario  PARKED cuRRent logical time  168.0 current simulation time  0.336
03:02:32.466 [main] INFO  AV.VCU - speed(t-1)=  0 time(t-1)= 0.10001  speed(t)=  0 time(t)= 0.10001  Scenario  PARKED cuRRent logical time  171.0 current simulation time  0.342
03:02:32.666 [main] INFO  AV.VCU - speed(t-1)=  0 time(t-1)= 0.10001  speed(t)=  0 time(t)= 0.10001  Scenario  PARKED cuRRent logical time  172.0 current simulation time  0.34400000000000003
03:02:32.786 [main] INFO  AV.VCU - ABS Speed : 62 ABS_Event_Status    : rhOdrsjyrS & current time is  174.0  message time is 173.2 case 3
03:02:32.832 [main] INFO  AV.VCU - speed(t-1)=  0 time(t-1)= 0.10001  speed(t)=  0 time(t)= 0.10001  Scenario  PARKED cuRRent logical time  175.0 current simulation time  0.35000000000000003
03:02:32.833 [main] INFO  AV.VCU - ABS Speed : 62 ABS_Event_Status    : rhOdrsjyrS & current time is  175.0  message time is 173.2 case 3
03:02:32.881 [main] INFO  AV.VCU - speed(t-1)=  0 time(t-1)= 0.10001  speed(t)=  0 time(t)= 0.10001  Scenario  PARKED cuRRent logical time  176.0 current simulation time  0.352
03:02:32.937 [main] INFO  AV.VCU - speed(t-1)=  0 time(t-1)= 0.10001  speed(t)=  0 time(t)= 0.10001  Scenario  PARKED cuRRent logical time  177.0 current simulation time  0.354
03:02:33.285 [main] INFO  AV.VCU - speed(t-1)=  0 time(t-1)= 0.10001  speed(t)=  0 time(t)= 0.10001  Scenario  PARKED cuRRent logical time  178.0 current simulation time  0.356
03:02:33.342 [main] INFO  AV.VCU - speed(t-1)=  0 time(t-1)= 0.10001  speed(t)=  0 time(t)= 0.10001  Scenario  PARKED cuRRent logical time  179.0 current simulation time  0.358
03:02:33.430 [main] INFO  AV.VCU - speed(t-1)=  0 time(t-1)= 0.10001  speed(t)=  0 time(t)= 0.10001  Scenario  PARKED cuRRent logical time  180.0 current simulation time  0.36
03:02:33.544 [main] INFO  AV.VCU - ABS Speed : 78 ABS_Event_Status    : rhOdrsjyrS & current time is  182.0  message time is 181.2 case 1
03:02:33.599 [main] INFO  AV.VCU - speed(t-1)=  0 time(t-1)= 0.10001  speed(t)=  0 time(t)= 0.10001  Scenario  PARKED cuRRent logical time  183.0 current simulation time  0.366
03:02:33.604 [main] INFO  AV.VCU - ABS Speed : 78 ABS_Event_Status    : rhOdrsjyrS & current time is  183.0  message time is 181.2 case 1
03:02:33.703 [main] INFO  AV.VCU - speed(t-1)=  0 time(t-1)= 0.10001  speed(t)=  0 time(t)= 0.10001  Scenario  PARKED cuRRent logical time  184.0 current simulation time  0.368
03:02:33.884 [main] INFO  AV.VCU - speed(t-1)=  0 time(t-1)= 0.10001  speed(t)=  0 time(t)= 0.10001  Scenario  PARKED cuRRent logical time  187.0 current simulation time  0.374
03:02:33.944 [main] INFO  AV.VCU - speed(t-1)=  0 time(t-1)= 0.10001  speed(t)=  0 time(t)= 0.10001  Scenario  PARKED cuRRent logical time  188.0 current simulation time  0.376
03:02:34.107 [main] INFO  AV.VCU - speed(t-1)=  0 time(t-1)= 0.10001  speed(t)=  0 time(t)= 0.10001  Scenario  PARKED cuRRent logical time  191.0 current simulation time  0.382
03:02:34.168 [main] INFO  AV.VCU - speed(t-1)=  0 time(t-1)= 0.10001  speed(t)=  0 time(t)= 0.10001  Scenario  PARKED cuRRent logical time  192.0 current simulation time  0.384
03:02:34.269 [main] INFO  AV.VCU - ABS Speed : 78 ABS_Event_Status    : DBgbKBmVSK & current time is  194.0  message time is 193.2 case 3
03:02:34.327 [main] INFO  AV.VCU - speed(t-1)=  0 time(t-1)= 0.10001  speed(t)=  0 time(t)= 0.10001  Scenario  PARKED cuRRent logical time  195.0 current simulation time  0.39
03:02:34.329 [main] INFO  AV.VCU - ABS Speed : 78 ABS_Event_Status    : DBgbKBmVSK & current time is  195.0  message time is 193.2 case 3
03:02:34.365 [main] INFO  AV.VCU - speed(t-1)=  0 time(t-1)= 0.10001  speed(t)=  0 time(t)= 0.10001  Scenario  PARKED cuRRent logical time  196.0 current simulation time  0.392
03:02:34.426 [main] INFO  AV.VCU - speed(t-1)=  0 time(t-1)= 0.10001  speed(t)=  0 time(t)= 0.10001  Scenario  PARKED cuRRent logical time  197.0 current simulation time  0.394
03:02:34.479 [main] INFO  AV.VCU - speed(t-1)=  0 time(t-1)= 0.10001  speed(t)=  0 time(t)= 0.10001  Scenario  PARKED cuRRent logical time  198.0 current simulation time  0.396
03:02:34.538 [main] INFO  AV.VCU - speed(t-1)=  0 time(t-1)= 0.10001  speed(t)=  0 time(t)= 0.10001  Scenario  PARKED cuRRent logical time  199.0 current simulation time  0.398
03:02:34.588 [main] INFO  AV.VCU - speed(t-1)=  0 time(t-1)= 0.10001  speed(t)=  0 time(t)= 0.10001  Scenario  PARKED cuRRent logical time  200.0 current simulation time  0.4
03:02:34.695 [main] INFO  AV.VCU - ABS Speed : 53 ABS_Event_Status    : DBgbKBmVSK & current time is  202.0  message time is 201.2 case 1
03:02:34.722 [main] INFO  AV.VCU - speed(t-1)=  0 time(t-1)= 0.10001  speed(t)=  0 time(t)= 0.10001  Scenario  PARKED cuRRent logical time  203.0 current simulation time  0.406
03:02:34.728 [main] INFO  AV.VCU - ABS Speed : 53 ABS_Event_Status    : DBgbKBmVSK & current time is  203.0  message time is 201.2 case 1
03:02:34.797 [main] INFO  AV.VCU - speed(t-1)=  0 time(t-1)= 0.10001  speed(t)=  0 time(t)= 0.10001  Scenario  PARKED cuRRent logical time  204.0 current simulation time  0.40800000000000003
03:02:34.975 [main] INFO  AV.VCU - speed(t-1)=  0 time(t-1)= 0.10001  speed(t)=  0 time(t)= 0.10001  Scenario  PARKED cuRRent logical time  207.0 current simulation time  0.41400000000000003
03:02:35.036 [main] INFO  AV.VCU - speed(t-1)=  0 time(t-1)= 0.10001  speed(t)=  0 time(t)= 0.10001  Scenario  PARKED cuRRent logical time  208.0 current simulation time  0.41600000000000004
03:02:35.216 [main] INFO  AV.VCU - speed(t-1)=  0 time(t-1)= 0.10001  speed(t)=  0 time(t)= 0.10001  Scenario  PARKED cuRRent logical time  211.0 current simulation time  0.422
03:02:35.278 [main] INFO  AV.VCU - speed(t-1)=  0 time(t-1)= 0.10001  speed(t)=  0 time(t)= 0.10001  Scenario  PARKED cuRRent logical time  212.0 current simulation time  0.424
03:02:35.400 [main] INFO  AV.VCU - ABS Speed : 53 ABS_Event_Status    : weSUsEgvAB & current time is  214.0  message time is 213.2 case 3
03:02:35.449 [main] INFO  AV.VCU - speed(t-1)=  0 time(t-1)= 0.10001  speed(t)=  0 time(t)= 0.10001  Scenario  PARKED cuRRent logical time  215.0 current simulation time  0.43
03:02:35.449 [main] INFO  AV.VCU - ABS Speed : 53 ABS_Event_Status    : weSUsEgvAB & current time is  215.0  message time is 213.2 case 3
03:02:35.506 [main] INFO  AV.VCU - speed(t-1)=  0 time(t-1)= 0.10001  speed(t)=  0 time(t)= 0.10001  Scenario  PARKED cuRRent logical time  216.0 current simulation time  0.432
03:02:35.564 [main] INFO  AV.VCU - speed(t-1)=  0 time(t-1)= 0.10001  speed(t)=  0 time(t)= 0.10001  Scenario  PARKED cuRRent logical time  217.0 current simulation time  0.434
03:02:35.603 [main] INFO  AV.VCU - speed(t-1)=  0 time(t-1)= 0.10001  speed(t)=  0 time(t)= 0.10001  Scenario  PARKED cuRRent logical time  218.0 current simulation time  0.436
03:02:35.686 [main] INFO  AV.VCU - speed(t-1)=  0 time(t-1)= 0.10001  speed(t)=  0 time(t)= 0.10001  Scenario  PARKED cuRRent logical time  219.0 current simulation time  0.438
03:02:35.742 [main] INFO  AV.VCU - speed(t-1)=  0 time(t-1)= 0.10001  speed(t)=  0 time(t)= 0.10001  Scenario  PARKED cuRRent logical time  220.0 current simulation time  0.44
03:02:35.841 [main] INFO  AV.VCU - ABS Speed : 63 ABS_Event_Status    : weSUsEgvAB & current time is  222.0  message time is 221.2 case 1
03:02:35.890 [main] INFO  AV.VCU - speed(t-1)=  0 time(t-1)= 0.10001  speed(t)=  0 time(t)= 0.10001  Scenario  PARKED cuRRent logical time  223.0 current simulation time  0.446
03:02:35.891 [main] INFO  AV.VCU - ABS Speed : 63 ABS_Event_Status    : weSUsEgvAB & current time is  223.0  message time is 221.2 case 1
03:02:35.944 [main] INFO  AV.VCU - speed(t-1)=  0 time(t-1)= 0.10001  speed(t)=  0 time(t)= 0.10001  Scenario  PARKED cuRRent logical time  224.0 current simulation time  0.448
03:02:36.090 [main] INFO  AV.VCU - speed(t-1)=  0 time(t-1)= 0.10001  speed(t)=  0 time(t)= 0.10001  Scenario  PARKED cuRRent logical time  227.0 current simulation time  0.454
03:02:36.166 [main] INFO  AV.VCU - speed(t-1)=  0 time(t-1)= 0.10001  speed(t)=  0 time(t)= 0.10001  Scenario  PARKED cuRRent logical time  228.0 current simulation time  0.456
03:02:36.321 [main] INFO  AV.VCU - speed(t-1)=  0 time(t-1)= 0.10001  speed(t)=  0 time(t)= 0.10001  Scenario  PARKED cuRRent logical time  231.0 current simulation time  0.462
03:02:36.398 [main] INFO  AV.VCU - speed(t-1)=  0 time(t-1)= 0.10001  speed(t)=  0 time(t)= 0.10001  Scenario  PARKED cuRRent logical time  232.0 current simulation time  0.464
03:02:36.525 [main] INFO  AV.VCU - ABS Speed : 63 ABS_Event_Status    : dlJtWuwkkJ & current time is  234.0  message time is 233.2 case 3
03:02:36.582 [main] INFO  AV.VCU - speed(t-1)=  0 time(t-1)= 0.10001  speed(t)=  0 time(t)= 0.10001  Scenario  PARKED cuRRent logical time  235.0 current simulation time  0.47000000000000003
03:02:36.582 [main] INFO  AV.VCU - ABS Speed : 63 ABS_Event_Status    : dlJtWuwkkJ & current time is  235.0  message time is 233.2 case 3
03:02:36.633 [main] INFO  AV.VCU - speed(t-1)=  0 time(t-1)= 0.10001  speed(t)=  0 time(t)= 0.10001  Scenario  PARKED cuRRent logical time  236.0 current simulation time  0.47200000000000003
03:02:36.681 [main] INFO  AV.VCU - speed(t-1)=  0 time(t-1)= 0.10001  speed(t)=  0 time(t)= 0.10001  Scenario  PARKED cuRRent logical time  237.0 current simulation time  0.47400000000000003
03:02:36.753 [main] INFO  AV.VCU - speed(t-1)=  0 time(t-1)= 0.10001  speed(t)=  0 time(t)= 0.10001  Scenario  PARKED cuRRent logical time  238.0 current simulation time  0.47600000000000003
03:02:36.799 [main] INFO  AV.VCU - speed(t-1)=  0 time(t-1)= 0.10001  speed(t)=  0 time(t)= 0.10001  Scenario  PARKED cuRRent logical time  239.0 current simulation time  0.47800000000000004
03:02:36.863 [main] INFO  AV.VCU - speed(t-1)=  0 time(t-1)= 0.10001  speed(t)=  0 time(t)= 0.10001  Scenario  PARKED cuRRent logical time  240.0 current simulation time  0.48
03:02:36.978 [main] INFO  AV.VCU - ABS Speed : 88 ABS_Event_Status    : dlJtWuwkkJ & current time is  242.0  message time is 241.2 case 1
03:02:37.044 [main] INFO  AV.VCU - speed(t-1)=  0 time(t-1)= 0.10001  speed(t)=  0 time(t)= 0.10001  Scenario  PARKED cuRRent logical time  243.0 current simulation time  0.486
03:02:37.045 [main] INFO  AV.VCU - ABS Speed : 88 ABS_Event_Status    : dlJtWuwkkJ & current time is  243.0  message time is 241.2 case 1
03:02:37.100 [main] INFO  AV.VCU - speed(t-1)=  0 time(t-1)= 0.10001  speed(t)=  0 time(t)= 0.10001  Scenario  PARKED cuRRent logical time  244.0 current simulation time  0.488
03:02:37.304 [main] INFO  AV.VCU - speed(t-1)=  0 time(t-1)= 0.10001  speed(t)=  0 time(t)= 0.10001  Scenario  PARKED cuRRent logical time  247.0 current simulation time  0.494
03:02:37.359 [main] INFO  AV.VCU - speed(t-1)=  0 time(t-1)= 0.10001  speed(t)=  0 time(t)= 0.10001  Scenario  PARKED cuRRent logical time  248.0 current simulation time  0.496
03:02:37.555 [main] INFO  AV.VCU - speed(t-1)=  0 time(t-1)= 0.10001  speed(t)=  0 time(t)= 0.10001  Scenario  PARKED cuRRent logical time  251.0 current simulation time  0.502
03:02:37.627 [main] INFO  AV.VCU - speed(t-1)=  0 time(t-1)= 0.10001  speed(t)=  0 time(t)= 0.10001  Scenario  PARKED cuRRent logical time  252.0 current simulation time  0.504
03:02:37.791 [main] INFO  AV.VCU - ABS Speed : 88 ABS_Event_Status    : EKRtXmqYMW & current time is  254.0  message time is 253.2 case 3
03:02:37.896 [main] INFO  AV.VCU - speed(t-1)=  0 time(t-1)= 0.10001  speed(t)=  0 time(t)= 0.10001  Scenario  PARKED cuRRent logical time  255.0 current simulation time  0.51
03:02:37.897 [main] INFO  AV.VCU - ABS Speed : 88 ABS_Event_Status    : EKRtXmqYMW & current time is  255.0  message time is 253.2 case 3
03:02:37.969 [main] INFO  AV.VCU - speed(t-1)=  0 time(t-1)= 0.10001  speed(t)=  0 time(t)= 0.10001  Scenario  PARKED cuRRent logical time  256.0 current simulation time  0.512
03:02:38.045 [main] INFO  AV.VCU - speed(t-1)=  0 time(t-1)= 0.10001  speed(t)=  0 time(t)= 0.10001  Scenario  PARKED cuRRent logical time  257.0 current simulation time  0.514
03:02:38.129 [main] INFO  AV.VCU - speed(t-1)=  0 time(t-1)= 0.10001  speed(t)=  0 time(t)= 0.10001  Scenario  PARKED cuRRent logical time  258.0 current simulation time  0.516
03:02:38.193 [main] INFO  AV.VCU - speed(t-1)=  0 time(t-1)= 0.10001  speed(t)=  0 time(t)= 0.10001  Scenario  PARKED cuRRent logical time  259.0 current simulation time  0.518
03:02:38.255 [main] INFO  AV.VCU - speed(t-1)=  0 time(t-1)= 0.10001  speed(t)=  0 time(t)= 0.10001  Scenario  PARKED cuRRent logical time  260.0 current simulation time  0.52
03:02:38.355 [main] INFO  AV.VCU - ABS Speed : 71 ABS_Event_Status    : EKRtXmqYMW & current time is  262.0  message time is 261.2 case 1
03:02:38.410 [main] INFO  AV.VCU - speed(t-1)=  0 time(t-1)= 0.10001  speed(t)=  0 time(t)= 0.10001  Scenario  PARKED cuRRent logical time  263.0 current simulation time  0.526
03:02:38.410 [main] INFO  AV.VCU - ABS Speed : 71 ABS_Event_Status    : EKRtXmqYMW & current time is  263.0  message time is 261.2 case 1
03:02:38.468 [main] INFO  AV.VCU - speed(t-1)=  0 time(t-1)= 0.10001  speed(t)=  0 time(t)= 0.10001  Scenario  PARKED cuRRent logical time  264.0 current simulation time  0.528
03:02:38.636 [main] INFO  AV.VCU - speed(t-1)=  0 time(t-1)= 0.10001  speed(t)=  0 time(t)= 0.10001  Scenario  PARKED cuRRent logical time  267.0 current simulation time  0.534
03:02:38.686 [main] INFO  AV.VCU - speed(t-1)=  0 time(t-1)= 0.10001  speed(t)=  0 time(t)= 0.10001  Scenario  PARKED cuRRent logical time  268.0 current simulation time  0.536
03:02:38.998 [main] INFO  AV.VCU - speed(t-1)=  0 time(t-1)= 0.10001  speed(t)=  0 time(t)= 0.10001  Scenario  PARKED cuRRent logical time  271.0 current simulation time  0.542
03:02:39.047 [main] INFO  AV.VCU - speed(t-1)=  0 time(t-1)= 0.10001  speed(t)=  0 time(t)= 0.10001  Scenario  PARKED cuRRent logical time  272.0 current simulation time  0.544
03:02:39.138 [main] INFO  AV.VCU - ABS Speed : 71 ABS_Event_Status    : AbFDIWLHeJ & current time is  274.0  message time is 273.2 case 3
03:02:39.212 [main] INFO  AV.VCU - speed(t-1)=  0 time(t-1)= 0.10001  speed(t)=  0 time(t)= 0.10001  Scenario  PARKED cuRRent logical time  275.0 current simulation time  0.55
03:02:39.216 [main] INFO  AV.VCU - ABS Speed : 71 ABS_Event_Status    : AbFDIWLHeJ & current time is  275.0  message time is 273.2 case 3
03:02:39.264 [main] INFO  AV.VCU - speed(t-1)=  0 time(t-1)= 0.10001  speed(t)=  0 time(t)= 0.10001  Scenario  PARKED cuRRent logical time  276.0 current simulation time  0.552
03:02:39.318 [main] INFO  AV.VCU - speed(t-1)=  0 time(t-1)= 0.10001  speed(t)=  0 time(t)= 0.10001  Scenario  PARKED cuRRent logical time  277.0 current simulation time  0.554
03:02:39.361 [main] INFO  AV.VCU - speed(t-1)=  0 time(t-1)= 0.10001  speed(t)=  0 time(t)= 0.10001  Scenario  PARKED cuRRent logical time  278.0 current simulation time  0.556
03:02:39.440 [main] INFO  AV.VCU - speed(t-1)=  0 time(t-1)= 0.10001  speed(t)=  0 time(t)= 0.10001  Scenario  PARKED cuRRent logical time  279.0 current simulation time  0.558
03:02:39.487 [main] INFO  AV.VCU - speed(t-1)=  0 time(t-1)= 0.10001  speed(t)=  0 time(t)= 0.10001  Scenario  PARKED cuRRent logical time  280.0 current simulation time  0.56
03:02:39.598 [main] INFO  AV.VCU - ABS Speed : 76 ABS_Event_Status    : AbFDIWLHeJ & current time is  282.0  message time is 281.2 case 1
03:02:39.655 [main] INFO  AV.VCU - speed(t-1)=  0 time(t-1)= 0.10001  speed(t)=  0 time(t)= 0.10001  Scenario  PARKED cuRRent logical time  283.0 current simulation time  0.5660000000000001
03:02:39.656 [main] INFO  AV.VCU - ABS Speed : 76 ABS_Event_Status    : AbFDIWLHeJ & current time is  283.0  message time is 281.2 case 1
03:02:39.711 [main] INFO  AV.VCU - speed(t-1)=  0 time(t-1)= 0.10001  speed(t)=  0 time(t)= 0.10001  Scenario  PARKED cuRRent logical time  284.0 current simulation time  0.5680000000000001
03:02:39.868 [main] INFO  AV.VCU - speed(t-1)=  0 time(t-1)= 0.10001  speed(t)=  0 time(t)= 0.10001  Scenario  PARKED cuRRent logical time  287.0 current simulation time  0.5740000000000001
03:02:39.922 [main] INFO  AV.VCU - speed(t-1)=  0 time(t-1)= 0.10001  speed(t)=  0 time(t)= 0.10001  Scenario  PARKED cuRRent logical time  288.0 current simulation time  0.5760000000000001
03:02:40.088 [main] INFO  AV.VCU - speed(t-1)=  0 time(t-1)= 0.10001  speed(t)=  0 time(t)= 0.10001  Scenario  PARKED cuRRent logical time  291.0 current simulation time  0.582
03:02:40.143 [main] INFO  AV.VCU - speed(t-1)=  0 time(t-1)= 0.10001  speed(t)=  0 time(t)= 0.10001  Scenario  PARKED cuRRent logical time  292.0 current simulation time  0.584
03:02:40.246 [main] INFO  AV.VCU - ABS Speed : 76 ABS_Event_Status    : VViPgfWohU & current time is  294.0  message time is 293.2 case 3
03:02:40.294 [main] INFO  AV.VCU - speed(t-1)=  0 time(t-1)= 0.10001  speed(t)=  0 time(t)= 0.10001  Scenario  PARKED cuRRent logical time  295.0 current simulation time  0.59
03:02:40.295 [main] INFO  AV.VCU - ABS Speed : 76 ABS_Event_Status    : VViPgfWohU & current time is  295.0  message time is 293.2 case 3
03:02:40.342 [main] INFO  AV.VCU - speed(t-1)=  0 time(t-1)= 0.10001  speed(t)=  0 time(t)= 0.10001  Scenario  PARKED cuRRent logical time  296.0 current simulation time  0.592
03:02:40.394 [main] INFO  AV.VCU - speed(t-1)=  0 time(t-1)= 0.10001  speed(t)=  0 time(t)= 0.10001  Scenario  PARKED cuRRent logical time  297.0 current simulation time  0.594
03:02:40.446 [main] INFO  AV.VCU - speed(t-1)=  0 time(t-1)= 0.10001  speed(t)=  0 time(t)= 0.10001  Scenario  PARKED cuRRent logical time  298.0 current simulation time  0.596
03:02:40.493 [main] INFO  AV.VCU - speed(t-1)=  0 time(t-1)= 0.10001  speed(t)=  0 time(t)= 0.10001  Scenario  PARKED cuRRent logical time  299.0 current simulation time  0.598
03:02:40.544 [main] INFO  AV.VCU - speed(t-1)=  0 time(t-1)= 0.10001  speed(t)=  0 time(t)= 0.10001  Scenario  PARKED cuRRent logical time  300.0 current simulation time  0.6
03:02:40.652 [main] INFO  AV.VCU - ABS Speed : 73 ABS_Event_Status    : VViPgfWohU & current time is  302.0  message time is 301.2 case 1
03:02:40.712 [main] INFO  AV.VCU - speed(t-1)=  0 time(t-1)= 0.10001  speed(t)=  0 time(t)= 0.10001  Scenario  PARKED cuRRent logical time  303.0 current simulation time  0.606
03:02:40.712 [main] INFO  AV.VCU - ABS Speed : 73 ABS_Event_Status    : VViPgfWohU & current time is  303.0  message time is 301.2 case 1
03:02:40.761 [main] INFO  AV.VCU - speed(t-1)=  0 time(t-1)= 0.10001  speed(t)=  0 time(t)= 0.10001  Scenario  PARKED cuRRent logical time  304.0 current simulation time  0.608
03:02:40.916 [main] INFO  AV.VCU - speed(t-1)=  0 time(t-1)= 0.10001  speed(t)=  0 time(t)= 0.10001  Scenario  PARKED cuRRent logical time  307.0 current simulation time  0.614
03:02:40.964 [main] INFO  AV.VCU - speed(t-1)=  0 time(t-1)= 0.10001  speed(t)=  0 time(t)= 0.10001  Scenario  PARKED cuRRent logical time  308.0 current simulation time  0.616
03:02:41.178 [main] INFO  AV.VCU - speed(t-1)=  0 time(t-1)= 0.10001  speed(t)=  0 time(t)= 0.10001  Scenario  PARKED cuRRent logical time  311.0 current simulation time  0.622
03:02:41.231 [main] INFO  AV.VCU - speed(t-1)=  0 time(t-1)= 0.10001  speed(t)=  0 time(t)= 0.10001  Scenario  PARKED cuRRent logical time  312.0 current simulation time  0.624
03:02:41.349 [main] INFO  AV.VCU - ABS Speed : 73 ABS_Event_Status    : WAGfUsNHCQ & current time is  314.0  message time is 313.2 case 3
03:02:41.400 [main] INFO  AV.VCU - speed(t-1)=  0 time(t-1)= 0.10001  speed(t)=  0 time(t)= 0.10001  Scenario  PARKED cuRRent logical time  315.0 current simulation time  0.63
03:02:41.400 [main] INFO  AV.VCU - ABS Speed : 73 ABS_Event_Status    : WAGfUsNHCQ & current time is  315.0  message time is 313.2 case 3
03:02:41.449 [main] INFO  AV.VCU - speed(t-1)=  0 time(t-1)= 0.10001  speed(t)=  0 time(t)= 0.10001  Scenario  PARKED cuRRent logical time  316.0 current simulation time  0.632
03:02:41.487 [main] INFO  AV.VCU - speed(t-1)=  0 time(t-1)= 0.10001  speed(t)=  0 time(t)= 0.10001  Scenario  PARKED cuRRent logical time  317.0 current simulation time  0.634
03:02:41.565 [main] INFO  AV.VCU - speed(t-1)=  0 time(t-1)= 0.10001  speed(t)=  0 time(t)= 0.10001  Scenario  PARKED cuRRent logical time  318.0 current simulation time  0.636
03:02:41.617 [main] INFO  AV.VCU - speed(t-1)=  0 time(t-1)= 0.10001  speed(t)=  0 time(t)= 0.10001  Scenario  PARKED cuRRent logical time  319.0 current simulation time  0.638
03:02:41.667 [main] INFO  AV.VCU - speed(t-1)=  0 time(t-1)= 0.10001  speed(t)=  0 time(t)= 0.10001  Scenario  PARKED cuRRent logical time  320.0 current simulation time  0.64
03:02:41.775 [main] INFO  AV.VCU - ABS Speed : 55 ABS_Event_Status    : WAGfUsNHCQ & current time is  322.0  message time is 321.2 case 1
03:02:41.830 [main] INFO  AV.VCU - speed(t-1)=  0 time(t-1)= 0.10001  speed(t)=  0 time(t)= 0.10001  Scenario  PARKED cuRRent logical time  323.0 current simulation time  0.646
03:02:41.830 [main] INFO  AV.VCU - ABS Speed : 55 ABS_Event_Status    : WAGfUsNHCQ & current time is  323.0  message time is 321.2 case 1
03:02:41.882 [main] INFO  AV.VCU - speed(t-1)=  0 time(t-1)= 0.10001  speed(t)=  0 time(t)= 0.10001  Scenario  PARKED cuRRent logical time  324.0 current simulation time  0.648
03:02:42.107 [main] INFO  AV.VCU - speed(t-1)=  0 time(t-1)= 0.10001  speed(t)=  0 time(t)= 0.10001  Scenario  PARKED cuRRent logical time  327.0 current simulation time  0.654
03:02:42.158 [main] INFO  AV.VCU - speed(t-1)=  0 time(t-1)= 0.10001  speed(t)=  0 time(t)= 0.10001  Scenario  PARKED cuRRent logical time  328.0 current simulation time  0.656
03:02:42.313 [main] INFO  AV.VCU - speed(t-1)=  0 time(t-1)= 0.10001  speed(t)=  0 time(t)= 0.10001  Scenario  PARKED cuRRent logical time  331.0 current simulation time  0.662
03:02:42.358 [main] INFO  AV.VCU - speed(t-1)=  0 time(t-1)= 0.10001  speed(t)=  0 time(t)= 0.10001  Scenario  PARKED cuRRent logical time  332.0 current simulation time  0.664
03:02:42.457 [main] INFO  AV.VCU - ABS Speed : 55 ABS_Event_Status    : rbisWmdeuu & current time is  334.0  message time is 333.2 case 3
03:02:42.502 [main] INFO  AV.VCU - speed(t-1)=  0 time(t-1)= 0.10001  speed(t)=  0 time(t)= 0.10001  Scenario  PARKED cuRRent logical time  335.0 current simulation time  0.67
03:02:42.502 [main] INFO  AV.VCU - ABS Speed : 55 ABS_Event_Status    : rbisWmdeuu & current time is  335.0  message time is 333.2 case 3
03:02:42.569 [main] INFO  AV.VCU - speed(t-1)=  0 time(t-1)= 0.10001  speed(t)=  0 time(t)= 0.10001  Scenario  PARKED cuRRent logical time  336.0 current simulation time  0.672
03:02:42.606 [main] INFO  AV.VCU - speed(t-1)=  0 time(t-1)= 0.10001  speed(t)=  0 time(t)= 0.10001  Scenario  PARKED cuRRent logical time  337.0 current simulation time  0.674
03:02:42.685 [main] INFO  AV.VCU - speed(t-1)=  0 time(t-1)= 0.10001  speed(t)=  0 time(t)= 0.10001  Scenario  PARKED cuRRent logical time  338.0 current simulation time  0.676
03:02:42.734 [main] INFO  AV.VCU - speed(t-1)=  0 time(t-1)= 0.10001  speed(t)=  0 time(t)= 0.10001  Scenario  PARKED cuRRent logical time  339.0 current simulation time  0.678
03:02:42.798 [main] INFO  AV.VCU - speed(t-1)=  0 time(t-1)= 0.10001  speed(t)=  0 time(t)= 0.10001  Scenario  PARKED cuRRent logical time  340.0 current simulation time  0.68
03:02:42.905 [main] INFO  AV.VCU - ABS Speed : 76 ABS_Event_Status    : rbisWmdeuu & current time is  342.0  message time is 341.2 case 1
03:02:42.960 [main] INFO  AV.VCU - speed(t-1)=  0 time(t-1)= 0.10001  speed(t)=  0 time(t)= 0.10001  Scenario  PARKED cuRRent logical time  343.0 current simulation time  0.686
03:02:42.960 [main] INFO  AV.VCU - ABS Speed : 76 ABS_Event_Status    : rbisWmdeuu & current time is  343.0  message time is 341.2 case 1
03:02:43.029 [main] INFO  AV.VCU - speed(t-1)=  0 time(t-1)= 0.10001  speed(t)=  0 time(t)= 0.10001  Scenario  PARKED cuRRent logical time  344.0 current simulation time  0.6880000000000001
03:02:43.184 [main] INFO  AV.VCU - speed(t-1)=  0 time(t-1)= 0.10001  speed(t)=  0 time(t)= 0.10001  Scenario  PARKED cuRRent logical time  347.0 current simulation time  0.6940000000000001
03:02:43.243 [main] INFO  AV.VCU - speed(t-1)=  0 time(t-1)= 0.10001  speed(t)=  0 time(t)= 0.10001  Scenario  PARKED cuRRent logical time  348.0 current simulation time  0.6960000000000001
03:02:43.426 [main] INFO  AV.VCU - speed(t-1)=  0 time(t-1)= 0.10001  speed(t)=  0 time(t)= 0.10001  Scenario  PARKED cuRRent logical time  351.0 current simulation time  0.7020000000000001
03:02:43.469 [main] INFO  AV.VCU - speed(t-1)=  0 time(t-1)= 0.10001  speed(t)=  0 time(t)= 0.10001  Scenario  PARKED cuRRent logical time  352.0 current simulation time  0.704
03:02:43.576 [main] INFO  AV.VCU - ABS Speed : 76 ABS_Event_Status    : IpwPgneceY & current time is  354.0  message time is 353.2 case 3
03:02:43.632 [main] INFO  AV.VCU - speed(t-1)=  0 time(t-1)= 0.10001  speed(t)=  0 time(t)= 0.10001  Scenario  PARKED cuRRent logical time  355.0 current simulation time  0.71
03:02:43.633 [main] INFO  AV.VCU - ABS Speed : 76 ABS_Event_Status    : IpwPgneceY & current time is  355.0  message time is 353.2 case 3
03:02:43.669 [main] INFO  AV.VCU - speed(t-1)=  0 time(t-1)= 0.10001  speed(t)=  0 time(t)= 0.10001  Scenario  PARKED cuRRent logical time  356.0 current simulation time  0.712
03:02:43.732 [main] INFO  AV.VCU - speed(t-1)=  0 time(t-1)= 0.10001  speed(t)=  0 time(t)= 0.10001  Scenario  PARKED cuRRent logical time  357.0 current simulation time  0.714
03:02:43.766 [main] INFO  AV.VCU - speed(t-1)=  0 time(t-1)= 0.10001  speed(t)=  0 time(t)= 0.10001  Scenario  PARKED cuRRent logical time  358.0 current simulation time  0.716
03:02:43.835 [main] INFO  AV.VCU - speed(t-1)=  0 time(t-1)= 0.10001  speed(t)=  0 time(t)= 0.10001  Scenario  PARKED cuRRent logical time  359.0 current simulation time  0.718
03:02:43.872 [main] INFO  AV.VCU - speed(t-1)=  0 time(t-1)= 0.10001  speed(t)=  0 time(t)= 0.10001  Scenario  PARKED cuRRent logical time  360.0 current simulation time  0.72
03:02:43.968 [main] INFO  AV.VCU - ABS Speed : 65 ABS_Event_Status    : IpwPgneceY & current time is  362.0  message time is 361.2 case 1
03:02:44.033 [main] INFO  AV.VCU - speed(t-1)=  0 time(t-1)= 0.10001  speed(t)=  0 time(t)= 0.10001  Scenario  PARKED cuRRent logical time  363.0 current simulation time  0.726
03:02:44.033 [main] INFO  AV.VCU - ABS Speed : 65 ABS_Event_Status    : IpwPgneceY & current time is  363.0  message time is 361.2 case 1
03:02:44.064 [main] INFO  AV.VCU - speed(t-1)=  0 time(t-1)= 0.10001  speed(t)=  0 time(t)= 0.10001  Scenario  PARKED cuRRent logical time  364.0 current simulation time  0.728
03:02:44.218 [main] INFO  AV.VCU - speed(t-1)=  0 time(t-1)= 0.10001  speed(t)=  0 time(t)= 0.10001  Scenario  PARKED cuRRent logical time  367.0 current simulation time  0.734
03:02:44.275 [main] INFO  AV.VCU - speed(t-1)=  0 time(t-1)= 0.10001  speed(t)=  0 time(t)= 0.10001  Scenario  PARKED cuRRent logical time  368.0 current simulation time  0.736
03:02:44.439 [main] INFO  AV.VCU - speed(t-1)=  0 time(t-1)= 0.10001  speed(t)=  0 time(t)= 0.10001  Scenario  PARKED cuRRent logical time  371.0 current simulation time  0.742
03:02:44.487 [main] INFO  AV.VCU - speed(t-1)=  0 time(t-1)= 0.10001  speed(t)=  0 time(t)= 0.10001  Scenario  PARKED cuRRent logical time  372.0 current simulation time  0.744
03:02:44.590 [main] INFO  AV.VCU - ABS Speed : 65 ABS_Event_Status    : KovZiSygNd & current time is  374.0  message time is 373.2 case 3
03:02:44.634 [main] INFO  AV.VCU - speed(t-1)=  0 time(t-1)= 0.10001  speed(t)=  0 time(t)= 0.10001  Scenario  PARKED cuRRent logical time  375.0 current simulation time  0.75
03:02:44.635 [main] INFO  AV.VCU - ABS Speed : 65 ABS_Event_Status    : KovZiSygNd & current time is  375.0  message time is 373.2 case 3
03:02:44.682 [main] INFO  AV.VCU - speed(t-1)=  0 time(t-1)= 0.10001  speed(t)=  0 time(t)= 0.10001  Scenario  PARKED cuRRent logical time  376.0 current simulation time  0.752
03:02:44.733 [main] INFO  AV.VCU - speed(t-1)=  0 time(t-1)= 0.10001  speed(t)=  0 time(t)= 0.10001  Scenario  PARKED cuRRent logical time  377.0 current simulation time  0.754
03:02:44.807 [main] INFO  AV.VCU - speed(t-1)=  0 time(t-1)= 0.10001  speed(t)=  0 time(t)= 0.10001  Scenario  PARKED cuRRent logical time  378.0 current simulation time  0.756
03:02:44.858 [main] INFO  AV.VCU - speed(t-1)=  0 time(t-1)= 0.10001  speed(t)=  0 time(t)= 0.10001  Scenario  PARKED cuRRent logical time  379.0 current simulation time  0.758
03:02:44.904 [main] INFO  AV.VCU - speed(t-1)=  0 time(t-1)= 0.10001  speed(t)=  0 time(t)= 0.10001  Scenario  PARKED cuRRent logical time  380.0 current simulation time  0.76
03:02:45.006 [main] INFO  AV.VCU - ABS Speed : 60 ABS_Event_Status    : KovZiSygNd & current time is  382.0  message time is 381.2 case 1
03:02:45.059 [main] INFO  AV.VCU - speed(t-1)=  0 time(t-1)= 0.10001  speed(t)=  0 time(t)= 0.10001  Scenario  PARKED cuRRent logical time  383.0 current simulation time  0.766
03:02:45.060 [main] INFO  AV.VCU - ABS Speed : 60 ABS_Event_Status    : KovZiSygNd & current time is  383.0  message time is 381.2 case 1
03:02:45.107 [main] INFO  AV.VCU - speed(t-1)=  0 time(t-1)= 0.10001  speed(t)=  0 time(t)= 0.10001  Scenario  PARKED cuRRent logical time  384.0 current simulation time  0.768
03:02:45.261 [main] INFO  AV.VCU - speed(t-1)=  0 time(t-1)= 0.10001  speed(t)=  0 time(t)= 0.10001  Scenario  PARKED cuRRent logical time  387.0 current simulation time  0.774
