
-------------------------------------------------------------------
GMS: address=vagrant-28418, cluster=AV, physical address=10.0.2.15:40029
-------------------------------------------------------------------
01:24:02.779 [main] INFO  AV.VCU - waiting on readyToRun...
01:24:03.036 [main] INFO  AV.VCU - ...synchronized on readyToRun
01:24:03.040 [main] INFO  AV.VCU - started logical time progression
speed0 time 2.0
speed0 time 3.0
speed1998 time 22.0
speed1998 time 23.0
speed1996 time 42.0
speed1996 time 43.0
speed1994 time 62.0
speed1994 time 63.0
speed1992 time 82.0
speed1992 time 83.0
speed1990 time 102.0
speed1990 time 103.0
speed1988 time 122.0
speed1988 time 123.0
speed1986 time 142.0
speed1986 time 143.0
speed1984 time 162.0
speed1984 time 163.0
speed1982 time 182.0
speed1982 time 183.0
speed1980 time 202.0
speed1980 time 203.0
speed1978 time 222.0
speed1978 time 223.0
speed1976 time 242.0
speed1976 time 243.0
speed1974 time 262.0
speed1974 time 263.0
speed1972 time 282.0
speed1972 time 283.0
speed1970 time 302.0
speed1970 time 303.0
speed1968 time 322.0
speed1968 time 323.0
speed1966 time 342.0
speed1966 time 343.0
speed1964 time 362.0
speed1964 time 363.0
speed1962 time 382.0
speed1962 time 383.0
speed1960 time 402.0
speed1960 time 403.0
speed1958 time 422.0
speed1958 time 423.0
speed1956 time 442.0
speed1956 time 443.0
speed1954 time 462.0
speed1954 time 463.0
speed1952 time 482.0
speed1952 time 483.0
speed1950 time 502.0
speed1950 time 503.0
speed1948 time 522.0
speed1948 time 523.0
speed1946 time 542.0
speed1946 time 543.0
speed1944 time 562.0
speed1944 time 563.0
speed1942 time 582.0
speed1942 time 583.0
speed1940 time 602.0
speed1940 time 603.0
speed1938 time 622.0
speed1938 time 623.0
speed1936 time 642.0
speed1936 time 643.0
speed1934 time 662.0
speed1934 time 663.0
speed1932 time 682.0
speed1932 time 683.0
speed1930 time 702.0
speed1930 time 703.0
speed1928 time 722.0
speed1928 time 723.0
speed1926 time 742.0
speed1926 time 743.0
speed1924 time 762.0
speed1924 time 763.0
speed1922 time 782.0
speed1922 time 783.0
speed1920 time 802.0
speed1920 time 803.0
speed1918 time 822.0
speed1918 time 823.0
speed1916 time 842.0
speed1916 time 843.0
speed1914 time 862.0
speed1914 time 863.0
speed1912 time 882.0
speed1912 time 883.0
speed1910 time 902.0
speed1910 time 903.0
speed1908 time 922.0
speed1908 time 923.0
speed1906 time 942.0
speed1906 time 943.0
speed1904 time 962.0
speed1904 time 963.0
speed1902 time 982.0
speed1902 time 983.0
speed1900 time 1002.0
speed1900 time 1003.0
speed1898 time 1022.0
speed1898 time 1023.0
speed1896 time 1042.0
speed1896 time 1043.0
speed1894 time 1062.0
speed1894 time 1063.0
speed1892 time 1082.0
speed1892 time 1083.0
speed1890 time 1102.0
speed1890 time 1103.0
speed1888 time 1122.0
speed1888 time 1123.0
speed1886 time 1142.0
speed1886 time 1143.0
speed1884 time 1162.0
speed1884 time 1163.0
speed1882 time 1182.0
speed1882 time 1183.0
speed1880 time 1202.0
speed1880 time 1203.0
speed1878 time 1222.0
speed1878 time 1223.0
speed1876 time 1242.0
speed1876 time 1243.0
speed1874 time 1262.0
speed1874 time 1263.0
speed1872 time 1282.0
speed1872 time 1283.0
speed1870 time 1302.0
speed1870 time 1303.0
speed1868 time 1322.0
speed1868 time 1323.0
speed1866 time 1342.0
speed1866 time 1343.0
speed1864 time 1362.0
speed1864 time 1363.0
speed1862 time 1382.0
speed1862 time 1383.0
speed1860 time 1402.0
speed1860 time 1403.0
speed1858 time 1422.0
speed1858 time 1423.0
speed1856 time 1442.0
speed1856 time 1443.0
speed1854 time 1462.0
speed1854 time 1463.0
speed1852 time 1482.0
speed1852 time 1483.0
speed1850 time 1502.0
speed1850 time 1503.0
speed1848 time 1522.0
speed1848 time 1523.0
speed1846 time 1542.0
speed1846 time 1543.0
speed1844 time 1562.0
speed1844 time 1563.0
speed1842 time 1582.0
speed1842 time 1583.0
speed1840 time 1602.0
speed1840 time 1603.0
speed1838 time 1622.0
speed1838 time 1623.0
speed1836 time 1642.0
speed1836 time 1643.0
speed1834 time 1662.0
speed1834 time 1663.0
speed1832 time 1682.0
speed1832 time 1683.0
speed1830 time 1702.0
speed1830 time 1703.0
speed1828 time 1722.0
speed1828 time 1723.0
speed1826 time 1742.0
speed1826 time 1743.0
speed1824 time 1762.0
speed1824 time 1763.0
speed1822 time 1782.0
speed1822 time 1783.0
speed1820 time 1802.0
speed1820 time 1803.0
speed1818 time 1822.0
speed1818 time 1823.0
speed1816 time 1842.0
speed1816 time 1843.0
speed1814 time 1862.0
speed1814 time 1863.0
speed1812 time 1882.0
speed1812 time 1883.0
speed1810 time 1902.0
speed1810 time 1903.0
speed1808 time 1922.0
speed1808 time 1923.0
speed1806 time 1942.0
speed1806 time 1943.0
speed1804 time 1962.0
speed1804 time 1963.0
speed1802 time 1982.0
speed1802 time 1983.0
speed1800 time 2002.0
speed1800 time 2003.0
speed1798 time 2022.0
speed1798 time 2023.0
speed1796 time 2042.0
speed1796 time 2043.0
speed1794 time 2062.0
speed1794 time 2063.0
speed1792 time 2082.0
speed1792 time 2083.0
speed1790 time 2102.0
speed1790 time 2103.0
speed1788 time 2122.0
speed1788 time 2123.0
speed1786 time 2142.0
speed1786 time 2143.0
speed1784 time 2162.0
speed1784 time 2163.0
speed1782 time 2182.0
speed1782 time 2183.0
speed1780 time 2202.0
speed1780 time 2203.0
speed1778 time 2222.0
speed1778 time 2223.0
speed1776 time 2242.0
speed1776 time 2243.0
speed1774 time 2262.0
speed1774 time 2263.0
speed1772 time 2282.0
speed1772 time 2283.0
speed1770 time 2302.0
speed1770 time 2303.0
speed1768 time 2322.0
speed1768 time 2323.0
speed1766 time 2342.0
speed1766 time 2343.0
speed1764 time 2362.0
speed1764 time 2363.0
speed1762 time 2382.0
speed1762 time 2383.0
speed1760 time 2402.0
speed1760 time 2403.0
speed1758 time 2422.0
speed1758 time 2423.0
speed1756 time 2442.0
speed1756 time 2443.0
speed1754 time 2462.0
speed1754 time 2463.0
speed1752 time 2482.0
speed1752 time 2483.0
speed1750 time 2502.0
speed1750 time 2503.0
speed1748 time 2522.0
speed1748 time 2523.0
speed1746 time 2542.0
speed1746 time 2543.0
speed1744 time 2562.0
speed1744 time 2563.0
speed1742 time 2582.0
speed1742 time 2583.0
speed1740 time 2602.0
speed1740 time 2603.0
speed1738 time 2622.0
speed1738 time 2623.0
speed1736 time 2642.0
speed1736 time 2643.0
speed1734 time 2662.0
speed1734 time 2663.0
speed1732 time 2682.0
speed1732 time 2683.0
speed1730 time 2702.0
speed1730 time 2703.0
speed1728 time 2722.0
speed1728 time 2723.0
speed1726 time 2742.0
speed1726 time 2743.0
speed1724 time 2762.0
speed1724 time 2763.0
speed1722 time 2782.0
speed1722 time 2783.0
speed1720 time 2802.0
speed1720 time 2803.0
speed1718 time 2822.0
speed1718 time 2823.0
speed1716 time 2842.0
speed1716 time 2843.0
speed1714 time 2862.0
speed1714 time 2863.0
speed1712 time 2882.0
speed1712 time 2883.0
speed1710 time 2902.0
speed1710 time 2903.0
speed1708 time 2922.0
speed1708 time 2923.0
speed1706 time 2942.0
speed1706 time 2943.0
speed1704 time 2962.0
speed1704 time 2963.0
speed1702 time 2982.0
speed1702 time 2983.0
speed1700 time 3002.0
speed1700 time 3003.0
speed1698 time 3022.0
speed1698 time 3023.0
speed1696 time 3042.0
speed1696 time 3043.0
speed1694 time 3062.0
speed1694 time 3063.0
speed1692 time 3082.0
speed1692 time 3083.0
speed1690 time 3102.0
speed1690 time 3103.0
speed1688 time 3122.0
speed1688 time 3123.0
speed1686 time 3142.0
speed1686 time 3143.0
speed1684 time 3162.0
speed1684 time 3163.0
speed1682 time 3182.0
speed1682 time 3183.0
speed1680 time 3202.0
speed1680 time 3203.0
speed1678 time 3222.0
speed1678 time 3223.0
speed1676 time 3242.0
speed1676 time 3243.0
speed1674 time 3262.0
speed1674 time 3263.0
speed1672 time 3282.0
speed1672 time 3283.0
speed1670 time 3302.0
speed1670 time 3303.0
speed1668 time 3322.0
speed1668 time 3323.0
speed1666 time 3342.0
speed1666 time 3343.0
speed1664 time 3362.0
speed1664 time 3363.0
speed1662 time 3382.0
speed1662 time 3383.0
speed1660 time 3402.0
speed1660 time 3403.0
speed1658 time 3422.0
speed1658 time 3423.0
speed1656 time 3442.0
speed1656 time 3443.0
speed1654 time 3462.0
speed1654 time 3463.0
speed1652 time 3482.0
speed1652 time 3483.0
speed1650 time 3502.0
speed1650 time 3503.0
speed1648 time 3522.0
speed1648 time 3523.0
speed1646 time 3542.0
speed1646 time 3543.0
speed1644 time 3562.0
speed1644 time 3563.0
speed1642 time 3582.0
speed1642 time 3583.0
speed1640 time 3602.0
speed1640 time 3603.0
speed1638 time 3622.0
speed1638 time 3623.0
speed1636 time 3642.0
speed1636 time 3643.0
speed1634 time 3662.0
speed1634 time 3663.0
speed1632 time 3682.0
speed1632 time 3683.0
speed1630 time 3702.0
speed1630 time 3703.0
speed1628 time 3722.0
speed1628 time 3723.0
speed1626 time 3742.0
speed1626 time 3743.0
speed1624 time 3762.0
speed1624 time 3763.0
speed1622 time 3782.0
speed1622 time 3783.0
speed1620 time 3802.0
speed1620 time 3803.0
speed1618 time 3822.0
speed1618 time 3823.0
speed1616 time 3842.0
speed1616 time 3843.0
speed1614 time 3862.0
speed1614 time 3863.0
speed1612 time 3882.0
speed1612 time 3883.0
speed1610 time 3902.0
speed1610 time 3903.0
speed1608 time 3922.0
speed1608 time 3923.0
speed1606 time 3942.0
speed1606 time 3943.0
speed1604 time 3962.0
speed1604 time 3963.0
speed1602 time 3982.0
speed1602 time 3983.0
speed1600 time 4002.0
speed1600 time 4003.0
speed1598 time 4022.0
speed1598 time 4023.0
speed1596 time 4042.0
speed1596 time 4043.0
speed1594 time 4062.0
speed1594 time 4063.0
speed1592 time 4082.0
speed1592 time 4083.0
speed1590 time 4102.0
speed1590 time 4103.0
speed1588 time 4122.0
speed1588 time 4123.0
speed1586 time 4142.0
speed1586 time 4143.0
speed1584 time 4162.0
speed1584 time 4163.0
speed1582 time 4182.0
speed1582 time 4183.0
speed1580 time 4202.0
speed1580 time 4203.0
speed1578 time 4222.0
speed1578 time 4223.0
speed1576 time 4242.0
speed1576 time 4243.0
speed1574 time 4262.0
speed1574 time 4263.0
speed1572 time 4282.0
speed1572 time 4283.0
speed1570 time 4302.0
speed1570 time 4303.0
speed1568 time 4322.0
speed1568 time 4323.0
speed1566 time 4342.0
speed1566 time 4343.0
speed1564 time 4362.0
speed1564 time 4363.0
speed1562 time 4382.0
speed1562 time 4383.0
speed1560 time 4402.0
speed1560 time 4403.0
speed1558 time 4422.0
speed1558 time 4423.0
speed1556 time 4442.0
speed1556 time 4443.0
speed1554 time 4462.0
speed1554 time 4463.0
speed1552 time 4482.0
speed1552 time 4483.0
speed1550 time 4502.0
speed1550 time 4503.0
speed1548 time 4522.0
speed1548 time 4523.0
speed1546 time 4542.0
speed1546 time 4543.0
speed1544 time 4562.0
speed1544 time 4563.0
speed1542 time 4582.0
speed1542 time 4583.0
speed1540 time 4602.0
speed1540 time 4603.0
speed1538 time 4622.0
speed1538 time 4623.0
speed1536 time 4642.0
speed1536 time 4643.0
speed1534 time 4662.0
speed1534 time 4663.0
speed1532 time 4682.0
speed1532 time 4683.0
speed1530 time 4702.0
speed1530 time 4703.0
speed1528 time 4722.0
speed1528 time 4723.0
speed1526 time 4742.0
speed1526 time 4743.0
speed1524 time 4762.0
speed1524 time 4763.0
speed1522 time 4782.0
speed1522 time 4783.0
speed1520 time 4802.0
speed1520 time 4803.0
speed1518 time 4822.0
speed1518 time 4823.0
speed1516 time 4842.0
speed1516 time 4843.0
speed1514 time 4862.0
speed1514 time 4863.0
speed1512 time 4882.0
speed1512 time 4883.0
speed1510 time 4902.0
speed1510 time 4903.0
speed1508 time 4922.0
speed1508 time 4923.0
speed1506 time 4942.0
speed1506 time 4943.0
speed1504 time 4962.0
speed1504 time 4963.0
speed1502 time 4982.0
speed1502 time 4983.0
speed1500 time 5002.0
speed1500 time 5003.0
speed1498 time 5022.0
speed1498 time 5023.0
speed1496 time 5042.0
speed1496 time 5043.0
speed1494 time 5062.0
speed1494 time 5063.0
speed1492 time 5082.0
speed1492 time 5083.0
speed1490 time 5102.0
speed1490 time 5103.0
speed1488 time 5122.0
speed1488 time 5123.0
speed1486 time 5142.0
speed1486 time 5143.0
speed1484 time 5162.0
speed1484 time 5163.0
speed1482 time 5182.0
speed1482 time 5183.0
speed1480 time 5202.0
speed1480 time 5203.0
speed1478 time 5222.0
speed1478 time 5223.0
speed1476 time 5242.0
speed1476 time 5243.0
speed1474 time 5262.0
speed1474 time 5263.0
speed1472 time 5282.0
speed1472 time 5283.0
speed1470 time 5302.0
speed1470 time 5303.0
speed1468 time 5322.0
speed1468 time 5323.0
speed1466 time 5342.0
speed1466 time 5343.0
speed1464 time 5362.0
speed1464 time 5363.0
speed1462 time 5382.0
speed1462 time 5383.0
speed1460 time 5402.0
speed1460 time 5403.0
speed1458 time 5422.0
speed1458 time 5423.0
speed1456 time 5442.0
speed1456 time 5443.0
speed1454 time 5462.0
speed1454 time 5463.0
speed1452 time 5482.0
speed1452 time 5483.0
speed1450 time 5502.0
speed1450 time 5503.0
speed1448 time 5522.0
speed1448 time 5523.0
speed1446 time 5542.0
speed1446 time 5543.0
speed1444 time 5562.0
speed1444 time 5563.0
speed1442 time 5582.0
speed1442 time 5583.0
speed1440 time 5602.0
speed1440 time 5603.0
speed1438 time 5622.0
speed1438 time 5623.0
speed1436 time 5642.0
speed1436 time 5643.0
speed1434 time 5662.0
speed1434 time 5663.0
speed1432 time 5682.0
speed1432 time 5683.0
speed1430 time 5702.0
speed1430 time 5703.0
speed1428 time 5722.0
speed1428 time 5723.0
speed1426 time 5742.0
speed1426 time 5743.0
speed1424 time 5762.0
speed1424 time 5763.0
speed1422 time 5782.0
speed1422 time 5783.0
speed1420 time 5802.0
speed1420 time 5803.0
speed1418 time 5822.0
speed1418 time 5823.0
speed1416 time 5842.0
speed1416 time 5843.0
speed1414 time 5862.0
speed1414 time 5863.0
speed1412 time 5882.0
speed1412 time 5883.0
speed1410 time 5902.0
speed1410 time 5903.0
speed1408 time 5922.0
speed1408 time 5923.0
speed1406 time 5942.0
speed1406 time 5943.0
speed1404 time 5962.0
speed1404 time 5963.0
speed1402 time 5982.0
speed1402 time 5983.0
speed1400 time 6002.0
speed1400 time 6003.0
speed1398 time 6022.0
speed1398 time 6023.0
speed1396 time 6042.0
speed1396 time 6043.0
speed1394 time 6062.0
speed1394 time 6063.0
speed1392 time 6082.0
speed1392 time 6083.0
speed1390 time 6102.0
speed1390 time 6103.0
speed1388 time 6122.0
speed1388 time 6123.0
speed1386 time 6142.0
speed1386 time 6143.0
speed1384 time 6162.0
speed1384 time 6163.0
speed1382 time 6182.0
speed1382 time 6183.0
speed1380 time 6202.0
speed1380 time 6203.0
speed1378 time 6222.0
speed1378 time 6223.0
speed1376 time 6242.0
speed1376 time 6243.0
speed1374 time 6262.0
speed1374 time 6263.0
speed1372 time 6282.0
speed1372 time 6283.0
speed1370 time 6302.0
speed1370 time 6303.0
speed1368 time 6322.0
speed1368 time 6323.0
speed1366 time 6342.0
speed1366 time 6343.0
speed1364 time 6362.0
speed1364 time 6363.0
speed1362 time 6382.0
speed1362 time 6383.0
speed1360 time 6402.0
speed1360 time 6403.0
speed1358 time 6422.0
speed1358 time 6423.0
speed1356 time 6442.0
speed1356 time 6443.0
speed1354 time 6462.0
speed1354 time 6463.0
speed1352 time 6482.0
speed1352 time 6483.0
speed1350 time 6502.0
speed1350 time 6503.0
speed1348 time 6522.0
speed1348 time 6523.0
speed1346 time 6542.0
speed1346 time 6543.0
speed1344 time 6562.0
speed1344 time 6563.0
speed1342 time 6582.0
speed1342 time 6583.0
speed1340 time 6602.0
speed1340 time 6603.0
speed1338 time 6622.0
speed1338 time 6623.0
speed1336 time 6642.0
speed1336 time 6643.0
speed1334 time 6662.0
speed1334 time 6663.0
speed1332 time 6682.0
speed1332 time 6683.0
speed1330 time 6702.0
speed1330 time 6703.0
speed1328 time 6722.0
speed1328 time 6723.0
speed1326 time 6742.0
speed1326 time 6743.0
speed1324 time 6762.0
speed1324 time 6763.0
speed1322 time 6782.0
speed1322 time 6783.0
speed1320 time 6802.0
speed1320 time 6803.0
speed1318 time 6822.0
speed1318 time 6823.0
speed1316 time 6842.0
speed1316 time 6843.0
speed1314 time 6862.0
speed1314 time 6863.0
speed1312 time 6882.0
speed1312 time 6883.0
speed1310 time 6902.0
speed1310 time 6903.0
speed1308 time 6922.0
speed1308 time 6923.0
speed1306 time 6942.0
speed1306 time 6943.0
speed1304 time 6962.0
speed1304 time 6963.0
speed1302 time 6982.0
speed1302 time 6983.0
speed1300 time 7002.0
speed1300 time 7003.0
speed1298 time 7022.0
speed1298 time 7023.0
speed1296 time 7042.0
speed1296 time 7043.0
speed1294 time 7062.0
speed1294 time 7063.0
speed1292 time 7082.0
speed1292 time 7083.0
speed1290 time 7102.0
speed1290 time 7103.0
speed1288 time 7122.0
speed1288 time 7123.0
speed1286 time 7142.0
speed1286 time 7143.0
speed1284 time 7162.0
speed1284 time 7163.0
speed1282 time 7182.0
speed1282 time 7183.0
speed1280 time 7202.0
speed1280 time 7203.0
speed1278 time 7222.0
speed1278 time 7223.0
speed1276 time 7242.0
speed1276 time 7243.0
speed1274 time 7262.0
speed1274 time 7263.0
speed1272 time 7282.0
speed1272 time 7283.0
speed1270 time 7302.0
speed1270 time 7303.0
speed1268 time 7322.0
speed1268 time 7323.0
speed1266 time 7342.0
speed1266 time 7343.0
speed1264 time 7362.0
speed1264 time 7363.0
speed1262 time 7382.0
speed1262 time 7383.0
speed1260 time 7402.0
speed1260 time 7403.0
speed1258 time 7422.0
speed1258 time 7423.0
speed1256 time 7442.0
speed1256 time 7443.0
speed1254 time 7462.0
speed1254 time 7463.0
speed1252 time 7482.0
speed1252 time 7483.0
speed1250 time 7502.0
speed1250 time 7503.0
speed1248 time 7522.0
speed1248 time 7523.0
speed1246 time 7542.0
speed1246 time 7543.0
speed1244 time 7562.0
speed1244 time 7563.0
speed1242 time 7582.0
speed1242 time 7583.0
speed1240 time 7602.0
speed1240 time 7603.0
speed1238 time 7622.0
speed1238 time 7623.0
speed1236 time 7642.0
speed1236 time 7643.0
speed1234 time 7662.0
speed1234 time 7663.0
speed1232 time 7682.0
speed1232 time 7683.0
speed1230 time 7702.0
speed1230 time 7703.0
speed1228 time 7722.0
speed1228 time 7723.0
speed1226 time 7742.0
speed1226 time 7743.0
speed1224 time 7762.0
speed1224 time 7763.0
speed1222 time 7782.0
speed1222 time 7783.0
speed1220 time 7802.0
speed1220 time 7803.0
speed1218 time 7822.0
speed1218 time 7823.0
speed1216 time 7842.0
speed1216 time 7843.0
speed1214 time 7862.0
speed1214 time 7863.0
speed1212 time 7882.0
speed1212 time 7883.0
speed1210 time 7902.0
speed1210 time 7903.0
speed1208 time 7922.0
speed1208 time 7923.0
speed1206 time 7942.0
speed1206 time 7943.0
speed1204 time 7962.0
speed1204 time 7963.0
speed1202 time 7982.0
speed1202 time 7983.0
speed1200 time 8002.0
speed1200 time 8003.0
speed1198 time 8022.0
speed1198 time 8023.0
speed1196 time 8042.0
speed1196 time 8043.0
speed1194 time 8062.0
speed1194 time 8063.0
speed1192 time 8082.0
speed1192 time 8083.0
speed1190 time 8102.0
speed1190 time 8103.0
speed1188 time 8122.0
speed1188 time 8123.0
speed1186 time 8142.0
speed1186 time 8143.0
speed1184 time 8162.0
speed1184 time 8163.0
speed1182 time 8182.0
speed1182 time 8183.0
speed1180 time 8202.0
speed1180 time 8203.0
speed1178 time 8222.0
speed1178 time 8223.0
speed1176 time 8242.0
speed1176 time 8243.0
speed1174 time 8262.0
speed1174 time 8263.0
speed1172 time 8282.0
speed1172 time 8283.0
speed1170 time 8302.0
speed1170 time 8303.0
speed1168 time 8322.0
speed1168 time 8323.0
speed1166 time 8342.0
speed1166 time 8343.0
speed1164 time 8362.0
speed1164 time 8363.0
speed1162 time 8382.0
speed1162 time 8383.0
speed1160 time 8402.0
speed1160 time 8403.0
speed1158 time 8422.0
speed1158 time 8423.0
speed1156 time 8442.0
speed1156 time 8443.0
speed1154 time 8462.0
speed1154 time 8463.0
speed1152 time 8482.0
speed1152 time 8483.0
speed1150 time 8502.0
speed1150 time 8503.0
speed1148 time 8522.0
speed1148 time 8523.0
speed1146 time 8542.0
speed1146 time 8543.0
speed1144 time 8562.0
speed1144 time 8563.0
speed1142 time 8582.0
speed1142 time 8583.0
speed1140 time 8602.0
speed1140 time 8603.0
speed1138 time 8622.0
speed1138 time 8623.0
speed1136 time 8642.0
speed1136 time 8643.0
speed1134 time 8662.0
speed1134 time 8663.0
speed1132 time 8682.0
speed1132 time 8683.0
speed1130 time 8702.0
speed1130 time 8703.0
speed1128 time 8722.0
speed1128 time 8723.0
speed1126 time 8742.0
speed1126 time 8743.0
speed1124 time 8762.0
speed1124 time 8763.0
speed1122 time 8782.0
speed1122 time 8783.0
speed1120 time 8802.0
speed1120 time 8803.0
speed1118 time 8822.0
speed1118 time 8823.0
speed1116 time 8842.0
speed1116 time 8843.0
speed1114 time 8862.0
speed1114 time 8863.0
speed1112 time 8882.0
speed1112 time 8883.0
speed1110 time 8902.0
speed1110 time 8903.0
speed1108 time 8922.0
speed1108 time 8923.0
speed1106 time 8942.0
speed1106 time 8943.0
speed1104 time 8962.0
speed1104 time 8963.0
speed1102 time 8982.0
speed1102 time 8983.0
speed1100 time 9002.0
speed1100 time 9003.0
speed1098 time 9022.0
speed1098 time 9023.0
speed1096 time 9042.0
speed1096 time 9043.0
speed1094 time 9062.0
speed1094 time 9063.0
speed1092 time 9082.0
speed1092 time 9083.0
speed1090 time 9102.0
speed1090 time 9103.0
speed1088 time 9122.0
speed1088 time 9123.0
speed1086 time 9142.0
speed1086 time 9143.0
speed1084 time 9162.0
speed1084 time 9163.0
speed1082 time 9182.0
speed1082 time 9183.0
speed1080 time 9202.0
speed1080 time 9203.0
speed1078 time 9222.0
speed1078 time 9223.0
01:31:55.848 [main] INFO  org.cpswt.hla.SynchronizedFederate - VCU-78278ba2-cd49-4d57-95c8-ecb8e4e4e38b: SimEnd interaction received, exiting...
01:31:55.850 [main] INFO  org.cpswt.hla.SynchronizedFederate - Exiting gracefully ....
