
-------------------------------------------------------------------
GMS: address=vagrant-16235, cluster=AV, physical address=10.0.2.15:53322
-------------------------------------------------------------------
00:30:26.028 [main] INFO  AV.VCU - waiting on readyToRun...
00:30:26.284 [main] INFO  AV.VCU - ...synchronized on readyToRun
00:30:26.288 [main] INFO  AV.VCU - started logical time progression
speed0 time 2.0
speed0 time 3.0
speed0 time 4.0
speed1999 time 5.0
speed1998 time 6.0
speed1998 time 7.0
speed1998 time 8.0
speed1998 time 9.0
speed1998 time 10.0
speed1998 time 11.0
speed1998 time 12.0
speed1998 time 13.0
speed1998 time 22.0
speed1998 time 23.0
speed1998 time 24.0
speed1997 time 25.0
speed1996 time 26.0
speed1996 time 27.0
speed1996 time 28.0
speed1996 time 29.0
speed1996 time 30.0
speed1996 time 31.0
speed1996 time 32.0
speed1996 time 33.0
speed1996 time 42.0
speed1996 time 43.0
speed1996 time 44.0
speed1995 time 45.0
speed1994 time 46.0
speed1994 time 47.0
speed1994 time 48.0
speed1994 time 49.0
speed1994 time 50.0
speed1994 time 51.0
speed1994 time 52.0
speed1994 time 53.0
speed1994 time 62.0
speed1994 time 63.0
speed1994 time 64.0
speed1993 time 65.0
speed1992 time 66.0
speed1992 time 67.0
speed1992 time 68.0
speed1992 time 69.0
speed1992 time 70.0
speed1992 time 71.0
speed1992 time 72.0
speed1992 time 73.0
speed1992 time 82.0
speed1992 time 83.0
speed1992 time 84.0
speed1991 time 85.0
speed1990 time 86.0
speed1990 time 87.0
speed1990 time 88.0
speed1990 time 89.0
speed1990 time 90.0
speed1990 time 91.0
speed1990 time 92.0
speed1990 time 93.0
speed1990 time 102.0
speed1990 time 103.0
speed1990 time 104.0
speed1989 time 105.0
speed1988 time 106.0
speed1988 time 107.0
speed1988 time 108.0
speed1988 time 109.0
speed1988 time 110.0
speed1988 time 111.0
speed1988 time 112.0
speed1988 time 113.0
speed1988 time 122.0
speed1988 time 123.0
speed1988 time 124.0
speed1987 time 125.0
speed1986 time 126.0
speed1986 time 127.0
speed1986 time 128.0
speed1986 time 129.0
speed1986 time 130.0
speed1986 time 131.0
speed1986 time 132.0
speed1986 time 133.0
speed1986 time 142.0
speed1986 time 143.0
speed1986 time 144.0
speed1985 time 145.0
speed1984 time 146.0
speed1984 time 147.0
speed1984 time 148.0
speed1984 time 149.0
speed1984 time 150.0
speed1984 time 151.0
speed1984 time 152.0
speed1984 time 153.0
speed1984 time 162.0
speed1984 time 163.0
speed1984 time 164.0
speed1983 time 165.0
speed1982 time 166.0
speed1982 time 167.0
speed1982 time 168.0
speed1982 time 169.0
speed1982 time 170.0
speed1982 time 171.0
speed1982 time 172.0
speed1982 time 173.0
speed1982 time 182.0
speed1982 time 183.0
speed1982 time 184.0
speed1981 time 185.0
speed1980 time 186.0
speed1980 time 187.0
speed1980 time 188.0
speed1980 time 189.0
speed1980 time 190.0
speed1980 time 191.0
speed1980 time 192.0
speed1980 time 193.0
speed1980 time 202.0
speed1980 time 203.0
speed1980 time 204.0
speed1979 time 205.0
speed1978 time 206.0
speed1978 time 207.0
speed1978 time 208.0
speed1978 time 209.0
speed1978 time 210.0
speed1978 time 211.0
speed1978 time 212.0
speed1978 time 213.0
speed1978 time 222.0
speed1978 time 223.0
speed1978 time 224.0
speed1977 time 225.0
speed1976 time 226.0
speed1976 time 227.0
speed1976 time 228.0
speed1976 time 229.0
speed1976 time 230.0
speed1976 time 231.0
speed1976 time 232.0
speed1976 time 233.0
speed1976 time 242.0
speed1976 time 243.0
speed1976 time 244.0
speed1975 time 245.0
speed1974 time 246.0
speed1974 time 247.0
speed1974 time 248.0
speed1974 time 249.0
speed1974 time 250.0
speed1974 time 251.0
speed1974 time 252.0
speed1974 time 253.0
speed1974 time 262.0
speed1974 time 263.0
speed1974 time 264.0
speed1973 time 265.0
speed1972 time 266.0
speed1972 time 267.0
speed1972 time 268.0
speed1972 time 269.0
speed1972 time 270.0
speed1972 time 271.0
speed1972 time 272.0
speed1972 time 273.0
speed1972 time 282.0
speed1972 time 283.0
speed1972 time 284.0
speed1971 time 285.0
speed1970 time 286.0
speed1970 time 287.0
speed1970 time 288.0
speed1970 time 289.0
speed1970 time 290.0
speed1970 time 291.0
speed1970 time 292.0
speed1970 time 293.0
speed1970 time 302.0
speed1970 time 303.0
speed1970 time 304.0
speed1969 time 305.0
speed1968 time 306.0
speed1968 time 307.0
speed1968 time 308.0
speed1968 time 309.0
speed1968 time 310.0
speed1968 time 311.0
speed1968 time 312.0
speed1968 time 313.0
speed1968 time 322.0
speed1968 time 323.0
speed1968 time 324.0
speed1967 time 325.0
speed1966 time 326.0
speed1966 time 327.0
speed1966 time 328.0
speed1966 time 329.0
speed1966 time 330.0
speed1966 time 331.0
speed1966 time 332.0
speed1966 time 333.0
speed1966 time 342.0
speed1966 time 343.0
speed1966 time 344.0
speed1965 time 345.0
speed1964 time 346.0
speed1964 time 347.0
speed1964 time 348.0
speed1964 time 349.0
speed1964 time 350.0
speed1964 time 351.0
speed1964 time 352.0
speed1964 time 353.0
speed1964 time 362.0
speed1964 time 363.0
speed1964 time 364.0
speed1963 time 365.0
speed1962 time 366.0
speed1962 time 367.0
speed1962 time 368.0
speed1962 time 369.0
speed1962 time 370.0
speed1962 time 371.0
speed1962 time 372.0
speed1962 time 373.0
speed1962 time 382.0
speed1962 time 383.0
speed1962 time 384.0
speed1961 time 385.0
speed1960 time 386.0
speed1960 time 387.0
speed1960 time 388.0
speed1960 time 389.0
speed1960 time 390.0
speed1960 time 391.0
speed1960 time 392.0
speed1960 time 393.0
speed1960 time 402.0
speed1960 time 403.0
speed1960 time 404.0
speed1959 time 405.0
speed1958 time 406.0
speed1958 time 407.0
speed1958 time 408.0
speed1958 time 409.0
speed1958 time 410.0
speed1958 time 411.0
speed1958 time 412.0
speed1958 time 413.0
speed1958 time 422.0
speed1958 time 423.0
speed1958 time 424.0
speed1957 time 425.0
speed1956 time 426.0
speed1956 time 427.0
speed1956 time 428.0
speed1956 time 429.0
speed1956 time 430.0
speed1956 time 431.0
speed1956 time 432.0
speed1956 time 433.0
speed1956 time 442.0
speed1956 time 443.0
speed1956 time 444.0
speed1955 time 445.0
speed1954 time 446.0
speed1954 time 447.0
speed1954 time 448.0
speed1954 time 449.0
speed1954 time 450.0
speed1954 time 451.0
speed1954 time 452.0
speed1954 time 453.0
speed1954 time 462.0
speed1954 time 463.0
speed1954 time 464.0
speed1953 time 465.0
speed1952 time 466.0
speed1952 time 467.0
speed1952 time 468.0
speed1952 time 469.0
speed1952 time 470.0
speed1952 time 471.0
speed1952 time 472.0
speed1952 time 473.0
speed1952 time 482.0
speed1952 time 483.0
speed1952 time 484.0
speed1951 time 485.0
speed1950 time 486.0
speed1950 time 487.0
speed1950 time 488.0
speed1950 time 489.0
speed1950 time 490.0
speed1950 time 491.0
speed1950 time 492.0
speed1950 time 493.0
speed1950 time 502.0
speed1950 time 503.0
speed1950 time 504.0
speed1949 time 505.0
speed1948 time 506.0
speed1948 time 507.0
speed1948 time 508.0
speed1948 time 509.0
speed1948 time 510.0
speed1948 time 511.0
speed1948 time 512.0
speed1948 time 513.0
speed1948 time 522.0
speed1948 time 523.0
speed1948 time 524.0
speed1947 time 525.0
speed1946 time 526.0
speed1946 time 527.0
speed1946 time 528.0
speed1946 time 529.0
speed1946 time 530.0
speed1946 time 531.0
speed1946 time 532.0
speed1946 time 533.0
speed1946 time 542.0
speed1946 time 543.0
speed1946 time 544.0
speed1945 time 545.0
speed1944 time 546.0
speed1944 time 547.0
speed1944 time 548.0
speed1944 time 549.0
speed1944 time 550.0
speed1944 time 551.0
speed1944 time 552.0
speed1944 time 553.0
speed1944 time 562.0
speed1944 time 563.0
speed1944 time 564.0
speed1943 time 565.0
speed1942 time 566.0
speed1942 time 567.0
speed1942 time 568.0
speed1942 time 569.0
speed1942 time 570.0
speed1942 time 571.0
speed1942 time 572.0
speed1942 time 573.0
speed1942 time 582.0
speed1942 time 583.0
speed1942 time 584.0
speed1941 time 585.0
speed1940 time 586.0
speed1940 time 587.0
speed1940 time 588.0
speed1940 time 589.0
speed1940 time 590.0
speed1940 time 591.0
speed1940 time 592.0
speed1940 time 593.0
speed1940 time 602.0
speed1940 time 603.0
speed1940 time 604.0
speed1939 time 605.0
speed1938 time 606.0
speed1938 time 607.0
speed1938 time 608.0
speed1938 time 609.0
speed1938 time 610.0
speed1938 time 611.0
speed1938 time 612.0
speed1938 time 613.0
speed1938 time 622.0
speed1938 time 623.0
speed1938 time 624.0
speed1937 time 625.0
speed1936 time 626.0
speed1936 time 627.0
speed1936 time 628.0
speed1936 time 629.0
speed1936 time 630.0
speed1936 time 631.0
speed1936 time 632.0
speed1936 time 633.0
speed1936 time 642.0
speed1936 time 643.0
speed1936 time 644.0
speed1935 time 645.0
speed1934 time 646.0
speed1934 time 647.0
speed1934 time 648.0
speed1934 time 649.0
speed1934 time 650.0
speed1934 time 651.0
speed1934 time 652.0
speed1934 time 653.0
speed1934 time 662.0
speed1934 time 663.0
speed1934 time 664.0
speed1933 time 665.0
speed1932 time 666.0
speed1932 time 667.0
speed1932 time 668.0
speed1932 time 669.0
speed1932 time 670.0
speed1932 time 671.0
speed1932 time 672.0
speed1932 time 673.0
speed1932 time 682.0
speed1932 time 683.0
speed1932 time 684.0
speed1931 time 685.0
speed1930 time 686.0
speed1930 time 687.0
speed1930 time 688.0
speed1930 time 689.0
speed1930 time 690.0
speed1930 time 691.0
speed1930 time 692.0
speed1930 time 693.0
speed1930 time 702.0
speed1930 time 703.0
speed1930 time 704.0
speed1929 time 705.0
speed1928 time 706.0
speed1928 time 707.0
speed1928 time 708.0
speed1928 time 709.0
speed1928 time 710.0
speed1928 time 711.0
speed1928 time 712.0
speed1928 time 713.0
speed1928 time 722.0
speed1928 time 723.0
speed1928 time 724.0
speed1927 time 725.0
speed1926 time 726.0
speed1926 time 727.0
speed1926 time 728.0
speed1926 time 729.0
speed1926 time 730.0
speed1926 time 731.0
speed1926 time 732.0
speed1926 time 733.0
speed1926 time 742.0
speed1926 time 743.0
speed1926 time 744.0
speed1925 time 745.0
speed1924 time 746.0
speed1924 time 747.0
speed1924 time 748.0
speed1924 time 749.0
speed1924 time 750.0
speed1924 time 751.0
speed1924 time 752.0
speed1924 time 753.0
speed1924 time 762.0
speed1924 time 763.0
speed1924 time 764.0
speed1923 time 765.0
speed1922 time 766.0
speed1922 time 767.0
speed1922 time 768.0
speed1922 time 769.0
speed1922 time 770.0
speed1922 time 771.0
speed1922 time 772.0
speed1922 time 773.0
speed1922 time 782.0
speed1922 time 783.0
speed1922 time 784.0
speed1921 time 785.0
speed1920 time 786.0
speed1920 time 787.0
speed1920 time 788.0
speed1920 time 789.0
speed1920 time 790.0
speed1920 time 791.0
speed1920 time 792.0
speed1920 time 793.0
speed1920 time 802.0
speed1920 time 803.0
speed1920 time 804.0
speed1919 time 805.0
speed1918 time 806.0
speed1918 time 807.0
speed1918 time 808.0
speed1918 time 809.0
speed1918 time 810.0
speed1918 time 811.0
speed1918 time 812.0
speed1918 time 813.0
speed1918 time 822.0
speed1918 time 823.0
speed1918 time 824.0
speed1917 time 825.0
speed1916 time 826.0
speed1916 time 827.0
speed1916 time 828.0
speed1916 time 829.0
speed1916 time 830.0
speed1916 time 831.0
speed1916 time 832.0
speed1916 time 833.0
speed1916 time 842.0
speed1916 time 843.0
speed1916 time 844.0
speed1915 time 845.0
speed1914 time 846.0
speed1914 time 847.0
speed1914 time 848.0
speed1914 time 849.0
speed1914 time 850.0
speed1914 time 851.0
speed1914 time 852.0
speed1914 time 853.0
speed1914 time 862.0
speed1914 time 863.0
speed1914 time 864.0
speed1913 time 865.0
speed1912 time 866.0
speed1912 time 867.0
speed1912 time 868.0
speed1912 time 869.0
speed1912 time 870.0
speed1912 time 871.0
speed1912 time 872.0
speed1912 time 873.0
speed1912 time 882.0
speed1912 time 883.0
speed1912 time 884.0
speed1911 time 885.0
speed1910 time 886.0
speed1910 time 887.0
speed1910 time 888.0
speed1910 time 889.0
speed1910 time 890.0
speed1910 time 891.0
speed1910 time 892.0
speed1910 time 893.0
speed1910 time 902.0
speed1910 time 903.0
speed1910 time 904.0
speed1909 time 905.0
speed1908 time 906.0
speed1908 time 907.0
speed1908 time 908.0
speed1908 time 909.0
speed1908 time 910.0
speed1908 time 911.0
speed1908 time 912.0
speed1908 time 913.0
speed1908 time 922.0
speed1908 time 923.0
speed1908 time 924.0
speed1907 time 925.0
speed1906 time 926.0
speed1906 time 927.0
speed1906 time 928.0
speed1906 time 929.0
speed1906 time 930.0
speed1906 time 931.0
speed1906 time 932.0
speed1906 time 933.0
speed1906 time 942.0
speed1906 time 943.0
speed1906 time 944.0
speed1905 time 945.0
speed1904 time 946.0
speed1904 time 947.0
speed1904 time 948.0
speed1904 time 949.0
speed1904 time 950.0
speed1904 time 951.0
speed1904 time 952.0
speed1904 time 953.0
speed1904 time 962.0
speed1904 time 963.0
speed1904 time 964.0
speed1903 time 965.0
speed1902 time 966.0
speed1902 time 967.0
speed1902 time 968.0
speed1902 time 969.0
speed1902 time 970.0
speed1902 time 971.0
speed1902 time 972.0
speed1902 time 973.0
speed1902 time 982.0
speed1902 time 983.0
speed1902 time 984.0
speed1901 time 985.0
speed1900 time 986.0
speed1900 time 987.0
speed1900 time 988.0
speed1900 time 989.0
speed1900 time 990.0
speed1900 time 991.0
speed1900 time 992.0
speed1900 time 993.0
speed1900 time 1002.0
speed1900 time 1003.0
speed1900 time 1004.0
speed1899 time 1005.0
speed1898 time 1006.0
speed1898 time 1007.0
speed1898 time 1008.0
speed1898 time 1009.0
speed1898 time 1010.0
speed1898 time 1011.0
speed1898 time 1012.0
speed1898 time 1013.0
speed1898 time 1022.0
speed1898 time 1023.0
speed1898 time 1024.0
speed1897 time 1025.0
speed1896 time 1026.0
speed1896 time 1027.0
speed1896 time 1028.0
speed1896 time 1029.0
speed1896 time 1030.0
speed1896 time 1031.0
speed1896 time 1032.0
speed1896 time 1033.0
speed1896 time 1042.0
speed1896 time 1043.0
speed1896 time 1044.0
speed1895 time 1045.0
speed1894 time 1046.0
speed1894 time 1047.0
speed1894 time 1048.0
speed1894 time 1049.0
speed1894 time 1050.0
speed1894 time 1051.0
speed1894 time 1052.0
speed1894 time 1053.0
speed1894 time 1062.0
speed1894 time 1063.0
speed1894 time 1064.0
speed1893 time 1065.0
speed1892 time 1066.0
speed1892 time 1067.0
speed1892 time 1068.0
speed1892 time 1069.0
speed1892 time 1070.0
speed1892 time 1071.0
speed1892 time 1072.0
speed1892 time 1073.0
speed1892 time 1082.0
speed1892 time 1083.0
speed1892 time 1084.0
speed1891 time 1085.0
speed1890 time 1086.0
speed1890 time 1087.0
speed1890 time 1088.0
speed1890 time 1089.0
speed1890 time 1090.0
speed1890 time 1091.0
speed1890 time 1092.0
speed1890 time 1093.0
speed1890 time 1102.0
speed1890 time 1103.0
speed1890 time 1104.0
speed1889 time 1105.0
speed1888 time 1106.0
speed1888 time 1107.0
speed1888 time 1108.0
speed1888 time 1109.0
speed1888 time 1110.0
speed1888 time 1111.0
speed1888 time 1112.0
speed1888 time 1113.0
speed1888 time 1122.0
speed1888 time 1123.0
speed1888 time 1124.0
speed1887 time 1125.0
speed1886 time 1126.0
speed1886 time 1127.0
speed1886 time 1128.0
speed1886 time 1129.0
speed1886 time 1130.0
speed1886 time 1131.0
speed1886 time 1132.0
speed1886 time 1133.0
speed1886 time 1142.0
speed1886 time 1143.0
speed1886 time 1144.0
speed1885 time 1145.0
speed1884 time 1146.0
speed1884 time 1147.0
speed1884 time 1148.0
speed1884 time 1149.0
speed1884 time 1150.0
speed1884 time 1151.0
speed1884 time 1152.0
speed1884 time 1153.0
speed1884 time 1162.0
speed1884 time 1163.0
speed1884 time 1164.0
speed1883 time 1165.0
speed1882 time 1166.0
speed1882 time 1167.0
speed1882 time 1168.0
speed1882 time 1169.0
speed1882 time 1170.0
speed1882 time 1171.0
speed1882 time 1172.0
speed1882 time 1173.0
speed1882 time 1182.0
speed1882 time 1183.0
speed1882 time 1184.0
speed1881 time 1185.0
speed1880 time 1186.0
speed1880 time 1187.0
speed1880 time 1188.0
speed1880 time 1189.0
speed1880 time 1190.0
speed1880 time 1191.0
speed1880 time 1192.0
speed1880 time 1193.0
speed1880 time 1202.0
speed1880 time 1203.0
speed1880 time 1204.0
speed1879 time 1205.0
speed1878 time 1206.0
speed1878 time 1207.0
speed1878 time 1208.0
speed1878 time 1209.0
speed1878 time 1210.0
speed1878 time 1211.0
speed1878 time 1212.0
speed1878 time 1213.0
speed1878 time 1222.0
speed1878 time 1223.0
speed1878 time 1224.0
speed1877 time 1225.0
speed1876 time 1226.0
speed1876 time 1227.0
speed1876 time 1228.0
speed1876 time 1229.0
speed1876 time 1230.0
speed1876 time 1231.0
speed1876 time 1232.0
speed1876 time 1233.0
speed1876 time 1242.0
speed1876 time 1243.0
speed1876 time 1244.0
speed1875 time 1245.0
speed1874 time 1246.0
speed1874 time 1247.0
speed1874 time 1248.0
speed1874 time 1249.0
speed1874 time 1250.0
speed1874 time 1251.0
speed1874 time 1252.0
speed1874 time 1253.0
speed1874 time 1262.0
speed1874 time 1263.0
speed1874 time 1264.0
speed1873 time 1265.0
speed1872 time 1266.0
speed1872 time 1267.0
speed1872 time 1268.0
speed1872 time 1269.0
speed1872 time 1270.0
speed1872 time 1271.0
speed1872 time 1272.0
speed1872 time 1273.0
speed1872 time 1282.0
speed1872 time 1283.0
speed1872 time 1284.0
speed1871 time 1285.0
speed1870 time 1286.0
speed1870 time 1287.0
speed1870 time 1288.0
speed1870 time 1289.0
speed1870 time 1290.0
speed1870 time 1291.0
speed1870 time 1292.0
speed1870 time 1293.0
speed1870 time 1302.0
speed1870 time 1303.0
speed1870 time 1304.0
speed1869 time 1305.0
speed1868 time 1306.0
speed1868 time 1307.0
speed1868 time 1308.0
speed1868 time 1309.0
speed1868 time 1310.0
speed1868 time 1311.0
speed1868 time 1312.0
speed1868 time 1313.0
speed1868 time 1322.0
speed1868 time 1323.0
speed1868 time 1324.0
speed1867 time 1325.0
speed1866 time 1326.0
speed1866 time 1327.0
speed1866 time 1328.0
speed1866 time 1329.0
speed1866 time 1330.0
speed1866 time 1331.0
speed1866 time 1332.0
speed1866 time 1333.0
speed1866 time 1342.0
speed1866 time 1343.0
speed1866 time 1344.0
speed1865 time 1345.0
speed1864 time 1346.0
speed1864 time 1347.0
speed1864 time 1348.0
speed1864 time 1349.0
speed1864 time 1350.0
speed1864 time 1351.0
speed1864 time 1352.0
speed1864 time 1353.0
speed1864 time 1362.0
speed1864 time 1363.0
speed1864 time 1364.0
speed1863 time 1365.0
speed1862 time 1366.0
speed1862 time 1367.0
speed1862 time 1368.0
speed1862 time 1369.0
speed1862 time 1370.0
speed1862 time 1371.0
speed1862 time 1372.0
speed1862 time 1373.0
speed1862 time 1382.0
speed1862 time 1383.0
speed1862 time 1384.0
speed1861 time 1385.0
speed1860 time 1386.0
speed1860 time 1387.0
speed1860 time 1388.0
speed1860 time 1389.0
speed1860 time 1390.0
speed1860 time 1391.0
speed1860 time 1392.0
speed1860 time 1393.0
speed1860 time 1402.0
speed1860 time 1403.0
speed1860 time 1404.0
speed1859 time 1405.0
speed1858 time 1406.0
speed1858 time 1407.0
speed1858 time 1408.0
speed1858 time 1409.0
speed1858 time 1410.0
speed1858 time 1411.0
speed1858 time 1412.0
speed1858 time 1413.0
speed1858 time 1422.0
speed1858 time 1423.0
speed1858 time 1424.0
speed1857 time 1425.0
speed1856 time 1426.0
speed1856 time 1427.0
speed1856 time 1428.0
speed1856 time 1429.0
speed1856 time 1430.0
speed1856 time 1431.0
speed1856 time 1432.0
speed1856 time 1433.0
speed1856 time 1442.0
speed1856 time 1443.0
speed1856 time 1444.0
speed1855 time 1445.0
speed1854 time 1446.0
speed1854 time 1447.0
speed1854 time 1448.0
speed1854 time 1449.0
speed1854 time 1450.0
speed1854 time 1451.0
speed1854 time 1452.0
speed1854 time 1453.0
speed1854 time 1462.0
speed1854 time 1463.0
speed1854 time 1464.0
speed1853 time 1465.0
speed1852 time 1466.0
speed1852 time 1467.0
speed1852 time 1468.0
speed1852 time 1469.0
speed1852 time 1470.0
speed1852 time 1471.0
speed1852 time 1472.0
speed1852 time 1473.0
speed1852 time 1482.0
speed1852 time 1483.0
speed1852 time 1484.0
speed1851 time 1485.0
speed1850 time 1486.0
speed1850 time 1487.0
speed1850 time 1488.0
speed1850 time 1489.0
speed1850 time 1490.0
speed1850 time 1491.0
speed1850 time 1492.0
speed1850 time 1493.0
speed1850 time 1502.0
speed1850 time 1503.0
speed1850 time 1504.0
speed1849 time 1505.0
speed1848 time 1506.0
speed1848 time 1507.0
speed1848 time 1508.0
speed1848 time 1509.0
speed1848 time 1510.0
speed1848 time 1511.0
speed1848 time 1512.0
speed1848 time 1513.0
speed1848 time 1522.0
speed1848 time 1523.0
speed1848 time 1524.0
speed1847 time 1525.0
speed1846 time 1526.0
speed1846 time 1527.0
speed1846 time 1528.0
speed1846 time 1529.0
speed1846 time 1530.0
speed1846 time 1531.0
speed1846 time 1532.0
speed1846 time 1533.0
speed1846 time 1542.0
speed1846 time 1543.0
speed1846 time 1544.0
speed1845 time 1545.0
speed1844 time 1546.0
speed1844 time 1547.0
speed1844 time 1548.0
speed1844 time 1549.0
speed1844 time 1550.0
speed1844 time 1551.0
speed1844 time 1552.0
speed1844 time 1553.0
speed1844 time 1562.0
speed1844 time 1563.0
speed1844 time 1564.0
speed1843 time 1565.0
speed1842 time 1566.0
speed1842 time 1567.0
speed1842 time 1568.0
speed1842 time 1569.0
speed1842 time 1570.0
speed1842 time 1571.0
speed1842 time 1572.0
speed1842 time 1573.0
speed1842 time 1582.0
speed1842 time 1583.0
speed1842 time 1584.0
speed1841 time 1585.0
speed1840 time 1586.0
speed1840 time 1587.0
speed1840 time 1588.0
speed1840 time 1589.0
speed1840 time 1590.0
speed1840 time 1591.0
speed1840 time 1592.0
speed1840 time 1593.0
speed1840 time 1602.0
speed1840 time 1603.0
speed1840 time 1604.0
speed1839 time 1605.0
speed1838 time 1606.0
speed1838 time 1607.0
speed1838 time 1608.0
speed1838 time 1609.0
speed1838 time 1610.0
speed1838 time 1611.0
speed1838 time 1612.0
speed1838 time 1613.0
speed1838 time 1622.0
speed1838 time 1623.0
speed1838 time 1624.0
speed1837 time 1625.0
speed1836 time 1626.0
speed1836 time 1627.0
speed1836 time 1628.0
speed1836 time 1629.0
speed1836 time 1630.0
speed1836 time 1631.0
speed1836 time 1632.0
speed1836 time 1633.0
speed1836 time 1642.0
speed1836 time 1643.0
speed1836 time 1644.0
speed1835 time 1645.0
speed1834 time 1646.0
speed1834 time 1647.0
speed1834 time 1648.0
speed1834 time 1649.0
speed1834 time 1650.0
speed1834 time 1651.0
speed1834 time 1652.0
speed1834 time 1653.0
speed1834 time 1662.0
speed1834 time 1663.0
speed1834 time 1664.0
speed1833 time 1665.0
speed1832 time 1666.0
speed1832 time 1667.0
speed1832 time 1668.0
speed1832 time 1669.0
speed1832 time 1670.0
speed1832 time 1671.0
speed1832 time 1672.0
speed1832 time 1673.0
speed1832 time 1682.0
speed1832 time 1683.0
speed1832 time 1684.0
speed1831 time 1685.0
speed1830 time 1686.0
speed1830 time 1687.0
speed1830 time 1688.0
speed1830 time 1689.0
speed1830 time 1690.0
speed1830 time 1691.0
speed1830 time 1692.0
speed1830 time 1693.0
speed1830 time 1702.0
speed1830 time 1703.0
speed1830 time 1704.0
speed1829 time 1705.0
speed1828 time 1706.0
speed1828 time 1707.0
speed1828 time 1708.0
speed1828 time 1709.0
speed1828 time 1710.0
speed1828 time 1711.0
speed1828 time 1712.0
speed1828 time 1713.0
speed1828 time 1722.0
speed1828 time 1723.0
speed1828 time 1724.0
speed1827 time 1725.0
speed1826 time 1726.0
speed1826 time 1727.0
speed1826 time 1728.0
speed1826 time 1729.0
speed1826 time 1730.0
speed1826 time 1731.0
speed1826 time 1732.0
speed1826 time 1733.0
speed1826 time 1742.0
speed1826 time 1743.0
speed1826 time 1744.0
speed1825 time 1745.0
speed1824 time 1746.0
speed1824 time 1747.0
speed1824 time 1748.0
speed1824 time 1749.0
speed1824 time 1750.0
speed1824 time 1751.0
speed1824 time 1752.0
speed1824 time 1753.0
speed1824 time 1762.0
speed1824 time 1763.0
speed1824 time 1764.0
speed1823 time 1765.0
speed1822 time 1766.0
speed1822 time 1767.0
speed1822 time 1768.0
speed1822 time 1769.0
speed1822 time 1770.0
speed1822 time 1771.0
speed1822 time 1772.0
speed1822 time 1773.0
speed1822 time 1782.0
speed1822 time 1783.0
speed1822 time 1784.0
speed1821 time 1785.0
speed1820 time 1786.0
speed1820 time 1787.0
speed1820 time 1788.0
speed1820 time 1789.0
speed1820 time 1790.0
speed1820 time 1791.0
speed1820 time 1792.0
speed1820 time 1793.0
speed1820 time 1802.0
speed1820 time 1803.0
speed1820 time 1804.0
speed1819 time 1805.0
speed1818 time 1806.0
speed1818 time 1807.0
speed1818 time 1808.0
speed1818 time 1809.0
speed1818 time 1810.0
speed1818 time 1811.0
speed1818 time 1812.0
speed1818 time 1813.0
speed1818 time 1822.0
speed1818 time 1823.0
speed1818 time 1824.0
speed1817 time 1825.0
speed1816 time 1826.0
speed1816 time 1827.0
speed1816 time 1828.0
speed1816 time 1829.0
speed1816 time 1830.0
speed1816 time 1831.0
speed1816 time 1832.0
speed1816 time 1833.0
speed1816 time 1842.0
speed1816 time 1843.0
speed1816 time 1844.0
speed1815 time 1845.0
speed1814 time 1846.0
speed1814 time 1847.0
speed1814 time 1848.0
speed1814 time 1849.0
speed1814 time 1850.0
speed1814 time 1851.0
speed1814 time 1852.0
speed1814 time 1853.0
speed1814 time 1862.0
speed1814 time 1863.0
speed1814 time 1864.0
speed1813 time 1865.0
speed1812 time 1866.0
speed1812 time 1867.0
speed1812 time 1868.0
speed1812 time 1869.0
speed1812 time 1870.0
speed1812 time 1871.0
speed1812 time 1872.0
speed1812 time 1873.0
speed1812 time 1882.0
speed1812 time 1883.0
speed1812 time 1884.0
speed1811 time 1885.0
speed1810 time 1886.0
speed1810 time 1887.0
speed1810 time 1888.0
speed1810 time 1889.0
speed1810 time 1890.0
speed1810 time 1891.0
speed1810 time 1892.0
speed1810 time 1893.0
speed1810 time 1902.0
speed1810 time 1903.0
speed1810 time 1904.0
speed1809 time 1905.0
speed1808 time 1906.0
speed1808 time 1907.0
speed1808 time 1908.0
speed1808 time 1909.0
speed1808 time 1910.0
speed1808 time 1911.0
speed1808 time 1912.0
speed1808 time 1913.0
speed1808 time 1922.0
speed1808 time 1923.0
speed1808 time 1924.0
speed1807 time 1925.0
speed1806 time 1926.0
speed1806 time 1927.0
speed1806 time 1928.0
speed1806 time 1929.0
speed1806 time 1930.0
speed1806 time 1931.0
speed1806 time 1932.0
speed1806 time 1933.0
speed1806 time 1942.0
speed1806 time 1943.0
speed1806 time 1944.0
speed1805 time 1945.0
speed1804 time 1946.0
speed1804 time 1947.0
speed1804 time 1948.0
speed1804 time 1949.0
speed1804 time 1950.0
speed1804 time 1951.0
speed1804 time 1952.0
speed1804 time 1953.0
speed1804 time 1962.0
speed1804 time 1963.0
speed1804 time 1964.0
speed1803 time 1965.0
speed1802 time 1966.0
speed1802 time 1967.0
speed1802 time 1968.0
speed1802 time 1969.0
speed1802 time 1970.0
speed1802 time 1971.0
speed1802 time 1972.0
speed1802 time 1973.0
speed1802 time 1982.0
speed1802 time 1983.0
speed1802 time 1984.0
speed1801 time 1985.0
speed1800 time 1986.0
speed1800 time 1987.0
speed1800 time 1988.0
speed1800 time 1989.0
speed1800 time 1990.0
speed1800 time 1991.0
speed1800 time 1992.0
speed1800 time 1993.0
speed1800 time 2002.0
speed1800 time 2003.0
speed1800 time 2004.0
speed1799 time 2005.0
speed1798 time 2006.0
speed1798 time 2007.0
speed1798 time 2008.0
speed1798 time 2009.0
speed1798 time 2010.0
speed1798 time 2011.0
speed1798 time 2012.0
speed1798 time 2013.0
speed1798 time 2022.0
speed1798 time 2023.0
speed1798 time 2024.0
speed1797 time 2025.0
speed1796 time 2026.0
speed1796 time 2027.0
speed1796 time 2028.0
speed1796 time 2029.0
speed1796 time 2030.0
speed1796 time 2031.0
speed1796 time 2032.0
speed1796 time 2033.0
speed1796 time 2042.0
speed1796 time 2043.0
speed1796 time 2044.0
speed1795 time 2045.0
speed1794 time 2046.0
speed1794 time 2047.0
speed1794 time 2048.0
speed1794 time 2049.0
speed1794 time 2050.0
speed1794 time 2051.0
speed1794 time 2052.0
speed1794 time 2053.0
speed1794 time 2062.0
speed1794 time 2063.0
speed1794 time 2064.0
speed1793 time 2065.0
speed1792 time 2066.0
speed1792 time 2067.0
speed1792 time 2068.0
speed1792 time 2069.0
speed1792 time 2070.0
speed1792 time 2071.0
speed1792 time 2072.0
speed1792 time 2073.0
speed1792 time 2082.0
speed1792 time 2083.0
speed1792 time 2084.0
speed1791 time 2085.0
speed1790 time 2086.0
speed1790 time 2087.0
speed1790 time 2088.0
speed1790 time 2089.0
speed1790 time 2090.0
speed1790 time 2091.0
speed1790 time 2092.0
speed1790 time 2093.0
speed1790 time 2102.0
speed1790 time 2103.0
speed1790 time 2104.0
speed1789 time 2105.0
speed1788 time 2106.0
speed1788 time 2107.0
speed1788 time 2108.0
speed1788 time 2109.0
speed1788 time 2110.0
speed1788 time 2111.0
speed1788 time 2112.0
speed1788 time 2113.0
speed1788 time 2122.0
speed1788 time 2123.0
speed1788 time 2124.0
speed1787 time 2125.0
speed1786 time 2126.0
speed1786 time 2127.0
speed1786 time 2128.0
speed1786 time 2129.0
speed1786 time 2130.0
speed1786 time 2131.0
speed1786 time 2132.0
speed1786 time 2133.0
speed1786 time 2142.0
speed1786 time 2143.0
speed1786 time 2144.0
speed1785 time 2145.0
speed1784 time 2146.0
speed1784 time 2147.0
speed1784 time 2148.0
speed1784 time 2149.0
speed1784 time 2150.0
speed1784 time 2151.0
speed1784 time 2152.0
speed1784 time 2153.0
speed1784 time 2162.0
speed1784 time 2163.0
speed1784 time 2164.0
speed1783 time 2165.0
speed1782 time 2166.0
speed1782 time 2167.0
speed1782 time 2168.0
speed1782 time 2169.0
speed1782 time 2170.0
speed1782 time 2171.0
speed1782 time 2172.0
speed1782 time 2173.0
speed1782 time 2182.0
speed1782 time 2183.0
speed1782 time 2184.0
speed1781 time 2185.0
speed1780 time 2186.0
speed1780 time 2187.0
speed1780 time 2188.0
speed1780 time 2189.0
speed1780 time 2190.0
speed1780 time 2191.0
speed1780 time 2192.0
speed1780 time 2193.0
speed1780 time 2202.0
speed1780 time 2203.0
speed1780 time 2204.0
speed1779 time 2205.0
speed1778 time 2206.0
speed1778 time 2207.0
speed1778 time 2208.0
speed1778 time 2209.0
speed1778 time 2210.0
speed1778 time 2211.0
speed1778 time 2212.0
speed1778 time 2213.0
speed1778 time 2222.0
speed1778 time 2223.0
speed1778 time 2224.0
speed1777 time 2225.0
speed1776 time 2226.0
speed1776 time 2227.0
speed1776 time 2228.0
speed1776 time 2229.0
speed1776 time 2230.0
speed1776 time 2231.0
speed1776 time 2232.0
speed1776 time 2233.0
speed1776 time 2242.0
speed1776 time 2243.0
speed1776 time 2244.0
speed1775 time 2245.0
speed1774 time 2246.0
speed1774 time 2247.0
speed1774 time 2248.0
speed1774 time 2249.0
speed1774 time 2250.0
speed1774 time 2251.0
speed1774 time 2252.0
speed1774 time 2253.0
speed1774 time 2262.0
speed1774 time 2263.0
speed1774 time 2264.0
speed1773 time 2265.0
speed1772 time 2266.0
speed1772 time 2267.0
speed1772 time 2268.0
speed1772 time 2269.0
speed1772 time 2270.0
speed1772 time 2271.0
speed1772 time 2272.0
speed1772 time 2273.0
speed1772 time 2282.0
speed1772 time 2283.0
speed1772 time 2284.0
speed1771 time 2285.0
speed1770 time 2286.0
speed1770 time 2287.0
speed1770 time 2288.0
speed1770 time 2289.0
speed1770 time 2290.0
speed1770 time 2291.0
speed1770 time 2292.0
speed1770 time 2293.0
speed1770 time 2302.0
speed1770 time 2303.0
speed1770 time 2304.0
speed1769 time 2305.0
speed1768 time 2306.0
speed1768 time 2307.0
speed1768 time 2308.0
speed1768 time 2309.0
speed1768 time 2310.0
speed1768 time 2311.0
speed1768 time 2312.0
speed1768 time 2313.0
speed1768 time 2322.0
speed1768 time 2323.0
speed1768 time 2324.0
speed1767 time 2325.0
speed1766 time 2326.0
speed1766 time 2327.0
speed1766 time 2328.0
speed1766 time 2329.0
speed1766 time 2330.0
speed1766 time 2331.0
speed1766 time 2332.0
speed1766 time 2333.0
speed1766 time 2342.0
speed1766 time 2343.0
speed1766 time 2344.0
speed1765 time 2345.0
speed1764 time 2346.0
speed1764 time 2347.0
speed1764 time 2348.0
speed1764 time 2349.0
speed1764 time 2350.0
speed1764 time 2351.0
speed1764 time 2352.0
speed1764 time 2353.0
speed1764 time 2362.0
speed1764 time 2363.0
speed1764 time 2364.0
speed1763 time 2365.0
speed1762 time 2366.0
speed1762 time 2367.0
speed1762 time 2368.0
speed1762 time 2369.0
speed1762 time 2370.0
speed1762 time 2371.0
speed1762 time 2372.0
speed1762 time 2373.0
speed1762 time 2382.0
speed1762 time 2383.0
speed1762 time 2384.0
speed1761 time 2385.0
speed1760 time 2386.0
speed1760 time 2387.0
speed1760 time 2388.0
speed1760 time 2389.0
speed1760 time 2390.0
speed1760 time 2391.0
speed1760 time 2392.0
speed1760 time 2393.0
speed1760 time 2402.0
speed1760 time 2403.0
speed1760 time 2404.0
speed1759 time 2405.0
speed1758 time 2406.0
speed1758 time 2407.0
speed1758 time 2408.0
speed1758 time 2409.0
speed1758 time 2410.0
speed1758 time 2411.0
speed1758 time 2412.0
speed1758 time 2413.0
speed1758 time 2422.0
speed1758 time 2423.0
speed1758 time 2424.0
speed1757 time 2425.0
speed1756 time 2426.0
speed1756 time 2427.0
speed1756 time 2428.0
speed1756 time 2429.0
speed1756 time 2430.0
speed1756 time 2431.0
speed1756 time 2432.0
speed1756 time 2433.0
speed1756 time 2442.0
speed1756 time 2443.0
speed1756 time 2444.0
speed1755 time 2445.0
speed1754 time 2446.0
speed1754 time 2447.0
speed1754 time 2448.0
speed1754 time 2449.0
speed1754 time 2450.0
speed1754 time 2451.0
speed1754 time 2452.0
speed1754 time 2453.0
speed1754 time 2462.0
speed1754 time 2463.0
speed1754 time 2464.0
speed1753 time 2465.0
speed1752 time 2466.0
speed1752 time 2467.0
speed1752 time 2468.0
speed1752 time 2469.0
speed1752 time 2470.0
speed1752 time 2471.0
speed1752 time 2472.0
speed1752 time 2473.0
speed1752 time 2482.0
speed1752 time 2483.0
speed1752 time 2484.0
speed1751 time 2485.0
speed1750 time 2486.0
speed1750 time 2487.0
speed1750 time 2488.0
speed1750 time 2489.0
speed1750 time 2490.0
speed1750 time 2491.0
speed1750 time 2492.0
speed1750 time 2493.0
speed1750 time 2502.0
speed1750 time 2503.0
speed1750 time 2504.0
speed1749 time 2505.0
speed1748 time 2506.0
speed1748 time 2507.0
speed1748 time 2508.0
speed1748 time 2509.0
speed1748 time 2510.0
speed1748 time 2511.0
speed1748 time 2512.0
speed1748 time 2513.0
speed1748 time 2522.0
speed1748 time 2523.0
speed1748 time 2524.0
speed1747 time 2525.0
speed1746 time 2526.0
speed1746 time 2527.0
speed1746 time 2528.0
speed1746 time 2529.0
speed1746 time 2530.0
speed1746 time 2531.0
speed1746 time 2532.0
speed1746 time 2533.0
speed1746 time 2542.0
speed1746 time 2543.0
speed1746 time 2544.0
speed1745 time 2545.0
speed1744 time 2546.0
speed1744 time 2547.0
speed1744 time 2548.0
speed1744 time 2549.0
speed1744 time 2550.0
speed1744 time 2551.0
speed1744 time 2552.0
speed1744 time 2553.0
speed1744 time 2562.0
speed1744 time 2563.0
speed1744 time 2564.0
speed1743 time 2565.0
speed1742 time 2566.0
speed1742 time 2567.0
speed1742 time 2568.0
speed1742 time 2569.0
speed1742 time 2570.0
speed1742 time 2571.0
speed1742 time 2572.0
speed1742 time 2573.0
speed1742 time 2582.0
speed1742 time 2583.0
speed1742 time 2584.0
speed1741 time 2585.0
speed1740 time 2586.0
speed1740 time 2587.0
speed1740 time 2588.0
speed1740 time 2589.0
speed1740 time 2590.0
speed1740 time 2591.0
speed1740 time 2592.0
speed1740 time 2593.0
speed1740 time 2602.0
speed1740 time 2603.0
speed1740 time 2604.0
speed1739 time 2605.0
speed1738 time 2606.0
speed1738 time 2607.0
speed1738 time 2608.0
speed1738 time 2609.0
speed1738 time 2610.0
speed1738 time 2611.0
speed1738 time 2612.0
speed1738 time 2613.0
speed1738 time 2622.0
speed1738 time 2623.0
speed1738 time 2624.0
speed1737 time 2625.0
speed1736 time 2626.0
speed1736 time 2627.0
speed1736 time 2628.0
speed1736 time 2629.0
speed1736 time 2630.0
speed1736 time 2631.0
speed1736 time 2632.0
speed1736 time 2633.0
speed1736 time 2642.0
speed1736 time 2643.0
speed1736 time 2644.0
speed1735 time 2645.0
speed1734 time 2646.0
speed1734 time 2647.0
speed1734 time 2648.0
speed1734 time 2649.0
speed1734 time 2650.0
speed1734 time 2651.0
speed1734 time 2652.0
speed1734 time 2653.0
speed1734 time 2662.0
speed1734 time 2663.0
speed1734 time 2664.0
speed1733 time 2665.0
speed1732 time 2666.0
speed1732 time 2667.0
speed1732 time 2668.0
speed1732 time 2669.0
speed1732 time 2670.0
speed1732 time 2671.0
speed1732 time 2672.0
speed1732 time 2673.0
speed1732 time 2682.0
speed1732 time 2683.0
speed1732 time 2684.0
speed1731 time 2685.0
speed1730 time 2686.0
speed1730 time 2687.0
speed1730 time 2688.0
speed1730 time 2689.0
speed1730 time 2690.0
speed1730 time 2691.0
speed1730 time 2692.0
speed1730 time 2693.0
speed1730 time 2702.0
speed1730 time 2703.0
speed1730 time 2704.0
speed1729 time 2705.0
speed1728 time 2706.0
speed1728 time 2707.0
speed1728 time 2708.0
speed1728 time 2709.0
speed1728 time 2710.0
speed1728 time 2711.0
speed1728 time 2712.0
speed1728 time 2713.0
speed1728 time 2722.0
speed1728 time 2723.0
speed1728 time 2724.0
speed1727 time 2725.0
speed1726 time 2726.0
speed1726 time 2727.0
speed1726 time 2728.0
speed1726 time 2729.0
speed1726 time 2730.0
speed1726 time 2731.0
speed1726 time 2732.0
speed1726 time 2733.0
speed1726 time 2742.0
speed1726 time 2743.0
speed1726 time 2744.0
speed1725 time 2745.0
speed1724 time 2746.0
speed1724 time 2747.0
speed1724 time 2748.0
speed1724 time 2749.0
speed1724 time 2750.0
speed1724 time 2751.0
speed1724 time 2752.0
speed1724 time 2753.0
speed1724 time 2762.0
speed1724 time 2763.0
speed1724 time 2764.0
speed1723 time 2765.0
speed1722 time 2766.0
speed1722 time 2767.0
speed1722 time 2768.0
speed1722 time 2769.0
speed1722 time 2770.0
speed1722 time 2771.0
speed1722 time 2772.0
speed1722 time 2773.0
speed1722 time 2782.0
speed1722 time 2783.0
speed1722 time 2784.0
speed1721 time 2785.0
speed1720 time 2786.0
speed1720 time 2787.0
speed1720 time 2788.0
speed1720 time 2789.0
speed1720 time 2790.0
speed1720 time 2791.0
speed1720 time 2792.0
speed1720 time 2793.0
speed1720 time 2802.0
speed1720 time 2803.0
speed1720 time 2804.0
speed1719 time 2805.0
speed1718 time 2806.0
speed1718 time 2807.0
speed1718 time 2808.0
speed1718 time 2809.0
speed1718 time 2810.0
speed1718 time 2811.0
speed1718 time 2812.0
speed1718 time 2813.0
speed1718 time 2822.0
speed1718 time 2823.0
speed1718 time 2824.0
speed1717 time 2825.0
speed1716 time 2826.0
speed1716 time 2827.0
speed1716 time 2828.0
speed1716 time 2829.0
speed1716 time 2830.0
speed1716 time 2831.0
speed1716 time 2832.0
speed1716 time 2833.0
speed1716 time 2842.0
speed1716 time 2843.0
speed1716 time 2844.0
speed1715 time 2845.0
speed1714 time 2846.0
speed1714 time 2847.0
speed1714 time 2848.0
speed1714 time 2849.0
speed1714 time 2850.0
speed1714 time 2851.0
speed1714 time 2852.0
speed1714 time 2853.0
speed1714 time 2862.0
speed1714 time 2863.0
speed1714 time 2864.0
speed1713 time 2865.0
speed1712 time 2866.0
speed1712 time 2867.0
speed1712 time 2868.0
speed1712 time 2869.0
speed1712 time 2870.0
speed1712 time 2871.0
speed1712 time 2872.0
speed1712 time 2873.0
speed1712 time 2882.0
speed1712 time 2883.0
speed1712 time 2884.0
speed1711 time 2885.0
speed1710 time 2886.0
speed1710 time 2887.0
speed1710 time 2888.0
speed1710 time 2889.0
speed1710 time 2890.0
speed1710 time 2891.0
speed1710 time 2892.0
speed1710 time 2893.0
speed1710 time 2902.0
speed1710 time 2903.0
speed1710 time 2904.0
speed1709 time 2905.0
speed1708 time 2906.0
speed1708 time 2907.0
speed1708 time 2908.0
speed1708 time 2909.0
speed1708 time 2910.0
speed1708 time 2911.0
speed1708 time 2912.0
speed1708 time 2913.0
speed1708 time 2922.0
speed1708 time 2923.0
speed1708 time 2924.0
speed1707 time 2925.0
speed1706 time 2926.0
speed1706 time 2927.0
speed1706 time 2928.0
speed1706 time 2929.0
speed1706 time 2930.0
speed1706 time 2931.0
speed1706 time 2932.0
speed1706 time 2933.0
speed1706 time 2942.0
speed1706 time 2943.0
speed1706 time 2944.0
speed1705 time 2945.0
speed1704 time 2946.0
speed1704 time 2947.0
speed1704 time 2948.0
speed1704 time 2949.0
speed1704 time 2950.0
speed1704 time 2951.0
speed1704 time 2952.0
speed1704 time 2953.0
speed1704 time 2962.0
speed1704 time 2963.0
speed1704 time 2964.0
speed1703 time 2965.0
speed1702 time 2966.0
speed1702 time 2967.0
speed1702 time 2968.0
speed1702 time 2969.0
speed1702 time 2970.0
speed1702 time 2971.0
speed1702 time 2972.0
speed1702 time 2973.0
speed1702 time 2982.0
speed1702 time 2983.0
speed1702 time 2984.0
speed1701 time 2985.0
speed1700 time 2986.0
speed1700 time 2987.0
speed1700 time 2988.0
speed1700 time 2989.0
speed1700 time 2990.0
speed1700 time 2991.0
speed1700 time 2992.0
speed1700 time 2993.0
speed1700 time 3002.0
speed1700 time 3003.0
speed1700 time 3004.0
speed1699 time 3005.0
speed1698 time 3006.0
speed1698 time 3007.0
speed1698 time 3008.0
speed1698 time 3009.0
speed1698 time 3010.0
speed1698 time 3011.0
speed1698 time 3012.0
speed1698 time 3013.0
speed1698 time 3022.0
speed1698 time 3023.0
speed1698 time 3024.0
speed1697 time 3025.0
speed1696 time 3026.0
speed1696 time 3027.0
speed1696 time 3028.0
speed1696 time 3029.0
speed1696 time 3030.0
speed1696 time 3031.0
speed1696 time 3032.0
speed1696 time 3033.0
speed1696 time 3042.0
speed1696 time 3043.0
speed1696 time 3044.0
speed1695 time 3045.0
speed1694 time 3046.0
speed1694 time 3047.0
speed1694 time 3048.0
speed1694 time 3049.0
speed1694 time 3050.0
speed1694 time 3051.0
speed1694 time 3052.0
speed1694 time 3053.0
speed1694 time 3062.0
speed1694 time 3063.0
speed1694 time 3064.0
speed1693 time 3065.0
speed1692 time 3066.0
speed1692 time 3067.0
speed1692 time 3068.0
speed1692 time 3069.0
speed1692 time 3070.0
speed1692 time 3071.0
speed1692 time 3072.0
speed1692 time 3073.0
speed1692 time 3082.0
speed1692 time 3083.0
speed1692 time 3084.0
speed1691 time 3085.0
speed1690 time 3086.0
speed1690 time 3087.0
speed1690 time 3088.0
speed1690 time 3089.0
speed1690 time 3090.0
speed1690 time 3091.0
speed1690 time 3092.0
speed1690 time 3093.0
speed1690 time 3102.0
speed1690 time 3103.0
speed1690 time 3104.0
speed1689 time 3105.0
speed1688 time 3106.0
speed1688 time 3107.0
speed1688 time 3108.0
speed1688 time 3109.0
speed1688 time 3110.0
speed1688 time 3111.0
speed1688 time 3112.0
speed1688 time 3113.0
speed1688 time 3122.0
speed1688 time 3123.0
speed1688 time 3124.0
speed1687 time 3125.0
speed1686 time 3126.0
speed1686 time 3127.0
speed1686 time 3128.0
speed1686 time 3129.0
speed1686 time 3130.0
speed1686 time 3131.0
speed1686 time 3132.0
speed1686 time 3133.0
speed1686 time 3142.0
speed1686 time 3143.0
speed1686 time 3144.0
speed1685 time 3145.0
speed1684 time 3146.0
speed1684 time 3147.0
speed1684 time 3148.0
speed1684 time 3149.0
speed1684 time 3150.0
speed1684 time 3151.0
speed1684 time 3152.0
speed1684 time 3153.0
speed1684 time 3162.0
speed1684 time 3163.0
speed1684 time 3164.0
speed1683 time 3165.0
speed1682 time 3166.0
speed1682 time 3167.0
speed1682 time 3168.0
speed1682 time 3169.0
speed1682 time 3170.0
speed1682 time 3171.0
speed1682 time 3172.0
speed1682 time 3173.0
speed1682 time 3182.0
speed1682 time 3183.0
speed1682 time 3184.0
speed1681 time 3185.0
speed1680 time 3186.0
speed1680 time 3187.0
speed1680 time 3188.0
speed1680 time 3189.0
speed1680 time 3190.0
speed1680 time 3191.0
speed1680 time 3192.0
speed1680 time 3193.0
speed1680 time 3202.0
speed1680 time 3203.0
speed1680 time 3204.0
speed1679 time 3205.0
speed1678 time 3206.0
speed1678 time 3207.0
speed1678 time 3208.0
speed1678 time 3209.0
speed1678 time 3210.0
speed1678 time 3211.0
speed1678 time 3212.0
speed1678 time 3213.0
speed1678 time 3222.0
speed1678 time 3223.0
speed1678 time 3224.0
speed1677 time 3225.0
speed1676 time 3226.0
speed1676 time 3227.0
speed1676 time 3228.0
speed1676 time 3229.0
speed1676 time 3230.0
speed1676 time 3231.0
speed1676 time 3232.0
speed1676 time 3233.0
speed1676 time 3242.0
speed1676 time 3243.0
speed1676 time 3244.0
speed1675 time 3245.0
speed1674 time 3246.0
speed1674 time 3247.0
speed1674 time 3248.0
speed1674 time 3249.0
speed1674 time 3250.0
speed1674 time 3251.0
speed1674 time 3252.0
speed1674 time 3253.0
speed1674 time 3262.0
speed1674 time 3263.0
speed1674 time 3264.0
speed1673 time 3265.0
speed1672 time 3266.0
speed1672 time 3267.0
speed1672 time 3268.0
speed1672 time 3269.0
speed1672 time 3270.0
speed1672 time 3271.0
speed1672 time 3272.0
speed1672 time 3273.0
speed1672 time 3282.0
speed1672 time 3283.0
speed1672 time 3284.0
speed1671 time 3285.0
speed1670 time 3286.0
speed1670 time 3287.0
speed1670 time 3288.0
speed1670 time 3289.0
speed1670 time 3290.0
speed1670 time 3291.0
speed1670 time 3292.0
speed1670 time 3293.0
speed1670 time 3302.0
speed1670 time 3303.0
speed1670 time 3304.0
speed1669 time 3305.0
speed1668 time 3306.0
speed1668 time 3307.0
speed1668 time 3308.0
speed1668 time 3309.0
speed1668 time 3310.0
speed1668 time 3311.0
speed1668 time 3312.0
speed1668 time 3313.0
speed1668 time 3322.0
speed1668 time 3323.0
speed1668 time 3324.0
speed1667 time 3325.0
speed1666 time 3326.0
speed1666 time 3327.0
speed1666 time 3328.0
speed1666 time 3329.0
speed1666 time 3330.0
speed1666 time 3331.0
speed1666 time 3332.0
speed1666 time 3333.0
speed1666 time 3342.0
speed1666 time 3343.0
speed1666 time 3344.0
speed1665 time 3345.0
speed1664 time 3346.0
speed1664 time 3347.0
speed1664 time 3348.0
speed1664 time 3349.0
speed1664 time 3350.0
speed1664 time 3351.0
speed1664 time 3352.0
speed1664 time 3353.0
speed1664 time 3362.0
speed1664 time 3363.0
speed1664 time 3364.0
speed1663 time 3365.0
speed1662 time 3366.0
speed1662 time 3367.0
speed1662 time 3368.0
speed1662 time 3369.0
speed1662 time 3370.0
speed1662 time 3371.0
speed1662 time 3372.0
speed1662 time 3373.0
