2019-08-01 02:51:40,001 [Worker-0] INFO  c.g.t.t.d.PublishedGradleVersions - Gradle version information cache is out-of-date. Trying to update.
2019-08-01 02:52:45,907 [Worker-0] INFO  c.g.t.t.d.PublishedGradleVersions - Gradle version information cache is up-to-date. Trying to read.
2019-08-01 02:53:48,564 [Worker-7] INFO  o.e.m.c.i.l.LifecycleMappingFactory - Using org.eclipse.m2e.jdt.JarLifecycleMapping lifecycle mapping for MavenProject: org.webgme.guest:AV_exec:0.1.0-SNAPSHOT @ /home/vagrant/Desktop/AVCOA/AV_deployment/pom.xml.
2019-08-01 02:53:51,655 [Worker-7] WARN  o.e.m.c.i.embedder.EclipseLogger - Using platform encoding (UTF-8 actually) to copy filtered resources, i.e. build is platform dependent!
2019-08-01 02:53:51,660 [Worker-7] INFO  o.e.m.c.i.embedder.EclipseLogger - skip non existing resourceDirectory /home/vagrant/Desktop/AVCOA/AV_deployment/src/fom
2019-08-01 02:53:51,660 [Worker-7] INFO  o.e.m.c.i.embedder.EclipseLogger - skip non existing resourceDirectory /home/vagrant/Desktop/AVCOA/AV_deployment/src/experiments
2019-08-01 02:53:51,687 [Worker-7] INFO  o.e.m.c.i.embedder.EclipseLogger - Copying 0 resource
2019-08-01 02:53:51,733 [Worker-7] WARN  o.e.m.c.i.embedder.EclipseLogger - Using platform encoding (UTF-8 actually) to copy filtered resources, i.e. build is platform dependent!
2019-08-01 02:53:51,743 [Worker-7] INFO  o.e.m.c.i.embedder.EclipseLogger - skip non existing resourceDirectory /home/vagrant/Desktop/AVCOA/AV_deployment/src/test/resources
2019-08-01 02:53:51,913 [Worker-7] INFO  o.e.m.c.i.l.LifecycleMappingFactory - Using NULL lifecycle mapping for MavenProject: org.webgme.guest:AV-root:0.1.0-SNAPSHOT @ /home/vagrant/Desktop/AVCOA/AV_generated/pom.xml.
2019-08-01 02:53:53,283 [Worker-14] INFO  o.e.m.c.i.l.LifecycleMappingFactory - Using org.eclipse.m2e.jdt.JarLifecycleMapping lifecycle mapping for MavenProject: org.webgme.guest:AV_exec:0.1.0-SNAPSHOT @ /home/vagrant/Desktop/AVCOA/AV_deployment/pom.xml.
2019-08-01 02:53:57,943 [Worker-16] INFO  o.e.m.c.i.l.LifecycleMappingFactory - Using org.eclipse.m2e.jdt.JarLifecycleMapping lifecycle mapping for MavenProject: org.webgme.guest:AV_exec:0.1.0-SNAPSHOT @ /home/vagrant/Desktop/AVCOA/AV_deployment/pom.xml.
2019-08-01 02:53:58,523 [Worker-16] INFO  o.e.m.c.i.l.LifecycleMappingFactory - Using NULL lifecycle mapping for MavenProject: org.webgme.guest:AV-root:0.1.0-SNAPSHOT @ /home/vagrant/Desktop/AVCOA/AV_generated/pom.xml.
2019-08-01 02:54:00,719 [Worker-4] WARN  o.e.m.c.i.embedder.EclipseLogger - Using platform encoding (UTF-8 actually) to copy filtered resources, i.e. build is platform dependent!
2019-08-01 02:54:00,725 [Worker-4] INFO  o.e.m.c.i.embedder.EclipseLogger - skip non existing resourceDirectory /home/vagrant/Desktop/AVCOA/AV_deployment/src/fom
2019-08-01 02:54:00,726 [Worker-4] INFO  o.e.m.c.i.embedder.EclipseLogger - skip non existing resourceDirectory /home/vagrant/Desktop/AVCOA/AV_deployment/src/experiments
2019-08-01 02:54:00,734 [Worker-4] INFO  o.e.m.c.i.embedder.EclipseLogger - Copying 0 resource
2019-08-01 02:54:00,744 [Worker-4] WARN  o.e.m.c.i.embedder.EclipseLogger - Using platform encoding (UTF-8 actually) to copy filtered resources, i.e. build is platform dependent!
2019-08-01 02:54:00,744 [Worker-4] INFO  o.e.m.c.i.embedder.EclipseLogger - skip non existing resourceDirectory /home/vagrant/Desktop/AVCOA/AV_deployment/src/test/resources
2019-08-01 02:59:35,812 [main] INFO  o.e.m2e.actions.ExecutePomAction - Creating new launch configuration
2019-08-05 17:58:40,450 [Worker-4] INFO  o.e.m.c.i.l.LifecycleMappingFactory - Using org.eclipse.m2e.jdt.JarLifecycleMapping lifecycle mapping for MavenProject: org.webgme.guest:AV_exec:0.1.0-SNAPSHOT @ /home/vagrant/Desktop/AVCOA/AV_deployment/pom.xml.
2019-08-05 17:58:42,391 [Worker-4] WARN  o.e.m.c.i.embedder.EclipseLogger - Using platform encoding (UTF-8 actually) to copy filtered resources, i.e. build is platform dependent!
2019-08-05 17:58:42,407 [Worker-4] INFO  o.e.m.c.i.embedder.EclipseLogger - skip non existing resourceDirectory /home/vagrant/Desktop/AVCOA/AV_deployment/src/fom
2019-08-05 17:58:42,407 [Worker-4] INFO  o.e.m.c.i.embedder.EclipseLogger - skip non existing resourceDirectory /home/vagrant/Desktop/AVCOA/AV_deployment/src/experiments
2019-08-05 17:58:42,419 [Worker-4] INFO  o.e.m.c.i.embedder.EclipseLogger - Copying 0 resource
2019-08-05 17:58:42,430 [Worker-4] WARN  o.e.m.c.i.embedder.EclipseLogger - Using platform encoding (UTF-8 actually) to copy filtered resources, i.e. build is platform dependent!
2019-08-05 17:58:42,431 [Worker-4] INFO  o.e.m.c.i.embedder.EclipseLogger - skip non existing resourceDirectory /home/vagrant/Desktop/AVCOA/AV_deployment/src/test/resources
2019-08-05 17:58:42,557 [Worker-4] INFO  o.e.m.c.i.l.LifecycleMappingFactory - Using NULL lifecycle mapping for MavenProject: org.webgme.guest:AV-root:0.1.0-SNAPSHOT @ /home/vagrant/Desktop/AVCOA/AV_generated/pom.xml.
2019-08-05 17:58:51,242 [Worker-0] INFO  c.g.t.t.d.PublishedGradleVersions - Gradle version information cache is out-of-date. Trying to update.
2019-08-05 17:58:54,452 [Worker-3] INFO  o.e.m.c.i.l.LifecycleMappingFactory - Using org.eclipse.m2e.jdt.JarLifecycleMapping lifecycle mapping for MavenProject: org.webgme.guest:AV_exec:0.1.0-SNAPSHOT @ /home/vagrant/Desktop/AVCOA/AV_deployment/pom.xml.
2019-08-05 17:58:54,989 [Worker-3] INFO  o.e.m.c.i.l.LifecycleMappingFactory - Using NULL lifecycle mapping for MavenProject: org.webgme.guest:AV-root:0.1.0-SNAPSHOT @ /home/vagrant/Desktop/AVCOA/AV_generated/pom.xml.
2019-08-05 17:58:57,887 [Worker-5] WARN  o.e.m.c.i.embedder.EclipseLogger - Using platform encoding (UTF-8 actually) to copy filtered resources, i.e. build is platform dependent!
2019-08-05 17:58:57,908 [Worker-5] INFO  o.e.m.c.i.embedder.EclipseLogger - skip non existing resourceDirectory /home/vagrant/Desktop/AVCOA/AV_deployment/src/fom
2019-08-05 17:58:57,909 [Worker-5] INFO  o.e.m.c.i.embedder.EclipseLogger - skip non existing resourceDirectory /home/vagrant/Desktop/AVCOA/AV_deployment/src/experiments
2019-08-05 17:58:57,967 [Worker-5] INFO  o.e.m.c.i.embedder.EclipseLogger - Copying 0 resource
2019-08-05 17:58:57,984 [Worker-5] WARN  o.e.m.c.i.embedder.EclipseLogger - Using platform encoding (UTF-8 actually) to copy filtered resources, i.e. build is platform dependent!
2019-08-05 17:58:57,985 [Worker-5] INFO  o.e.m.c.i.embedder.EclipseLogger - skip non existing resourceDirectory /home/vagrant/Desktop/AVCOA/AV_deployment/src/test/resources
2019-08-06 01:25:41,160 [Worker-65] WARN  o.e.m.c.i.embedder.EclipseLogger - Using platform encoding (UTF-8 actually) to copy filtered resources, i.e. build is platform dependent!
2019-08-06 01:25:41,161 [Worker-65] INFO  o.e.m.c.i.embedder.EclipseLogger - skip non existing resourceDirectory /home/vagrant/Desktop/AVCOA/AV_deployment/src/fom
2019-08-06 01:25:41,161 [Worker-65] INFO  o.e.m.c.i.embedder.EclipseLogger - skip non existing resourceDirectory /home/vagrant/Desktop/AVCOA/AV_deployment/src/experiments
2019-08-06 01:25:41,162 [Worker-65] INFO  o.e.m.c.i.embedder.EclipseLogger - Copying 0 resource
2019-08-06 01:25:41,165 [Worker-65] WARN  o.e.m.c.i.embedder.EclipseLogger - Using platform encoding (UTF-8 actually) to copy filtered resources, i.e. build is platform dependent!
2019-08-06 01:25:41,166 [Worker-65] INFO  o.e.m.c.i.embedder.EclipseLogger - skip non existing resourceDirectory /home/vagrant/Desktop/AVCOA/AV_deployment/src/test/resources
2019-08-06 15:14:52,582 [ModalContext] INFO  o.e.m.c.i.e.AbstractTransferListenerAdapter - Downloading https://repo.maven.apache.org/maven2/org/apache/maven/archetypes/maven-archetype-quickstart/1.1/maven-archetype-quickstart-1.1.jar
2019-08-06 15:14:52,620 [ModalContext] INFO  o.e.m.c.i.e.AbstractTransferListenerAdapter - Downloaded https://repo.maven.apache.org/maven2/org/apache/maven/archetypes/maven-archetype-quickstart/1.1/maven-archetype-quickstart-1.1.jar
2019-08-06 15:14:52,637 [ModalContext] INFO  o.e.m.c.i.e.AbstractTransferListenerAdapter - Downloading https://repo.maven.apache.org/maven2/org/apache/maven/archetypes/maven-archetype-quickstart/1.1/maven-archetype-quickstart-1.1.pom
2019-08-06 15:14:52,655 [ModalContext] INFO  o.e.m.c.i.e.AbstractTransferListenerAdapter - Downloaded https://repo.maven.apache.org/maven2/org/apache/maven/archetypes/maven-archetype-quickstart/1.1/maven-archetype-quickstart-1.1.pom
2019-08-06 15:15:21,903 [Worker-105] INFO  o.e.m.c.i.l.LifecycleMappingFactory - Using NULL lifecycle mapping for MavenProject: org.webgme.guest:AV-root:0.1.0-SNAPSHOT @ /home/vagrant/Desktop/AVCOA/AV_generated/pom.xml.
2019-08-06 15:15:21,914 [Worker-105] INFO  o.e.m.c.i.l.LifecycleMappingFactory - Using NULL lifecycle mapping for MavenProject: org.webgme.guest:AV-java-federates:0.1.0-SNAPSHOT @ /home/vagrant/Desktop/AVCOA/AV_generated/AV-java-federates/pom.xml.
2019-08-06 15:15:22,935 [Worker-105] INFO  o.e.m.c.i.l.LifecycleMappingFactory - Using org.eclipse.m2e.jdt.JarLifecycleMapping lifecycle mapping for MavenProject: org.webgme.guest:AV-base-java:0.1.0-SNAPSHOT @ /home/vagrant/Desktop/AVCOA/AV_generated/AV-java-federates/AV-base-java/pom.xml.
2019-08-06 15:15:23,367 [Worker-105] INFO  o.e.m.c.i.l.LifecycleMappingFactory - Using NULL lifecycle mapping for MavenProject: org.webgme.guest:AV-impl-java:0.1.0-SNAPSHOT @ /home/vagrant/Desktop/AVCOA/AV_generated/AV-java-federates/AV-impl-java/pom.xml.
2019-08-06 15:15:23,561 [Worker-105] INFO  o.e.m.c.i.l.LifecycleMappingFactory - Using org.eclipse.m2e.jdt.JarLifecycleMapping lifecycle mapping for MavenProject: org.webgme.guest:ABS:0.1.0-SNAPSHOT @ /home/vagrant/Desktop/AVCOA/AV_generated/AV-java-federates/AV-impl-java/ABS/pom.xml.
2019-08-06 15:15:23,791 [Worker-105] INFO  o.e.m.c.i.l.LifecycleMappingFactory - Using org.eclipse.m2e.jdt.JarLifecycleMapping lifecycle mapping for MavenProject: org.webgme.guest:BMS:0.1.0-SNAPSHOT @ /home/vagrant/Desktop/AVCOA/AV_generated/AV-java-federates/AV-impl-java/BMS/pom.xml.
2019-08-06 15:15:23,940 [Worker-105] INFO  o.e.m.c.i.l.LifecycleMappingFactory - Using org.eclipse.m2e.jdt.JarLifecycleMapping lifecycle mapping for MavenProject: org.webgme.guest:Database:0.1.0-SNAPSHOT @ /home/vagrant/Desktop/AVCOA/AV_generated/AV-java-federates/AV-impl-java/Database/pom.xml.
2019-08-06 15:15:24,064 [Worker-105] INFO  o.e.m.c.i.l.LifecycleMappingFactory - Using org.eclipse.m2e.jdt.JarLifecycleMapping lifecycle mapping for MavenProject: org.webgme.guest:MCU:0.1.0-SNAPSHOT @ /home/vagrant/Desktop/AVCOA/AV_generated/AV-java-federates/AV-impl-java/MCU/pom.xml.
2019-08-06 15:15:24,452 [Worker-105] INFO  o.e.m.c.i.l.LifecycleMappingFactory - Using org.eclipse.m2e.jdt.JarLifecycleMapping lifecycle mapping for MavenProject: org.webgme.guest:VCU:0.1.0-SNAPSHOT @ /home/vagrant/Desktop/AVCOA/AV_generated/AV-java-federates/AV-impl-java/VCU/pom.xml.
2019-08-06 15:15:24,529 [Worker-105] INFO  o.e.m.c.i.l.LifecycleMappingFactory - Using org.eclipse.m2e.jdt.JarLifecycleMapping lifecycle mapping for MavenProject: org.webgme.guest:AV-rti-java:0.1.0-SNAPSHOT @ /home/vagrant/Desktop/AVCOA/AV_generated/AV-java-federates/AV-rti-java/pom.xml.
2019-08-06 15:15:26,412 [Worker-105] INFO  o.e.m.j.i.AbstractJavaProjectConfigurator - Adding source folder /AV-rti-java/src/main/java
2019-08-06 15:15:26,413 [Worker-105] INFO  o.e.m.j.i.AbstractJavaProjectConfigurator - Adding source folder /AV-rti-java/src/test/java
2019-08-06 15:15:26,645 [Worker-105] INFO  o.e.m.j.i.AbstractJavaProjectConfigurator - Adding source folder /AV-base-java/src/main/java
2019-08-06 15:15:26,645 [Worker-105] INFO  o.e.m.j.i.AbstractJavaProjectConfigurator - Adding source folder /AV-base-java/src/test/java
2019-08-06 15:15:27,107 [Worker-105] INFO  o.e.m.j.i.AbstractJavaProjectConfigurator - Adding source folder /VCU/src/main/java
2019-08-06 15:15:27,108 [Worker-105] INFO  o.e.m.j.i.AbstractJavaProjectConfigurator - Adding source folder /VCU/src/test/java
2019-08-06 15:15:27,454 [Worker-105] INFO  o.e.m.j.i.AbstractJavaProjectConfigurator - Adding source folder /ABS/src/main/java
2019-08-06 15:15:27,455 [Worker-105] INFO  o.e.m.j.i.AbstractJavaProjectConfigurator - Adding source folder /ABS/src/test/java
2019-08-06 15:15:27,966 [Worker-105] INFO  o.e.m.j.i.AbstractJavaProjectConfigurator - Adding source folder /MCU/src/main/java
2019-08-06 15:15:27,967 [Worker-105] INFO  o.e.m.j.i.AbstractJavaProjectConfigurator - Adding source folder /MCU/src/test/java
2019-08-06 15:15:28,181 [Worker-105] INFO  o.e.m.j.i.AbstractJavaProjectConfigurator - Adding source folder /BMS/src/main/java
2019-08-06 15:15:28,182 [Worker-105] INFO  o.e.m.j.i.AbstractJavaProjectConfigurator - Adding source folder /BMS/src/test/java
2019-08-06 15:15:28,366 [Worker-105] INFO  o.e.m.j.i.AbstractJavaProjectConfigurator - Adding source folder /Database/src/main/java
2019-08-06 15:15:28,366 [Worker-105] INFO  o.e.m.j.i.AbstractJavaProjectConfigurator - Adding source folder /Database/src/test/java
2019-08-06 15:15:28,490 [Worker-105] INFO  o.e.m.c.i.p.ProjectConfigurationManager - Imported and configured 10 project(s) in 7 sec
2019-08-06 15:15:33,879 [Worker-102] WARN  o.e.m.c.i.embedder.EclipseLogger - Using platform encoding (UTF-8 actually) to copy filtered resources, i.e. build is platform dependent!
2019-08-06 15:15:33,897 [Worker-102] INFO  o.e.m.c.i.embedder.EclipseLogger - skip non existing resourceDirectory /home/vagrant/Desktop/AVCOA/AV_generated/AV-java-federates/AV-rti-java/src/main/resources
2019-08-06 15:15:33,938 [Worker-102] WARN  o.e.m.c.i.embedder.EclipseLogger - Using platform encoding (UTF-8 actually) to copy filtered resources, i.e. build is platform dependent!
2019-08-06 15:15:33,938 [Worker-102] INFO  o.e.m.c.i.embedder.EclipseLogger - skip non existing resourceDirectory /home/vagrant/Desktop/AVCOA/AV_generated/AV-java-federates/AV-rti-java/src/test/resources
2019-08-06 15:15:35,950 [Worker-102] WARN  o.e.m.c.i.embedder.EclipseLogger - Using platform encoding (UTF-8 actually) to copy filtered resources, i.e. build is platform dependent!
2019-08-06 15:15:35,950 [Worker-102] INFO  o.e.m.c.i.embedder.EclipseLogger - skip non existing resourceDirectory /home/vagrant/Desktop/AVCOA/AV_generated/AV-java-federates/AV-base-java/src/main/resources
2019-08-06 15:15:35,953 [Worker-102] WARN  o.e.m.c.i.embedder.EclipseLogger - Using platform encoding (UTF-8 actually) to copy filtered resources, i.e. build is platform dependent!
2019-08-06 15:15:35,954 [Worker-102] INFO  o.e.m.c.i.embedder.EclipseLogger - skip non existing resourceDirectory /home/vagrant/Desktop/AVCOA/AV_generated/AV-java-federates/AV-base-java/src/test/resources
2019-08-06 15:15:36,377 [Worker-102] WARN  o.e.m.c.i.embedder.EclipseLogger - Using platform encoding (UTF-8 actually) to copy filtered resources, i.e. build is platform dependent!
2019-08-06 15:15:36,378 [Worker-102] INFO  o.e.m.c.i.embedder.EclipseLogger - skip non existing resourceDirectory /home/vagrant/Desktop/AVCOA/AV_generated/AV-java-federates/AV-impl-java/ABS/src/main/resources
2019-08-06 15:15:36,382 [Worker-102] WARN  o.e.m.c.i.embedder.EclipseLogger - Using platform encoding (UTF-8 actually) to copy filtered resources, i.e. build is platform dependent!
2019-08-06 15:15:36,382 [Worker-102] INFO  o.e.m.c.i.embedder.EclipseLogger - skip non existing resourceDirectory /home/vagrant/Desktop/AVCOA/AV_generated/AV-java-federates/AV-impl-java/ABS/src/test/resources
2019-08-06 15:15:37,053 [Worker-102] WARN  o.e.m.c.i.embedder.EclipseLogger - Using platform encoding (UTF-8 actually) to copy filtered resources, i.e. build is platform dependent!
2019-08-06 15:15:37,054 [Worker-102] INFO  o.e.m.c.i.embedder.EclipseLogger - skip non existing resourceDirectory /home/vagrant/Desktop/AVCOA/AV_generated/AV-java-federates/AV-impl-java/BMS/src/main/resources
2019-08-06 15:15:37,062 [Worker-102] WARN  o.e.m.c.i.embedder.EclipseLogger - Using platform encoding (UTF-8 actually) to copy filtered resources, i.e. build is platform dependent!
2019-08-06 15:15:37,063 [Worker-102] INFO  o.e.m.c.i.embedder.EclipseLogger - skip non existing resourceDirectory /home/vagrant/Desktop/AVCOA/AV_generated/AV-java-federates/AV-impl-java/BMS/src/test/resources
2019-08-06 15:15:38,659 [Worker-102] WARN  o.e.m.c.i.embedder.EclipseLogger - Using platform encoding (UTF-8 actually) to copy filtered resources, i.e. build is platform dependent!
2019-08-06 15:15:38,660 [Worker-102] INFO  o.e.m.c.i.embedder.EclipseLogger - skip non existing resourceDirectory /home/vagrant/Desktop/AVCOA/AV_generated/AV-java-federates/AV-impl-java/Database/src/main/resources
2019-08-06 15:15:38,663 [Worker-102] WARN  o.e.m.c.i.embedder.EclipseLogger - Using platform encoding (UTF-8 actually) to copy filtered resources, i.e. build is platform dependent!
2019-08-06 15:15:38,663 [Worker-102] INFO  o.e.m.c.i.embedder.EclipseLogger - skip non existing resourceDirectory /home/vagrant/Desktop/AVCOA/AV_generated/AV-java-federates/AV-impl-java/Database/src/test/resources
2019-08-06 15:15:39,478 [Worker-104] WARN  o.e.m.c.i.embedder.EclipseLogger - Using platform encoding (UTF-8 actually) to copy filtered resources, i.e. build is platform dependent!
2019-08-06 15:15:39,479 [Worker-104] INFO  o.e.m.c.i.embedder.EclipseLogger - skip non existing resourceDirectory /home/vagrant/Desktop/AVCOA/AV_generated/AV-java-federates/AV-impl-java/MCU/src/main/resources
2019-08-06 15:15:39,483 [Worker-104] WARN  o.e.m.c.i.embedder.EclipseLogger - Using platform encoding (UTF-8 actually) to copy filtered resources, i.e. build is platform dependent!
2019-08-06 15:15:39,484 [Worker-104] INFO  o.e.m.c.i.embedder.EclipseLogger - skip non existing resourceDirectory /home/vagrant/Desktop/AVCOA/AV_generated/AV-java-federates/AV-impl-java/MCU/src/test/resources
2019-08-06 15:15:40,015 [Worker-104] WARN  o.e.m.c.i.embedder.EclipseLogger - Using platform encoding (UTF-8 actually) to copy filtered resources, i.e. build is platform dependent!
2019-08-06 15:15:40,016 [Worker-104] INFO  o.e.m.c.i.embedder.EclipseLogger - skip non existing resourceDirectory /home/vagrant/Desktop/AVCOA/AV_generated/AV-java-federates/AV-impl-java/VCU/src/main/resources
2019-08-06 15:15:40,020 [Worker-104] WARN  o.e.m.c.i.embedder.EclipseLogger - Using platform encoding (UTF-8 actually) to copy filtered resources, i.e. build is platform dependent!
2019-08-06 15:15:40,021 [Worker-104] INFO  o.e.m.c.i.embedder.EclipseLogger - skip non existing resourceDirectory /home/vagrant/Desktop/AVCOA/AV_generated/AV-java-federates/AV-impl-java/VCU/src/test/resources
2019-08-06 15:17:22,049 [Worker-105] WARN  o.e.m.c.i.embedder.EclipseLogger - Using platform encoding (UTF-8 actually) to copy filtered resources, i.e. build is platform dependent!
2019-08-06 15:17:22,050 [Worker-105] INFO  o.e.m.c.i.embedder.EclipseLogger - skip non existing resourceDirectory /home/vagrant/Desktop/AVCOA/AV_generated/AV-java-federates/AV-impl-java/VCU/src/main/resources
2019-08-06 15:17:22,059 [Worker-105] WARN  o.e.m.c.i.embedder.EclipseLogger - Using platform encoding (UTF-8 actually) to copy filtered resources, i.e. build is platform dependent!
2019-08-06 15:17:22,060 [Worker-105] INFO  o.e.m.c.i.embedder.EclipseLogger - skip non existing resourceDirectory /home/vagrant/Desktop/AVCOA/AV_generated/AV-java-federates/AV-impl-java/VCU/src/test/resources
2019-08-06 15:17:38,774 [Worker-109] WARN  o.e.r.models.ModelRepository - Failed to download org.eclipse.recommenders:index::zip:0.0.0
org.eclipse.aether.resolution.ArtifactResolutionException: Could not find artifact org.eclipse.recommenders:index:zip:0.0.0-SNAPSHOT in models (http://download.eclipse.org/recommenders/models/neon/)
	at org.eclipse.aether.internal.impl.DefaultArtifactResolver.resolve(DefaultArtifactResolver.java:444) ~[na:na]
	at org.eclipse.aether.internal.impl.DefaultArtifactResolver.resolveArtifacts(DefaultArtifactResolver.java:246) ~[na:na]
	at org.eclipse.aether.internal.impl.DefaultArtifactResolver.resolveArtifact(DefaultArtifactResolver.java:223) ~[na:na]
	at org.eclipse.aether.internal.impl.DefaultRepositorySystem.resolveArtifact(DefaultRepositorySystem.java:294) ~[na:na]
	at org.eclipse.recommenders.models.ModelRepository.resolveInternal(ModelRepository.java:193) [org.eclipse.recommenders.models_2.4.6.v20170307-1041.jar:na]
	at org.eclipse.recommenders.models.ModelRepository.resolve(ModelRepository.java:172) [org.eclipse.recommenders.models_2.4.6.v20170307-1041.jar:na]
	at org.eclipse.recommenders.internal.models.rcp.EclipseModelRepository.resolve(EclipseModelRepository.java:169) [org.eclipse.recommenders.models.rcp_2.4.6.v20170307-1041.jar:na]
	at org.eclipse.recommenders.internal.models.rcp.DownloadModelArchiveJob.run(DownloadModelArchiveJob.java:76) [org.eclipse.recommenders.models.rcp_2.4.6.v20170307-1041.jar:na]
	at org.eclipse.core.internal.jobs.Worker.run(Worker.java:55) [org.eclipse.core.jobs_3.8.0.v20160509-0411.jar:na]
Caused by: org.eclipse.aether.transfer.ArtifactNotFoundException: Could not find artifact org.eclipse.recommenders:index:zip:0.0.0-SNAPSHOT in models (http://download.eclipse.org/recommenders/models/neon/)
	at org.eclipse.aether.connector.basic.ArtifactTransportListener.transferFailed(ArtifactTransportListener.java:39) ~[org.eclipse.aether.connector.basic_1.0.1.v20141111.jar:na]
	at org.eclipse.aether.connector.basic.BasicRepositoryConnector$TaskRunner.run(BasicRepositoryConnector.java:355) ~[org.eclipse.aether.connector.basic_1.0.1.v20141111.jar:na]
	at org.eclipse.aether.util.concurrency.RunnableErrorForwarder$1.run(RunnableErrorForwarder.java:67) ~[na:na]
	at org.eclipse.aether.connector.basic.BasicRepositoryConnector$DirectExecutor.execute(BasicRepositoryConnector.java:581) ~[org.eclipse.aether.connector.basic_1.0.1.v20141111.jar:na]
	at org.eclipse.aether.connector.basic.BasicRepositoryConnector.get(BasicRepositoryConnector.java:249) ~[org.eclipse.aether.connector.basic_1.0.1.v20141111.jar:na]
	at org.eclipse.aether.internal.impl.DefaultArtifactResolver.performDownloads(DefaultArtifactResolver.java:520) ~[na:na]
	at org.eclipse.aether.internal.impl.DefaultArtifactResolver.resolve(DefaultArtifactResolver.java:421) ~[na:na]
	... 8 common frames omitted
2019-08-06 15:17:48,054 [Worker-105] WARN  o.e.m.c.i.embedder.EclipseLogger - Using platform encoding (UTF-8 actually) to copy filtered resources, i.e. build is platform dependent!
2019-08-06 15:17:48,055 [Worker-105] INFO  o.e.m.c.i.embedder.EclipseLogger - skip non existing resourceDirectory /home/vagrant/Desktop/AVCOA/AV_generated/AV-java-federates/AV-impl-java/VCU/src/main/resources
2019-08-06 15:17:48,057 [Worker-105] WARN  o.e.m.c.i.embedder.EclipseLogger - Using platform encoding (UTF-8 actually) to copy filtered resources, i.e. build is platform dependent!
2019-08-06 15:17:48,058 [Worker-105] INFO  o.e.m.c.i.embedder.EclipseLogger - skip non existing resourceDirectory /home/vagrant/Desktop/AVCOA/AV_generated/AV-java-federates/AV-impl-java/VCU/src/test/resources
2019-08-06 15:18:11,709 [Worker-109] WARN  o.e.m.c.i.embedder.EclipseLogger - Using platform encoding (UTF-8 actually) to copy filtered resources, i.e. build is platform dependent!
2019-08-06 15:18:11,709 [Worker-109] INFO  o.e.m.c.i.embedder.EclipseLogger - skip non existing resourceDirectory /home/vagrant/Desktop/AVCOA/AV_generated/AV-java-federates/AV-impl-java/VCU/src/main/resources
2019-08-06 15:18:11,717 [Worker-109] WARN  o.e.m.c.i.embedder.EclipseLogger - Using platform encoding (UTF-8 actually) to copy filtered resources, i.e. build is platform dependent!
2019-08-06 15:18:11,717 [Worker-109] INFO  o.e.m.c.i.embedder.EclipseLogger - skip non existing resourceDirectory /home/vagrant/Desktop/AVCOA/AV_generated/AV-java-federates/AV-impl-java/VCU/src/test/resources
2019-08-06 15:18:36,285 [Worker-108] WARN  o.e.m.c.i.embedder.EclipseLogger - Using platform encoding (UTF-8 actually) to copy filtered resources, i.e. build is platform dependent!
2019-08-06 15:18:36,285 [Worker-108] INFO  o.e.m.c.i.embedder.EclipseLogger - skip non existing resourceDirectory /home/vagrant/Desktop/AVCOA/AV_generated/AV-java-federates/AV-impl-java/VCU/src/main/resources
2019-08-06 15:18:36,288 [Worker-108] WARN  o.e.m.c.i.embedder.EclipseLogger - Using platform encoding (UTF-8 actually) to copy filtered resources, i.e. build is platform dependent!
2019-08-06 15:18:36,288 [Worker-108] INFO  o.e.m.c.i.embedder.EclipseLogger - skip non existing resourceDirectory /home/vagrant/Desktop/AVCOA/AV_generated/AV-java-federates/AV-impl-java/VCU/src/test/resources
2019-08-06 15:21:41,496 [Worker-113] WARN  o.e.m.c.i.embedder.EclipseLogger - Using platform encoding (UTF-8 actually) to copy filtered resources, i.e. build is platform dependent!
2019-08-06 15:21:41,499 [Worker-113] INFO  o.e.m.c.i.embedder.EclipseLogger - skip non existing resourceDirectory /home/vagrant/Desktop/AVCOA/AV_generated/AV-java-federates/AV-impl-java/VCU/src/main/resources
2019-08-06 15:21:41,502 [Worker-113] WARN  o.e.m.c.i.embedder.EclipseLogger - Using platform encoding (UTF-8 actually) to copy filtered resources, i.e. build is platform dependent!
2019-08-06 15:21:41,502 [Worker-113] INFO  o.e.m.c.i.embedder.EclipseLogger - skip non existing resourceDirectory /home/vagrant/Desktop/AVCOA/AV_generated/AV-java-federates/AV-impl-java/VCU/src/test/resources
2019-08-06 15:21:42,668 [Worker-111] WARN  o.e.m.c.i.embedder.EclipseLogger - Using platform encoding (UTF-8 actually) to copy filtered resources, i.e. build is platform dependent!
2019-08-06 15:21:42,668 [Worker-111] INFO  o.e.m.c.i.embedder.EclipseLogger - skip non existing resourceDirectory /home/vagrant/Desktop/AVCOA/AV_generated/AV-java-federates/AV-rti-java/src/main/resources
2019-08-06 15:21:42,672 [Worker-111] WARN  o.e.m.c.i.embedder.EclipseLogger - Using platform encoding (UTF-8 actually) to copy filtered resources, i.e. build is platform dependent!
2019-08-06 15:21:42,673 [Worker-111] INFO  o.e.m.c.i.embedder.EclipseLogger - skip non existing resourceDirectory /home/vagrant/Desktop/AVCOA/AV_generated/AV-java-federates/AV-rti-java/src/test/resources
2019-08-06 15:21:42,854 [Worker-111] WARN  o.e.m.c.i.embedder.EclipseLogger - Using platform encoding (UTF-8 actually) to copy filtered resources, i.e. build is platform dependent!
2019-08-06 15:21:42,854 [Worker-111] INFO  o.e.m.c.i.embedder.EclipseLogger - skip non existing resourceDirectory /home/vagrant/Desktop/AVCOA/AV_generated/AV-java-federates/AV-base-java/src/main/resources
2019-08-06 15:21:42,857 [Worker-111] WARN  o.e.m.c.i.embedder.EclipseLogger - Using platform encoding (UTF-8 actually) to copy filtered resources, i.e. build is platform dependent!
2019-08-06 15:21:42,858 [Worker-111] INFO  o.e.m.c.i.embedder.EclipseLogger - skip non existing resourceDirectory /home/vagrant/Desktop/AVCOA/AV_generated/AV-java-federates/AV-base-java/src/test/resources
2019-08-06 15:21:43,119 [Worker-111] WARN  o.e.m.c.i.embedder.EclipseLogger - Using platform encoding (UTF-8 actually) to copy filtered resources, i.e. build is platform dependent!
2019-08-06 15:21:43,120 [Worker-111] INFO  o.e.m.c.i.embedder.EclipseLogger - skip non existing resourceDirectory /home/vagrant/Desktop/AVCOA/AV_generated/AV-java-federates/AV-impl-java/VCU/src/main/resources
2019-08-06 15:21:43,123 [Worker-111] WARN  o.e.m.c.i.embedder.EclipseLogger - Using platform encoding (UTF-8 actually) to copy filtered resources, i.e. build is platform dependent!
2019-08-06 15:21:43,123 [Worker-111] INFO  o.e.m.c.i.embedder.EclipseLogger - skip non existing resourceDirectory /home/vagrant/Desktop/AVCOA/AV_generated/AV-java-federates/AV-impl-java/VCU/src/test/resources
2019-08-06 15:21:44,211 [Worker-110] WARN  o.e.m.c.i.embedder.EclipseLogger - Using platform encoding (UTF-8 actually) to copy filtered resources, i.e. build is platform dependent!
2019-08-06 15:21:44,211 [Worker-110] INFO  o.e.m.c.i.embedder.EclipseLogger - skip non existing resourceDirectory /home/vagrant/Desktop/AVCOA/AV_generated/AV-java-federates/AV-impl-java/VCU/src/main/resources
2019-08-06 15:21:44,217 [Worker-110] WARN  o.e.m.c.i.embedder.EclipseLogger - Using platform encoding (UTF-8 actually) to copy filtered resources, i.e. build is platform dependent!
2019-08-06 15:21:44,217 [Worker-110] INFO  o.e.m.c.i.embedder.EclipseLogger - skip non existing resourceDirectory /home/vagrant/Desktop/AVCOA/AV_generated/AV-java-federates/AV-impl-java/VCU/src/test/resources
2019-08-06 15:22:03,722 [Worker-113] WARN  o.e.m.c.i.embedder.EclipseLogger - Using platform encoding (UTF-8 actually) to copy filtered resources, i.e. build is platform dependent!
2019-08-06 15:22:03,723 [Worker-113] INFO  o.e.m.c.i.embedder.EclipseLogger - skip non existing resourceDirectory /home/vagrant/Desktop/AVCOA/AV_generated/AV-java-federates/AV-impl-java/VCU/src/main/resources
2019-08-06 15:22:03,726 [Worker-113] WARN  o.e.m.c.i.embedder.EclipseLogger - Using platform encoding (UTF-8 actually) to copy filtered resources, i.e. build is platform dependent!
2019-08-06 15:22:03,727 [Worker-113] INFO  o.e.m.c.i.embedder.EclipseLogger - skip non existing resourceDirectory /home/vagrant/Desktop/AVCOA/AV_generated/AV-java-federates/AV-impl-java/VCU/src/test/resources
2019-08-06 15:23:06,723 [Worker-113] WARN  o.e.m.c.i.embedder.EclipseLogger - Using platform encoding (UTF-8 actually) to copy filtered resources, i.e. build is platform dependent!
2019-08-06 15:23:06,724 [Worker-113] INFO  o.e.m.c.i.embedder.EclipseLogger - skip non existing resourceDirectory /home/vagrant/Desktop/AVCOA/AV_generated/AV-java-federates/AV-impl-java/VCU/src/main/resources
2019-08-06 15:23:06,727 [Worker-113] WARN  o.e.m.c.i.embedder.EclipseLogger - Using platform encoding (UTF-8 actually) to copy filtered resources, i.e. build is platform dependent!
2019-08-06 15:23:06,727 [Worker-113] INFO  o.e.m.c.i.embedder.EclipseLogger - skip non existing resourceDirectory /home/vagrant/Desktop/AVCOA/AV_generated/AV-java-federates/AV-impl-java/VCU/src/test/resources
2019-08-06 15:25:13,752 [Worker-110] WARN  o.e.m.c.i.embedder.EclipseLogger - Using platform encoding (UTF-8 actually) to copy filtered resources, i.e. build is platform dependent!
2019-08-06 15:25:13,756 [Worker-110] INFO  o.e.m.c.i.embedder.EclipseLogger - skip non existing resourceDirectory /home/vagrant/Desktop/AVCOA/AV_generated/AV-java-federates/AV-impl-java/VCU/src/main/resources
2019-08-06 15:25:13,759 [Worker-110] WARN  o.e.m.c.i.embedder.EclipseLogger - Using platform encoding (UTF-8 actually) to copy filtered resources, i.e. build is platform dependent!
2019-08-06 15:25:13,761 [Worker-110] INFO  o.e.m.c.i.embedder.EclipseLogger - skip non existing resourceDirectory /home/vagrant/Desktop/AVCOA/AV_generated/AV-java-federates/AV-impl-java/VCU/src/test/resources
2019-08-06 15:25:38,487 [Worker-110] WARN  o.e.m.c.i.embedder.EclipseLogger - Using platform encoding (UTF-8 actually) to copy filtered resources, i.e. build is platform dependent!
2019-08-06 15:25:38,488 [Worker-110] INFO  o.e.m.c.i.embedder.EclipseLogger - skip non existing resourceDirectory /home/vagrant/Desktop/AVCOA/AV_generated/AV-java-federates/AV-impl-java/VCU/src/main/resources
2019-08-06 15:25:38,490 [Worker-110] WARN  o.e.m.c.i.embedder.EclipseLogger - Using platform encoding (UTF-8 actually) to copy filtered resources, i.e. build is platform dependent!
2019-08-06 15:25:38,490 [Worker-110] INFO  o.e.m.c.i.embedder.EclipseLogger - skip non existing resourceDirectory /home/vagrant/Desktop/AVCOA/AV_generated/AV-java-federates/AV-impl-java/VCU/src/test/resources
2019-08-06 15:26:16,506 [Worker-104] WARN  o.e.m.c.i.embedder.EclipseLogger - Using platform encoding (UTF-8 actually) to copy filtered resources, i.e. build is platform dependent!
2019-08-06 15:26:16,507 [Worker-104] INFO  o.e.m.c.i.embedder.EclipseLogger - skip non existing resourceDirectory /home/vagrant/Desktop/AVCOA/AV_generated/AV-java-federates/AV-impl-java/VCU/src/main/resources
2019-08-06 15:26:16,511 [Worker-104] WARN  o.e.m.c.i.embedder.EclipseLogger - Using platform encoding (UTF-8 actually) to copy filtered resources, i.e. build is platform dependent!
2019-08-06 15:26:16,512 [Worker-104] INFO  o.e.m.c.i.embedder.EclipseLogger - skip non existing resourceDirectory /home/vagrant/Desktop/AVCOA/AV_generated/AV-java-federates/AV-impl-java/VCU/src/test/resources
2019-08-06 15:27:37,898 [Worker-111] WARN  o.e.m.c.i.embedder.EclipseLogger - Using platform encoding (UTF-8 actually) to copy filtered resources, i.e. build is platform dependent!
2019-08-06 15:27:37,899 [Worker-111] INFO  o.e.m.c.i.embedder.EclipseLogger - skip non existing resourceDirectory /home/vagrant/Desktop/AVCOA/AV_generated/AV-java-federates/AV-impl-java/VCU/src/main/resources
2019-08-06 15:27:37,902 [Worker-111] WARN  o.e.m.c.i.embedder.EclipseLogger - Using platform encoding (UTF-8 actually) to copy filtered resources, i.e. build is platform dependent!
2019-08-06 15:27:37,902 [Worker-111] INFO  o.e.m.c.i.embedder.EclipseLogger - skip non existing resourceDirectory /home/vagrant/Desktop/AVCOA/AV_generated/AV-java-federates/AV-impl-java/VCU/src/test/resources
2019-08-06 15:27:39,039 [Worker-114] WARN  o.e.m.c.i.embedder.EclipseLogger - Using platform encoding (UTF-8 actually) to copy filtered resources, i.e. build is platform dependent!
2019-08-06 15:27:39,040 [Worker-114] INFO  o.e.m.c.i.embedder.EclipseLogger - skip non existing resourceDirectory /home/vagrant/Desktop/AVCOA/AV_generated/AV-java-federates/AV-rti-java/src/main/resources
2019-08-06 15:27:39,042 [Worker-114] WARN  o.e.m.c.i.embedder.EclipseLogger - Using platform encoding (UTF-8 actually) to copy filtered resources, i.e. build is platform dependent!
2019-08-06 15:27:39,043 [Worker-114] INFO  o.e.m.c.i.embedder.EclipseLogger - skip non existing resourceDirectory /home/vagrant/Desktop/AVCOA/AV_generated/AV-java-federates/AV-rti-java/src/test/resources
2019-08-06 15:27:39,204 [Worker-114] WARN  o.e.m.c.i.embedder.EclipseLogger - Using platform encoding (UTF-8 actually) to copy filtered resources, i.e. build is platform dependent!
2019-08-06 15:27:39,204 [Worker-114] INFO  o.e.m.c.i.embedder.EclipseLogger - skip non existing resourceDirectory /home/vagrant/Desktop/AVCOA/AV_generated/AV-java-federates/AV-base-java/src/main/resources
2019-08-06 15:27:39,206 [Worker-114] WARN  o.e.m.c.i.embedder.EclipseLogger - Using platform encoding (UTF-8 actually) to copy filtered resources, i.e. build is platform dependent!
2019-08-06 15:27:39,207 [Worker-114] INFO  o.e.m.c.i.embedder.EclipseLogger - skip non existing resourceDirectory /home/vagrant/Desktop/AVCOA/AV_generated/AV-java-federates/AV-base-java/src/test/resources
2019-08-06 15:27:39,582 [Worker-111] WARN  o.e.m.c.i.embedder.EclipseLogger - Using platform encoding (UTF-8 actually) to copy filtered resources, i.e. build is platform dependent!
2019-08-06 15:27:39,582 [Worker-111] INFO  o.e.m.c.i.embedder.EclipseLogger - skip non existing resourceDirectory /home/vagrant/Desktop/AVCOA/AV_generated/AV-java-federates/AV-impl-java/VCU/src/main/resources
2019-08-06 15:27:39,585 [Worker-111] WARN  o.e.m.c.i.embedder.EclipseLogger - Using platform encoding (UTF-8 actually) to copy filtered resources, i.e. build is platform dependent!
2019-08-06 15:27:39,585 [Worker-111] INFO  o.e.m.c.i.embedder.EclipseLogger - skip non existing resourceDirectory /home/vagrant/Desktop/AVCOA/AV_generated/AV-java-federates/AV-impl-java/VCU/src/test/resources
2019-08-06 15:28:20,757 [Worker-111] WARN  o.e.m.c.i.embedder.EclipseLogger - Using platform encoding (UTF-8 actually) to copy filtered resources, i.e. build is platform dependent!
2019-08-06 15:28:20,758 [Worker-111] INFO  o.e.m.c.i.embedder.EclipseLogger - skip non existing resourceDirectory /home/vagrant/Desktop/AVCOA/AV_generated/AV-java-federates/AV-impl-java/BMS/src/main/resources
2019-08-06 15:28:20,760 [Worker-111] WARN  o.e.m.c.i.embedder.EclipseLogger - Using platform encoding (UTF-8 actually) to copy filtered resources, i.e. build is platform dependent!
2019-08-06 15:28:20,761 [Worker-111] INFO  o.e.m.c.i.embedder.EclipseLogger - skip non existing resourceDirectory /home/vagrant/Desktop/AVCOA/AV_generated/AV-java-federates/AV-impl-java/BMS/src/test/resources
2019-08-06 15:29:22,713 [Worker-102] WARN  o.e.m.c.i.embedder.EclipseLogger - Using platform encoding (UTF-8 actually) to copy filtered resources, i.e. build is platform dependent!
2019-08-06 15:29:22,714 [Worker-102] INFO  o.e.m.c.i.embedder.EclipseLogger - skip non existing resourceDirectory /home/vagrant/Desktop/AVCOA/AV_generated/AV-java-federates/AV-impl-java/BMS/src/main/resources
2019-08-06 15:29:22,716 [Worker-102] WARN  o.e.m.c.i.embedder.EclipseLogger - Using platform encoding (UTF-8 actually) to copy filtered resources, i.e. build is platform dependent!
2019-08-06 15:29:22,717 [Worker-102] INFO  o.e.m.c.i.embedder.EclipseLogger - skip non existing resourceDirectory /home/vagrant/Desktop/AVCOA/AV_generated/AV-java-federates/AV-impl-java/BMS/src/test/resources
2019-08-06 15:29:23,936 [Worker-113] WARN  o.e.m.c.i.embedder.EclipseLogger - Using platform encoding (UTF-8 actually) to copy filtered resources, i.e. build is platform dependent!
2019-08-06 15:29:23,938 [Worker-113] INFO  o.e.m.c.i.embedder.EclipseLogger - skip non existing resourceDirectory /home/vagrant/Desktop/AVCOA/AV_generated/AV-java-federates/AV-base-java/src/main/resources
2019-08-06 15:29:23,941 [Worker-113] WARN  o.e.m.c.i.embedder.EclipseLogger - Using platform encoding (UTF-8 actually) to copy filtered resources, i.e. build is platform dependent!
2019-08-06 15:29:23,941 [Worker-113] INFO  o.e.m.c.i.embedder.EclipseLogger - skip non existing resourceDirectory /home/vagrant/Desktop/AVCOA/AV_generated/AV-java-federates/AV-base-java/src/test/resources
2019-08-06 15:29:23,957 [Worker-113] WARN  o.e.m.c.i.embedder.EclipseLogger - Using platform encoding (UTF-8 actually) to copy filtered resources, i.e. build is platform dependent!
2019-08-06 15:29:23,957 [Worker-113] INFO  o.e.m.c.i.embedder.EclipseLogger - skip non existing resourceDirectory /home/vagrant/Desktop/AVCOA/AV_generated/AV-java-federates/AV-impl-java/BMS/src/main/resources
2019-08-06 15:29:23,969 [Worker-113] WARN  o.e.m.c.i.embedder.EclipseLogger - Using platform encoding (UTF-8 actually) to copy filtered resources, i.e. build is platform dependent!
2019-08-06 15:29:23,969 [Worker-113] INFO  o.e.m.c.i.embedder.EclipseLogger - skip non existing resourceDirectory /home/vagrant/Desktop/AVCOA/AV_generated/AV-java-federates/AV-impl-java/BMS/src/test/resources
2019-08-06 15:36:17,739 [Worker-116] WARN  o.e.m.c.i.embedder.EclipseLogger - Using platform encoding (UTF-8 actually) to copy filtered resources, i.e. build is platform dependent!
2019-08-06 15:36:17,739 [Worker-116] INFO  o.e.m.c.i.embedder.EclipseLogger - skip non existing resourceDirectory /home/vagrant/Desktop/AVCOA/AV_generated/AV-java-federates/AV-impl-java/BMS/src/main/resources
2019-08-06 15:36:17,747 [Worker-116] WARN  o.e.m.c.i.embedder.EclipseLogger - Using platform encoding (UTF-8 actually) to copy filtered resources, i.e. build is platform dependent!
2019-08-06 15:36:17,747 [Worker-116] INFO  o.e.m.c.i.embedder.EclipseLogger - skip non existing resourceDirectory /home/vagrant/Desktop/AVCOA/AV_generated/AV-java-federates/AV-impl-java/BMS/src/test/resources
2019-08-06 15:36:18,892 [Worker-117] WARN  o.e.m.c.i.embedder.EclipseLogger - Using platform encoding (UTF-8 actually) to copy filtered resources, i.e. build is platform dependent!
2019-08-06 15:36:18,893 [Worker-117] INFO  o.e.m.c.i.embedder.EclipseLogger - skip non existing resourceDirectory /home/vagrant/Desktop/AVCOA/AV_generated/AV-java-federates/AV-rti-java/src/main/resources
2019-08-06 15:36:18,896 [Worker-117] WARN  o.e.m.c.i.embedder.EclipseLogger - Using platform encoding (UTF-8 actually) to copy filtered resources, i.e. build is platform dependent!
2019-08-06 15:36:18,896 [Worker-117] INFO  o.e.m.c.i.embedder.EclipseLogger - skip non existing resourceDirectory /home/vagrant/Desktop/AVCOA/AV_generated/AV-java-federates/AV-rti-java/src/test/resources
2019-08-06 15:36:19,028 [Worker-117] WARN  o.e.m.c.i.embedder.EclipseLogger - Using platform encoding (UTF-8 actually) to copy filtered resources, i.e. build is platform dependent!
2019-08-06 15:36:19,029 [Worker-117] INFO  o.e.m.c.i.embedder.EclipseLogger - skip non existing resourceDirectory /home/vagrant/Desktop/AVCOA/AV_generated/AV-java-federates/AV-base-java/src/main/resources
2019-08-06 15:36:19,032 [Worker-117] WARN  o.e.m.c.i.embedder.EclipseLogger - Using platform encoding (UTF-8 actually) to copy filtered resources, i.e. build is platform dependent!
2019-08-06 15:36:19,032 [Worker-117] INFO  o.e.m.c.i.embedder.EclipseLogger - skip non existing resourceDirectory /home/vagrant/Desktop/AVCOA/AV_generated/AV-java-federates/AV-base-java/src/test/resources
2019-08-06 15:36:19,274 [Worker-117] WARN  o.e.m.c.i.embedder.EclipseLogger - Using platform encoding (UTF-8 actually) to copy filtered resources, i.e. build is platform dependent!
2019-08-06 15:36:19,274 [Worker-117] INFO  o.e.m.c.i.embedder.EclipseLogger - skip non existing resourceDirectory /home/vagrant/Desktop/AVCOA/AV_generated/AV-java-federates/AV-impl-java/BMS/src/main/resources
2019-08-06 15:36:19,293 [Worker-117] WARN  o.e.m.c.i.embedder.EclipseLogger - Using platform encoding (UTF-8 actually) to copy filtered resources, i.e. build is platform dependent!
2019-08-06 15:36:19,294 [Worker-117] INFO  o.e.m.c.i.embedder.EclipseLogger - skip non existing resourceDirectory /home/vagrant/Desktop/AVCOA/AV_generated/AV-java-federates/AV-impl-java/BMS/src/test/resources
2019-08-06 15:36:19,448 [Worker-117] WARN  o.e.m.c.i.embedder.EclipseLogger - Using platform encoding (UTF-8 actually) to copy filtered resources, i.e. build is platform dependent!
2019-08-06 15:36:19,448 [Worker-117] INFO  o.e.m.c.i.embedder.EclipseLogger - skip non existing resourceDirectory /home/vagrant/Desktop/AVCOA/AV_generated/AV-java-federates/AV-impl-java/VCU/src/main/resources
2019-08-06 15:36:19,451 [Worker-117] WARN  o.e.m.c.i.embedder.EclipseLogger - Using platform encoding (UTF-8 actually) to copy filtered resources, i.e. build is platform dependent!
2019-08-06 15:36:19,451 [Worker-117] INFO  o.e.m.c.i.embedder.EclipseLogger - skip non existing resourceDirectory /home/vagrant/Desktop/AVCOA/AV_generated/AV-java-federates/AV-impl-java/VCU/src/test/resources
2019-08-06 15:36:37,493 [Worker-113] WARN  o.e.m.c.i.embedder.EclipseLogger - Using platform encoding (UTF-8 actually) to copy filtered resources, i.e. build is platform dependent!
2019-08-06 15:36:37,493 [Worker-113] INFO  o.e.m.c.i.embedder.EclipseLogger - skip non existing resourceDirectory /home/vagrant/Desktop/AVCOA/AV_generated/AV-java-federates/AV-impl-java/BMS/src/main/resources
2019-08-06 15:36:37,496 [Worker-113] WARN  o.e.m.c.i.embedder.EclipseLogger - Using platform encoding (UTF-8 actually) to copy filtered resources, i.e. build is platform dependent!
2019-08-06 15:36:37,496 [Worker-113] INFO  o.e.m.c.i.embedder.EclipseLogger - skip non existing resourceDirectory /home/vagrant/Desktop/AVCOA/AV_generated/AV-java-federates/AV-impl-java/BMS/src/test/resources
2019-08-06 15:38:28,649 [Worker-118] WARN  o.e.m.c.i.embedder.EclipseLogger - Using platform encoding (UTF-8 actually) to copy filtered resources, i.e. build is platform dependent!
2019-08-06 15:38:28,650 [Worker-118] INFO  o.e.m.c.i.embedder.EclipseLogger - skip non existing resourceDirectory /home/vagrant/Desktop/AVCOA/AV_generated/AV-java-federates/AV-impl-java/VCU/src/main/resources
2019-08-06 15:38:28,652 [Worker-118] WARN  o.e.m.c.i.embedder.EclipseLogger - Using platform encoding (UTF-8 actually) to copy filtered resources, i.e. build is platform dependent!
2019-08-06 15:38:28,652 [Worker-118] INFO  o.e.m.c.i.embedder.EclipseLogger - skip non existing resourceDirectory /home/vagrant/Desktop/AVCOA/AV_generated/AV-java-federates/AV-impl-java/VCU/src/test/resources
2019-08-06 15:38:29,746 [Worker-113] WARN  o.e.m.c.i.embedder.EclipseLogger - Using platform encoding (UTF-8 actually) to copy filtered resources, i.e. build is platform dependent!
2019-08-06 15:38:29,747 [Worker-113] INFO  o.e.m.c.i.embedder.EclipseLogger - skip non existing resourceDirectory /home/vagrant/Desktop/AVCOA/AV_generated/AV-java-federates/AV-rti-java/src/main/resources
2019-08-06 15:38:29,749 [Worker-113] WARN  o.e.m.c.i.embedder.EclipseLogger - Using platform encoding (UTF-8 actually) to copy filtered resources, i.e. build is platform dependent!
2019-08-06 15:38:29,749 [Worker-113] INFO  o.e.m.c.i.embedder.EclipseLogger - skip non existing resourceDirectory /home/vagrant/Desktop/AVCOA/AV_generated/AV-java-federates/AV-rti-java/src/test/resources
2019-08-06 15:38:29,856 [Worker-113] WARN  o.e.m.c.i.embedder.EclipseLogger - Using platform encoding (UTF-8 actually) to copy filtered resources, i.e. build is platform dependent!
2019-08-06 15:38:29,857 [Worker-113] INFO  o.e.m.c.i.embedder.EclipseLogger - skip non existing resourceDirectory /home/vagrant/Desktop/AVCOA/AV_generated/AV-java-federates/AV-base-java/src/main/resources
2019-08-06 15:38:29,859 [Worker-113] WARN  o.e.m.c.i.embedder.EclipseLogger - Using platform encoding (UTF-8 actually) to copy filtered resources, i.e. build is platform dependent!
2019-08-06 15:38:29,860 [Worker-113] INFO  o.e.m.c.i.embedder.EclipseLogger - skip non existing resourceDirectory /home/vagrant/Desktop/AVCOA/AV_generated/AV-java-federates/AV-base-java/src/test/resources
2019-08-06 15:38:30,093 [Worker-113] WARN  o.e.m.c.i.embedder.EclipseLogger - Using platform encoding (UTF-8 actually) to copy filtered resources, i.e. build is platform dependent!
2019-08-06 15:38:30,094 [Worker-113] INFO  o.e.m.c.i.embedder.EclipseLogger - skip non existing resourceDirectory /home/vagrant/Desktop/AVCOA/AV_generated/AV-java-federates/AV-impl-java/VCU/src/main/resources
2019-08-06 15:38:30,096 [Worker-113] WARN  o.e.m.c.i.embedder.EclipseLogger - Using platform encoding (UTF-8 actually) to copy filtered resources, i.e. build is platform dependent!
2019-08-06 15:38:30,097 [Worker-113] INFO  o.e.m.c.i.embedder.EclipseLogger - skip non existing resourceDirectory /home/vagrant/Desktop/AVCOA/AV_generated/AV-java-federates/AV-impl-java/VCU/src/test/resources
2019-08-06 15:38:31,329 [Worker-110] WARN  o.e.m.c.i.embedder.EclipseLogger - Using platform encoding (UTF-8 actually) to copy filtered resources, i.e. build is platform dependent!
2019-08-06 15:38:31,330 [Worker-110] INFO  o.e.m.c.i.embedder.EclipseLogger - skip non existing resourceDirectory /home/vagrant/Desktop/AVCOA/AV_generated/AV-java-federates/AV-impl-java/BMS/src/main/resources
2019-08-06 15:38:31,333 [Worker-110] WARN  o.e.m.c.i.embedder.EclipseLogger - Using platform encoding (UTF-8 actually) to copy filtered resources, i.e. build is platform dependent!
2019-08-06 15:38:31,333 [Worker-110] INFO  o.e.m.c.i.embedder.EclipseLogger - skip non existing resourceDirectory /home/vagrant/Desktop/AVCOA/AV_generated/AV-java-federates/AV-impl-java/BMS/src/test/resources
2019-08-06 15:38:31,344 [Worker-110] WARN  o.e.m.c.i.embedder.EclipseLogger - Using platform encoding (UTF-8 actually) to copy filtered resources, i.e. build is platform dependent!
2019-08-06 15:38:31,344 [Worker-110] INFO  o.e.m.c.i.embedder.EclipseLogger - skip non existing resourceDirectory /home/vagrant/Desktop/AVCOA/AV_generated/AV-java-federates/AV-impl-java/VCU/src/main/resources
2019-08-06 15:38:31,347 [Worker-110] WARN  o.e.m.c.i.embedder.EclipseLogger - Using platform encoding (UTF-8 actually) to copy filtered resources, i.e. build is platform dependent!
2019-08-06 15:38:31,347 [Worker-110] INFO  o.e.m.c.i.embedder.EclipseLogger - skip non existing resourceDirectory /home/vagrant/Desktop/AVCOA/AV_generated/AV-java-federates/AV-impl-java/VCU/src/test/resources
2019-08-06 15:38:48,870 [Worker-118] WARN  o.e.m.c.i.embedder.EclipseLogger - Using platform encoding (UTF-8 actually) to copy filtered resources, i.e. build is platform dependent!
2019-08-06 15:38:48,871 [Worker-118] INFO  o.e.m.c.i.embedder.EclipseLogger - skip non existing resourceDirectory /home/vagrant/Desktop/AVCOA/AV_generated/AV-java-federates/AV-impl-java/VCU/src/main/resources
2019-08-06 15:38:48,872 [Worker-118] WARN  o.e.m.c.i.embedder.EclipseLogger - Using platform encoding (UTF-8 actually) to copy filtered resources, i.e. build is platform dependent!
2019-08-06 15:38:48,873 [Worker-118] INFO  o.e.m.c.i.embedder.EclipseLogger - skip non existing resourceDirectory /home/vagrant/Desktop/AVCOA/AV_generated/AV-java-federates/AV-impl-java/VCU/src/test/resources
2019-08-06 15:39:27,062 [Worker-113] WARN  o.e.m.c.i.embedder.EclipseLogger - Using platform encoding (UTF-8 actually) to copy filtered resources, i.e. build is platform dependent!
2019-08-06 15:39:27,062 [Worker-113] INFO  o.e.m.c.i.embedder.EclipseLogger - skip non existing resourceDirectory /home/vagrant/Desktop/AVCOA/AV_generated/AV-java-federates/AV-impl-java/VCU/src/main/resources
2019-08-06 15:39:27,064 [Worker-113] WARN  o.e.m.c.i.embedder.EclipseLogger - Using platform encoding (UTF-8 actually) to copy filtered resources, i.e. build is platform dependent!
2019-08-06 15:39:27,065 [Worker-113] INFO  o.e.m.c.i.embedder.EclipseLogger - skip non existing resourceDirectory /home/vagrant/Desktop/AVCOA/AV_generated/AV-java-federates/AV-impl-java/VCU/src/test/resources
2019-08-06 15:41:38,269 [Start Help Server] INFO  org.eclipse.jetty.util.log - Logging initialized @31429470ms
2019-08-06 15:41:39,188 [Start Help Server] INFO  org.eclipse.jetty.server.Server - jetty-9.3.9.v20160517
2019-08-06 15:41:39,786 [Start Help Server] INFO  o.e.j.server.handler.ContextHandler - Started o.e.j.s.ServletContextHandler@75b4db69{/help,null,AVAILABLE}
2019-08-06 15:41:39,849 [Start Help Server] INFO  o.e.jetty.server.AbstractConnector - Started ServerConnector@25892fb7{HTTP/1.1,[http/1.1]}{127.0.0.1:37473}
2019-08-06 15:41:39,850 [Start Help Server] INFO  org.eclipse.jetty.server.Server - Started @31431052ms
2019-08-06 15:49:04,965 [Worker-121] WARN  o.e.m.c.i.embedder.EclipseLogger - Using platform encoding (UTF-8 actually) to copy filtered resources, i.e. build is platform dependent!
2019-08-06 15:49:04,966 [Worker-121] INFO  o.e.m.c.i.embedder.EclipseLogger - skip non existing resourceDirectory /home/vagrant/Desktop/AVCOA/AV_generated/AV-java-federates/AV-impl-java/VCU/src/main/resources
2019-08-06 15:49:04,968 [Worker-121] WARN  o.e.m.c.i.embedder.EclipseLogger - Using platform encoding (UTF-8 actually) to copy filtered resources, i.e. build is platform dependent!
2019-08-06 15:49:04,968 [Worker-121] INFO  o.e.m.c.i.embedder.EclipseLogger - skip non existing resourceDirectory /home/vagrant/Desktop/AVCOA/AV_generated/AV-java-federates/AV-impl-java/VCU/src/test/resources
2019-08-06 15:49:06,105 [Worker-121] WARN  o.e.m.c.i.embedder.EclipseLogger - Using platform encoding (UTF-8 actually) to copy filtered resources, i.e. build is platform dependent!
2019-08-06 15:49:06,106 [Worker-121] INFO  o.e.m.c.i.embedder.EclipseLogger - skip non existing resourceDirectory /home/vagrant/Desktop/AVCOA/AV_generated/AV-java-federates/AV-rti-java/src/main/resources
2019-08-06 15:49:06,107 [Worker-121] WARN  o.e.m.c.i.embedder.EclipseLogger - Using platform encoding (UTF-8 actually) to copy filtered resources, i.e. build is platform dependent!
2019-08-06 15:49:06,107 [Worker-121] INFO  o.e.m.c.i.embedder.EclipseLogger - skip non existing resourceDirectory /home/vagrant/Desktop/AVCOA/AV_generated/AV-java-federates/AV-rti-java/src/test/resources
2019-08-06 15:49:06,444 [Worker-119] WARN  o.e.m.c.i.embedder.EclipseLogger - Using platform encoding (UTF-8 actually) to copy filtered resources, i.e. build is platform dependent!
2019-08-06 15:49:06,444 [Worker-119] INFO  o.e.m.c.i.embedder.EclipseLogger - skip non existing resourceDirectory /home/vagrant/Desktop/AVCOA/AV_generated/AV-java-federates/AV-base-java/src/main/resources
2019-08-06 15:49:06,446 [Worker-119] WARN  o.e.m.c.i.embedder.EclipseLogger - Using platform encoding (UTF-8 actually) to copy filtered resources, i.e. build is platform dependent!
2019-08-06 15:49:06,446 [Worker-119] INFO  o.e.m.c.i.embedder.EclipseLogger - skip non existing resourceDirectory /home/vagrant/Desktop/AVCOA/AV_generated/AV-java-federates/AV-base-java/src/test/resources
2019-08-06 15:49:06,625 [Worker-119] WARN  o.e.m.c.i.embedder.EclipseLogger - Using platform encoding (UTF-8 actually) to copy filtered resources, i.e. build is platform dependent!
2019-08-06 15:49:06,626 [Worker-119] INFO  o.e.m.c.i.embedder.EclipseLogger - skip non existing resourceDirectory /home/vagrant/Desktop/AVCOA/AV_generated/AV-java-federates/AV-impl-java/BMS/src/main/resources
2019-08-06 15:49:06,629 [Worker-119] WARN  o.e.m.c.i.embedder.EclipseLogger - Using platform encoding (UTF-8 actually) to copy filtered resources, i.e. build is platform dependent!
2019-08-06 15:49:06,629 [Worker-119] INFO  o.e.m.c.i.embedder.EclipseLogger - skip non existing resourceDirectory /home/vagrant/Desktop/AVCOA/AV_generated/AV-java-federates/AV-impl-java/BMS/src/test/resources
2019-08-06 15:49:06,801 [Worker-119] WARN  o.e.m.c.i.embedder.EclipseLogger - Using platform encoding (UTF-8 actually) to copy filtered resources, i.e. build is platform dependent!
2019-08-06 15:49:06,801 [Worker-119] INFO  o.e.m.c.i.embedder.EclipseLogger - skip non existing resourceDirectory /home/vagrant/Desktop/AVCOA/AV_generated/AV-java-federates/AV-impl-java/VCU/src/main/resources
2019-08-06 15:49:06,804 [Worker-119] WARN  o.e.m.c.i.embedder.EclipseLogger - Using platform encoding (UTF-8 actually) to copy filtered resources, i.e. build is platform dependent!
2019-08-06 15:49:06,805 [Worker-119] INFO  o.e.m.c.i.embedder.EclipseLogger - skip non existing resourceDirectory /home/vagrant/Desktop/AVCOA/AV_generated/AV-java-federates/AV-impl-java/VCU/src/test/resources
2019-08-06 15:50:06,162 [Worker-119] WARN  o.e.m.c.i.embedder.EclipseLogger - Using platform encoding (UTF-8 actually) to copy filtered resources, i.e. build is platform dependent!
2019-08-06 15:50:06,163 [Worker-119] INFO  o.e.m.c.i.embedder.EclipseLogger - skip non existing resourceDirectory /home/vagrant/Desktop/AVCOA/AV_generated/AV-java-federates/AV-impl-java/VCU/src/main/resources
2019-08-06 15:50:06,164 [Worker-119] WARN  o.e.m.c.i.embedder.EclipseLogger - Using platform encoding (UTF-8 actually) to copy filtered resources, i.e. build is platform dependent!
2019-08-06 15:50:06,164 [Worker-119] INFO  o.e.m.c.i.embedder.EclipseLogger - skip non existing resourceDirectory /home/vagrant/Desktop/AVCOA/AV_generated/AV-java-federates/AV-impl-java/VCU/src/test/resources
2019-08-06 15:50:07,235 [Worker-120] WARN  o.e.m.c.i.embedder.EclipseLogger - Using platform encoding (UTF-8 actually) to copy filtered resources, i.e. build is platform dependent!
2019-08-06 15:50:07,235 [Worker-120] INFO  o.e.m.c.i.embedder.EclipseLogger - skip non existing resourceDirectory /home/vagrant/Desktop/AVCOA/AV_generated/AV-java-federates/AV-rti-java/src/main/resources
2019-08-06 15:50:07,236 [Worker-120] WARN  o.e.m.c.i.embedder.EclipseLogger - Using platform encoding (UTF-8 actually) to copy filtered resources, i.e. build is platform dependent!
2019-08-06 15:50:07,236 [Worker-120] INFO  o.e.m.c.i.embedder.EclipseLogger - skip non existing resourceDirectory /home/vagrant/Desktop/AVCOA/AV_generated/AV-java-federates/AV-rti-java/src/test/resources
2019-08-06 15:50:07,351 [Worker-120] WARN  o.e.m.c.i.embedder.EclipseLogger - Using platform encoding (UTF-8 actually) to copy filtered resources, i.e. build is platform dependent!
2019-08-06 15:50:07,352 [Worker-120] INFO  o.e.m.c.i.embedder.EclipseLogger - skip non existing resourceDirectory /home/vagrant/Desktop/AVCOA/AV_generated/AV-java-federates/AV-base-java/src/main/resources
2019-08-06 15:50:07,353 [Worker-120] WARN  o.e.m.c.i.embedder.EclipseLogger - Using platform encoding (UTF-8 actually) to copy filtered resources, i.e. build is platform dependent!
2019-08-06 15:50:07,357 [Worker-120] INFO  o.e.m.c.i.embedder.EclipseLogger - skip non existing resourceDirectory /home/vagrant/Desktop/AVCOA/AV_generated/AV-java-federates/AV-base-java/src/test/resources
2019-08-06 15:50:07,664 [Worker-119] WARN  o.e.m.c.i.embedder.EclipseLogger - Using platform encoding (UTF-8 actually) to copy filtered resources, i.e. build is platform dependent!
2019-08-06 15:50:07,665 [Worker-119] INFO  o.e.m.c.i.embedder.EclipseLogger - skip non existing resourceDirectory /home/vagrant/Desktop/AVCOA/AV_generated/AV-java-federates/AV-impl-java/BMS/src/main/resources
2019-08-06 15:50:07,666 [Worker-119] WARN  o.e.m.c.i.embedder.EclipseLogger - Using platform encoding (UTF-8 actually) to copy filtered resources, i.e. build is platform dependent!
2019-08-06 15:50:07,666 [Worker-119] INFO  o.e.m.c.i.embedder.EclipseLogger - skip non existing resourceDirectory /home/vagrant/Desktop/AVCOA/AV_generated/AV-java-federates/AV-impl-java/BMS/src/test/resources
2019-08-06 15:50:07,761 [Worker-119] WARN  o.e.m.c.i.embedder.EclipseLogger - Using platform encoding (UTF-8 actually) to copy filtered resources, i.e. build is platform dependent!
2019-08-06 15:50:07,763 [Worker-119] INFO  o.e.m.c.i.embedder.EclipseLogger - skip non existing resourceDirectory /home/vagrant/Desktop/AVCOA/AV_generated/AV-java-federates/AV-impl-java/VCU/src/main/resources
2019-08-06 15:50:07,766 [Worker-119] WARN  o.e.m.c.i.embedder.EclipseLogger - Using platform encoding (UTF-8 actually) to copy filtered resources, i.e. build is platform dependent!
2019-08-06 15:50:07,768 [Worker-119] INFO  o.e.m.c.i.embedder.EclipseLogger - skip non existing resourceDirectory /home/vagrant/Desktop/AVCOA/AV_generated/AV-java-federates/AV-impl-java/VCU/src/test/resources
2019-08-06 15:55:52,581 [Worker-120] WARN  o.e.m.c.i.embedder.EclipseLogger - Using platform encoding (UTF-8 actually) to copy filtered resources, i.e. build is platform dependent!
2019-08-06 15:55:52,584 [Worker-120] INFO  o.e.m.c.i.embedder.EclipseLogger - skip non existing resourceDirectory /home/vagrant/Desktop/AVCOA/AV_generated/AV-java-federates/AV-impl-java/BMS/src/main/resources
2019-08-06 15:55:52,586 [Worker-120] WARN  o.e.m.c.i.embedder.EclipseLogger - Using platform encoding (UTF-8 actually) to copy filtered resources, i.e. build is platform dependent!
2019-08-06 15:55:52,586 [Worker-120] INFO  o.e.m.c.i.embedder.EclipseLogger - skip non existing resourceDirectory /home/vagrant/Desktop/AVCOA/AV_generated/AV-java-federates/AV-impl-java/BMS/src/test/resources
2019-08-06 15:55:53,726 [Worker-121] WARN  o.e.m.c.i.embedder.EclipseLogger - Using platform encoding (UTF-8 actually) to copy filtered resources, i.e. build is platform dependent!
2019-08-06 15:55:53,727 [Worker-121] INFO  o.e.m.c.i.embedder.EclipseLogger - skip non existing resourceDirectory /home/vagrant/Desktop/AVCOA/AV_generated/AV-java-federates/AV-rti-java/src/main/resources
2019-08-06 15:55:53,728 [Worker-121] WARN  o.e.m.c.i.embedder.EclipseLogger - Using platform encoding (UTF-8 actually) to copy filtered resources, i.e. build is platform dependent!
2019-08-06 15:55:53,729 [Worker-121] INFO  o.e.m.c.i.embedder.EclipseLogger - skip non existing resourceDirectory /home/vagrant/Desktop/AVCOA/AV_generated/AV-java-federates/AV-rti-java/src/test/resources
2019-08-06 15:55:53,863 [Worker-121] WARN  o.e.m.c.i.embedder.EclipseLogger - Using platform encoding (UTF-8 actually) to copy filtered resources, i.e. build is platform dependent!
2019-08-06 15:55:53,863 [Worker-121] INFO  o.e.m.c.i.embedder.EclipseLogger - skip non existing resourceDirectory /home/vagrant/Desktop/AVCOA/AV_generated/AV-java-federates/AV-base-java/src/main/resources
2019-08-06 15:55:53,866 [Worker-121] WARN  o.e.m.c.i.embedder.EclipseLogger - Using platform encoding (UTF-8 actually) to copy filtered resources, i.e. build is platform dependent!
2019-08-06 15:55:53,866 [Worker-121] INFO  o.e.m.c.i.embedder.EclipseLogger - skip non existing resourceDirectory /home/vagrant/Desktop/AVCOA/AV_generated/AV-java-federates/AV-base-java/src/test/resources
2019-08-06 15:55:54,169 [Worker-118] WARN  o.e.m.c.i.embedder.EclipseLogger - Using platform encoding (UTF-8 actually) to copy filtered resources, i.e. build is platform dependent!
2019-08-06 15:55:54,170 [Worker-118] INFO  o.e.m.c.i.embedder.EclipseLogger - skip non existing resourceDirectory /home/vagrant/Desktop/AVCOA/AV_generated/AV-java-federates/AV-impl-java/BMS/src/main/resources
2019-08-06 15:55:54,172 [Worker-118] WARN  o.e.m.c.i.embedder.EclipseLogger - Using platform encoding (UTF-8 actually) to copy filtered resources, i.e. build is platform dependent!
2019-08-06 15:55:54,172 [Worker-118] INFO  o.e.m.c.i.embedder.EclipseLogger - skip non existing resourceDirectory /home/vagrant/Desktop/AVCOA/AV_generated/AV-java-federates/AV-impl-java/BMS/src/test/resources
2019-08-06 15:55:54,303 [Worker-118] WARN  o.e.m.c.i.embedder.EclipseLogger - Using platform encoding (UTF-8 actually) to copy filtered resources, i.e. build is platform dependent!
2019-08-06 15:55:54,304 [Worker-118] INFO  o.e.m.c.i.embedder.EclipseLogger - skip non existing resourceDirectory /home/vagrant/Desktop/AVCOA/AV_generated/AV-java-federates/AV-impl-java/VCU/src/main/resources
2019-08-06 15:55:54,306 [Worker-118] WARN  o.e.m.c.i.embedder.EclipseLogger - Using platform encoding (UTF-8 actually) to copy filtered resources, i.e. build is platform dependent!
2019-08-06 15:55:54,307 [Worker-118] INFO  o.e.m.c.i.embedder.EclipseLogger - skip non existing resourceDirectory /home/vagrant/Desktop/AVCOA/AV_generated/AV-java-federates/AV-impl-java/VCU/src/test/resources
2019-08-06 15:56:04,744 [Worker-121] WARN  o.e.m.c.i.embedder.EclipseLogger - Using platform encoding (UTF-8 actually) to copy filtered resources, i.e. build is platform dependent!
2019-08-06 15:56:04,744 [Worker-121] INFO  o.e.m.c.i.embedder.EclipseLogger - skip non existing resourceDirectory /home/vagrant/Desktop/AVCOA/AV_generated/AV-java-federates/AV-impl-java/BMS/src/main/resources
2019-08-06 15:56:04,746 [Worker-121] WARN  o.e.m.c.i.embedder.EclipseLogger - Using platform encoding (UTF-8 actually) to copy filtered resources, i.e. build is platform dependent!
2019-08-06 15:56:04,746 [Worker-121] INFO  o.e.m.c.i.embedder.EclipseLogger - skip non existing resourceDirectory /home/vagrant/Desktop/AVCOA/AV_generated/AV-java-federates/AV-impl-java/BMS/src/test/resources
2019-08-06 15:59:39,271 [Worker-123] WARN  o.e.m.c.i.embedder.EclipseLogger - Using platform encoding (UTF-8 actually) to copy filtered resources, i.e. build is platform dependent!
2019-08-06 15:59:39,271 [Worker-123] INFO  o.e.m.c.i.embedder.EclipseLogger - skip non existing resourceDirectory /home/vagrant/Desktop/AVCOA/AV_generated/AV-java-federates/AV-impl-java/BMS/src/main/resources
2019-08-06 15:59:39,272 [Worker-123] WARN  o.e.m.c.i.embedder.EclipseLogger - Using platform encoding (UTF-8 actually) to copy filtered resources, i.e. build is platform dependent!
2019-08-06 15:59:39,273 [Worker-123] INFO  o.e.m.c.i.embedder.EclipseLogger - skip non existing resourceDirectory /home/vagrant/Desktop/AVCOA/AV_generated/AV-java-federates/AV-impl-java/BMS/src/test/resources
2019-08-06 15:59:40,509 [Worker-124] WARN  o.e.m.c.i.embedder.EclipseLogger - Using platform encoding (UTF-8 actually) to copy filtered resources, i.e. build is platform dependent!
2019-08-06 15:59:40,510 [Worker-124] INFO  o.e.m.c.i.embedder.EclipseLogger - skip non existing resourceDirectory /home/vagrant/Desktop/AVCOA/AV_generated/AV-java-federates/AV-rti-java/src/main/resources
2019-08-06 15:59:40,514 [Worker-124] WARN  o.e.m.c.i.embedder.EclipseLogger - Using platform encoding (UTF-8 actually) to copy filtered resources, i.e. build is platform dependent!
2019-08-06 15:59:40,515 [Worker-124] INFO  o.e.m.c.i.embedder.EclipseLogger - skip non existing resourceDirectory /home/vagrant/Desktop/AVCOA/AV_generated/AV-java-federates/AV-rti-java/src/test/resources
2019-08-06 15:59:40,749 [Worker-124] WARN  o.e.m.c.i.embedder.EclipseLogger - Using platform encoding (UTF-8 actually) to copy filtered resources, i.e. build is platform dependent!
2019-08-06 15:59:40,750 [Worker-124] INFO  o.e.m.c.i.embedder.EclipseLogger - skip non existing resourceDirectory /home/vagrant/Desktop/AVCOA/AV_generated/AV-java-federates/AV-base-java/src/main/resources
2019-08-06 15:59:40,755 [Worker-124] WARN  o.e.m.c.i.embedder.EclipseLogger - Using platform encoding (UTF-8 actually) to copy filtered resources, i.e. build is platform dependent!
2019-08-06 15:59:40,755 [Worker-124] INFO  o.e.m.c.i.embedder.EclipseLogger - skip non existing resourceDirectory /home/vagrant/Desktop/AVCOA/AV_generated/AV-java-federates/AV-base-java/src/test/resources
2019-08-06 15:59:41,057 [Worker-124] WARN  o.e.m.c.i.embedder.EclipseLogger - Using platform encoding (UTF-8 actually) to copy filtered resources, i.e. build is platform dependent!
2019-08-06 15:59:41,063 [Worker-124] INFO  o.e.m.c.i.embedder.EclipseLogger - skip non existing resourceDirectory /home/vagrant/Desktop/AVCOA/AV_generated/AV-java-federates/AV-impl-java/BMS/src/main/resources
2019-08-06 15:59:41,064 [Worker-124] WARN  o.e.m.c.i.embedder.EclipseLogger - Using platform encoding (UTF-8 actually) to copy filtered resources, i.e. build is platform dependent!
2019-08-06 15:59:41,066 [Worker-124] INFO  o.e.m.c.i.embedder.EclipseLogger - skip non existing resourceDirectory /home/vagrant/Desktop/AVCOA/AV_generated/AV-java-federates/AV-impl-java/BMS/src/test/resources
2019-08-06 15:59:41,350 [Worker-124] WARN  o.e.m.c.i.embedder.EclipseLogger - Using platform encoding (UTF-8 actually) to copy filtered resources, i.e. build is platform dependent!
2019-08-06 15:59:41,350 [Worker-124] INFO  o.e.m.c.i.embedder.EclipseLogger - skip non existing resourceDirectory /home/vagrant/Desktop/AVCOA/AV_generated/AV-java-federates/AV-impl-java/VCU/src/main/resources
2019-08-06 15:59:41,358 [Worker-124] WARN  o.e.m.c.i.embedder.EclipseLogger - Using platform encoding (UTF-8 actually) to copy filtered resources, i.e. build is platform dependent!
2019-08-06 15:59:41,358 [Worker-124] INFO  o.e.m.c.i.embedder.EclipseLogger - skip non existing resourceDirectory /home/vagrant/Desktop/AVCOA/AV_generated/AV-java-federates/AV-impl-java/VCU/src/test/resources
2019-08-06 16:19:27,642 [Worker-127] WARN  o.e.m.c.i.embedder.EclipseLogger - Using platform encoding (UTF-8 actually) to copy filtered resources, i.e. build is platform dependent!
2019-08-06 16:19:27,642 [Worker-127] INFO  o.e.m.c.i.embedder.EclipseLogger - skip non existing resourceDirectory /home/vagrant/Desktop/AVCOA/AV_generated/AV-java-federates/AV-impl-java/VCU/src/main/resources
2019-08-06 16:19:27,643 [Worker-127] WARN  o.e.m.c.i.embedder.EclipseLogger - Using platform encoding (UTF-8 actually) to copy filtered resources, i.e. build is platform dependent!
2019-08-06 16:19:27,644 [Worker-127] INFO  o.e.m.c.i.embedder.EclipseLogger - skip non existing resourceDirectory /home/vagrant/Desktop/AVCOA/AV_generated/AV-java-federates/AV-impl-java/VCU/src/test/resources
2019-08-06 16:19:28,924 [Worker-126] WARN  o.e.m.c.i.embedder.EclipseLogger - Using platform encoding (UTF-8 actually) to copy filtered resources, i.e. build is platform dependent!
2019-08-06 16:19:28,930 [Worker-126] INFO  o.e.m.c.i.embedder.EclipseLogger - skip non existing resourceDirectory /home/vagrant/Desktop/AVCOA/AV_generated/AV-java-federates/AV-rti-java/src/main/resources
2019-08-06 16:19:28,935 [Worker-126] WARN  o.e.m.c.i.embedder.EclipseLogger - Using platform encoding (UTF-8 actually) to copy filtered resources, i.e. build is platform dependent!
2019-08-06 16:19:28,936 [Worker-126] INFO  o.e.m.c.i.embedder.EclipseLogger - skip non existing resourceDirectory /home/vagrant/Desktop/AVCOA/AV_generated/AV-java-federates/AV-rti-java/src/test/resources
2019-08-06 16:19:29,279 [Worker-126] WARN  o.e.m.c.i.embedder.EclipseLogger - Using platform encoding (UTF-8 actually) to copy filtered resources, i.e. build is platform dependent!
2019-08-06 16:19:29,280 [Worker-126] INFO  o.e.m.c.i.embedder.EclipseLogger - skip non existing resourceDirectory /home/vagrant/Desktop/AVCOA/AV_generated/AV-java-federates/AV-base-java/src/main/resources
2019-08-06 16:19:29,291 [Worker-126] WARN  o.e.m.c.i.embedder.EclipseLogger - Using platform encoding (UTF-8 actually) to copy filtered resources, i.e. build is platform dependent!
2019-08-06 16:19:29,291 [Worker-126] INFO  o.e.m.c.i.embedder.EclipseLogger - skip non existing resourceDirectory /home/vagrant/Desktop/AVCOA/AV_generated/AV-java-federates/AV-base-java/src/test/resources
2019-08-06 16:19:29,908 [Worker-126] WARN  o.e.m.c.i.embedder.EclipseLogger - Using platform encoding (UTF-8 actually) to copy filtered resources, i.e. build is platform dependent!
2019-08-06 16:19:29,916 [Worker-126] INFO  o.e.m.c.i.embedder.EclipseLogger - skip non existing resourceDirectory /home/vagrant/Desktop/AVCOA/AV_generated/AV-java-federates/AV-impl-java/BMS/src/main/resources
2019-08-06 16:19:29,919 [Worker-126] WARN  o.e.m.c.i.embedder.EclipseLogger - Using platform encoding (UTF-8 actually) to copy filtered resources, i.e. build is platform dependent!
2019-08-06 16:19:29,920 [Worker-126] INFO  o.e.m.c.i.embedder.EclipseLogger - skip non existing resourceDirectory /home/vagrant/Desktop/AVCOA/AV_generated/AV-java-federates/AV-impl-java/BMS/src/test/resources
2019-08-06 16:19:30,392 [Worker-128] WARN  o.e.m.c.i.embedder.EclipseLogger - Using platform encoding (UTF-8 actually) to copy filtered resources, i.e. build is platform dependent!
2019-08-06 16:19:30,392 [Worker-128] INFO  o.e.m.c.i.embedder.EclipseLogger - skip non existing resourceDirectory /home/vagrant/Desktop/AVCOA/AV_generated/AV-java-federates/AV-impl-java/VCU/src/main/resources
2019-08-06 16:19:30,397 [Worker-128] WARN  o.e.m.c.i.embedder.EclipseLogger - Using platform encoding (UTF-8 actually) to copy filtered resources, i.e. build is platform dependent!
2019-08-06 16:19:30,397 [Worker-128] INFO  o.e.m.c.i.embedder.EclipseLogger - skip non existing resourceDirectory /home/vagrant/Desktop/AVCOA/AV_generated/AV-java-federates/AV-impl-java/VCU/src/test/resources
2019-08-06 16:20:57,119 [Worker-126] WARN  o.e.m.c.i.embedder.EclipseLogger - Using platform encoding (UTF-8 actually) to copy filtered resources, i.e. build is platform dependent!
2019-08-06 16:20:57,124 [Worker-126] INFO  o.e.m.c.i.embedder.EclipseLogger - skip non existing resourceDirectory /home/vagrant/Desktop/AVCOA/AV_generated/AV-java-federates/AV-impl-java/VCU/src/main/resources
2019-08-06 16:20:57,126 [Worker-126] WARN  o.e.m.c.i.embedder.EclipseLogger - Using platform encoding (UTF-8 actually) to copy filtered resources, i.e. build is platform dependent!
2019-08-06 16:20:57,126 [Worker-126] INFO  o.e.m.c.i.embedder.EclipseLogger - skip non existing resourceDirectory /home/vagrant/Desktop/AVCOA/AV_generated/AV-java-federates/AV-impl-java/VCU/src/test/resources
2019-08-06 16:21:56,885 [Worker-126] WARN  o.e.m.c.i.embedder.EclipseLogger - Using platform encoding (UTF-8 actually) to copy filtered resources, i.e. build is platform dependent!
2019-08-06 16:21:56,886 [Worker-126] INFO  o.e.m.c.i.embedder.EclipseLogger - skip non existing resourceDirectory /home/vagrant/Desktop/AVCOA/AV_generated/AV-java-federates/AV-impl-java/BMS/src/main/resources
2019-08-06 16:21:56,887 [Worker-126] WARN  o.e.m.c.i.embedder.EclipseLogger - Using platform encoding (UTF-8 actually) to copy filtered resources, i.e. build is platform dependent!
2019-08-06 16:21:56,888 [Worker-126] INFO  o.e.m.c.i.embedder.EclipseLogger - skip non existing resourceDirectory /home/vagrant/Desktop/AVCOA/AV_generated/AV-java-federates/AV-impl-java/BMS/src/test/resources
2019-08-06 16:21:57,979 [Worker-129] WARN  o.e.m.c.i.embedder.EclipseLogger - Using platform encoding (UTF-8 actually) to copy filtered resources, i.e. build is platform dependent!
2019-08-06 16:21:57,980 [Worker-129] INFO  o.e.m.c.i.embedder.EclipseLogger - skip non existing resourceDirectory /home/vagrant/Desktop/AVCOA/AV_generated/AV-java-federates/AV-rti-java/src/main/resources
2019-08-06 16:21:57,981 [Worker-129] WARN  o.e.m.c.i.embedder.EclipseLogger - Using platform encoding (UTF-8 actually) to copy filtered resources, i.e. build is platform dependent!
2019-08-06 16:21:57,982 [Worker-129] INFO  o.e.m.c.i.embedder.EclipseLogger - skip non existing resourceDirectory /home/vagrant/Desktop/AVCOA/AV_generated/AV-java-federates/AV-rti-java/src/test/resources
2019-08-06 16:21:58,123 [Worker-129] WARN  o.e.m.c.i.embedder.EclipseLogger - Using platform encoding (UTF-8 actually) to copy filtered resources, i.e. build is platform dependent!
2019-08-06 16:21:58,124 [Worker-129] INFO  o.e.m.c.i.embedder.EclipseLogger - skip non existing resourceDirectory /home/vagrant/Desktop/AVCOA/AV_generated/AV-java-federates/AV-base-java/src/main/resources
2019-08-06 16:21:58,127 [Worker-129] WARN  o.e.m.c.i.embedder.EclipseLogger - Using platform encoding (UTF-8 actually) to copy filtered resources, i.e. build is platform dependent!
2019-08-06 16:21:58,128 [Worker-129] INFO  o.e.m.c.i.embedder.EclipseLogger - skip non existing resourceDirectory /home/vagrant/Desktop/AVCOA/AV_generated/AV-java-federates/AV-base-java/src/test/resources
2019-08-06 16:21:58,330 [Worker-129] WARN  o.e.m.c.i.embedder.EclipseLogger - Using platform encoding (UTF-8 actually) to copy filtered resources, i.e. build is platform dependent!
2019-08-06 16:21:58,331 [Worker-129] INFO  o.e.m.c.i.embedder.EclipseLogger - skip non existing resourceDirectory /home/vagrant/Desktop/AVCOA/AV_generated/AV-java-federates/AV-impl-java/BMS/src/main/resources
2019-08-06 16:21:58,333 [Worker-129] WARN  o.e.m.c.i.embedder.EclipseLogger - Using platform encoding (UTF-8 actually) to copy filtered resources, i.e. build is platform dependent!
2019-08-06 16:21:58,334 [Worker-129] INFO  o.e.m.c.i.embedder.EclipseLogger - skip non existing resourceDirectory /home/vagrant/Desktop/AVCOA/AV_generated/AV-java-federates/AV-impl-java/BMS/src/test/resources
2019-08-06 16:21:59,641 [Worker-127] WARN  o.e.m.c.i.embedder.EclipseLogger - Using platform encoding (UTF-8 actually) to copy filtered resources, i.e. build is platform dependent!
2019-08-06 16:21:59,642 [Worker-127] INFO  o.e.m.c.i.embedder.EclipseLogger - skip non existing resourceDirectory /home/vagrant/Desktop/AVCOA/AV_generated/AV-java-federates/AV-impl-java/BMS/src/main/resources
2019-08-06 16:21:59,643 [Worker-127] WARN  o.e.m.c.i.embedder.EclipseLogger - Using platform encoding (UTF-8 actually) to copy filtered resources, i.e. build is platform dependent!
2019-08-06 16:21:59,644 [Worker-127] INFO  o.e.m.c.i.embedder.EclipseLogger - skip non existing resourceDirectory /home/vagrant/Desktop/AVCOA/AV_generated/AV-java-federates/AV-impl-java/BMS/src/test/resources
2019-08-06 16:21:59,921 [Worker-127] WARN  o.e.m.c.i.embedder.EclipseLogger - Using platform encoding (UTF-8 actually) to copy filtered resources, i.e. build is platform dependent!
2019-08-06 16:21:59,921 [Worker-127] INFO  o.e.m.c.i.embedder.EclipseLogger - skip non existing resourceDirectory /home/vagrant/Desktop/AVCOA/AV_generated/AV-java-federates/AV-impl-java/VCU/src/main/resources
2019-08-06 16:21:59,923 [Worker-127] WARN  o.e.m.c.i.embedder.EclipseLogger - Using platform encoding (UTF-8 actually) to copy filtered resources, i.e. build is platform dependent!
2019-08-06 16:21:59,928 [Worker-127] INFO  o.e.m.c.i.embedder.EclipseLogger - skip non existing resourceDirectory /home/vagrant/Desktop/AVCOA/AV_generated/AV-java-federates/AV-impl-java/VCU/src/test/resources
2019-08-06 16:27:08,984 [Worker-126] WARN  o.e.m.c.i.embedder.EclipseLogger - Using platform encoding (UTF-8 actually) to copy filtered resources, i.e. build is platform dependent!
2019-08-06 16:27:08,985 [Worker-126] INFO  o.e.m.c.i.embedder.EclipseLogger - skip non existing resourceDirectory /home/vagrant/Desktop/AVCOA/AV_generated/AV-java-federates/AV-impl-java/BMS/src/main/resources
2019-08-06 16:27:08,987 [Worker-126] WARN  o.e.m.c.i.embedder.EclipseLogger - Using platform encoding (UTF-8 actually) to copy filtered resources, i.e. build is platform dependent!
2019-08-06 16:27:08,987 [Worker-126] INFO  o.e.m.c.i.embedder.EclipseLogger - skip non existing resourceDirectory /home/vagrant/Desktop/AVCOA/AV_generated/AV-java-federates/AV-impl-java/BMS/src/test/resources
2019-08-06 16:27:10,116 [Worker-128] WARN  o.e.m.c.i.embedder.EclipseLogger - Using platform encoding (UTF-8 actually) to copy filtered resources, i.e. build is platform dependent!
2019-08-06 16:27:10,117 [Worker-128] INFO  o.e.m.c.i.embedder.EclipseLogger - skip non existing resourceDirectory /home/vagrant/Desktop/AVCOA/AV_generated/AV-java-federates/AV-rti-java/src/main/resources
2019-08-06 16:27:10,118 [Worker-128] WARN  o.e.m.c.i.embedder.EclipseLogger - Using platform encoding (UTF-8 actually) to copy filtered resources, i.e. build is platform dependent!
2019-08-06 16:27:10,119 [Worker-128] INFO  o.e.m.c.i.embedder.EclipseLogger - skip non existing resourceDirectory /home/vagrant/Desktop/AVCOA/AV_generated/AV-java-federates/AV-rti-java/src/test/resources
2019-08-06 16:27:10,262 [Worker-128] WARN  o.e.m.c.i.embedder.EclipseLogger - Using platform encoding (UTF-8 actually) to copy filtered resources, i.e. build is platform dependent!
2019-08-06 16:27:10,263 [Worker-128] INFO  o.e.m.c.i.embedder.EclipseLogger - skip non existing resourceDirectory /home/vagrant/Desktop/AVCOA/AV_generated/AV-java-federates/AV-base-java/src/main/resources
2019-08-06 16:27:10,264 [Worker-128] WARN  o.e.m.c.i.embedder.EclipseLogger - Using platform encoding (UTF-8 actually) to copy filtered resources, i.e. build is platform dependent!
2019-08-06 16:27:10,265 [Worker-128] INFO  o.e.m.c.i.embedder.EclipseLogger - skip non existing resourceDirectory /home/vagrant/Desktop/AVCOA/AV_generated/AV-java-federates/AV-base-java/src/test/resources
2019-08-06 16:27:10,409 [Worker-128] WARN  o.e.m.c.i.embedder.EclipseLogger - Using platform encoding (UTF-8 actually) to copy filtered resources, i.e. build is platform dependent!
2019-08-06 16:27:10,409 [Worker-128] INFO  o.e.m.c.i.embedder.EclipseLogger - skip non existing resourceDirectory /home/vagrant/Desktop/AVCOA/AV_generated/AV-java-federates/AV-impl-java/BMS/src/main/resources
2019-08-06 16:27:10,411 [Worker-128] WARN  o.e.m.c.i.embedder.EclipseLogger - Using platform encoding (UTF-8 actually) to copy filtered resources, i.e. build is platform dependent!
2019-08-06 16:27:10,411 [Worker-128] INFO  o.e.m.c.i.embedder.EclipseLogger - skip non existing resourceDirectory /home/vagrant/Desktop/AVCOA/AV_generated/AV-java-federates/AV-impl-java/BMS/src/test/resources
2019-08-06 16:27:11,523 [Worker-127] WARN  o.e.m.c.i.embedder.EclipseLogger - Using platform encoding (UTF-8 actually) to copy filtered resources, i.e. build is platform dependent!
2019-08-06 16:27:11,524 [Worker-127] INFO  o.e.m.c.i.embedder.EclipseLogger - skip non existing resourceDirectory /home/vagrant/Desktop/AVCOA/AV_generated/AV-java-federates/AV-impl-java/BMS/src/main/resources
2019-08-06 16:27:11,525 [Worker-127] WARN  o.e.m.c.i.embedder.EclipseLogger - Using platform encoding (UTF-8 actually) to copy filtered resources, i.e. build is platform dependent!
2019-08-06 16:27:11,525 [Worker-127] INFO  o.e.m.c.i.embedder.EclipseLogger - skip non existing resourceDirectory /home/vagrant/Desktop/AVCOA/AV_generated/AV-java-federates/AV-impl-java/BMS/src/test/resources
2019-08-06 16:27:11,748 [Worker-127] WARN  o.e.m.c.i.embedder.EclipseLogger - Using platform encoding (UTF-8 actually) to copy filtered resources, i.e. build is platform dependent!
2019-08-06 16:27:11,748 [Worker-127] INFO  o.e.m.c.i.embedder.EclipseLogger - skip non existing resourceDirectory /home/vagrant/Desktop/AVCOA/AV_generated/AV-java-federates/AV-impl-java/VCU/src/main/resources
2019-08-06 16:27:11,750 [Worker-127] WARN  o.e.m.c.i.embedder.EclipseLogger - Using platform encoding (UTF-8 actually) to copy filtered resources, i.e. build is platform dependent!
2019-08-06 16:27:11,750 [Worker-127] INFO  o.e.m.c.i.embedder.EclipseLogger - skip non existing resourceDirectory /home/vagrant/Desktop/AVCOA/AV_generated/AV-java-federates/AV-impl-java/VCU/src/test/resources
2019-08-06 16:48:18,935 [Worker-134] WARN  o.e.m.c.i.embedder.EclipseLogger - Using platform encoding (UTF-8 actually) to copy filtered resources, i.e. build is platform dependent!
2019-08-06 16:48:18,936 [Worker-134] INFO  o.e.m.c.i.embedder.EclipseLogger - skip non existing resourceDirectory /home/vagrant/Desktop/AVCOA/AV_generated/AV-java-federates/AV-impl-java/BMS/src/main/resources
2019-08-06 16:48:18,938 [Worker-134] WARN  o.e.m.c.i.embedder.EclipseLogger - Using platform encoding (UTF-8 actually) to copy filtered resources, i.e. build is platform dependent!
2019-08-06 16:48:18,938 [Worker-134] INFO  o.e.m.c.i.embedder.EclipseLogger - skip non existing resourceDirectory /home/vagrant/Desktop/AVCOA/AV_generated/AV-java-federates/AV-impl-java/BMS/src/test/resources
2019-08-06 16:48:20,027 [Worker-131] WARN  o.e.m.c.i.embedder.EclipseLogger - Using platform encoding (UTF-8 actually) to copy filtered resources, i.e. build is platform dependent!
2019-08-06 16:48:20,028 [Worker-131] INFO  o.e.m.c.i.embedder.EclipseLogger - skip non existing resourceDirectory /home/vagrant/Desktop/AVCOA/AV_generated/AV-java-federates/AV-rti-java/src/main/resources
2019-08-06 16:48:20,029 [Worker-131] WARN  o.e.m.c.i.embedder.EclipseLogger - Using platform encoding (UTF-8 actually) to copy filtered resources, i.e. build is platform dependent!
2019-08-06 16:48:20,030 [Worker-131] INFO  o.e.m.c.i.embedder.EclipseLogger - skip non existing resourceDirectory /home/vagrant/Desktop/AVCOA/AV_generated/AV-java-federates/AV-rti-java/src/test/resources
2019-08-06 16:48:20,202 [Worker-131] WARN  o.e.m.c.i.embedder.EclipseLogger - Using platform encoding (UTF-8 actually) to copy filtered resources, i.e. build is platform dependent!
2019-08-06 16:48:20,203 [Worker-131] INFO  o.e.m.c.i.embedder.EclipseLogger - skip non existing resourceDirectory /home/vagrant/Desktop/AVCOA/AV_generated/AV-java-federates/AV-base-java/src/main/resources
2019-08-06 16:48:20,209 [Worker-131] WARN  o.e.m.c.i.embedder.EclipseLogger - Using platform encoding (UTF-8 actually) to copy filtered resources, i.e. build is platform dependent!
2019-08-06 16:48:20,211 [Worker-131] INFO  o.e.m.c.i.embedder.EclipseLogger - skip non existing resourceDirectory /home/vagrant/Desktop/AVCOA/AV_generated/AV-java-federates/AV-base-java/src/test/resources
2019-08-06 16:48:20,432 [Worker-131] WARN  o.e.m.c.i.embedder.EclipseLogger - Using platform encoding (UTF-8 actually) to copy filtered resources, i.e. build is platform dependent!
2019-08-06 16:48:20,434 [Worker-131] INFO  o.e.m.c.i.embedder.EclipseLogger - skip non existing resourceDirectory /home/vagrant/Desktop/AVCOA/AV_generated/AV-java-federates/AV-impl-java/BMS/src/main/resources
2019-08-06 16:48:20,436 [Worker-131] WARN  o.e.m.c.i.embedder.EclipseLogger - Using platform encoding (UTF-8 actually) to copy filtered resources, i.e. build is platform dependent!
2019-08-06 16:48:20,437 [Worker-131] INFO  o.e.m.c.i.embedder.EclipseLogger - skip non existing resourceDirectory /home/vagrant/Desktop/AVCOA/AV_generated/AV-java-federates/AV-impl-java/BMS/src/test/resources
2019-08-06 16:48:23,847 [Worker-139] WARN  o.e.m.c.i.embedder.EclipseLogger - Using platform encoding (UTF-8 actually) to copy filtered resources, i.e. build is platform dependent!
2019-08-06 16:48:23,847 [Worker-139] INFO  o.e.m.c.i.embedder.EclipseLogger - skip non existing resourceDirectory /home/vagrant/Desktop/AVCOA/AV_generated/AV-java-federates/AV-impl-java/BMS/src/main/resources
2019-08-06 16:48:23,849 [Worker-139] WARN  o.e.m.c.i.embedder.EclipseLogger - Using platform encoding (UTF-8 actually) to copy filtered resources, i.e. build is platform dependent!
2019-08-06 16:48:23,849 [Worker-139] INFO  o.e.m.c.i.embedder.EclipseLogger - skip non existing resourceDirectory /home/vagrant/Desktop/AVCOA/AV_generated/AV-java-federates/AV-impl-java/BMS/src/test/resources
2019-08-06 16:48:24,013 [Worker-139] WARN  o.e.m.c.i.embedder.EclipseLogger - Using platform encoding (UTF-8 actually) to copy filtered resources, i.e. build is platform dependent!
2019-08-06 16:48:24,013 [Worker-139] INFO  o.e.m.c.i.embedder.EclipseLogger - skip non existing resourceDirectory /home/vagrant/Desktop/AVCOA/AV_generated/AV-java-federates/AV-impl-java/VCU/src/main/resources
2019-08-06 16:48:24,015 [Worker-139] WARN  o.e.m.c.i.embedder.EclipseLogger - Using platform encoding (UTF-8 actually) to copy filtered resources, i.e. build is platform dependent!
2019-08-06 16:48:24,015 [Worker-139] INFO  o.e.m.c.i.embedder.EclipseLogger - skip non existing resourceDirectory /home/vagrant/Desktop/AVCOA/AV_generated/AV-java-federates/AV-impl-java/VCU/src/test/resources
2019-08-06 16:56:24,272 [Worker-140] WARN  o.e.m.c.i.embedder.EclipseLogger - Using platform encoding (UTF-8 actually) to copy filtered resources, i.e. build is platform dependent!
2019-08-06 16:56:24,273 [Worker-140] INFO  o.e.m.c.i.embedder.EclipseLogger - skip non existing resourceDirectory /home/vagrant/Desktop/AVCOA/AV_generated/AV-java-federates/AV-impl-java/BMS/src/main/resources
2019-08-06 16:56:24,275 [Worker-140] WARN  o.e.m.c.i.embedder.EclipseLogger - Using platform encoding (UTF-8 actually) to copy filtered resources, i.e. build is platform dependent!
2019-08-06 16:56:24,275 [Worker-140] INFO  o.e.m.c.i.embedder.EclipseLogger - skip non existing resourceDirectory /home/vagrant/Desktop/AVCOA/AV_generated/AV-java-federates/AV-impl-java/BMS/src/test/resources
2019-08-06 16:56:25,394 [Worker-139] WARN  o.e.m.c.i.embedder.EclipseLogger - Using platform encoding (UTF-8 actually) to copy filtered resources, i.e. build is platform dependent!
2019-08-06 16:56:25,395 [Worker-139] INFO  o.e.m.c.i.embedder.EclipseLogger - skip non existing resourceDirectory /home/vagrant/Desktop/AVCOA/AV_generated/AV-java-federates/AV-rti-java/src/main/resources
2019-08-06 16:56:25,396 [Worker-139] WARN  o.e.m.c.i.embedder.EclipseLogger - Using platform encoding (UTF-8 actually) to copy filtered resources, i.e. build is platform dependent!
2019-08-06 16:56:25,397 [Worker-139] INFO  o.e.m.c.i.embedder.EclipseLogger - skip non existing resourceDirectory /home/vagrant/Desktop/AVCOA/AV_generated/AV-java-federates/AV-rti-java/src/test/resources
2019-08-06 16:56:25,510 [Worker-139] WARN  o.e.m.c.i.embedder.EclipseLogger - Using platform encoding (UTF-8 actually) to copy filtered resources, i.e. build is platform dependent!
2019-08-06 16:56:25,510 [Worker-139] INFO  o.e.m.c.i.embedder.EclipseLogger - skip non existing resourceDirectory /home/vagrant/Desktop/AVCOA/AV_generated/AV-java-federates/AV-base-java/src/main/resources
2019-08-06 16:56:25,512 [Worker-139] WARN  o.e.m.c.i.embedder.EclipseLogger - Using platform encoding (UTF-8 actually) to copy filtered resources, i.e. build is platform dependent!
2019-08-06 16:56:25,512 [Worker-139] INFO  o.e.m.c.i.embedder.EclipseLogger - skip non existing resourceDirectory /home/vagrant/Desktop/AVCOA/AV_generated/AV-java-federates/AV-base-java/src/test/resources
2019-08-06 16:56:25,711 [Worker-139] WARN  o.e.m.c.i.embedder.EclipseLogger - Using platform encoding (UTF-8 actually) to copy filtered resources, i.e. build is platform dependent!
2019-08-06 16:56:25,711 [Worker-139] INFO  o.e.m.c.i.embedder.EclipseLogger - skip non existing resourceDirectory /home/vagrant/Desktop/AVCOA/AV_generated/AV-java-federates/AV-impl-java/BMS/src/main/resources
2019-08-06 16:56:25,712 [Worker-139] WARN  o.e.m.c.i.embedder.EclipseLogger - Using platform encoding (UTF-8 actually) to copy filtered resources, i.e. build is platform dependent!
2019-08-06 16:56:25,713 [Worker-139] INFO  o.e.m.c.i.embedder.EclipseLogger - skip non existing resourceDirectory /home/vagrant/Desktop/AVCOA/AV_generated/AV-java-federates/AV-impl-java/BMS/src/test/resources
2019-08-06 16:56:26,889 [Worker-139] WARN  o.e.m.c.i.embedder.EclipseLogger - Using platform encoding (UTF-8 actually) to copy filtered resources, i.e. build is platform dependent!
2019-08-06 16:56:26,889 [Worker-139] INFO  o.e.m.c.i.embedder.EclipseLogger - skip non existing resourceDirectory /home/vagrant/Desktop/AVCOA/AV_generated/AV-java-federates/AV-impl-java/BMS/src/main/resources
2019-08-06 16:56:26,891 [Worker-139] WARN  o.e.m.c.i.embedder.EclipseLogger - Using platform encoding (UTF-8 actually) to copy filtered resources, i.e. build is platform dependent!
2019-08-06 16:56:26,891 [Worker-139] INFO  o.e.m.c.i.embedder.EclipseLogger - skip non existing resourceDirectory /home/vagrant/Desktop/AVCOA/AV_generated/AV-java-federates/AV-impl-java/BMS/src/test/resources
2019-08-06 16:56:27,050 [Worker-139] WARN  o.e.m.c.i.embedder.EclipseLogger - Using platform encoding (UTF-8 actually) to copy filtered resources, i.e. build is platform dependent!
2019-08-06 16:56:27,054 [Worker-139] INFO  o.e.m.c.i.embedder.EclipseLogger - skip non existing resourceDirectory /home/vagrant/Desktop/AVCOA/AV_generated/AV-java-federates/AV-impl-java/VCU/src/main/resources
2019-08-06 16:56:27,056 [Worker-139] WARN  o.e.m.c.i.embedder.EclipseLogger - Using platform encoding (UTF-8 actually) to copy filtered resources, i.e. build is platform dependent!
2019-08-06 16:56:27,056 [Worker-139] INFO  o.e.m.c.i.embedder.EclipseLogger - skip non existing resourceDirectory /home/vagrant/Desktop/AVCOA/AV_generated/AV-java-federates/AV-impl-java/VCU/src/test/resources
2019-08-06 17:02:16,889 [Worker-140] WARN  o.e.m.c.i.embedder.EclipseLogger - Using platform encoding (UTF-8 actually) to copy filtered resources, i.e. build is platform dependent!
2019-08-06 17:02:16,889 [Worker-140] INFO  o.e.m.c.i.embedder.EclipseLogger - skip non existing resourceDirectory /home/vagrant/Desktop/AVCOA/AV_generated/AV-java-federates/AV-impl-java/BMS/src/main/resources
2019-08-06 17:02:16,890 [Worker-140] WARN  o.e.m.c.i.embedder.EclipseLogger - Using platform encoding (UTF-8 actually) to copy filtered resources, i.e. build is platform dependent!
2019-08-06 17:02:16,891 [Worker-140] INFO  o.e.m.c.i.embedder.EclipseLogger - skip non existing resourceDirectory /home/vagrant/Desktop/AVCOA/AV_generated/AV-java-federates/AV-impl-java/BMS/src/test/resources
2019-08-06 17:02:18,005 [Worker-131] WARN  o.e.m.c.i.embedder.EclipseLogger - Using platform encoding (UTF-8 actually) to copy filtered resources, i.e. build is platform dependent!
2019-08-06 17:02:18,005 [Worker-131] INFO  o.e.m.c.i.embedder.EclipseLogger - skip non existing resourceDirectory /home/vagrant/Desktop/AVCOA/AV_generated/AV-java-federates/AV-rti-java/src/main/resources
2019-08-06 17:02:18,007 [Worker-131] WARN  o.e.m.c.i.embedder.EclipseLogger - Using platform encoding (UTF-8 actually) to copy filtered resources, i.e. build is platform dependent!
2019-08-06 17:02:18,007 [Worker-131] INFO  o.e.m.c.i.embedder.EclipseLogger - skip non existing resourceDirectory /home/vagrant/Desktop/AVCOA/AV_generated/AV-java-federates/AV-rti-java/src/test/resources
2019-08-06 17:02:18,216 [Worker-131] WARN  o.e.m.c.i.embedder.EclipseLogger - Using platform encoding (UTF-8 actually) to copy filtered resources, i.e. build is platform dependent!
2019-08-06 17:02:18,216 [Worker-131] INFO  o.e.m.c.i.embedder.EclipseLogger - skip non existing resourceDirectory /home/vagrant/Desktop/AVCOA/AV_generated/AV-java-federates/AV-base-java/src/main/resources
2019-08-06 17:02:18,218 [Worker-131] WARN  o.e.m.c.i.embedder.EclipseLogger - Using platform encoding (UTF-8 actually) to copy filtered resources, i.e. build is platform dependent!
2019-08-06 17:02:18,219 [Worker-131] INFO  o.e.m.c.i.embedder.EclipseLogger - skip non existing resourceDirectory /home/vagrant/Desktop/AVCOA/AV_generated/AV-java-federates/AV-base-java/src/test/resources
2019-08-06 17:02:18,342 [Worker-131] WARN  o.e.m.c.i.embedder.EclipseLogger - Using platform encoding (UTF-8 actually) to copy filtered resources, i.e. build is platform dependent!
2019-08-06 17:02:18,343 [Worker-131] INFO  o.e.m.c.i.embedder.EclipseLogger - skip non existing resourceDirectory /home/vagrant/Desktop/AVCOA/AV_generated/AV-java-federates/AV-impl-java/BMS/src/main/resources
2019-08-06 17:02:18,345 [Worker-131] WARN  o.e.m.c.i.embedder.EclipseLogger - Using platform encoding (UTF-8 actually) to copy filtered resources, i.e. build is platform dependent!
2019-08-06 17:02:18,345 [Worker-131] INFO  o.e.m.c.i.embedder.EclipseLogger - skip non existing resourceDirectory /home/vagrant/Desktop/AVCOA/AV_generated/AV-java-federates/AV-impl-java/BMS/src/test/resources
2019-08-06 17:02:20,727 [Worker-140] WARN  o.e.m.c.i.embedder.EclipseLogger - Using platform encoding (UTF-8 actually) to copy filtered resources, i.e. build is platform dependent!
2019-08-06 17:02:20,727 [Worker-140] INFO  o.e.m.c.i.embedder.EclipseLogger - skip non existing resourceDirectory /home/vagrant/Desktop/AVCOA/AV_generated/AV-java-federates/AV-impl-java/BMS/src/main/resources
2019-08-06 17:02:20,729 [Worker-140] WARN  o.e.m.c.i.embedder.EclipseLogger - Using platform encoding (UTF-8 actually) to copy filtered resources, i.e. build is platform dependent!
2019-08-06 17:02:20,729 [Worker-140] INFO  o.e.m.c.i.embedder.EclipseLogger - skip non existing resourceDirectory /home/vagrant/Desktop/AVCOA/AV_generated/AV-java-federates/AV-impl-java/BMS/src/test/resources
2019-08-06 17:02:20,923 [Worker-140] WARN  o.e.m.c.i.embedder.EclipseLogger - Using platform encoding (UTF-8 actually) to copy filtered resources, i.e. build is platform dependent!
2019-08-06 17:02:20,924 [Worker-140] INFO  o.e.m.c.i.embedder.EclipseLogger - skip non existing resourceDirectory /home/vagrant/Desktop/AVCOA/AV_generated/AV-java-federates/AV-impl-java/VCU/src/main/resources
2019-08-06 17:02:20,926 [Worker-140] WARN  o.e.m.c.i.embedder.EclipseLogger - Using platform encoding (UTF-8 actually) to copy filtered resources, i.e. build is platform dependent!
2019-08-06 17:02:20,927 [Worker-140] INFO  o.e.m.c.i.embedder.EclipseLogger - skip non existing resourceDirectory /home/vagrant/Desktop/AVCOA/AV_generated/AV-java-federates/AV-impl-java/VCU/src/test/resources
2019-08-06 17:02:23,879 [Worker-140] WARN  o.e.m.c.i.embedder.EclipseLogger - Using platform encoding (UTF-8 actually) to copy filtered resources, i.e. build is platform dependent!
2019-08-06 17:02:23,880 [Worker-140] INFO  o.e.m.c.i.embedder.EclipseLogger - skip non existing resourceDirectory /home/vagrant/Desktop/AVCOA/AV_generated/AV-java-federates/AV-impl-java/BMS/src/main/resources
2019-08-06 17:02:23,881 [Worker-140] WARN  o.e.m.c.i.embedder.EclipseLogger - Using platform encoding (UTF-8 actually) to copy filtered resources, i.e. build is platform dependent!
2019-08-06 17:02:23,882 [Worker-140] INFO  o.e.m.c.i.embedder.EclipseLogger - skip non existing resourceDirectory /home/vagrant/Desktop/AVCOA/AV_generated/AV-java-federates/AV-impl-java/BMS/src/test/resources
